"2019-08-20 08:46:10,077 - data_io.py[line:82] - INFO: start to read dense data and change data to instance"
"2019-08-20 08:46:10,205 - data_io.py[line:82] - INFO: start to read dense data and change data to instance"
"2019-08-20 08:46:11,778 - data_io.py[line:116] - INFO: id:0, date_instanceid:None, data_instancefeatures:[ 1.097064 -2.073335  1.269934  0.984375  1.568466  3.283515  2.652874
  2.532475  2.217515  2.255747  2.489734 -0.565265  2.833031  2.487578
 -0.214002  1.316862  0.724026  0.66082   1.148757  0.907083], shape:<class 'numpy.ndarray'>"
"2019-08-20 08:46:11,779 - data_io.py[line:116] - INFO: id:1, date_instanceid:None, data_instancefeatures:[ 1.829821e+00 -3.536320e-01  1.685955e+00  1.908708e+00 -8.269620e-01
 -4.870720e-01 -2.384600e-02  5.481440e-01  1.392000e-03 -8.686520e-01
  4.992550e-01 -8.762440e-01  2.633270e-01  7.424020e-01 -6.053510e-01
 -6.929260e-01 -4.407800e-01  2.601620e-01 -8.054500e-01 -9.944400e-02], shape:<class 'numpy.ndarray'>"
"2019-08-20 08:46:11,779 - data_io.py[line:116] - INFO: id:3, date_instanceid:None, data_instancefeatures:[-0.768909  0.253732 -0.592687 -0.764464  3.283553  3.402909  1.915897
  1.451707  2.867383  4.910919  0.326373 -0.110409  0.286593 -0.288378
  0.689702  2.74428   0.819518  1.115007  4.73268   2.047511], shape:<class 'numpy.ndarray'>"
"2019-08-20 08:46:11,780 - data_io.py[line:116] - INFO: id:4, date_instanceid:None, data_instancefeatures:[ 1.750297 -1.151816  1.776573  1.826229  0.280372  0.53934   1.371011
  1.428493 -0.00956  -0.56245   1.270543 -0.790244  1.273189  1.190357
  1.483067 -0.04852   0.828471  1.144205 -0.361092  0.499328], shape:<class 'numpy.ndarray'>"
"2019-08-20 08:46:11,780 - data_io.py[line:121] - INFO: data_type:float64"
"2019-08-20 08:46:11,834 - data_io.py[line:116] - INFO: id:1, date_instanceid:None, data_instancefeatures:[ 1.805927 -0.369203  1.535126  1.890489 -0.375612 -0.430444 -0.146749
  1.087084 -0.24389   0.28119 ], shape:<class 'numpy.ndarray'>"
"2019-08-20 08:46:11,834 - data_io.py[line:116] - INFO: id:2, date_instanceid:None, data_instancefeatures:[ 1.51187  -0.023974  1.347475  1.456285  0.527407  1.082932  0.854974
  1.955     1.152255  0.201391], shape:<class 'numpy.ndarray'>"
"2019-08-20 08:46:11,834 - data_io.py[line:116] - INFO: id:3, date_instanceid:None, data_instancefeatures:[-0.281464  0.133984 -0.249939 -0.550021  3.394275  3.893397  1.989588
  2.175786  6.046041  4.93501 ], shape:<class 'numpy.ndarray'>"
"2019-08-20 08:46:11,835 - data_io.py[line:116] - INFO: id:4, date_instanceid:None, data_instancefeatures:[ 1.298575 -1.46677   1.338539  1.220724  0.220556 -0.313395  0.613179
  0.729259 -0.868353 -0.3971  ], shape:<class 'numpy.ndarray'>"
"2019-08-20 08:46:11,835 - data_io.py[line:121] - INFO: data_type:float64"
"2019-08-20 08:46:12,621 - data_io.py[line:82] - INFO: start to read dense data and change data to instance"
"2019-08-20 08:46:12,655 - data_io.py[line:82] - INFO: start to read dense data and change data to instance"
"2019-08-20 08:46:13,813 - data_io.py[line:116] - INFO: id:0, date_instanceid:None, data_instancefeatures:[ 1.097064 -2.073335  1.269934  0.984375  1.568466  3.283515  2.652874
  2.532475  2.217515  2.255747  2.489734 -0.565265  2.833031  2.487578
 -0.214002  1.316862  0.724026  0.66082   1.148757  0.907083], shape:<class 'numpy.ndarray'>"
"2019-08-20 08:46:13,814 - data_io.py[line:116] - INFO: id:1, date_instanceid:None, data_instancefeatures:[ 1.829821e+00 -3.536320e-01  1.685955e+00  1.908708e+00 -8.269620e-01
 -4.870720e-01 -2.384600e-02  5.481440e-01  1.392000e-03 -8.686520e-01
  4.992550e-01 -8.762440e-01  2.633270e-01  7.424020e-01 -6.053510e-01
 -6.929260e-01 -4.407800e-01  2.601620e-01 -8.054500e-01 -9.944400e-02], shape:<class 'numpy.ndarray'>"
"2019-08-20 08:46:13,815 - data_io.py[line:116] - INFO: id:3, date_instanceid:None, data_instancefeatures:[-0.768909  0.253732 -0.592687 -0.764464  3.283553  3.402909  1.915897
  1.451707  2.867383  4.910919  0.326373 -0.110409  0.286593 -0.288378
  0.689702  2.74428   0.819518  1.115007  4.73268   2.047511], shape:<class 'numpy.ndarray'>"
"2019-08-20 08:46:13,815 - data_io.py[line:116] - INFO: id:4, date_instanceid:None, data_instancefeatures:[ 1.750297 -1.151816  1.776573  1.826229  0.280372  0.53934   1.371011
  1.428493 -0.00956  -0.56245   1.270543 -0.790244  1.273189  1.190357
  1.483067 -0.04852   0.828471  1.144205 -0.361092  0.499328], shape:<class 'numpy.ndarray'>"
"2019-08-20 08:46:13,815 - data_io.py[line:121] - INFO: data_type:float64"
"2019-08-20 08:46:14,046 - data_io.py[line:116] - INFO: id:1, date_instanceid:None, data_instancefeatures:[ 1.805927 -0.369203  1.535126  1.890489 -0.375612 -0.430444 -0.146749
  1.087084 -0.24389   0.28119 ], shape:<class 'numpy.ndarray'>"
"2019-08-20 08:46:14,046 - data_io.py[line:116] - INFO: id:2, date_instanceid:None, data_instancefeatures:[ 1.51187  -0.023974  1.347475  1.456285  0.527407  1.082932  0.854974
  1.955     1.152255  0.201391], shape:<class 'numpy.ndarray'>"
"2019-08-20 08:46:14,047 - data_io.py[line:116] - INFO: id:3, date_instanceid:None, data_instancefeatures:[-0.281464  0.133984 -0.249939 -0.550021  3.394275  3.893397  1.989588
  2.175786  6.046041  4.93501 ], shape:<class 'numpy.ndarray'>"
"2019-08-20 08:46:14,047 - data_io.py[line:116] - INFO: id:4, date_instanceid:None, data_instancefeatures:[ 1.298575 -1.46677   1.338539  1.220724  0.220556 -0.313395  0.613179
  0.729259 -0.868353 -0.3971  ], shape:<class 'numpy.ndarray'>"
"2019-08-20 08:46:14,047 - data_io.py[line:121] - INFO: data_type:float64"
