"2019-08-20 08:46:10,788 - federation.py[line:124] - DEBUG: [REMOTE] Sent hetero_logistic_regression_example_standalone_20190820084603-HeteroLRTransferVariable.paillier_pubkey-HeteroLRTransferVariable.paillier_pubkey.0-arbiter-10000-host-9999"
"2019-08-20 08:46:10,887 - federation.py[line:124] - DEBUG: [REMOTE] Sent hetero_logistic_regression_example_standalone_20190820084603-HeteroLRTransferVariable.paillier_pubkey-HeteroLRTransferVariable.paillier_pubkey.0-arbiter-10000-guest-10000"
"2019-08-20 08:46:10,887 - federation.py[line:145] - DEBUG: [GET] arbiter 10000 getting remote object HeteroLRTransferVariable.batch_info.0 from guest [10000]"
"2019-08-20 08:46:17,397 - federation.py[line:124] - DEBUG: [REMOTE] Sent hetero_logistic_regression_example_standalone_20190820084603-RawIntersectTransferVariable.send_ids_host-RawIntersectTransferVariable.send_ids_host.train_0-host-9999-guest-10000"
"2019-08-20 08:46:17,397 - federation.py[line:145] - DEBUG: [GET] host 9999 getting remote object RawIntersectTransferVariable.intersect_ids_guest.train_0 from guest [10000]"
"2019-08-20 08:46:17,654 - federation.py[line:145] - DEBUG: [GET] guest 10000 getting remote object RawIntersectTransferVariable.send_ids_host.train_0 from host [9999]"
"2019-08-20 08:46:17,655 - federation.py[line:46] - DEBUG: [GET] Got hetero_logistic_regression_example_standalone_20190820084603-RawIntersectTransferVariable.send_ids_host-RawIntersectTransferVariable.send_ids_host.train_0-host-9999-guest-10000 type Table"
"2019-08-20 08:46:17,800 - federation.py[line:46] - DEBUG: [GET] Got hetero_logistic_regression_example_standalone_20190820084603-RawIntersectTransferVariable.intersect_ids_guest-RawIntersectTransferVariable.intersect_ids_guest.train_0-guest-10000-host-9999 type Table"
"2019-08-20 08:46:17,807 - federation.py[line:124] - DEBUG: [REMOTE] Sent hetero_logistic_regression_example_standalone_20190820084603-RawIntersectTransferVariable.intersect_ids_guest-RawIntersectTransferVariable.intersect_ids_guest.train_0-guest-10000-host-9999"
"2019-08-20 08:46:24,732 - federation.py[line:124] - DEBUG: [REMOTE] Sent hetero_logistic_regression_example_standalone_20190820084603-RawIntersectTransferVariable.send_ids_host-RawIntersectTransferVariable.send_ids_host.predict_0-host-9999-guest-10000"
"2019-08-20 08:46:24,733 - federation.py[line:145] - DEBUG: [GET] host 9999 getting remote object RawIntersectTransferVariable.intersect_ids_guest.predict_0 from guest [10000]"
"2019-08-20 08:46:24,902 - federation.py[line:145] - DEBUG: [GET] guest 10000 getting remote object RawIntersectTransferVariable.send_ids_host.predict_0 from host [9999]"
"2019-08-20 08:46:24,902 - federation.py[line:46] - DEBUG: [GET] Got hetero_logistic_regression_example_standalone_20190820084603-RawIntersectTransferVariable.send_ids_host-RawIntersectTransferVariable.send_ids_host.predict_0-host-9999-guest-10000 type Table"
"2019-08-20 08:46:25,079 - federation.py[line:124] - DEBUG: [REMOTE] Sent hetero_logistic_regression_example_standalone_20190820084603-RawIntersectTransferVariable.intersect_ids_guest-RawIntersectTransferVariable.intersect_ids_guest.predict_0-guest-10000-host-9999"
"2019-08-20 08:46:25,135 - federation.py[line:46] - DEBUG: [GET] Got hetero_logistic_regression_example_standalone_20190820084603-RawIntersectTransferVariable.intersect_ids_guest-RawIntersectTransferVariable.intersect_ids_guest.predict_0-guest-10000-host-9999 type Table"
"2019-08-20 08:46:28,368 - federation.py[line:145] - DEBUG: [GET] host 9999 getting remote object HeteroLRTransferVariable.paillier_pubkey.0 from arbiter [10000]"
"2019-08-20 08:46:28,368 - federation.py[line:46] - DEBUG: [GET] Got hetero_logistic_regression_example_standalone_20190820084603-HeteroLRTransferVariable.paillier_pubkey-HeteroLRTransferVariable.paillier_pubkey.0-arbiter-10000-host-9999 type Object"
"2019-08-20 08:46:28,370 - federation.py[line:145] - DEBUG: [GET] host 9999 getting remote object HeteroLRTransferVariable.batch_info.0 from guest [10000]"
"2019-08-20 08:46:28,409 - federation.py[line:145] - DEBUG: [GET] guest 10000 getting remote object HeteroLRTransferVariable.paillier_pubkey.0 from arbiter [10000]"
"2019-08-20 08:46:28,410 - federation.py[line:46] - DEBUG: [GET] Got hetero_logistic_regression_example_standalone_20190820084603-HeteroLRTransferVariable.paillier_pubkey-HeteroLRTransferVariable.paillier_pubkey.0-arbiter-10000-guest-10000 type Object"
"2019-08-20 08:46:29,375 - federation.py[line:46] - DEBUG: [GET] Got hetero_logistic_regression_example_standalone_20190820084603-HeteroLRTransferVariable.batch_info-HeteroLRTransferVariable.batch_info.0-guest-10000-host-9999 type Object"
"2019-08-20 08:46:29,377 - federation.py[line:145] - DEBUG: [GET] host 9999 getting remote object HeteroLRTransferVariable.batch_data_index.0.0.0 from guest [10000]"
"2019-08-20 08:46:29,386 - federation.py[line:124] - DEBUG: [REMOTE] Sent hetero_logistic_regression_example_standalone_20190820084603-HeteroLRTransferVariable.batch_info-HeteroLRTransferVariable.batch_info.0-guest-10000-host-9999"
"2019-08-20 08:46:29,453 - federation.py[line:124] - DEBUG: [REMOTE] Sent hetero_logistic_regression_example_standalone_20190820084603-HeteroLRTransferVariable.batch_info-HeteroLRTransferVariable.batch_info.0-guest-10000-arbiter-10000"
"2019-08-20 08:46:29,463 - federation.py[line:46] - DEBUG: [GET] Got hetero_logistic_regression_example_standalone_20190820084603-HeteroLRTransferVariable.batch_info-HeteroLRTransferVariable.batch_info.0-guest-10000-arbiter-10000 type Object"
"2019-08-20 08:46:29,464 - federation.py[line:145] - DEBUG: [GET] arbiter 10000 getting remote object HeteroLRTransferVariable.host_gradient.0.0.0 from host [9999]"
"2019-08-20 08:46:29,478 - federation.py[line:46] - DEBUG: [GET] Got hetero_logistic_regression_example_standalone_20190820084603-HeteroLRTransferVariable.batch_data_index-HeteroLRTransferVariable.batch_data_index.0.0.0-guest-10000-host-9999 type Table"
"2019-08-20 08:46:29,486 - federation.py[line:124] - DEBUG: [REMOTE] Sent hetero_logistic_regression_example_standalone_20190820084603-HeteroLRTransferVariable.batch_data_index-HeteroLRTransferVariable.batch_data_index.0.0.0-guest-10000-host-9999"
"2019-08-20 08:46:37,253 - federation.py[line:124] - DEBUG: [REMOTE] Sent hetero_logistic_regression_example_standalone_20190820084603-HeteroLRTransferVariable.host_forward_dict-HeteroLRTransferVariable.host_forward_dict.0.0.0-host-9999-guest-10000"
"2019-08-20 08:46:37,253 - federation.py[line:145] - DEBUG: [GET] host 9999 getting remote object HeteroLRTransferVariable.fore_gradient.0.0.0 from guest [10000]"
"2019-08-20 08:46:37,734 - federation.py[line:145] - DEBUG: [GET] guest 10000 getting remote object HeteroLRTransferVariable.host_forward_dict.0.0.0 from host [9999]"
"2019-08-20 08:46:37,735 - federation.py[line:46] - DEBUG: [GET] Got hetero_logistic_regression_example_standalone_20190820084603-HeteroLRTransferVariable.host_forward_dict-HeteroLRTransferVariable.host_forward_dict.0.0.0-host-9999-guest-10000 type Table"
"2019-08-20 08:46:38,948 - federation.py[line:124] - DEBUG: [REMOTE] Sent hetero_logistic_regression_example_standalone_20190820084603-HeteroLRTransferVariable.fore_gradient-HeteroLRTransferVariable.fore_gradient.0.0.0-guest-10000-host-9999"
"2019-08-20 08:46:38,961 - federation.py[line:46] - DEBUG: [GET] Got hetero_logistic_regression_example_standalone_20190820084603-HeteroLRTransferVariable.fore_gradient-HeteroLRTransferVariable.fore_gradient.0.0.0-guest-10000-host-9999 type Table"
"2019-08-20 08:46:40,950 - federation.py[line:124] - DEBUG: [REMOTE] Sent hetero_logistic_regression_example_standalone_20190820084603-HeteroLRTransferVariable.host_loss_regular-HeteroLRTransferVariable.host_loss_regular.0.0.0-host-9999-guest-10000"
"2019-08-20 08:46:41,513 - federation.py[line:46] - DEBUG: [GET] Got hetero_logistic_regression_example_standalone_20190820084603-HeteroLRTransferVariable.host_gradient-HeteroLRTransferVariable.host_gradient.0.0.0-host-9999-arbiter-10000 type Object"
"2019-08-20 08:46:41,514 - federation.py[line:145] - DEBUG: [GET] arbiter 10000 getting remote object HeteroLRTransferVariable.guest_gradient.0.0.0 from guest [10000]"
"2019-08-20 08:46:41,534 - federation.py[line:124] - DEBUG: [REMOTE] Sent hetero_logistic_regression_example_standalone_20190820084603-HeteroLRTransferVariable.host_gradient-HeteroLRTransferVariable.host_gradient.0.0.0-host-9999-arbiter-10000"
"2019-08-20 08:46:41,535 - federation.py[line:145] - DEBUG: [GET] host 9999 getting remote object HeteroLRTransferVariable.host_optim_gradient.0.0.0 from arbiter [10000]"
"2019-08-20 08:46:43,264 - federation.py[line:124] - DEBUG: [REMOTE] Sent hetero_logistic_regression_example_standalone_20190820084603-HeteroLRTransferVariable.guest_gradient-HeteroLRTransferVariable.guest_gradient.0.0.0-guest-10000-arbiter-10000"
"2019-08-20 08:46:43,264 - federation.py[line:145] - DEBUG: [GET] guest 10000 getting remote object HeteroLRTransferVariable.guest_optim_gradient.0.0.0 from arbiter [10000]"
"2019-08-20 08:46:43,322 - federation.py[line:46] - DEBUG: [GET] Got hetero_logistic_regression_example_standalone_20190820084603-HeteroLRTransferVariable.guest_gradient-HeteroLRTransferVariable.guest_gradient.0.0.0-guest-10000-arbiter-10000 type Object"
"2019-08-20 08:46:43,375 - federation.py[line:124] - DEBUG: [REMOTE] Sent hetero_logistic_regression_example_standalone_20190820084603-HeteroLRTransferVariable.host_optim_gradient-HeteroLRTransferVariable.host_optim_gradient.0.0.0-arbiter-10000-host-9999"
"2019-08-20 08:46:43,407 - federation.py[line:124] - DEBUG: [REMOTE] Sent hetero_logistic_regression_example_standalone_20190820084603-HeteroLRTransferVariable.guest_optim_gradient-HeteroLRTransferVariable.guest_optim_gradient.0.0.0-arbiter-10000-guest-10000"
"2019-08-20 08:46:43,407 - federation.py[line:145] - DEBUG: [GET] arbiter 10000 getting remote object HeteroLRTransferVariable.loss.0.0.0 from guest [10000]"
"2019-08-20 08:46:43,443 - federation.py[line:46] - DEBUG: [GET] Got hetero_logistic_regression_example_standalone_20190820084603-HeteroLRTransferVariable.host_optim_gradient-HeteroLRTransferVariable.host_optim_gradient.0.0.0-arbiter-10000-host-9999 type Object"
"2019-08-20 08:46:43,466 - federation.py[line:46] - DEBUG: [GET] Got hetero_logistic_regression_example_standalone_20190820084603-HeteroLRTransferVariable.guest_optim_gradient-HeteroLRTransferVariable.guest_optim_gradient.0.0.0-arbiter-10000-guest-10000 type Object"
"2019-08-20 08:46:43,467 - federation.py[line:145] - DEBUG: [GET] guest 10000 getting remote object HeteroLRTransferVariable.host_loss_regular.0.0.0 from host [9999]"
"2019-08-20 08:46:43,468 - federation.py[line:46] - DEBUG: [GET] Got hetero_logistic_regression_example_standalone_20190820084603-HeteroLRTransferVariable.host_loss_regular-HeteroLRTransferVariable.host_loss_regular.0.0.0-host-9999-guest-10000 type Object"
"2019-08-20 08:46:43,522 - federation.py[line:124] - DEBUG: [REMOTE] Sent hetero_logistic_regression_example_standalone_20190820084603-HeteroLRTransferVariable.loss-HeteroLRTransferVariable.loss.0.0.0-guest-10000-arbiter-10000"
"2019-08-20 08:46:43,608 - federation.py[line:46] - DEBUG: [GET] Got hetero_logistic_regression_example_standalone_20190820084603-HeteroLRTransferVariable.loss-HeteroLRTransferVariable.loss.0.0.0-guest-10000-arbiter-10000 type Object"
"2019-08-20 08:46:43,686 - federation.py[line:124] - DEBUG: [REMOTE] Sent hetero_logistic_regression_example_standalone_20190820084603-HeteroLRTransferVariable.is_stopped-HeteroLRTransferVariable.is_stopped.0.0.1-arbiter-10000-host-9999"
"2019-08-20 08:46:43,775 - federation.py[line:124] - DEBUG: [REMOTE] Sent hetero_logistic_regression_example_standalone_20190820084603-HeteroLRTransferVariable.is_stopped-HeteroLRTransferVariable.is_stopped.0.0.1-arbiter-10000-guest-10000"
"2019-08-20 08:46:43,775 - federation.py[line:145] - DEBUG: [GET] arbiter 10000 getting remote object HeteroLRTransferVariable.host_gradient.0.1.0 from host [9999]"
"2019-08-20 08:46:44,342 - federation.py[line:145] - DEBUG: [GET] host 9999 getting remote object HeteroLRTransferVariable.is_stopped.0.0.1 from arbiter [10000]"
"2019-08-20 08:46:44,343 - federation.py[line:46] - DEBUG: [GET] Got hetero_logistic_regression_example_standalone_20190820084603-HeteroLRTransferVariable.is_stopped-HeteroLRTransferVariable.is_stopped.0.0.1-arbiter-10000-host-9999 type Object"
"2019-08-20 08:46:46,830 - federation.py[line:145] - DEBUG: [GET] guest 10000 getting remote object HeteroLRTransferVariable.is_stopped.0.0.1 from arbiter [10000]"
"2019-08-20 08:46:46,831 - federation.py[line:46] - DEBUG: [GET] Got hetero_logistic_regression_example_standalone_20190820084603-HeteroLRTransferVariable.is_stopped-HeteroLRTransferVariable.is_stopped.0.0.1-arbiter-10000-guest-10000 type Object"
"2019-08-20 08:46:55,220 - federation.py[line:124] - DEBUG: [REMOTE] Sent hetero_logistic_regression_example_standalone_20190820084603-HeteroLRTransferVariable.host_forward_dict-HeteroLRTransferVariable.host_forward_dict.0.1.0-host-9999-guest-10000"
"2019-08-20 08:46:55,220 - federation.py[line:145] - DEBUG: [GET] host 9999 getting remote object HeteroLRTransferVariable.fore_gradient.0.1.0 from guest [10000]"
"2019-08-20 08:46:56,642 - federation.py[line:145] - DEBUG: [GET] guest 10000 getting remote object HeteroLRTransferVariable.host_forward_dict.0.1.0 from host [9999]"
"2019-08-20 08:46:56,643 - federation.py[line:46] - DEBUG: [GET] Got hetero_logistic_regression_example_standalone_20190820084603-HeteroLRTransferVariable.host_forward_dict-HeteroLRTransferVariable.host_forward_dict.0.1.0-host-9999-guest-10000 type Table"
"2019-08-20 08:46:57,971 - federation.py[line:124] - DEBUG: [REMOTE] Sent hetero_logistic_regression_example_standalone_20190820084603-HeteroLRTransferVariable.fore_gradient-HeteroLRTransferVariable.fore_gradient.0.1.0-guest-10000-host-9999"
"2019-08-20 08:46:58,033 - federation.py[line:46] - DEBUG: [GET] Got hetero_logistic_regression_example_standalone_20190820084603-HeteroLRTransferVariable.fore_gradient-HeteroLRTransferVariable.fore_gradient.0.1.0-guest-10000-host-9999 type Table"
"2019-08-20 08:47:00,084 - federation.py[line:124] - DEBUG: [REMOTE] Sent hetero_logistic_regression_example_standalone_20190820084603-HeteroLRTransferVariable.host_loss_regular-HeteroLRTransferVariable.host_loss_regular.0.1.0-host-9999-guest-10000"
"2019-08-20 08:47:00,174 - federation.py[line:124] - DEBUG: [REMOTE] Sent hetero_logistic_regression_example_standalone_20190820084603-HeteroLRTransferVariable.host_gradient-HeteroLRTransferVariable.host_gradient.0.1.0-host-9999-arbiter-10000"
"2019-08-20 08:47:00,175 - federation.py[line:145] - DEBUG: [GET] host 9999 getting remote object HeteroLRTransferVariable.host_optim_gradient.0.1.0 from arbiter [10000]"
"2019-08-20 08:47:00,251 - federation.py[line:46] - DEBUG: [GET] Got hetero_logistic_regression_example_standalone_20190820084603-HeteroLRTransferVariable.host_gradient-HeteroLRTransferVariable.host_gradient.0.1.0-host-9999-arbiter-10000 type Object"
"2019-08-20 08:47:00,251 - federation.py[line:145] - DEBUG: [GET] arbiter 10000 getting remote object HeteroLRTransferVariable.guest_gradient.0.1.0 from guest [10000]"
"2019-08-20 08:47:01,327 - federation.py[line:124] - DEBUG: [REMOTE] Sent hetero_logistic_regression_example_standalone_20190820084603-HeteroLRTransferVariable.guest_gradient-HeteroLRTransferVariable.guest_gradient.0.1.0-guest-10000-arbiter-10000"
"2019-08-20 08:47:01,327 - federation.py[line:145] - DEBUG: [GET] guest 10000 getting remote object HeteroLRTransferVariable.guest_optim_gradient.0.1.0 from arbiter [10000]"
"2019-08-20 08:47:01,356 - federation.py[line:46] - DEBUG: [GET] Got hetero_logistic_regression_example_standalone_20190820084603-HeteroLRTransferVariable.guest_gradient-HeteroLRTransferVariable.guest_gradient.0.1.0-guest-10000-arbiter-10000 type Object"
"2019-08-20 08:47:01,449 - federation.py[line:124] - DEBUG: [REMOTE] Sent hetero_logistic_regression_example_standalone_20190820084603-HeteroLRTransferVariable.host_optim_gradient-HeteroLRTransferVariable.host_optim_gradient.0.1.0-arbiter-10000-host-9999"
"2019-08-20 08:47:01,481 - federation.py[line:46] - DEBUG: [GET] Got hetero_logistic_regression_example_standalone_20190820084603-HeteroLRTransferVariable.host_optim_gradient-HeteroLRTransferVariable.host_optim_gradient.0.1.0-arbiter-10000-host-9999 type Object"
"2019-08-20 08:47:01,484 - federation.py[line:124] - DEBUG: [REMOTE] Sent hetero_logistic_regression_example_standalone_20190820084603-HeteroLRTransferVariable.guest_optim_gradient-HeteroLRTransferVariable.guest_optim_gradient.0.1.0-arbiter-10000-guest-10000"
"2019-08-20 08:47:01,484 - federation.py[line:145] - DEBUG: [GET] arbiter 10000 getting remote object HeteroLRTransferVariable.loss.0.1.0 from guest [10000]"
"2019-08-20 08:47:01,529 - federation.py[line:46] - DEBUG: [GET] Got hetero_logistic_regression_example_standalone_20190820084603-HeteroLRTransferVariable.guest_optim_gradient-HeteroLRTransferVariable.guest_optim_gradient.0.1.0-arbiter-10000-guest-10000 type Object"
"2019-08-20 08:47:01,530 - federation.py[line:145] - DEBUG: [GET] guest 10000 getting remote object HeteroLRTransferVariable.host_loss_regular.0.1.0 from host [9999]"
"2019-08-20 08:47:01,531 - federation.py[line:46] - DEBUG: [GET] Got hetero_logistic_regression_example_standalone_20190820084603-HeteroLRTransferVariable.host_loss_regular-HeteroLRTransferVariable.host_loss_regular.0.1.0-host-9999-guest-10000 type Object"
"2019-08-20 08:47:01,606 - federation.py[line:124] - DEBUG: [REMOTE] Sent hetero_logistic_regression_example_standalone_20190820084603-HeteroLRTransferVariable.loss-HeteroLRTransferVariable.loss.0.1.0-guest-10000-arbiter-10000"
"2019-08-20 08:47:01,686 - federation.py[line:46] - DEBUG: [GET] Got hetero_logistic_regression_example_standalone_20190820084603-HeteroLRTransferVariable.loss-HeteroLRTransferVariable.loss.0.1.0-guest-10000-arbiter-10000 type Object"
"2019-08-20 08:47:01,959 - federation.py[line:124] - DEBUG: [REMOTE] Sent hetero_logistic_regression_example_standalone_20190820084603-HeteroLRTransferVariable.is_stopped-HeteroLRTransferVariable.is_stopped.0.1.1-arbiter-10000-host-9999"
"2019-08-20 08:47:01,991 - federation.py[line:124] - DEBUG: [REMOTE] Sent hetero_logistic_regression_example_standalone_20190820084603-HeteroLRTransferVariable.is_stopped-HeteroLRTransferVariable.is_stopped.0.1.1-arbiter-10000-guest-10000"
"2019-08-20 08:47:01,991 - federation.py[line:145] - DEBUG: [GET] arbiter 10000 getting remote object HeteroLRTransferVariable.host_gradient.0.2.0 from host [9999]"
"2019-08-20 08:47:02,645 - federation.py[line:145] - DEBUG: [GET] host 9999 getting remote object HeteroLRTransferVariable.is_stopped.0.1.1 from arbiter [10000]"
"2019-08-20 08:47:02,645 - federation.py[line:46] - DEBUG: [GET] Got hetero_logistic_regression_example_standalone_20190820084603-HeteroLRTransferVariable.is_stopped-HeteroLRTransferVariable.is_stopped.0.1.1-arbiter-10000-host-9999 type Object"
"2019-08-20 08:47:04,843 - federation.py[line:145] - DEBUG: [GET] guest 10000 getting remote object HeteroLRTransferVariable.is_stopped.0.1.1 from arbiter [10000]"
"2019-08-20 08:47:04,844 - federation.py[line:46] - DEBUG: [GET] Got hetero_logistic_regression_example_standalone_20190820084603-HeteroLRTransferVariable.is_stopped-HeteroLRTransferVariable.is_stopped.0.1.1-arbiter-10000-guest-10000 type Object"
"2019-08-20 08:47:11,286 - federation.py[line:124] - DEBUG: [REMOTE] Sent hetero_logistic_regression_example_standalone_20190820084603-HeteroLRTransferVariable.host_forward_dict-HeteroLRTransferVariable.host_forward_dict.0.2.0-host-9999-guest-10000"
"2019-08-20 08:47:11,287 - federation.py[line:145] - DEBUG: [GET] host 9999 getting remote object HeteroLRTransferVariable.fore_gradient.0.2.0 from guest [10000]"
"2019-08-20 08:47:13,099 - federation.py[line:145] - DEBUG: [GET] guest 10000 getting remote object HeteroLRTransferVariable.host_forward_dict.0.2.0 from host [9999]"
"2019-08-20 08:47:13,100 - federation.py[line:46] - DEBUG: [GET] Got hetero_logistic_regression_example_standalone_20190820084603-HeteroLRTransferVariable.host_forward_dict-HeteroLRTransferVariable.host_forward_dict.0.2.0-host-9999-guest-10000 type Table"
"2019-08-20 08:47:14,318 - federation.py[line:124] - DEBUG: [REMOTE] Sent hetero_logistic_regression_example_standalone_20190820084603-HeteroLRTransferVariable.fore_gradient-HeteroLRTransferVariable.fore_gradient.0.2.0-guest-10000-host-9999"
"2019-08-20 08:47:14,400 - federation.py[line:46] - DEBUG: [GET] Got hetero_logistic_regression_example_standalone_20190820084603-HeteroLRTransferVariable.fore_gradient-HeteroLRTransferVariable.fore_gradient.0.2.0-guest-10000-host-9999 type Table"
"2019-08-20 08:47:16,588 - federation.py[line:124] - DEBUG: [REMOTE] Sent hetero_logistic_regression_example_standalone_20190820084603-HeteroLRTransferVariable.host_loss_regular-HeteroLRTransferVariable.host_loss_regular.0.2.0-host-9999-guest-10000"
"2019-08-20 08:47:16,654 - federation.py[line:46] - DEBUG: [GET] Got hetero_logistic_regression_example_standalone_20190820084603-HeteroLRTransferVariable.host_gradient-HeteroLRTransferVariable.host_gradient.0.2.0-host-9999-arbiter-10000 type Object"
"2019-08-20 08:47:16,654 - federation.py[line:145] - DEBUG: [GET] arbiter 10000 getting remote object HeteroLRTransferVariable.guest_gradient.0.2.0 from guest [10000]"
"2019-08-20 08:47:16,662 - federation.py[line:124] - DEBUG: [REMOTE] Sent hetero_logistic_regression_example_standalone_20190820084603-HeteroLRTransferVariable.host_gradient-HeteroLRTransferVariable.host_gradient.0.2.0-host-9999-arbiter-10000"
"2019-08-20 08:47:16,663 - federation.py[line:145] - DEBUG: [GET] host 9999 getting remote object HeteroLRTransferVariable.host_optim_gradient.0.2.0 from arbiter [10000]"
"2019-08-20 08:47:17,880 - federation.py[line:124] - DEBUG: [REMOTE] Sent hetero_logistic_regression_example_standalone_20190820084603-HeteroLRTransferVariable.guest_gradient-HeteroLRTransferVariable.guest_gradient.0.2.0-guest-10000-arbiter-10000"
"2019-08-20 08:47:17,881 - federation.py[line:145] - DEBUG: [GET] guest 10000 getting remote object HeteroLRTransferVariable.guest_optim_gradient.0.2.0 from arbiter [10000]"
"2019-08-20 08:47:17,960 - federation.py[line:46] - DEBUG: [GET] Got hetero_logistic_regression_example_standalone_20190820084603-HeteroLRTransferVariable.guest_gradient-HeteroLRTransferVariable.guest_gradient.0.2.0-guest-10000-arbiter-10000 type Object"
"2019-08-20 08:47:18,034 - federation.py[line:124] - DEBUG: [REMOTE] Sent hetero_logistic_regression_example_standalone_20190820084603-HeteroLRTransferVariable.host_optim_gradient-HeteroLRTransferVariable.host_optim_gradient.0.2.0-arbiter-10000-host-9999"
"2019-08-20 08:47:18,065 - federation.py[line:124] - DEBUG: [REMOTE] Sent hetero_logistic_regression_example_standalone_20190820084603-HeteroLRTransferVariable.guest_optim_gradient-HeteroLRTransferVariable.guest_optim_gradient.0.2.0-arbiter-10000-guest-10000"
"2019-08-20 08:47:18,065 - federation.py[line:145] - DEBUG: [GET] arbiter 10000 getting remote object HeteroLRTransferVariable.loss.0.2.0 from guest [10000]"
"2019-08-20 08:47:18,069 - federation.py[line:46] - DEBUG: [GET] Got hetero_logistic_regression_example_standalone_20190820084603-HeteroLRTransferVariable.host_optim_gradient-HeteroLRTransferVariable.host_optim_gradient.0.2.0-arbiter-10000-host-9999 type Object"
"2019-08-20 08:47:18,082 - federation.py[line:46] - DEBUG: [GET] Got hetero_logistic_regression_example_standalone_20190820084603-HeteroLRTransferVariable.guest_optim_gradient-HeteroLRTransferVariable.guest_optim_gradient.0.2.0-arbiter-10000-guest-10000 type Object"
"2019-08-20 08:47:18,084 - federation.py[line:145] - DEBUG: [GET] guest 10000 getting remote object HeteroLRTransferVariable.host_loss_regular.0.2.0 from host [9999]"
"2019-08-20 08:47:18,084 - federation.py[line:46] - DEBUG: [GET] Got hetero_logistic_regression_example_standalone_20190820084603-HeteroLRTransferVariable.host_loss_regular-HeteroLRTransferVariable.host_loss_regular.0.2.0-host-9999-guest-10000 type Object"
"2019-08-20 08:47:18,154 - federation.py[line:124] - DEBUG: [REMOTE] Sent hetero_logistic_regression_example_standalone_20190820084603-HeteroLRTransferVariable.loss-HeteroLRTransferVariable.loss.0.2.0-guest-10000-arbiter-10000"
"2019-08-20 08:47:18,166 - federation.py[line:46] - DEBUG: [GET] Got hetero_logistic_regression_example_standalone_20190820084603-HeteroLRTransferVariable.loss-HeteroLRTransferVariable.loss.0.2.0-guest-10000-arbiter-10000 type Object"
"2019-08-20 08:47:18,218 - federation.py[line:124] - DEBUG: [REMOTE] Sent hetero_logistic_regression_example_standalone_20190820084603-HeteroLRTransferVariable.is_stopped-HeteroLRTransferVariable.is_stopped.0.2.1-arbiter-10000-host-9999"
"2019-08-20 08:47:18,328 - federation.py[line:124] - DEBUG: [REMOTE] Sent hetero_logistic_regression_example_standalone_20190820084603-HeteroLRTransferVariable.is_stopped-HeteroLRTransferVariable.is_stopped.0.2.1-arbiter-10000-guest-10000"
"2019-08-20 08:47:18,328 - federation.py[line:145] - DEBUG: [GET] arbiter 10000 getting remote object HeteroLRTransferVariable.host_gradient.0.3.0 from host [9999]"
"2019-08-20 08:47:19,053 - federation.py[line:145] - DEBUG: [GET] host 9999 getting remote object HeteroLRTransferVariable.is_stopped.0.2.1 from arbiter [10000]"
"2019-08-20 08:47:19,053 - federation.py[line:46] - DEBUG: [GET] Got hetero_logistic_regression_example_standalone_20190820084603-HeteroLRTransferVariable.is_stopped-HeteroLRTransferVariable.is_stopped.0.2.1-arbiter-10000-host-9999 type Object"
"2019-08-20 08:47:21,544 - federation.py[line:145] - DEBUG: [GET] guest 10000 getting remote object HeteroLRTransferVariable.is_stopped.0.2.1 from arbiter [10000]"
"2019-08-20 08:47:21,544 - federation.py[line:46] - DEBUG: [GET] Got hetero_logistic_regression_example_standalone_20190820084603-HeteroLRTransferVariable.is_stopped-HeteroLRTransferVariable.is_stopped.0.2.1-arbiter-10000-guest-10000 type Object"
"2019-08-20 08:47:27,677 - federation.py[line:124] - DEBUG: [REMOTE] Sent hetero_logistic_regression_example_standalone_20190820084603-HeteroLRTransferVariable.host_forward_dict-HeteroLRTransferVariable.host_forward_dict.0.3.0-host-9999-guest-10000"
"2019-08-20 08:47:27,678 - federation.py[line:145] - DEBUG: [GET] host 9999 getting remote object HeteroLRTransferVariable.fore_gradient.0.3.0 from guest [10000]"
"2019-08-20 08:47:29,874 - federation.py[line:145] - DEBUG: [GET] guest 10000 getting remote object HeteroLRTransferVariable.host_forward_dict.0.3.0 from host [9999]"
"2019-08-20 08:47:29,875 - federation.py[line:46] - DEBUG: [GET] Got hetero_logistic_regression_example_standalone_20190820084603-HeteroLRTransferVariable.host_forward_dict-HeteroLRTransferVariable.host_forward_dict.0.3.0-host-9999-guest-10000 type Table"
"2019-08-20 08:47:31,238 - federation.py[line:124] - DEBUG: [REMOTE] Sent hetero_logistic_regression_example_standalone_20190820084603-HeteroLRTransferVariable.fore_gradient-HeteroLRTransferVariable.fore_gradient.0.3.0-guest-10000-host-9999"
"2019-08-20 08:47:31,293 - federation.py[line:46] - DEBUG: [GET] Got hetero_logistic_regression_example_standalone_20190820084603-HeteroLRTransferVariable.fore_gradient-HeteroLRTransferVariable.fore_gradient.0.3.0-guest-10000-host-9999 type Table"
"2019-08-20 08:47:33,230 - federation.py[line:124] - DEBUG: [REMOTE] Sent hetero_logistic_regression_example_standalone_20190820084603-HeteroLRTransferVariable.host_loss_regular-HeteroLRTransferVariable.host_loss_regular.0.3.0-host-9999-guest-10000"
"2019-08-20 08:47:33,500 - federation.py[line:46] - DEBUG: [GET] Got hetero_logistic_regression_example_standalone_20190820084603-HeteroLRTransferVariable.host_gradient-HeteroLRTransferVariable.host_gradient.0.3.0-host-9999-arbiter-10000 type Object"
"2019-08-20 08:47:33,501 - federation.py[line:145] - DEBUG: [GET] arbiter 10000 getting remote object HeteroLRTransferVariable.guest_gradient.0.3.0 from guest [10000]"
"2019-08-20 08:47:33,502 - federation.py[line:124] - DEBUG: [REMOTE] Sent hetero_logistic_regression_example_standalone_20190820084603-HeteroLRTransferVariable.host_gradient-HeteroLRTransferVariable.host_gradient.0.3.0-host-9999-arbiter-10000"
"2019-08-20 08:47:33,503 - federation.py[line:145] - DEBUG: [GET] host 9999 getting remote object HeteroLRTransferVariable.host_optim_gradient.0.3.0 from arbiter [10000]"
"2019-08-20 08:47:34,596 - federation.py[line:124] - DEBUG: [REMOTE] Sent hetero_logistic_regression_example_standalone_20190820084603-HeteroLRTransferVariable.guest_gradient-HeteroLRTransferVariable.guest_gradient.0.3.0-guest-10000-arbiter-10000"
"2019-08-20 08:47:34,597 - federation.py[line:145] - DEBUG: [GET] guest 10000 getting remote object HeteroLRTransferVariable.guest_optim_gradient.0.3.0 from arbiter [10000]"
"2019-08-20 08:47:34,606 - federation.py[line:46] - DEBUG: [GET] Got hetero_logistic_regression_example_standalone_20190820084603-HeteroLRTransferVariable.guest_gradient-HeteroLRTransferVariable.guest_gradient.0.3.0-guest-10000-arbiter-10000 type Object"
"2019-08-20 08:47:34,703 - federation.py[line:124] - DEBUG: [REMOTE] Sent hetero_logistic_regression_example_standalone_20190820084603-HeteroLRTransferVariable.host_optim_gradient-HeteroLRTransferVariable.host_optim_gradient.0.3.0-arbiter-10000-host-9999"
"2019-08-20 08:47:34,708 - federation.py[line:46] - DEBUG: [GET] Got hetero_logistic_regression_example_standalone_20190820084603-HeteroLRTransferVariable.host_optim_gradient-HeteroLRTransferVariable.host_optim_gradient.0.3.0-arbiter-10000-host-9999 type Object"
"2019-08-20 08:47:34,740 - federation.py[line:124] - DEBUG: [REMOTE] Sent hetero_logistic_regression_example_standalone_20190820084603-HeteroLRTransferVariable.guest_optim_gradient-HeteroLRTransferVariable.guest_optim_gradient.0.3.0-arbiter-10000-guest-10000"
"2019-08-20 08:47:34,740 - federation.py[line:145] - DEBUG: [GET] arbiter 10000 getting remote object HeteroLRTransferVariable.loss.0.3.0 from guest [10000]"
"2019-08-20 08:47:34,799 - federation.py[line:46] - DEBUG: [GET] Got hetero_logistic_regression_example_standalone_20190820084603-HeteroLRTransferVariable.guest_optim_gradient-HeteroLRTransferVariable.guest_optim_gradient.0.3.0-arbiter-10000-guest-10000 type Object"
"2019-08-20 08:47:34,800 - federation.py[line:145] - DEBUG: [GET] guest 10000 getting remote object HeteroLRTransferVariable.host_loss_regular.0.3.0 from host [9999]"
"2019-08-20 08:47:34,801 - federation.py[line:46] - DEBUG: [GET] Got hetero_logistic_regression_example_standalone_20190820084603-HeteroLRTransferVariable.host_loss_regular-HeteroLRTransferVariable.host_loss_regular.0.3.0-host-9999-guest-10000 type Object"
"2019-08-20 08:47:34,839 - federation.py[line:124] - DEBUG: [REMOTE] Sent hetero_logistic_regression_example_standalone_20190820084603-HeteroLRTransferVariable.loss-HeteroLRTransferVariable.loss.0.3.0-guest-10000-arbiter-10000"
"2019-08-20 08:47:34,841 - federation.py[line:46] - DEBUG: [GET] Got hetero_logistic_regression_example_standalone_20190820084603-HeteroLRTransferVariable.loss-HeteroLRTransferVariable.loss.0.3.0-guest-10000-arbiter-10000 type Object"
"2019-08-20 08:47:34,952 - federation.py[line:124] - DEBUG: [REMOTE] Sent hetero_logistic_regression_example_standalone_20190820084603-HeteroLRTransferVariable.is_stopped-HeteroLRTransferVariable.is_stopped.0.3.1-arbiter-10000-host-9999"
"2019-08-20 08:47:35,216 - federation.py[line:124] - DEBUG: [REMOTE] Sent hetero_logistic_regression_example_standalone_20190820084603-HeteroLRTransferVariable.is_stopped-HeteroLRTransferVariable.is_stopped.0.3.1-arbiter-10000-guest-10000"
"2019-08-20 08:47:35,217 - federation.py[line:145] - DEBUG: [GET] arbiter 10000 getting remote object HeteroLRTransferVariable.host_gradient.0.4.0 from host [9999]"
"2019-08-20 08:47:35,794 - federation.py[line:145] - DEBUG: [GET] host 9999 getting remote object HeteroLRTransferVariable.is_stopped.0.3.1 from arbiter [10000]"
"2019-08-20 08:47:35,795 - federation.py[line:46] - DEBUG: [GET] Got hetero_logistic_regression_example_standalone_20190820084603-HeteroLRTransferVariable.is_stopped-HeteroLRTransferVariable.is_stopped.0.3.1-arbiter-10000-host-9999 type Object"
"2019-08-20 08:47:38,332 - federation.py[line:145] - DEBUG: [GET] guest 10000 getting remote object HeteroLRTransferVariable.is_stopped.0.3.1 from arbiter [10000]"
"2019-08-20 08:47:38,332 - federation.py[line:46] - DEBUG: [GET] Got hetero_logistic_regression_example_standalone_20190820084603-HeteroLRTransferVariable.is_stopped-HeteroLRTransferVariable.is_stopped.0.3.1-arbiter-10000-guest-10000 type Object"
"2019-08-20 08:47:44,263 - federation.py[line:124] - DEBUG: [REMOTE] Sent hetero_logistic_regression_example_standalone_20190820084603-HeteroLRTransferVariable.host_forward_dict-HeteroLRTransferVariable.host_forward_dict.0.4.0-host-9999-guest-10000"
"2019-08-20 08:47:44,263 - federation.py[line:145] - DEBUG: [GET] host 9999 getting remote object HeteroLRTransferVariable.fore_gradient.0.4.0 from guest [10000]"
"2019-08-20 08:47:46,499 - federation.py[line:145] - DEBUG: [GET] guest 10000 getting remote object HeteroLRTransferVariable.host_forward_dict.0.4.0 from host [9999]"
"2019-08-20 08:47:46,500 - federation.py[line:46] - DEBUG: [GET] Got hetero_logistic_regression_example_standalone_20190820084603-HeteroLRTransferVariable.host_forward_dict-HeteroLRTransferVariable.host_forward_dict.0.4.0-host-9999-guest-10000 type Table"
"2019-08-20 08:47:47,962 - federation.py[line:124] - DEBUG: [REMOTE] Sent hetero_logistic_regression_example_standalone_20190820084603-HeteroLRTransferVariable.fore_gradient-HeteroLRTransferVariable.fore_gradient.0.4.0-guest-10000-host-9999"
"2019-08-20 08:47:47,979 - federation.py[line:46] - DEBUG: [GET] Got hetero_logistic_regression_example_standalone_20190820084603-HeteroLRTransferVariable.fore_gradient-HeteroLRTransferVariable.fore_gradient.0.4.0-guest-10000-host-9999 type Table"
"2019-08-20 08:47:50,171 - federation.py[line:124] - DEBUG: [REMOTE] Sent hetero_logistic_regression_example_standalone_20190820084603-HeteroLRTransferVariable.host_loss_regular-HeteroLRTransferVariable.host_loss_regular.0.4.0-host-9999-guest-10000"
"2019-08-20 08:47:50,317 - federation.py[line:124] - DEBUG: [REMOTE] Sent hetero_logistic_regression_example_standalone_20190820084603-HeteroLRTransferVariable.host_gradient-HeteroLRTransferVariable.host_gradient.0.4.0-host-9999-arbiter-10000"
"2019-08-20 08:47:50,318 - federation.py[line:145] - DEBUG: [GET] host 9999 getting remote object HeteroLRTransferVariable.host_optim_gradient.0.4.0 from arbiter [10000]"
"2019-08-20 08:47:50,380 - federation.py[line:46] - DEBUG: [GET] Got hetero_logistic_regression_example_standalone_20190820084603-HeteroLRTransferVariable.host_gradient-HeteroLRTransferVariable.host_gradient.0.4.0-host-9999-arbiter-10000 type Object"
"2019-08-20 08:47:50,381 - federation.py[line:145] - DEBUG: [GET] arbiter 10000 getting remote object HeteroLRTransferVariable.guest_gradient.0.4.0 from guest [10000]"
"2019-08-20 08:47:51,787 - federation.py[line:46] - DEBUG: [GET] Got hetero_logistic_regression_example_standalone_20190820084603-HeteroLRTransferVariable.guest_gradient-HeteroLRTransferVariable.guest_gradient.0.4.0-guest-10000-arbiter-10000 type Object"
"2019-08-20 08:47:51,794 - federation.py[line:124] - DEBUG: [REMOTE] Sent hetero_logistic_regression_example_standalone_20190820084603-HeteroLRTransferVariable.guest_gradient-HeteroLRTransferVariable.guest_gradient.0.4.0-guest-10000-arbiter-10000"
"2019-08-20 08:47:51,795 - federation.py[line:145] - DEBUG: [GET] guest 10000 getting remote object HeteroLRTransferVariable.guest_optim_gradient.0.4.0 from arbiter [10000]"
"2019-08-20 08:47:51,882 - federation.py[line:124] - DEBUG: [REMOTE] Sent hetero_logistic_regression_example_standalone_20190820084603-HeteroLRTransferVariable.host_optim_gradient-HeteroLRTransferVariable.host_optim_gradient.0.4.0-arbiter-10000-host-9999"
"2019-08-20 08:47:51,925 - federation.py[line:46] - DEBUG: [GET] Got hetero_logistic_regression_example_standalone_20190820084603-HeteroLRTransferVariable.host_optim_gradient-HeteroLRTransferVariable.host_optim_gradient.0.4.0-arbiter-10000-host-9999 type Object"
"2019-08-20 08:47:51,950 - federation.py[line:124] - DEBUG: [REMOTE] Sent hetero_logistic_regression_example_standalone_20190820084603-HeteroLRTransferVariable.guest_optim_gradient-HeteroLRTransferVariable.guest_optim_gradient.0.4.0-arbiter-10000-guest-10000"
"2019-08-20 08:47:51,950 - federation.py[line:145] - DEBUG: [GET] arbiter 10000 getting remote object HeteroLRTransferVariable.loss.0.4.0 from guest [10000]"
"2019-08-20 08:47:51,996 - federation.py[line:46] - DEBUG: [GET] Got hetero_logistic_regression_example_standalone_20190820084603-HeteroLRTransferVariable.guest_optim_gradient-HeteroLRTransferVariable.guest_optim_gradient.0.4.0-arbiter-10000-guest-10000 type Object"
"2019-08-20 08:47:51,997 - federation.py[line:145] - DEBUG: [GET] guest 10000 getting remote object HeteroLRTransferVariable.host_loss_regular.0.4.0 from host [9999]"
"2019-08-20 08:47:51,998 - federation.py[line:46] - DEBUG: [GET] Got hetero_logistic_regression_example_standalone_20190820084603-HeteroLRTransferVariable.host_loss_regular-HeteroLRTransferVariable.host_loss_regular.0.4.0-host-9999-guest-10000 type Object"
"2019-08-20 08:47:52,233 - federation.py[line:124] - DEBUG: [REMOTE] Sent hetero_logistic_regression_example_standalone_20190820084603-HeteroLRTransferVariable.loss-HeteroLRTransferVariable.loss.0.4.0-guest-10000-arbiter-10000"
"2019-08-20 08:47:52,252 - federation.py[line:46] - DEBUG: [GET] Got hetero_logistic_regression_example_standalone_20190820084603-HeteroLRTransferVariable.loss-HeteroLRTransferVariable.loss.0.4.0-guest-10000-arbiter-10000 type Object"
"2019-08-20 08:47:52,297 - federation.py[line:124] - DEBUG: [REMOTE] Sent hetero_logistic_regression_example_standalone_20190820084603-HeteroLRTransferVariable.is_stopped-HeteroLRTransferVariable.is_stopped.0.4.1-arbiter-10000-host-9999"
"2019-08-20 08:47:52,343 - federation.py[line:124] - DEBUG: [REMOTE] Sent hetero_logistic_regression_example_standalone_20190820084603-HeteroLRTransferVariable.is_stopped-HeteroLRTransferVariable.is_stopped.0.4.1-arbiter-10000-guest-10000"
"2019-08-20 08:47:52,344 - federation.py[line:145] - DEBUG: [GET] arbiter 10000 getting remote object HeteroLRTransferVariable.host_gradient.0.5.0 from host [9999]"
"2019-08-20 08:47:53,078 - federation.py[line:145] - DEBUG: [GET] host 9999 getting remote object HeteroLRTransferVariable.is_stopped.0.4.1 from arbiter [10000]"
"2019-08-20 08:47:53,079 - federation.py[line:46] - DEBUG: [GET] Got hetero_logistic_regression_example_standalone_20190820084603-HeteroLRTransferVariable.is_stopped-HeteroLRTransferVariable.is_stopped.0.4.1-arbiter-10000-host-9999 type Object"
"2019-08-20 08:47:55,511 - federation.py[line:145] - DEBUG: [GET] guest 10000 getting remote object HeteroLRTransferVariable.is_stopped.0.4.1 from arbiter [10000]"
"2019-08-20 08:47:55,512 - federation.py[line:46] - DEBUG: [GET] Got hetero_logistic_regression_example_standalone_20190820084603-HeteroLRTransferVariable.is_stopped-HeteroLRTransferVariable.is_stopped.0.4.1-arbiter-10000-guest-10000 type Object"
"2019-08-20 08:48:01,747 - federation.py[line:124] - DEBUG: [REMOTE] Sent hetero_logistic_regression_example_standalone_20190820084603-HeteroLRTransferVariable.host_forward_dict-HeteroLRTransferVariable.host_forward_dict.0.5.0-host-9999-guest-10000"
"2019-08-20 08:48:01,748 - federation.py[line:145] - DEBUG: [GET] host 9999 getting remote object HeteroLRTransferVariable.fore_gradient.0.5.0 from guest [10000]"
"2019-08-20 08:48:03,541 - federation.py[line:145] - DEBUG: [GET] guest 10000 getting remote object HeteroLRTransferVariable.host_forward_dict.0.5.0 from host [9999]"
"2019-08-20 08:48:03,542 - federation.py[line:46] - DEBUG: [GET] Got hetero_logistic_regression_example_standalone_20190820084603-HeteroLRTransferVariable.host_forward_dict-HeteroLRTransferVariable.host_forward_dict.0.5.0-host-9999-guest-10000 type Table"
"2019-08-20 08:48:04,842 - federation.py[line:124] - DEBUG: [REMOTE] Sent hetero_logistic_regression_example_standalone_20190820084603-HeteroLRTransferVariable.fore_gradient-HeteroLRTransferVariable.fore_gradient.0.5.0-guest-10000-host-9999"
"2019-08-20 08:48:04,862 - federation.py[line:46] - DEBUG: [GET] Got hetero_logistic_regression_example_standalone_20190820084603-HeteroLRTransferVariable.fore_gradient-HeteroLRTransferVariable.fore_gradient.0.5.0-guest-10000-host-9999 type Table"
"2019-08-20 08:48:06,828 - federation.py[line:124] - DEBUG: [REMOTE] Sent hetero_logistic_regression_example_standalone_20190820084603-HeteroLRTransferVariable.host_loss_regular-HeteroLRTransferVariable.host_loss_regular.0.5.0-host-9999-guest-10000"
"2019-08-20 08:48:07,056 - federation.py[line:124] - DEBUG: [REMOTE] Sent hetero_logistic_regression_example_standalone_20190820084603-HeteroLRTransferVariable.host_gradient-HeteroLRTransferVariable.host_gradient.0.5.0-host-9999-arbiter-10000"
"2019-08-20 08:48:07,057 - federation.py[line:145] - DEBUG: [GET] host 9999 getting remote object HeteroLRTransferVariable.host_optim_gradient.0.5.0 from arbiter [10000]"
"2019-08-20 08:48:07,104 - federation.py[line:46] - DEBUG: [GET] Got hetero_logistic_regression_example_standalone_20190820084603-HeteroLRTransferVariable.host_gradient-HeteroLRTransferVariable.host_gradient.0.5.0-host-9999-arbiter-10000 type Object"
"2019-08-20 08:48:07,105 - federation.py[line:145] - DEBUG: [GET] arbiter 10000 getting remote object HeteroLRTransferVariable.guest_gradient.0.5.0 from guest [10000]"
"2019-08-20 08:48:08,411 - federation.py[line:46] - DEBUG: [GET] Got hetero_logistic_regression_example_standalone_20190820084603-HeteroLRTransferVariable.guest_gradient-HeteroLRTransferVariable.guest_gradient.0.5.0-guest-10000-arbiter-10000 type Object"
"2019-08-20 08:48:08,420 - federation.py[line:124] - DEBUG: [REMOTE] Sent hetero_logistic_regression_example_standalone_20190820084603-HeteroLRTransferVariable.guest_gradient-HeteroLRTransferVariable.guest_gradient.0.5.0-guest-10000-arbiter-10000"
"2019-08-20 08:48:08,420 - federation.py[line:145] - DEBUG: [GET] guest 10000 getting remote object HeteroLRTransferVariable.guest_optim_gradient.0.5.0 from arbiter [10000]"
"2019-08-20 08:48:08,464 - federation.py[line:46] - DEBUG: [GET] Got hetero_logistic_regression_example_standalone_20190820084603-HeteroLRTransferVariable.host_optim_gradient-HeteroLRTransferVariable.host_optim_gradient.0.5.0-arbiter-10000-host-9999 type Object"
"2019-08-20 08:48:08,471 - federation.py[line:124] - DEBUG: [REMOTE] Sent hetero_logistic_regression_example_standalone_20190820084603-HeteroLRTransferVariable.host_optim_gradient-HeteroLRTransferVariable.host_optim_gradient.0.5.0-arbiter-10000-host-9999"
"2019-08-20 08:48:08,521 - federation.py[line:46] - DEBUG: [GET] Got hetero_logistic_regression_example_standalone_20190820084603-HeteroLRTransferVariable.guest_optim_gradient-HeteroLRTransferVariable.guest_optim_gradient.0.5.0-arbiter-10000-guest-10000 type Object"
"2019-08-20 08:48:08,522 - federation.py[line:124] - DEBUG: [REMOTE] Sent hetero_logistic_regression_example_standalone_20190820084603-HeteroLRTransferVariable.guest_optim_gradient-HeteroLRTransferVariable.guest_optim_gradient.0.5.0-arbiter-10000-guest-10000"
"2019-08-20 08:48:08,522 - federation.py[line:145] - DEBUG: [GET] arbiter 10000 getting remote object HeteroLRTransferVariable.loss.0.5.0 from guest [10000]"
"2019-08-20 08:48:08,522 - federation.py[line:145] - DEBUG: [GET] guest 10000 getting remote object HeteroLRTransferVariable.host_loss_regular.0.5.0 from host [9999]"
"2019-08-20 08:48:08,523 - federation.py[line:46] - DEBUG: [GET] Got hetero_logistic_regression_example_standalone_20190820084603-HeteroLRTransferVariable.host_loss_regular-HeteroLRTransferVariable.host_loss_regular.0.5.0-host-9999-guest-10000 type Object"
"2019-08-20 08:48:08,587 - federation.py[line:124] - DEBUG: [REMOTE] Sent hetero_logistic_regression_example_standalone_20190820084603-HeteroLRTransferVariable.loss-HeteroLRTransferVariable.loss.0.5.0-guest-10000-arbiter-10000"
"2019-08-20 08:48:08,623 - federation.py[line:46] - DEBUG: [GET] Got hetero_logistic_regression_example_standalone_20190820084603-HeteroLRTransferVariable.loss-HeteroLRTransferVariable.loss.0.5.0-guest-10000-arbiter-10000 type Object"
"2019-08-20 08:48:08,693 - federation.py[line:124] - DEBUG: [REMOTE] Sent hetero_logistic_regression_example_standalone_20190820084603-HeteroLRTransferVariable.is_stopped-HeteroLRTransferVariable.is_stopped.0.5.1-arbiter-10000-host-9999"
"2019-08-20 08:48:08,795 - federation.py[line:124] - DEBUG: [REMOTE] Sent hetero_logistic_regression_example_standalone_20190820084603-HeteroLRTransferVariable.is_stopped-HeteroLRTransferVariable.is_stopped.0.5.1-arbiter-10000-guest-10000"
"2019-08-20 08:48:08,796 - federation.py[line:145] - DEBUG: [GET] arbiter 10000 getting remote object HeteroLRTransferVariable.host_gradient.0.6.0 from host [9999]"
"2019-08-20 08:48:09,608 - federation.py[line:145] - DEBUG: [GET] host 9999 getting remote object HeteroLRTransferVariable.is_stopped.0.5.1 from arbiter [10000]"
"2019-08-20 08:48:09,609 - federation.py[line:46] - DEBUG: [GET] Got hetero_logistic_regression_example_standalone_20190820084603-HeteroLRTransferVariable.is_stopped-HeteroLRTransferVariable.is_stopped.0.5.1-arbiter-10000-host-9999 type Object"
"2019-08-20 08:48:12,420 - federation.py[line:145] - DEBUG: [GET] guest 10000 getting remote object HeteroLRTransferVariable.is_stopped.0.5.1 from arbiter [10000]"
"2019-08-20 08:48:12,421 - federation.py[line:46] - DEBUG: [GET] Got hetero_logistic_regression_example_standalone_20190820084603-HeteroLRTransferVariable.is_stopped-HeteroLRTransferVariable.is_stopped.0.5.1-arbiter-10000-guest-10000 type Object"
"2019-08-20 08:48:18,617 - federation.py[line:124] - DEBUG: [REMOTE] Sent hetero_logistic_regression_example_standalone_20190820084603-HeteroLRTransferVariable.host_forward_dict-HeteroLRTransferVariable.host_forward_dict.0.6.0-host-9999-guest-10000"
"2019-08-20 08:48:18,618 - federation.py[line:145] - DEBUG: [GET] host 9999 getting remote object HeteroLRTransferVariable.fore_gradient.0.6.0 from guest [10000]"
"2019-08-20 08:48:20,485 - federation.py[line:145] - DEBUG: [GET] guest 10000 getting remote object HeteroLRTransferVariable.host_forward_dict.0.6.0 from host [9999]"
"2019-08-20 08:48:20,486 - federation.py[line:46] - DEBUG: [GET] Got hetero_logistic_regression_example_standalone_20190820084603-HeteroLRTransferVariable.host_forward_dict-HeteroLRTransferVariable.host_forward_dict.0.6.0-host-9999-guest-10000 type Table"
"2019-08-20 08:48:21,796 - federation.py[line:124] - DEBUG: [REMOTE] Sent hetero_logistic_regression_example_standalone_20190820084603-HeteroLRTransferVariable.fore_gradient-HeteroLRTransferVariable.fore_gradient.0.6.0-guest-10000-host-9999"
"2019-08-20 08:48:21,832 - federation.py[line:46] - DEBUG: [GET] Got hetero_logistic_regression_example_standalone_20190820084603-HeteroLRTransferVariable.fore_gradient-HeteroLRTransferVariable.fore_gradient.0.6.0-guest-10000-host-9999 type Table"
"2019-08-20 08:48:24,453 - federation.py[line:124] - DEBUG: [REMOTE] Sent hetero_logistic_regression_example_standalone_20190820084603-HeteroLRTransferVariable.host_loss_regular-HeteroLRTransferVariable.host_loss_regular.0.6.0-host-9999-guest-10000"
"2019-08-20 08:48:24,527 - federation.py[line:124] - DEBUG: [REMOTE] Sent hetero_logistic_regression_example_standalone_20190820084603-HeteroLRTransferVariable.host_gradient-HeteroLRTransferVariable.host_gradient.0.6.0-host-9999-arbiter-10000"
"2019-08-20 08:48:24,529 - federation.py[line:145] - DEBUG: [GET] host 9999 getting remote object HeteroLRTransferVariable.host_optim_gradient.0.6.0 from arbiter [10000]"
"2019-08-20 08:48:24,574 - federation.py[line:46] - DEBUG: [GET] Got hetero_logistic_regression_example_standalone_20190820084603-HeteroLRTransferVariable.host_gradient-HeteroLRTransferVariable.host_gradient.0.6.0-host-9999-arbiter-10000 type Object"
"2019-08-20 08:48:24,574 - federation.py[line:145] - DEBUG: [GET] arbiter 10000 getting remote object HeteroLRTransferVariable.guest_gradient.0.6.0 from guest [10000]"
"2019-08-20 08:48:25,628 - federation.py[line:124] - DEBUG: [REMOTE] Sent hetero_logistic_regression_example_standalone_20190820084603-HeteroLRTransferVariable.guest_gradient-HeteroLRTransferVariable.guest_gradient.0.6.0-guest-10000-arbiter-10000"
"2019-08-20 08:48:25,628 - federation.py[line:145] - DEBUG: [GET] guest 10000 getting remote object HeteroLRTransferVariable.guest_optim_gradient.0.6.0 from arbiter [10000]"
"2019-08-20 08:48:25,679 - federation.py[line:46] - DEBUG: [GET] Got hetero_logistic_regression_example_standalone_20190820084603-HeteroLRTransferVariable.guest_gradient-HeteroLRTransferVariable.guest_gradient.0.6.0-guest-10000-arbiter-10000 type Object"
"2019-08-20 08:48:25,804 - federation.py[line:124] - DEBUG: [REMOTE] Sent hetero_logistic_regression_example_standalone_20190820084603-HeteroLRTransferVariable.host_optim_gradient-HeteroLRTransferVariable.host_optim_gradient.0.6.0-arbiter-10000-host-9999"
"2019-08-20 08:48:25,836 - federation.py[line:46] - DEBUG: [GET] Got hetero_logistic_regression_example_standalone_20190820084603-HeteroLRTransferVariable.host_optim_gradient-HeteroLRTransferVariable.host_optim_gradient.0.6.0-arbiter-10000-host-9999 type Object"
"2019-08-20 08:48:25,856 - federation.py[line:124] - DEBUG: [REMOTE] Sent hetero_logistic_regression_example_standalone_20190820084603-HeteroLRTransferVariable.guest_optim_gradient-HeteroLRTransferVariable.guest_optim_gradient.0.6.0-arbiter-10000-guest-10000"
"2019-08-20 08:48:25,856 - federation.py[line:145] - DEBUG: [GET] arbiter 10000 getting remote object HeteroLRTransferVariable.loss.0.6.0 from guest [10000]"
"2019-08-20 08:48:25,930 - federation.py[line:46] - DEBUG: [GET] Got hetero_logistic_regression_example_standalone_20190820084603-HeteroLRTransferVariable.guest_optim_gradient-HeteroLRTransferVariable.guest_optim_gradient.0.6.0-arbiter-10000-guest-10000 type Object"
"2019-08-20 08:48:25,932 - federation.py[line:145] - DEBUG: [GET] guest 10000 getting remote object HeteroLRTransferVariable.host_loss_regular.0.6.0 from host [9999]"
"2019-08-20 08:48:25,932 - federation.py[line:46] - DEBUG: [GET] Got hetero_logistic_regression_example_standalone_20190820084603-HeteroLRTransferVariable.host_loss_regular-HeteroLRTransferVariable.host_loss_regular.0.6.0-host-9999-guest-10000 type Object"
"2019-08-20 08:48:26,042 - federation.py[line:124] - DEBUG: [REMOTE] Sent hetero_logistic_regression_example_standalone_20190820084603-HeteroLRTransferVariable.loss-HeteroLRTransferVariable.loss.0.6.0-guest-10000-arbiter-10000"
"2019-08-20 08:48:26,058 - federation.py[line:46] - DEBUG: [GET] Got hetero_logistic_regression_example_standalone_20190820084603-HeteroLRTransferVariable.loss-HeteroLRTransferVariable.loss.0.6.0-guest-10000-arbiter-10000 type Object"
"2019-08-20 08:48:26,116 - federation.py[line:124] - DEBUG: [REMOTE] Sent hetero_logistic_regression_example_standalone_20190820084603-HeteroLRTransferVariable.is_stopped-HeteroLRTransferVariable.is_stopped.0.6.1-arbiter-10000-host-9999"
"2019-08-20 08:48:26,214 - federation.py[line:124] - DEBUG: [REMOTE] Sent hetero_logistic_regression_example_standalone_20190820084603-HeteroLRTransferVariable.is_stopped-HeteroLRTransferVariable.is_stopped.0.6.1-arbiter-10000-guest-10000"
"2019-08-20 08:48:26,215 - federation.py[line:145] - DEBUG: [GET] arbiter 10000 getting remote object HeteroLRTransferVariable.host_gradient.0.7.0 from host [9999]"
"2019-08-20 08:48:26,997 - federation.py[line:145] - DEBUG: [GET] host 9999 getting remote object HeteroLRTransferVariable.is_stopped.0.6.1 from arbiter [10000]"
"2019-08-20 08:48:26,998 - federation.py[line:46] - DEBUG: [GET] Got hetero_logistic_regression_example_standalone_20190820084603-HeteroLRTransferVariable.is_stopped-HeteroLRTransferVariable.is_stopped.0.6.1-arbiter-10000-host-9999 type Object"
"2019-08-20 08:48:29,517 - federation.py[line:145] - DEBUG: [GET] guest 10000 getting remote object HeteroLRTransferVariable.is_stopped.0.6.1 from arbiter [10000]"
"2019-08-20 08:48:29,518 - federation.py[line:46] - DEBUG: [GET] Got hetero_logistic_regression_example_standalone_20190820084603-HeteroLRTransferVariable.is_stopped-HeteroLRTransferVariable.is_stopped.0.6.1-arbiter-10000-guest-10000 type Object"
"2019-08-20 08:48:35,221 - federation.py[line:124] - DEBUG: [REMOTE] Sent hetero_logistic_regression_example_standalone_20190820084603-HeteroLRTransferVariable.host_forward_dict-HeteroLRTransferVariable.host_forward_dict.0.7.0-host-9999-guest-10000"
"2019-08-20 08:48:35,222 - federation.py[line:145] - DEBUG: [GET] host 9999 getting remote object HeteroLRTransferVariable.fore_gradient.0.7.0 from guest [10000]"
"2019-08-20 08:48:37,435 - federation.py[line:145] - DEBUG: [GET] guest 10000 getting remote object HeteroLRTransferVariable.host_forward_dict.0.7.0 from host [9999]"
"2019-08-20 08:48:37,436 - federation.py[line:46] - DEBUG: [GET] Got hetero_logistic_regression_example_standalone_20190820084603-HeteroLRTransferVariable.host_forward_dict-HeteroLRTransferVariable.host_forward_dict.0.7.0-host-9999-guest-10000 type Table"
"2019-08-20 08:48:38,764 - federation.py[line:124] - DEBUG: [REMOTE] Sent hetero_logistic_regression_example_standalone_20190820084603-HeteroLRTransferVariable.fore_gradient-HeteroLRTransferVariable.fore_gradient.0.7.0-guest-10000-host-9999"
"2019-08-20 08:48:38,840 - federation.py[line:46] - DEBUG: [GET] Got hetero_logistic_regression_example_standalone_20190820084603-HeteroLRTransferVariable.fore_gradient-HeteroLRTransferVariable.fore_gradient.0.7.0-guest-10000-host-9999 type Table"
"2019-08-20 08:48:40,930 - federation.py[line:124] - DEBUG: [REMOTE] Sent hetero_logistic_regression_example_standalone_20190820084603-HeteroLRTransferVariable.host_loss_regular-HeteroLRTransferVariable.host_loss_regular.0.7.0-host-9999-guest-10000"
"2019-08-20 08:48:41,129 - federation.py[line:124] - DEBUG: [REMOTE] Sent hetero_logistic_regression_example_standalone_20190820084603-HeteroLRTransferVariable.host_gradient-HeteroLRTransferVariable.host_gradient.0.7.0-host-9999-arbiter-10000"
"2019-08-20 08:48:41,130 - federation.py[line:145] - DEBUG: [GET] host 9999 getting remote object HeteroLRTransferVariable.host_optim_gradient.0.7.0 from arbiter [10000]"
"2019-08-20 08:48:41,179 - federation.py[line:46] - DEBUG: [GET] Got hetero_logistic_regression_example_standalone_20190820084603-HeteroLRTransferVariable.host_gradient-HeteroLRTransferVariable.host_gradient.0.7.0-host-9999-arbiter-10000 type Object"
"2019-08-20 08:48:41,180 - federation.py[line:145] - DEBUG: [GET] arbiter 10000 getting remote object HeteroLRTransferVariable.guest_gradient.0.7.0 from guest [10000]"
"2019-08-20 08:48:42,369 - federation.py[line:124] - DEBUG: [REMOTE] Sent hetero_logistic_regression_example_standalone_20190820084603-HeteroLRTransferVariable.guest_gradient-HeteroLRTransferVariable.guest_gradient.0.7.0-guest-10000-arbiter-10000"
"2019-08-20 08:48:42,370 - federation.py[line:145] - DEBUG: [GET] guest 10000 getting remote object HeteroLRTransferVariable.guest_optim_gradient.0.7.0 from arbiter [10000]"
"2019-08-20 08:48:42,385 - federation.py[line:46] - DEBUG: [GET] Got hetero_logistic_regression_example_standalone_20190820084603-HeteroLRTransferVariable.guest_gradient-HeteroLRTransferVariable.guest_gradient.0.7.0-guest-10000-arbiter-10000 type Object"
"2019-08-20 08:48:42,515 - federation.py[line:124] - DEBUG: [REMOTE] Sent hetero_logistic_regression_example_standalone_20190820084603-HeteroLRTransferVariable.host_optim_gradient-HeteroLRTransferVariable.host_optim_gradient.0.7.0-arbiter-10000-host-9999"
"2019-08-20 08:48:42,537 - federation.py[line:46] - DEBUG: [GET] Got hetero_logistic_regression_example_standalone_20190820084603-HeteroLRTransferVariable.host_optim_gradient-HeteroLRTransferVariable.host_optim_gradient.0.7.0-arbiter-10000-host-9999 type Object"
"2019-08-20 08:48:42,572 - federation.py[line:46] - DEBUG: [GET] Got hetero_logistic_regression_example_standalone_20190820084603-HeteroLRTransferVariable.guest_optim_gradient-HeteroLRTransferVariable.guest_optim_gradient.0.7.0-arbiter-10000-guest-10000 type Object"
"2019-08-20 08:48:42,573 - federation.py[line:145] - DEBUG: [GET] guest 10000 getting remote object HeteroLRTransferVariable.host_loss_regular.0.7.0 from host [9999]"
"2019-08-20 08:48:42,582 - federation.py[line:124] - DEBUG: [REMOTE] Sent hetero_logistic_regression_example_standalone_20190820084603-HeteroLRTransferVariable.guest_optim_gradient-HeteroLRTransferVariable.guest_optim_gradient.0.7.0-arbiter-10000-guest-10000"
"2019-08-20 08:48:42,582 - federation.py[line:46] - DEBUG: [GET] Got hetero_logistic_regression_example_standalone_20190820084603-HeteroLRTransferVariable.host_loss_regular-HeteroLRTransferVariable.host_loss_regular.0.7.0-host-9999-guest-10000 type Object"
"2019-08-20 08:48:42,582 - federation.py[line:145] - DEBUG: [GET] arbiter 10000 getting remote object HeteroLRTransferVariable.loss.0.7.0 from guest [10000]"
"2019-08-20 08:48:42,930 - federation.py[line:124] - DEBUG: [REMOTE] Sent hetero_logistic_regression_example_standalone_20190820084603-HeteroLRTransferVariable.loss-HeteroLRTransferVariable.loss.0.7.0-guest-10000-arbiter-10000"
"2019-08-20 08:48:42,984 - federation.py[line:46] - DEBUG: [GET] Got hetero_logistic_regression_example_standalone_20190820084603-HeteroLRTransferVariable.loss-HeteroLRTransferVariable.loss.0.7.0-guest-10000-arbiter-10000 type Object"
"2019-08-20 08:48:43,027 - federation.py[line:124] - DEBUG: [REMOTE] Sent hetero_logistic_regression_example_standalone_20190820084603-HeteroLRTransferVariable.is_stopped-HeteroLRTransferVariable.is_stopped.0.7.1-arbiter-10000-host-9999"
"2019-08-20 08:48:43,055 - federation.py[line:124] - DEBUG: [REMOTE] Sent hetero_logistic_regression_example_standalone_20190820084603-HeteroLRTransferVariable.is_stopped-HeteroLRTransferVariable.is_stopped.0.7.1-arbiter-10000-guest-10000"
"2019-08-20 08:48:43,056 - federation.py[line:145] - DEBUG: [GET] arbiter 10000 getting remote object HeteroLRTransferVariable.host_gradient.0.8.0 from host [9999]"
"2019-08-20 08:48:43,747 - federation.py[line:145] - DEBUG: [GET] host 9999 getting remote object HeteroLRTransferVariable.is_stopped.0.7.1 from arbiter [10000]"
"2019-08-20 08:48:43,748 - federation.py[line:46] - DEBUG: [GET] Got hetero_logistic_regression_example_standalone_20190820084603-HeteroLRTransferVariable.is_stopped-HeteroLRTransferVariable.is_stopped.0.7.1-arbiter-10000-host-9999 type Object"
"2019-08-20 08:48:46,206 - federation.py[line:145] - DEBUG: [GET] guest 10000 getting remote object HeteroLRTransferVariable.is_stopped.0.7.1 from arbiter [10000]"
"2019-08-20 08:48:46,207 - federation.py[line:46] - DEBUG: [GET] Got hetero_logistic_regression_example_standalone_20190820084603-HeteroLRTransferVariable.is_stopped-HeteroLRTransferVariable.is_stopped.0.7.1-arbiter-10000-guest-10000 type Object"
"2019-08-20 08:48:51,837 - federation.py[line:124] - DEBUG: [REMOTE] Sent hetero_logistic_regression_example_standalone_20190820084603-HeteroLRTransferVariable.host_forward_dict-HeteroLRTransferVariable.host_forward_dict.0.8.0-host-9999-guest-10000"
"2019-08-20 08:48:51,838 - federation.py[line:145] - DEBUG: [GET] host 9999 getting remote object HeteroLRTransferVariable.fore_gradient.0.8.0 from guest [10000]"
"2019-08-20 08:48:54,642 - federation.py[line:145] - DEBUG: [GET] guest 10000 getting remote object HeteroLRTransferVariable.host_forward_dict.0.8.0 from host [9999]"
"2019-08-20 08:48:54,642 - federation.py[line:46] - DEBUG: [GET] Got hetero_logistic_regression_example_standalone_20190820084603-HeteroLRTransferVariable.host_forward_dict-HeteroLRTransferVariable.host_forward_dict.0.8.0-host-9999-guest-10000 type Table"
"2019-08-20 08:48:55,915 - federation.py[line:124] - DEBUG: [REMOTE] Sent hetero_logistic_regression_example_standalone_20190820084603-HeteroLRTransferVariable.fore_gradient-HeteroLRTransferVariable.fore_gradient.0.8.0-guest-10000-host-9999"
"2019-08-20 08:48:55,957 - federation.py[line:46] - DEBUG: [GET] Got hetero_logistic_regression_example_standalone_20190820084603-HeteroLRTransferVariable.fore_gradient-HeteroLRTransferVariable.fore_gradient.0.8.0-guest-10000-host-9999 type Table"
"2019-08-20 08:48:57,969 - federation.py[line:124] - DEBUG: [REMOTE] Sent hetero_logistic_regression_example_standalone_20190820084603-HeteroLRTransferVariable.host_loss_regular-HeteroLRTransferVariable.host_loss_regular.0.8.0-host-9999-guest-10000"
"2019-08-20 08:48:58,219 - federation.py[line:46] - DEBUG: [GET] Got hetero_logistic_regression_example_standalone_20190820084603-HeteroLRTransferVariable.host_gradient-HeteroLRTransferVariable.host_gradient.0.8.0-host-9999-arbiter-10000 type Object"
"2019-08-20 08:48:58,220 - federation.py[line:145] - DEBUG: [GET] arbiter 10000 getting remote object HeteroLRTransferVariable.guest_gradient.0.8.0 from guest [10000]"
"2019-08-20 08:48:58,226 - federation.py[line:124] - DEBUG: [REMOTE] Sent hetero_logistic_regression_example_standalone_20190820084603-HeteroLRTransferVariable.host_gradient-HeteroLRTransferVariable.host_gradient.0.8.0-host-9999-arbiter-10000"
"2019-08-20 08:48:58,226 - federation.py[line:145] - DEBUG: [GET] host 9999 getting remote object HeteroLRTransferVariable.host_optim_gradient.0.8.0 from arbiter [10000]"
"2019-08-20 08:48:59,402 - federation.py[line:124] - DEBUG: [REMOTE] Sent hetero_logistic_regression_example_standalone_20190820084603-HeteroLRTransferVariable.guest_gradient-HeteroLRTransferVariable.guest_gradient.0.8.0-guest-10000-arbiter-10000"
"2019-08-20 08:48:59,403 - federation.py[line:145] - DEBUG: [GET] guest 10000 getting remote object HeteroLRTransferVariable.guest_optim_gradient.0.8.0 from arbiter [10000]"
"2019-08-20 08:48:59,425 - federation.py[line:46] - DEBUG: [GET] Got hetero_logistic_regression_example_standalone_20190820084603-HeteroLRTransferVariable.guest_gradient-HeteroLRTransferVariable.guest_gradient.0.8.0-guest-10000-arbiter-10000 type Object"
"2019-08-20 08:48:59,526 - federation.py[line:124] - DEBUG: [REMOTE] Sent hetero_logistic_regression_example_standalone_20190820084603-HeteroLRTransferVariable.host_optim_gradient-HeteroLRTransferVariable.host_optim_gradient.0.8.0-arbiter-10000-host-9999"
"2019-08-20 08:48:59,532 - federation.py[line:46] - DEBUG: [GET] Got hetero_logistic_regression_example_standalone_20190820084603-HeteroLRTransferVariable.host_optim_gradient-HeteroLRTransferVariable.host_optim_gradient.0.8.0-arbiter-10000-host-9999 type Object"
"2019-08-20 08:48:59,604 - federation.py[line:46] - DEBUG: [GET] Got hetero_logistic_regression_example_standalone_20190820084603-HeteroLRTransferVariable.guest_optim_gradient-HeteroLRTransferVariable.guest_optim_gradient.0.8.0-arbiter-10000-guest-10000 type Object"
"2019-08-20 08:48:59,605 - federation.py[line:145] - DEBUG: [GET] guest 10000 getting remote object HeteroLRTransferVariable.host_loss_regular.0.8.0 from host [9999]"
"2019-08-20 08:48:59,606 - federation.py[line:46] - DEBUG: [GET] Got hetero_logistic_regression_example_standalone_20190820084603-HeteroLRTransferVariable.host_loss_regular-HeteroLRTransferVariable.host_loss_regular.0.8.0-host-9999-guest-10000 type Object"
"2019-08-20 08:48:59,616 - federation.py[line:124] - DEBUG: [REMOTE] Sent hetero_logistic_regression_example_standalone_20190820084603-HeteroLRTransferVariable.guest_optim_gradient-HeteroLRTransferVariable.guest_optim_gradient.0.8.0-arbiter-10000-guest-10000"
"2019-08-20 08:48:59,616 - federation.py[line:145] - DEBUG: [GET] arbiter 10000 getting remote object HeteroLRTransferVariable.loss.0.8.0 from guest [10000]"
"2019-08-20 08:48:59,805 - federation.py[line:124] - DEBUG: [REMOTE] Sent hetero_logistic_regression_example_standalone_20190820084603-HeteroLRTransferVariable.loss-HeteroLRTransferVariable.loss.0.8.0-guest-10000-arbiter-10000"
"2019-08-20 08:48:59,827 - federation.py[line:46] - DEBUG: [GET] Got hetero_logistic_regression_example_standalone_20190820084603-HeteroLRTransferVariable.loss-HeteroLRTransferVariable.loss.0.8.0-guest-10000-arbiter-10000 type Object"
"2019-08-20 08:48:59,873 - federation.py[line:124] - DEBUG: [REMOTE] Sent hetero_logistic_regression_example_standalone_20190820084603-HeteroLRTransferVariable.is_stopped-HeteroLRTransferVariable.is_stopped.0.8.1-arbiter-10000-host-9999"
"2019-08-20 08:48:59,937 - federation.py[line:124] - DEBUG: [REMOTE] Sent hetero_logistic_regression_example_standalone_20190820084603-HeteroLRTransferVariable.is_stopped-HeteroLRTransferVariable.is_stopped.0.8.1-arbiter-10000-guest-10000"
"2019-08-20 08:48:59,938 - federation.py[line:145] - DEBUG: [GET] arbiter 10000 getting remote object HeteroLRTransferVariable.host_gradient.0.9.0 from host [9999]"
"2019-08-20 08:49:00,627 - federation.py[line:145] - DEBUG: [GET] host 9999 getting remote object HeteroLRTransferVariable.is_stopped.0.8.1 from arbiter [10000]"
"2019-08-20 08:49:00,628 - federation.py[line:46] - DEBUG: [GET] Got hetero_logistic_regression_example_standalone_20190820084603-HeteroLRTransferVariable.is_stopped-HeteroLRTransferVariable.is_stopped.0.8.1-arbiter-10000-host-9999 type Object"
"2019-08-20 08:49:02,952 - federation.py[line:145] - DEBUG: [GET] guest 10000 getting remote object HeteroLRTransferVariable.is_stopped.0.8.1 from arbiter [10000]"
"2019-08-20 08:49:02,952 - federation.py[line:46] - DEBUG: [GET] Got hetero_logistic_regression_example_standalone_20190820084603-HeteroLRTransferVariable.is_stopped-HeteroLRTransferVariable.is_stopped.0.8.1-arbiter-10000-guest-10000 type Object"
"2019-08-20 08:49:09,237 - federation.py[line:124] - DEBUG: [REMOTE] Sent hetero_logistic_regression_example_standalone_20190820084603-HeteroLRTransferVariable.host_forward_dict-HeteroLRTransferVariable.host_forward_dict.0.9.0-host-9999-guest-10000"
"2019-08-20 08:49:09,238 - federation.py[line:145] - DEBUG: [GET] host 9999 getting remote object HeteroLRTransferVariable.fore_gradient.0.9.0 from guest [10000]"
"2019-08-20 08:49:11,108 - federation.py[line:145] - DEBUG: [GET] guest 10000 getting remote object HeteroLRTransferVariable.host_forward_dict.0.9.0 from host [9999]"
"2019-08-20 08:49:11,109 - federation.py[line:46] - DEBUG: [GET] Got hetero_logistic_regression_example_standalone_20190820084603-HeteroLRTransferVariable.host_forward_dict-HeteroLRTransferVariable.host_forward_dict.0.9.0-host-9999-guest-10000 type Table"
"2019-08-20 08:49:12,349 - federation.py[line:124] - DEBUG: [REMOTE] Sent hetero_logistic_regression_example_standalone_20190820084603-HeteroLRTransferVariable.fore_gradient-HeteroLRTransferVariable.fore_gradient.0.9.0-guest-10000-host-9999"
"2019-08-20 08:49:12,351 - federation.py[line:46] - DEBUG: [GET] Got hetero_logistic_regression_example_standalone_20190820084603-HeteroLRTransferVariable.fore_gradient-HeteroLRTransferVariable.fore_gradient.0.9.0-guest-10000-host-9999 type Table"
"2019-08-20 08:49:14,543 - federation.py[line:124] - DEBUG: [REMOTE] Sent hetero_logistic_regression_example_standalone_20190820084603-HeteroLRTransferVariable.host_loss_regular-HeteroLRTransferVariable.host_loss_regular.0.9.0-host-9999-guest-10000"
"2019-08-20 08:49:14,602 - federation.py[line:124] - DEBUG: [REMOTE] Sent hetero_logistic_regression_example_standalone_20190820084603-HeteroLRTransferVariable.host_gradient-HeteroLRTransferVariable.host_gradient.0.9.0-host-9999-arbiter-10000"
"2019-08-20 08:49:14,602 - federation.py[line:145] - DEBUG: [GET] host 9999 getting remote object HeteroLRTransferVariable.host_optim_gradient.0.9.0 from arbiter [10000]"
"2019-08-20 08:49:14,603 - federation.py[line:46] - DEBUG: [GET] Got hetero_logistic_regression_example_standalone_20190820084603-HeteroLRTransferVariable.host_gradient-HeteroLRTransferVariable.host_gradient.0.9.0-host-9999-arbiter-10000 type Object"
"2019-08-20 08:49:14,604 - federation.py[line:145] - DEBUG: [GET] arbiter 10000 getting remote object HeteroLRTransferVariable.guest_gradient.0.9.0 from guest [10000]"
"2019-08-20 08:49:15,942 - federation.py[line:124] - DEBUG: [REMOTE] Sent hetero_logistic_regression_example_standalone_20190820084603-HeteroLRTransferVariable.guest_gradient-HeteroLRTransferVariable.guest_gradient.0.9.0-guest-10000-arbiter-10000"
"2019-08-20 08:49:15,942 - federation.py[line:145] - DEBUG: [GET] guest 10000 getting remote object HeteroLRTransferVariable.guest_optim_gradient.0.9.0 from arbiter [10000]"
"2019-08-20 08:49:16,009 - federation.py[line:46] - DEBUG: [GET] Got hetero_logistic_regression_example_standalone_20190820084603-HeteroLRTransferVariable.guest_gradient-HeteroLRTransferVariable.guest_gradient.0.9.0-guest-10000-arbiter-10000 type Object"
"2019-08-20 08:49:16,075 - federation.py[line:124] - DEBUG: [REMOTE] Sent hetero_logistic_regression_example_standalone_20190820084603-HeteroLRTransferVariable.host_optim_gradient-HeteroLRTransferVariable.host_optim_gradient.0.9.0-arbiter-10000-host-9999"
"2019-08-20 08:49:16,099 - federation.py[line:124] - DEBUG: [REMOTE] Sent hetero_logistic_regression_example_standalone_20190820084603-HeteroLRTransferVariable.guest_optim_gradient-HeteroLRTransferVariable.guest_optim_gradient.0.9.0-arbiter-10000-guest-10000"
"2019-08-20 08:49:16,099 - federation.py[line:145] - DEBUG: [GET] arbiter 10000 getting remote object HeteroLRTransferVariable.loss.0.9.0 from guest [10000]"
"2019-08-20 08:49:16,110 - federation.py[line:46] - DEBUG: [GET] Got hetero_logistic_regression_example_standalone_20190820084603-HeteroLRTransferVariable.host_optim_gradient-HeteroLRTransferVariable.host_optim_gradient.0.9.0-arbiter-10000-host-9999 type Object"
"2019-08-20 08:49:16,144 - federation.py[line:46] - DEBUG: [GET] Got hetero_logistic_regression_example_standalone_20190820084603-HeteroLRTransferVariable.guest_optim_gradient-HeteroLRTransferVariable.guest_optim_gradient.0.9.0-arbiter-10000-guest-10000 type Object"
"2019-08-20 08:49:16,145 - federation.py[line:145] - DEBUG: [GET] guest 10000 getting remote object HeteroLRTransferVariable.host_loss_regular.0.9.0 from host [9999]"
"2019-08-20 08:49:16,146 - federation.py[line:46] - DEBUG: [GET] Got hetero_logistic_regression_example_standalone_20190820084603-HeteroLRTransferVariable.host_loss_regular-HeteroLRTransferVariable.host_loss_regular.0.9.0-host-9999-guest-10000 type Object"
"2019-08-20 08:49:16,200 - federation.py[line:46] - DEBUG: [GET] Got hetero_logistic_regression_example_standalone_20190820084603-HeteroLRTransferVariable.loss-HeteroLRTransferVariable.loss.0.9.0-guest-10000-arbiter-10000 type Object"
"2019-08-20 08:49:16,204 - federation.py[line:124] - DEBUG: [REMOTE] Sent hetero_logistic_regression_example_standalone_20190820084603-HeteroLRTransferVariable.loss-HeteroLRTransferVariable.loss.0.9.0-guest-10000-arbiter-10000"
"2019-08-20 08:49:16,234 - federation.py[line:124] - DEBUG: [REMOTE] Sent hetero_logistic_regression_example_standalone_20190820084603-HeteroLRTransferVariable.is_stopped-HeteroLRTransferVariable.is_stopped.0.9.1-arbiter-10000-host-9999"
"2019-08-20 08:49:16,291 - federation.py[line:124] - DEBUG: [REMOTE] Sent hetero_logistic_regression_example_standalone_20190820084603-HeteroLRTransferVariable.is_stopped-HeteroLRTransferVariable.is_stopped.0.9.1-arbiter-10000-guest-10000"
"2019-08-20 08:49:17,261 - federation.py[line:145] - DEBUG: [GET] host 9999 getting remote object HeteroLRTransferVariable.is_stopped.0.9.1 from arbiter [10000]"
"2019-08-20 08:49:17,262 - federation.py[line:46] - DEBUG: [GET] Got hetero_logistic_regression_example_standalone_20190820084603-HeteroLRTransferVariable.is_stopped-HeteroLRTransferVariable.is_stopped.0.9.1-arbiter-10000-host-9999 type Object"
"2019-08-20 08:49:17,571 - federation.py[line:124] - DEBUG: [REMOTE] Sent hetero_logistic_regression_example_standalone_20190820084603-HeteroLRTransferVariable.host_prob-HeteroLRTransferVariable.host_prob.0-host-9999-guest-10000"
"2019-08-20 08:49:17,947 - federation.py[line:124] - DEBUG: [REMOTE] Sent hetero_logistic_regression_example_standalone_20190820084603-HeteroLRTransferVariable.host_prob-HeteroLRTransferVariable.host_prob.1-host-9999-guest-10000"
"2019-08-20 08:49:19,201 - federation.py[line:145] - DEBUG: [GET] guest 10000 getting remote object HeteroLRTransferVariable.is_stopped.0.9.1 from arbiter [10000]"
"2019-08-20 08:49:19,202 - federation.py[line:46] - DEBUG: [GET] Got hetero_logistic_regression_example_standalone_20190820084603-HeteroLRTransferVariable.is_stopped-HeteroLRTransferVariable.is_stopped.0.9.1-arbiter-10000-guest-10000 type Object"
"2019-08-20 08:49:19,469 - federation.py[line:145] - DEBUG: [GET] guest 10000 getting remote object HeteroLRTransferVariable.host_prob.0 from host [9999]"
"2019-08-20 08:49:19,470 - federation.py[line:46] - DEBUG: [GET] Got hetero_logistic_regression_example_standalone_20190820084603-HeteroLRTransferVariable.host_prob-HeteroLRTransferVariable.host_prob.0-host-9999-guest-10000 type Table"
"2019-08-20 08:49:20,804 - federation.py[line:145] - DEBUG: [GET] guest 10000 getting remote object HeteroLRTransferVariable.host_prob.1 from host [9999]"
"2019-08-20 08:49:20,805 - federation.py[line:46] - DEBUG: [GET] Got hetero_logistic_regression_example_standalone_20190820084603-HeteroLRTransferVariable.host_prob-HeteroLRTransferVariable.host_prob.1-host-9999-guest-10000 type Table"
