"2019-08-20 08:46:28,145 - hetero_lr_guest.py[line:106] - INFO: Enter hetero_lr_guest fit"
"2019-08-20 08:46:28,411 - hetero_lr_guest.py[line:117] - INFO: Get public_key from arbiter:<PaillierPublicKey 1543024f8f>"
"2019-08-20 08:46:28,411 - hetero_lr_guest.py[line:120] - INFO: Generate mini-batch from input data"
"2019-08-20 08:46:29,324 - hetero_lr_guest.py[line:124] - INFO: batch size is -1, set it to the number of data in data_instances"
"2019-08-20 08:46:29,324 - hetero_lr_guest.py[line:128] - INFO: batch_info:{'batch_size': 231, 'batch_num': 1}"
"2019-08-20 08:46:29,386 - hetero_lr_guest.py[line:134] - INFO: Remote batch_info to Host"
"2019-08-20 08:46:29,453 - hetero_lr_guest.py[line:140] - INFO: Remote batch_info to Arbiter"
"2019-08-20 08:46:29,453 - hetero_lr_guest.py[line:147] - INFO: Start initialize model."
"2019-08-20 08:46:29,453 - hetero_lr_guest.py[line:148] - INFO: fit_intercept:True"
"2019-08-20 08:46:29,454 - hetero_lr_guest.py[line:162] - INFO: iter:0"
"2019-08-20 08:46:29,454 - hetero_lr_guest.py[line:168] - INFO: batch:0"
"2019-08-20 08:46:29,454 - hetero_lr_guest.py[line:170] - INFO: remote mini-batch index to Host"
"2019-08-20 08:46:37,737 - hetero_lr_guest.py[line:198] - INFO: Get host_forward from host"
"2019-08-20 08:46:38,949 - hetero_lr_guest.py[line:215] - INFO: Remote fore_gradient to Host"
"2019-08-20 08:46:43,264 - hetero_lr_guest.py[line:235] - INFO: Remote guest_gradient to arbiter"
"2019-08-20 08:46:43,466 - hetero_lr_guest.py[line:242] - INFO: Get optim_guest_gradient from arbiter"
"2019-08-20 08:46:43,467 - hetero_lr_guest.py[line:245] - INFO: update_model"
"2019-08-20 08:46:43,468 - hetero_lr_guest.py[line:259] - INFO: Get host_loss_regular from Host"
"2019-08-20 08:46:43,522 - hetero_lr_guest.py[line:269] - INFO: Remote loss to arbiter"
"2019-08-20 08:46:46,832 - hetero_lr_guest.py[line:288] - INFO: Get is_stop flag from arbiter:False"
"2019-08-20 08:46:46,832 - hetero_lr_guest.py[line:162] - INFO: iter:1"
"2019-08-20 08:46:46,832 - hetero_lr_guest.py[line:168] - INFO: batch:0"
"2019-08-20 08:46:56,644 - hetero_lr_guest.py[line:198] - INFO: Get host_forward from host"
"2019-08-20 08:46:57,972 - hetero_lr_guest.py[line:215] - INFO: Remote fore_gradient to Host"
"2019-08-20 08:47:01,327 - hetero_lr_guest.py[line:235] - INFO: Remote guest_gradient to arbiter"
"2019-08-20 08:47:01,530 - hetero_lr_guest.py[line:242] - INFO: Get optim_guest_gradient from arbiter"
"2019-08-20 08:47:01,530 - hetero_lr_guest.py[line:245] - INFO: update_model"
"2019-08-20 08:47:01,532 - hetero_lr_guest.py[line:259] - INFO: Get host_loss_regular from Host"
"2019-08-20 08:47:01,606 - hetero_lr_guest.py[line:269] - INFO: Remote loss to arbiter"
"2019-08-20 08:47:04,846 - hetero_lr_guest.py[line:288] - INFO: Get is_stop flag from arbiter:False"
"2019-08-20 08:47:04,846 - hetero_lr_guest.py[line:162] - INFO: iter:2"
"2019-08-20 08:47:04,846 - hetero_lr_guest.py[line:168] - INFO: batch:0"
"2019-08-20 08:47:13,101 - hetero_lr_guest.py[line:198] - INFO: Get host_forward from host"
"2019-08-20 08:47:14,318 - hetero_lr_guest.py[line:215] - INFO: Remote fore_gradient to Host"
"2019-08-20 08:47:17,881 - hetero_lr_guest.py[line:235] - INFO: Remote guest_gradient to arbiter"
"2019-08-20 08:47:18,083 - hetero_lr_guest.py[line:242] - INFO: Get optim_guest_gradient from arbiter"
"2019-08-20 08:47:18,083 - hetero_lr_guest.py[line:245] - INFO: update_model"
"2019-08-20 08:47:18,085 - hetero_lr_guest.py[line:259] - INFO: Get host_loss_regular from Host"
"2019-08-20 08:47:18,154 - hetero_lr_guest.py[line:269] - INFO: Remote loss to arbiter"
"2019-08-20 08:47:21,549 - hetero_lr_guest.py[line:288] - INFO: Get is_stop flag from arbiter:False"
"2019-08-20 08:47:21,549 - hetero_lr_guest.py[line:162] - INFO: iter:3"
"2019-08-20 08:47:21,549 - hetero_lr_guest.py[line:168] - INFO: batch:0"
"2019-08-20 08:47:29,876 - hetero_lr_guest.py[line:198] - INFO: Get host_forward from host"
"2019-08-20 08:47:31,238 - hetero_lr_guest.py[line:215] - INFO: Remote fore_gradient to Host"
"2019-08-20 08:47:34,597 - hetero_lr_guest.py[line:235] - INFO: Remote guest_gradient to arbiter"
"2019-08-20 08:47:34,800 - hetero_lr_guest.py[line:242] - INFO: Get optim_guest_gradient from arbiter"
"2019-08-20 08:47:34,800 - hetero_lr_guest.py[line:245] - INFO: update_model"
"2019-08-20 08:47:34,802 - hetero_lr_guest.py[line:259] - INFO: Get host_loss_regular from Host"
"2019-08-20 08:47:34,840 - hetero_lr_guest.py[line:269] - INFO: Remote loss to arbiter"
"2019-08-20 08:47:38,334 - hetero_lr_guest.py[line:288] - INFO: Get is_stop flag from arbiter:False"
"2019-08-20 08:47:38,334 - hetero_lr_guest.py[line:162] - INFO: iter:4"
"2019-08-20 08:47:38,334 - hetero_lr_guest.py[line:168] - INFO: batch:0"
"2019-08-20 08:47:46,501 - hetero_lr_guest.py[line:198] - INFO: Get host_forward from host"
"2019-08-20 08:47:47,963 - hetero_lr_guest.py[line:215] - INFO: Remote fore_gradient to Host"
"2019-08-20 08:47:51,794 - hetero_lr_guest.py[line:235] - INFO: Remote guest_gradient to arbiter"
"2019-08-20 08:47:51,997 - hetero_lr_guest.py[line:242] - INFO: Get optim_guest_gradient from arbiter"
"2019-08-20 08:47:51,997 - hetero_lr_guest.py[line:245] - INFO: update_model"
"2019-08-20 08:47:51,999 - hetero_lr_guest.py[line:259] - INFO: Get host_loss_regular from Host"
"2019-08-20 08:47:52,234 - hetero_lr_guest.py[line:269] - INFO: Remote loss to arbiter"
"2019-08-20 08:47:55,514 - hetero_lr_guest.py[line:288] - INFO: Get is_stop flag from arbiter:False"
"2019-08-20 08:47:55,514 - hetero_lr_guest.py[line:162] - INFO: iter:5"
"2019-08-20 08:47:55,514 - hetero_lr_guest.py[line:168] - INFO: batch:0"
"2019-08-20 08:48:03,543 - hetero_lr_guest.py[line:198] - INFO: Get host_forward from host"
"2019-08-20 08:48:04,843 - hetero_lr_guest.py[line:215] - INFO: Remote fore_gradient to Host"
"2019-08-20 08:48:08,420 - hetero_lr_guest.py[line:235] - INFO: Remote guest_gradient to arbiter"
"2019-08-20 08:48:08,522 - hetero_lr_guest.py[line:242] - INFO: Get optim_guest_gradient from arbiter"
"2019-08-20 08:48:08,522 - hetero_lr_guest.py[line:245] - INFO: update_model"
"2019-08-20 08:48:08,524 - hetero_lr_guest.py[line:259] - INFO: Get host_loss_regular from Host"
"2019-08-20 08:48:08,587 - hetero_lr_guest.py[line:269] - INFO: Remote loss to arbiter"
"2019-08-20 08:48:12,423 - hetero_lr_guest.py[line:288] - INFO: Get is_stop flag from arbiter:False"
"2019-08-20 08:48:12,423 - hetero_lr_guest.py[line:162] - INFO: iter:6"
"2019-08-20 08:48:12,423 - hetero_lr_guest.py[line:168] - INFO: batch:0"
"2019-08-20 08:48:20,487 - hetero_lr_guest.py[line:198] - INFO: Get host_forward from host"
"2019-08-20 08:48:21,797 - hetero_lr_guest.py[line:215] - INFO: Remote fore_gradient to Host"
"2019-08-20 08:48:25,628 - hetero_lr_guest.py[line:235] - INFO: Remote guest_gradient to arbiter"
"2019-08-20 08:48:25,931 - hetero_lr_guest.py[line:242] - INFO: Get optim_guest_gradient from arbiter"
"2019-08-20 08:48:25,931 - hetero_lr_guest.py[line:245] - INFO: update_model"
"2019-08-20 08:48:25,932 - hetero_lr_guest.py[line:259] - INFO: Get host_loss_regular from Host"
"2019-08-20 08:48:26,042 - hetero_lr_guest.py[line:269] - INFO: Remote loss to arbiter"
"2019-08-20 08:48:29,519 - hetero_lr_guest.py[line:288] - INFO: Get is_stop flag from arbiter:False"
"2019-08-20 08:48:29,519 - hetero_lr_guest.py[line:162] - INFO: iter:7"
"2019-08-20 08:48:29,520 - hetero_lr_guest.py[line:168] - INFO: batch:0"
"2019-08-20 08:48:37,436 - hetero_lr_guest.py[line:198] - INFO: Get host_forward from host"
"2019-08-20 08:48:38,764 - hetero_lr_guest.py[line:215] - INFO: Remote fore_gradient to Host"
"2019-08-20 08:48:42,369 - hetero_lr_guest.py[line:235] - INFO: Remote guest_gradient to arbiter"
"2019-08-20 08:48:42,573 - hetero_lr_guest.py[line:242] - INFO: Get optim_guest_gradient from arbiter"
"2019-08-20 08:48:42,573 - hetero_lr_guest.py[line:245] - INFO: update_model"
"2019-08-20 08:48:42,583 - hetero_lr_guest.py[line:259] - INFO: Get host_loss_regular from Host"
"2019-08-20 08:48:42,930 - hetero_lr_guest.py[line:269] - INFO: Remote loss to arbiter"
"2019-08-20 08:48:46,208 - hetero_lr_guest.py[line:288] - INFO: Get is_stop flag from arbiter:False"
"2019-08-20 08:48:46,208 - hetero_lr_guest.py[line:162] - INFO: iter:8"
"2019-08-20 08:48:46,208 - hetero_lr_guest.py[line:168] - INFO: batch:0"
"2019-08-20 08:48:54,644 - hetero_lr_guest.py[line:198] - INFO: Get host_forward from host"
"2019-08-20 08:48:55,915 - hetero_lr_guest.py[line:215] - INFO: Remote fore_gradient to Host"
"2019-08-20 08:48:59,402 - hetero_lr_guest.py[line:235] - INFO: Remote guest_gradient to arbiter"
"2019-08-20 08:48:59,605 - hetero_lr_guest.py[line:242] - INFO: Get optim_guest_gradient from arbiter"
"2019-08-20 08:48:59,605 - hetero_lr_guest.py[line:245] - INFO: update_model"
"2019-08-20 08:48:59,607 - hetero_lr_guest.py[line:259] - INFO: Get host_loss_regular from Host"
"2019-08-20 08:48:59,805 - hetero_lr_guest.py[line:269] - INFO: Remote loss to arbiter"
"2019-08-20 08:49:02,954 - hetero_lr_guest.py[line:288] - INFO: Get is_stop flag from arbiter:False"
"2019-08-20 08:49:02,954 - hetero_lr_guest.py[line:162] - INFO: iter:9"
"2019-08-20 08:49:02,954 - hetero_lr_guest.py[line:168] - INFO: batch:0"
"2019-08-20 08:49:11,111 - hetero_lr_guest.py[line:198] - INFO: Get host_forward from host"
"2019-08-20 08:49:12,349 - hetero_lr_guest.py[line:215] - INFO: Remote fore_gradient to Host"
"2019-08-20 08:49:15,942 - hetero_lr_guest.py[line:235] - INFO: Remote guest_gradient to arbiter"
"2019-08-20 08:49:16,145 - hetero_lr_guest.py[line:242] - INFO: Get optim_guest_gradient from arbiter"
"2019-08-20 08:49:16,145 - hetero_lr_guest.py[line:245] - INFO: update_model"
"2019-08-20 08:49:16,147 - hetero_lr_guest.py[line:259] - INFO: Get host_loss_regular from Host"
"2019-08-20 08:49:16,204 - hetero_lr_guest.py[line:269] - INFO: Remote loss to arbiter"
"2019-08-20 08:49:19,204 - hetero_lr_guest.py[line:288] - INFO: Get is_stop flag from arbiter:False"
"2019-08-20 08:49:19,204 - hetero_lr_guest.py[line:295] - INFO: Reach max iter 10, train model finish!"
"2019-08-20 08:49:19,285 - hetero_lr_guest.py[line:310] - INFO: Start predict ..."
"2019-08-20 08:49:19,471 - hetero_lr_guest.py[line:319] - INFO: Get probability from Host"
"2019-08-20 08:49:20,601 - hetero_lr_guest.py[line:310] - INFO: Start predict ..."
"2019-08-20 08:49:20,806 - hetero_lr_guest.py[line:319] - INFO: Get probability from Host"
