"2019-08-20 08:46:10,217 - hetero_lr_arbiter.py[line:71] - INFO: Enter hetero_lr_arbiter fit"
"2019-08-20 08:46:10,300 - hetero_lr_arbiter.py[line:82] - INFO: public_key:<PaillierPublicKey 1543024f8f>"
"2019-08-20 08:46:10,794 - hetero_lr_arbiter.py[line:90] - INFO: remote public_key to host"
"2019-08-20 08:46:10,887 - hetero_lr_arbiter.py[line:97] - INFO: remote public_key to guest"
"2019-08-20 08:46:29,463 - hetero_lr_arbiter.py[line:104] - INFO: Get batch_info from guest:{'batch_size': 231, 'batch_num': 1}"
"2019-08-20 08:46:29,463 - hetero_lr_arbiter.py[line:110] - INFO: iter:0"
"2019-08-20 08:46:29,463 - hetero_lr_arbiter.py[line:114] - INFO: batch:0"
"2019-08-20 08:46:41,514 - hetero_lr_arbiter.py[line:119] - INFO: Get host_gradient from Host"
"2019-08-20 08:46:43,322 - hetero_lr_arbiter.py[line:125] - INFO: Get guest_gradient from Guest"
"2019-08-20 08:46:43,322 - hetero_lr_arbiter.py[line:131] - INFO: gradient shape=(31,)"
"2019-08-20 08:46:43,348 - hetero_lr_arbiter.py[line:147] - INFO: host data feature dims:20"
"2019-08-20 08:46:43,348 - hetero_lr_arbiter.py[line:148] - INFO: guest data feature dims:11"
"2019-08-20 08:46:43,375 - hetero_lr_arbiter.py[line:158] - INFO: Remote host_optim_gradient to Host"
"2019-08-20 08:46:43,407 - hetero_lr_arbiter.py[line:168] - INFO: Remote guest_optim_gradient to Guest"
"2019-08-20 08:46:43,609 - hetero_lr_arbiter.py[line:186] - INFO: iter loss:13.044969802189561"
"2019-08-20 08:46:43,686 - hetero_lr_arbiter.py[line:197] - INFO: Remote is_stop to host:False"
"2019-08-20 08:46:43,775 - hetero_lr_arbiter.py[line:206] - INFO: Remote is_stop to guest:False"
"2019-08-20 08:46:43,775 - hetero_lr_arbiter.py[line:110] - INFO: iter:1"
"2019-08-20 08:46:43,775 - hetero_lr_arbiter.py[line:114] - INFO: batch:0"
"2019-08-20 08:47:00,251 - hetero_lr_arbiter.py[line:119] - INFO: Get host_gradient from Host"
"2019-08-20 08:47:01,357 - hetero_lr_arbiter.py[line:125] - INFO: Get guest_gradient from Guest"
"2019-08-20 08:47:01,357 - hetero_lr_arbiter.py[line:131] - INFO: gradient shape=(31,)"
"2019-08-20 08:47:01,383 - hetero_lr_arbiter.py[line:147] - INFO: host data feature dims:20"
"2019-08-20 08:47:01,383 - hetero_lr_arbiter.py[line:148] - INFO: guest data feature dims:11"
"2019-08-20 08:47:01,449 - hetero_lr_arbiter.py[line:158] - INFO: Remote host_optim_gradient to Host"
"2019-08-20 08:47:01,484 - hetero_lr_arbiter.py[line:168] - INFO: Remote guest_optim_gradient to Guest"
"2019-08-20 08:47:01,687 - hetero_lr_arbiter.py[line:186] - INFO: iter loss:41.60690482239863"
"2019-08-20 08:47:01,959 - hetero_lr_arbiter.py[line:197] - INFO: Remote is_stop to host:False"
"2019-08-20 08:47:01,991 - hetero_lr_arbiter.py[line:206] - INFO: Remote is_stop to guest:False"
"2019-08-20 08:47:01,991 - hetero_lr_arbiter.py[line:110] - INFO: iter:2"
"2019-08-20 08:47:01,991 - hetero_lr_arbiter.py[line:114] - INFO: batch:0"
"2019-08-20 08:47:16,654 - hetero_lr_arbiter.py[line:119] - INFO: Get host_gradient from Host"
"2019-08-20 08:47:17,961 - hetero_lr_arbiter.py[line:125] - INFO: Get guest_gradient from Guest"
"2019-08-20 08:47:17,961 - hetero_lr_arbiter.py[line:131] - INFO: gradient shape=(31,)"
"2019-08-20 08:47:17,988 - hetero_lr_arbiter.py[line:147] - INFO: host data feature dims:20"
"2019-08-20 08:47:17,988 - hetero_lr_arbiter.py[line:148] - INFO: guest data feature dims:11"
"2019-08-20 08:47:18,035 - hetero_lr_arbiter.py[line:158] - INFO: Remote host_optim_gradient to Host"
"2019-08-20 08:47:18,065 - hetero_lr_arbiter.py[line:168] - INFO: Remote guest_optim_gradient to Guest"
"2019-08-20 08:47:18,168 - hetero_lr_arbiter.py[line:186] - INFO: iter loss:5.715028024447548"
"2019-08-20 08:47:18,218 - hetero_lr_arbiter.py[line:197] - INFO: Remote is_stop to host:False"
"2019-08-20 08:47:18,328 - hetero_lr_arbiter.py[line:206] - INFO: Remote is_stop to guest:False"
"2019-08-20 08:47:18,328 - hetero_lr_arbiter.py[line:110] - INFO: iter:3"
"2019-08-20 08:47:18,328 - hetero_lr_arbiter.py[line:114] - INFO: batch:0"
"2019-08-20 08:47:33,500 - hetero_lr_arbiter.py[line:119] - INFO: Get host_gradient from Host"
"2019-08-20 08:47:34,606 - hetero_lr_arbiter.py[line:125] - INFO: Get guest_gradient from Guest"
"2019-08-20 08:47:34,606 - hetero_lr_arbiter.py[line:131] - INFO: gradient shape=(31,)"
"2019-08-20 08:47:34,634 - hetero_lr_arbiter.py[line:147] - INFO: host data feature dims:20"
"2019-08-20 08:47:34,634 - hetero_lr_arbiter.py[line:148] - INFO: guest data feature dims:11"
"2019-08-20 08:47:34,703 - hetero_lr_arbiter.py[line:158] - INFO: Remote host_optim_gradient to Host"
"2019-08-20 08:47:34,740 - hetero_lr_arbiter.py[line:168] - INFO: Remote guest_optim_gradient to Guest"
"2019-08-20 08:47:34,842 - hetero_lr_arbiter.py[line:186] - INFO: iter loss:0.8413148623997874"
"2019-08-20 08:47:34,952 - hetero_lr_arbiter.py[line:197] - INFO: Remote is_stop to host:False"
"2019-08-20 08:47:35,216 - hetero_lr_arbiter.py[line:206] - INFO: Remote is_stop to guest:False"
"2019-08-20 08:47:35,216 - hetero_lr_arbiter.py[line:110] - INFO: iter:4"
"2019-08-20 08:47:35,216 - hetero_lr_arbiter.py[line:114] - INFO: batch:0"
"2019-08-20 08:47:50,381 - hetero_lr_arbiter.py[line:119] - INFO: Get host_gradient from Host"
"2019-08-20 08:47:51,787 - hetero_lr_arbiter.py[line:125] - INFO: Get guest_gradient from Guest"
"2019-08-20 08:47:51,787 - hetero_lr_arbiter.py[line:131] - INFO: gradient shape=(31,)"
"2019-08-20 08:47:51,813 - hetero_lr_arbiter.py[line:147] - INFO: host data feature dims:20"
"2019-08-20 08:47:51,813 - hetero_lr_arbiter.py[line:148] - INFO: guest data feature dims:11"
"2019-08-20 08:47:51,882 - hetero_lr_arbiter.py[line:158] - INFO: Remote host_optim_gradient to Host"
"2019-08-20 08:47:51,950 - hetero_lr_arbiter.py[line:168] - INFO: Remote guest_optim_gradient to Guest"
"2019-08-20 08:47:52,253 - hetero_lr_arbiter.py[line:186] - INFO: iter loss:0.3841657927726215"
"2019-08-20 08:47:52,297 - hetero_lr_arbiter.py[line:197] - INFO: Remote is_stop to host:False"
"2019-08-20 08:47:52,343 - hetero_lr_arbiter.py[line:206] - INFO: Remote is_stop to guest:False"
"2019-08-20 08:47:52,343 - hetero_lr_arbiter.py[line:110] - INFO: iter:5"
"2019-08-20 08:47:52,343 - hetero_lr_arbiter.py[line:114] - INFO: batch:0"
"2019-08-20 08:48:07,105 - hetero_lr_arbiter.py[line:119] - INFO: Get host_gradient from Host"
"2019-08-20 08:48:08,411 - hetero_lr_arbiter.py[line:125] - INFO: Get guest_gradient from Guest"
"2019-08-20 08:48:08,411 - hetero_lr_arbiter.py[line:131] - INFO: gradient shape=(31,)"
"2019-08-20 08:48:08,437 - hetero_lr_arbiter.py[line:147] - INFO: host data feature dims:20"
"2019-08-20 08:48:08,437 - hetero_lr_arbiter.py[line:148] - INFO: guest data feature dims:11"
"2019-08-20 08:48:08,471 - hetero_lr_arbiter.py[line:158] - INFO: Remote host_optim_gradient to Host"
"2019-08-20 08:48:08,522 - hetero_lr_arbiter.py[line:168] - INFO: Remote guest_optim_gradient to Guest"
"2019-08-20 08:48:08,624 - hetero_lr_arbiter.py[line:186] - INFO: iter loss:0.3394547225345409"
"2019-08-20 08:48:08,693 - hetero_lr_arbiter.py[line:197] - INFO: Remote is_stop to host:False"
"2019-08-20 08:48:08,796 - hetero_lr_arbiter.py[line:206] - INFO: Remote is_stop to guest:False"
"2019-08-20 08:48:08,796 - hetero_lr_arbiter.py[line:110] - INFO: iter:6"
"2019-08-20 08:48:08,796 - hetero_lr_arbiter.py[line:114] - INFO: batch:0"
"2019-08-20 08:48:24,574 - hetero_lr_arbiter.py[line:119] - INFO: Get host_gradient from Host"
"2019-08-20 08:48:25,679 - hetero_lr_arbiter.py[line:125] - INFO: Get guest_gradient from Guest"
"2019-08-20 08:48:25,679 - hetero_lr_arbiter.py[line:131] - INFO: gradient shape=(31,)"
"2019-08-20 08:48:25,705 - hetero_lr_arbiter.py[line:147] - INFO: host data feature dims:20"
"2019-08-20 08:48:25,705 - hetero_lr_arbiter.py[line:148] - INFO: guest data feature dims:11"
"2019-08-20 08:48:25,804 - hetero_lr_arbiter.py[line:158] - INFO: Remote host_optim_gradient to Host"
"2019-08-20 08:48:25,856 - hetero_lr_arbiter.py[line:168] - INFO: Remote guest_optim_gradient to Guest"
"2019-08-20 08:48:26,059 - hetero_lr_arbiter.py[line:186] - INFO: iter loss:0.3332507363222826"
"2019-08-20 08:48:26,116 - hetero_lr_arbiter.py[line:197] - INFO: Remote is_stop to host:False"
"2019-08-20 08:48:26,215 - hetero_lr_arbiter.py[line:206] - INFO: Remote is_stop to guest:False"
"2019-08-20 08:48:26,215 - hetero_lr_arbiter.py[line:110] - INFO: iter:7"
"2019-08-20 08:48:26,215 - hetero_lr_arbiter.py[line:114] - INFO: batch:0"
"2019-08-20 08:48:41,179 - hetero_lr_arbiter.py[line:119] - INFO: Get host_gradient from Host"
"2019-08-20 08:48:42,386 - hetero_lr_arbiter.py[line:125] - INFO: Get guest_gradient from Guest"
"2019-08-20 08:48:42,386 - hetero_lr_arbiter.py[line:131] - INFO: gradient shape=(31,)"
"2019-08-20 08:48:42,412 - hetero_lr_arbiter.py[line:147] - INFO: host data feature dims:20"
"2019-08-20 08:48:42,412 - hetero_lr_arbiter.py[line:148] - INFO: guest data feature dims:11"
"2019-08-20 08:48:42,515 - hetero_lr_arbiter.py[line:158] - INFO: Remote host_optim_gradient to Host"
"2019-08-20 08:48:42,582 - hetero_lr_arbiter.py[line:168] - INFO: Remote guest_optim_gradient to Guest"
"2019-08-20 08:48:42,985 - hetero_lr_arbiter.py[line:186] - INFO: iter loss:0.331523390261945"
"2019-08-20 08:48:43,028 - hetero_lr_arbiter.py[line:197] - INFO: Remote is_stop to host:False"
"2019-08-20 08:48:43,056 - hetero_lr_arbiter.py[line:206] - INFO: Remote is_stop to guest:False"
"2019-08-20 08:48:43,056 - hetero_lr_arbiter.py[line:110] - INFO: iter:8"
"2019-08-20 08:48:43,056 - hetero_lr_arbiter.py[line:114] - INFO: batch:0"
"2019-08-20 08:48:58,220 - hetero_lr_arbiter.py[line:119] - INFO: Get host_gradient from Host"
"2019-08-20 08:48:59,426 - hetero_lr_arbiter.py[line:125] - INFO: Get guest_gradient from Guest"
"2019-08-20 08:48:59,426 - hetero_lr_arbiter.py[line:131] - INFO: gradient shape=(31,)"
"2019-08-20 08:48:59,455 - hetero_lr_arbiter.py[line:147] - INFO: host data feature dims:20"
"2019-08-20 08:48:59,455 - hetero_lr_arbiter.py[line:148] - INFO: guest data feature dims:11"
"2019-08-20 08:48:59,526 - hetero_lr_arbiter.py[line:158] - INFO: Remote host_optim_gradient to Host"
"2019-08-20 08:48:59,616 - hetero_lr_arbiter.py[line:168] - INFO: Remote guest_optim_gradient to Guest"
"2019-08-20 08:48:59,829 - hetero_lr_arbiter.py[line:186] - INFO: iter loss:0.3304377104591974"
"2019-08-20 08:48:59,873 - hetero_lr_arbiter.py[line:197] - INFO: Remote is_stop to host:False"
"2019-08-20 08:48:59,937 - hetero_lr_arbiter.py[line:206] - INFO: Remote is_stop to guest:False"
"2019-08-20 08:48:59,937 - hetero_lr_arbiter.py[line:110] - INFO: iter:9"
"2019-08-20 08:48:59,937 - hetero_lr_arbiter.py[line:114] - INFO: batch:0"
"2019-08-20 08:49:14,603 - hetero_lr_arbiter.py[line:119] - INFO: Get host_gradient from Host"
"2019-08-20 08:49:16,010 - hetero_lr_arbiter.py[line:125] - INFO: Get guest_gradient from Guest"
"2019-08-20 08:49:16,010 - hetero_lr_arbiter.py[line:131] - INFO: gradient shape=(31,)"
"2019-08-20 08:49:16,038 - hetero_lr_arbiter.py[line:147] - INFO: host data feature dims:20"
"2019-08-20 08:49:16,038 - hetero_lr_arbiter.py[line:148] - INFO: guest data feature dims:11"
"2019-08-20 08:49:16,075 - hetero_lr_arbiter.py[line:158] - INFO: Remote host_optim_gradient to Host"
"2019-08-20 08:49:16,099 - hetero_lr_arbiter.py[line:168] - INFO: Remote guest_optim_gradient to Guest"
"2019-08-20 08:49:16,201 - hetero_lr_arbiter.py[line:186] - INFO: iter loss:0.32960562278631955"
"2019-08-20 08:49:16,234 - hetero_lr_arbiter.py[line:197] - INFO: Remote is_stop to host:False"
"2019-08-20 08:49:16,291 - hetero_lr_arbiter.py[line:206] - INFO: Remote is_stop to guest:False"
"2019-08-20 08:49:16,291 - hetero_lr_arbiter.py[line:213] - INFO: Reach max iter 10 or converge, train model finish!"
