"2019-08-20 08:46:28,365 - hetero_lr_host.py[line:74] - INFO: Enter hetero_lr host"
"2019-08-20 08:46:28,370 - hetero_lr_host.py[line:83] - INFO: Get public_key from arbiter:<PaillierPublicKey 1543024f8f>"
"2019-08-20 08:46:29,376 - hetero_lr_host.py[line:89] - INFO: Get batch_info from guest:{'batch_size': 231, 'batch_num': 1}"
"2019-08-20 08:46:29,376 - hetero_lr_host.py[line:102] - INFO: Start initialize model."
"2019-08-20 08:46:29,377 - hetero_lr_host.py[line:117] - INFO: iter:0"
"2019-08-20 08:46:29,377 - hetero_lr_host.py[line:120] - INFO: batch:0"
"2019-08-20 08:46:29,478 - hetero_lr_host.py[line:128] - INFO: Get batch_index from Guest"
"2019-08-20 08:46:29,478 - hetero_lr_host.py[line:135] - INFO: The type of batch_data_index is<class 'arch.api.standalone.eggroll._DTable'>"
"2019-08-20 08:46:29,817 - hetero_lr_host.py[line:141] - INFO: batch_data_inst size:231"
"2019-08-20 08:46:37,253 - hetero_lr_host.py[line:155] - INFO: Remote host_forward to guest"
"2019-08-20 08:46:38,963 - hetero_lr_host.py[line:162] - INFO: Get fore_gradient from guest"
"2019-08-20 08:46:40,950 - hetero_lr_host.py[line:179] - INFO: Remote host_loss_regular to guest"
"2019-08-20 08:46:41,535 - hetero_lr_host.py[line:188] - INFO: Remote host_gradient to arbiter"
"2019-08-20 08:46:43,443 - hetero_lr_host.py[line:196] - INFO: Get optim_host_gradient from arbiter"
"2019-08-20 08:46:43,443 - hetero_lr_host.py[line:198] - INFO: update_model"
"2019-08-20 08:46:44,343 - hetero_lr_host.py[line:217] - INFO: Get is_stop flag from arbiter:False"
"2019-08-20 08:46:44,343 - hetero_lr_host.py[line:117] - INFO: iter:1"
"2019-08-20 08:46:44,344 - hetero_lr_host.py[line:120] - INFO: batch:0"
"2019-08-20 08:46:44,348 - hetero_lr_host.py[line:141] - INFO: batch_data_inst size:231"
"2019-08-20 08:46:55,220 - hetero_lr_host.py[line:155] - INFO: Remote host_forward to guest"
"2019-08-20 08:46:58,035 - hetero_lr_host.py[line:162] - INFO: Get fore_gradient from guest"
"2019-08-20 08:47:00,084 - hetero_lr_host.py[line:179] - INFO: Remote host_loss_regular to guest"
"2019-08-20 08:47:00,174 - hetero_lr_host.py[line:188] - INFO: Remote host_gradient to arbiter"
"2019-08-20 08:47:01,482 - hetero_lr_host.py[line:196] - INFO: Get optim_host_gradient from arbiter"
"2019-08-20 08:47:01,482 - hetero_lr_host.py[line:198] - INFO: update_model"
"2019-08-20 08:47:02,646 - hetero_lr_host.py[line:217] - INFO: Get is_stop flag from arbiter:False"
"2019-08-20 08:47:02,646 - hetero_lr_host.py[line:117] - INFO: iter:2"
"2019-08-20 08:47:02,646 - hetero_lr_host.py[line:120] - INFO: batch:0"
"2019-08-20 08:47:02,651 - hetero_lr_host.py[line:141] - INFO: batch_data_inst size:231"
"2019-08-20 08:47:11,286 - hetero_lr_host.py[line:155] - INFO: Remote host_forward to guest"
"2019-08-20 08:47:14,401 - hetero_lr_host.py[line:162] - INFO: Get fore_gradient from guest"
"2019-08-20 08:47:16,589 - hetero_lr_host.py[line:179] - INFO: Remote host_loss_regular to guest"
"2019-08-20 08:47:16,663 - hetero_lr_host.py[line:188] - INFO: Remote host_gradient to arbiter"
"2019-08-20 08:47:18,070 - hetero_lr_host.py[line:196] - INFO: Get optim_host_gradient from arbiter"
"2019-08-20 08:47:18,070 - hetero_lr_host.py[line:198] - INFO: update_model"
"2019-08-20 08:47:19,054 - hetero_lr_host.py[line:217] - INFO: Get is_stop flag from arbiter:False"
"2019-08-20 08:47:19,054 - hetero_lr_host.py[line:117] - INFO: iter:3"
"2019-08-20 08:47:19,054 - hetero_lr_host.py[line:120] - INFO: batch:0"
"2019-08-20 08:47:19,059 - hetero_lr_host.py[line:141] - INFO: batch_data_inst size:231"
"2019-08-20 08:47:27,678 - hetero_lr_host.py[line:155] - INFO: Remote host_forward to guest"
"2019-08-20 08:47:31,294 - hetero_lr_host.py[line:162] - INFO: Get fore_gradient from guest"
"2019-08-20 08:47:33,231 - hetero_lr_host.py[line:179] - INFO: Remote host_loss_regular to guest"
"2019-08-20 08:47:33,502 - hetero_lr_host.py[line:188] - INFO: Remote host_gradient to arbiter"
"2019-08-20 08:47:34,709 - hetero_lr_host.py[line:196] - INFO: Get optim_host_gradient from arbiter"
"2019-08-20 08:47:34,709 - hetero_lr_host.py[line:198] - INFO: update_model"
"2019-08-20 08:47:35,796 - hetero_lr_host.py[line:217] - INFO: Get is_stop flag from arbiter:False"
"2019-08-20 08:47:35,796 - hetero_lr_host.py[line:117] - INFO: iter:4"
"2019-08-20 08:47:35,796 - hetero_lr_host.py[line:120] - INFO: batch:0"
"2019-08-20 08:47:35,803 - hetero_lr_host.py[line:141] - INFO: batch_data_inst size:231"
"2019-08-20 08:47:44,263 - hetero_lr_host.py[line:155] - INFO: Remote host_forward to guest"
"2019-08-20 08:47:47,981 - hetero_lr_host.py[line:162] - INFO: Get fore_gradient from guest"
"2019-08-20 08:47:50,171 - hetero_lr_host.py[line:179] - INFO: Remote host_loss_regular to guest"
"2019-08-20 08:47:50,317 - hetero_lr_host.py[line:188] - INFO: Remote host_gradient to arbiter"
"2019-08-20 08:47:51,926 - hetero_lr_host.py[line:196] - INFO: Get optim_host_gradient from arbiter"
"2019-08-20 08:47:51,926 - hetero_lr_host.py[line:198] - INFO: update_model"
"2019-08-20 08:47:53,080 - hetero_lr_host.py[line:217] - INFO: Get is_stop flag from arbiter:False"
"2019-08-20 08:47:53,080 - hetero_lr_host.py[line:117] - INFO: iter:5"
"2019-08-20 08:47:53,080 - hetero_lr_host.py[line:120] - INFO: batch:0"
"2019-08-20 08:47:53,085 - hetero_lr_host.py[line:141] - INFO: batch_data_inst size:231"
"2019-08-20 08:48:01,747 - hetero_lr_host.py[line:155] - INFO: Remote host_forward to guest"
"2019-08-20 08:48:04,863 - hetero_lr_host.py[line:162] - INFO: Get fore_gradient from guest"
"2019-08-20 08:48:06,829 - hetero_lr_host.py[line:179] - INFO: Remote host_loss_regular to guest"
"2019-08-20 08:48:07,057 - hetero_lr_host.py[line:188] - INFO: Remote host_gradient to arbiter"
"2019-08-20 08:48:08,465 - hetero_lr_host.py[line:196] - INFO: Get optim_host_gradient from arbiter"
"2019-08-20 08:48:08,465 - hetero_lr_host.py[line:198] - INFO: update_model"
"2019-08-20 08:48:09,609 - hetero_lr_host.py[line:217] - INFO: Get is_stop flag from arbiter:False"
"2019-08-20 08:48:09,609 - hetero_lr_host.py[line:117] - INFO: iter:6"
"2019-08-20 08:48:09,610 - hetero_lr_host.py[line:120] - INFO: batch:0"
"2019-08-20 08:48:09,614 - hetero_lr_host.py[line:141] - INFO: batch_data_inst size:231"
"2019-08-20 08:48:18,617 - hetero_lr_host.py[line:155] - INFO: Remote host_forward to guest"
"2019-08-20 08:48:21,834 - hetero_lr_host.py[line:162] - INFO: Get fore_gradient from guest"
"2019-08-20 08:48:24,453 - hetero_lr_host.py[line:179] - INFO: Remote host_loss_regular to guest"
"2019-08-20 08:48:24,527 - hetero_lr_host.py[line:188] - INFO: Remote host_gradient to arbiter"
"2019-08-20 08:48:25,837 - hetero_lr_host.py[line:196] - INFO: Get optim_host_gradient from arbiter"
"2019-08-20 08:48:25,837 - hetero_lr_host.py[line:198] - INFO: update_model"
"2019-08-20 08:48:26,998 - hetero_lr_host.py[line:217] - INFO: Get is_stop flag from arbiter:False"
"2019-08-20 08:48:26,998 - hetero_lr_host.py[line:117] - INFO: iter:7"
"2019-08-20 08:48:26,999 - hetero_lr_host.py[line:120] - INFO: batch:0"
"2019-08-20 08:48:27,005 - hetero_lr_host.py[line:141] - INFO: batch_data_inst size:231"
"2019-08-20 08:48:35,221 - hetero_lr_host.py[line:155] - INFO: Remote host_forward to guest"
"2019-08-20 08:48:38,840 - hetero_lr_host.py[line:162] - INFO: Get fore_gradient from guest"
"2019-08-20 08:48:40,931 - hetero_lr_host.py[line:179] - INFO: Remote host_loss_regular to guest"
"2019-08-20 08:48:41,130 - hetero_lr_host.py[line:188] - INFO: Remote host_gradient to arbiter"
"2019-08-20 08:48:42,538 - hetero_lr_host.py[line:196] - INFO: Get optim_host_gradient from arbiter"
"2019-08-20 08:48:42,538 - hetero_lr_host.py[line:198] - INFO: update_model"
"2019-08-20 08:48:43,749 - hetero_lr_host.py[line:217] - INFO: Get is_stop flag from arbiter:False"
"2019-08-20 08:48:43,749 - hetero_lr_host.py[line:117] - INFO: iter:8"
"2019-08-20 08:48:43,749 - hetero_lr_host.py[line:120] - INFO: batch:0"
"2019-08-20 08:48:43,754 - hetero_lr_host.py[line:141] - INFO: batch_data_inst size:231"
"2019-08-20 08:48:51,837 - hetero_lr_host.py[line:155] - INFO: Remote host_forward to guest"
"2019-08-20 08:48:55,959 - hetero_lr_host.py[line:162] - INFO: Get fore_gradient from guest"
"2019-08-20 08:48:57,969 - hetero_lr_host.py[line:179] - INFO: Remote host_loss_regular to guest"
"2019-08-20 08:48:58,226 - hetero_lr_host.py[line:188] - INFO: Remote host_gradient to arbiter"
"2019-08-20 08:48:59,533 - hetero_lr_host.py[line:196] - INFO: Get optim_host_gradient from arbiter"
"2019-08-20 08:48:59,533 - hetero_lr_host.py[line:198] - INFO: update_model"
"2019-08-20 08:49:00,629 - hetero_lr_host.py[line:217] - INFO: Get is_stop flag from arbiter:False"
"2019-08-20 08:49:00,629 - hetero_lr_host.py[line:117] - INFO: iter:9"
"2019-08-20 08:49:00,629 - hetero_lr_host.py[line:120] - INFO: batch:0"
"2019-08-20 08:49:00,633 - hetero_lr_host.py[line:141] - INFO: batch_data_inst size:231"
"2019-08-20 08:49:09,237 - hetero_lr_host.py[line:155] - INFO: Remote host_forward to guest"
"2019-08-20 08:49:12,352 - hetero_lr_host.py[line:162] - INFO: Get fore_gradient from guest"
"2019-08-20 08:49:14,544 - hetero_lr_host.py[line:179] - INFO: Remote host_loss_regular to guest"
"2019-08-20 08:49:14,602 - hetero_lr_host.py[line:188] - INFO: Remote host_gradient to arbiter"
"2019-08-20 08:49:16,110 - hetero_lr_host.py[line:196] - INFO: Get optim_host_gradient from arbiter"
"2019-08-20 08:49:16,111 - hetero_lr_host.py[line:198] - INFO: update_model"
"2019-08-20 08:49:17,263 - hetero_lr_host.py[line:217] - INFO: Get is_stop flag from arbiter:False"
"2019-08-20 08:49:17,263 - hetero_lr_host.py[line:224] - INFO: Reach max iter 10, train model finish!"
"2019-08-20 08:49:17,355 - hetero_lr_host.py[line:234] - INFO: Start predict ..."
"2019-08-20 08:49:17,571 - hetero_lr_host.py[line:245] - INFO: Remote probability to Guest"
"2019-08-20 08:49:17,572 - hetero_lr_host.py[line:234] - INFO: Start predict ..."
"2019-08-20 08:49:17,947 - hetero_lr_host.py[line:245] - INFO: Remote probability to Guest"
