"2019-08-20 08:46:10,073 - workflow.py[line:852] - DEBUG: The job id is hetero_logistic_regression_example_standalone_20190820084603"
"2019-08-20 08:46:10,075 - workflow.py[line:854] - DEBUG: Finish eggroll and federation init"
"2019-08-20 08:46:10,075 - workflow.py[line:808] - DEBUG: finish init pipeline"
"2019-08-20 08:46:10,076 - workflow.py[line:867] - DEBUG: In running function, enter train method"
"2019-08-20 08:46:10,076 - workflow.py[line:872] - DEBUG: Input table:breast_tmp_guest_train_hetero_logistic_regression_example_standalone_20190820084603, input namesapce: example_data_namespace"
"2019-08-20 08:46:10,076 - workflow.py[line:783] - DEBUG: mode is fit"
"2019-08-20 08:46:10,202 - workflow.py[line:852] - DEBUG: The job id is hetero_logistic_regression_example_standalone_20190820084603"
"2019-08-20 08:46:10,204 - workflow.py[line:854] - DEBUG: Finish eggroll and federation init"
"2019-08-20 08:46:10,204 - workflow.py[line:808] - DEBUG: finish init pipeline"
"2019-08-20 08:46:10,204 - workflow.py[line:867] - DEBUG: In running function, enter train method"
"2019-08-20 08:46:10,204 - workflow.py[line:872] - DEBUG: Input table:breast_tmp_host_train_hetero_logistic_regression_example_standalone_20190820084603, input namesapce: example_data_namespace"
"2019-08-20 08:46:10,204 - workflow.py[line:783] - DEBUG: mode is fit"
"2019-08-20 08:46:10,215 - workflow.py[line:852] - DEBUG: The job id is hetero_logistic_regression_example_standalone_20190820084603"
"2019-08-20 08:46:10,217 - workflow.py[line:854] - DEBUG: Finish eggroll and federation init"
"2019-08-20 08:46:10,217 - workflow.py[line:808] - DEBUG: finish init pipeline"
"2019-08-20 08:46:10,217 - workflow.py[line:867] - DEBUG: In running function, enter train method"
"2019-08-20 08:46:10,217 - workflow.py[line:512] - INFO: need_sample: false!"
"2019-08-20 08:46:12,619 - workflow.py[line:876] - DEBUG: gen_data_finish"
"2019-08-20 08:46:12,619 - workflow.py[line:879] - DEBUG: Input table:breast_tmp_guest_predict_hetero_logistic_regression_example_standalone_20190820084603, input namesapce: example_data_namespace"
"2019-08-20 08:46:12,620 - workflow.py[line:783] - DEBUG: mode is transform"
"2019-08-20 08:46:12,652 - workflow.py[line:876] - DEBUG: gen_data_finish"
"2019-08-20 08:46:12,653 - workflow.py[line:879] - DEBUG: Input table:breast_tmp_host_predict_hetero_logistic_regression_example_standalone_20190820084603, input namesapce: example_data_namespace"
"2019-08-20 08:46:12,653 - workflow.py[line:783] - DEBUG: mode is transform"
"2019-08-20 08:46:13,815 - workflow.py[line:150] - DEBUG: Enter train function"
"2019-08-20 08:46:13,816 - workflow.py[line:151] - DEBUG: Star intersection before train"
"2019-08-20 08:46:13,816 - workflow.py[line:305] - INFO: need_intersect: true!"
"2019-08-20 08:46:13,816 - workflow.py[line:309] - INFO: Start intersection!"
"2019-08-20 08:46:14,047 - workflow.py[line:150] - DEBUG: Enter train function"
"2019-08-20 08:46:14,047 - workflow.py[line:151] - DEBUG: Star intersection before train"
"2019-08-20 08:46:14,047 - workflow.py[line:305] - INFO: need_intersect: true!"
"2019-08-20 08:46:14,048 - workflow.py[line:309] - INFO: Start intersection!"
"2019-08-20 08:46:21,241 - workflow.py[line:320] - INFO: finish intersection!"
"2019-08-20 08:46:21,241 - workflow.py[line:157] - DEBUG: Star intersection before predict"
"2019-08-20 08:46:21,241 - workflow.py[line:305] - INFO: need_intersect: true!"
"2019-08-20 08:46:21,242 - workflow.py[line:309] - INFO: Start intersection!"
"2019-08-20 08:46:21,262 - workflow.py[line:320] - INFO: finish intersection!"
"2019-08-20 08:46:21,262 - workflow.py[line:157] - DEBUG: Star intersection before predict"
"2019-08-20 08:46:21,262 - workflow.py[line:305] - INFO: need_intersect: true!"
"2019-08-20 08:46:21,263 - workflow.py[line:309] - INFO: Start intersection!"
"2019-08-20 08:46:28,144 - workflow.py[line:320] - INFO: finish intersection!"
"2019-08-20 08:46:28,144 - workflow.py[line:159] - DEBUG: End intersection before predict"
"2019-08-20 08:46:28,144 - workflow.py[line:161] - DEBUG: End intersection before train"
"2019-08-20 08:46:28,144 - workflow.py[line:512] - INFO: need_sample: false!"
"2019-08-20 08:46:28,144 - workflow.py[line:422] - INFO: No need to do feature selection"
"2019-08-20 08:46:28,144 - workflow.py[line:746] - DEBUG: workflow param need_scale is False"
"2019-08-20 08:46:28,145 - workflow.py[line:486] - INFO: No need to do one-hot encode"
"2019-08-20 08:46:28,145 - workflow.py[line:460] - INFO: No need to do feature selection"
"2019-08-20 08:46:28,145 - workflow.py[line:746] - DEBUG: workflow param need_scale is False"
"2019-08-20 08:46:28,145 - workflow.py[line:507] - INFO: No need to do one-hot encode"
"2019-08-20 08:46:28,364 - workflow.py[line:320] - INFO: finish intersection!"
"2019-08-20 08:46:28,364 - workflow.py[line:159] - DEBUG: End intersection before predict"
"2019-08-20 08:46:28,364 - workflow.py[line:161] - DEBUG: End intersection before train"
"2019-08-20 08:46:28,365 - workflow.py[line:512] - INFO: need_sample: false!"
"2019-08-20 08:46:28,365 - workflow.py[line:422] - INFO: No need to do feature selection"
"2019-08-20 08:46:28,365 - workflow.py[line:746] - DEBUG: workflow param need_scale is False"
"2019-08-20 08:46:28,365 - workflow.py[line:486] - INFO: No need to do one-hot encode"
"2019-08-20 08:46:28,365 - workflow.py[line:460] - INFO: No need to do feature selection"
"2019-08-20 08:46:28,365 - workflow.py[line:746] - DEBUG: workflow param need_scale is False"
"2019-08-20 08:46:28,365 - workflow.py[line:507] - INFO: No need to do one-hot encode"
"2019-08-20 08:49:16,291 - workflow.py[line:694] - DEBUG: save model, model table: hetero_lr_arbiter_model, model namespace: hetero_lr"
"2019-08-20 08:49:16,721 - workflow.py[line:186] - DEBUG: finish saving, self role: arbiter"
"2019-08-20 08:49:17,263 - workflow.py[line:694] - DEBUG: save model, model table: hetero_lr_host_model, model namespace: hetero_lr"
"2019-08-20 08:49:17,355 - workflow.py[line:186] - DEBUG: finish saving, self role: host"
"2019-08-20 08:49:17,355 - workflow.py[line:191] - DEBUG: predicting..."
"2019-08-20 08:49:17,571 - workflow.py[line:195] - DEBUG: evaluating..."
"2019-08-20 08:49:17,571 - workflow.py[line:752] - INFO: not eval_data!"
"2019-08-20 08:49:17,948 - workflow.py[line:752] - INFO: not eval_data!"
"2019-08-20 08:49:17,948 - workflow.py[line:204] - INFO: host eval_result: {'train_evaluate': None, 'validate_evaluate': None}"
"2019-08-20 08:49:19,204 - workflow.py[line:694] - DEBUG: save model, model table: hetero_lr_guest_model, model namespace: hetero_lr"
"2019-08-20 08:49:19,285 - workflow.py[line:186] - DEBUG: finish saving, self role: guest"
"2019-08-20 08:49:19,285 - workflow.py[line:191] - DEBUG: predicting..."
"2019-08-20 08:49:20,591 - workflow.py[line:195] - DEBUG: evaluating..."
"2019-08-20 08:49:22,150 - workflow.py[line:204] - INFO: guest eval_result: {'train_evaluate': {'auc': 0.992, 'precision': [(0.5, 0.9338)]}, 'validate_evaluate': {'auc': 0.992, 'precision': [(0.5, 0.9338)]}}"
