config path is /fate/examples/intersect/conf/guest_runtime_conf.json_intersect_example_standalone_20190803031039
jobid is intersect_example_standalone_20190803031039
config path is /fate/examples/intersect/conf/host_runtime_conf.json_intersect_example_standalone_20190803031039
jobid is intersect_example_standalone_20190803031039
fail to post status running
fail to post status running
Finish encrypt parameter check!
Finish encrypt parameter check!
Finish evaluation parameter check!
Finish evaluation parameter check!
Finish predict parameter check!
Finish predict parameter check!
Finish workerflow parameter check!
Finish workerflow parameter check!
Finish init parameter check!
Finish init parameter check!
Finish encode parameter check!
Finish encode parameter check!
Finish encode parameter check!
Finish intersect parameter check!
Finish encode parameter check!
Finish intersect parameter check!
Finish init parameter check!
Finish encrypt parameter check!
Finish init parameter check!
Finish logistic parameter check!
Finish encrypt parameter check!
Finish logistic parameter check!
Finish encrypt parameter check!
Finish encrypt parameter check!
Finish scale parameter check!
Finish scale parameter check!
Finish one_vs_rest parameter check!
Finish one_vs_rest parameter check!
Finish all parameter checkers
Finish all parameter checkers
Finish workerflow parameter check!
Finish workerflow parameter check!
config path is /fate/examples/intersect/conf/guest_runtime_conf.json_intersect_example_standalone_20190803075856
jobid is intersect_example_standalone_20190803075856
config path is /fate/examples/intersect/conf/host_runtime_conf.json_intersect_example_standalone_20190803075856
jobid is intersect_example_standalone_20190803075856
fail to post status running
Finish encrypt parameter check!
Finish evaluation parameter check!
Finish predict parameter check!
Finish workerflow parameter check!
Finish init parameter check!
Finish encode parameter check!
Finish encode parameter check!
Finish intersect parameter check!
Finish init parameter check!
Finish encrypt parameter check!
Finish logistic parameter check!
Finish encrypt parameter check!
Finish scale parameter check!
Finish one_vs_rest parameter check!
Finish all parameter checkers
Finish workerflow parameter check!
fail to post status running
Finish encrypt parameter check!
Finish evaluation parameter check!
Finish predict parameter check!
Finish workerflow parameter check!
Finish init parameter check!
Finish encode parameter check!
Finish encode parameter check!
Finish intersect parameter check!
Finish init parameter check!
Finish encrypt parameter check!
Finish logistic parameter check!
Finish encrypt parameter check!
Finish scale parameter check!
Finish one_vs_rest parameter check!
Finish all parameter checkers
Finish workerflow parameter check!
config path is /fate/examples/intersect/conf/guest_runtime_conf.json_intersect_example_standalone_20190804032616
jobid is intersect_example_standalone_20190804032616
config path is /fate/examples/intersect/conf/host_runtime_conf.json_intersect_example_standalone_20190804032616
jobid is intersect_example_standalone_20190804032616
fail to post status running
Finish encrypt parameter check!
Finish evaluation parameter check!
Finish predict parameter check!
Finish workerflow parameter check!
Finish init parameter check!
Finish encode parameter check!
Finish encode parameter check!
Finish intersect parameter check!
Finish init parameter check!
Finish encrypt parameter check!
Finish logistic parameter check!
Finish encrypt parameter check!
Finish scale parameter check!
Finish one_vs_rest parameter check!
Finish all parameter checkers
Finish workerflow parameter check!
fail to post status running
Finish encrypt parameter check!
Finish evaluation parameter check!
Finish predict parameter check!
Finish workerflow parameter check!
Finish init parameter check!
Finish encode parameter check!
Finish encode parameter check!
Finish intersect parameter check!
Finish init parameter check!
Finish encrypt parameter check!
Finish logistic parameter check!
Finish encrypt parameter check!
Finish scale parameter check!
Finish one_vs_rest parameter check!
Finish all parameter checkers
Finish workerflow parameter check!
config path is /fate/examples/intersect/conf/guest_runtime_conf.json_intersect_example_standalone_20190804132013
jobid is intersect_example_standalone_20190804132013
config path is /fate/examples/intersect/conf/host_runtime_conf.json_intersect_example_standalone_20190804132013
jobid is intersect_example_standalone_20190804132013
fail to post status running
Finish encrypt parameter check!
Finish evaluation parameter check!
Finish predict parameter check!
Finish workerflow parameter check!
Finish init parameter check!
Finish encode parameter check!
Finish encode parameter check!
Finish intersect parameter check!
Finish init parameter check!
Finish encrypt parameter check!
Finish logistic parameter check!
Finish encrypt parameter check!
Finish scale parameter check!
Finish one_vs_rest parameter check!
Finish all parameter checkers
Finish workerflow parameter check!
fail to post status running
Finish encrypt parameter check!
Finish evaluation parameter check!
Finish predict parameter check!
Finish workerflow parameter check!
Finish init parameter check!
Finish encode parameter check!
Finish encode parameter check!
Finish intersect parameter check!
Finish init parameter check!
Finish encrypt parameter check!
Finish logistic parameter check!
Finish encrypt parameter check!
Finish scale parameter check!
Finish one_vs_rest parameter check!
Finish all parameter checkers
Finish workerflow parameter check!
config path is /fate/examples/intersect/conf/guest_runtime_conf.json_intersect_example_standalone_20190804132149
jobid is intersect_example_standalone_20190804132149
config path is /fate/examples/intersect/conf/host_runtime_conf.json_intersect_example_standalone_20190804132149
jobid is intersect_example_standalone_20190804132149
fail to post status running
Finish encrypt parameter check!
Finish evaluation parameter check!
Finish predict parameter check!
Finish workerflow parameter check!
Finish init parameter check!
Finish encode parameter check!
Finish encode parameter check!
Finish intersect parameter check!
Finish init parameter check!
Finish encrypt parameter check!
Finish logistic parameter check!
Finish encrypt parameter check!
Finish scale parameter check!
fail to post status running
Finish one_vs_rest parameter check!
Finish all parameter checkers
Finish workerflow parameter check!
Finish encrypt parameter check!
Finish evaluation parameter check!
Finish predict parameter check!
Finish workerflow parameter check!
Finish init parameter check!
Finish encode parameter check!
Finish encode parameter check!
Finish intersect parameter check!
Finish init parameter check!
Finish encrypt parameter check!
Finish logistic parameter check!
Finish encrypt parameter check!
Finish scale parameter check!
Finish one_vs_rest parameter check!
Finish all parameter checkers
Finish workerflow parameter check!
config path is /fate/examples/intersect/conf/guest_runtime_conf.json_intersect_example_standalone_20190805065711
jobid is intersect_example_standalone_20190805065711
config path is /fate/examples/intersect/conf/host_runtime_conf.json_intersect_example_standalone_20190805065711
jobid is intersect_example_standalone_20190805065711
fail to post status running
Finish encrypt parameter check!
Finish evaluation parameter check!
Finish predict parameter check!
Finish workerflow parameter check!
Finish init parameter check!
Finish encode parameter check!
Finish encode parameter check!
Finish intersect parameter check!
Finish init parameter check!
Finish encrypt parameter check!
Finish logistic parameter check!
Finish encrypt parameter check!
Finish scale parameter check!
Finish one_vs_rest parameter check!
Finish all parameter checkers
Finish workerflow parameter check!
fail to post status running
Finish encrypt parameter check!
Finish evaluation parameter check!
Finish predict parameter check!
Finish workerflow parameter check!
Finish init parameter check!
Finish encode parameter check!
Finish encode parameter check!
Finish intersect parameter check!
Finish init parameter check!
Finish encrypt parameter check!
Finish logistic parameter check!
Finish encrypt parameter check!
Finish scale parameter check!
Finish one_vs_rest parameter check!
Finish all parameter checkers
Finish workerflow parameter check!
config path is /fate/examples/intersect/conf/guest_runtime_conf.json_intersect_example_standalone_20190805080027
jobid is intersect_example_standalone_20190805080027
config path is /fate/examples/intersect/conf/host_runtime_conf.json_intersect_example_standalone_20190805080027
jobid is intersect_example_standalone_20190805080027
fail to post status running
Finish encrypt parameter check!
Finish evaluation parameter check!
Finish predict parameter check!
Finish workerflow parameter check!
Finish init parameter check!
Finish encode parameter check!
Finish encode parameter check!
Finish intersect parameter check!
Finish init parameter check!
Finish encrypt parameter check!
Finish logistic parameter check!
Finish encrypt parameter check!
Finish scale parameter check!
Finish one_vs_rest parameter check!
Finish all parameter checkers
Finish workerflow parameter check!
fail to post status running
Finish encrypt parameter check!
Finish evaluation parameter check!
Finish predict parameter check!
Finish workerflow parameter check!
Finish init parameter check!
Finish encode parameter check!
Finish encode parameter check!
Finish intersect parameter check!
Finish init parameter check!
Finish encrypt parameter check!
Finish logistic parameter check!
Finish encrypt parameter check!
Finish scale parameter check!
Finish one_vs_rest parameter check!
Finish all parameter checkers
Finish workerflow parameter check!
config path is /fate/examples/intersect/conf/guest_runtime_conf.json_intersect_example_standalone_20190805081826
jobid is intersect_example_standalone_20190805081826
config path is /fate/examples/intersect/conf/host_runtime_conf.json_intersect_example_standalone_20190805081826
jobid is intersect_example_standalone_20190805081826
fail to post status running
Finish encrypt parameter check!
Finish evaluation parameter check!
Finish predict parameter check!
Finish workerflow parameter check!
Finish init parameter check!
Finish encode parameter check!
Finish encode parameter check!
Finish intersect parameter check!
Finish init parameter check!
Finish encrypt parameter check!
Finish logistic parameter check!
Finish encrypt parameter check!
Finish scale parameter check!
Finish one_vs_rest parameter check!
Finish all parameter checkers
Finish workerflow parameter check!
fail to post status running
Finish encrypt parameter check!
Finish evaluation parameter check!
Finish predict parameter check!
Finish workerflow parameter check!
Finish init parameter check!
Finish encode parameter check!
Finish encode parameter check!
Finish intersect parameter check!
Finish init parameter check!
Finish encrypt parameter check!
Finish logistic parameter check!
Finish encrypt parameter check!
Finish scale parameter check!
Finish one_vs_rest parameter check!
Finish all parameter checkers
Finish workerflow parameter check!
config path is /fate/examples/intersect/conf/guest_runtime_conf.json_intersect_example_standalone_20190805083221
jobid is intersect_example_standalone_20190805083221
config path is /fate/examples/intersect/conf/host_runtime_conf.json_intersect_example_standalone_20190805083221
jobid is intersect_example_standalone_20190805083221
fail to post status running
Finish encrypt parameter check!
Finish evaluation parameter check!
Finish predict parameter check!
Finish workerflow parameter check!
Finish init parameter check!
Finish encode parameter check!
Finish encode parameter check!
Finish intersect parameter check!
Finish init parameter check!
Finish encrypt parameter check!
Finish logistic parameter check!
Finish encrypt parameter check!
Finish scale parameter check!
Finish one_vs_rest parameter check!
Finish all parameter checkers
Finish workerflow parameter check!
fail to post status running
Finish encrypt parameter check!
Finish evaluation parameter check!
Finish predict parameter check!
Finish workerflow parameter check!
Finish init parameter check!
Finish encode parameter check!
Finish encode parameter check!
Finish intersect parameter check!
Finish init parameter check!
Finish encrypt parameter check!
Finish logistic parameter check!
Finish encrypt parameter check!
Finish scale parameter check!
Finish one_vs_rest parameter check!
Finish all parameter checkers
Finish workerflow parameter check!
config path is /fate/examples/intersect/conf/guest_runtime_conf.json_intersect_example_standalone_20190805083552
jobid is intersect_example_standalone_20190805083552
config path is /fate/examples/intersect/conf/host_runtime_conf.json_intersect_example_standalone_20190805083552
jobid is intersect_example_standalone_20190805083552
fail to post status running
Finish encrypt parameter check!
Finish evaluation parameter check!
Finish predict parameter check!
Finish workerflow parameter check!
Finish init parameter check!
Finish encode parameter check!
Finish encode parameter check!
Finish intersect parameter check!
Finish init parameter check!
Finish encrypt parameter check!
Finish logistic parameter check!
Finish encrypt parameter check!
Finish scale parameter check!
Finish one_vs_rest parameter check!
Finish all parameter checkers
Finish workerflow parameter check!
fail to post status running
Finish encrypt parameter check!
Finish evaluation parameter check!
Finish predict parameter check!
Finish workerflow parameter check!
Finish init parameter check!
Finish encode parameter check!
Finish encode parameter check!
Finish intersect parameter check!
Finish init parameter check!
Finish encrypt parameter check!
Finish logistic parameter check!
Finish encrypt parameter check!
Finish scale parameter check!
Finish one_vs_rest parameter check!
Finish all parameter checkers
Finish workerflow parameter check!
config path is /fate/examples/intersect/conf/guest_runtime_conf.json_intersect_example_standalone_20190805083630
jobid is intersect_example_standalone_20190805083630
config path is /fate/examples/intersect/conf/host_runtime_conf.json_intersect_example_standalone_20190805083630
jobid is intersect_example_standalone_20190805083630
fail to post status running
Finish encrypt parameter check!
Finish evaluation parameter check!
Finish predict parameter check!
Finish workerflow parameter check!
Finish init parameter check!
Finish encode parameter check!
Finish encode parameter check!
Finish intersect parameter check!
Finish init parameter check!
Finish encrypt parameter check!
Finish logistic parameter check!
Finish encrypt parameter check!
Finish scale parameter check!
Finish one_vs_rest parameter check!
Finish all parameter checkers
Finish workerflow parameter check!
fail to post status running
Finish encrypt parameter check!
Finish evaluation parameter check!
Finish predict parameter check!
Finish workerflow parameter check!
Finish init parameter check!
Finish encode parameter check!
Finish encode parameter check!
Finish intersect parameter check!
Finish init parameter check!
Finish encrypt parameter check!
Finish logistic parameter check!
Finish encrypt parameter check!
Finish scale parameter check!
Finish one_vs_rest parameter check!
Finish all parameter checkers
Finish workerflow parameter check!
config path is /fate/examples/intersect/conf/guest_runtime_conf.json_intersect_example_standalone_20190805084455
jobid is intersect_example_standalone_20190805084455
config path is /fate/examples/intersect/conf/host_runtime_conf.json_intersect_example_standalone_20190805084455
jobid is intersect_example_standalone_20190805084455
fail to post status running
Finish encrypt parameter check!
Finish evaluation parameter check!
Finish predict parameter check!
Finish workerflow parameter check!
Finish init parameter check!
Finish encode parameter check!
Finish encode parameter check!
Finish intersect parameter check!
Finish init parameter check!
Finish encrypt parameter check!
Finish logistic parameter check!
Finish encrypt parameter check!
Finish scale parameter check!
Finish one_vs_rest parameter check!
Finish all parameter checkers
Finish workerflow parameter check!
fail to post status running
Finish encrypt parameter check!
Finish evaluation parameter check!
Finish predict parameter check!
Finish workerflow parameter check!
Finish init parameter check!
Finish encode parameter check!
Finish encode parameter check!
Finish intersect parameter check!
Finish init parameter check!
Finish encrypt parameter check!
Finish logistic parameter check!
Finish encrypt parameter check!
Finish scale parameter check!
Finish one_vs_rest parameter check!
Finish all parameter checkers
Finish workerflow parameter check!
config path is /fate/examples/intersect/conf/guest_runtime_conf.json_intersect_example_standalone_20190805085058
jobid is intersect_example_standalone_20190805085058
config path is /fate/examples/intersect/conf/host_runtime_conf.json_intersect_example_standalone_20190805085058
jobid is intersect_example_standalone_20190805085058
fail to post status running
Finish encrypt parameter check!
Finish evaluation parameter check!
Finish predict parameter check!
Finish workerflow parameter check!
Finish init parameter check!
Finish encode parameter check!
Finish encode parameter check!
Finish intersect parameter check!
Finish init parameter check!
Finish encrypt parameter check!
Finish logistic parameter check!
Finish encrypt parameter check!
Finish scale parameter check!
Finish one_vs_rest parameter check!
Finish all parameter checkers
Finish workerflow parameter check!
fail to post status running
Finish encrypt parameter check!
Finish evaluation parameter check!
Finish predict parameter check!
Finish workerflow parameter check!
Finish init parameter check!
Finish encode parameter check!
Finish encode parameter check!
Finish intersect parameter check!
Finish init parameter check!
Finish encrypt parameter check!
Finish logistic parameter check!
Finish encrypt parameter check!
Finish scale parameter check!
Finish one_vs_rest parameter check!
Finish all parameter checkers
Finish workerflow parameter check!
config path is /fate/examples/intersect/conf/guest_runtime_conf.json_intersect_example_standalone_20190805085551
jobid is intersect_example_standalone_20190805085551
config path is /fate/examples/intersect/conf/host_runtime_conf.json_intersect_example_standalone_20190805085551
jobid is intersect_example_standalone_20190805085551
fail to post status running
Finish encrypt parameter check!
Finish evaluation parameter check!
Finish predict parameter check!
Finish workerflow parameter check!
Finish init parameter check!
Finish encode parameter check!
Finish encode parameter check!
Finish intersect parameter check!
Finish init parameter check!
Finish encrypt parameter check!
Finish logistic parameter check!
Finish encrypt parameter check!
Finish scale parameter check!
Finish one_vs_rest parameter check!
Finish all parameter checkers
Finish workerflow parameter check!
fail to post status running
Finish encrypt parameter check!
Finish evaluation parameter check!
Finish predict parameter check!
Finish workerflow parameter check!
Finish init parameter check!
Finish encode parameter check!
Finish encode parameter check!
Finish intersect parameter check!
Finish init parameter check!
Finish encrypt parameter check!
Finish logistic parameter check!
Finish encrypt parameter check!
Finish scale parameter check!
Finish one_vs_rest parameter check!
Finish all parameter checkers
Finish workerflow parameter check!
config path is /fate/examples/intersect/conf/guest_runtime_conf.json_intersect_example_standalone_20190805090550
jobid is intersect_example_standalone_20190805090550
config path is /fate/examples/intersect/conf/host_runtime_conf.json_intersect_example_standalone_20190805090550
jobid is intersect_example_standalone_20190805090550
fail to post status running
Finish encrypt parameter check!
Finish evaluation parameter check!
Finish predict parameter check!
Finish workerflow parameter check!
fail to post status running
Finish init parameter check!
Finish encode parameter check!
Finish encode parameter check!
Finish intersect parameter check!
Finish encrypt parameter check!
Finish init parameter check!
Finish encrypt parameter check!
Finish logistic parameter check!
Finish evaluation parameter check!
Finish encrypt parameter check!
Finish predict parameter check!
Finish workerflow parameter check!
Finish init parameter check!
Finish encode parameter check!
Finish encode parameter check!
Finish intersect parameter check!
Finish scale parameter check!
Finish init parameter check!
Finish encrypt parameter check!
Finish logistic parameter check!
Finish one_vs_rest parameter check!
Finish all parameter checkers
Finish workerflow parameter check!
Finish encrypt parameter check!
Finish scale parameter check!
Finish one_vs_rest parameter check!
Finish all parameter checkers
Finish workerflow parameter check!
config path is /fate/examples/intersect/conf/guest_runtime_conf.json_intersect_example_standalone_20190805112926
jobid is intersect_example_standalone_20190805112926
config path is /fate/examples/intersect/conf/host_runtime_conf.json_intersect_example_standalone_20190805112926
jobid is intersect_example_standalone_20190805112926
fail to post status running
fail to post status running
Finish encrypt parameter check!
Finish encrypt parameter check!
Finish evaluation parameter check!
Finish predict parameter check!
Finish evaluation parameter check!
Finish workerflow parameter check!
Finish predict parameter check!
Finish init parameter check!
Finish encode parameter check!
Finish workerflow parameter check!
Finish encode parameter check!
Finish intersect parameter check!
Finish init parameter check!
Finish encode parameter check!
Finish init parameter check!
Finish encrypt parameter check!
Finish logistic parameter check!
Finish encode parameter check!
Finish intersect parameter check!
Finish init parameter check!
Finish encrypt parameter check!
Finish encrypt parameter check!
Finish logistic parameter check!
Finish encrypt parameter check!
Finish scale parameter check!
Finish one_vs_rest parameter check!
Finish all parameter checkers
Finish workerflow parameter check!
Finish scale parameter check!
Finish one_vs_rest parameter check!
Finish all parameter checkers
Finish workerflow parameter check!
config path is /fate/examples/intersect/conf/guest_runtime_conf.json_intersect_example_standalone_20190805113041
jobid is intersect_example_standalone_20190805113041
config path is /fate/examples/intersect/conf/host_runtime_conf.json_intersect_example_standalone_20190805113041
jobid is intersect_example_standalone_20190805113041
fail to post status running
fail to post status running
Finish encrypt parameter check!
Finish evaluation parameter check!
Finish encrypt parameter check!
Finish predict parameter check!
Finish evaluation parameter check!
Finish workerflow parameter check!
Finish init parameter check!
Finish predict parameter check!
Finish encode parameter check!
Finish workerflow parameter check!
Finish encode parameter check!
Finish intersect parameter check!
Finish init parameter check!
Finish init parameter check!
Finish encrypt parameter check!
Finish logistic parameter check!
Finish encode parameter check!
Finish encode parameter check!
Finish intersect parameter check!
Finish encrypt parameter check!
Finish init parameter check!
Finish encrypt parameter check!
Finish logistic parameter check!
Finish encrypt parameter check!
Finish scale parameter check!
Finish one_vs_rest parameter check!
Finish all parameter checkers
Finish workerflow parameter check!
Finish scale parameter check!
Finish one_vs_rest parameter check!
Finish all parameter checkers
Finish workerflow parameter check!
config path is /fate/examples/intersect/conf/guest_runtime_conf.json_intersect_example_standalone_20190805125124
jobid is intersect_example_standalone_20190805125124
config path is /fate/examples/intersect/conf/host_runtime_conf.json_intersect_example_standalone_20190805125124
jobid is intersect_example_standalone_20190805125124
fail to post status running
Finish encrypt parameter check!
Finish evaluation parameter check!
Finish predict parameter check!
Finish workerflow parameter check!
Finish init parameter check!
Finish encode parameter check!
Finish encode parameter check!
Finish intersect parameter check!
Finish init parameter check!
Finish encrypt parameter check!
Finish logistic parameter check!
Finish encrypt parameter check!
Finish scale parameter check!
Finish one_vs_rest parameter check!
Finish all parameter checkers
Finish workerflow parameter check!
fail to post status running
Finish encrypt parameter check!
Finish evaluation parameter check!
Finish predict parameter check!
Finish workerflow parameter check!
Finish init parameter check!
Finish encode parameter check!
Finish encode parameter check!
Finish intersect parameter check!
Finish init parameter check!
Finish encrypt parameter check!
Finish logistic parameter check!
Finish encrypt parameter check!
Finish scale parameter check!
Finish one_vs_rest parameter check!
Finish all parameter checkers
Finish workerflow parameter check!
config path is /fate/examples/intersect/conf/guest_runtime_conf.json_intersect_example_standalone_20190805125327
jobid is intersect_example_standalone_20190805125327
config path is /fate/examples/intersect/conf/host_runtime_conf.json_intersect_example_standalone_20190805125327
jobid is intersect_example_standalone_20190805125327
fail to post status running
Finish encrypt parameter check!
Finish evaluation parameter check!
Finish predict parameter check!
Finish workerflow parameter check!
Finish init parameter check!
Finish encode parameter check!
Finish encode parameter check!
Finish intersect parameter check!
Finish init parameter check!
Finish encrypt parameter check!
Finish logistic parameter check!
Finish encrypt parameter check!
Finish scale parameter check!
Finish one_vs_rest parameter check!
Finish all parameter checkers
Finish workerflow parameter check!
fail to post status running
Finish encrypt parameter check!
Finish evaluation parameter check!
Finish predict parameter check!
Finish workerflow parameter check!
Finish init parameter check!
Finish encode parameter check!
Finish encode parameter check!
Finish intersect parameter check!
Finish init parameter check!
Finish encrypt parameter check!
Finish logistic parameter check!
Finish encrypt parameter check!
Finish scale parameter check!
Finish one_vs_rest parameter check!
Finish all parameter checkers
Finish workerflow parameter check!
config path is /fate/examples/intersect/conf/guest_runtime_conf.json_intersect_example_standalone_20190805125444
jobid is intersect_example_standalone_20190805125444
config path is /fate/examples/intersect/conf/host_runtime_conf.json_intersect_example_standalone_20190805125444
jobid is intersect_example_standalone_20190805125444
fail to post status running
Finish encrypt parameter check!
Finish evaluation parameter check!
Finish predict parameter check!
Finish workerflow parameter check!
Finish init parameter check!
Finish encode parameter check!
Finish encode parameter check!
Finish intersect parameter check!
Finish init parameter check!
Finish encrypt parameter check!
Finish logistic parameter check!
Finish encrypt parameter check!
Finish scale parameter check!
Finish one_vs_rest parameter check!
Finish all parameter checkers
Finish workerflow parameter check!
fail to post status running
Finish encrypt parameter check!
Finish evaluation parameter check!
Finish predict parameter check!
Finish workerflow parameter check!
Finish init parameter check!
Finish encode parameter check!
Finish encode parameter check!
Finish intersect parameter check!
Finish init parameter check!
Finish encrypt parameter check!
Finish logistic parameter check!
Finish encrypt parameter check!
Finish scale parameter check!
Finish one_vs_rest parameter check!
Finish all parameter checkers
Finish workerflow parameter check!
config path is /fate/examples/intersect/conf/guest_runtime_conf.json_intersect_example_standalone_20190805125807
jobid is intersect_example_standalone_20190805125807
config path is /fate/examples/intersect/conf/host_runtime_conf.json_intersect_example_standalone_20190805125807
jobid is intersect_example_standalone_20190805125807
fail to post status running
Finish encrypt parameter check!
Finish evaluation parameter check!
Finish predict parameter check!
Finish workerflow parameter check!
Finish init parameter check!
Finish encode parameter check!
Finish encode parameter check!
Finish intersect parameter check!
Finish init parameter check!
Finish encrypt parameter check!
Finish logistic parameter check!
Finish encrypt parameter check!
Finish scale parameter check!
Finish one_vs_rest parameter check!
Finish all parameter checkers
Finish workerflow parameter check!
fail to post status running
Finish encrypt parameter check!
Finish evaluation parameter check!
Finish predict parameter check!
Finish workerflow parameter check!
Finish init parameter check!
Finish encode parameter check!
Finish encode parameter check!
Finish intersect parameter check!
Finish init parameter check!
Finish encrypt parameter check!
Finish logistic parameter check!
Finish encrypt parameter check!
Finish scale parameter check!
Finish one_vs_rest parameter check!
Finish all parameter checkers
Finish workerflow parameter check!
config path is /fate/examples/intersect/conf/guest_runtime_conf.json_intersect_example_standalone_20190805130126
jobid is intersect_example_standalone_20190805130126
config path is /fate/examples/intersect/conf/host_runtime_conf.json_intersect_example_standalone_20190805130126
jobid is intersect_example_standalone_20190805130126
fail to post status running
Finish encrypt parameter check!
Finish evaluation parameter check!
Finish predict parameter check!
fail to post status running
Finish workerflow parameter check!
Finish init parameter check!
Finish encode parameter check!
Finish encrypt parameter check!
Finish encode parameter check!
Finish intersect parameter check!
Finish init parameter check!
Finish evaluation parameter check!
Finish encrypt parameter check!
Finish logistic parameter check!
Finish predict parameter check!
Finish encrypt parameter check!
Finish workerflow parameter check!
Finish init parameter check!
Finish encode parameter check!
Finish encode parameter check!
Finish intersect parameter check!
Finish init parameter check!
Finish encrypt parameter check!
Finish logistic parameter check!
Finish scale parameter check!
Finish one_vs_rest parameter check!
Finish encrypt parameter check!
Finish all parameter checkers
Finish workerflow parameter check!
Finish scale parameter check!
Finish one_vs_rest parameter check!
Finish all parameter checkers
Finish workerflow parameter check!
config path is /fate/examples/intersect/conf/guest_runtime_conf.json_intersect_example_standalone_20190805130414
jobid is intersect_example_standalone_20190805130414
config path is /fate/examples/intersect/conf/host_runtime_conf.json_intersect_example_standalone_20190805130414
jobid is intersect_example_standalone_20190805130414
fail to post status running
Finish encrypt parameter check!
Finish evaluation parameter check!
Finish predict parameter check!
Finish workerflow parameter check!
Finish init parameter check!
Finish encode parameter check!
Finish encode parameter check!
Finish intersect parameter check!
Finish init parameter check!
Finish encrypt parameter check!
Finish logistic parameter check!
Finish encrypt parameter check!
Finish scale parameter check!
Finish one_vs_rest parameter check!
Finish all parameter checkers
Finish workerflow parameter check!
fail to post status running
Finish encrypt parameter check!
Finish evaluation parameter check!
Finish predict parameter check!
Finish workerflow parameter check!
Finish init parameter check!
Finish encode parameter check!
Finish encode parameter check!
Finish intersect parameter check!
Finish init parameter check!
Finish encrypt parameter check!
Finish logistic parameter check!
Finish encrypt parameter check!
Finish scale parameter check!
Finish one_vs_rest parameter check!
Finish all parameter checkers
Finish workerflow parameter check!
config path is /fate/examples/intersect/conf/guest_runtime_conf.json_intersect_example_standalone_20190805130518
jobid is intersect_example_standalone_20190805130518
config path is /fate/examples/intersect/conf/host_runtime_conf.json_intersect_example_standalone_20190805130518
jobid is intersect_example_standalone_20190805130518
fail to post status running
Finish encrypt parameter check!
Finish evaluation parameter check!
Finish predict parameter check!
Finish workerflow parameter check!
Finish init parameter check!
Finish encode parameter check!
Finish encode parameter check!
Finish intersect parameter check!
Finish init parameter check!
Finish encrypt parameter check!
Finish logistic parameter check!
Finish encrypt parameter check!
Finish scale parameter check!
Finish one_vs_rest parameter check!
Finish all parameter checkers
Finish workerflow parameter check!
fail to post status running
Finish encrypt parameter check!
Finish evaluation parameter check!
Finish predict parameter check!
Finish workerflow parameter check!
Finish init parameter check!
Finish encode parameter check!
Finish encode parameter check!
Finish intersect parameter check!
Finish init parameter check!
Finish encrypt parameter check!
Finish logistic parameter check!
Finish encrypt parameter check!
Finish scale parameter check!
Finish one_vs_rest parameter check!
Finish all parameter checkers
Finish workerflow parameter check!
config path is /fate/examples/intersect/conf/guest_runtime_conf.json_intersect_example_standalone_20190805131234
jobid is intersect_example_standalone_20190805131234
config path is /fate/examples/intersect/conf/host_runtime_conf.json_intersect_example_standalone_20190805131234
jobid is intersect_example_standalone_20190805131234
fail to post status running
Finish encrypt parameter check!
Finish evaluation parameter check!
Finish predict parameter check!
Finish workerflow parameter check!
Finish init parameter check!
Finish encode parameter check!
Finish encode parameter check!
Finish intersect parameter check!
Finish init parameter check!
Finish encrypt parameter check!
Finish logistic parameter check!
Finish encrypt parameter check!
Finish scale parameter check!
Finish one_vs_rest parameter check!
Finish all parameter checkers
Finish workerflow parameter check!
fail to post status running
Finish encrypt parameter check!
Finish evaluation parameter check!
Finish predict parameter check!
Finish workerflow parameter check!
Finish init parameter check!
Finish encode parameter check!
Finish encode parameter check!
Finish intersect parameter check!
Finish init parameter check!
Finish encrypt parameter check!
Finish logistic parameter check!
Finish encrypt parameter check!
Finish scale parameter check!
Finish one_vs_rest parameter check!
Finish all parameter checkers
Finish workerflow parameter check!
config path is /fate/examples/intersect/conf/guest_runtime_conf.json_intersect_example_standalone_20190805143309
jobid is intersect_example_standalone_20190805143309
config path is /fate/examples/intersect/conf/host_runtime_conf.json_intersect_example_standalone_20190805143309
jobid is intersect_example_standalone_20190805143309
fail to post status running
Finish encrypt parameter check!
Finish evaluation parameter check!
Finish predict parameter check!
Finish workerflow parameter check!
Finish init parameter check!
Finish encode parameter check!
Finish encode parameter check!
Finish intersect parameter check!
Finish init parameter check!
Finish encrypt parameter check!
Finish logistic parameter check!
Finish encrypt parameter check!
Finish scale parameter check!
Finish one_vs_rest parameter check!
Finish all parameter checkers
Finish workerflow parameter check!
fail to post status running
Finish encrypt parameter check!
Finish evaluation parameter check!
Finish predict parameter check!
Finish workerflow parameter check!
Finish init parameter check!
Finish encode parameter check!
Finish encode parameter check!
Finish intersect parameter check!
Finish init parameter check!
Finish encrypt parameter check!
Finish logistic parameter check!
Finish encrypt parameter check!
Finish scale parameter check!
Finish one_vs_rest parameter check!
Finish all parameter checkers
Finish workerflow parameter check!
config path is /fate/examples/intersect/conf/guest_runtime_conf.json_intersect_example_standalone_20190806024250
jobid is intersect_example_standalone_20190806024250
config path is /fate/examples/intersect/conf/host_runtime_conf.json_intersect_example_standalone_20190806024250
jobid is intersect_example_standalone_20190806024250
fail to post status running
Finish encrypt parameter check!
Finish evaluation parameter check!
Finish predict parameter check!
Finish workerflow parameter check!
Finish init parameter check!
Finish encode parameter check!
Finish encode parameter check!
Finish intersect parameter check!
Finish init parameter check!
Finish encrypt parameter check!
Finish logistic parameter check!
Finish encrypt parameter check!
Finish scale parameter check!
Finish one_vs_rest parameter check!
Finish all parameter checkers
Finish workerflow parameter check!
fail to post status running
Finish encrypt parameter check!
Finish evaluation parameter check!
Finish predict parameter check!
Finish workerflow parameter check!
Finish init parameter check!
Finish encode parameter check!
Finish encode parameter check!
Finish intersect parameter check!
Finish init parameter check!
Finish encrypt parameter check!
Finish logistic parameter check!
Finish encrypt parameter check!
Finish scale parameter check!
Finish one_vs_rest parameter check!
Finish all parameter checkers
Finish workerflow parameter check!
config path is /fate/examples/intersect/conf/guest_runtime_conf.json_intersect_example_standalone_20190806030251
jobid is intersect_example_standalone_20190806030251
config path is /fate/examples/intersect/conf/host_runtime_conf.json_intersect_example_standalone_20190806030251
jobid is intersect_example_standalone_20190806030251
fail to post status running
Finish encrypt parameter check!
Finish evaluation parameter check!
Finish predict parameter check!
Finish workerflow parameter check!
Finish init parameter check!
Finish encode parameter check!
Finish encode parameter check!
Finish intersect parameter check!
Finish init parameter check!
Finish encrypt parameter check!
Finish logistic parameter check!
Finish encrypt parameter check!
Finish scale parameter check!
Finish one_vs_rest parameter check!
Finish all parameter checkers
Finish workerflow parameter check!
fail to post status running
Finish encrypt parameter check!
Finish evaluation parameter check!
Finish predict parameter check!
Finish workerflow parameter check!
Finish init parameter check!
Finish encode parameter check!
Finish encode parameter check!
Finish intersect parameter check!
Finish init parameter check!
Finish encrypt parameter check!
Finish logistic parameter check!
Finish encrypt parameter check!
Finish scale parameter check!
Finish one_vs_rest parameter check!
Finish all parameter checkers
Finish workerflow parameter check!
config path is /fate/examples/intersect/conf/guest_runtime_conf.json_intersect_example_standalone_20190806030539
jobid is intersect_example_standalone_20190806030539
config path is /fate/examples/intersect/conf/host_runtime_conf.json_intersect_example_standalone_20190806030539
jobid is intersect_example_standalone_20190806030539
fail to post status running
Finish encrypt parameter check!
Finish evaluation parameter check!
Finish predict parameter check!
fail to post status running
Finish workerflow parameter check!
Finish init parameter check!
Finish encode parameter check!
Finish encrypt parameter check!
Finish encode parameter check!
Finish intersect parameter check!
Finish init parameter check!
Finish encrypt parameter check!
Finish logistic parameter check!
Finish evaluation parameter check!
Finish predict parameter check!
Finish encrypt parameter check!
Finish workerflow parameter check!
Finish init parameter check!
Finish encode parameter check!
Finish encode parameter check!
Finish intersect parameter check!
Finish init parameter check!
Finish encrypt parameter check!
Finish logistic parameter check!
Finish scale parameter check!
Finish encrypt parameter check!
Finish one_vs_rest parameter check!
Finish all parameter checkers
Finish workerflow parameter check!
Finish scale parameter check!
Finish one_vs_rest parameter check!
Finish all parameter checkers
Finish workerflow parameter check!
config path is /fate/examples/intersect/conf/guest_runtime_conf.json_intersect_example_standalone_20190806030700
jobid is intersect_example_standalone_20190806030700
config path is /fate/examples/intersect/conf/host_runtime_conf.json_intersect_example_standalone_20190806030700
jobid is intersect_example_standalone_20190806030700
fail to post status running
Finish encrypt parameter check!
Finish evaluation parameter check!
Finish predict parameter check!
Finish workerflow parameter check!
Finish init parameter check!
Finish encode parameter check!
Finish encode parameter check!
Finish intersect parameter check!
Finish init parameter check!
Finish encrypt parameter check!
Finish logistic parameter check!
Finish encrypt parameter check!
Finish scale parameter check!
Finish one_vs_rest parameter check!
Finish all parameter checkers
Finish workerflow parameter check!
fail to post status running
Finish encrypt parameter check!
Finish evaluation parameter check!
Finish predict parameter check!
Finish workerflow parameter check!
Finish init parameter check!
Finish encode parameter check!
Finish encode parameter check!
Finish intersect parameter check!
Finish init parameter check!
Finish encrypt parameter check!
Finish logistic parameter check!
Finish encrypt parameter check!
Finish scale parameter check!
Finish one_vs_rest parameter check!
Finish all parameter checkers
Finish workerflow parameter check!
config path is /fate/examples/intersect/conf/guest_runtime_conf.json_intersect_example_standalone_20190806031902
jobid is intersect_example_standalone_20190806031902
config path is /fate/examples/intersect/conf/host_runtime_conf.json_intersect_example_standalone_20190806031902
jobid is intersect_example_standalone_20190806031902
fail to post status running
Finish encrypt parameter check!
Finish evaluation parameter check!
Finish predict parameter check!
Finish workerflow parameter check!
Finish init parameter check!
Finish encode parameter check!
Finish encode parameter check!
Finish intersect parameter check!
Finish init parameter check!
Finish encrypt parameter check!
Finish logistic parameter check!
Finish encrypt parameter check!
Finish scale parameter check!
Finish one_vs_rest parameter check!
Finish all parameter checkers
Finish workerflow parameter check!
fail to post status running
Finish encrypt parameter check!
Finish evaluation parameter check!
Finish predict parameter check!
Finish workerflow parameter check!
Finish init parameter check!
Finish encode parameter check!
Finish encode parameter check!
Finish intersect parameter check!
Finish init parameter check!
Finish encrypt parameter check!
Finish logistic parameter check!
Finish encrypt parameter check!
Finish scale parameter check!
Finish one_vs_rest parameter check!
Finish all parameter checkers
Finish workerflow parameter check!
config path is /fate/examples/intersect/conf/guest_runtime_conf.json_intersect_example_standalone_20190806032048
jobid is intersect_example_standalone_20190806032048
config path is /fate/examples/intersect/conf/host_runtime_conf.json_intersect_example_standalone_20190806032048
jobid is intersect_example_standalone_20190806032048
fail to post status running
Finish encrypt parameter check!
Finish evaluation parameter check!
Finish predict parameter check!
Finish workerflow parameter check!
Finish init parameter check!
Finish encode parameter check!
Finish encode parameter check!
Finish intersect parameter check!
Finish init parameter check!
Finish encrypt parameter check!
Finish logistic parameter check!
Finish encrypt parameter check!
Finish scale parameter check!
Finish one_vs_rest parameter check!
Finish all parameter checkers
Finish workerflow parameter check!
fail to post status running
Finish encrypt parameter check!
Finish evaluation parameter check!
Finish predict parameter check!
Finish workerflow parameter check!
Finish init parameter check!
Finish encode parameter check!
Finish encode parameter check!
Finish intersect parameter check!
Finish init parameter check!
Finish encrypt parameter check!
Finish logistic parameter check!
Finish encrypt parameter check!
Finish scale parameter check!
Finish one_vs_rest parameter check!
Finish all parameter checkers
Finish workerflow parameter check!
config path is /fate/examples/intersect/conf/guest_runtime_conf.json_intersect_example_standalone_20190806032414
jobid is intersect_example_standalone_20190806032414
config path is /fate/examples/intersect/conf/host_runtime_conf.json_intersect_example_standalone_20190806032414
jobid is intersect_example_standalone_20190806032414
fail to post status running
Finish encrypt parameter check!
Finish evaluation parameter check!
Finish predict parameter check!
Finish workerflow parameter check!
Finish init parameter check!
Finish encode parameter check!
Finish encode parameter check!
Finish intersect parameter check!
Finish init parameter check!
Finish encrypt parameter check!
Finish logistic parameter check!
Finish encrypt parameter check!
Finish scale parameter check!
Finish one_vs_rest parameter check!
Finish all parameter checkers
Finish workerflow parameter check!
fail to post status running
Finish encrypt parameter check!
Finish evaluation parameter check!
Finish predict parameter check!
Finish workerflow parameter check!
Finish init parameter check!
Finish encode parameter check!
Finish encode parameter check!
Finish intersect parameter check!
Finish init parameter check!
Finish encrypt parameter check!
Finish logistic parameter check!
Finish encrypt parameter check!
Finish scale parameter check!
Finish one_vs_rest parameter check!
Finish all parameter checkers
Finish workerflow parameter check!
config path is /fate/examples/intersect/conf/guest_runtime_conf.json_intersect_example_standalone_20190806032725
jobid is intersect_example_standalone_20190806032725
config path is /fate/examples/intersect/conf/host_runtime_conf.json_intersect_example_standalone_20190806032725
jobid is intersect_example_standalone_20190806032725
fail to post status running
Finish encrypt parameter check!
Finish evaluation parameter check!
Finish predict parameter check!
Finish workerflow parameter check!
Finish init parameter check!
Finish encode parameter check!
Finish encode parameter check!
Finish intersect parameter check!
Finish init parameter check!
Finish encrypt parameter check!
Finish logistic parameter check!
Finish encrypt parameter check!
Finish scale parameter check!
Finish one_vs_rest parameter check!
Finish all parameter checkers
Finish workerflow parameter check!
fail to post status running
Finish encrypt parameter check!
Finish evaluation parameter check!
Finish predict parameter check!
Finish workerflow parameter check!
Finish init parameter check!
Finish encode parameter check!
Finish encode parameter check!
Finish intersect parameter check!
Finish init parameter check!
Finish encrypt parameter check!
Finish logistic parameter check!
Finish encrypt parameter check!
Finish scale parameter check!
Finish one_vs_rest parameter check!
Finish all parameter checkers
Finish workerflow parameter check!
config path is /fate/examples/intersect/conf/guest_runtime_conf.json_intersect_example_standalone_20190806032903
jobid is intersect_example_standalone_20190806032903
config path is /fate/examples/intersect/conf/host_runtime_conf.json_intersect_example_standalone_20190806032903
jobid is intersect_example_standalone_20190806032903
fail to post status running
Finish encrypt parameter check!
Finish evaluation parameter check!
Finish predict parameter check!
Finish workerflow parameter check!
Finish init parameter check!
Finish encode parameter check!
Finish encode parameter check!
Finish intersect parameter check!
Finish init parameter check!
Finish encrypt parameter check!
Finish logistic parameter check!
Finish encrypt parameter check!
Finish scale parameter check!
Finish one_vs_rest parameter check!
Finish all parameter checkers
Finish workerflow parameter check!
fail to post status running
Finish encrypt parameter check!
Finish evaluation parameter check!
Finish predict parameter check!
Finish workerflow parameter check!
Finish init parameter check!
Finish encode parameter check!
Finish encode parameter check!
Finish intersect parameter check!
Finish init parameter check!
Finish encrypt parameter check!
Finish logistic parameter check!
Finish encrypt parameter check!
Finish scale parameter check!
Finish one_vs_rest parameter check!
Finish all parameter checkers
Finish workerflow parameter check!
config path is /fate/examples/intersect/conf/guest_runtime_conf.json_intersect_example_standalone_20190806033409
jobid is intersect_example_standalone_20190806033409
config path is /fate/examples/intersect/conf/host_runtime_conf.json_intersect_example_standalone_20190806033409
jobid is intersect_example_standalone_20190806033409
fail to post status running
Finish encrypt parameter check!
Finish evaluation parameter check!
Finish predict parameter check!
Finish workerflow parameter check!
Finish init parameter check!
Finish encode parameter check!
Finish encode parameter check!
Finish intersect parameter check!
Finish init parameter check!
Finish encrypt parameter check!
Finish logistic parameter check!
Finish encrypt parameter check!
Finish scale parameter check!
Finish one_vs_rest parameter check!
Finish all parameter checkers
Finish workerflow parameter check!
fail to post status running
Finish encrypt parameter check!
Finish evaluation parameter check!
Finish predict parameter check!
Finish workerflow parameter check!
Finish init parameter check!
Finish encode parameter check!
Finish encode parameter check!
Finish intersect parameter check!
Finish init parameter check!
Finish encrypt parameter check!
Finish logistic parameter check!
Finish encrypt parameter check!
Finish scale parameter check!
Finish one_vs_rest parameter check!
Finish all parameter checkers
Finish workerflow parameter check!
config path is /fate/examples/intersect/conf/guest_runtime_conf.json_intersect_example_standalone_20190806034422
jobid is intersect_example_standalone_20190806034422
config path is /fate/examples/intersect/conf/host_runtime_conf.json_intersect_example_standalone_20190806034422
jobid is intersect_example_standalone_20190806034422
fail to post status running
Finish encrypt parameter check!
Finish evaluation parameter check!
Finish predict parameter check!
Finish workerflow parameter check!
Finish init parameter check!
Finish encode parameter check!
Finish encode parameter check!
Finish intersect parameter check!
Finish init parameter check!
Finish encrypt parameter check!
Finish logistic parameter check!
Finish encrypt parameter check!
Finish scale parameter check!
Finish one_vs_rest parameter check!
Finish all parameter checkers
Finish workerflow parameter check!
fail to post status running
Finish encrypt parameter check!
Finish evaluation parameter check!
Finish predict parameter check!
Finish workerflow parameter check!
Finish init parameter check!
Finish encode parameter check!
Finish encode parameter check!
Finish intersect parameter check!
Finish init parameter check!
Finish encrypt parameter check!
Finish logistic parameter check!
Finish encrypt parameter check!
Finish scale parameter check!
Finish one_vs_rest parameter check!
Finish all parameter checkers
Finish workerflow parameter check!
config path is /fate/examples/intersect/conf/guest_runtime_conf.json_intersect_example_standalone_20190806034554
jobid is intersect_example_standalone_20190806034554
config path is /fate/examples/intersect/conf/host_runtime_conf.json_intersect_example_standalone_20190806034554
jobid is intersect_example_standalone_20190806034554
fail to post status running
Finish encrypt parameter check!
Finish evaluation parameter check!
Finish predict parameter check!
Finish workerflow parameter check!
Finish init parameter check!
Finish encode parameter check!
Finish encode parameter check!
Finish intersect parameter check!
Finish init parameter check!
Finish encrypt parameter check!
Finish logistic parameter check!
Finish encrypt parameter check!
Finish scale parameter check!
Finish one_vs_rest parameter check!
Finish all parameter checkers
Finish workerflow parameter check!
fail to post status running
Finish encrypt parameter check!
Finish evaluation parameter check!
Finish predict parameter check!
Finish workerflow parameter check!
Finish init parameter check!
Finish encode parameter check!
Finish encode parameter check!
Finish intersect parameter check!
Finish init parameter check!
Finish encrypt parameter check!
Finish logistic parameter check!
Finish encrypt parameter check!
Finish scale parameter check!
Finish one_vs_rest parameter check!
Finish all parameter checkers
Finish workerflow parameter check!
config path is /fate/examples/intersect/conf/guest_runtime_conf.json_intersect_example_standalone_20190806034839
jobid is intersect_example_standalone_20190806034839
config path is /fate/examples/intersect/conf/host_runtime_conf.json_intersect_example_standalone_20190806034839
jobid is intersect_example_standalone_20190806034839
fail to post status running
Finish encrypt parameter check!
Finish evaluation parameter check!
Finish predict parameter check!
Finish workerflow parameter check!
Finish init parameter check!
Finish encode parameter check!
Finish encode parameter check!
Finish intersect parameter check!
Finish init parameter check!
Finish encrypt parameter check!
Finish logistic parameter check!
Finish encrypt parameter check!
Finish scale parameter check!
Finish one_vs_rest parameter check!
Finish all parameter checkers
Finish workerflow parameter check!
fail to post status running
Finish encrypt parameter check!
Finish evaluation parameter check!
Finish predict parameter check!
Finish workerflow parameter check!
Finish init parameter check!
Finish encode parameter check!
Finish encode parameter check!
Finish intersect parameter check!
Finish init parameter check!
Finish encrypt parameter check!
Finish logistic parameter check!
Finish encrypt parameter check!
Finish scale parameter check!
Finish one_vs_rest parameter check!
Finish all parameter checkers
Finish workerflow parameter check!
config path is /fate/examples/intersect/conf/guest_runtime_conf.json_intersect_example_standalone_20190806035340
jobid is intersect_example_standalone_20190806035340
config path is /fate/examples/intersect/conf/host_runtime_conf.json_intersect_example_standalone_20190806035340
jobid is intersect_example_standalone_20190806035340
fail to post status running
Finish encrypt parameter check!
Finish evaluation parameter check!
Finish predict parameter check!
Finish workerflow parameter check!
Finish init parameter check!
Finish encode parameter check!
Finish encode parameter check!
Finish intersect parameter check!
Finish init parameter check!
Finish encrypt parameter check!
Finish logistic parameter check!
Finish encrypt parameter check!
Finish scale parameter check!
Finish one_vs_rest parameter check!
Finish all parameter checkers
Finish workerflow parameter check!
fail to post status running
Finish encrypt parameter check!
Finish evaluation parameter check!
Finish predict parameter check!
Finish workerflow parameter check!
Finish init parameter check!
Finish encode parameter check!
Finish encode parameter check!
Finish intersect parameter check!
Finish init parameter check!
Finish encrypt parameter check!
Finish logistic parameter check!
Finish encrypt parameter check!
Finish scale parameter check!
Finish one_vs_rest parameter check!
Finish all parameter checkers
Finish workerflow parameter check!
config path is /fate/examples/intersect/conf/guest_runtime_conf.json_intersect_example_standalone_20190806035625
jobid is intersect_example_standalone_20190806035625
config path is /fate/examples/intersect/conf/host_runtime_conf.json_intersect_example_standalone_20190806035625
jobid is intersect_example_standalone_20190806035625
fail to post status running
Finish encrypt parameter check!
Finish evaluation parameter check!
Finish predict parameter check!
Finish workerflow parameter check!
Finish init parameter check!
Finish encode parameter check!
Finish encode parameter check!
Finish intersect parameter check!
Finish init parameter check!
Finish encrypt parameter check!
Finish logistic parameter check!
Finish encrypt parameter check!
Finish scale parameter check!
Finish one_vs_rest parameter check!
Finish all parameter checkers
Finish workerflow parameter check!
fail to post status running
Finish encrypt parameter check!
Finish evaluation parameter check!
Finish predict parameter check!
Finish workerflow parameter check!
Finish init parameter check!
Finish encode parameter check!
Finish encode parameter check!
Finish intersect parameter check!
Finish init parameter check!
Finish encrypt parameter check!
Finish logistic parameter check!
Finish encrypt parameter check!
Finish scale parameter check!
Finish one_vs_rest parameter check!
Finish all parameter checkers
Finish workerflow parameter check!
config path is /fate/examples/intersect/conf/guest_runtime_conf.json_intersect_example_standalone_20190806035949
jobid is intersect_example_standalone_20190806035949
config path is /fate/examples/intersect/conf/host_runtime_conf.json_intersect_example_standalone_20190806035949
jobid is intersect_example_standalone_20190806035949
fail to post status running
fail to post status running
Finish encrypt parameter check!
Finish encrypt parameter check!
Finish evaluation parameter check!
Finish predict parameter check!
Finish evaluation parameter check!
Finish workerflow parameter check!
Finish predict parameter check!
Finish init parameter check!
Finish encode parameter check!
Finish workerflow parameter check!
Finish encode parameter check!
Finish intersect parameter check!
Finish init parameter check!
Finish init parameter check!
Finish encode parameter check!
Finish encrypt parameter check!
Finish logistic parameter check!
Finish encode parameter check!
Finish intersect parameter check!
Finish encrypt parameter check!
Finish init parameter check!
Finish encrypt parameter check!
Finish logistic parameter check!
Finish encrypt parameter check!
Finish scale parameter check!
Finish one_vs_rest parameter check!
Finish all parameter checkers
Finish workerflow parameter check!
Finish scale parameter check!
Finish one_vs_rest parameter check!
Finish all parameter checkers
Finish workerflow parameter check!
config path is /fate/examples/intersect/conf/guest_runtime_conf.json_intersect_example_standalone_20190806040243
jobid is intersect_example_standalone_20190806040243
config path is /fate/examples/intersect/conf/host_runtime_conf.json_intersect_example_standalone_20190806040243
jobid is intersect_example_standalone_20190806040243
fail to post status running
Finish encrypt parameter check!
Finish evaluation parameter check!
Finish predict parameter check!
Finish workerflow parameter check!
Finish init parameter check!
Finish encode parameter check!
Finish encode parameter check!
Finish intersect parameter check!
Finish init parameter check!
Finish encrypt parameter check!
Finish logistic parameter check!
Finish encrypt parameter check!
Finish scale parameter check!
Finish one_vs_rest parameter check!
Finish all parameter checkers
Finish workerflow parameter check!
fail to post status running
Finish encrypt parameter check!
Finish evaluation parameter check!
Finish predict parameter check!
Finish workerflow parameter check!
Finish init parameter check!
Finish encode parameter check!
Finish encode parameter check!
Finish intersect parameter check!
Finish init parameter check!
Finish encrypt parameter check!
Finish logistic parameter check!
Finish encrypt parameter check!
Finish scale parameter check!
Finish one_vs_rest parameter check!
Finish all parameter checkers
Finish workerflow parameter check!
config path is /fate/examples/intersect/conf/guest_runtime_conf.json_intersect_example_standalone_20190806052416
jobid is intersect_example_standalone_20190806052416
config path is /fate/examples/intersect/conf/host_runtime_conf.json_intersect_example_standalone_20190806052416
jobid is intersect_example_standalone_20190806052416
Traceback (most recent call last):
  File "../../workflow/intersect_workflow/intersect_host_workflow.py", line 21, in <module>
    from workflow.workflow import WorkFlow
  File "/fate/workflow/workflow.py", line 908
    LOGGER.info("id:{}, date_instanceid:{}, data_instancefeatures:{}, shape:{}".format(
         ^
IndentationError: expected an indented block
Traceback (most recent call last):
  File "../../workflow/intersect_workflow/intersect_guest_workflow.py", line 21, in <module>
    from workflow.workflow import WorkFlow
  File "/fate/workflow/workflow.py", line 908
    LOGGER.info("id:{}, date_instanceid:{}, data_instancefeatures:{}, shape:{}".format(
         ^
IndentationError: expected an indented block
config path is /fate/examples/intersect/conf/guest_runtime_conf.json_intersect_example_standalone_20190806052735
jobid is intersect_example_standalone_20190806052735
config path is /fate/examples/intersect/conf/host_runtime_conf.json_intersect_example_standalone_20190806052735
jobid is intersect_example_standalone_20190806052735
fail to post status running
Finish encrypt parameter check!
Finish evaluation parameter check!
Finish predict parameter check!
Finish workerflow parameter check!
Finish init parameter check!
Finish encode parameter check!
Finish encode parameter check!
Finish intersect parameter check!
Finish init parameter check!
Finish encrypt parameter check!
Finish logistic parameter check!
Finish encrypt parameter check!
Finish scale parameter check!
Finish one_vs_rest parameter check!
Finish all parameter checkers
Finish workerflow parameter check!
fail to post status running
Finish encrypt parameter check!
Finish evaluation parameter check!
Finish predict parameter check!
Finish workerflow parameter check!
Finish init parameter check!
Finish encode parameter check!
Finish encode parameter check!
Finish intersect parameter check!
Finish init parameter check!
Finish encrypt parameter check!
Finish logistic parameter check!
Finish encrypt parameter check!
Finish scale parameter check!
Finish one_vs_rest parameter check!
Finish all parameter checkers
Finish workerflow parameter check!
config path is /fate/examples/intersect/conf/guest_runtime_conf.json_intersect_example_standalone_20190806052920
jobid is intersect_example_standalone_20190806052920
config path is /fate/examples/intersect/conf/host_runtime_conf.json_intersect_example_standalone_20190806052920
jobid is intersect_example_standalone_20190806052920
fail to post status running
Finish encrypt parameter check!
Finish evaluation parameter check!
Finish predict parameter check!
Finish workerflow parameter check!
Finish init parameter check!
Finish encode parameter check!
Finish encode parameter check!
Finish intersect parameter check!
Finish init parameter check!
Finish encrypt parameter check!
Finish logistic parameter check!
Finish encrypt parameter check!
Finish scale parameter check!
Finish one_vs_rest parameter check!
Finish all parameter checkers
Finish workerflow parameter check!
fail to post status running
Finish encrypt parameter check!
Finish evaluation parameter check!
Finish predict parameter check!
Finish workerflow parameter check!
Finish init parameter check!
Finish encode parameter check!
Finish encode parameter check!
Finish intersect parameter check!
Finish init parameter check!
Finish encrypt parameter check!
Finish logistic parameter check!
Finish encrypt parameter check!
Finish scale parameter check!
Finish one_vs_rest parameter check!
Finish all parameter checkers
Finish workerflow parameter check!
