"2019-08-23 09:17:34,319 - federation.py[line:124] - DEBUG: [REMOTE] Sent hetero_network_embedding_example_standalone_20190823091729-RawIntersectTransferVariable.send_ids_host-RawIntersectTransferVariable.send_ids_host.embedding0-host-9999-guest-10000"
"2019-08-23 09:17:34,319 - federation.py[line:124] - DEBUG: [REMOTE] Sent hetero_network_embedding_example_standalone_20190823091729-HeteroNETransferVariable.paillier_pubkey-HeteroNETransferVariable.paillier_pubkey.0-arbiter-10000-host-9999"
"2019-08-23 09:17:34,320 - federation.py[line:145] - DEBUG: [GET] host 9999 getting remote object RawIntersectTransferVariable.intersect_ids_guest.embedding0 from guest [10000]"
"2019-08-23 09:17:34,354 - federation.py[line:145] - DEBUG: [GET] guest 10000 getting remote object RawIntersectTransferVariable.send_ids_host.embedding0 from host [9999]"
"2019-08-23 09:17:34,355 - federation.py[line:46] - DEBUG: [GET] Got hetero_network_embedding_example_standalone_20190823091729-RawIntersectTransferVariable.send_ids_host-RawIntersectTransferVariable.send_ids_host.embedding0-host-9999-guest-10000 type Table"
"2019-08-23 09:17:34,381 - federation.py[line:124] - DEBUG: [REMOTE] Sent hetero_network_embedding_example_standalone_20190823091729-HeteroNETransferVariable.paillier_pubkey-HeteroNETransferVariable.paillier_pubkey.0-arbiter-10000-guest-10000"
"2019-08-23 09:17:34,381 - federation.py[line:145] - DEBUG: [GET] arbiter 10000 getting remote object HeteroNETransferVariable.batch_info.0 from guest [10000]"
"2019-08-23 09:17:34,618 - federation.py[line:124] - DEBUG: [REMOTE] Sent hetero_network_embedding_example_standalone_20190823091729-RawIntersectTransferVariable.intersect_ids_guest-RawIntersectTransferVariable.intersect_ids_guest.embedding0-guest-10000-host-9999"
"2019-08-23 09:17:34,622 - federation.py[line:46] - DEBUG: [GET] Got hetero_network_embedding_example_standalone_20190823091729-RawIntersectTransferVariable.intersect_ids_guest-RawIntersectTransferVariable.intersect_ids_guest.embedding0-guest-10000-host-9999 type Table"
"2019-08-23 09:17:35,389 - federation.py[line:145] - DEBUG: [GET] guest 10000 getting remote object HeteroNETransferVariable.paillier_pubkey.0 from arbiter [10000]"
"2019-08-23 09:17:35,390 - federation.py[line:46] - DEBUG: [GET] Got hetero_network_embedding_example_standalone_20190823091729-HeteroNETransferVariable.paillier_pubkey-HeteroNETransferVariable.paillier_pubkey.0-arbiter-10000-guest-10000 type Object"
"2019-08-23 09:17:35,745 - federation.py[line:145] - DEBUG: [GET] host 9999 getting remote object HeteroNETransferVariable.paillier_pubkey.0 from arbiter [10000]"
"2019-08-23 09:17:35,745 - federation.py[line:46] - DEBUG: [GET] Got hetero_network_embedding_example_standalone_20190823091729-HeteroNETransferVariable.paillier_pubkey-HeteroNETransferVariable.paillier_pubkey.0-arbiter-10000-host-9999 type Object"
"2019-08-23 09:17:35,746 - federation.py[line:145] - DEBUG: [GET] host 9999 getting remote object HeteroNETransferVariable.batch_info.0 from guest [10000]"
"2019-08-23 09:17:38,682 - federation.py[line:124] - DEBUG: [REMOTE] Sent hetero_network_embedding_example_standalone_20190823091729-HeteroNETransferVariable.batch_info-HeteroNETransferVariable.batch_info.0-guest-10000-host-9999"
"2019-08-23 09:17:38,748 - federation.py[line:124] - DEBUG: [REMOTE] Sent hetero_network_embedding_example_standalone_20190823091729-HeteroNETransferVariable.batch_info-HeteroNETransferVariable.batch_info.0-guest-10000-arbiter-10000"
"2019-08-23 09:17:38,758 - federation.py[line:46] - DEBUG: [GET] Got hetero_network_embedding_example_standalone_20190823091729-HeteroNETransferVariable.batch_info-HeteroNETransferVariable.batch_info.0-guest-10000-host-9999 type Object"
"2019-08-23 09:17:38,760 - federation.py[line:145] - DEBUG: [GET] host 9999 getting remote object HeteroNETransferVariable.batch_data_index.0.0.0 from guest [10000]"
"2019-08-23 09:17:38,800 - federation.py[line:46] - DEBUG: [GET] Got hetero_network_embedding_example_standalone_20190823091729-HeteroNETransferVariable.batch_info-HeteroNETransferVariable.batch_info.0-guest-10000-arbiter-10000 type Object"
"2019-08-23 09:17:38,800 - federation.py[line:145] - DEBUG: [GET] arbiter 10000 getting remote object HeteroNETransferVariable.host_gradient.0.0.0 from guest [10000]"
"2019-08-23 09:17:38,861 - federation.py[line:46] - DEBUG: [GET] Got hetero_network_embedding_example_standalone_20190823091729-HeteroNETransferVariable.batch_data_index-HeteroNETransferVariable.batch_data_index.0.0.0-guest-10000-host-9999 type Table"
"2019-08-23 09:17:38,994 - federation.py[line:124] - DEBUG: [REMOTE] Sent hetero_network_embedding_example_standalone_20190823091729-HeteroNETransferVariable.batch_data_index-HeteroNETransferVariable.batch_data_index.0.0.0-guest-10000-host-9999"
"2019-08-23 09:17:47,796 - federation.py[line:145] - DEBUG: [GET] guest 10000 getting remote object HeteroNETransferVariable.host_forward_dict.0.0.0 from host [9999]"
"2019-08-23 09:17:47,816 - federation.py[line:124] - DEBUG: [REMOTE] Sent hetero_network_embedding_example_standalone_20190823091729-HeteroNETransferVariable.host_forward_dict-HeteroNETransferVariable.host_forward_dict.0.0.0-host-9999-guest-10000"
"2019-08-23 09:17:47,816 - federation.py[line:145] - DEBUG: [GET] host 9999 getting remote object HeteroNETransferVariable.host_optim_gradient.0.0.0 from arbiter [10000]"
"2019-08-23 09:17:47,897 - federation.py[line:46] - DEBUG: [GET] Got hetero_network_embedding_example_standalone_20190823091729-HeteroNETransferVariable.host_forward_dict-HeteroNETransferVariable.host_forward_dict.0.0.0-host-9999-guest-10000 type Table"
"2019-08-23 09:17:48,401 - federation.py[line:124] - DEBUG: [REMOTE] Sent hetero_network_embedding_example_standalone_20190823091729-HeteroNETransferVariable.host_gradient-HeteroNETransferVariable.host_gradient.0.0.0-guest-10000-arbiter-10000"
"2019-08-23 09:17:48,446 - federation.py[line:46] - DEBUG: [GET] Got hetero_network_embedding_example_standalone_20190823091729-HeteroNETransferVariable.host_gradient-HeteroNETransferVariable.host_gradient.0.0.0-guest-10000-arbiter-10000 type Table"
"2019-08-23 09:17:48,446 - federation.py[line:145] - DEBUG: [GET] arbiter 10000 getting remote object HeteroNETransferVariable.guest_gradient.0.0.0 from guest [10000]"
"2019-08-23 09:17:49,244 - federation.py[line:124] - DEBUG: [REMOTE] Sent hetero_network_embedding_example_standalone_20190823091729-HeteroNETransferVariable.guest_gradient-HeteroNETransferVariable.guest_gradient.0.0.0-guest-10000-arbiter-10000"
"2019-08-23 09:17:49,244 - federation.py[line:145] - DEBUG: [GET] guest 10000 getting remote object HeteroNETransferVariable.guest_optim_gradient.0.0.0 from arbiter [10000]"
"2019-08-23 09:17:49,250 - federation.py[line:46] - DEBUG: [GET] Got hetero_network_embedding_example_standalone_20190823091729-HeteroNETransferVariable.guest_gradient-HeteroNETransferVariable.guest_gradient.0.0.0-guest-10000-arbiter-10000 type Table"
"2019-08-23 09:17:49,512 - federation.py[line:124] - DEBUG: [REMOTE] Sent hetero_network_embedding_example_standalone_20190823091729-HeteroNETransferVariable.host_optim_gradient-HeteroNETransferVariable.host_optim_gradient.0.0.0-arbiter-10000-host-9999"
"2019-08-23 09:17:49,524 - federation.py[line:46] - DEBUG: [GET] Got hetero_network_embedding_example_standalone_20190823091729-HeteroNETransferVariable.host_optim_gradient-HeteroNETransferVariable.host_optim_gradient.0.0.0-arbiter-10000-host-9999 type Table"
"2019-08-23 09:17:49,541 - federation.py[line:124] - DEBUG: [REMOTE] Sent hetero_network_embedding_example_standalone_20190823091729-HeteroNETransferVariable.guest_optim_gradient-HeteroNETransferVariable.guest_optim_gradient.0.0.0-arbiter-10000-guest-10000"
"2019-08-23 09:17:49,541 - federation.py[line:145] - DEBUG: [GET] arbiter 10000 getting remote object HeteroNETransferVariable.loss.0.0.0 from guest [10000]"
"2019-08-23 09:17:49,546 - federation.py[line:46] - DEBUG: [GET] Got hetero_network_embedding_example_standalone_20190823091729-HeteroNETransferVariable.guest_optim_gradient-HeteroNETransferVariable.guest_optim_gradient.0.0.0-arbiter-10000-guest-10000 type Table"
"2019-08-23 09:17:49,761 - federation.py[line:145] - DEBUG: [GET] host 9999 getting remote object HeteroNETransferVariable.batch_data_index.0.0.1 from guest [10000]"
"2019-08-23 09:17:49,793 - federation.py[line:124] - DEBUG: [REMOTE] Sent hetero_network_embedding_example_standalone_20190823091729-HeteroNETransferVariable.loss-HeteroNETransferVariable.loss.0.0.0-guest-10000-arbiter-10000"
"2019-08-23 09:17:49,843 - federation.py[line:46] - DEBUG: [GET] Got hetero_network_embedding_example_standalone_20190823091729-HeteroNETransferVariable.loss-HeteroNETransferVariable.loss.0.0.0-guest-10000-arbiter-10000 type Object"
"2019-08-23 09:17:49,844 - federation.py[line:145] - DEBUG: [GET] arbiter 10000 getting remote object HeteroNETransferVariable.host_gradient.0.0.1 from guest [10000]"
"2019-08-23 09:17:50,241 - federation.py[line:124] - DEBUG: [REMOTE] Sent hetero_network_embedding_example_standalone_20190823091729-HeteroNETransferVariable.batch_data_index-HeteroNETransferVariable.batch_data_index.0.0.1-guest-10000-host-9999"
"2019-08-23 09:17:50,264 - federation.py[line:46] - DEBUG: [GET] Got hetero_network_embedding_example_standalone_20190823091729-HeteroNETransferVariable.batch_data_index-HeteroNETransferVariable.batch_data_index.0.0.1-guest-10000-host-9999 type Table"
"2019-08-23 09:17:59,340 - federation.py[line:145] - DEBUG: [GET] guest 10000 getting remote object HeteroNETransferVariable.host_forward_dict.0.0.1 from host [9999]"
"2019-08-23 09:17:59,356 - federation.py[line:124] - DEBUG: [REMOTE] Sent hetero_network_embedding_example_standalone_20190823091729-HeteroNETransferVariable.host_forward_dict-HeteroNETransferVariable.host_forward_dict.0.0.1-host-9999-guest-10000"
"2019-08-23 09:17:59,356 - federation.py[line:145] - DEBUG: [GET] host 9999 getting remote object HeteroNETransferVariable.host_optim_gradient.0.0.1 from arbiter [10000]"
"2019-08-23 09:17:59,441 - federation.py[line:46] - DEBUG: [GET] Got hetero_network_embedding_example_standalone_20190823091729-HeteroNETransferVariable.host_forward_dict-HeteroNETransferVariable.host_forward_dict.0.0.1-host-9999-guest-10000 type Table"
"2019-08-23 09:17:59,956 - federation.py[line:124] - DEBUG: [REMOTE] Sent hetero_network_embedding_example_standalone_20190823091729-HeteroNETransferVariable.host_gradient-HeteroNETransferVariable.host_gradient.0.0.1-guest-10000-arbiter-10000"
"2019-08-23 09:18:00,000 - federation.py[line:46] - DEBUG: [GET] Got hetero_network_embedding_example_standalone_20190823091729-HeteroNETransferVariable.host_gradient-HeteroNETransferVariable.host_gradient.0.0.1-guest-10000-arbiter-10000 type Table"
"2019-08-23 09:18:00,001 - federation.py[line:145] - DEBUG: [GET] arbiter 10000 getting remote object HeteroNETransferVariable.guest_gradient.0.0.1 from guest [10000]"
"2019-08-23 09:18:00,837 - federation.py[line:124] - DEBUG: [REMOTE] Sent hetero_network_embedding_example_standalone_20190823091729-HeteroNETransferVariable.guest_gradient-HeteroNETransferVariable.guest_gradient.0.0.1-guest-10000-arbiter-10000"
"2019-08-23 09:18:00,837 - federation.py[line:145] - DEBUG: [GET] guest 10000 getting remote object HeteroNETransferVariable.guest_optim_gradient.0.0.1 from arbiter [10000]"
"2019-08-23 09:18:00,905 - federation.py[line:46] - DEBUG: [GET] Got hetero_network_embedding_example_standalone_20190823091729-HeteroNETransferVariable.guest_gradient-HeteroNETransferVariable.guest_gradient.0.0.1-guest-10000-arbiter-10000 type Table"
"2019-08-23 09:18:01,127 - federation.py[line:124] - DEBUG: [REMOTE] Sent hetero_network_embedding_example_standalone_20190823091729-HeteroNETransferVariable.host_optim_gradient-HeteroNETransferVariable.host_optim_gradient.0.0.1-arbiter-10000-host-9999"
"2019-08-23 09:18:01,164 - federation.py[line:46] - DEBUG: [GET] Got hetero_network_embedding_example_standalone_20190823091729-HeteroNETransferVariable.host_optim_gradient-HeteroNETransferVariable.host_optim_gradient.0.0.1-arbiter-10000-host-9999 type Table"
"2019-08-23 09:18:01,191 - federation.py[line:124] - DEBUG: [REMOTE] Sent hetero_network_embedding_example_standalone_20190823091729-HeteroNETransferVariable.guest_optim_gradient-HeteroNETransferVariable.guest_optim_gradient.0.0.1-arbiter-10000-guest-10000"
"2019-08-23 09:18:01,192 - federation.py[line:145] - DEBUG: [GET] arbiter 10000 getting remote object HeteroNETransferVariable.loss.0.0.1 from guest [10000]"
"2019-08-23 09:18:01,239 - federation.py[line:46] - DEBUG: [GET] Got hetero_network_embedding_example_standalone_20190823091729-HeteroNETransferVariable.guest_optim_gradient-HeteroNETransferVariable.guest_optim_gradient.0.0.1-arbiter-10000-guest-10000 type Table"
"2019-08-23 09:18:01,525 - federation.py[line:145] - DEBUG: [GET] host 9999 getting remote object HeteroNETransferVariable.batch_data_index.0.0.2 from guest [10000]"
"2019-08-23 09:18:01,593 - federation.py[line:46] - DEBUG: [GET] Got hetero_network_embedding_example_standalone_20190823091729-HeteroNETransferVariable.loss-HeteroNETransferVariable.loss.0.0.1-guest-10000-arbiter-10000 type Object"
"2019-08-23 09:18:01,594 - federation.py[line:145] - DEBUG: [GET] arbiter 10000 getting remote object HeteroNETransferVariable.host_gradient.0.0.2 from guest [10000]"
"2019-08-23 09:18:01,596 - federation.py[line:124] - DEBUG: [REMOTE] Sent hetero_network_embedding_example_standalone_20190823091729-HeteroNETransferVariable.loss-HeteroNETransferVariable.loss.0.0.1-guest-10000-arbiter-10000"
"2019-08-23 09:18:01,859 - federation.py[line:124] - DEBUG: [REMOTE] Sent hetero_network_embedding_example_standalone_20190823091729-HeteroNETransferVariable.batch_data_index-HeteroNETransferVariable.batch_data_index.0.0.2-guest-10000-host-9999"
"2019-08-23 09:18:01,927 - federation.py[line:46] - DEBUG: [GET] Got hetero_network_embedding_example_standalone_20190823091729-HeteroNETransferVariable.batch_data_index-HeteroNETransferVariable.batch_data_index.0.0.2-guest-10000-host-9999 type Table"
"2019-08-23 09:18:10,873 - federation.py[line:124] - DEBUG: [REMOTE] Sent hetero_network_embedding_example_standalone_20190823091729-HeteroNETransferVariable.host_forward_dict-HeteroNETransferVariable.host_forward_dict.0.0.2-host-9999-guest-10000"
"2019-08-23 09:18:10,874 - federation.py[line:145] - DEBUG: [GET] host 9999 getting remote object HeteroNETransferVariable.host_optim_gradient.0.0.2 from arbiter [10000]"
"2019-08-23 09:18:11,139 - federation.py[line:145] - DEBUG: [GET] guest 10000 getting remote object HeteroNETransferVariable.host_forward_dict.0.0.2 from host [9999]"
"2019-08-23 09:18:11,140 - federation.py[line:46] - DEBUG: [GET] Got hetero_network_embedding_example_standalone_20190823091729-HeteroNETransferVariable.host_forward_dict-HeteroNETransferVariable.host_forward_dict.0.0.2-host-9999-guest-10000 type Table"
"2019-08-23 09:18:11,659 - federation.py[line:124] - DEBUG: [REMOTE] Sent hetero_network_embedding_example_standalone_20190823091729-HeteroNETransferVariable.host_gradient-HeteroNETransferVariable.host_gradient.0.0.2-guest-10000-arbiter-10000"
"2019-08-23 09:18:11,737 - federation.py[line:46] - DEBUG: [GET] Got hetero_network_embedding_example_standalone_20190823091729-HeteroNETransferVariable.host_gradient-HeteroNETransferVariable.host_gradient.0.0.2-guest-10000-arbiter-10000 type Table"
"2019-08-23 09:18:11,738 - federation.py[line:145] - DEBUG: [GET] arbiter 10000 getting remote object HeteroNETransferVariable.guest_gradient.0.0.2 from guest [10000]"
"2019-08-23 09:18:12,389 - federation.py[line:124] - DEBUG: [REMOTE] Sent hetero_network_embedding_example_standalone_20190823091729-HeteroNETransferVariable.guest_gradient-HeteroNETransferVariable.guest_gradient.0.0.2-guest-10000-arbiter-10000"
"2019-08-23 09:18:12,389 - federation.py[line:145] - DEBUG: [GET] guest 10000 getting remote object HeteroNETransferVariable.guest_optim_gradient.0.0.2 from arbiter [10000]"
"2019-08-23 09:18:12,441 - federation.py[line:46] - DEBUG: [GET] Got hetero_network_embedding_example_standalone_20190823091729-HeteroNETransferVariable.guest_gradient-HeteroNETransferVariable.guest_gradient.0.0.2-guest-10000-arbiter-10000 type Table"
"2019-08-23 09:18:12,624 - federation.py[line:124] - DEBUG: [REMOTE] Sent hetero_network_embedding_example_standalone_20190823091729-HeteroNETransferVariable.host_optim_gradient-HeteroNETransferVariable.host_optim_gradient.0.0.2-arbiter-10000-host-9999"
"2019-08-23 09:18:12,644 - federation.py[line:124] - DEBUG: [REMOTE] Sent hetero_network_embedding_example_standalone_20190823091729-HeteroNETransferVariable.guest_optim_gradient-HeteroNETransferVariable.guest_optim_gradient.0.0.2-arbiter-10000-guest-10000"
"2019-08-23 09:18:12,645 - federation.py[line:145] - DEBUG: [GET] arbiter 10000 getting remote object HeteroNETransferVariable.loss.0.0.2 from guest [10000]"
"2019-08-23 09:18:12,688 - federation.py[line:46] - DEBUG: [GET] Got hetero_network_embedding_example_standalone_20190823091729-HeteroNETransferVariable.host_optim_gradient-HeteroNETransferVariable.host_optim_gradient.0.0.2-arbiter-10000-host-9999 type Table"
"2019-08-23 09:18:12,691 - federation.py[line:46] - DEBUG: [GET] Got hetero_network_embedding_example_standalone_20190823091729-HeteroNETransferVariable.guest_optim_gradient-HeteroNETransferVariable.guest_optim_gradient.0.0.2-arbiter-10000-guest-10000 type Table"
"2019-08-23 09:18:12,915 - federation.py[line:145] - DEBUG: [GET] host 9999 getting remote object HeteroNETransferVariable.batch_data_index.0.0.3 from guest [10000]"
"2019-08-23 09:18:12,923 - federation.py[line:124] - DEBUG: [REMOTE] Sent hetero_network_embedding_example_standalone_20190823091729-HeteroNETransferVariable.loss-HeteroNETransferVariable.loss.0.0.2-guest-10000-arbiter-10000"
"2019-08-23 09:18:12,946 - federation.py[line:46] - DEBUG: [GET] Got hetero_network_embedding_example_standalone_20190823091729-HeteroNETransferVariable.loss-HeteroNETransferVariable.loss.0.0.2-guest-10000-arbiter-10000 type Object"
"2019-08-23 09:18:12,947 - federation.py[line:145] - DEBUG: [GET] arbiter 10000 getting remote object HeteroNETransferVariable.host_gradient.0.0.3 from guest [10000]"
"2019-08-23 09:18:13,510 - federation.py[line:124] - DEBUG: [REMOTE] Sent hetero_network_embedding_example_standalone_20190823091729-HeteroNETransferVariable.batch_data_index-HeteroNETransferVariable.batch_data_index.0.0.3-guest-10000-host-9999"
"2019-08-23 09:18:13,517 - federation.py[line:46] - DEBUG: [GET] Got hetero_network_embedding_example_standalone_20190823091729-HeteroNETransferVariable.batch_data_index-HeteroNETransferVariable.batch_data_index.0.0.3-guest-10000-host-9999 type Table"
"2019-08-23 09:18:22,226 - federation.py[line:145] - DEBUG: [GET] guest 10000 getting remote object HeteroNETransferVariable.host_forward_dict.0.0.3 from host [9999]"
"2019-08-23 09:18:22,827 - federation.py[line:124] - DEBUG: [REMOTE] Sent hetero_network_embedding_example_standalone_20190823091729-HeteroNETransferVariable.host_forward_dict-HeteroNETransferVariable.host_forward_dict.0.0.3-host-9999-guest-10000"
"2019-08-23 09:18:22,828 - federation.py[line:145] - DEBUG: [GET] host 9999 getting remote object HeteroNETransferVariable.host_optim_gradient.0.0.3 from arbiter [10000]"
"2019-08-23 09:18:22,830 - federation.py[line:46] - DEBUG: [GET] Got hetero_network_embedding_example_standalone_20190823091729-HeteroNETransferVariable.host_forward_dict-HeteroNETransferVariable.host_forward_dict.0.0.3-host-9999-guest-10000 type Table"
"2019-08-23 09:18:23,336 - federation.py[line:124] - DEBUG: [REMOTE] Sent hetero_network_embedding_example_standalone_20190823091729-HeteroNETransferVariable.host_gradient-HeteroNETransferVariable.host_gradient.0.0.3-guest-10000-arbiter-10000"
"2019-08-23 09:18:23,394 - federation.py[line:46] - DEBUG: [GET] Got hetero_network_embedding_example_standalone_20190823091729-HeteroNETransferVariable.host_gradient-HeteroNETransferVariable.host_gradient.0.0.3-guest-10000-arbiter-10000 type Table"
"2019-08-23 09:18:23,395 - federation.py[line:145] - DEBUG: [GET] arbiter 10000 getting remote object HeteroNETransferVariable.guest_gradient.0.0.3 from guest [10000]"
"2019-08-23 09:18:24,183 - federation.py[line:124] - DEBUG: [REMOTE] Sent hetero_network_embedding_example_standalone_20190823091729-HeteroNETransferVariable.guest_gradient-HeteroNETransferVariable.guest_gradient.0.0.3-guest-10000-arbiter-10000"
"2019-08-23 09:18:24,183 - federation.py[line:145] - DEBUG: [GET] guest 10000 getting remote object HeteroNETransferVariable.guest_optim_gradient.0.0.3 from arbiter [10000]"
"2019-08-23 09:18:24,199 - federation.py[line:46] - DEBUG: [GET] Got hetero_network_embedding_example_standalone_20190823091729-HeteroNETransferVariable.guest_gradient-HeteroNETransferVariable.guest_gradient.0.0.3-guest-10000-arbiter-10000 type Table"
"2019-08-23 09:18:24,390 - federation.py[line:124] - DEBUG: [REMOTE] Sent hetero_network_embedding_example_standalone_20190823091729-HeteroNETransferVariable.host_optim_gradient-HeteroNETransferVariable.host_optim_gradient.0.0.3-arbiter-10000-host-9999"
"2019-08-23 09:18:24,423 - federation.py[line:124] - DEBUG: [REMOTE] Sent hetero_network_embedding_example_standalone_20190823091729-HeteroNETransferVariable.guest_optim_gradient-HeteroNETransferVariable.guest_optim_gradient.0.0.3-arbiter-10000-guest-10000"
"2019-08-23 09:18:24,424 - federation.py[line:145] - DEBUG: [GET] arbiter 10000 getting remote object HeteroNETransferVariable.loss.0.0.3 from guest [10000]"
"2019-08-23 09:18:24,435 - federation.py[line:46] - DEBUG: [GET] Got hetero_network_embedding_example_standalone_20190823091729-HeteroNETransferVariable.host_optim_gradient-HeteroNETransferVariable.host_optim_gradient.0.0.3-arbiter-10000-host-9999 type Table"
"2019-08-23 09:18:24,485 - federation.py[line:46] - DEBUG: [GET] Got hetero_network_embedding_example_standalone_20190823091729-HeteroNETransferVariable.guest_optim_gradient-HeteroNETransferVariable.guest_optim_gradient.0.0.3-arbiter-10000-guest-10000 type Table"
"2019-08-23 09:18:24,702 - federation.py[line:145] - DEBUG: [GET] host 9999 getting remote object HeteroNETransferVariable.batch_data_index.0.0.4 from guest [10000]"
"2019-08-23 09:18:24,725 - federation.py[line:46] - DEBUG: [GET] Got hetero_network_embedding_example_standalone_20190823091729-HeteroNETransferVariable.loss-HeteroNETransferVariable.loss.0.0.3-guest-10000-arbiter-10000 type Object"
"2019-08-23 09:18:24,726 - federation.py[line:145] - DEBUG: [GET] arbiter 10000 getting remote object HeteroNETransferVariable.host_gradient.0.0.4 from guest [10000]"
"2019-08-23 09:18:24,736 - federation.py[line:124] - DEBUG: [REMOTE] Sent hetero_network_embedding_example_standalone_20190823091729-HeteroNETransferVariable.loss-HeteroNETransferVariable.loss.0.0.3-guest-10000-arbiter-10000"
"2019-08-23 09:18:25,229 - federation.py[line:124] - DEBUG: [REMOTE] Sent hetero_network_embedding_example_standalone_20190823091729-HeteroNETransferVariable.batch_data_index-HeteroNETransferVariable.batch_data_index.0.0.4-guest-10000-host-9999"
"2019-08-23 09:18:25,305 - federation.py[line:46] - DEBUG: [GET] Got hetero_network_embedding_example_standalone_20190823091729-HeteroNETransferVariable.batch_data_index-HeteroNETransferVariable.batch_data_index.0.0.4-guest-10000-host-9999 type Table"
"2019-08-23 09:18:34,716 - federation.py[line:145] - DEBUG: [GET] guest 10000 getting remote object HeteroNETransferVariable.host_forward_dict.0.0.4 from host [9999]"
"2019-08-23 09:18:35,099 - federation.py[line:124] - DEBUG: [REMOTE] Sent hetero_network_embedding_example_standalone_20190823091729-HeteroNETransferVariable.host_forward_dict-HeteroNETransferVariable.host_forward_dict.0.0.4-host-9999-guest-10000"
"2019-08-23 09:18:35,099 - federation.py[line:145] - DEBUG: [GET] host 9999 getting remote object HeteroNETransferVariable.host_optim_gradient.0.0.4 from arbiter [10000]"
"2019-08-23 09:18:35,118 - federation.py[line:46] - DEBUG: [GET] Got hetero_network_embedding_example_standalone_20190823091729-HeteroNETransferVariable.host_forward_dict-HeteroNETransferVariable.host_forward_dict.0.0.4-host-9999-guest-10000 type Table"
"2019-08-23 09:18:35,746 - federation.py[line:124] - DEBUG: [REMOTE] Sent hetero_network_embedding_example_standalone_20190823091729-HeteroNETransferVariable.host_gradient-HeteroNETransferVariable.host_gradient.0.0.4-guest-10000-arbiter-10000"
"2019-08-23 09:18:35,784 - federation.py[line:46] - DEBUG: [GET] Got hetero_network_embedding_example_standalone_20190823091729-HeteroNETransferVariable.host_gradient-HeteroNETransferVariable.host_gradient.0.0.4-guest-10000-arbiter-10000 type Table"
"2019-08-23 09:18:35,785 - federation.py[line:145] - DEBUG: [GET] arbiter 10000 getting remote object HeteroNETransferVariable.guest_gradient.0.0.4 from guest [10000]"
"2019-08-23 09:18:36,505 - federation.py[line:124] - DEBUG: [REMOTE] Sent hetero_network_embedding_example_standalone_20190823091729-HeteroNETransferVariable.guest_gradient-HeteroNETransferVariable.guest_gradient.0.0.4-guest-10000-arbiter-10000"
"2019-08-23 09:18:36,505 - federation.py[line:145] - DEBUG: [GET] guest 10000 getting remote object HeteroNETransferVariable.guest_optim_gradient.0.0.4 from arbiter [10000]"
"2019-08-23 09:18:36,589 - federation.py[line:46] - DEBUG: [GET] Got hetero_network_embedding_example_standalone_20190823091729-HeteroNETransferVariable.guest_gradient-HeteroNETransferVariable.guest_gradient.0.0.4-guest-10000-arbiter-10000 type Table"
"2019-08-23 09:18:36,780 - federation.py[line:124] - DEBUG: [REMOTE] Sent hetero_network_embedding_example_standalone_20190823091729-HeteroNETransferVariable.host_optim_gradient-HeteroNETransferVariable.host_optim_gradient.0.0.4-arbiter-10000-host-9999"
"2019-08-23 09:18:36,806 - federation.py[line:124] - DEBUG: [REMOTE] Sent hetero_network_embedding_example_standalone_20190823091729-HeteroNETransferVariable.guest_optim_gradient-HeteroNETransferVariable.guest_optim_gradient.0.0.4-arbiter-10000-guest-10000"
"2019-08-23 09:18:36,806 - federation.py[line:46] - DEBUG: [GET] Got hetero_network_embedding_example_standalone_20190823091729-HeteroNETransferVariable.host_optim_gradient-HeteroNETransferVariable.host_optim_gradient.0.0.4-arbiter-10000-host-9999 type Table"
"2019-08-23 09:18:36,806 - federation.py[line:145] - DEBUG: [GET] arbiter 10000 getting remote object HeteroNETransferVariable.loss.0.0.4 from guest [10000]"
"2019-08-23 09:18:36,806 - federation.py[line:46] - DEBUG: [GET] Got hetero_network_embedding_example_standalone_20190823091729-HeteroNETransferVariable.guest_optim_gradient-HeteroNETransferVariable.guest_optim_gradient.0.0.4-arbiter-10000-guest-10000 type Table"
"2019-08-23 09:18:37,045 - federation.py[line:145] - DEBUG: [GET] host 9999 getting remote object HeteroNETransferVariable.batch_data_index.0.0.5 from guest [10000]"
"2019-08-23 09:18:37,067 - federation.py[line:124] - DEBUG: [REMOTE] Sent hetero_network_embedding_example_standalone_20190823091729-HeteroNETransferVariable.loss-HeteroNETransferVariable.loss.0.0.4-guest-10000-arbiter-10000"
"2019-08-23 09:18:37,108 - federation.py[line:46] - DEBUG: [GET] Got hetero_network_embedding_example_standalone_20190823091729-HeteroNETransferVariable.loss-HeteroNETransferVariable.loss.0.0.4-guest-10000-arbiter-10000 type Object"
"2019-08-23 09:18:37,109 - federation.py[line:145] - DEBUG: [GET] arbiter 10000 getting remote object HeteroNETransferVariable.host_gradient.0.0.5 from guest [10000]"
"2019-08-23 09:18:37,647 - federation.py[line:46] - DEBUG: [GET] Got hetero_network_embedding_example_standalone_20190823091729-HeteroNETransferVariable.batch_data_index-HeteroNETransferVariable.batch_data_index.0.0.5-guest-10000-host-9999 type Table"
"2019-08-23 09:18:37,652 - federation.py[line:124] - DEBUG: [REMOTE] Sent hetero_network_embedding_example_standalone_20190823091729-HeteroNETransferVariable.batch_data_index-HeteroNETransferVariable.batch_data_index.0.0.5-guest-10000-host-9999"
"2019-08-23 09:18:46,602 - federation.py[line:124] - DEBUG: [REMOTE] Sent hetero_network_embedding_example_standalone_20190823091729-HeteroNETransferVariable.host_forward_dict-HeteroNETransferVariable.host_forward_dict.0.0.5-host-9999-guest-10000"
"2019-08-23 09:18:46,602 - federation.py[line:145] - DEBUG: [GET] host 9999 getting remote object HeteroNETransferVariable.host_optim_gradient.0.0.5 from arbiter [10000]"
"2019-08-23 09:18:46,926 - federation.py[line:145] - DEBUG: [GET] guest 10000 getting remote object HeteroNETransferVariable.host_forward_dict.0.0.5 from host [9999]"
"2019-08-23 09:18:46,926 - federation.py[line:46] - DEBUG: [GET] Got hetero_network_embedding_example_standalone_20190823091729-HeteroNETransferVariable.host_forward_dict-HeteroNETransferVariable.host_forward_dict.0.0.5-host-9999-guest-10000 type Table"
"2019-08-23 09:18:47,500 - federation.py[line:124] - DEBUG: [REMOTE] Sent hetero_network_embedding_example_standalone_20190823091729-HeteroNETransferVariable.host_gradient-HeteroNETransferVariable.host_gradient.0.0.5-guest-10000-arbiter-10000"
"2019-08-23 09:18:47,568 - federation.py[line:46] - DEBUG: [GET] Got hetero_network_embedding_example_standalone_20190823091729-HeteroNETransferVariable.host_gradient-HeteroNETransferVariable.host_gradient.0.0.5-guest-10000-arbiter-10000 type Table"
"2019-08-23 09:18:47,568 - federation.py[line:145] - DEBUG: [GET] arbiter 10000 getting remote object HeteroNETransferVariable.guest_gradient.0.0.5 from guest [10000]"
"2019-08-23 09:18:48,372 - federation.py[line:46] - DEBUG: [GET] Got hetero_network_embedding_example_standalone_20190823091729-HeteroNETransferVariable.guest_gradient-HeteroNETransferVariable.guest_gradient.0.0.5-guest-10000-arbiter-10000 type Table"
"2019-08-23 09:18:48,376 - federation.py[line:124] - DEBUG: [REMOTE] Sent hetero_network_embedding_example_standalone_20190823091729-HeteroNETransferVariable.guest_gradient-HeteroNETransferVariable.guest_gradient.0.0.5-guest-10000-arbiter-10000"
"2019-08-23 09:18:48,377 - federation.py[line:145] - DEBUG: [GET] guest 10000 getting remote object HeteroNETransferVariable.guest_optim_gradient.0.0.5 from arbiter [10000]"
"2019-08-23 09:18:48,568 - federation.py[line:124] - DEBUG: [REMOTE] Sent hetero_network_embedding_example_standalone_20190823091729-HeteroNETransferVariable.host_optim_gradient-HeteroNETransferVariable.host_optim_gradient.0.0.5-arbiter-10000-host-9999"
"2019-08-23 09:18:48,590 - federation.py[line:124] - DEBUG: [REMOTE] Sent hetero_network_embedding_example_standalone_20190823091729-HeteroNETransferVariable.guest_optim_gradient-HeteroNETransferVariable.guest_optim_gradient.0.0.5-arbiter-10000-guest-10000"
"2019-08-23 09:18:48,591 - federation.py[line:145] - DEBUG: [GET] arbiter 10000 getting remote object HeteroNETransferVariable.loss.0.0.5 from guest [10000]"
"2019-08-23 09:18:48,611 - federation.py[line:46] - DEBUG: [GET] Got hetero_network_embedding_example_standalone_20190823091729-HeteroNETransferVariable.host_optim_gradient-HeteroNETransferVariable.host_optim_gradient.0.0.5-arbiter-10000-host-9999 type Table"
"2019-08-23 09:18:48,678 - federation.py[line:46] - DEBUG: [GET] Got hetero_network_embedding_example_standalone_20190823091729-HeteroNETransferVariable.guest_optim_gradient-HeteroNETransferVariable.guest_optim_gradient.0.0.5-arbiter-10000-guest-10000 type Table"
"2019-08-23 09:18:48,835 - federation.py[line:145] - DEBUG: [GET] host 9999 getting remote object HeteroNETransferVariable.batch_data_index.0.0.6 from guest [10000]"
"2019-08-23 09:18:48,857 - federation.py[line:124] - DEBUG: [REMOTE] Sent hetero_network_embedding_example_standalone_20190823091729-HeteroNETransferVariable.loss-HeteroNETransferVariable.loss.0.0.5-guest-10000-arbiter-10000"
"2019-08-23 09:18:48,892 - federation.py[line:46] - DEBUG: [GET] Got hetero_network_embedding_example_standalone_20190823091729-HeteroNETransferVariable.loss-HeteroNETransferVariable.loss.0.0.5-guest-10000-arbiter-10000 type Object"
"2019-08-23 09:18:48,893 - federation.py[line:145] - DEBUG: [GET] arbiter 10000 getting remote object HeteroNETransferVariable.host_gradient.0.0.6 from guest [10000]"
"2019-08-23 09:18:49,388 - federation.py[line:124] - DEBUG: [REMOTE] Sent hetero_network_embedding_example_standalone_20190823091729-HeteroNETransferVariable.batch_data_index-HeteroNETransferVariable.batch_data_index.0.0.6-guest-10000-host-9999"
"2019-08-23 09:18:49,438 - federation.py[line:46] - DEBUG: [GET] Got hetero_network_embedding_example_standalone_20190823091729-HeteroNETransferVariable.batch_data_index-HeteroNETransferVariable.batch_data_index.0.0.6-guest-10000-host-9999 type Table"
"2019-08-23 09:18:58,432 - federation.py[line:145] - DEBUG: [GET] guest 10000 getting remote object HeteroNETransferVariable.host_forward_dict.0.0.6 from host [9999]"
"2019-08-23 09:18:58,433 - federation.py[line:46] - DEBUG: [GET] Got hetero_network_embedding_example_standalone_20190823091729-HeteroNETransferVariable.host_forward_dict-HeteroNETransferVariable.host_forward_dict.0.0.6-host-9999-guest-10000 type Table"
"2019-08-23 09:18:58,437 - federation.py[line:124] - DEBUG: [REMOTE] Sent hetero_network_embedding_example_standalone_20190823091729-HeteroNETransferVariable.host_forward_dict-HeteroNETransferVariable.host_forward_dict.0.0.6-host-9999-guest-10000"
"2019-08-23 09:18:58,438 - federation.py[line:145] - DEBUG: [GET] host 9999 getting remote object HeteroNETransferVariable.host_optim_gradient.0.0.6 from arbiter [10000]"
"2019-08-23 09:18:59,055 - federation.py[line:124] - DEBUG: [REMOTE] Sent hetero_network_embedding_example_standalone_20190823091729-HeteroNETransferVariable.host_gradient-HeteroNETransferVariable.host_gradient.0.0.6-guest-10000-arbiter-10000"
"2019-08-23 09:18:59,132 - federation.py[line:46] - DEBUG: [GET] Got hetero_network_embedding_example_standalone_20190823091729-HeteroNETransferVariable.host_gradient-HeteroNETransferVariable.host_gradient.0.0.6-guest-10000-arbiter-10000 type Table"
"2019-08-23 09:18:59,133 - federation.py[line:145] - DEBUG: [GET] arbiter 10000 getting remote object HeteroNETransferVariable.guest_gradient.0.0.6 from guest [10000]"
"2019-08-23 09:18:59,876 - federation.py[line:124] - DEBUG: [REMOTE] Sent hetero_network_embedding_example_standalone_20190823091729-HeteroNETransferVariable.guest_gradient-HeteroNETransferVariable.guest_gradient.0.0.6-guest-10000-arbiter-10000"
"2019-08-23 09:18:59,877 - federation.py[line:145] - DEBUG: [GET] guest 10000 getting remote object HeteroNETransferVariable.guest_optim_gradient.0.0.6 from arbiter [10000]"
"2019-08-23 09:18:59,937 - federation.py[line:46] - DEBUG: [GET] Got hetero_network_embedding_example_standalone_20190823091729-HeteroNETransferVariable.guest_gradient-HeteroNETransferVariable.guest_gradient.0.0.6-guest-10000-arbiter-10000 type Table"
"2019-08-23 09:19:00,132 - federation.py[line:124] - DEBUG: [REMOTE] Sent hetero_network_embedding_example_standalone_20190823091729-HeteroNETransferVariable.host_optim_gradient-HeteroNETransferVariable.host_optim_gradient.0.0.6-arbiter-10000-host-9999"
"2019-08-23 09:19:00,145 - federation.py[line:46] - DEBUG: [GET] Got hetero_network_embedding_example_standalone_20190823091729-HeteroNETransferVariable.host_optim_gradient-HeteroNETransferVariable.host_optim_gradient.0.0.6-arbiter-10000-host-9999 type Table"
"2019-08-23 09:19:00,146 - federation.py[line:124] - DEBUG: [REMOTE] Sent hetero_network_embedding_example_standalone_20190823091729-HeteroNETransferVariable.guest_optim_gradient-HeteroNETransferVariable.guest_optim_gradient.0.0.6-arbiter-10000-guest-10000"
"2019-08-23 09:19:00,146 - federation.py[line:145] - DEBUG: [GET] arbiter 10000 getting remote object HeteroNETransferVariable.loss.0.0.6 from guest [10000]"
"2019-08-23 09:19:00,178 - federation.py[line:46] - DEBUG: [GET] Got hetero_network_embedding_example_standalone_20190823091729-HeteroNETransferVariable.guest_optim_gradient-HeteroNETransferVariable.guest_optim_gradient.0.0.6-arbiter-10000-guest-10000 type Table"
"2019-08-23 09:19:00,336 - federation.py[line:145] - DEBUG: [GET] host 9999 getting remote object HeteroNETransferVariable.batch_data_index.0.0.7 from guest [10000]"
"2019-08-23 09:19:00,718 - federation.py[line:124] - DEBUG: [REMOTE] Sent hetero_network_embedding_example_standalone_20190823091729-HeteroNETransferVariable.loss-HeteroNETransferVariable.loss.0.0.6-guest-10000-arbiter-10000"
"2019-08-23 09:19:00,749 - federation.py[line:46] - DEBUG: [GET] Got hetero_network_embedding_example_standalone_20190823091729-HeteroNETransferVariable.loss-HeteroNETransferVariable.loss.0.0.6-guest-10000-arbiter-10000 type Object"
"2019-08-23 09:19:00,750 - federation.py[line:145] - DEBUG: [GET] arbiter 10000 getting remote object HeteroNETransferVariable.host_gradient.0.0.7 from guest [10000]"
"2019-08-23 09:19:00,927 - federation.py[line:124] - DEBUG: [REMOTE] Sent hetero_network_embedding_example_standalone_20190823091729-HeteroNETransferVariable.batch_data_index-HeteroNETransferVariable.batch_data_index.0.0.7-guest-10000-host-9999"
"2019-08-23 09:19:00,939 - federation.py[line:46] - DEBUG: [GET] Got hetero_network_embedding_example_standalone_20190823091729-HeteroNETransferVariable.batch_data_index-HeteroNETransferVariable.batch_data_index.0.0.7-guest-10000-host-9999 type Table"
"2019-08-23 09:19:10,581 - federation.py[line:124] - DEBUG: [REMOTE] Sent hetero_network_embedding_example_standalone_20190823091729-HeteroNETransferVariable.host_forward_dict-HeteroNETransferVariable.host_forward_dict.0.0.7-host-9999-guest-10000"
"2019-08-23 09:19:10,581 - federation.py[line:145] - DEBUG: [GET] host 9999 getting remote object HeteroNETransferVariable.host_optim_gradient.0.0.7 from arbiter [10000]"
"2019-08-23 09:19:11,032 - federation.py[line:145] - DEBUG: [GET] guest 10000 getting remote object HeteroNETransferVariable.host_forward_dict.0.0.7 from host [9999]"
"2019-08-23 09:19:11,032 - federation.py[line:46] - DEBUG: [GET] Got hetero_network_embedding_example_standalone_20190823091729-HeteroNETransferVariable.host_forward_dict-HeteroNETransferVariable.host_forward_dict.0.0.7-host-9999-guest-10000 type Table"
"2019-08-23 09:19:11,634 - federation.py[line:124] - DEBUG: [REMOTE] Sent hetero_network_embedding_example_standalone_20190823091729-HeteroNETransferVariable.host_gradient-HeteroNETransferVariable.host_gradient.0.0.7-guest-10000-arbiter-10000"
"2019-08-23 09:19:11,706 - federation.py[line:46] - DEBUG: [GET] Got hetero_network_embedding_example_standalone_20190823091729-HeteroNETransferVariable.host_gradient-HeteroNETransferVariable.host_gradient.0.0.7-guest-10000-arbiter-10000 type Table"
"2019-08-23 09:19:11,707 - federation.py[line:145] - DEBUG: [GET] arbiter 10000 getting remote object HeteroNETransferVariable.guest_gradient.0.0.7 from guest [10000]"
"2019-08-23 09:19:12,638 - federation.py[line:124] - DEBUG: [REMOTE] Sent hetero_network_embedding_example_standalone_20190823091729-HeteroNETransferVariable.guest_gradient-HeteroNETransferVariable.guest_gradient.0.0.7-guest-10000-arbiter-10000"
"2019-08-23 09:19:12,638 - federation.py[line:145] - DEBUG: [GET] guest 10000 getting remote object HeteroNETransferVariable.guest_optim_gradient.0.0.7 from arbiter [10000]"
"2019-08-23 09:19:12,711 - federation.py[line:46] - DEBUG: [GET] Got hetero_network_embedding_example_standalone_20190823091729-HeteroNETransferVariable.guest_gradient-HeteroNETransferVariable.guest_gradient.0.0.7-guest-10000-arbiter-10000 type Table"
"2019-08-23 09:19:12,853 - federation.py[line:124] - DEBUG: [REMOTE] Sent hetero_network_embedding_example_standalone_20190823091729-HeteroNETransferVariable.host_optim_gradient-HeteroNETransferVariable.host_optim_gradient.0.0.7-arbiter-10000-host-9999"
"2019-08-23 09:19:12,864 - federation.py[line:124] - DEBUG: [REMOTE] Sent hetero_network_embedding_example_standalone_20190823091729-HeteroNETransferVariable.guest_optim_gradient-HeteroNETransferVariable.guest_optim_gradient.0.0.7-arbiter-10000-guest-10000"
"2019-08-23 09:19:12,865 - federation.py[line:145] - DEBUG: [GET] arbiter 10000 getting remote object HeteroNETransferVariable.loss.0.0.7 from guest [10000]"
"2019-08-23 09:19:12,891 - federation.py[line:46] - DEBUG: [GET] Got hetero_network_embedding_example_standalone_20190823091729-HeteroNETransferVariable.host_optim_gradient-HeteroNETransferVariable.host_optim_gradient.0.0.7-arbiter-10000-host-9999 type Table"
"2019-08-23 09:19:12,940 - federation.py[line:46] - DEBUG: [GET] Got hetero_network_embedding_example_standalone_20190823091729-HeteroNETransferVariable.guest_optim_gradient-HeteroNETransferVariable.guest_optim_gradient.0.0.7-arbiter-10000-guest-10000 type Table"
"2019-08-23 09:19:13,068 - federation.py[line:145] - DEBUG: [GET] host 9999 getting remote object HeteroNETransferVariable.batch_data_index.0.0.8 from guest [10000]"
"2019-08-23 09:19:13,090 - federation.py[line:124] - DEBUG: [REMOTE] Sent hetero_network_embedding_example_standalone_20190823091729-HeteroNETransferVariable.loss-HeteroNETransferVariable.loss.0.0.7-guest-10000-arbiter-10000"
"2019-08-23 09:19:13,166 - federation.py[line:46] - DEBUG: [GET] Got hetero_network_embedding_example_standalone_20190823091729-HeteroNETransferVariable.loss-HeteroNETransferVariable.loss.0.0.7-guest-10000-arbiter-10000 type Object"
"2019-08-23 09:19:13,167 - federation.py[line:145] - DEBUG: [GET] arbiter 10000 getting remote object HeteroNETransferVariable.host_gradient.0.0.8 from guest [10000]"
"2019-08-23 09:19:13,589 - federation.py[line:124] - DEBUG: [REMOTE] Sent hetero_network_embedding_example_standalone_20190823091729-HeteroNETransferVariable.batch_data_index-HeteroNETransferVariable.batch_data_index.0.0.8-guest-10000-host-9999"
"2019-08-23 09:19:13,670 - federation.py[line:46] - DEBUG: [GET] Got hetero_network_embedding_example_standalone_20190823091729-HeteroNETransferVariable.batch_data_index-HeteroNETransferVariable.batch_data_index.0.0.8-guest-10000-host-9999 type Table"
"2019-08-23 09:19:22,824 - federation.py[line:124] - DEBUG: [REMOTE] Sent hetero_network_embedding_example_standalone_20190823091729-HeteroNETransferVariable.host_forward_dict-HeteroNETransferVariable.host_forward_dict.0.0.8-host-9999-guest-10000"
"2019-08-23 09:19:22,824 - federation.py[line:145] - DEBUG: [GET] host 9999 getting remote object HeteroNETransferVariable.host_optim_gradient.0.0.8 from arbiter [10000]"
"2019-08-23 09:19:23,231 - federation.py[line:145] - DEBUG: [GET] guest 10000 getting remote object HeteroNETransferVariable.host_forward_dict.0.0.8 from host [9999]"
"2019-08-23 09:19:23,232 - federation.py[line:46] - DEBUG: [GET] Got hetero_network_embedding_example_standalone_20190823091729-HeteroNETransferVariable.host_forward_dict-HeteroNETransferVariable.host_forward_dict.0.0.8-host-9999-guest-10000 type Table"
"2019-08-23 09:19:23,815 - federation.py[line:124] - DEBUG: [REMOTE] Sent hetero_network_embedding_example_standalone_20190823091729-HeteroNETransferVariable.host_gradient-HeteroNETransferVariable.host_gradient.0.0.8-guest-10000-arbiter-10000"
"2019-08-23 09:19:23,909 - federation.py[line:46] - DEBUG: [GET] Got hetero_network_embedding_example_standalone_20190823091729-HeteroNETransferVariable.host_gradient-HeteroNETransferVariable.host_gradient.0.0.8-guest-10000-arbiter-10000 type Table"
"2019-08-23 09:19:23,910 - federation.py[line:145] - DEBUG: [GET] arbiter 10000 getting remote object HeteroNETransferVariable.guest_gradient.0.0.8 from guest [10000]"
"2019-08-23 09:19:24,856 - federation.py[line:124] - DEBUG: [REMOTE] Sent hetero_network_embedding_example_standalone_20190823091729-HeteroNETransferVariable.guest_gradient-HeteroNETransferVariable.guest_gradient.0.0.8-guest-10000-arbiter-10000"
"2019-08-23 09:19:24,857 - federation.py[line:145] - DEBUG: [GET] guest 10000 getting remote object HeteroNETransferVariable.guest_optim_gradient.0.0.8 from arbiter [10000]"
"2019-08-23 09:19:24,914 - federation.py[line:46] - DEBUG: [GET] Got hetero_network_embedding_example_standalone_20190823091729-HeteroNETransferVariable.guest_gradient-HeteroNETransferVariable.guest_gradient.0.0.8-guest-10000-arbiter-10000 type Table"
"2019-08-23 09:19:25,086 - federation.py[line:124] - DEBUG: [REMOTE] Sent hetero_network_embedding_example_standalone_20190823091729-HeteroNETransferVariable.host_optim_gradient-HeteroNETransferVariable.host_optim_gradient.0.0.8-arbiter-10000-host-9999"
"2019-08-23 09:19:25,097 - federation.py[line:124] - DEBUG: [REMOTE] Sent hetero_network_embedding_example_standalone_20190823091729-HeteroNETransferVariable.guest_optim_gradient-HeteroNETransferVariable.guest_optim_gradient.0.0.8-arbiter-10000-guest-10000"
"2019-08-23 09:19:25,098 - federation.py[line:145] - DEBUG: [GET] arbiter 10000 getting remote object HeteroNETransferVariable.loss.0.0.8 from guest [10000]"
"2019-08-23 09:19:25,134 - federation.py[line:46] - DEBUG: [GET] Got hetero_network_embedding_example_standalone_20190823091729-HeteroNETransferVariable.host_optim_gradient-HeteroNETransferVariable.host_optim_gradient.0.0.8-arbiter-10000-host-9999 type Table"
"2019-08-23 09:19:25,159 - federation.py[line:46] - DEBUG: [GET] Got hetero_network_embedding_example_standalone_20190823091729-HeteroNETransferVariable.guest_optim_gradient-HeteroNETransferVariable.guest_optim_gradient.0.0.8-arbiter-10000-guest-10000 type Table"
"2019-08-23 09:19:25,305 - federation.py[line:145] - DEBUG: [GET] host 9999 getting remote object HeteroNETransferVariable.batch_data_index.0.0.9 from guest [10000]"
"2019-08-23 09:19:25,321 - federation.py[line:124] - DEBUG: [REMOTE] Sent hetero_network_embedding_example_standalone_20190823091729-HeteroNETransferVariable.loss-HeteroNETransferVariable.loss.0.0.8-guest-10000-arbiter-10000"
"2019-08-23 09:19:25,399 - federation.py[line:46] - DEBUG: [GET] Got hetero_network_embedding_example_standalone_20190823091729-HeteroNETransferVariable.loss-HeteroNETransferVariable.loss.0.0.8-guest-10000-arbiter-10000 type Object"
"2019-08-23 09:19:25,400 - federation.py[line:145] - DEBUG: [GET] arbiter 10000 getting remote object HeteroNETransferVariable.host_gradient.0.0.9 from guest [10000]"
"2019-08-23 09:19:25,908 - federation.py[line:46] - DEBUG: [GET] Got hetero_network_embedding_example_standalone_20190823091729-HeteroNETransferVariable.batch_data_index-HeteroNETransferVariable.batch_data_index.0.0.9-guest-10000-host-9999 type Table"
"2019-08-23 09:19:25,908 - federation.py[line:124] - DEBUG: [REMOTE] Sent hetero_network_embedding_example_standalone_20190823091729-HeteroNETransferVariable.batch_data_index-HeteroNETransferVariable.batch_data_index.0.0.9-guest-10000-host-9999"
"2019-08-23 09:19:34,970 - federation.py[line:145] - DEBUG: [GET] guest 10000 getting remote object HeteroNETransferVariable.host_forward_dict.0.0.9 from host [9999]"
"2019-08-23 09:19:34,985 - federation.py[line:124] - DEBUG: [REMOTE] Sent hetero_network_embedding_example_standalone_20190823091729-HeteroNETransferVariable.host_forward_dict-HeteroNETransferVariable.host_forward_dict.0.0.9-host-9999-guest-10000"
"2019-08-23 09:19:34,985 - federation.py[line:145] - DEBUG: [GET] host 9999 getting remote object HeteroNETransferVariable.host_optim_gradient.0.0.9 from arbiter [10000]"
"2019-08-23 09:19:35,071 - federation.py[line:46] - DEBUG: [GET] Got hetero_network_embedding_example_standalone_20190823091729-HeteroNETransferVariable.host_forward_dict-HeteroNETransferVariable.host_forward_dict.0.0.9-host-9999-guest-10000 type Table"
"2019-08-23 09:19:35,600 - federation.py[line:124] - DEBUG: [REMOTE] Sent hetero_network_embedding_example_standalone_20190823091729-HeteroNETransferVariable.host_gradient-HeteroNETransferVariable.host_gradient.0.0.9-guest-10000-arbiter-10000"
"2019-08-23 09:19:35,641 - federation.py[line:46] - DEBUG: [GET] Got hetero_network_embedding_example_standalone_20190823091729-HeteroNETransferVariable.host_gradient-HeteroNETransferVariable.host_gradient.0.0.9-guest-10000-arbiter-10000 type Table"
"2019-08-23 09:19:35,641 - federation.py[line:145] - DEBUG: [GET] arbiter 10000 getting remote object HeteroNETransferVariable.guest_gradient.0.0.9 from guest [10000]"
"2019-08-23 09:19:36,491 - federation.py[line:124] - DEBUG: [REMOTE] Sent hetero_network_embedding_example_standalone_20190823091729-HeteroNETransferVariable.guest_gradient-HeteroNETransferVariable.guest_gradient.0.0.9-guest-10000-arbiter-10000"
"2019-08-23 09:19:36,492 - federation.py[line:145] - DEBUG: [GET] guest 10000 getting remote object HeteroNETransferVariable.guest_optim_gradient.0.0.9 from arbiter [10000]"
"2019-08-23 09:19:36,545 - federation.py[line:46] - DEBUG: [GET] Got hetero_network_embedding_example_standalone_20190823091729-HeteroNETransferVariable.guest_gradient-HeteroNETransferVariable.guest_gradient.0.0.9-guest-10000-arbiter-10000 type Table"
"2019-08-23 09:19:36,723 - federation.py[line:124] - DEBUG: [REMOTE] Sent hetero_network_embedding_example_standalone_20190823091729-HeteroNETransferVariable.host_optim_gradient-HeteroNETransferVariable.host_optim_gradient.0.0.9-arbiter-10000-host-9999"
"2019-08-23 09:19:36,736 - federation.py[line:124] - DEBUG: [REMOTE] Sent hetero_network_embedding_example_standalone_20190823091729-HeteroNETransferVariable.guest_optim_gradient-HeteroNETransferVariable.guest_optim_gradient.0.0.9-arbiter-10000-guest-10000"
"2019-08-23 09:19:36,736 - federation.py[line:145] - DEBUG: [GET] arbiter 10000 getting remote object HeteroNETransferVariable.loss.0.0.9 from guest [10000]"
"2019-08-23 09:19:36,793 - federation.py[line:46] - DEBUG: [GET] Got hetero_network_embedding_example_standalone_20190823091729-HeteroNETransferVariable.host_optim_gradient-HeteroNETransferVariable.host_optim_gradient.0.0.9-arbiter-10000-host-9999 type Table"
"2019-08-23 09:19:36,794 - federation.py[line:46] - DEBUG: [GET] Got hetero_network_embedding_example_standalone_20190823091729-HeteroNETransferVariable.guest_optim_gradient-HeteroNETransferVariable.guest_optim_gradient.0.0.9-arbiter-10000-guest-10000 type Table"
"2019-08-23 09:19:37,012 - federation.py[line:145] - DEBUG: [GET] host 9999 getting remote object HeteroNETransferVariable.batch_data_index.0.0.10 from guest [10000]"
"2019-08-23 09:19:37,021 - federation.py[line:124] - DEBUG: [REMOTE] Sent hetero_network_embedding_example_standalone_20190823091729-HeteroNETransferVariable.loss-HeteroNETransferVariable.loss.0.0.9-guest-10000-arbiter-10000"
"2019-08-23 09:19:37,038 - federation.py[line:46] - DEBUG: [GET] Got hetero_network_embedding_example_standalone_20190823091729-HeteroNETransferVariable.loss-HeteroNETransferVariable.loss.0.0.9-guest-10000-arbiter-10000 type Object"
"2019-08-23 09:19:37,038 - federation.py[line:145] - DEBUG: [GET] arbiter 10000 getting remote object HeteroNETransferVariable.host_gradient.0.0.10 from guest [10000]"
"2019-08-23 09:19:37,614 - federation.py[line:46] - DEBUG: [GET] Got hetero_network_embedding_example_standalone_20190823091729-HeteroNETransferVariable.batch_data_index-HeteroNETransferVariable.batch_data_index.0.0.10-guest-10000-host-9999 type Table"
"2019-08-23 09:19:37,618 - federation.py[line:124] - DEBUG: [REMOTE] Sent hetero_network_embedding_example_standalone_20190823091729-HeteroNETransferVariable.batch_data_index-HeteroNETransferVariable.batch_data_index.0.0.10-guest-10000-host-9999"
"2019-08-23 09:19:47,088 - federation.py[line:145] - DEBUG: [GET] guest 10000 getting remote object HeteroNETransferVariable.host_forward_dict.0.0.10 from host [9999]"
"2019-08-23 09:19:47,126 - federation.py[line:124] - DEBUG: [REMOTE] Sent hetero_network_embedding_example_standalone_20190823091729-HeteroNETransferVariable.host_forward_dict-HeteroNETransferVariable.host_forward_dict.0.0.10-host-9999-guest-10000"
"2019-08-23 09:19:47,127 - federation.py[line:145] - DEBUG: [GET] host 9999 getting remote object HeteroNETransferVariable.host_optim_gradient.0.0.10 from arbiter [10000]"
"2019-08-23 09:19:47,189 - federation.py[line:46] - DEBUG: [GET] Got hetero_network_embedding_example_standalone_20190823091729-HeteroNETransferVariable.host_forward_dict-HeteroNETransferVariable.host_forward_dict.0.0.10-host-9999-guest-10000 type Table"
"2019-08-23 09:19:47,770 - federation.py[line:124] - DEBUG: [REMOTE] Sent hetero_network_embedding_example_standalone_20190823091729-HeteroNETransferVariable.host_gradient-HeteroNETransferVariable.host_gradient.0.0.10-guest-10000-arbiter-10000"
"2019-08-23 09:19:47,784 - federation.py[line:46] - DEBUG: [GET] Got hetero_network_embedding_example_standalone_20190823091729-HeteroNETransferVariable.host_gradient-HeteroNETransferVariable.host_gradient.0.0.10-guest-10000-arbiter-10000 type Table"
"2019-08-23 09:19:47,784 - federation.py[line:145] - DEBUG: [GET] arbiter 10000 getting remote object HeteroNETransferVariable.guest_gradient.0.0.10 from guest [10000]"
"2019-08-23 09:19:48,545 - federation.py[line:124] - DEBUG: [REMOTE] Sent hetero_network_embedding_example_standalone_20190823091729-HeteroNETransferVariable.guest_gradient-HeteroNETransferVariable.guest_gradient.0.0.10-guest-10000-arbiter-10000"
"2019-08-23 09:19:48,545 - federation.py[line:145] - DEBUG: [GET] guest 10000 getting remote object HeteroNETransferVariable.guest_optim_gradient.0.0.10 from arbiter [10000]"
"2019-08-23 09:19:48,588 - federation.py[line:46] - DEBUG: [GET] Got hetero_network_embedding_example_standalone_20190823091729-HeteroNETransferVariable.guest_gradient-HeteroNETransferVariable.guest_gradient.0.0.10-guest-10000-arbiter-10000 type Table"
"2019-08-23 09:19:48,759 - federation.py[line:124] - DEBUG: [REMOTE] Sent hetero_network_embedding_example_standalone_20190823091729-HeteroNETransferVariable.host_optim_gradient-HeteroNETransferVariable.host_optim_gradient.0.0.10-arbiter-10000-host-9999"
"2019-08-23 09:19:48,776 - federation.py[line:124] - DEBUG: [REMOTE] Sent hetero_network_embedding_example_standalone_20190823091729-HeteroNETransferVariable.guest_optim_gradient-HeteroNETransferVariable.guest_optim_gradient.0.0.10-arbiter-10000-guest-10000"
"2019-08-23 09:19:48,776 - federation.py[line:145] - DEBUG: [GET] arbiter 10000 getting remote object HeteroNETransferVariable.loss.0.0.10 from guest [10000]"
"2019-08-23 09:19:48,834 - federation.py[line:46] - DEBUG: [GET] Got hetero_network_embedding_example_standalone_20190823091729-HeteroNETransferVariable.host_optim_gradient-HeteroNETransferVariable.host_optim_gradient.0.0.10-arbiter-10000-host-9999 type Table"
"2019-08-23 09:19:48,847 - federation.py[line:46] - DEBUG: [GET] Got hetero_network_embedding_example_standalone_20190823091729-HeteroNETransferVariable.guest_optim_gradient-HeteroNETransferVariable.guest_optim_gradient.0.0.10-arbiter-10000-guest-10000 type Table"
"2019-08-23 09:19:49,048 - federation.py[line:145] - DEBUG: [GET] host 9999 getting remote object HeteroNETransferVariable.batch_data_index.0.0.11 from guest [10000]"
"2019-08-23 09:19:49,055 - federation.py[line:124] - DEBUG: [REMOTE] Sent hetero_network_embedding_example_standalone_20190823091729-HeteroNETransferVariable.loss-HeteroNETransferVariable.loss.0.0.10-guest-10000-arbiter-10000"
"2019-08-23 09:19:49,077 - federation.py[line:46] - DEBUG: [GET] Got hetero_network_embedding_example_standalone_20190823091729-HeteroNETransferVariable.loss-HeteroNETransferVariable.loss.0.0.10-guest-10000-arbiter-10000 type Object"
"2019-08-23 09:19:49,078 - federation.py[line:145] - DEBUG: [GET] arbiter 10000 getting remote object HeteroNETransferVariable.host_gradient.0.0.11 from guest [10000]"
"2019-08-23 09:19:49,773 - federation.py[line:124] - DEBUG: [REMOTE] Sent hetero_network_embedding_example_standalone_20190823091729-HeteroNETransferVariable.batch_data_index-HeteroNETransferVariable.batch_data_index.0.0.11-guest-10000-host-9999"
"2019-08-23 09:19:49,852 - federation.py[line:46] - DEBUG: [GET] Got hetero_network_embedding_example_standalone_20190823091729-HeteroNETransferVariable.batch_data_index-HeteroNETransferVariable.batch_data_index.0.0.11-guest-10000-host-9999 type Table"
"2019-08-23 09:19:58,869 - federation.py[line:145] - DEBUG: [GET] guest 10000 getting remote object HeteroNETransferVariable.host_forward_dict.0.0.11 from host [9999]"
"2019-08-23 09:19:58,880 - federation.py[line:124] - DEBUG: [REMOTE] Sent hetero_network_embedding_example_standalone_20190823091729-HeteroNETransferVariable.host_forward_dict-HeteroNETransferVariable.host_forward_dict.0.0.11-host-9999-guest-10000"
"2019-08-23 09:19:58,880 - federation.py[line:145] - DEBUG: [GET] host 9999 getting remote object HeteroNETransferVariable.host_optim_gradient.0.0.11 from arbiter [10000]"
"2019-08-23 09:19:58,972 - federation.py[line:46] - DEBUG: [GET] Got hetero_network_embedding_example_standalone_20190823091729-HeteroNETransferVariable.host_forward_dict-HeteroNETransferVariable.host_forward_dict.0.0.11-host-9999-guest-10000 type Table"
"2019-08-23 09:19:59,496 - federation.py[line:124] - DEBUG: [REMOTE] Sent hetero_network_embedding_example_standalone_20190823091729-HeteroNETransferVariable.host_gradient-HeteroNETransferVariable.host_gradient.0.0.11-guest-10000-arbiter-10000"
"2019-08-23 09:19:59,518 - federation.py[line:46] - DEBUG: [GET] Got hetero_network_embedding_example_standalone_20190823091729-HeteroNETransferVariable.host_gradient-HeteroNETransferVariable.host_gradient.0.0.11-guest-10000-arbiter-10000 type Table"
"2019-08-23 09:19:59,519 - federation.py[line:145] - DEBUG: [GET] arbiter 10000 getting remote object HeteroNETransferVariable.guest_gradient.0.0.11 from guest [10000]"
"2019-08-23 09:20:00,267 - federation.py[line:124] - DEBUG: [REMOTE] Sent hetero_network_embedding_example_standalone_20190823091729-HeteroNETransferVariable.guest_gradient-HeteroNETransferVariable.guest_gradient.0.0.11-guest-10000-arbiter-10000"
"2019-08-23 09:20:00,267 - federation.py[line:145] - DEBUG: [GET] guest 10000 getting remote object HeteroNETransferVariable.guest_optim_gradient.0.0.11 from arbiter [10000]"
"2019-08-23 09:20:00,322 - federation.py[line:46] - DEBUG: [GET] Got hetero_network_embedding_example_standalone_20190823091729-HeteroNETransferVariable.guest_gradient-HeteroNETransferVariable.guest_gradient.0.0.11-guest-10000-arbiter-10000 type Table"
"2019-08-23 09:20:00,514 - federation.py[line:124] - DEBUG: [REMOTE] Sent hetero_network_embedding_example_standalone_20190823091729-HeteroNETransferVariable.host_optim_gradient-HeteroNETransferVariable.host_optim_gradient.0.0.11-arbiter-10000-host-9999"
"2019-08-23 09:20:00,531 - federation.py[line:124] - DEBUG: [REMOTE] Sent hetero_network_embedding_example_standalone_20190823091729-HeteroNETransferVariable.guest_optim_gradient-HeteroNETransferVariable.guest_optim_gradient.0.0.11-arbiter-10000-guest-10000"
"2019-08-23 09:20:00,531 - federation.py[line:145] - DEBUG: [GET] arbiter 10000 getting remote object HeteroNETransferVariable.loss.0.0.11 from guest [10000]"
"2019-08-23 09:20:00,569 - federation.py[line:46] - DEBUG: [GET] Got hetero_network_embedding_example_standalone_20190823091729-HeteroNETransferVariable.guest_optim_gradient-HeteroNETransferVariable.guest_optim_gradient.0.0.11-arbiter-10000-guest-10000 type Table"
"2019-08-23 09:20:00,586 - federation.py[line:46] - DEBUG: [GET] Got hetero_network_embedding_example_standalone_20190823091729-HeteroNETransferVariable.host_optim_gradient-HeteroNETransferVariable.host_optim_gradient.0.0.11-arbiter-10000-host-9999 type Table"
"2019-08-23 09:20:00,832 - federation.py[line:124] - DEBUG: [REMOTE] Sent hetero_network_embedding_example_standalone_20190823091729-HeteroNETransferVariable.loss-HeteroNETransferVariable.loss.0.0.11-guest-10000-arbiter-10000"
"2019-08-23 09:20:00,833 - federation.py[line:46] - DEBUG: [GET] Got hetero_network_embedding_example_standalone_20190823091729-HeteroNETransferVariable.loss-HeteroNETransferVariable.loss.0.0.11-guest-10000-arbiter-10000 type Object"
"2019-08-23 09:20:00,833 - federation.py[line:145] - DEBUG: [GET] arbiter 10000 getting remote object HeteroNETransferVariable.host_gradient.0.0.12 from guest [10000]"
"2019-08-23 09:20:00,855 - federation.py[line:145] - DEBUG: [GET] host 9999 getting remote object HeteroNETransferVariable.batch_data_index.0.0.12 from guest [10000]"
"2019-08-23 09:20:01,343 - federation.py[line:124] - DEBUG: [REMOTE] Sent hetero_network_embedding_example_standalone_20190823091729-HeteroNETransferVariable.batch_data_index-HeteroNETransferVariable.batch_data_index.0.0.12-guest-10000-host-9999"
"2019-08-23 09:20:01,357 - federation.py[line:46] - DEBUG: [GET] Got hetero_network_embedding_example_standalone_20190823091729-HeteroNETransferVariable.batch_data_index-HeteroNETransferVariable.batch_data_index.0.0.12-guest-10000-host-9999 type Table"
"2019-08-23 09:20:10,933 - federation.py[line:145] - DEBUG: [GET] guest 10000 getting remote object HeteroNETransferVariable.host_forward_dict.0.0.12 from host [9999]"
"2019-08-23 09:20:11,344 - federation.py[line:124] - DEBUG: [REMOTE] Sent hetero_network_embedding_example_standalone_20190823091729-HeteroNETransferVariable.host_forward_dict-HeteroNETransferVariable.host_forward_dict.0.0.12-host-9999-guest-10000"
"2019-08-23 09:20:11,345 - federation.py[line:145] - DEBUG: [GET] host 9999 getting remote object HeteroNETransferVariable.host_optim_gradient.0.0.12 from arbiter [10000]"
"2019-08-23 09:20:11,436 - federation.py[line:46] - DEBUG: [GET] Got hetero_network_embedding_example_standalone_20190823091729-HeteroNETransferVariable.host_forward_dict-HeteroNETransferVariable.host_forward_dict.0.0.12-host-9999-guest-10000 type Table"
"2019-08-23 09:20:11,943 - federation.py[line:124] - DEBUG: [REMOTE] Sent hetero_network_embedding_example_standalone_20190823091729-HeteroNETransferVariable.host_gradient-HeteroNETransferVariable.host_gradient.0.0.12-guest-10000-arbiter-10000"
"2019-08-23 09:20:11,974 - federation.py[line:46] - DEBUG: [GET] Got hetero_network_embedding_example_standalone_20190823091729-HeteroNETransferVariable.host_gradient-HeteroNETransferVariable.host_gradient.0.0.12-guest-10000-arbiter-10000 type Table"
"2019-08-23 09:20:11,975 - federation.py[line:145] - DEBUG: [GET] arbiter 10000 getting remote object HeteroNETransferVariable.guest_gradient.0.0.12 from guest [10000]"
"2019-08-23 09:20:12,771 - federation.py[line:124] - DEBUG: [REMOTE] Sent hetero_network_embedding_example_standalone_20190823091729-HeteroNETransferVariable.guest_gradient-HeteroNETransferVariable.guest_gradient.0.0.12-guest-10000-arbiter-10000"
"2019-08-23 09:20:12,771 - federation.py[line:145] - DEBUG: [GET] guest 10000 getting remote object HeteroNETransferVariable.guest_optim_gradient.0.0.12 from arbiter [10000]"
"2019-08-23 09:20:12,778 - federation.py[line:46] - DEBUG: [GET] Got hetero_network_embedding_example_standalone_20190823091729-HeteroNETransferVariable.guest_gradient-HeteroNETransferVariable.guest_gradient.0.0.12-guest-10000-arbiter-10000 type Table"
"2019-08-23 09:20:12,974 - federation.py[line:124] - DEBUG: [REMOTE] Sent hetero_network_embedding_example_standalone_20190823091729-HeteroNETransferVariable.host_optim_gradient-HeteroNETransferVariable.host_optim_gradient.0.0.12-arbiter-10000-host-9999"
"2019-08-23 09:20:12,996 - federation.py[line:124] - DEBUG: [REMOTE] Sent hetero_network_embedding_example_standalone_20190823091729-HeteroNETransferVariable.guest_optim_gradient-HeteroNETransferVariable.guest_optim_gradient.0.0.12-arbiter-10000-guest-10000"
"2019-08-23 09:20:12,996 - federation.py[line:145] - DEBUG: [GET] arbiter 10000 getting remote object HeteroNETransferVariable.loss.0.0.12 from guest [10000]"
"2019-08-23 09:20:13,051 - federation.py[line:46] - DEBUG: [GET] Got hetero_network_embedding_example_standalone_20190823091729-HeteroNETransferVariable.host_optim_gradient-HeteroNETransferVariable.host_optim_gradient.0.0.12-arbiter-10000-host-9999 type Table"
"2019-08-23 09:20:13,073 - federation.py[line:46] - DEBUG: [GET] Got hetero_network_embedding_example_standalone_20190823091729-HeteroNETransferVariable.guest_optim_gradient-HeteroNETransferVariable.guest_optim_gradient.0.0.12-arbiter-10000-guest-10000 type Table"
"2019-08-23 09:20:13,387 - federation.py[line:145] - DEBUG: [GET] host 9999 getting remote object HeteroNETransferVariable.batch_data_index.0.0.13 from guest [10000]"
"2019-08-23 09:20:13,408 - federation.py[line:124] - DEBUG: [REMOTE] Sent hetero_network_embedding_example_standalone_20190823091729-HeteroNETransferVariable.loss-HeteroNETransferVariable.loss.0.0.12-guest-10000-arbiter-10000"
"2019-08-23 09:20:13,498 - federation.py[line:46] - DEBUG: [GET] Got hetero_network_embedding_example_standalone_20190823091729-HeteroNETransferVariable.loss-HeteroNETransferVariable.loss.0.0.12-guest-10000-arbiter-10000 type Object"
"2019-08-23 09:20:13,499 - federation.py[line:145] - DEBUG: [GET] arbiter 10000 getting remote object HeteroNETransferVariable.host_gradient.0.0.13 from guest [10000]"
"2019-08-23 09:20:13,976 - federation.py[line:124] - DEBUG: [REMOTE] Sent hetero_network_embedding_example_standalone_20190823091729-HeteroNETransferVariable.batch_data_index-HeteroNETransferVariable.batch_data_index.0.0.13-guest-10000-host-9999"
"2019-08-23 09:20:13,989 - federation.py[line:46] - DEBUG: [GET] Got hetero_network_embedding_example_standalone_20190823091729-HeteroNETransferVariable.batch_data_index-HeteroNETransferVariable.batch_data_index.0.0.13-guest-10000-host-9999 type Table"
"2019-08-23 09:20:23,261 - federation.py[line:145] - DEBUG: [GET] guest 10000 getting remote object HeteroNETransferVariable.host_forward_dict.0.0.13 from host [9999]"
"2019-08-23 09:20:23,277 - federation.py[line:124] - DEBUG: [REMOTE] Sent hetero_network_embedding_example_standalone_20190823091729-HeteroNETransferVariable.host_forward_dict-HeteroNETransferVariable.host_forward_dict.0.0.13-host-9999-guest-10000"
"2019-08-23 09:20:23,277 - federation.py[line:145] - DEBUG: [GET] host 9999 getting remote object HeteroNETransferVariable.host_optim_gradient.0.0.13 from arbiter [10000]"
"2019-08-23 09:20:23,362 - federation.py[line:46] - DEBUG: [GET] Got hetero_network_embedding_example_standalone_20190823091729-HeteroNETransferVariable.host_forward_dict-HeteroNETransferVariable.host_forward_dict.0.0.13-host-9999-guest-10000 type Table"
"2019-08-23 09:20:23,924 - federation.py[line:124] - DEBUG: [REMOTE] Sent hetero_network_embedding_example_standalone_20190823091729-HeteroNETransferVariable.host_gradient-HeteroNETransferVariable.host_gradient.0.0.13-guest-10000-arbiter-10000"
"2019-08-23 09:20:23,944 - federation.py[line:46] - DEBUG: [GET] Got hetero_network_embedding_example_standalone_20190823091729-HeteroNETransferVariable.host_gradient-HeteroNETransferVariable.host_gradient.0.0.13-guest-10000-arbiter-10000 type Table"
"2019-08-23 09:20:23,944 - federation.py[line:145] - DEBUG: [GET] arbiter 10000 getting remote object HeteroNETransferVariable.guest_gradient.0.0.13 from guest [10000]"
"2019-08-23 09:20:24,691 - federation.py[line:124] - DEBUG: [REMOTE] Sent hetero_network_embedding_example_standalone_20190823091729-HeteroNETransferVariable.guest_gradient-HeteroNETransferVariable.guest_gradient.0.0.13-guest-10000-arbiter-10000"
"2019-08-23 09:20:24,691 - federation.py[line:145] - DEBUG: [GET] guest 10000 getting remote object HeteroNETransferVariable.guest_optim_gradient.0.0.13 from arbiter [10000]"
"2019-08-23 09:20:24,748 - federation.py[line:46] - DEBUG: [GET] Got hetero_network_embedding_example_standalone_20190823091729-HeteroNETransferVariable.guest_gradient-HeteroNETransferVariable.guest_gradient.0.0.13-guest-10000-arbiter-10000 type Table"
"2019-08-23 09:20:24,912 - federation.py[line:124] - DEBUG: [REMOTE] Sent hetero_network_embedding_example_standalone_20190823091729-HeteroNETransferVariable.host_optim_gradient-HeteroNETransferVariable.host_optim_gradient.0.0.13-arbiter-10000-host-9999"
"2019-08-23 09:20:24,930 - federation.py[line:124] - DEBUG: [REMOTE] Sent hetero_network_embedding_example_standalone_20190823091729-HeteroNETransferVariable.guest_optim_gradient-HeteroNETransferVariable.guest_optim_gradient.0.0.13-arbiter-10000-guest-10000"
"2019-08-23 09:20:24,931 - federation.py[line:145] - DEBUG: [GET] arbiter 10000 getting remote object HeteroNETransferVariable.loss.0.0.13 from guest [10000]"
"2019-08-23 09:20:24,984 - federation.py[line:46] - DEBUG: [GET] Got hetero_network_embedding_example_standalone_20190823091729-HeteroNETransferVariable.host_optim_gradient-HeteroNETransferVariable.host_optim_gradient.0.0.13-arbiter-10000-host-9999 type Table"
"2019-08-23 09:20:24,993 - federation.py[line:46] - DEBUG: [GET] Got hetero_network_embedding_example_standalone_20190823091729-HeteroNETransferVariable.guest_optim_gradient-HeteroNETransferVariable.guest_optim_gradient.0.0.13-arbiter-10000-guest-10000 type Table"
"2019-08-23 09:20:25,221 - federation.py[line:145] - DEBUG: [GET] host 9999 getting remote object HeteroNETransferVariable.batch_data_index.0.0.14 from guest [10000]"
"2019-08-23 09:20:25,230 - federation.py[line:124] - DEBUG: [REMOTE] Sent hetero_network_embedding_example_standalone_20190823091729-HeteroNETransferVariable.loss-HeteroNETransferVariable.loss.0.0.13-guest-10000-arbiter-10000"
"2019-08-23 09:20:25,232 - federation.py[line:46] - DEBUG: [GET] Got hetero_network_embedding_example_standalone_20190823091729-HeteroNETransferVariable.loss-HeteroNETransferVariable.loss.0.0.13-guest-10000-arbiter-10000 type Object"
"2019-08-23 09:20:25,233 - federation.py[line:145] - DEBUG: [GET] arbiter 10000 getting remote object HeteroNETransferVariable.host_gradient.0.0.14 from guest [10000]"
"2019-08-23 09:20:25,791 - federation.py[line:124] - DEBUG: [REMOTE] Sent hetero_network_embedding_example_standalone_20190823091729-HeteroNETransferVariable.batch_data_index-HeteroNETransferVariable.batch_data_index.0.0.14-guest-10000-host-9999"
"2019-08-23 09:20:25,824 - federation.py[line:46] - DEBUG: [GET] Got hetero_network_embedding_example_standalone_20190823091729-HeteroNETransferVariable.batch_data_index-HeteroNETransferVariable.batch_data_index.0.0.14-guest-10000-host-9999 type Table"
"2019-08-23 09:20:34,966 - federation.py[line:145] - DEBUG: [GET] guest 10000 getting remote object HeteroNETransferVariable.host_forward_dict.0.0.14 from host [9999]"
"2019-08-23 09:20:34,977 - federation.py[line:124] - DEBUG: [REMOTE] Sent hetero_network_embedding_example_standalone_20190823091729-HeteroNETransferVariable.host_forward_dict-HeteroNETransferVariable.host_forward_dict.0.0.14-host-9999-guest-10000"
"2019-08-23 09:20:34,977 - federation.py[line:145] - DEBUG: [GET] host 9999 getting remote object HeteroNETransferVariable.host_optim_gradient.0.0.14 from arbiter [10000]"
"2019-08-23 09:20:35,067 - federation.py[line:46] - DEBUG: [GET] Got hetero_network_embedding_example_standalone_20190823091729-HeteroNETransferVariable.host_forward_dict-HeteroNETransferVariable.host_forward_dict.0.0.14-host-9999-guest-10000 type Table"
"2019-08-23 09:20:35,602 - federation.py[line:124] - DEBUG: [REMOTE] Sent hetero_network_embedding_example_standalone_20190823091729-HeteroNETransferVariable.host_gradient-HeteroNETransferVariable.host_gradient.0.0.14-guest-10000-arbiter-10000"
"2019-08-23 09:20:35,674 - federation.py[line:46] - DEBUG: [GET] Got hetero_network_embedding_example_standalone_20190823091729-HeteroNETransferVariable.host_gradient-HeteroNETransferVariable.host_gradient.0.0.14-guest-10000-arbiter-10000 type Table"
"2019-08-23 09:20:35,676 - federation.py[line:145] - DEBUG: [GET] arbiter 10000 getting remote object HeteroNETransferVariable.guest_gradient.0.0.14 from guest [10000]"
"2019-08-23 09:20:36,425 - federation.py[line:124] - DEBUG: [REMOTE] Sent hetero_network_embedding_example_standalone_20190823091729-HeteroNETransferVariable.guest_gradient-HeteroNETransferVariable.guest_gradient.0.0.14-guest-10000-arbiter-10000"
"2019-08-23 09:20:36,426 - federation.py[line:145] - DEBUG: [GET] guest 10000 getting remote object HeteroNETransferVariable.guest_optim_gradient.0.0.14 from arbiter [10000]"
"2019-08-23 09:20:36,479 - federation.py[line:46] - DEBUG: [GET] Got hetero_network_embedding_example_standalone_20190823091729-HeteroNETransferVariable.guest_gradient-HeteroNETransferVariable.guest_gradient.0.0.14-guest-10000-arbiter-10000 type Table"
"2019-08-23 09:20:36,678 - federation.py[line:124] - DEBUG: [REMOTE] Sent hetero_network_embedding_example_standalone_20190823091729-HeteroNETransferVariable.host_optim_gradient-HeteroNETransferVariable.host_optim_gradient.0.0.14-arbiter-10000-host-9999"
"2019-08-23 09:20:36,685 - federation.py[line:46] - DEBUG: [GET] Got hetero_network_embedding_example_standalone_20190823091729-HeteroNETransferVariable.host_optim_gradient-HeteroNETransferVariable.host_optim_gradient.0.0.14-arbiter-10000-host-9999 type Table"
"2019-08-23 09:20:36,699 - federation.py[line:124] - DEBUG: [REMOTE] Sent hetero_network_embedding_example_standalone_20190823091729-HeteroNETransferVariable.guest_optim_gradient-HeteroNETransferVariable.guest_optim_gradient.0.0.14-arbiter-10000-guest-10000"
"2019-08-23 09:20:36,699 - federation.py[line:145] - DEBUG: [GET] arbiter 10000 getting remote object HeteroNETransferVariable.loss.0.0.14 from guest [10000]"
"2019-08-23 09:20:36,727 - federation.py[line:46] - DEBUG: [GET] Got hetero_network_embedding_example_standalone_20190823091729-HeteroNETransferVariable.guest_optim_gradient-HeteroNETransferVariable.guest_optim_gradient.0.0.14-arbiter-10000-guest-10000 type Table"
"2019-08-23 09:20:37,005 - federation.py[line:145] - DEBUG: [GET] host 9999 getting remote object HeteroNETransferVariable.batch_data_index.0.0.15 from guest [10000]"
"2019-08-23 09:20:37,064 - federation.py[line:124] - DEBUG: [REMOTE] Sent hetero_network_embedding_example_standalone_20190823091729-HeteroNETransferVariable.loss-HeteroNETransferVariable.loss.0.0.14-guest-10000-arbiter-10000"
"2019-08-23 09:20:37,101 - federation.py[line:46] - DEBUG: [GET] Got hetero_network_embedding_example_standalone_20190823091729-HeteroNETransferVariable.loss-HeteroNETransferVariable.loss.0.0.14-guest-10000-arbiter-10000 type Object"
"2019-08-23 09:20:37,102 - federation.py[line:145] - DEBUG: [GET] arbiter 10000 getting remote object HeteroNETransferVariable.host_gradient.0.0.15 from guest [10000]"
"2019-08-23 09:20:37,284 - federation.py[line:124] - DEBUG: [REMOTE] Sent hetero_network_embedding_example_standalone_20190823091729-HeteroNETransferVariable.batch_data_index-HeteroNETransferVariable.batch_data_index.0.0.15-guest-10000-host-9999"
"2019-08-23 09:20:37,307 - federation.py[line:46] - DEBUG: [GET] Got hetero_network_embedding_example_standalone_20190823091729-HeteroNETransferVariable.batch_data_index-HeteroNETransferVariable.batch_data_index.0.0.15-guest-10000-host-9999 type Table"
"2019-08-23 09:20:46,998 - federation.py[line:145] - DEBUG: [GET] guest 10000 getting remote object HeteroNETransferVariable.host_forward_dict.0.0.15 from host [9999]"
"2019-08-23 09:20:47,421 - federation.py[line:124] - DEBUG: [REMOTE] Sent hetero_network_embedding_example_standalone_20190823091729-HeteroNETransferVariable.host_forward_dict-HeteroNETransferVariable.host_forward_dict.0.0.15-host-9999-guest-10000"
"2019-08-23 09:20:47,421 - federation.py[line:145] - DEBUG: [GET] host 9999 getting remote object HeteroNETransferVariable.host_optim_gradient.0.0.15 from arbiter [10000]"
"2019-08-23 09:20:47,500 - federation.py[line:46] - DEBUG: [GET] Got hetero_network_embedding_example_standalone_20190823091729-HeteroNETransferVariable.host_forward_dict-HeteroNETransferVariable.host_forward_dict.0.0.15-host-9999-guest-10000 type Table"
"2019-08-23 09:20:48,032 - federation.py[line:124] - DEBUG: [REMOTE] Sent hetero_network_embedding_example_standalone_20190823091729-HeteroNETransferVariable.host_gradient-HeteroNETransferVariable.host_gradient.0.0.15-guest-10000-arbiter-10000"
"2019-08-23 09:20:48,051 - federation.py[line:46] - DEBUG: [GET] Got hetero_network_embedding_example_standalone_20190823091729-HeteroNETransferVariable.host_gradient-HeteroNETransferVariable.host_gradient.0.0.15-guest-10000-arbiter-10000 type Table"
"2019-08-23 09:20:48,051 - federation.py[line:145] - DEBUG: [GET] arbiter 10000 getting remote object HeteroNETransferVariable.guest_gradient.0.0.15 from guest [10000]"
"2019-08-23 09:20:48,794 - federation.py[line:124] - DEBUG: [REMOTE] Sent hetero_network_embedding_example_standalone_20190823091729-HeteroNETransferVariable.guest_gradient-HeteroNETransferVariable.guest_gradient.0.0.15-guest-10000-arbiter-10000"
"2019-08-23 09:20:48,795 - federation.py[line:145] - DEBUG: [GET] guest 10000 getting remote object HeteroNETransferVariable.guest_optim_gradient.0.0.15 from arbiter [10000]"
"2019-08-23 09:20:48,855 - federation.py[line:46] - DEBUG: [GET] Got hetero_network_embedding_example_standalone_20190823091729-HeteroNETransferVariable.guest_gradient-HeteroNETransferVariable.guest_gradient.0.0.15-guest-10000-arbiter-10000 type Table"
"2019-08-23 09:20:49,046 - federation.py[line:124] - DEBUG: [REMOTE] Sent hetero_network_embedding_example_standalone_20190823091729-HeteroNETransferVariable.host_optim_gradient-HeteroNETransferVariable.host_optim_gradient.0.0.15-arbiter-10000-host-9999"
"2019-08-23 09:20:49,062 - federation.py[line:124] - DEBUG: [REMOTE] Sent hetero_network_embedding_example_standalone_20190823091729-HeteroNETransferVariable.guest_optim_gradient-HeteroNETransferVariable.guest_optim_gradient.0.0.15-arbiter-10000-guest-10000"
"2019-08-23 09:20:49,063 - federation.py[line:145] - DEBUG: [GET] arbiter 10000 getting remote object HeteroNETransferVariable.loss.0.0.15 from guest [10000]"
"2019-08-23 09:20:49,097 - federation.py[line:46] - DEBUG: [GET] Got hetero_network_embedding_example_standalone_20190823091729-HeteroNETransferVariable.guest_optim_gradient-HeteroNETransferVariable.guest_optim_gradient.0.0.15-arbiter-10000-guest-10000 type Table"
"2019-08-23 09:20:49,129 - federation.py[line:46] - DEBUG: [GET] Got hetero_network_embedding_example_standalone_20190823091729-HeteroNETransferVariable.host_optim_gradient-HeteroNETransferVariable.host_optim_gradient.0.0.15-arbiter-10000-host-9999 type Table"
"2019-08-23 09:20:49,364 - federation.py[line:46] - DEBUG: [GET] Got hetero_network_embedding_example_standalone_20190823091729-HeteroNETransferVariable.loss-HeteroNETransferVariable.loss.0.0.15-guest-10000-arbiter-10000 type Object"
"2019-08-23 09:20:49,365 - federation.py[line:145] - DEBUG: [GET] arbiter 10000 getting remote object HeteroNETransferVariable.host_gradient.0.0.16 from guest [10000]"
"2019-08-23 09:20:49,365 - federation.py[line:124] - DEBUG: [REMOTE] Sent hetero_network_embedding_example_standalone_20190823091729-HeteroNETransferVariable.loss-HeteroNETransferVariable.loss.0.0.15-guest-10000-arbiter-10000"
"2019-08-23 09:20:49,366 - federation.py[line:145] - DEBUG: [GET] host 9999 getting remote object HeteroNETransferVariable.batch_data_index.0.0.16 from guest [10000]"
"2019-08-23 09:20:49,989 - federation.py[line:124] - DEBUG: [REMOTE] Sent hetero_network_embedding_example_standalone_20190823091729-HeteroNETransferVariable.batch_data_index-HeteroNETransferVariable.batch_data_index.0.0.16-guest-10000-host-9999"
"2019-08-23 09:20:50,069 - federation.py[line:46] - DEBUG: [GET] Got hetero_network_embedding_example_standalone_20190823091729-HeteroNETransferVariable.batch_data_index-HeteroNETransferVariable.batch_data_index.0.0.16-guest-10000-host-9999 type Table"
"2019-08-23 09:20:59,988 - federation.py[line:145] - DEBUG: [GET] guest 10000 getting remote object HeteroNETransferVariable.host_forward_dict.0.0.16 from host [9999]"
"2019-08-23 09:21:00,018 - federation.py[line:124] - DEBUG: [REMOTE] Sent hetero_network_embedding_example_standalone_20190823091729-HeteroNETransferVariable.host_forward_dict-HeteroNETransferVariable.host_forward_dict.0.0.16-host-9999-guest-10000"
"2019-08-23 09:21:00,018 - federation.py[line:145] - DEBUG: [GET] host 9999 getting remote object HeteroNETransferVariable.host_optim_gradient.0.0.16 from arbiter [10000]"
"2019-08-23 09:21:00,088 - federation.py[line:46] - DEBUG: [GET] Got hetero_network_embedding_example_standalone_20190823091729-HeteroNETransferVariable.host_forward_dict-HeteroNETransferVariable.host_forward_dict.0.0.16-host-9999-guest-10000 type Table"
"2019-08-23 09:21:00,695 - federation.py[line:124] - DEBUG: [REMOTE] Sent hetero_network_embedding_example_standalone_20190823091729-HeteroNETransferVariable.host_gradient-HeteroNETransferVariable.host_gradient.0.0.16-guest-10000-arbiter-10000"
"2019-08-23 09:21:00,717 - federation.py[line:46] - DEBUG: [GET] Got hetero_network_embedding_example_standalone_20190823091729-HeteroNETransferVariable.host_gradient-HeteroNETransferVariable.host_gradient.0.0.16-guest-10000-arbiter-10000 type Table"
"2019-08-23 09:21:00,718 - federation.py[line:145] - DEBUG: [GET] arbiter 10000 getting remote object HeteroNETransferVariable.guest_gradient.0.0.16 from guest [10000]"
"2019-08-23 09:21:01,433 - federation.py[line:124] - DEBUG: [REMOTE] Sent hetero_network_embedding_example_standalone_20190823091729-HeteroNETransferVariable.guest_gradient-HeteroNETransferVariable.guest_gradient.0.0.16-guest-10000-arbiter-10000"
"2019-08-23 09:21:01,433 - federation.py[line:145] - DEBUG: [GET] guest 10000 getting remote object HeteroNETransferVariable.guest_optim_gradient.0.0.16 from arbiter [10000]"
"2019-08-23 09:21:01,521 - federation.py[line:46] - DEBUG: [GET] Got hetero_network_embedding_example_standalone_20190823091729-HeteroNETransferVariable.guest_gradient-HeteroNETransferVariable.guest_gradient.0.0.16-guest-10000-arbiter-10000 type Table"
"2019-08-23 09:21:01,673 - federation.py[line:124] - DEBUG: [REMOTE] Sent hetero_network_embedding_example_standalone_20190823091729-HeteroNETransferVariable.host_optim_gradient-HeteroNETransferVariable.host_optim_gradient.0.0.16-arbiter-10000-host-9999"
"2019-08-23 09:21:01,697 - federation.py[line:124] - DEBUG: [REMOTE] Sent hetero_network_embedding_example_standalone_20190823091729-HeteroNETransferVariable.guest_optim_gradient-HeteroNETransferVariable.guest_optim_gradient.0.0.16-arbiter-10000-guest-10000"
"2019-08-23 09:21:01,697 - federation.py[line:145] - DEBUG: [GET] arbiter 10000 getting remote object HeteroNETransferVariable.loss.0.0.16 from guest [10000]"
"2019-08-23 09:21:01,726 - federation.py[line:46] - DEBUG: [GET] Got hetero_network_embedding_example_standalone_20190823091729-HeteroNETransferVariable.host_optim_gradient-HeteroNETransferVariable.host_optim_gradient.0.0.16-arbiter-10000-host-9999 type Table"
"2019-08-23 09:21:01,734 - federation.py[line:46] - DEBUG: [GET] Got hetero_network_embedding_example_standalone_20190823091729-HeteroNETransferVariable.guest_optim_gradient-HeteroNETransferVariable.guest_optim_gradient.0.0.16-arbiter-10000-guest-10000 type Table"
"2019-08-23 09:21:02,062 - federation.py[line:124] - DEBUG: [REMOTE] Sent hetero_network_embedding_example_standalone_20190823091729-HeteroNETransferVariable.loss-HeteroNETransferVariable.loss.0.0.16-guest-10000-arbiter-10000"
"2019-08-23 09:21:02,063 - federation.py[line:145] - DEBUG: [GET] host 9999 getting remote object HeteroNETransferVariable.batch_data_index.0.0.17 from guest [10000]"
"2019-08-23 09:21:02,099 - federation.py[line:46] - DEBUG: [GET] Got hetero_network_embedding_example_standalone_20190823091729-HeteroNETransferVariable.loss-HeteroNETransferVariable.loss.0.0.16-guest-10000-arbiter-10000 type Object"
"2019-08-23 09:21:02,100 - federation.py[line:145] - DEBUG: [GET] arbiter 10000 getting remote object HeteroNETransferVariable.host_gradient.0.0.17 from guest [10000]"
"2019-08-23 09:21:02,758 - federation.py[line:124] - DEBUG: [REMOTE] Sent hetero_network_embedding_example_standalone_20190823091729-HeteroNETransferVariable.batch_data_index-HeteroNETransferVariable.batch_data_index.0.0.17-guest-10000-host-9999"
"2019-08-23 09:21:02,767 - federation.py[line:46] - DEBUG: [GET] Got hetero_network_embedding_example_standalone_20190823091729-HeteroNETransferVariable.batch_data_index-HeteroNETransferVariable.batch_data_index.0.0.17-guest-10000-host-9999 type Table"
"2019-08-23 09:21:06,617 - federation.py[line:145] - DEBUG: [GET] guest 10000 getting remote object HeteroNETransferVariable.host_forward_dict.0.0.17 from host [9999]"
"2019-08-23 09:21:07,000 - federation.py[line:124] - DEBUG: [REMOTE] Sent hetero_network_embedding_example_standalone_20190823091729-HeteroNETransferVariable.host_forward_dict-HeteroNETransferVariable.host_forward_dict.0.0.17-host-9999-guest-10000"
"2019-08-23 09:21:07,001 - federation.py[line:145] - DEBUG: [GET] host 9999 getting remote object HeteroNETransferVariable.host_optim_gradient.0.0.17 from arbiter [10000]"
"2019-08-23 09:21:07,019 - federation.py[line:46] - DEBUG: [GET] Got hetero_network_embedding_example_standalone_20190823091729-HeteroNETransferVariable.host_forward_dict-HeteroNETransferVariable.host_forward_dict.0.0.17-host-9999-guest-10000 type Table"
"2019-08-23 09:21:07,487 - federation.py[line:124] - DEBUG: [REMOTE] Sent hetero_network_embedding_example_standalone_20190823091729-HeteroNETransferVariable.host_gradient-HeteroNETransferVariable.host_gradient.0.0.17-guest-10000-arbiter-10000"
"2019-08-23 09:21:07,521 - federation.py[line:46] - DEBUG: [GET] Got hetero_network_embedding_example_standalone_20190823091729-HeteroNETransferVariable.host_gradient-HeteroNETransferVariable.host_gradient.0.0.17-guest-10000-arbiter-10000 type Table"
"2019-08-23 09:21:07,522 - federation.py[line:145] - DEBUG: [GET] arbiter 10000 getting remote object HeteroNETransferVariable.guest_gradient.0.0.17 from guest [10000]"
"2019-08-23 09:21:08,270 - federation.py[line:124] - DEBUG: [REMOTE] Sent hetero_network_embedding_example_standalone_20190823091729-HeteroNETransferVariable.guest_gradient-HeteroNETransferVariable.guest_gradient.0.0.17-guest-10000-arbiter-10000"
"2019-08-23 09:21:08,270 - federation.py[line:145] - DEBUG: [GET] guest 10000 getting remote object HeteroNETransferVariable.guest_optim_gradient.0.0.17 from arbiter [10000]"
"2019-08-23 09:21:08,325 - federation.py[line:46] - DEBUG: [GET] Got hetero_network_embedding_example_standalone_20190823091729-HeteroNETransferVariable.guest_gradient-HeteroNETransferVariable.guest_gradient.0.0.17-guest-10000-arbiter-10000 type Table"
"2019-08-23 09:21:08,470 - federation.py[line:124] - DEBUG: [REMOTE] Sent hetero_network_embedding_example_standalone_20190823091729-HeteroNETransferVariable.host_optim_gradient-HeteroNETransferVariable.host_optim_gradient.0.0.17-arbiter-10000-host-9999"
"2019-08-23 09:21:08,481 - federation.py[line:124] - DEBUG: [REMOTE] Sent hetero_network_embedding_example_standalone_20190823091729-HeteroNETransferVariable.guest_optim_gradient-HeteroNETransferVariable.guest_optim_gradient.0.0.17-arbiter-10000-guest-10000"
"2019-08-23 09:21:08,482 - federation.py[line:145] - DEBUG: [GET] arbiter 10000 getting remote object HeteroNETransferVariable.loss.0.0.17 from guest [10000]"
"2019-08-23 09:21:08,508 - federation.py[line:46] - DEBUG: [GET] Got hetero_network_embedding_example_standalone_20190823091729-HeteroNETransferVariable.host_optim_gradient-HeteroNETransferVariable.host_optim_gradient.0.0.17-arbiter-10000-host-9999 type Table"
"2019-08-23 09:21:08,572 - federation.py[line:46] - DEBUG: [GET] Got hetero_network_embedding_example_standalone_20190823091729-HeteroNETransferVariable.guest_optim_gradient-HeteroNETransferVariable.guest_optim_gradient.0.0.17-arbiter-10000-guest-10000 type Table"
"2019-08-23 09:21:08,678 - federation.py[line:145] - DEBUG: [GET] host 9999 getting remote object HeteroNETransferVariable.is_stopped.0.0 from arbiter [10000]"
"2019-08-23 09:21:08,749 - federation.py[line:124] - DEBUG: [REMOTE] Sent hetero_network_embedding_example_standalone_20190823091729-HeteroNETransferVariable.loss-HeteroNETransferVariable.loss.0.0.17-guest-10000-arbiter-10000"
"2019-08-23 09:21:08,783 - federation.py[line:46] - DEBUG: [GET] Got hetero_network_embedding_example_standalone_20190823091729-HeteroNETransferVariable.loss-HeteroNETransferVariable.loss.0.0.17-guest-10000-arbiter-10000 type Object"
"2019-08-23 09:21:08,879 - federation.py[line:46] - DEBUG: [GET] Got hetero_network_embedding_example_standalone_20190823091729-HeteroNETransferVariable.is_stopped-HeteroNETransferVariable.is_stopped.0.0-arbiter-10000-host-9999 type Object"
"2019-08-23 09:21:09,155 - federation.py[line:124] - DEBUG: [REMOTE] Sent hetero_network_embedding_example_standalone_20190823091729-HeteroNETransferVariable.is_stopped-HeteroNETransferVariable.is_stopped.0.0-arbiter-10000-host-9999"
"2019-08-23 09:21:09,318 - federation.py[line:124] - DEBUG: [REMOTE] Sent hetero_network_embedding_example_standalone_20190823091729-HeteroNETransferVariable.is_stopped-HeteroNETransferVariable.is_stopped.0.0-arbiter-10000-guest-10000"
"2019-08-23 09:21:09,318 - federation.py[line:145] - DEBUG: [GET] arbiter 10000 getting remote object HeteroNETransferVariable.host_gradient.0.1.0 from guest [10000]"
"2019-08-23 09:21:09,771 - federation.py[line:145] - DEBUG: [GET] guest 10000 getting remote object HeteroNETransferVariable.is_stopped.0.0 from arbiter [10000]"
"2019-08-23 09:21:09,771 - federation.py[line:46] - DEBUG: [GET] Got hetero_network_embedding_example_standalone_20190823091729-HeteroNETransferVariable.is_stopped-HeteroNETransferVariable.is_stopped.0.0-arbiter-10000-guest-10000 type Object"
"2019-08-23 09:21:19,172 - federation.py[line:145] - DEBUG: [GET] guest 10000 getting remote object HeteroNETransferVariable.host_forward_dict.0.1.0 from host [9999]"
