"2019-08-23 09:17:33,879 - hetero_ne_arbiter.py[line:54] - INFO: Enter hetero_ne_arbiter fit"
"2019-08-23 09:17:33,901 - hetero_ne_arbiter.py[line:61] - INFO: public_key: <PaillierPublicKey 12c4f9659a>"
"2019-08-23 09:17:34,320 - hetero_ne_arbiter.py[line:69] - INFO: remote publick_key to host"
"2019-08-23 09:17:34,381 - hetero_ne_arbiter.py[line:76] - INFO: remote public_key to guest"
"2019-08-23 09:17:38,800 - hetero_ne_arbiter.py[line:81] - INFO: Get batch_info from guest: {'batch_size': 256, 'batch_num': 18}"
"2019-08-23 09:17:38,800 - hetero_ne_arbiter.py[line:88] - INFO: iter: 0"
"2019-08-23 09:17:38,800 - hetero_ne_arbiter.py[line:93] - INFO: batch: 0"
"2019-08-23 09:17:48,446 - hetero_ne_arbiter.py[line:101] - INFO: Get host_gradient from GUEST"
"2019-08-23 09:17:49,250 - hetero_ne_arbiter.py[line:108] - INFO: Get guest_gradient from GUEST"
"2019-08-23 09:17:49,494 - hetero_ne_arbiter.py[line:126] - INFO: host gradients number: 256"
"2019-08-23 09:17:49,495 - hetero_ne_arbiter.py[line:127] - INFO: guest gradients number: 256"
"2019-08-23 09:17:49,512 - hetero_ne_arbiter.py[line:138] - INFO: Remote host_optim_gradient to Host"
"2019-08-23 09:17:49,541 - hetero_ne_arbiter.py[line:149] - INFO: Remote guest_optim_gradient to Guest"
"2019-08-23 09:17:49,844 - hetero_ne_arbiter.py[line:164] - INFO: Get loss from guest: 0.2804956816673056"
"2019-08-23 09:17:49,844 - hetero_ne_arbiter.py[line:93] - INFO: batch: 1"
"2019-08-23 09:18:00,001 - hetero_ne_arbiter.py[line:101] - INFO: Get host_gradient from GUEST"
"2019-08-23 09:18:00,906 - hetero_ne_arbiter.py[line:108] - INFO: Get guest_gradient from GUEST"
"2019-08-23 09:18:01,090 - hetero_ne_arbiter.py[line:126] - INFO: host gradients number: 256"
"2019-08-23 09:18:01,090 - hetero_ne_arbiter.py[line:127] - INFO: guest gradients number: 256"
"2019-08-23 09:18:01,127 - hetero_ne_arbiter.py[line:138] - INFO: Remote host_optim_gradient to Host"
"2019-08-23 09:18:01,191 - hetero_ne_arbiter.py[line:149] - INFO: Remote guest_optim_gradient to Guest"
"2019-08-23 09:18:01,594 - hetero_ne_arbiter.py[line:164] - INFO: Get loss from guest: 0.2853790602050442"
"2019-08-23 09:18:01,594 - hetero_ne_arbiter.py[line:93] - INFO: batch: 2"
"2019-08-23 09:18:11,738 - hetero_ne_arbiter.py[line:101] - INFO: Get host_gradient from GUEST"
"2019-08-23 09:18:12,441 - hetero_ne_arbiter.py[line:108] - INFO: Get guest_gradient from GUEST"
"2019-08-23 09:18:12,606 - hetero_ne_arbiter.py[line:126] - INFO: host gradients number: 256"
"2019-08-23 09:18:12,606 - hetero_ne_arbiter.py[line:127] - INFO: guest gradients number: 256"
"2019-08-23 09:18:12,624 - hetero_ne_arbiter.py[line:138] - INFO: Remote host_optim_gradient to Host"
"2019-08-23 09:18:12,644 - hetero_ne_arbiter.py[line:149] - INFO: Remote guest_optim_gradient to Guest"
"2019-08-23 09:18:12,947 - hetero_ne_arbiter.py[line:164] - INFO: Get loss from guest: 0.5458283282904093"
"2019-08-23 09:18:12,947 - hetero_ne_arbiter.py[line:93] - INFO: batch: 3"
"2019-08-23 09:18:23,395 - hetero_ne_arbiter.py[line:101] - INFO: Get host_gradient from GUEST"
"2019-08-23 09:18:24,199 - hetero_ne_arbiter.py[line:108] - INFO: Get guest_gradient from GUEST"
"2019-08-23 09:18:24,373 - hetero_ne_arbiter.py[line:126] - INFO: host gradients number: 256"
"2019-08-23 09:18:24,374 - hetero_ne_arbiter.py[line:127] - INFO: guest gradients number: 256"
"2019-08-23 09:18:24,390 - hetero_ne_arbiter.py[line:138] - INFO: Remote host_optim_gradient to Host"
"2019-08-23 09:18:24,423 - hetero_ne_arbiter.py[line:149] - INFO: Remote guest_optim_gradient to Guest"
"2019-08-23 09:18:24,726 - hetero_ne_arbiter.py[line:164] - INFO: Get loss from guest: 2.742639037434181"
"2019-08-23 09:18:24,726 - hetero_ne_arbiter.py[line:93] - INFO: batch: 4"
"2019-08-23 09:18:35,785 - hetero_ne_arbiter.py[line:101] - INFO: Get host_gradient from GUEST"
"2019-08-23 09:18:36,590 - hetero_ne_arbiter.py[line:108] - INFO: Get guest_gradient from GUEST"
"2019-08-23 09:18:36,755 - hetero_ne_arbiter.py[line:126] - INFO: host gradients number: 256"
"2019-08-23 09:18:36,755 - hetero_ne_arbiter.py[line:127] - INFO: guest gradients number: 256"
"2019-08-23 09:18:36,780 - hetero_ne_arbiter.py[line:138] - INFO: Remote host_optim_gradient to Host"
"2019-08-23 09:18:36,806 - hetero_ne_arbiter.py[line:149] - INFO: Remote guest_optim_gradient to Guest"
"2019-08-23 09:18:37,109 - hetero_ne_arbiter.py[line:164] - INFO: Get loss from guest: 2.4069084499709237"
"2019-08-23 09:18:37,109 - hetero_ne_arbiter.py[line:93] - INFO: batch: 5"
"2019-08-23 09:18:47,568 - hetero_ne_arbiter.py[line:101] - INFO: Get host_gradient from GUEST"
"2019-08-23 09:18:48,372 - hetero_ne_arbiter.py[line:108] - INFO: Get guest_gradient from GUEST"
"2019-08-23 09:18:48,546 - hetero_ne_arbiter.py[line:126] - INFO: host gradients number: 256"
"2019-08-23 09:18:48,546 - hetero_ne_arbiter.py[line:127] - INFO: guest gradients number: 256"
"2019-08-23 09:18:48,568 - hetero_ne_arbiter.py[line:138] - INFO: Remote host_optim_gradient to Host"
"2019-08-23 09:18:48,590 - hetero_ne_arbiter.py[line:149] - INFO: Remote guest_optim_gradient to Guest"
"2019-08-23 09:18:48,892 - hetero_ne_arbiter.py[line:164] - INFO: Get loss from guest: 2.630195940321921"
"2019-08-23 09:18:48,893 - hetero_ne_arbiter.py[line:93] - INFO: batch: 6"
"2019-08-23 09:18:59,133 - hetero_ne_arbiter.py[line:101] - INFO: Get host_gradient from GUEST"
"2019-08-23 09:18:59,937 - hetero_ne_arbiter.py[line:108] - INFO: Get guest_gradient from GUEST"
"2019-08-23 09:19:00,106 - hetero_ne_arbiter.py[line:126] - INFO: host gradients number: 256"
"2019-08-23 09:19:00,106 - hetero_ne_arbiter.py[line:127] - INFO: guest gradients number: 256"
"2019-08-23 09:19:00,132 - hetero_ne_arbiter.py[line:138] - INFO: Remote host_optim_gradient to Host"
"2019-08-23 09:19:00,146 - hetero_ne_arbiter.py[line:149] - INFO: Remote guest_optim_gradient to Guest"
"2019-08-23 09:19:00,749 - hetero_ne_arbiter.py[line:164] - INFO: Get loss from guest: 2.6102283232103494"
"2019-08-23 09:19:00,749 - hetero_ne_arbiter.py[line:93] - INFO: batch: 7"
"2019-08-23 09:19:11,707 - hetero_ne_arbiter.py[line:101] - INFO: Get host_gradient from GUEST"
"2019-08-23 09:19:12,711 - hetero_ne_arbiter.py[line:108] - INFO: Get guest_gradient from GUEST"
"2019-08-23 09:19:12,843 - hetero_ne_arbiter.py[line:126] - INFO: host gradients number: 256"
"2019-08-23 09:19:12,843 - hetero_ne_arbiter.py[line:127] - INFO: guest gradients number: 256"
"2019-08-23 09:19:12,853 - hetero_ne_arbiter.py[line:138] - INFO: Remote host_optim_gradient to Host"
"2019-08-23 09:19:12,865 - hetero_ne_arbiter.py[line:149] - INFO: Remote guest_optim_gradient to Guest"
"2019-08-23 09:19:13,167 - hetero_ne_arbiter.py[line:164] - INFO: Get loss from guest: 2.8669952702954387"
"2019-08-23 09:19:13,167 - hetero_ne_arbiter.py[line:93] - INFO: batch: 8"
"2019-08-23 09:19:23,910 - hetero_ne_arbiter.py[line:101] - INFO: Get host_gradient from GUEST"
"2019-08-23 09:19:24,914 - hetero_ne_arbiter.py[line:108] - INFO: Get guest_gradient from GUEST"
"2019-08-23 09:19:25,071 - hetero_ne_arbiter.py[line:126] - INFO: host gradients number: 256"
"2019-08-23 09:19:25,071 - hetero_ne_arbiter.py[line:127] - INFO: guest gradients number: 256"
"2019-08-23 09:19:25,086 - hetero_ne_arbiter.py[line:138] - INFO: Remote host_optim_gradient to Host"
"2019-08-23 09:19:25,098 - hetero_ne_arbiter.py[line:149] - INFO: Remote guest_optim_gradient to Guest"
"2019-08-23 09:19:25,400 - hetero_ne_arbiter.py[line:164] - INFO: Get loss from guest: 2.7447977476361065"
"2019-08-23 09:19:25,400 - hetero_ne_arbiter.py[line:93] - INFO: batch: 9"
"2019-08-23 09:19:35,641 - hetero_ne_arbiter.py[line:101] - INFO: Get host_gradient from GUEST"
"2019-08-23 09:19:36,546 - hetero_ne_arbiter.py[line:108] - INFO: Get guest_gradient from GUEST"
"2019-08-23 09:19:36,709 - hetero_ne_arbiter.py[line:126] - INFO: host gradients number: 256"
"2019-08-23 09:19:36,709 - hetero_ne_arbiter.py[line:127] - INFO: guest gradients number: 256"
"2019-08-23 09:19:36,723 - hetero_ne_arbiter.py[line:138] - INFO: Remote host_optim_gradient to Host"
"2019-08-23 09:19:36,736 - hetero_ne_arbiter.py[line:149] - INFO: Remote guest_optim_gradient to Guest"
"2019-08-23 09:19:37,038 - hetero_ne_arbiter.py[line:164] - INFO: Get loss from guest: 2.516829531690134"
"2019-08-23 09:19:37,038 - hetero_ne_arbiter.py[line:93] - INFO: batch: 10"
"2019-08-23 09:19:47,784 - hetero_ne_arbiter.py[line:101] - INFO: Get host_gradient from GUEST"
"2019-08-23 09:19:48,588 - hetero_ne_arbiter.py[line:108] - INFO: Get guest_gradient from GUEST"
"2019-08-23 09:19:48,745 - hetero_ne_arbiter.py[line:126] - INFO: host gradients number: 256"
"2019-08-23 09:19:48,746 - hetero_ne_arbiter.py[line:127] - INFO: guest gradients number: 256"
"2019-08-23 09:19:48,759 - hetero_ne_arbiter.py[line:138] - INFO: Remote host_optim_gradient to Host"
"2019-08-23 09:19:48,776 - hetero_ne_arbiter.py[line:149] - INFO: Remote guest_optim_gradient to Guest"
"2019-08-23 09:19:49,078 - hetero_ne_arbiter.py[line:164] - INFO: Get loss from guest: 2.627452818979572"
"2019-08-23 09:19:49,078 - hetero_ne_arbiter.py[line:93] - INFO: batch: 11"
"2019-08-23 09:19:59,519 - hetero_ne_arbiter.py[line:101] - INFO: Get host_gradient from GUEST"
"2019-08-23 09:20:00,323 - hetero_ne_arbiter.py[line:108] - INFO: Get guest_gradient from GUEST"
"2019-08-23 09:20:00,498 - hetero_ne_arbiter.py[line:126] - INFO: host gradients number: 256"
"2019-08-23 09:20:00,498 - hetero_ne_arbiter.py[line:127] - INFO: guest gradients number: 256"
"2019-08-23 09:20:00,514 - hetero_ne_arbiter.py[line:138] - INFO: Remote host_optim_gradient to Host"
"2019-08-23 09:20:00,531 - hetero_ne_arbiter.py[line:149] - INFO: Remote guest_optim_gradient to Guest"
"2019-08-23 09:20:00,833 - hetero_ne_arbiter.py[line:164] - INFO: Get loss from guest: 2.5245156803833155"
"2019-08-23 09:20:00,833 - hetero_ne_arbiter.py[line:93] - INFO: batch: 12"
"2019-08-23 09:20:11,974 - hetero_ne_arbiter.py[line:101] - INFO: Get host_gradient from GUEST"
"2019-08-23 09:20:12,779 - hetero_ne_arbiter.py[line:108] - INFO: Get guest_gradient from GUEST"
"2019-08-23 09:20:12,952 - hetero_ne_arbiter.py[line:126] - INFO: host gradients number: 256"
"2019-08-23 09:20:12,952 - hetero_ne_arbiter.py[line:127] - INFO: guest gradients number: 256"
"2019-08-23 09:20:12,974 - hetero_ne_arbiter.py[line:138] - INFO: Remote host_optim_gradient to Host"
"2019-08-23 09:20:12,996 - hetero_ne_arbiter.py[line:149] - INFO: Remote guest_optim_gradient to Guest"
"2019-08-23 09:20:13,499 - hetero_ne_arbiter.py[line:164] - INFO: Get loss from guest: 2.955605636558765"
"2019-08-23 09:20:13,499 - hetero_ne_arbiter.py[line:93] - INFO: batch: 13"
"2019-08-23 09:20:23,944 - hetero_ne_arbiter.py[line:101] - INFO: Get host_gradient from GUEST"
"2019-08-23 09:20:24,748 - hetero_ne_arbiter.py[line:108] - INFO: Get guest_gradient from GUEST"
"2019-08-23 09:20:24,900 - hetero_ne_arbiter.py[line:126] - INFO: host gradients number: 256"
"2019-08-23 09:20:24,900 - hetero_ne_arbiter.py[line:127] - INFO: guest gradients number: 256"
"2019-08-23 09:20:24,912 - hetero_ne_arbiter.py[line:138] - INFO: Remote host_optim_gradient to Host"
"2019-08-23 09:20:24,930 - hetero_ne_arbiter.py[line:149] - INFO: Remote guest_optim_gradient to Guest"
"2019-08-23 09:20:25,233 - hetero_ne_arbiter.py[line:164] - INFO: Get loss from guest: 2.710522252946821"
"2019-08-23 09:20:25,233 - hetero_ne_arbiter.py[line:93] - INFO: batch: 14"
"2019-08-23 09:20:35,675 - hetero_ne_arbiter.py[line:101] - INFO: Get host_gradient from GUEST"
"2019-08-23 09:20:36,480 - hetero_ne_arbiter.py[line:108] - INFO: Get guest_gradient from GUEST"
"2019-08-23 09:20:36,663 - hetero_ne_arbiter.py[line:126] - INFO: host gradients number: 256"
"2019-08-23 09:20:36,664 - hetero_ne_arbiter.py[line:127] - INFO: guest gradients number: 256"
"2019-08-23 09:20:36,678 - hetero_ne_arbiter.py[line:138] - INFO: Remote host_optim_gradient to Host"
"2019-08-23 09:20:36,699 - hetero_ne_arbiter.py[line:149] - INFO: Remote guest_optim_gradient to Guest"
"2019-08-23 09:20:37,102 - hetero_ne_arbiter.py[line:164] - INFO: Get loss from guest: 2.6021549508606285"
"2019-08-23 09:20:37,102 - hetero_ne_arbiter.py[line:93] - INFO: batch: 15"
"2019-08-23 09:20:48,051 - hetero_ne_arbiter.py[line:101] - INFO: Get host_gradient from GUEST"
"2019-08-23 09:20:48,855 - hetero_ne_arbiter.py[line:108] - INFO: Get guest_gradient from GUEST"
"2019-08-23 09:20:49,017 - hetero_ne_arbiter.py[line:126] - INFO: host gradients number: 256"
"2019-08-23 09:20:49,018 - hetero_ne_arbiter.py[line:127] - INFO: guest gradients number: 256"
"2019-08-23 09:20:49,046 - hetero_ne_arbiter.py[line:138] - INFO: Remote host_optim_gradient to Host"
"2019-08-23 09:20:49,063 - hetero_ne_arbiter.py[line:149] - INFO: Remote guest_optim_gradient to Guest"
"2019-08-23 09:20:49,365 - hetero_ne_arbiter.py[line:164] - INFO: Get loss from guest: 2.758248116805341"
"2019-08-23 09:20:49,365 - hetero_ne_arbiter.py[line:93] - INFO: batch: 16"
"2019-08-23 09:21:00,717 - hetero_ne_arbiter.py[line:101] - INFO: Get host_gradient from GUEST"
"2019-08-23 09:21:01,521 - hetero_ne_arbiter.py[line:108] - INFO: Get guest_gradient from GUEST"
"2019-08-23 09:21:01,657 - hetero_ne_arbiter.py[line:126] - INFO: host gradients number: 256"
"2019-08-23 09:21:01,657 - hetero_ne_arbiter.py[line:127] - INFO: guest gradients number: 256"
"2019-08-23 09:21:01,673 - hetero_ne_arbiter.py[line:138] - INFO: Remote host_optim_gradient to Host"
"2019-08-23 09:21:01,697 - hetero_ne_arbiter.py[line:149] - INFO: Remote guest_optim_gradient to Guest"
"2019-08-23 09:21:02,099 - hetero_ne_arbiter.py[line:164] - INFO: Get loss from guest: 2.4700310977867117"
"2019-08-23 09:21:02,099 - hetero_ne_arbiter.py[line:93] - INFO: batch: 17"
"2019-08-23 09:21:07,522 - hetero_ne_arbiter.py[line:101] - INFO: Get host_gradient from GUEST"
"2019-08-23 09:21:08,326 - hetero_ne_arbiter.py[line:108] - INFO: Get guest_gradient from GUEST"
"2019-08-23 09:21:08,450 - hetero_ne_arbiter.py[line:126] - INFO: host gradients number: 88"
"2019-08-23 09:21:08,450 - hetero_ne_arbiter.py[line:127] - INFO: guest gradients number: 88"
"2019-08-23 09:21:08,470 - hetero_ne_arbiter.py[line:138] - INFO: Remote host_optim_gradient to Host"
"2019-08-23 09:21:08,481 - hetero_ne_arbiter.py[line:149] - INFO: Remote guest_optim_gradient to Guest"
"2019-08-23 09:21:08,784 - hetero_ne_arbiter.py[line:164] - INFO: Get loss from guest: 2.155462352129486"
"2019-08-23 09:21:08,784 - hetero_ne_arbiter.py[line:171] - INFO: iter loss: 2.246349459842914"
"2019-08-23 09:21:09,155 - hetero_ne_arbiter.py[line:183] - INFO: Remote is_stop to host: False"
"2019-08-23 09:21:09,318 - hetero_ne_arbiter.py[line:193] - INFO: Remote is_stop to guest: False"
"2019-08-23 09:21:09,318 - hetero_ne_arbiter.py[line:88] - INFO: iter: 1"
"2019-08-23 09:21:09,318 - hetero_ne_arbiter.py[line:93] - INFO: batch: 0"
