"2019-08-23 09:17:35,169 - hetero_ne_guest.py[line:63] - INFO: samples number:4440"
"2019-08-23 09:17:35,169 - hetero_ne_guest.py[line:64] - INFO: Enter hetero_ne_guest fit"
"2019-08-23 09:17:35,169 - hetero_ne_guest.py[line:66] - INFO: Guest party has 2358 nodes"
"2019-08-23 09:17:35,389 - hetero_ne_guest.py[line:69] - INFO: Transform input data to train instance"
"2019-08-23 09:17:35,390 - hetero_ne_guest.py[line:76] - INFO: Get public_key from arbiter:<PaillierPublicKey 12c4f9659a>"
"2019-08-23 09:17:35,390 - hetero_ne_guest.py[line:79] - INFO: Generate mini-batch from input data"
"2019-08-23 09:17:38,625 - hetero_ne_guest.py[line:83] - INFO: samples number:4440"
"2019-08-23 09:17:38,625 - hetero_ne_guest.py[line:89] - INFO: batch_info:{'batch_size': 256, 'batch_num': 18}"
"2019-08-23 09:17:38,682 - hetero_ne_guest.py[line:95] - INFO: Remote batch_info to Host"
"2019-08-23 09:17:38,749 - hetero_ne_guest.py[line:102] - INFO: Remote batch_info to Arbiter"
"2019-08-23 09:17:38,749 - hetero_ne_guest.py[line:109] - INFO: Start initialize model."
"2019-08-23 09:17:38,749 - hetero_ne_guest.py[line:111] - INFO: Embedding shape=(2358, 10)"
"2019-08-23 09:17:38,749 - hetero_ne_guest.py[line:118] - INFO: iter:0"
"2019-08-23 09:17:38,749 - hetero_ne_guest.py[line:125] - INFO: batch:0"
"2019-08-23 09:17:38,750 - hetero_ne_guest.py[line:129] - INFO: remote mini-batch index to Host"
"2019-08-23 09:17:47,897 - hetero_ne_guest.py[line:161] - INFO: Get host_forward from host"
"2019-08-23 09:17:48,401 - hetero_ne_guest.py[line:181] - INFO: Remote host_gradient to arbiter"
"2019-08-23 09:17:49,244 - hetero_ne_guest.py[line:197] - INFO: Remote guest_gradient to arbiter"
"2019-08-23 09:17:49,546 - hetero_ne_guest.py[line:206] - INFO: Get optim_guest_gradient from arbiter"
"2019-08-23 09:17:49,546 - hetero_ne_guest.py[line:209] - INFO: update node embedding"
"2019-08-23 09:17:49,793 - hetero_ne_guest.py[line:228] - INFO: Remote loss to arbiter"
"2019-08-23 09:17:50,214 - hetero_ne_guest.py[line:125] - INFO: batch:1"
"2019-08-23 09:17:50,214 - hetero_ne_guest.py[line:129] - INFO: remote mini-batch index to Host"
"2019-08-23 09:17:59,441 - hetero_ne_guest.py[line:161] - INFO: Get host_forward from host"
"2019-08-23 09:17:59,956 - hetero_ne_guest.py[line:181] - INFO: Remote host_gradient to arbiter"
"2019-08-23 09:18:00,837 - hetero_ne_guest.py[line:197] - INFO: Remote guest_gradient to arbiter"
"2019-08-23 09:18:01,239 - hetero_ne_guest.py[line:206] - INFO: Get optim_guest_gradient from arbiter"
"2019-08-23 09:18:01,239 - hetero_ne_guest.py[line:209] - INFO: update node embedding"
"2019-08-23 09:18:01,596 - hetero_ne_guest.py[line:228] - INFO: Remote loss to arbiter"
"2019-08-23 09:18:01,824 - hetero_ne_guest.py[line:125] - INFO: batch:2"
"2019-08-23 09:18:01,825 - hetero_ne_guest.py[line:129] - INFO: remote mini-batch index to Host"
"2019-08-23 09:18:11,140 - hetero_ne_guest.py[line:161] - INFO: Get host_forward from host"
"2019-08-23 09:18:11,659 - hetero_ne_guest.py[line:181] - INFO: Remote host_gradient to arbiter"
"2019-08-23 09:18:12,389 - hetero_ne_guest.py[line:197] - INFO: Remote guest_gradient to arbiter"
"2019-08-23 09:18:12,691 - hetero_ne_guest.py[line:206] - INFO: Get optim_guest_gradient from arbiter"
"2019-08-23 09:18:12,691 - hetero_ne_guest.py[line:209] - INFO: update node embedding"
"2019-08-23 09:18:12,924 - hetero_ne_guest.py[line:228] - INFO: Remote loss to arbiter"
"2019-08-23 09:18:13,499 - hetero_ne_guest.py[line:125] - INFO: batch:3"
"2019-08-23 09:18:13,499 - hetero_ne_guest.py[line:129] - INFO: remote mini-batch index to Host"
"2019-08-23 09:18:22,830 - hetero_ne_guest.py[line:161] - INFO: Get host_forward from host"
"2019-08-23 09:18:23,336 - hetero_ne_guest.py[line:181] - INFO: Remote host_gradient to arbiter"
"2019-08-23 09:18:24,183 - hetero_ne_guest.py[line:197] - INFO: Remote guest_gradient to arbiter"
"2019-08-23 09:18:24,485 - hetero_ne_guest.py[line:206] - INFO: Get optim_guest_gradient from arbiter"
"2019-08-23 09:18:24,485 - hetero_ne_guest.py[line:209] - INFO: update node embedding"
"2019-08-23 09:18:24,736 - hetero_ne_guest.py[line:228] - INFO: Remote loss to arbiter"
"2019-08-23 09:18:25,210 - hetero_ne_guest.py[line:125] - INFO: batch:4"
"2019-08-23 09:18:25,210 - hetero_ne_guest.py[line:129] - INFO: remote mini-batch index to Host"
"2019-08-23 09:18:35,119 - hetero_ne_guest.py[line:161] - INFO: Get host_forward from host"
"2019-08-23 09:18:35,746 - hetero_ne_guest.py[line:181] - INFO: Remote host_gradient to arbiter"
"2019-08-23 09:18:36,505 - hetero_ne_guest.py[line:197] - INFO: Remote guest_gradient to arbiter"
"2019-08-23 09:18:36,807 - hetero_ne_guest.py[line:206] - INFO: Get optim_guest_gradient from arbiter"
"2019-08-23 09:18:36,807 - hetero_ne_guest.py[line:209] - INFO: update node embedding"
"2019-08-23 09:18:37,067 - hetero_ne_guest.py[line:228] - INFO: Remote loss to arbiter"
"2019-08-23 09:18:37,637 - hetero_ne_guest.py[line:125] - INFO: batch:5"
"2019-08-23 09:18:37,637 - hetero_ne_guest.py[line:129] - INFO: remote mini-batch index to Host"
"2019-08-23 09:18:46,926 - hetero_ne_guest.py[line:161] - INFO: Get host_forward from host"
"2019-08-23 09:18:47,500 - hetero_ne_guest.py[line:181] - INFO: Remote host_gradient to arbiter"
"2019-08-23 09:18:48,377 - hetero_ne_guest.py[line:197] - INFO: Remote guest_gradient to arbiter"
"2019-08-23 09:18:48,679 - hetero_ne_guest.py[line:206] - INFO: Get optim_guest_gradient from arbiter"
"2019-08-23 09:18:48,679 - hetero_ne_guest.py[line:209] - INFO: update node embedding"
"2019-08-23 09:18:48,857 - hetero_ne_guest.py[line:228] - INFO: Remote loss to arbiter"
"2019-08-23 09:18:49,375 - hetero_ne_guest.py[line:125] - INFO: batch:6"
"2019-08-23 09:18:49,376 - hetero_ne_guest.py[line:129] - INFO: remote mini-batch index to Host"
"2019-08-23 09:18:58,434 - hetero_ne_guest.py[line:161] - INFO: Get host_forward from host"
"2019-08-23 09:18:59,056 - hetero_ne_guest.py[line:181] - INFO: Remote host_gradient to arbiter"
"2019-08-23 09:18:59,876 - hetero_ne_guest.py[line:197] - INFO: Remote guest_gradient to arbiter"
"2019-08-23 09:19:00,179 - hetero_ne_guest.py[line:206] - INFO: Get optim_guest_gradient from arbiter"
"2019-08-23 09:19:00,179 - hetero_ne_guest.py[line:209] - INFO: update node embedding"
"2019-08-23 09:19:00,718 - hetero_ne_guest.py[line:228] - INFO: Remote loss to arbiter"
"2019-08-23 09:19:00,911 - hetero_ne_guest.py[line:125] - INFO: batch:7"
"2019-08-23 09:19:00,911 - hetero_ne_guest.py[line:129] - INFO: remote mini-batch index to Host"
"2019-08-23 09:19:11,032 - hetero_ne_guest.py[line:161] - INFO: Get host_forward from host"
"2019-08-23 09:19:11,634 - hetero_ne_guest.py[line:181] - INFO: Remote host_gradient to arbiter"
"2019-08-23 09:19:12,638 - hetero_ne_guest.py[line:197] - INFO: Remote guest_gradient to arbiter"
"2019-08-23 09:19:12,941 - hetero_ne_guest.py[line:206] - INFO: Get optim_guest_gradient from arbiter"
"2019-08-23 09:19:12,941 - hetero_ne_guest.py[line:209] - INFO: update node embedding"
"2019-08-23 09:19:13,090 - hetero_ne_guest.py[line:228] - INFO: Remote loss to arbiter"
"2019-08-23 09:19:13,580 - hetero_ne_guest.py[line:125] - INFO: batch:8"
"2019-08-23 09:19:13,580 - hetero_ne_guest.py[line:129] - INFO: remote mini-batch index to Host"
"2019-08-23 09:19:23,232 - hetero_ne_guest.py[line:161] - INFO: Get host_forward from host"
"2019-08-23 09:19:23,816 - hetero_ne_guest.py[line:181] - INFO: Remote host_gradient to arbiter"
"2019-08-23 09:19:24,857 - hetero_ne_guest.py[line:197] - INFO: Remote guest_gradient to arbiter"
"2019-08-23 09:19:25,159 - hetero_ne_guest.py[line:206] - INFO: Get optim_guest_gradient from arbiter"
"2019-08-23 09:19:25,159 - hetero_ne_guest.py[line:209] - INFO: update node embedding"
"2019-08-23 09:19:25,321 - hetero_ne_guest.py[line:228] - INFO: Remote loss to arbiter"
"2019-08-23 09:19:25,867 - hetero_ne_guest.py[line:125] - INFO: batch:9"
"2019-08-23 09:19:25,867 - hetero_ne_guest.py[line:129] - INFO: remote mini-batch index to Host"
"2019-08-23 09:19:35,071 - hetero_ne_guest.py[line:161] - INFO: Get host_forward from host"
"2019-08-23 09:19:35,600 - hetero_ne_guest.py[line:181] - INFO: Remote host_gradient to arbiter"
"2019-08-23 09:19:36,491 - hetero_ne_guest.py[line:197] - INFO: Remote guest_gradient to arbiter"
"2019-08-23 09:19:36,794 - hetero_ne_guest.py[line:206] - INFO: Get optim_guest_gradient from arbiter"
"2019-08-23 09:19:36,794 - hetero_ne_guest.py[line:209] - INFO: update node embedding"
"2019-08-23 09:19:37,021 - hetero_ne_guest.py[line:228] - INFO: Remote loss to arbiter"
"2019-08-23 09:19:37,608 - hetero_ne_guest.py[line:125] - INFO: batch:10"
"2019-08-23 09:19:37,609 - hetero_ne_guest.py[line:129] - INFO: remote mini-batch index to Host"
"2019-08-23 09:19:47,190 - hetero_ne_guest.py[line:161] - INFO: Get host_forward from host"
"2019-08-23 09:19:47,770 - hetero_ne_guest.py[line:181] - INFO: Remote host_gradient to arbiter"
"2019-08-23 09:19:48,545 - hetero_ne_guest.py[line:197] - INFO: Remote guest_gradient to arbiter"
"2019-08-23 09:19:48,848 - hetero_ne_guest.py[line:206] - INFO: Get optim_guest_gradient from arbiter"
"2019-08-23 09:19:48,848 - hetero_ne_guest.py[line:209] - INFO: update node embedding"
"2019-08-23 09:19:49,055 - hetero_ne_guest.py[line:228] - INFO: Remote loss to arbiter"
"2019-08-23 09:19:49,764 - hetero_ne_guest.py[line:125] - INFO: batch:11"
"2019-08-23 09:19:49,764 - hetero_ne_guest.py[line:129] - INFO: remote mini-batch index to Host"
"2019-08-23 09:19:58,972 - hetero_ne_guest.py[line:161] - INFO: Get host_forward from host"
"2019-08-23 09:19:59,496 - hetero_ne_guest.py[line:181] - INFO: Remote host_gradient to arbiter"
"2019-08-23 09:20:00,267 - hetero_ne_guest.py[line:197] - INFO: Remote guest_gradient to arbiter"
"2019-08-23 09:20:00,569 - hetero_ne_guest.py[line:206] - INFO: Get optim_guest_gradient from arbiter"
"2019-08-23 09:20:00,569 - hetero_ne_guest.py[line:209] - INFO: update node embedding"
"2019-08-23 09:20:00,833 - hetero_ne_guest.py[line:228] - INFO: Remote loss to arbiter"
"2019-08-23 09:20:01,320 - hetero_ne_guest.py[line:125] - INFO: batch:12"
"2019-08-23 09:20:01,320 - hetero_ne_guest.py[line:129] - INFO: remote mini-batch index to Host"
"2019-08-23 09:20:11,437 - hetero_ne_guest.py[line:161] - INFO: Get host_forward from host"
"2019-08-23 09:20:11,943 - hetero_ne_guest.py[line:181] - INFO: Remote host_gradient to arbiter"
"2019-08-23 09:20:12,771 - hetero_ne_guest.py[line:197] - INFO: Remote guest_gradient to arbiter"
"2019-08-23 09:20:13,073 - hetero_ne_guest.py[line:206] - INFO: Get optim_guest_gradient from arbiter"
"2019-08-23 09:20:13,073 - hetero_ne_guest.py[line:209] - INFO: update node embedding"
"2019-08-23 09:20:13,409 - hetero_ne_guest.py[line:228] - INFO: Remote loss to arbiter"
"2019-08-23 09:20:13,965 - hetero_ne_guest.py[line:125] - INFO: batch:13"
"2019-08-23 09:20:13,966 - hetero_ne_guest.py[line:129] - INFO: remote mini-batch index to Host"
"2019-08-23 09:20:23,363 - hetero_ne_guest.py[line:161] - INFO: Get host_forward from host"
"2019-08-23 09:20:23,925 - hetero_ne_guest.py[line:181] - INFO: Remote host_gradient to arbiter"
"2019-08-23 09:20:24,691 - hetero_ne_guest.py[line:197] - INFO: Remote guest_gradient to arbiter"
"2019-08-23 09:20:24,993 - hetero_ne_guest.py[line:206] - INFO: Get optim_guest_gradient from arbiter"
"2019-08-23 09:20:24,993 - hetero_ne_guest.py[line:209] - INFO: update node embedding"
"2019-08-23 09:20:25,230 - hetero_ne_guest.py[line:228] - INFO: Remote loss to arbiter"
"2019-08-23 09:20:25,776 - hetero_ne_guest.py[line:125] - INFO: batch:14"
"2019-08-23 09:20:25,776 - hetero_ne_guest.py[line:129] - INFO: remote mini-batch index to Host"
"2019-08-23 09:20:35,067 - hetero_ne_guest.py[line:161] - INFO: Get host_forward from host"
"2019-08-23 09:20:35,602 - hetero_ne_guest.py[line:181] - INFO: Remote host_gradient to arbiter"
"2019-08-23 09:20:36,426 - hetero_ne_guest.py[line:197] - INFO: Remote guest_gradient to arbiter"
"2019-08-23 09:20:36,728 - hetero_ne_guest.py[line:206] - INFO: Get optim_guest_gradient from arbiter"
"2019-08-23 09:20:36,728 - hetero_ne_guest.py[line:209] - INFO: update node embedding"
"2019-08-23 09:20:37,065 - hetero_ne_guest.py[line:228] - INFO: Remote loss to arbiter"
"2019-08-23 09:20:37,262 - hetero_ne_guest.py[line:125] - INFO: batch:15"
"2019-08-23 09:20:37,262 - hetero_ne_guest.py[line:129] - INFO: remote mini-batch index to Host"
"2019-08-23 09:20:47,501 - hetero_ne_guest.py[line:161] - INFO: Get host_forward from host"
"2019-08-23 09:20:48,032 - hetero_ne_guest.py[line:181] - INFO: Remote host_gradient to arbiter"
"2019-08-23 09:20:48,795 - hetero_ne_guest.py[line:197] - INFO: Remote guest_gradient to arbiter"
"2019-08-23 09:20:49,097 - hetero_ne_guest.py[line:206] - INFO: Get optim_guest_gradient from arbiter"
"2019-08-23 09:20:49,097 - hetero_ne_guest.py[line:209] - INFO: update node embedding"
"2019-08-23 09:20:49,365 - hetero_ne_guest.py[line:228] - INFO: Remote loss to arbiter"
"2019-08-23 09:20:49,968 - hetero_ne_guest.py[line:125] - INFO: batch:16"
"2019-08-23 09:20:49,968 - hetero_ne_guest.py[line:129] - INFO: remote mini-batch index to Host"
"2019-08-23 09:21:00,089 - hetero_ne_guest.py[line:161] - INFO: Get host_forward from host"
"2019-08-23 09:21:00,696 - hetero_ne_guest.py[line:181] - INFO: Remote host_gradient to arbiter"
"2019-08-23 09:21:01,433 - hetero_ne_guest.py[line:197] - INFO: Remote guest_gradient to arbiter"
"2019-08-23 09:21:01,735 - hetero_ne_guest.py[line:206] - INFO: Get optim_guest_gradient from arbiter"
"2019-08-23 09:21:01,735 - hetero_ne_guest.py[line:209] - INFO: update node embedding"
"2019-08-23 09:21:02,062 - hetero_ne_guest.py[line:228] - INFO: Remote loss to arbiter"
"2019-08-23 09:21:02,743 - hetero_ne_guest.py[line:125] - INFO: batch:17"
"2019-08-23 09:21:02,743 - hetero_ne_guest.py[line:129] - INFO: remote mini-batch index to Host"
"2019-08-23 09:21:07,019 - hetero_ne_guest.py[line:161] - INFO: Get host_forward from host"
"2019-08-23 09:21:07,487 - hetero_ne_guest.py[line:181] - INFO: Remote host_gradient to arbiter"
"2019-08-23 09:21:08,270 - hetero_ne_guest.py[line:197] - INFO: Remote guest_gradient to arbiter"
"2019-08-23 09:21:08,572 - hetero_ne_guest.py[line:206] - INFO: Get optim_guest_gradient from arbiter"
"2019-08-23 09:21:08,572 - hetero_ne_guest.py[line:209] - INFO: update node embedding"
"2019-08-23 09:21:08,750 - hetero_ne_guest.py[line:228] - INFO: Remote loss to arbiter"
"2019-08-23 09:21:09,772 - hetero_ne_guest.py[line:249] - INFO: Get is_stop flag from arbiter:False"
"2019-08-23 09:21:09,772 - hetero_ne_guest.py[line:118] - INFO: iter:1"
"2019-08-23 09:21:09,772 - hetero_ne_guest.py[line:125] - INFO: batch:0"
