"2019-08-23 09:17:35,392 - hetero_ne_host.py[line:42] - INFO: Enter hetero_ne host"
"2019-08-23 09:17:35,392 - hetero_ne_host.py[line:44] - INFO: Host party has 2319 nodes"
"2019-08-23 09:17:35,744 - hetero_ne_host.py[line:47] - INFO: Transform input data to train instance"
"2019-08-23 09:17:35,746 - hetero_ne_host.py[line:54] - INFO: Get Publick key from arbiter:<PaillierPublicKey 12c4f9659a>"
"2019-08-23 09:17:38,759 - hetero_ne_host.py[line:60] - INFO: Get batch_info from guest: {'batch_size': 256, 'batch_num': 18}"
"2019-08-23 09:17:38,759 - hetero_ne_host.py[line:74] - INFO: Start initilize model."
"2019-08-23 09:17:38,760 - hetero_ne_host.py[line:81] - INFO: iter: 0"
"2019-08-23 09:17:38,760 - hetero_ne_host.py[line:84] - INFO: batch:0"
"2019-08-23 09:17:38,861 - hetero_ne_host.py[line:97] - INFO: Get batch_index from Guest"
"2019-08-23 09:17:39,018 - hetero_ne_host.py[line:110] - INFO: batch_data_inst size:256"
"2019-08-23 09:17:47,816 - hetero_ne_host.py[line:125] - INFO: Remote host_forward to guest"
"2019-08-23 09:17:49,524 - hetero_ne_host.py[line:135] - INFO: Get optim_host_gradient from arbiter"
"2019-08-23 09:17:49,647 - hetero_ne_host.py[line:138] - INFO: update_model"
"2019-08-23 09:17:49,761 - hetero_ne_host.py[line:84] - INFO: batch:1"
"2019-08-23 09:17:50,264 - hetero_ne_host.py[line:97] - INFO: Get batch_index from Guest"
"2019-08-23 09:17:50,359 - hetero_ne_host.py[line:110] - INFO: batch_data_inst size:256"
"2019-08-23 09:17:59,356 - hetero_ne_host.py[line:125] - INFO: Remote host_forward to guest"
"2019-08-23 09:18:01,164 - hetero_ne_host.py[line:135] - INFO: Get optim_host_gradient from arbiter"
"2019-08-23 09:18:01,271 - hetero_ne_host.py[line:138] - INFO: update_model"
"2019-08-23 09:18:01,524 - hetero_ne_host.py[line:84] - INFO: batch:2"
"2019-08-23 09:18:01,935 - hetero_ne_host.py[line:97] - INFO: Get batch_index from Guest"
"2019-08-23 09:18:02,059 - hetero_ne_host.py[line:110] - INFO: batch_data_inst size:256"
"2019-08-23 09:18:10,874 - hetero_ne_host.py[line:125] - INFO: Remote host_forward to guest"
"2019-08-23 09:18:12,689 - hetero_ne_host.py[line:135] - INFO: Get optim_host_gradient from arbiter"
"2019-08-23 09:18:12,813 - hetero_ne_host.py[line:138] - INFO: update_model"
"2019-08-23 09:18:12,914 - hetero_ne_host.py[line:84] - INFO: batch:3"
"2019-08-23 09:18:13,518 - hetero_ne_host.py[line:97] - INFO: Get batch_index from Guest"
"2019-08-23 09:18:13,611 - hetero_ne_host.py[line:110] - INFO: batch_data_inst size:256"
"2019-08-23 09:18:22,828 - hetero_ne_host.py[line:125] - INFO: Remote host_forward to guest"
"2019-08-23 09:18:24,435 - hetero_ne_host.py[line:135] - INFO: Get optim_host_gradient from arbiter"
"2019-08-23 09:18:24,580 - hetero_ne_host.py[line:138] - INFO: update_model"
"2019-08-23 09:18:24,702 - hetero_ne_host.py[line:84] - INFO: batch:4"
"2019-08-23 09:18:25,305 - hetero_ne_host.py[line:97] - INFO: Get batch_index from Guest"
"2019-08-23 09:18:25,425 - hetero_ne_host.py[line:110] - INFO: batch_data_inst size:256"
"2019-08-23 09:18:35,099 - hetero_ne_host.py[line:125] - INFO: Remote host_forward to guest"
"2019-08-23 09:18:36,807 - hetero_ne_host.py[line:135] - INFO: Get optim_host_gradient from arbiter"
"2019-08-23 09:18:36,922 - hetero_ne_host.py[line:138] - INFO: update_model"
"2019-08-23 09:18:37,044 - hetero_ne_host.py[line:84] - INFO: batch:5"
"2019-08-23 09:18:37,648 - hetero_ne_host.py[line:97] - INFO: Get batch_index from Guest"
"2019-08-23 09:18:37,722 - hetero_ne_host.py[line:110] - INFO: batch_data_inst size:256"
"2019-08-23 09:18:46,602 - hetero_ne_host.py[line:125] - INFO: Remote host_forward to guest"
"2019-08-23 09:18:48,611 - hetero_ne_host.py[line:135] - INFO: Get optim_host_gradient from arbiter"
"2019-08-23 09:18:48,734 - hetero_ne_host.py[line:138] - INFO: update_model"
"2019-08-23 09:18:48,835 - hetero_ne_host.py[line:84] - INFO: batch:6"
"2019-08-23 09:18:49,438 - hetero_ne_host.py[line:97] - INFO: Get batch_index from Guest"
"2019-08-23 09:18:49,524 - hetero_ne_host.py[line:110] - INFO: batch_data_inst size:256"
"2019-08-23 09:18:58,437 - hetero_ne_host.py[line:125] - INFO: Remote host_forward to guest"
"2019-08-23 09:19:00,146 - hetero_ne_host.py[line:135] - INFO: Get optim_host_gradient from arbiter"
"2019-08-23 09:19:00,255 - hetero_ne_host.py[line:138] - INFO: update_model"
"2019-08-23 09:19:00,336 - hetero_ne_host.py[line:84] - INFO: batch:7"
"2019-08-23 09:19:00,940 - hetero_ne_host.py[line:97] - INFO: Get batch_index from Guest"
"2019-08-23 09:19:01,056 - hetero_ne_host.py[line:110] - INFO: batch_data_inst size:256"
"2019-08-23 09:19:10,581 - hetero_ne_host.py[line:125] - INFO: Remote host_forward to guest"
"2019-08-23 09:19:12,892 - hetero_ne_host.py[line:135] - INFO: Get optim_host_gradient from arbiter"
"2019-08-23 09:19:12,994 - hetero_ne_host.py[line:138] - INFO: update_model"
"2019-08-23 09:19:13,067 - hetero_ne_host.py[line:84] - INFO: batch:8"
"2019-08-23 09:19:13,671 - hetero_ne_host.py[line:97] - INFO: Get batch_index from Guest"
"2019-08-23 09:19:13,782 - hetero_ne_host.py[line:110] - INFO: batch_data_inst size:256"
"2019-08-23 09:19:22,824 - hetero_ne_host.py[line:125] - INFO: Remote host_forward to guest"
"2019-08-23 09:19:25,135 - hetero_ne_host.py[line:135] - INFO: Get optim_host_gradient from arbiter"
"2019-08-23 09:19:25,238 - hetero_ne_host.py[line:138] - INFO: update_model"
"2019-08-23 09:19:25,305 - hetero_ne_host.py[line:84] - INFO: batch:9"
"2019-08-23 09:19:25,908 - hetero_ne_host.py[line:97] - INFO: Get batch_index from Guest"
"2019-08-23 09:19:25,998 - hetero_ne_host.py[line:110] - INFO: batch_data_inst size:256"
"2019-08-23 09:19:34,985 - hetero_ne_host.py[line:125] - INFO: Remote host_forward to guest"
"2019-08-23 09:19:36,793 - hetero_ne_host.py[line:135] - INFO: Get optim_host_gradient from arbiter"
"2019-08-23 09:19:36,908 - hetero_ne_host.py[line:138] - INFO: update_model"
"2019-08-23 09:19:37,011 - hetero_ne_host.py[line:84] - INFO: batch:10"
"2019-08-23 09:19:37,615 - hetero_ne_host.py[line:97] - INFO: Get batch_index from Guest"
"2019-08-23 09:19:37,682 - hetero_ne_host.py[line:110] - INFO: batch_data_inst size:256"
"2019-08-23 09:19:47,126 - hetero_ne_host.py[line:125] - INFO: Remote host_forward to guest"
"2019-08-23 09:19:48,834 - hetero_ne_host.py[line:135] - INFO: Get optim_host_gradient from arbiter"
"2019-08-23 09:19:48,964 - hetero_ne_host.py[line:138] - INFO: update_model"
"2019-08-23 09:19:49,048 - hetero_ne_host.py[line:84] - INFO: batch:11"
"2019-08-23 09:19:49,852 - hetero_ne_host.py[line:97] - INFO: Get batch_index from Guest"
"2019-08-23 09:19:49,897 - hetero_ne_host.py[line:110] - INFO: batch_data_inst size:256"
"2019-08-23 09:19:58,880 - hetero_ne_host.py[line:125] - INFO: Remote host_forward to guest"
"2019-08-23 09:20:00,587 - hetero_ne_host.py[line:135] - INFO: Get optim_host_gradient from arbiter"
"2019-08-23 09:20:00,721 - hetero_ne_host.py[line:138] - INFO: update_model"
"2019-08-23 09:20:00,855 - hetero_ne_host.py[line:84] - INFO: batch:12"
"2019-08-23 09:20:01,358 - hetero_ne_host.py[line:97] - INFO: Get batch_index from Guest"
"2019-08-23 09:20:01,501 - hetero_ne_host.py[line:110] - INFO: batch_data_inst size:256"
"2019-08-23 09:20:11,345 - hetero_ne_host.py[line:125] - INFO: Remote host_forward to guest"
"2019-08-23 09:20:13,052 - hetero_ne_host.py[line:135] - INFO: Get optim_host_gradient from arbiter"
"2019-08-23 09:20:13,175 - hetero_ne_host.py[line:138] - INFO: update_model"
"2019-08-23 09:20:13,386 - hetero_ne_host.py[line:84] - INFO: batch:13"
"2019-08-23 09:20:13,990 - hetero_ne_host.py[line:97] - INFO: Get batch_index from Guest"
"2019-08-23 09:20:14,111 - hetero_ne_host.py[line:110] - INFO: batch_data_inst size:256"
"2019-08-23 09:20:23,277 - hetero_ne_host.py[line:125] - INFO: Remote host_forward to guest"
"2019-08-23 09:20:24,984 - hetero_ne_host.py[line:135] - INFO: Get optim_host_gradient from arbiter"
"2019-08-23 09:20:25,102 - hetero_ne_host.py[line:138] - INFO: update_model"
"2019-08-23 09:20:25,221 - hetero_ne_host.py[line:84] - INFO: batch:14"
"2019-08-23 09:20:25,824 - hetero_ne_host.py[line:97] - INFO: Get batch_index from Guest"
"2019-08-23 09:20:25,948 - hetero_ne_host.py[line:110] - INFO: batch_data_inst size:256"
"2019-08-23 09:20:34,977 - hetero_ne_host.py[line:125] - INFO: Remote host_forward to guest"
"2019-08-23 09:20:36,685 - hetero_ne_host.py[line:135] - INFO: Get optim_host_gradient from arbiter"
"2019-08-23 09:20:36,773 - hetero_ne_host.py[line:138] - INFO: update_model"
"2019-08-23 09:20:37,005 - hetero_ne_host.py[line:84] - INFO: batch:15"
"2019-08-23 09:20:37,307 - hetero_ne_host.py[line:97] - INFO: Get batch_index from Guest"
"2019-08-23 09:20:37,712 - hetero_ne_host.py[line:110] - INFO: batch_data_inst size:256"
"2019-08-23 09:20:47,421 - hetero_ne_host.py[line:125] - INFO: Remote host_forward to guest"
"2019-08-23 09:20:49,129 - hetero_ne_host.py[line:135] - INFO: Get optim_host_gradient from arbiter"
"2019-08-23 09:20:49,242 - hetero_ne_host.py[line:138] - INFO: update_model"
"2019-08-23 09:20:49,365 - hetero_ne_host.py[line:84] - INFO: batch:16"
"2019-08-23 09:20:50,069 - hetero_ne_host.py[line:97] - INFO: Get batch_index from Guest"
"2019-08-23 09:20:50,129 - hetero_ne_host.py[line:110] - INFO: batch_data_inst size:256"
"2019-08-23 09:21:00,018 - hetero_ne_host.py[line:125] - INFO: Remote host_forward to guest"
"2019-08-23 09:21:01,727 - hetero_ne_host.py[line:135] - INFO: Get optim_host_gradient from arbiter"
"2019-08-23 09:21:01,873 - hetero_ne_host.py[line:138] - INFO: update_model"
"2019-08-23 09:21:02,062 - hetero_ne_host.py[line:84] - INFO: batch:17"
"2019-08-23 09:21:02,767 - hetero_ne_host.py[line:97] - INFO: Get batch_index from Guest"
"2019-08-23 09:21:02,883 - hetero_ne_host.py[line:110] - INFO: batch_data_inst size:88"
"2019-08-23 09:21:07,001 - hetero_ne_host.py[line:125] - INFO: Remote host_forward to guest"
"2019-08-23 09:21:08,508 - hetero_ne_host.py[line:135] - INFO: Get optim_host_gradient from arbiter"
"2019-08-23 09:21:08,582 - hetero_ne_host.py[line:138] - INFO: update_model"
"2019-08-23 09:21:08,880 - hetero_ne_host.py[line:155] - INFO: Get is_stop flag from arbiter:[False]"
"2019-08-23 09:21:08,880 - hetero_ne_host.py[line:159] - INFO: Get stop signal from arbiter, model is converged, iter:1"
"2019-08-23 09:22:08,375 - hetero_ne_host.py[line:167] - INFO: Reach max iter 20, network embedding finish!"
