"2019-08-23 09:17:33,616 - workflow.py[line:863] - DEBUG: The job id is hetero_network_embedding_example_standalone_20190823091729"
"2019-08-23 09:17:33,617 - workflow.py[line:865] - DEBUG: Finish eggroll and federation init"
"2019-08-23 09:17:33,617 - workflow.py[line:819] - DEBUG: finish init pipeline"
"2019-08-23 09:17:33,618 - workflow.py[line:910] - INFO: 4440 samples in host"
"2019-08-23 09:17:33,623 - workflow.py[line:210] - DEBUG: Enter host network embedding function"
"2019-08-23 09:17:33,623 - workflow.py[line:211] - DEBUG: Start intersection before network embedding"
"2019-08-23 09:17:33,623 - workflow.py[line:316] - INFO: need_intersect: true!"
"2019-08-23 09:17:33,623 - workflow.py[line:320] - INFO: Start intersection!"
"2019-08-23 09:17:33,818 - workflow.py[line:863] - DEBUG: The job id is hetero_network_embedding_example_standalone_20190823091729"
"2019-08-23 09:17:33,820 - workflow.py[line:865] - DEBUG: Finish eggroll and federation init"
"2019-08-23 09:17:33,820 - workflow.py[line:819] - DEBUG: finish init pipeline"
"2019-08-23 09:17:33,821 - workflow.py[line:910] - INFO: 4440 samples in guest"
"2019-08-23 09:17:33,825 - workflow.py[line:210] - DEBUG: Enter guest network embedding function"
"2019-08-23 09:17:33,825 - workflow.py[line:211] - DEBUG: Start intersection before network embedding"
"2019-08-23 09:17:33,826 - workflow.py[line:316] - INFO: need_intersect: true!"
"2019-08-23 09:17:33,826 - workflow.py[line:320] - INFO: Start intersection!"
"2019-08-23 09:17:33,877 - workflow.py[line:863] - DEBUG: The job id is hetero_network_embedding_example_standalone_20190823091729"
"2019-08-23 09:17:33,879 - workflow.py[line:865] - DEBUG: Finish eggroll and federation init"
"2019-08-23 09:17:33,879 - workflow.py[line:819] - DEBUG: finish init pipeline"
"2019-08-23 09:17:33,879 - workflow.py[line:214] - INFO: arbiter"
"2019-08-23 09:17:33,879 - workflow.py[line:215] - INFO: max iter: 20"
"2019-08-23 09:17:35,168 - workflow.py[line:331] - INFO: finish intersection!"
"2019-08-23 09:17:35,168 - workflow.py[line:214] - INFO: guest"
"2019-08-23 09:17:35,169 - workflow.py[line:215] - INFO: max iter: 20"
"2019-08-23 09:17:35,392 - workflow.py[line:331] - INFO: finish intersection!"
"2019-08-23 09:17:35,392 - workflow.py[line:214] - INFO: host"
"2019-08-23 09:17:35,392 - workflow.py[line:215] - INFO: max iter: 20"
"2019-08-23 09:22:08,375 - workflow.py[line:915] - DEBUG: host"
"2019-08-23 09:22:08,375 - workflow.py[line:916] - INFO: Network_embedding_finish"
