"2019-08-22 06:59:55,918 - workflow.py[line:862] - DEBUG: The job id is hetero_network_embedding_example_standalone_20190822065951"
"2019-08-22 06:59:55,919 - workflow.py[line:864] - DEBUG: Finish eggroll and federation init"
"2019-08-22 06:59:55,920 - workflow.py[line:818] - DEBUG: finish init pipeline"
"2019-08-22 06:59:56,080 - workflow.py[line:862] - DEBUG: The job id is hetero_network_embedding_example_standalone_20190822065951"
"2019-08-22 06:59:56,081 - workflow.py[line:862] - DEBUG: The job id is hetero_network_embedding_example_standalone_20190822065951"
"2019-08-22 06:59:56,082 - workflow.py[line:864] - DEBUG: Finish eggroll and federation init"
"2019-08-22 06:59:56,082 - workflow.py[line:818] - DEBUG: finish init pipeline"
"2019-08-22 06:59:56,083 - workflow.py[line:864] - DEBUG: Finish eggroll and federation init"
"2019-08-22 06:59:56,083 - workflow.py[line:818] - DEBUG: finish init pipeline"
"2019-08-22 06:59:56,085 - workflow.py[line:905] - INFO: 4440 samples in guest"
"2019-08-22 06:59:56,085 - workflow.py[line:905] - INFO: 4440 samples in host"
"2019-08-22 06:59:56,090 - workflow.py[line:210] - DEBUG: Enter guest network embedding function"
"2019-08-22 06:59:56,090 - workflow.py[line:210] - DEBUG: Enter host network embedding function"
"2019-08-22 06:59:56,090 - workflow.py[line:211] - DEBUG: Start intersection before network embedding"
"2019-08-22 06:59:56,090 - workflow.py[line:211] - DEBUG: Start intersection before network embedding"
"2019-08-22 06:59:56,090 - workflow.py[line:315] - INFO: need_intersect: true!"
"2019-08-22 06:59:56,090 - workflow.py[line:315] - INFO: need_intersect: true!"
"2019-08-22 06:59:56,090 - workflow.py[line:319] - INFO: Start intersection!"
"2019-08-22 06:59:56,090 - workflow.py[line:319] - INFO: Start intersection!"
"2019-08-22 07:00:02,659 - workflow.py[line:330] - INFO: finish intersection!"
"2019-08-22 07:00:02,664 - workflow.py[line:330] - INFO: finish intersection!"
