"2019-08-24 16:31:52,652 - log_utils.py[line:104] - INFO: id:host_1_0, value: (1, 6, 1)"
"2019-08-24 16:31:52,652 - log_utils.py[line:104] - INFO: id:host_2_0, value: (2, 8, 1)"
"2019-08-24 16:31:52,652 - log_utils.py[line:104] - INFO: id:host_2_1, value: (2, 4, 1)"
"2019-08-24 16:31:52,652 - log_utils.py[line:104] - INFO: id:host_3_0, value: (3, 33, 1)"
"2019-08-24 16:31:52,652 - log_utils.py[line:104] - INFO: id:host_3_1, value: (3, 24, 1)"
"2019-08-24 16:31:52,653 - log_utils.py[line:104] - INFO: id:host_4_0, value: (4, 14, 1)"
"2019-08-24 16:31:52,653 - log_utils.py[line:104] - INFO: id:host_5_0, value: (5, 11, 1)"
"2019-08-24 16:31:52,653 - log_utils.py[line:104] - INFO: id:host_5_1, value: (5, 6, 1)"
"2019-08-24 16:31:52,653 - log_utils.py[line:104] - INFO: id:host_6_0, value: (6, 11, 1)"
"2019-08-24 16:31:52,653 - log_utils.py[line:104] - INFO: id:host_6_1, value: (6, 5, 1)"
"2019-08-24 16:31:52,653 - log_utils.py[line:104] - INFO: id:host_7_0, value: (7, 1, 1)"
"2019-08-24 16:31:52,653 - neighbors_sampling.py[line:132] - INFO: The number of local positive pairs: 51"
"2019-08-24 16:31:52,653 - neighbors_sampling.py[line:135] - INFO: Negative samples num: 5"
"2019-08-24 16:31:52,674 - log_utils.py[line:104] - INFO: id:guest_1_0, value: (1, 5, 1)"
"2019-08-24 16:31:52,674 - log_utils.py[line:104] - INFO: id:guest_1_1, value: (1, 7, 1)"
"2019-08-24 16:31:52,674 - log_utils.py[line:104] - INFO: id:guest_2_0, value: (2, 1, 1)"
"2019-08-24 16:31:52,674 - log_utils.py[line:104] - INFO: id:guest_2_1, value: (2, 4, 1)"
"2019-08-24 16:31:52,674 - log_utils.py[line:104] - INFO: id:guest_3_0, value: (3, 2, 1)"
"2019-08-24 16:31:52,675 - log_utils.py[line:104] - INFO: id:guest_3_1, value: (3, 22, 1)"
"2019-08-24 16:31:52,675 - log_utils.py[line:104] - INFO: id:guest_4_0, value: (4, 2, 1)"
"2019-08-24 16:31:52,675 - log_utils.py[line:104] - INFO: id:guest_4_1, value: (4, 22, 1)"
"2019-08-24 16:31:52,675 - log_utils.py[line:104] - INFO: id:guest_5_0, value: (5, 1, 1)"
"2019-08-24 16:31:52,675 - log_utils.py[line:104] - INFO: id:guest_5_1, value: (5, 2, 1)"
"2019-08-24 16:31:52,675 - log_utils.py[line:104] - INFO: id:guest_6_0, value: (6, 7, 1)"
"2019-08-24 16:31:52,675 - neighbors_sampling.py[line:132] - INFO: The number of local positive pairs: 55"
"2019-08-24 16:31:52,675 - neighbors_sampling.py[line:135] - INFO: Negative samples num: 5"
"2019-08-24 16:31:56,319 - log_utils.py[line:104] - INFO: id:host_1_0_negative_0, value: (1, 32, -1)"
"2019-08-24 16:31:56,319 - log_utils.py[line:104] - INFO: id:host_1_0_negative_1, value: (1, 34, -1)"
"2019-08-24 16:31:56,319 - log_utils.py[line:104] - INFO: id:host_1_0_negative_2, value: (1, 33, -1)"
"2019-08-24 16:31:56,319 - log_utils.py[line:104] - INFO: id:host_1_0_negative_3, value: (1, 9, -1)"
"2019-08-24 16:31:56,319 - log_utils.py[line:104] - INFO: id:host_1_0_negative_4, value: (1, 26, -1)"
"2019-08-24 16:31:56,319 - log_utils.py[line:104] - INFO: id:host_2_0_negative_0, value: (2, 6, -1)"
"2019-08-24 16:31:56,319 - log_utils.py[line:104] - INFO: id:host_2_0_negative_1, value: (2, 2, -1)"
"2019-08-24 16:31:56,319 - log_utils.py[line:104] - INFO: id:host_2_0_negative_2, value: (2, 8, -1)"
"2019-08-24 16:31:56,319 - log_utils.py[line:104] - INFO: id:host_2_0_negative_3, value: (2, 28, -1)"
"2019-08-24 16:31:56,319 - log_utils.py[line:104] - INFO: id:host_2_0_negative_4, value: (2, 24, -1)"
"2019-08-24 16:31:56,320 - log_utils.py[line:104] - INFO: id:host_2_1_negative_0, value: (2, 24, -1)"
"2019-08-24 16:31:56,320 - neighbors_sampling.py[line:104] - INFO: distribution len: 30, max:(1, 0.08960454010181915)"
"2019-08-24 16:31:56,320 - neighbors_sampling.py[line:137] - INFO: The number of local negative pairs: 255"
"2019-08-24 16:31:56,578 - log_utils.py[line:104] - INFO: id:guest_1_0_negative_0, value: (1, 7, -1)"
"2019-08-24 16:31:56,578 - log_utils.py[line:104] - INFO: id:guest_1_0_negative_1, value: (1, 3, -1)"
"2019-08-24 16:31:56,578 - log_utils.py[line:104] - INFO: id:guest_1_0_negative_2, value: (1, 4, -1)"
"2019-08-24 16:31:56,578 - log_utils.py[line:104] - INFO: id:guest_1_0_negative_3, value: (1, 25, -1)"
"2019-08-24 16:31:56,578 - log_utils.py[line:104] - INFO: id:guest_1_0_negative_4, value: (1, 18, -1)"
"2019-08-24 16:31:56,578 - log_utils.py[line:104] - INFO: id:guest_1_1_negative_0, value: (1, 29, -1)"
"2019-08-24 16:31:56,579 - log_utils.py[line:104] - INFO: id:guest_1_1_negative_1, value: (1, 20, -1)"
"2019-08-24 16:31:56,579 - log_utils.py[line:104] - INFO: id:guest_1_1_negative_2, value: (1, 28, -1)"
"2019-08-24 16:31:56,579 - log_utils.py[line:104] - INFO: id:guest_1_1_negative_3, value: (1, 4, -1)"
"2019-08-24 16:31:56,579 - log_utils.py[line:104] - INFO: id:guest_1_1_negative_4, value: (1, 11, -1)"
"2019-08-24 16:31:56,579 - log_utils.py[line:104] - INFO: id:guest_2_0_negative_0, value: (2, 1, -1)"
"2019-08-24 16:31:56,579 - neighbors_sampling.py[line:104] - INFO: distribution len: 31, max:(34, 0.08048076312700077)"
"2019-08-24 16:31:56,579 - neighbors_sampling.py[line:137] - INFO: The number of local negative pairs: 275"
"2019-08-24 16:31:56,658 - log_utils.py[line:104] - INFO: id:host_1_0, value: (1, 6, 1)"
"2019-08-24 16:31:56,658 - log_utils.py[line:104] - INFO: id:host_2_0, value: (2, 8, 1)"
"2019-08-24 16:31:56,658 - log_utils.py[line:104] - INFO: id:host_2_1, value: (2, 4, 1)"
"2019-08-24 16:31:56,659 - log_utils.py[line:104] - INFO: id:host_3_0, value: (3, 33, 1)"
"2019-08-24 16:31:56,659 - log_utils.py[line:104] - INFO: id:host_1_0_negative_0, value: (1, 32, -1)"
"2019-08-24 16:31:56,659 - log_utils.py[line:104] - INFO: id:host_1_0_negative_1, value: (1, 34, -1)"
"2019-08-24 16:31:56,659 - log_utils.py[line:104] - INFO: id:host_1_0_negative_2, value: (1, 33, -1)"
"2019-08-24 16:31:56,659 - log_utils.py[line:104] - INFO: id:host_1_0_negative_3, value: (1, 9, -1)"
"2019-08-24 16:31:56,661 - neighbors_sampling.py[line:145] - INFO: The number of total local pairs: 306"
"2019-08-24 16:31:56,693 - log_utils.py[line:104] - INFO: id:guest_1_0, value: (1, 5, 1)"
"2019-08-24 16:31:56,693 - log_utils.py[line:104] - INFO: id:guest_1_1, value: (1, 7, 1)"
"2019-08-24 16:31:56,693 - log_utils.py[line:104] - INFO: id:guest_2_0, value: (2, 1, 1)"
"2019-08-24 16:31:56,693 - log_utils.py[line:104] - INFO: id:guest_2_1, value: (2, 4, 1)"
"2019-08-24 16:31:56,693 - log_utils.py[line:104] - INFO: id:guest_1_0_negative_0, value: (1, 7, -1)"
"2019-08-24 16:31:56,694 - log_utils.py[line:104] - INFO: id:guest_1_0_negative_1, value: (1, 3, -1)"
"2019-08-24 16:31:56,694 - log_utils.py[line:104] - INFO: id:guest_1_0_negative_2, value: (1, 4, -1)"
"2019-08-24 16:31:56,694 - log_utils.py[line:104] - INFO: id:guest_1_0_negative_3, value: (1, 25, -1)"
"2019-08-24 16:31:56,696 - neighbors_sampling.py[line:145] - INFO: The number of total local pairs: 330"
"2019-08-24 16:32:03,162 - neighbors_sampling.py[line:287] - INFO: Generate the distributed host samples for guest"
"2019-08-24 16:32:03,189 - neighbors_sampling.py[line:250] - INFO: Generate the distributed host samples for host"
"2019-08-24 16:32:03,487 - neighbors_sampling.py[line:294] - INFO: Remote numbers to host"
"2019-08-24 16:32:03,492 - neighbors_sampling.py[line:254] - INFO: Get numbers from guest"
"2019-08-24 16:32:03,679 - neighbors_sampling.py[line:202] - INFO: bridge_instances count:3"
"2019-08-24 16:32:04,166 - neighbors_sampling.py[line:210] - INFO: sample_ids_instances count:3"
"2019-08-24 16:32:04,171 - neighbors_sampling.py[line:258] - INFO: distributed_instances count:7"
"2019-08-24 16:32:04,241 - neighbors_sampling.py[line:265] - INFO: Remote generated distributed samples' id to guest"
"2019-08-24 16:32:04,242 - neighbors_sampling.py[line:287] - INFO: Generate the distributed guest samples for host"
"2019-08-24 16:32:04,294 - neighbors_sampling.py[line:299] - INFO: Get generated distributed samples' id from host"
"2019-08-24 16:32:04,453 - neighbors_sampling.py[line:294] - INFO: Remote numbers to guest"
"2019-08-24 16:32:04,502 - neighbors_sampling.py[line:304] - INFO: The number of host distributed_instances:7"
"2019-08-24 16:32:04,503 - neighbors_sampling.py[line:250] - INFO: Generate the distributed guest samples for guest"
"2019-08-24 16:32:04,504 - neighbors_sampling.py[line:254] - INFO: Get numbers from host"
"2019-08-24 16:32:04,599 - neighbors_sampling.py[line:202] - INFO: bridge_instances count:3"
"2019-08-24 16:32:05,116 - neighbors_sampling.py[line:210] - INFO: sample_ids_instances count:3"
"2019-08-24 16:32:05,121 - neighbors_sampling.py[line:258] - INFO: distributed_instances count:7"
"2019-08-24 16:32:05,169 - neighbors_sampling.py[line:265] - INFO: Remote generated distributed samples' id to host"
"2019-08-24 16:32:05,258 - neighbors_sampling.py[line:299] - INFO: Get generated distributed samples' id from guest"
"2019-08-24 16:32:05,396 - neighbors_sampling.py[line:304] - INFO: The number of guest distributed_instances:7"
"2019-08-24 16:32:05,849 - neighbors_sampling.py[line:337] - INFO: Remote the distributed negative instances id to guest from host"
"2019-08-24 16:32:05,849 - neighbors_sampling.py[line:338] - INFO: Distributed negative instances count: 35"
"2019-08-24 16:32:05,850 - log_utils.py[line:104] - INFO: id:host_1_0_0_negative_0, value: 8"
"2019-08-24 16:32:05,850 - log_utils.py[line:104] - INFO: id:host_1_0_0_negative_1, value: 8"
"2019-08-24 16:32:05,850 - log_utils.py[line:104] - INFO: id:host_1_0_0_negative_2, value: 8"
"2019-08-24 16:32:05,850 - log_utils.py[line:104] - INFO: id:host_1_0_0_negative_3, value: 8"
"2019-08-24 16:32:05,850 - log_utils.py[line:104] - INFO: id:host_1_0_0_negative_4, value: 8"
"2019-08-24 16:32:05,851 - log_utils.py[line:104] - INFO: id:host_33_0_0_negative_0, value: 21"
"2019-08-24 16:32:05,851 - log_utils.py[line:104] - INFO: id:host_33_0_0_negative_1, value: 21"
"2019-08-24 16:32:05,851 - log_utils.py[line:104] - INFO: id:host_33_0_0_negative_2, value: 21"
"2019-08-24 16:32:05,851 - log_utils.py[line:104] - INFO: id:host_33_0_0_negative_3, value: 21"
"2019-08-24 16:32:05,851 - log_utils.py[line:104] - INFO: id:host_33_0_0_negative_4, value: 21"
"2019-08-24 16:32:05,851 - log_utils.py[line:104] - INFO: id:host_33_1_0_negative_0, value: 23"
"2019-08-24 16:32:05,874 - neighbors_sampling.py[line:359] - INFO: Get distributed nagative samples from host"
"2019-08-24 16:32:05,874 - neighbors_sampling.py[line:361] - INFO: id:host_1_0_0_negative_0"
"2019-08-24 16:32:05,874 - neighbors_sampling.py[line:361] - INFO: id:host_1_0_0_negative_1"
"2019-08-24 16:32:05,874 - neighbors_sampling.py[line:361] - INFO: id:host_1_0_0_negative_2"
"2019-08-24 16:32:05,874 - neighbors_sampling.py[line:361] - INFO: id:host_1_0_0_negative_3"
"2019-08-24 16:32:05,875 - neighbors_sampling.py[line:361] - INFO: id:host_1_0_0_negative_4"
"2019-08-24 16:32:05,875 - neighbors_sampling.py[line:361] - INFO: id:host_33_0_0_negative_0"
"2019-08-24 16:32:05,875 - neighbors_sampling.py[line:361] - INFO: id:host_33_0_0_negative_1"
"2019-08-24 16:32:05,875 - neighbors_sampling.py[line:361] - INFO: id:host_33_0_0_negative_2"
"2019-08-24 16:32:05,875 - neighbors_sampling.py[line:361] - INFO: id:host_33_0_0_negative_3"
"2019-08-24 16:32:05,875 - neighbors_sampling.py[line:361] - INFO: id:host_33_0_0_negative_4"
"2019-08-24 16:32:08,026 - log_utils.py[line:104] - INFO: id:host_1_0_0_negative_0, value: (34, -1)"
"2019-08-24 16:32:08,026 - log_utils.py[line:104] - INFO: id:host_1_0_0_negative_1, value: (2, -1)"
"2019-08-24 16:32:08,026 - log_utils.py[line:104] - INFO: id:host_1_0_0_negative_2, value: (1, -1)"
"2019-08-24 16:32:08,026 - log_utils.py[line:104] - INFO: id:host_1_0_0_negative_3, value: (6, -1)"
"2019-08-24 16:32:08,026 - log_utils.py[line:104] - INFO: id:host_1_0_0_negative_4, value: (16, -1)"
"2019-08-24 16:32:08,027 - log_utils.py[line:104] - INFO: id:host_33_0_0_negative_0, value: (33, -1)"
"2019-08-24 16:32:08,414 - neighbors_sampling.py[line:337] - INFO: Remote the distributed negative instances id to host from guest"
"2019-08-24 16:32:08,415 - neighbors_sampling.py[line:338] - INFO: Distributed negative instances count: 35"
"2019-08-24 16:32:08,415 - log_utils.py[line:104] - INFO: id:guest_1_0_0_negative_0, value: 12"
"2019-08-24 16:32:08,415 - log_utils.py[line:104] - INFO: id:guest_1_0_0_negative_1, value: 12"
"2019-08-24 16:32:08,415 - log_utils.py[line:104] - INFO: id:guest_1_0_0_negative_2, value: 12"
"2019-08-24 16:32:08,415 - log_utils.py[line:104] - INFO: id:guest_1_0_0_negative_3, value: 12"
"2019-08-24 16:32:08,415 - log_utils.py[line:104] - INFO: id:guest_1_0_0_negative_4, value: 12"
"2019-08-24 16:32:08,415 - log_utils.py[line:104] - INFO: id:guest_33_0_0_negative_0, value: 15"
"2019-08-24 16:32:08,415 - log_utils.py[line:104] - INFO: id:guest_33_0_0_negative_1, value: 15"
"2019-08-24 16:32:08,416 - log_utils.py[line:104] - INFO: id:guest_33_0_0_negative_2, value: 15"
"2019-08-24 16:32:08,416 - log_utils.py[line:104] - INFO: id:guest_33_0_0_negative_3, value: 15"
"2019-08-24 16:32:08,416 - log_utils.py[line:104] - INFO: id:guest_33_0_0_negative_4, value: 15"
"2019-08-24 16:32:08,416 - log_utils.py[line:104] - INFO: id:guest_33_0_1_negative_0, value: 15"
"2019-08-24 16:32:08,464 - neighbors_sampling.py[line:359] - INFO: Get distributed nagative samples from guest"
"2019-08-24 16:32:08,464 - neighbors_sampling.py[line:361] - INFO: id:guest_1_0_0_negative_0"
"2019-08-24 16:32:08,464 - neighbors_sampling.py[line:361] - INFO: id:guest_1_0_0_negative_1"
"2019-08-24 16:32:08,464 - neighbors_sampling.py[line:361] - INFO: id:guest_1_0_0_negative_2"
"2019-08-24 16:32:08,464 - neighbors_sampling.py[line:361] - INFO: id:guest_1_0_0_negative_3"
"2019-08-24 16:32:08,464 - neighbors_sampling.py[line:361] - INFO: id:guest_1_0_0_negative_4"
"2019-08-24 16:32:08,464 - neighbors_sampling.py[line:361] - INFO: id:guest_33_0_0_negative_0"
"2019-08-24 16:32:08,464 - neighbors_sampling.py[line:361] - INFO: id:guest_33_0_0_negative_1"
"2019-08-24 16:32:08,464 - neighbors_sampling.py[line:361] - INFO: id:guest_33_0_0_negative_2"
"2019-08-24 16:32:08,464 - neighbors_sampling.py[line:361] - INFO: id:guest_33_0_0_negative_3"
"2019-08-24 16:32:08,464 - neighbors_sampling.py[line:361] - INFO: id:guest_33_0_0_negative_4"
"2019-08-24 16:32:10,791 - log_utils.py[line:104] - INFO: id:guest_1_0_0_negative_0, value: (30, -1)"
"2019-08-24 16:32:10,791 - log_utils.py[line:104] - INFO: id:guest_1_0_0_negative_1, value: (20, -1)"
"2019-08-24 16:32:10,791 - log_utils.py[line:104] - INFO: id:guest_1_0_0_negative_2, value: (14, -1)"
"2019-08-24 16:32:10,791 - log_utils.py[line:104] - INFO: id:guest_1_0_0_negative_3, value: (11, -1)"
"2019-08-24 16:32:10,792 - log_utils.py[line:104] - INFO: id:guest_1_0_0_negative_4, value: (1, -1)"
"2019-08-24 16:32:10,792 - log_utils.py[line:104] - INFO: id:guest_33_0_0_negative_0, value: (2, -1)"
