"2019-08-24 16:31:49,855 - workflow.py[line:863] - DEBUG: The job id is neighbors_sampling_example_standalone_20190824163145"
"2019-08-24 16:31:49,855 - workflow.py[line:863] - DEBUG: The job id is neighbors_sampling_example_standalone_20190824163145"
"2019-08-24 16:31:49,857 - workflow.py[line:865] - DEBUG: Finish eggroll and federation init"
"2019-08-24 16:31:49,857 - workflow.py[line:865] - DEBUG: Finish eggroll and federation init"
"2019-08-24 16:31:49,857 - workflow.py[line:819] - DEBUG: finish init pipeline"
"2019-08-24 16:31:49,857 - workflow.py[line:819] - DEBUG: finish init pipeline"
"2019-08-24 16:31:49,857 - workflow.py[line:926] - DEBUG: In running function, enter neighbors sampling"
"2019-08-24 16:31:49,857 - workflow.py[line:926] - DEBUG: In running function, enter neighbors sampling"
"2019-08-24 16:31:49,857 - workflow.py[line:930] - DEBUG: [Neighbors sampling]Input table:karate_guest_neighbors_sampling_neighbors_sampling_example_standalone_20190824163145, input namespace:example_data_namespace"
"2019-08-24 16:31:49,857 - workflow.py[line:930] - DEBUG: [Neighbors sampling]Input table:karate_host_neighbors_sampling_neighbors_sampling_example_standalone_20190824163145, input namespace:example_data_namespace"
"2019-08-24 16:31:49,858 - workflow.py[line:794] - DEBUG: mode is fit"
"2019-08-24 16:31:49,858 - workflow.py[line:794] - DEBUG: mode is fit"
"2019-08-24 16:31:51,223 - workflow.py[line:940] - INFO: Obtain adjlist for each node for Bank B!"
"2019-08-24 16:31:51,223 - workflow.py[line:942] - INFO: There are 31 nodes in Bank B"
"2019-08-24 16:31:51,223 - workflow.py[line:945] - INFO: Map node to id:"
"2019-08-24 16:31:51,232 - workflow.py[line:940] - INFO: Obtain adjlist for each node for Bank A!"
"2019-08-24 16:31:51,232 - workflow.py[line:942] - INFO: There are 30 nodes in Bank A"
"2019-08-24 16:31:51,232 - workflow.py[line:945] - INFO: Map node to id:"
"2019-08-24 16:31:51,787 - workflow.py[line:956] - INFO: Enter the procedure of local neighbors sampling:"
"2019-08-24 16:31:51,787 - workflow.py[line:956] - INFO: Enter the procedure of local neighbors sampling:"
"2019-08-24 16:31:57,191 - workflow.py[line:962] - INFO: Local sampling samples count for host is 306"
"2019-08-24 16:31:57,191 - workflow.py[line:963] - INFO: Local sampling results for host saved in namespace: neighbors_samples/local_samples, name: host"
"2019-08-24 16:31:57,191 - workflow.py[line:966] - INFO: Enter the procedure of distributed neighbors sampling:"
"2019-08-24 16:31:57,192 - workflow.py[line:968] - INFO: Alignment nodes from two parties:"
"2019-08-24 16:31:57,192 - workflow.py[line:316] - INFO: need_intersect: true!"
"2019-08-24 16:31:57,192 - workflow.py[line:320] - INFO: Start intersection!"
"2019-08-24 16:31:57,198 - workflow.py[line:962] - INFO: Local sampling samples count for guest is 330"
"2019-08-24 16:31:57,198 - workflow.py[line:963] - INFO: Local sampling results for guest saved in namespace: neighbors_samples/local_samples, name: guest"
"2019-08-24 16:31:57,198 - workflow.py[line:966] - INFO: Enter the procedure of distributed neighbors sampling:"
"2019-08-24 16:31:57,198 - workflow.py[line:968] - INFO: Alignment nodes from two parties:"
"2019-08-24 16:31:57,198 - workflow.py[line:316] - INFO: need_intersect: true!"
"2019-08-24 16:31:57,199 - workflow.py[line:320] - INFO: Start intersection!"
"2019-08-24 16:32:01,026 - workflow.py[line:331] - INFO: finish intersection!"
"2019-08-24 16:32:01,026 - workflow.py[line:331] - INFO: finish intersection!"
"2019-08-24 16:32:01,036 - workflow.py[line:976] - INFO: The number of common nodes: 27"
"2019-08-24 16:32:01,081 - workflow.py[line:976] - INFO: The number of common nodes: 27"
"2019-08-24 16:32:01,572 - workflow.py[line:316] - INFO: need_intersect: true!"
"2019-08-24 16:32:01,572 - workflow.py[line:320] - INFO: Start intersection!"
"2019-08-24 16:32:01,582 - workflow.py[line:316] - INFO: need_intersect: true!"
"2019-08-24 16:32:01,583 - workflow.py[line:320] - INFO: Start intersection!"
"2019-08-24 16:32:03,151 - workflow.py[line:331] - INFO: finish intersection!"
"2019-08-24 16:32:03,161 - workflow.py[line:981] - INFO: The number of bridge nodes: 3"
"2019-08-24 16:32:03,173 - workflow.py[line:331] - INFO: finish intersection!"
"2019-08-24 16:32:03,188 - workflow.py[line:981] - INFO: The number of bridge nodes: 3"
"2019-08-24 16:32:08,993 - workflow.py[line:996] - INFO: Distributed sampling target results for host saved in namespace: neighbors_samples/distributed_samples/guest, name: target"
"2019-08-24 16:32:09,538 - workflow.py[line:1004] - INFO: Distributed sampling anchor results for guest saved in namespace: neighbors_samples/distributed_samples/guest, name: anchor"
"2019-08-24 16:32:11,561 - workflow.py[line:996] - INFO: Distributed sampling target results for guest saved in namespace: neighbors_samples/distributed_samples/host, name: target"
"2019-08-24 16:32:11,585 - workflow.py[line:1004] - INFO: Distributed sampling anchor results for host saved in namespace: neighbors_samples/distributed_samples/host, name: anchor"
"2019-08-24 16:32:11,585 - workflow.py[line:1007] - INFO: Neighbors_sampling_finish"
