"2019-08-22 08:00:56,575 - workflow.py[line:862] - DEBUG: The job id is hetero_network_embedding_example_standalone_20190822080052"
"2019-08-22 08:00:56,577 - workflow.py[line:864] - DEBUG: Finish eggroll and federation init"
"2019-08-22 08:00:56,577 - workflow.py[line:818] - DEBUG: finish init pipeline"
"2019-08-22 08:00:56,578 - workflow.py[line:909] - INFO: 4440 samples in guest"
"2019-08-22 08:00:56,583 - workflow.py[line:210] - DEBUG: Enter guest network embedding function"
"2019-08-22 08:00:56,583 - workflow.py[line:211] - DEBUG: Start intersection before network embedding"
"2019-08-22 08:00:56,583 - workflow.py[line:315] - INFO: need_intersect: true!"
"2019-08-22 08:00:56,584 - workflow.py[line:319] - INFO: Start intersection!"
"2019-08-22 08:00:56,610 - workflow.py[line:862] - DEBUG: The job id is hetero_network_embedding_example_standalone_20190822080052"
"2019-08-22 08:00:56,612 - workflow.py[line:864] - DEBUG: Finish eggroll and federation init"
"2019-08-22 08:00:56,612 - workflow.py[line:818] - DEBUG: finish init pipeline"
"2019-08-22 08:00:56,612 - workflow.py[line:214] - INFO: arbiter"
"2019-08-22 08:00:56,669 - workflow.py[line:862] - DEBUG: The job id is hetero_network_embedding_example_standalone_20190822080052"
"2019-08-22 08:00:56,671 - workflow.py[line:864] - DEBUG: Finish eggroll and federation init"
"2019-08-22 08:00:56,671 - workflow.py[line:818] - DEBUG: finish init pipeline"
"2019-08-22 08:00:56,672 - workflow.py[line:909] - INFO: 4440 samples in host"
"2019-08-22 08:00:56,677 - workflow.py[line:210] - DEBUG: Enter host network embedding function"
"2019-08-22 08:00:56,677 - workflow.py[line:211] - DEBUG: Start intersection before network embedding"
"2019-08-22 08:00:56,677 - workflow.py[line:315] - INFO: need_intersect: true!"
"2019-08-22 08:00:56,678 - workflow.py[line:319] - INFO: Start intersection!"
"2019-08-22 08:01:09,691 - workflow.py[line:330] - INFO: finish intersection!"
"2019-08-22 08:01:09,692 - workflow.py[line:214] - INFO: host"
"2019-08-22 08:01:09,704 - workflow.py[line:330] - INFO: finish intersection!"
"2019-08-22 08:01:09,704 - workflow.py[line:214] - INFO: guest"
