"2019-08-24 16:27:09,129 - federation.py[line:124] - DEBUG: [REMOTE] Sent hetero_network_embedding_example_standalone_20190824162704-HeteroNETransferVariable.paillier_pubkey-HeteroNETransferVariable.paillier_pubkey.0-arbiter-10000-host-9999"
"2019-08-24 16:27:09,213 - federation.py[line:124] - DEBUG: [REMOTE] Sent hetero_network_embedding_example_standalone_20190824162704-HeteroNETransferVariable.paillier_pubkey-HeteroNETransferVariable.paillier_pubkey.0-arbiter-10000-guest-10000"
"2019-08-24 16:27:09,213 - federation.py[line:145] - DEBUG: [GET] arbiter 10000 getting remote object HeteroNETransferVariable.batch_info.0 from guest [10000]"
"2019-08-24 16:27:09,272 - federation.py[line:145] - DEBUG: [GET] guest 10000 getting remote object RawIntersectTransferVariable.send_ids_host.embedding0 from host [9999]"
"2019-08-24 16:27:09,303 - federation.py[line:124] - DEBUG: [REMOTE] Sent hetero_network_embedding_example_standalone_20190824162704-RawIntersectTransferVariable.send_ids_host-RawIntersectTransferVariable.send_ids_host.embedding0-host-9999-guest-10000"
"2019-08-24 16:27:09,304 - federation.py[line:145] - DEBUG: [GET] host 9999 getting remote object RawIntersectTransferVariable.intersect_ids_guest.embedding0 from guest [10000]"
"2019-08-24 16:27:09,373 - federation.py[line:46] - DEBUG: [GET] Got hetero_network_embedding_example_standalone_20190824162704-RawIntersectTransferVariable.send_ids_host-RawIntersectTransferVariable.send_ids_host.embedding0-host-9999-guest-10000 type Table"
"2019-08-24 16:27:09,467 - federation.py[line:124] - DEBUG: [REMOTE] Sent hetero_network_embedding_example_standalone_20190824162704-RawIntersectTransferVariable.intersect_ids_guest-RawIntersectTransferVariable.intersect_ids_guest.embedding0-guest-10000-host-9999"
"2019-08-24 16:27:09,505 - federation.py[line:46] - DEBUG: [GET] Got hetero_network_embedding_example_standalone_20190824162704-RawIntersectTransferVariable.intersect_ids_guest-RawIntersectTransferVariable.intersect_ids_guest.embedding0-guest-10000-host-9999 type Table"
"2019-08-24 16:27:10,084 - federation.py[line:145] - DEBUG: [GET] guest 10000 getting remote object HeteroNETransferVariable.paillier_pubkey.0 from arbiter [10000]"
"2019-08-24 16:27:10,084 - federation.py[line:46] - DEBUG: [GET] Got hetero_network_embedding_example_standalone_20190824162704-HeteroNETransferVariable.paillier_pubkey-HeteroNETransferVariable.paillier_pubkey.0-arbiter-10000-guest-10000 type Object"
"2019-08-24 16:27:10,195 - federation.py[line:145] - DEBUG: [GET] host 9999 getting remote object HeteroNETransferVariable.paillier_pubkey.0 from arbiter [10000]"
"2019-08-24 16:27:10,195 - federation.py[line:46] - DEBUG: [GET] Got hetero_network_embedding_example_standalone_20190824162704-HeteroNETransferVariable.paillier_pubkey-HeteroNETransferVariable.paillier_pubkey.0-arbiter-10000-host-9999 type Object"
"2019-08-24 16:27:11,459 - federation.py[line:145] - DEBUG: [GET] host 9999 getting remote object HeteroNETransferVariable.batch_info.0 from guest [10000]"
"2019-08-24 16:27:11,656 - federation.py[line:124] - DEBUG: [REMOTE] Sent hetero_network_embedding_example_standalone_20190824162704-HeteroNETransferVariable.batch_info-HeteroNETransferVariable.batch_info.0-guest-10000-host-9999"
"2019-08-24 16:27:11,660 - federation.py[line:46] - DEBUG: [GET] Got hetero_network_embedding_example_standalone_20190824162704-HeteroNETransferVariable.batch_info-HeteroNETransferVariable.batch_info.0-guest-10000-host-9999 type Object"
"2019-08-24 16:27:11,825 - federation.py[line:46] - DEBUG: [GET] Got hetero_network_embedding_example_standalone_20190824162704-HeteroNETransferVariable.batch_info-HeteroNETransferVariable.batch_info.0-guest-10000-arbiter-10000 type Object"
"2019-08-24 16:27:11,826 - federation.py[line:145] - DEBUG: [GET] arbiter 10000 getting remote object HeteroNETransferVariable.host_common_embedding.0.0.0 from host [9999]"
"2019-08-24 16:27:11,975 - federation.py[line:124] - DEBUG: [REMOTE] Sent hetero_network_embedding_example_standalone_20190824162704-HeteroNETransferVariable.batch_info-HeteroNETransferVariable.batch_info.0-guest-10000-arbiter-10000"
"2019-08-24 16:27:17,475 - federation.py[line:124] - DEBUG: [REMOTE] Sent hetero_network_embedding_example_standalone_20190824162704-HeteroNETransferVariable.host_common_embedding-HeteroNETransferVariable.host_common_embedding.0.0.0-host-9999-arbiter-10000"
"2019-08-24 16:27:17,476 - federation.py[line:145] - DEBUG: [GET] host 9999 getting remote object HeteroNETransferVariable.common_embedding.0.0.0 from arbiter [10000]"
"2019-08-24 16:27:17,479 - federation.py[line:124] - DEBUG: [REMOTE] Sent hetero_network_embedding_example_standalone_20190824162704-HeteroNETransferVariable.guest_common_embedding-HeteroNETransferVariable.guest_common_embedding.0.0.0-guest-10000-arbiter-10000"
"2019-08-24 16:27:17,479 - federation.py[line:145] - DEBUG: [GET] guest 10000 getting remote object HeteroNETransferVariable.common_embedding.0.0.0 from arbiter [10000]"
"2019-08-24 16:27:17,549 - federation.py[line:46] - DEBUG: [GET] Got hetero_network_embedding_example_standalone_20190824162704-HeteroNETransferVariable.host_common_embedding-HeteroNETransferVariable.host_common_embedding.0.0.0-host-9999-arbiter-10000 type Table"
"2019-08-24 16:27:17,550 - federation.py[line:145] - DEBUG: [GET] arbiter 10000 getting remote object HeteroNETransferVariable.guest_common_embedding.0.0.0 from guest [10000]"
"2019-08-24 16:27:17,550 - federation.py[line:46] - DEBUG: [GET] Got hetero_network_embedding_example_standalone_20190824162704-HeteroNETransferVariable.guest_common_embedding-HeteroNETransferVariable.guest_common_embedding.0.0.0-guest-10000-arbiter-10000 type Table"
"2019-08-24 16:27:17,703 - federation.py[line:124] - DEBUG: [REMOTE] Sent hetero_network_embedding_example_standalone_20190824162704-HeteroNETransferVariable.common_embedding-HeteroNETransferVariable.common_embedding.0.0.0-arbiter-10000-host-9999"
"2019-08-24 16:27:17,729 - federation.py[line:124] - DEBUG: [REMOTE] Sent hetero_network_embedding_example_standalone_20190824162704-HeteroNETransferVariable.common_embedding-HeteroNETransferVariable.common_embedding.0.0.0-arbiter-10000-guest-10000"
"2019-08-24 16:27:17,730 - federation.py[line:145] - DEBUG: [GET] arbiter 10000 getting remote object HeteroNETransferVariable.host_gradient.0.0.0 from guest [10000]"
"2019-08-24 16:27:17,777 - federation.py[line:46] - DEBUG: [GET] Got hetero_network_embedding_example_standalone_20190824162704-HeteroNETransferVariable.common_embedding-HeteroNETransferVariable.common_embedding.0.0.0-arbiter-10000-host-9999 type Table"
"2019-08-24 16:27:17,781 - federation.py[line:46] - DEBUG: [GET] Got hetero_network_embedding_example_standalone_20190824162704-HeteroNETransferVariable.common_embedding-HeteroNETransferVariable.common_embedding.0.0.0-arbiter-10000-guest-10000 type Table"
"2019-08-24 16:27:17,847 - federation.py[line:145] - DEBUG: [GET] host 9999 getting remote object HeteroNETransferVariable.batch_data_index.0.0.0 from guest [10000]"
"2019-08-24 16:27:17,883 - federation.py[line:124] - DEBUG: [REMOTE] Sent hetero_network_embedding_example_standalone_20190824162704-HeteroNETransferVariable.batch_data_index-HeteroNETransferVariable.batch_data_index.0.0.0-guest-10000-host-9999"
"2019-08-24 16:27:17,948 - federation.py[line:46] - DEBUG: [GET] Got hetero_network_embedding_example_standalone_20190824162704-HeteroNETransferVariable.batch_data_index-HeteroNETransferVariable.batch_data_index.0.0.0-guest-10000-host-9999 type Table"
"2019-08-24 16:27:19,291 - federation.py[line:145] - DEBUG: [GET] guest 10000 getting remote object HeteroNETransferVariable.host_forward_dict.0.0.0 from host [9999]"
"2019-08-24 16:27:19,780 - federation.py[line:124] - DEBUG: [REMOTE] Sent hetero_network_embedding_example_standalone_20190824162704-HeteroNETransferVariable.host_forward_dict-HeteroNETransferVariable.host_forward_dict.0.0.0-host-9999-guest-10000"
"2019-08-24 16:27:19,781 - federation.py[line:145] - DEBUG: [GET] host 9999 getting remote object HeteroNETransferVariable.host_optim_gradient.0.0.0 from arbiter [10000]"
"2019-08-24 16:27:19,794 - federation.py[line:46] - DEBUG: [GET] Got hetero_network_embedding_example_standalone_20190824162704-HeteroNETransferVariable.host_forward_dict-HeteroNETransferVariable.host_forward_dict.0.0.0-host-9999-guest-10000 type Table"
"2019-08-24 16:27:20,151 - federation.py[line:124] - DEBUG: [REMOTE] Sent hetero_network_embedding_example_standalone_20190824162704-HeteroNETransferVariable.host_gradient-HeteroNETransferVariable.host_gradient.0.0.0-guest-10000-arbiter-10000"
"2019-08-24 16:27:20,240 - federation.py[line:46] - DEBUG: [GET] Got hetero_network_embedding_example_standalone_20190824162704-HeteroNETransferVariable.host_gradient-HeteroNETransferVariable.host_gradient.0.0.0-guest-10000-arbiter-10000 type Table"
"2019-08-24 16:27:20,241 - federation.py[line:145] - DEBUG: [GET] arbiter 10000 getting remote object HeteroNETransferVariable.guest_gradient.0.0.0 from guest [10000]"
"2019-08-24 16:27:20,878 - federation.py[line:124] - DEBUG: [REMOTE] Sent hetero_network_embedding_example_standalone_20190824162704-HeteroNETransferVariable.guest_gradient-HeteroNETransferVariable.guest_gradient.0.0.0-guest-10000-arbiter-10000"
"2019-08-24 16:27:20,878 - federation.py[line:145] - DEBUG: [GET] guest 10000 getting remote object HeteroNETransferVariable.guest_optim_gradient.0.0.0 from arbiter [10000]"
"2019-08-24 16:27:20,945 - federation.py[line:46] - DEBUG: [GET] Got hetero_network_embedding_example_standalone_20190824162704-HeteroNETransferVariable.guest_gradient-HeteroNETransferVariable.guest_gradient.0.0.0-guest-10000-arbiter-10000 type Table"
"2019-08-24 16:27:21,076 - federation.py[line:124] - DEBUG: [REMOTE] Sent hetero_network_embedding_example_standalone_20190824162704-HeteroNETransferVariable.host_optim_gradient-HeteroNETransferVariable.host_optim_gradient.0.0.0-arbiter-10000-host-9999"
"2019-08-24 16:27:21,087 - federation.py[line:46] - DEBUG: [GET] Got hetero_network_embedding_example_standalone_20190824162704-HeteroNETransferVariable.host_optim_gradient-HeteroNETransferVariable.host_optim_gradient.0.0.0-arbiter-10000-host-9999 type Table"
"2019-08-24 16:27:21,094 - federation.py[line:124] - DEBUG: [REMOTE] Sent hetero_network_embedding_example_standalone_20190824162704-HeteroNETransferVariable.guest_optim_gradient-HeteroNETransferVariable.guest_optim_gradient.0.0.0-arbiter-10000-guest-10000"
"2019-08-24 16:27:21,095 - federation.py[line:145] - DEBUG: [GET] arbiter 10000 getting remote object HeteroNETransferVariable.loss.0.0.0 from guest [10000]"
"2019-08-24 16:27:21,180 - federation.py[line:46] - DEBUG: [GET] Got hetero_network_embedding_example_standalone_20190824162704-HeteroNETransferVariable.guest_optim_gradient-HeteroNETransferVariable.guest_optim_gradient.0.0.0-arbiter-10000-guest-10000 type Table"
"2019-08-24 16:27:21,597 - federation.py[line:46] - DEBUG: [GET] Got hetero_network_embedding_example_standalone_20190824162704-HeteroNETransferVariable.loss-HeteroNETransferVariable.loss.0.0.0-guest-10000-arbiter-10000 type Object"
"2019-08-24 16:27:21,598 - federation.py[line:145] - DEBUG: [GET] arbiter 10000 getting remote object HeteroNETransferVariable.host_common_embedding.0.0.1 from host [9999]"
"2019-08-24 16:27:21,599 - federation.py[line:124] - DEBUG: [REMOTE] Sent hetero_network_embedding_example_standalone_20190824162704-HeteroNETransferVariable.loss-HeteroNETransferVariable.loss.0.0.0-guest-10000-arbiter-10000"
"2019-08-24 16:27:21,614 - federation.py[line:124] - DEBUG: [REMOTE] Sent hetero_network_embedding_example_standalone_20190824162704-HeteroNETransferVariable.host_common_embedding-HeteroNETransferVariable.host_common_embedding.0.0.1-host-9999-arbiter-10000"
"2019-08-24 16:27:21,614 - federation.py[line:145] - DEBUG: [GET] host 9999 getting remote object HeteroNETransferVariable.common_embedding.0.0.1 from arbiter [10000]"
"2019-08-24 16:27:21,701 - federation.py[line:46] - DEBUG: [GET] Got hetero_network_embedding_example_standalone_20190824162704-HeteroNETransferVariable.host_common_embedding-HeteroNETransferVariable.host_common_embedding.0.0.1-host-9999-arbiter-10000 type Table"
"2019-08-24 16:27:21,702 - federation.py[line:145] - DEBUG: [GET] arbiter 10000 getting remote object HeteroNETransferVariable.guest_common_embedding.0.0.1 from guest [10000]"
"2019-08-24 16:27:21,946 - federation.py[line:124] - DEBUG: [REMOTE] Sent hetero_network_embedding_example_standalone_20190824162704-HeteroNETransferVariable.guest_common_embedding-HeteroNETransferVariable.guest_common_embedding.0.0.1-guest-10000-arbiter-10000"
"2019-08-24 16:27:21,946 - federation.py[line:145] - DEBUG: [GET] guest 10000 getting remote object HeteroNETransferVariable.common_embedding.0.0.1 from arbiter [10000]"
"2019-08-24 16:27:22,003 - federation.py[line:46] - DEBUG: [GET] Got hetero_network_embedding_example_standalone_20190824162704-HeteroNETransferVariable.guest_common_embedding-HeteroNETransferVariable.guest_common_embedding.0.0.1-guest-10000-arbiter-10000 type Table"
"2019-08-24 16:27:22,169 - federation.py[line:124] - DEBUG: [REMOTE] Sent hetero_network_embedding_example_standalone_20190824162704-HeteroNETransferVariable.common_embedding-HeteroNETransferVariable.common_embedding.0.0.1-arbiter-10000-host-9999"
"2019-08-24 16:27:22,196 - federation.py[line:124] - DEBUG: [REMOTE] Sent hetero_network_embedding_example_standalone_20190824162704-HeteroNETransferVariable.common_embedding-HeteroNETransferVariable.common_embedding.0.0.1-arbiter-10000-guest-10000"
"2019-08-24 16:27:22,217 - federation.py[line:46] - DEBUG: [GET] Got hetero_network_embedding_example_standalone_20190824162704-HeteroNETransferVariable.common_embedding-HeteroNETransferVariable.common_embedding.0.0.1-arbiter-10000-host-9999 type Table"
"2019-08-24 16:27:22,247 - federation.py[line:46] - DEBUG: [GET] Got hetero_network_embedding_example_standalone_20190824162704-HeteroNETransferVariable.common_embedding-HeteroNETransferVariable.common_embedding.0.0.1-arbiter-10000-guest-10000 type Table"
"2019-08-24 16:27:22,258 - federation.py[line:124] - DEBUG: [REMOTE] Sent hetero_network_embedding_example_standalone_20190824162704-HeteroNETransferVariable.is_stopped-HeteroNETransferVariable.is_stopped.0.0-arbiter-10000-host-9999"
"2019-08-24 16:27:22,286 - federation.py[line:145] - DEBUG: [GET] host 9999 getting remote object HeteroNETransferVariable.is_stopped.0.0 from arbiter [10000]"
"2019-08-24 16:27:22,286 - federation.py[line:46] - DEBUG: [GET] Got hetero_network_embedding_example_standalone_20190824162704-HeteroNETransferVariable.is_stopped-HeteroNETransferVariable.is_stopped.0.0-arbiter-10000-host-9999 type Object"
"2019-08-24 16:27:22,317 - federation.py[line:145] - DEBUG: [GET] guest 10000 getting remote object HeteroNETransferVariable.is_stopped.0.0 from arbiter [10000]"
"2019-08-24 16:27:22,318 - federation.py[line:46] - DEBUG: [GET] Got hetero_network_embedding_example_standalone_20190824162704-HeteroNETransferVariable.is_stopped-HeteroNETransferVariable.is_stopped.0.0-arbiter-10000-guest-10000 type Object"
"2019-08-24 16:27:22,382 - federation.py[line:124] - DEBUG: [REMOTE] Sent hetero_network_embedding_example_standalone_20190824162704-HeteroNETransferVariable.is_stopped-HeteroNETransferVariable.is_stopped.0.0-arbiter-10000-guest-10000"
"2019-08-24 16:27:22,382 - federation.py[line:145] - DEBUG: [GET] arbiter 10000 getting remote object HeteroNETransferVariable.host_common_embedding.0.1.0 from host [9999]"
"2019-08-24 16:27:28,401 - federation.py[line:124] - DEBUG: [REMOTE] Sent hetero_network_embedding_example_standalone_20190824162704-HeteroNETransferVariable.guest_common_embedding-HeteroNETransferVariable.guest_common_embedding.0.1.0-guest-10000-arbiter-10000"
"2019-08-24 16:27:28,401 - federation.py[line:145] - DEBUG: [GET] guest 10000 getting remote object HeteroNETransferVariable.common_embedding.0.1.0 from arbiter [10000]"
"2019-08-24 16:27:28,409 - federation.py[line:46] - DEBUG: [GET] Got hetero_network_embedding_example_standalone_20190824162704-HeteroNETransferVariable.host_common_embedding-HeteroNETransferVariable.host_common_embedding.0.1.0-host-9999-arbiter-10000 type Table"
"2019-08-24 16:27:28,409 - federation.py[line:124] - DEBUG: [REMOTE] Sent hetero_network_embedding_example_standalone_20190824162704-HeteroNETransferVariable.host_common_embedding-HeteroNETransferVariable.host_common_embedding.0.1.0-host-9999-arbiter-10000"
"2019-08-24 16:27:28,409 - federation.py[line:145] - DEBUG: [GET] arbiter 10000 getting remote object HeteroNETransferVariable.guest_common_embedding.0.1.0 from guest [10000]"
"2019-08-24 16:27:28,410 - federation.py[line:145] - DEBUG: [GET] host 9999 getting remote object HeteroNETransferVariable.common_embedding.0.1.0 from arbiter [10000]"
"2019-08-24 16:27:28,410 - federation.py[line:46] - DEBUG: [GET] Got hetero_network_embedding_example_standalone_20190824162704-HeteroNETransferVariable.guest_common_embedding-HeteroNETransferVariable.guest_common_embedding.0.1.0-guest-10000-arbiter-10000 type Table"
"2019-08-24 16:27:28,584 - federation.py[line:124] - DEBUG: [REMOTE] Sent hetero_network_embedding_example_standalone_20190824162704-HeteroNETransferVariable.common_embedding-HeteroNETransferVariable.common_embedding.0.1.0-arbiter-10000-host-9999"
"2019-08-24 16:27:28,601 - federation.py[line:124] - DEBUG: [REMOTE] Sent hetero_network_embedding_example_standalone_20190824162704-HeteroNETransferVariable.common_embedding-HeteroNETransferVariable.common_embedding.0.1.0-arbiter-10000-guest-10000"
"2019-08-24 16:27:28,601 - federation.py[line:145] - DEBUG: [GET] arbiter 10000 getting remote object HeteroNETransferVariable.host_gradient.0.1.0 from guest [10000]"
"2019-08-24 16:27:28,602 - federation.py[line:46] - DEBUG: [GET] Got hetero_network_embedding_example_standalone_20190824162704-HeteroNETransferVariable.common_embedding-HeteroNETransferVariable.common_embedding.0.1.0-arbiter-10000-guest-10000 type Table"
"2019-08-24 16:27:28,612 - federation.py[line:46] - DEBUG: [GET] Got hetero_network_embedding_example_standalone_20190824162704-HeteroNETransferVariable.common_embedding-HeteroNETransferVariable.common_embedding.0.1.0-arbiter-10000-host-9999 type Table"
"2019-08-24 16:27:30,382 - federation.py[line:145] - DEBUG: [GET] guest 10000 getting remote object HeteroNETransferVariable.host_forward_dict.0.1.0 from host [9999]"
"2019-08-24 16:27:30,684 - federation.py[line:46] - DEBUG: [GET] Got hetero_network_embedding_example_standalone_20190824162704-HeteroNETransferVariable.host_forward_dict-HeteroNETransferVariable.host_forward_dict.0.1.0-host-9999-guest-10000 type Table"
"2019-08-24 16:27:30,687 - federation.py[line:124] - DEBUG: [REMOTE] Sent hetero_network_embedding_example_standalone_20190824162704-HeteroNETransferVariable.host_forward_dict-HeteroNETransferVariable.host_forward_dict.0.1.0-host-9999-guest-10000"
"2019-08-24 16:27:30,688 - federation.py[line:145] - DEBUG: [GET] host 9999 getting remote object HeteroNETransferVariable.host_optim_gradient.0.1.0 from arbiter [10000]"
"2019-08-24 16:27:31,111 - federation.py[line:124] - DEBUG: [REMOTE] Sent hetero_network_embedding_example_standalone_20190824162704-HeteroNETransferVariable.host_gradient-HeteroNETransferVariable.host_gradient.0.1.0-guest-10000-arbiter-10000"
"2019-08-24 16:27:31,112 - federation.py[line:46] - DEBUG: [GET] Got hetero_network_embedding_example_standalone_20190824162704-HeteroNETransferVariable.host_gradient-HeteroNETransferVariable.host_gradient.0.1.0-guest-10000-arbiter-10000 type Table"
"2019-08-24 16:27:31,112 - federation.py[line:145] - DEBUG: [GET] arbiter 10000 getting remote object HeteroNETransferVariable.guest_gradient.0.1.0 from guest [10000]"
"2019-08-24 16:27:31,900 - federation.py[line:124] - DEBUG: [REMOTE] Sent hetero_network_embedding_example_standalone_20190824162704-HeteroNETransferVariable.guest_gradient-HeteroNETransferVariable.guest_gradient.0.1.0-guest-10000-arbiter-10000"
"2019-08-24 16:27:31,900 - federation.py[line:145] - DEBUG: [GET] guest 10000 getting remote object HeteroNETransferVariable.guest_optim_gradient.0.1.0 from arbiter [10000]"
"2019-08-24 16:27:31,916 - federation.py[line:46] - DEBUG: [GET] Got hetero_network_embedding_example_standalone_20190824162704-HeteroNETransferVariable.guest_gradient-HeteroNETransferVariable.guest_gradient.0.1.0-guest-10000-arbiter-10000 type Table"
"2019-08-24 16:27:32,016 - federation.py[line:124] - DEBUG: [REMOTE] Sent hetero_network_embedding_example_standalone_20190824162704-HeteroNETransferVariable.host_optim_gradient-HeteroNETransferVariable.host_optim_gradient.0.1.0-arbiter-10000-host-9999"
"2019-08-24 16:27:32,033 - federation.py[line:124] - DEBUG: [REMOTE] Sent hetero_network_embedding_example_standalone_20190824162704-HeteroNETransferVariable.guest_optim_gradient-HeteroNETransferVariable.guest_optim_gradient.0.1.0-arbiter-10000-guest-10000"
"2019-08-24 16:27:32,033 - federation.py[line:145] - DEBUG: [GET] arbiter 10000 getting remote object HeteroNETransferVariable.loss.0.1.0 from guest [10000]"
"2019-08-24 16:27:32,094 - federation.py[line:46] - DEBUG: [GET] Got hetero_network_embedding_example_standalone_20190824162704-HeteroNETransferVariable.host_optim_gradient-HeteroNETransferVariable.host_optim_gradient.0.1.0-arbiter-10000-host-9999 type Table"
"2019-08-24 16:27:32,102 - federation.py[line:46] - DEBUG: [GET] Got hetero_network_embedding_example_standalone_20190824162704-HeteroNETransferVariable.guest_optim_gradient-HeteroNETransferVariable.guest_optim_gradient.0.1.0-arbiter-10000-guest-10000 type Table"
"2019-08-24 16:27:32,244 - federation.py[line:124] - DEBUG: [REMOTE] Sent hetero_network_embedding_example_standalone_20190824162704-HeteroNETransferVariable.loss-HeteroNETransferVariable.loss.0.1.0-guest-10000-arbiter-10000"
"2019-08-24 16:27:32,335 - federation.py[line:46] - DEBUG: [GET] Got hetero_network_embedding_example_standalone_20190824162704-HeteroNETransferVariable.loss-HeteroNETransferVariable.loss.0.1.0-guest-10000-arbiter-10000 type Object"
"2019-08-24 16:27:32,359 - federation.py[line:145] - DEBUG: [GET] arbiter 10000 getting remote object HeteroNETransferVariable.host_common_embedding.0.1.1 from host [9999]"
"2019-08-24 16:27:32,781 - federation.py[line:124] - DEBUG: [REMOTE] Sent hetero_network_embedding_example_standalone_20190824162704-HeteroNETransferVariable.host_common_embedding-HeteroNETransferVariable.host_common_embedding.0.1.1-host-9999-arbiter-10000"
"2019-08-24 16:27:32,782 - federation.py[line:145] - DEBUG: [GET] host 9999 getting remote object HeteroNETransferVariable.common_embedding.0.1.1 from arbiter [10000]"
"2019-08-24 16:27:32,861 - federation.py[line:46] - DEBUG: [GET] Got hetero_network_embedding_example_standalone_20190824162704-HeteroNETransferVariable.host_common_embedding-HeteroNETransferVariable.host_common_embedding.0.1.1-host-9999-arbiter-10000 type Table"
"2019-08-24 16:27:32,862 - federation.py[line:145] - DEBUG: [GET] arbiter 10000 getting remote object HeteroNETransferVariable.guest_common_embedding.0.1.1 from guest [10000]"
"2019-08-24 16:27:33,025 - federation.py[line:124] - DEBUG: [REMOTE] Sent hetero_network_embedding_example_standalone_20190824162704-HeteroNETransferVariable.guest_common_embedding-HeteroNETransferVariable.guest_common_embedding.0.1.1-guest-10000-arbiter-10000"
"2019-08-24 16:27:33,025 - federation.py[line:145] - DEBUG: [GET] guest 10000 getting remote object HeteroNETransferVariable.common_embedding.0.1.1 from arbiter [10000]"
"2019-08-24 16:27:33,063 - federation.py[line:46] - DEBUG: [GET] Got hetero_network_embedding_example_standalone_20190824162704-HeteroNETransferVariable.guest_common_embedding-HeteroNETransferVariable.guest_common_embedding.0.1.1-guest-10000-arbiter-10000 type Table"
"2019-08-24 16:27:33,229 - federation.py[line:124] - DEBUG: [REMOTE] Sent hetero_network_embedding_example_standalone_20190824162704-HeteroNETransferVariable.common_embedding-HeteroNETransferVariable.common_embedding.0.1.1-arbiter-10000-host-9999"
"2019-08-24 16:27:33,245 - federation.py[line:124] - DEBUG: [REMOTE] Sent hetero_network_embedding_example_standalone_20190824162704-HeteroNETransferVariable.common_embedding-HeteroNETransferVariable.common_embedding.0.1.1-arbiter-10000-guest-10000"
"2019-08-24 16:27:33,285 - federation.py[line:46] - DEBUG: [GET] Got hetero_network_embedding_example_standalone_20190824162704-HeteroNETransferVariable.common_embedding-HeteroNETransferVariable.common_embedding.0.1.1-arbiter-10000-host-9999 type Table"
"2019-08-24 16:27:33,295 - federation.py[line:124] - DEBUG: [REMOTE] Sent hetero_network_embedding_example_standalone_20190824162704-HeteroNETransferVariable.is_stopped-HeteroNETransferVariable.is_stopped.0.1-arbiter-10000-host-9999"
"2019-08-24 16:27:33,326 - federation.py[line:46] - DEBUG: [GET] Got hetero_network_embedding_example_standalone_20190824162704-HeteroNETransferVariable.common_embedding-HeteroNETransferVariable.common_embedding.0.1.1-arbiter-10000-guest-10000 type Table"
"2019-08-24 16:27:33,345 - federation.py[line:124] - DEBUG: [REMOTE] Sent hetero_network_embedding_example_standalone_20190824162704-HeteroNETransferVariable.is_stopped-HeteroNETransferVariable.is_stopped.0.1-arbiter-10000-guest-10000"
"2019-08-24 16:27:33,346 - federation.py[line:145] - DEBUG: [GET] arbiter 10000 getting remote object HeteroNETransferVariable.host_common_embedding.0.2.0 from host [9999]"
"2019-08-24 16:27:33,355 - federation.py[line:145] - DEBUG: [GET] host 9999 getting remote object HeteroNETransferVariable.is_stopped.0.1 from arbiter [10000]"
"2019-08-24 16:27:33,355 - federation.py[line:46] - DEBUG: [GET] Got hetero_network_embedding_example_standalone_20190824162704-HeteroNETransferVariable.is_stopped-HeteroNETransferVariable.is_stopped.0.1-arbiter-10000-host-9999 type Object"
"2019-08-24 16:27:33,395 - federation.py[line:145] - DEBUG: [GET] guest 10000 getting remote object HeteroNETransferVariable.is_stopped.0.1 from arbiter [10000]"
"2019-08-24 16:27:33,395 - federation.py[line:46] - DEBUG: [GET] Got hetero_network_embedding_example_standalone_20190824162704-HeteroNETransferVariable.is_stopped-HeteroNETransferVariable.is_stopped.0.1-arbiter-10000-guest-10000 type Object"
"2019-08-24 16:27:39,194 - federation.py[line:124] - DEBUG: [REMOTE] Sent hetero_network_embedding_example_standalone_20190824162704-HeteroNETransferVariable.host_common_embedding-HeteroNETransferVariable.host_common_embedding.0.2.0-host-9999-arbiter-10000"
"2019-08-24 16:27:39,194 - federation.py[line:124] - DEBUG: [REMOTE] Sent hetero_network_embedding_example_standalone_20190824162704-HeteroNETransferVariable.guest_common_embedding-HeteroNETransferVariable.guest_common_embedding.0.2.0-guest-10000-arbiter-10000"
"2019-08-24 16:27:39,194 - federation.py[line:145] - DEBUG: [GET] host 9999 getting remote object HeteroNETransferVariable.common_embedding.0.2.0 from arbiter [10000]"
"2019-08-24 16:27:39,194 - federation.py[line:145] - DEBUG: [GET] guest 10000 getting remote object HeteroNETransferVariable.common_embedding.0.2.0 from arbiter [10000]"
"2019-08-24 16:27:39,270 - federation.py[line:46] - DEBUG: [GET] Got hetero_network_embedding_example_standalone_20190824162704-HeteroNETransferVariable.host_common_embedding-HeteroNETransferVariable.host_common_embedding.0.2.0-host-9999-arbiter-10000 type Table"
"2019-08-24 16:27:39,271 - federation.py[line:145] - DEBUG: [GET] arbiter 10000 getting remote object HeteroNETransferVariable.guest_common_embedding.0.2.0 from guest [10000]"
"2019-08-24 16:27:39,271 - federation.py[line:46] - DEBUG: [GET] Got hetero_network_embedding_example_standalone_20190824162704-HeteroNETransferVariable.guest_common_embedding-HeteroNETransferVariable.guest_common_embedding.0.2.0-guest-10000-arbiter-10000 type Table"
"2019-08-24 16:27:39,417 - federation.py[line:124] - DEBUG: [REMOTE] Sent hetero_network_embedding_example_standalone_20190824162704-HeteroNETransferVariable.common_embedding-HeteroNETransferVariable.common_embedding.0.2.0-arbiter-10000-host-9999"
"2019-08-24 16:27:39,434 - federation.py[line:124] - DEBUG: [REMOTE] Sent hetero_network_embedding_example_standalone_20190824162704-HeteroNETransferVariable.common_embedding-HeteroNETransferVariable.common_embedding.0.2.0-arbiter-10000-guest-10000"
"2019-08-24 16:27:39,434 - federation.py[line:145] - DEBUG: [GET] arbiter 10000 getting remote object HeteroNETransferVariable.host_gradient.0.2.0 from guest [10000]"
"2019-08-24 16:27:39,496 - federation.py[line:46] - DEBUG: [GET] Got hetero_network_embedding_example_standalone_20190824162704-HeteroNETransferVariable.common_embedding-HeteroNETransferVariable.common_embedding.0.2.0-arbiter-10000-host-9999 type Table"
"2019-08-24 16:27:39,496 - federation.py[line:46] - DEBUG: [GET] Got hetero_network_embedding_example_standalone_20190824162704-HeteroNETransferVariable.common_embedding-HeteroNETransferVariable.common_embedding.0.2.0-arbiter-10000-guest-10000 type Table"
"2019-08-24 16:27:44,089 - federation.py[line:145] - DEBUG: [GET] guest 10000 getting remote object HeteroNETransferVariable.host_forward_dict.0.2.0 from host [9999]"
"2019-08-24 16:27:44,190 - federation.py[line:46] - DEBUG: [GET] Got hetero_network_embedding_example_standalone_20190824162704-HeteroNETransferVariable.host_forward_dict-HeteroNETransferVariable.host_forward_dict.0.2.0-host-9999-guest-10000 type Table"
"2019-08-24 16:27:44,210 - federation.py[line:124] - DEBUG: [REMOTE] Sent hetero_network_embedding_example_standalone_20190824162704-HeteroNETransferVariable.host_forward_dict-HeteroNETransferVariable.host_forward_dict.0.2.0-host-9999-guest-10000"
"2019-08-24 16:27:44,211 - federation.py[line:145] - DEBUG: [GET] host 9999 getting remote object HeteroNETransferVariable.host_optim_gradient.0.2.0 from arbiter [10000]"
"2019-08-24 16:27:45,559 - federation.py[line:46] - DEBUG: [GET] Got hetero_network_embedding_example_standalone_20190824162704-HeteroNETransferVariable.host_gradient-HeteroNETransferVariable.host_gradient.0.2.0-guest-10000-arbiter-10000 type Table"
"2019-08-24 16:27:45,560 - federation.py[line:145] - DEBUG: [GET] arbiter 10000 getting remote object HeteroNETransferVariable.guest_gradient.0.2.0 from guest [10000]"
"2019-08-24 16:27:45,580 - federation.py[line:124] - DEBUG: [REMOTE] Sent hetero_network_embedding_example_standalone_20190824162704-HeteroNETransferVariable.host_gradient-HeteroNETransferVariable.host_gradient.0.2.0-guest-10000-arbiter-10000"
"2019-08-24 16:27:46,648 - federation.py[line:124] - DEBUG: [REMOTE] Sent hetero_network_embedding_example_standalone_20190824162704-HeteroNETransferVariable.guest_gradient-HeteroNETransferVariable.guest_gradient.0.2.0-guest-10000-arbiter-10000"
"2019-08-24 16:27:46,648 - federation.py[line:145] - DEBUG: [GET] guest 10000 getting remote object HeteroNETransferVariable.guest_optim_gradient.0.2.0 from arbiter [10000]"
"2019-08-24 16:27:46,664 - federation.py[line:46] - DEBUG: [GET] Got hetero_network_embedding_example_standalone_20190824162704-HeteroNETransferVariable.guest_gradient-HeteroNETransferVariable.guest_gradient.0.2.0-guest-10000-arbiter-10000 type Table"
"2019-08-24 16:27:47,067 - federation.py[line:124] - DEBUG: [REMOTE] Sent hetero_network_embedding_example_standalone_20190824162704-HeteroNETransferVariable.host_optim_gradient-HeteroNETransferVariable.host_optim_gradient.0.2.0-arbiter-10000-host-9999"
"2019-08-24 16:27:47,075 - federation.py[line:124] - DEBUG: [REMOTE] Sent hetero_network_embedding_example_standalone_20190824162704-HeteroNETransferVariable.guest_optim_gradient-HeteroNETransferVariable.guest_optim_gradient.0.2.0-arbiter-10000-guest-10000"
"2019-08-24 16:27:47,076 - federation.py[line:145] - DEBUG: [GET] arbiter 10000 getting remote object HeteroNETransferVariable.loss.0.2.0 from guest [10000]"
"2019-08-24 16:27:47,125 - federation.py[line:46] - DEBUG: [GET] Got hetero_network_embedding_example_standalone_20190824162704-HeteroNETransferVariable.host_optim_gradient-HeteroNETransferVariable.host_optim_gradient.0.2.0-arbiter-10000-host-9999 type Table"
"2019-08-24 16:27:47,151 - federation.py[line:46] - DEBUG: [GET] Got hetero_network_embedding_example_standalone_20190824162704-HeteroNETransferVariable.guest_optim_gradient-HeteroNETransferVariable.guest_optim_gradient.0.2.0-arbiter-10000-guest-10000 type Table"
"2019-08-24 16:27:47,260 - federation.py[line:124] - DEBUG: [REMOTE] Sent hetero_network_embedding_example_standalone_20190824162704-HeteroNETransferVariable.loss-HeteroNETransferVariable.loss.0.2.0-guest-10000-arbiter-10000"
"2019-08-24 16:27:47,277 - federation.py[line:46] - DEBUG: [GET] Got hetero_network_embedding_example_standalone_20190824162704-HeteroNETransferVariable.loss-HeteroNETransferVariable.loss.0.2.0-guest-10000-arbiter-10000 type Object"
"2019-08-24 16:27:47,277 - federation.py[line:145] - DEBUG: [GET] arbiter 10000 getting remote object HeteroNETransferVariable.host_common_embedding.0.2.1 from host [9999]"
"2019-08-24 16:27:47,709 - federation.py[line:124] - DEBUG: [REMOTE] Sent hetero_network_embedding_example_standalone_20190824162704-HeteroNETransferVariable.host_common_embedding-HeteroNETransferVariable.host_common_embedding.0.2.1-host-9999-arbiter-10000"
"2019-08-24 16:27:47,709 - federation.py[line:145] - DEBUG: [GET] host 9999 getting remote object HeteroNETransferVariable.common_embedding.0.2.1 from arbiter [10000]"
"2019-08-24 16:27:47,780 - federation.py[line:46] - DEBUG: [GET] Got hetero_network_embedding_example_standalone_20190824162704-HeteroNETransferVariable.host_common_embedding-HeteroNETransferVariable.host_common_embedding.0.2.1-host-9999-arbiter-10000 type Table"
"2019-08-24 16:27:47,780 - federation.py[line:145] - DEBUG: [GET] arbiter 10000 getting remote object HeteroNETransferVariable.guest_common_embedding.0.2.1 from guest [10000]"
"2019-08-24 16:27:48,001 - federation.py[line:124] - DEBUG: [REMOTE] Sent hetero_network_embedding_example_standalone_20190824162704-HeteroNETransferVariable.guest_common_embedding-HeteroNETransferVariable.guest_common_embedding.0.2.1-guest-10000-arbiter-10000"
"2019-08-24 16:27:48,001 - federation.py[line:145] - DEBUG: [GET] guest 10000 getting remote object HeteroNETransferVariable.common_embedding.0.2.1 from arbiter [10000]"
"2019-08-24 16:27:48,082 - federation.py[line:46] - DEBUG: [GET] Got hetero_network_embedding_example_standalone_20190824162704-HeteroNETransferVariable.guest_common_embedding-HeteroNETransferVariable.guest_common_embedding.0.2.1-guest-10000-arbiter-10000 type Table"
"2019-08-24 16:27:48,700 - federation.py[line:124] - DEBUG: [REMOTE] Sent hetero_network_embedding_example_standalone_20190824162704-HeteroNETransferVariable.common_embedding-HeteroNETransferVariable.common_embedding.0.2.1-arbiter-10000-host-9999"
"2019-08-24 16:27:48,709 - federation.py[line:124] - DEBUG: [REMOTE] Sent hetero_network_embedding_example_standalone_20190824162704-HeteroNETransferVariable.common_embedding-HeteroNETransferVariable.common_embedding.0.2.1-arbiter-10000-guest-10000"
"2019-08-24 16:27:48,713 - federation.py[line:46] - DEBUG: [GET] Got hetero_network_embedding_example_standalone_20190824162704-HeteroNETransferVariable.common_embedding-HeteroNETransferVariable.common_embedding.0.2.1-arbiter-10000-host-9999 type Table"
"2019-08-24 16:27:48,738 - federation.py[line:124] - DEBUG: [REMOTE] Sent hetero_network_embedding_example_standalone_20190824162704-HeteroNETransferVariable.is_stopped-HeteroNETransferVariable.is_stopped.0.2-arbiter-10000-host-9999"
"2019-08-24 16:27:48,775 - federation.py[line:124] - DEBUG: [REMOTE] Sent hetero_network_embedding_example_standalone_20190824162704-HeteroNETransferVariable.is_stopped-HeteroNETransferVariable.is_stopped.0.2-arbiter-10000-guest-10000"
"2019-08-24 16:27:48,776 - federation.py[line:145] - DEBUG: [GET] arbiter 10000 getting remote object HeteroNETransferVariable.host_common_embedding.0.3.0 from host [9999]"
"2019-08-24 16:27:48,782 - federation.py[line:145] - DEBUG: [GET] host 9999 getting remote object HeteroNETransferVariable.is_stopped.0.2 from arbiter [10000]"
"2019-08-24 16:27:48,782 - federation.py[line:46] - DEBUG: [GET] Got hetero_network_embedding_example_standalone_20190824162704-HeteroNETransferVariable.is_stopped-HeteroNETransferVariable.is_stopped.0.2-arbiter-10000-host-9999 type Object"
"2019-08-24 16:27:48,804 - federation.py[line:46] - DEBUG: [GET] Got hetero_network_embedding_example_standalone_20190824162704-HeteroNETransferVariable.common_embedding-HeteroNETransferVariable.common_embedding.0.2.1-arbiter-10000-guest-10000 type Table"
"2019-08-24 16:27:48,873 - federation.py[line:145] - DEBUG: [GET] guest 10000 getting remote object HeteroNETransferVariable.is_stopped.0.2 from arbiter [10000]"
"2019-08-24 16:27:48,874 - federation.py[line:46] - DEBUG: [GET] Got hetero_network_embedding_example_standalone_20190824162704-HeteroNETransferVariable.is_stopped-HeteroNETransferVariable.is_stopped.0.2-arbiter-10000-guest-10000 type Object"
"2019-08-24 16:27:55,370 - federation.py[line:124] - DEBUG: [REMOTE] Sent hetero_network_embedding_example_standalone_20190824162704-HeteroNETransferVariable.guest_common_embedding-HeteroNETransferVariable.guest_common_embedding.0.3.0-guest-10000-arbiter-10000"
"2019-08-24 16:27:55,370 - federation.py[line:145] - DEBUG: [GET] guest 10000 getting remote object HeteroNETransferVariable.common_embedding.0.3.0 from arbiter [10000]"
"2019-08-24 16:27:55,404 - federation.py[line:46] - DEBUG: [GET] Got hetero_network_embedding_example_standalone_20190824162704-HeteroNETransferVariable.host_common_embedding-HeteroNETransferVariable.host_common_embedding.0.3.0-host-9999-arbiter-10000 type Table"
"2019-08-24 16:27:55,405 - federation.py[line:145] - DEBUG: [GET] arbiter 10000 getting remote object HeteroNETransferVariable.guest_common_embedding.0.3.0 from guest [10000]"
"2019-08-24 16:27:55,405 - federation.py[line:46] - DEBUG: [GET] Got hetero_network_embedding_example_standalone_20190824162704-HeteroNETransferVariable.guest_common_embedding-HeteroNETransferVariable.guest_common_embedding.0.3.0-guest-10000-arbiter-10000 type Table"
"2019-08-24 16:27:55,421 - federation.py[line:124] - DEBUG: [REMOTE] Sent hetero_network_embedding_example_standalone_20190824162704-HeteroNETransferVariable.host_common_embedding-HeteroNETransferVariable.host_common_embedding.0.3.0-host-9999-arbiter-10000"
"2019-08-24 16:27:55,421 - federation.py[line:145] - DEBUG: [GET] host 9999 getting remote object HeteroNETransferVariable.common_embedding.0.3.0 from arbiter [10000]"
"2019-08-24 16:27:55,953 - federation.py[line:124] - DEBUG: [REMOTE] Sent hetero_network_embedding_example_standalone_20190824162704-HeteroNETransferVariable.common_embedding-HeteroNETransferVariable.common_embedding.0.3.0-arbiter-10000-host-9999"
"2019-08-24 16:27:55,964 - federation.py[line:124] - DEBUG: [REMOTE] Sent hetero_network_embedding_example_standalone_20190824162704-HeteroNETransferVariable.common_embedding-HeteroNETransferVariable.common_embedding.0.3.0-arbiter-10000-guest-10000"
"2019-08-24 16:27:55,964 - federation.py[line:145] - DEBUG: [GET] arbiter 10000 getting remote object HeteroNETransferVariable.host_gradient.0.3.0 from guest [10000]"
"2019-08-24 16:27:55,973 - federation.py[line:46] - DEBUG: [GET] Got hetero_network_embedding_example_standalone_20190824162704-HeteroNETransferVariable.common_embedding-HeteroNETransferVariable.common_embedding.0.3.0-arbiter-10000-guest-10000 type Table"
"2019-08-24 16:27:56,024 - federation.py[line:46] - DEBUG: [GET] Got hetero_network_embedding_example_standalone_20190824162704-HeteroNETransferVariable.common_embedding-HeteroNETransferVariable.common_embedding.0.3.0-arbiter-10000-host-9999 type Table"
"2019-08-24 16:27:57,941 - federation.py[line:145] - DEBUG: [GET] guest 10000 getting remote object HeteroNETransferVariable.host_forward_dict.0.3.0 from host [9999]"
"2019-08-24 16:27:58,020 - federation.py[line:124] - DEBUG: [REMOTE] Sent hetero_network_embedding_example_standalone_20190824162704-HeteroNETransferVariable.host_forward_dict-HeteroNETransferVariable.host_forward_dict.0.3.0-host-9999-guest-10000"
"2019-08-24 16:27:58,020 - federation.py[line:145] - DEBUG: [GET] host 9999 getting remote object HeteroNETransferVariable.host_optim_gradient.0.3.0 from arbiter [10000]"
"2019-08-24 16:27:58,042 - federation.py[line:46] - DEBUG: [GET] Got hetero_network_embedding_example_standalone_20190824162704-HeteroNETransferVariable.host_forward_dict-HeteroNETransferVariable.host_forward_dict.0.3.0-host-9999-guest-10000 type Table"
"2019-08-24 16:27:58,776 - federation.py[line:46] - DEBUG: [GET] Got hetero_network_embedding_example_standalone_20190824162704-HeteroNETransferVariable.host_gradient-HeteroNETransferVariable.host_gradient.0.3.0-guest-10000-arbiter-10000 type Table"
"2019-08-24 16:27:58,776 - federation.py[line:145] - DEBUG: [GET] arbiter 10000 getting remote object HeteroNETransferVariable.guest_gradient.0.3.0 from guest [10000]"
"2019-08-24 16:27:58,779 - federation.py[line:124] - DEBUG: [REMOTE] Sent hetero_network_embedding_example_standalone_20190824162704-HeteroNETransferVariable.host_gradient-HeteroNETransferVariable.host_gradient.0.3.0-guest-10000-arbiter-10000"
"2019-08-24 16:27:59,165 - federation.py[line:124] - DEBUG: [REMOTE] Sent hetero_network_embedding_example_standalone_20190824162704-HeteroNETransferVariable.guest_gradient-HeteroNETransferVariable.guest_gradient.0.3.0-guest-10000-arbiter-10000"
"2019-08-24 16:27:59,166 - federation.py[line:145] - DEBUG: [GET] guest 10000 getting remote object HeteroNETransferVariable.guest_optim_gradient.0.3.0 from arbiter [10000]"
"2019-08-24 16:27:59,178 - federation.py[line:46] - DEBUG: [GET] Got hetero_network_embedding_example_standalone_20190824162704-HeteroNETransferVariable.guest_gradient-HeteroNETransferVariable.guest_gradient.0.3.0-guest-10000-arbiter-10000 type Table"
"2019-08-24 16:27:59,345 - federation.py[line:124] - DEBUG: [REMOTE] Sent hetero_network_embedding_example_standalone_20190824162704-HeteroNETransferVariable.host_optim_gradient-HeteroNETransferVariable.host_optim_gradient.0.3.0-arbiter-10000-host-9999"
"2019-08-24 16:27:59,367 - federation.py[line:124] - DEBUG: [REMOTE] Sent hetero_network_embedding_example_standalone_20190824162704-HeteroNETransferVariable.guest_optim_gradient-HeteroNETransferVariable.guest_optim_gradient.0.3.0-arbiter-10000-guest-10000"
"2019-08-24 16:27:59,367 - federation.py[line:145] - DEBUG: [GET] arbiter 10000 getting remote object HeteroNETransferVariable.loss.0.3.0 from guest [10000]"
"2019-08-24 16:27:59,367 - federation.py[line:46] - DEBUG: [GET] Got hetero_network_embedding_example_standalone_20190824162704-HeteroNETransferVariable.guest_optim_gradient-HeteroNETransferVariable.guest_optim_gradient.0.3.0-arbiter-10000-guest-10000 type Table"
"2019-08-24 16:27:59,427 - federation.py[line:46] - DEBUG: [GET] Got hetero_network_embedding_example_standalone_20190824162704-HeteroNETransferVariable.host_optim_gradient-HeteroNETransferVariable.host_optim_gradient.0.3.0-arbiter-10000-host-9999 type Table"
"2019-08-24 16:28:00,040 - federation.py[line:124] - DEBUG: [REMOTE] Sent hetero_network_embedding_example_standalone_20190824162704-HeteroNETransferVariable.loss-HeteroNETransferVariable.loss.0.3.0-guest-10000-arbiter-10000"
"2019-08-24 16:28:00,070 - federation.py[line:46] - DEBUG: [GET] Got hetero_network_embedding_example_standalone_20190824162704-HeteroNETransferVariable.loss-HeteroNETransferVariable.loss.0.3.0-guest-10000-arbiter-10000 type Object"
"2019-08-24 16:28:00,071 - federation.py[line:145] - DEBUG: [GET] arbiter 10000 getting remote object HeteroNETransferVariable.host_common_embedding.0.3.1 from host [9999]"
"2019-08-24 16:28:00,573 - federation.py[line:46] - DEBUG: [GET] Got hetero_network_embedding_example_standalone_20190824162704-HeteroNETransferVariable.host_common_embedding-HeteroNETransferVariable.host_common_embedding.0.3.1-host-9999-arbiter-10000 type Table"
"2019-08-24 16:28:00,574 - federation.py[line:145] - DEBUG: [GET] arbiter 10000 getting remote object HeteroNETransferVariable.guest_common_embedding.0.3.1 from guest [10000]"
"2019-08-24 16:28:00,579 - federation.py[line:124] - DEBUG: [REMOTE] Sent hetero_network_embedding_example_standalone_20190824162704-HeteroNETransferVariable.host_common_embedding-HeteroNETransferVariable.host_common_embedding.0.3.1-host-9999-arbiter-10000"
"2019-08-24 16:28:00,580 - federation.py[line:145] - DEBUG: [GET] host 9999 getting remote object HeteroNETransferVariable.common_embedding.0.3.1 from arbiter [10000]"
"2019-08-24 16:28:01,217 - federation.py[line:124] - DEBUG: [REMOTE] Sent hetero_network_embedding_example_standalone_20190824162704-HeteroNETransferVariable.guest_common_embedding-HeteroNETransferVariable.guest_common_embedding.0.3.1-guest-10000-arbiter-10000"
"2019-08-24 16:28:01,217 - federation.py[line:145] - DEBUG: [GET] guest 10000 getting remote object HeteroNETransferVariable.common_embedding.0.3.1 from arbiter [10000]"
"2019-08-24 16:28:01,277 - federation.py[line:46] - DEBUG: [GET] Got hetero_network_embedding_example_standalone_20190824162704-HeteroNETransferVariable.guest_common_embedding-HeteroNETransferVariable.guest_common_embedding.0.3.1-guest-10000-arbiter-10000 type Table"
"2019-08-24 16:28:01,424 - federation.py[line:124] - DEBUG: [REMOTE] Sent hetero_network_embedding_example_standalone_20190824162704-HeteroNETransferVariable.common_embedding-HeteroNETransferVariable.common_embedding.0.3.1-arbiter-10000-host-9999"
"2019-08-24 16:28:01,443 - federation.py[line:124] - DEBUG: [REMOTE] Sent hetero_network_embedding_example_standalone_20190824162704-HeteroNETransferVariable.common_embedding-HeteroNETransferVariable.common_embedding.0.3.1-arbiter-10000-guest-10000"
"2019-08-24 16:28:01,484 - federation.py[line:46] - DEBUG: [GET] Got hetero_network_embedding_example_standalone_20190824162704-HeteroNETransferVariable.common_embedding-HeteroNETransferVariable.common_embedding.0.3.1-arbiter-10000-host-9999 type Table"
"2019-08-24 16:28:01,489 - federation.py[line:124] - DEBUG: [REMOTE] Sent hetero_network_embedding_example_standalone_20190824162704-HeteroNETransferVariable.is_stopped-HeteroNETransferVariable.is_stopped.0.3-arbiter-10000-host-9999"
"2019-08-24 16:28:01,519 - federation.py[line:46] - DEBUG: [GET] Got hetero_network_embedding_example_standalone_20190824162704-HeteroNETransferVariable.common_embedding-HeteroNETransferVariable.common_embedding.0.3.1-arbiter-10000-guest-10000 type Table"
"2019-08-24 16:28:01,532 - federation.py[line:124] - DEBUG: [REMOTE] Sent hetero_network_embedding_example_standalone_20190824162704-HeteroNETransferVariable.is_stopped-HeteroNETransferVariable.is_stopped.0.3-arbiter-10000-guest-10000"
"2019-08-24 16:28:01,532 - federation.py[line:145] - DEBUG: [GET] arbiter 10000 getting remote object HeteroNETransferVariable.host_common_embedding.0.4.0 from host [9999]"
"2019-08-24 16:28:01,552 - federation.py[line:145] - DEBUG: [GET] host 9999 getting remote object HeteroNETransferVariable.is_stopped.0.3 from arbiter [10000]"
"2019-08-24 16:28:01,553 - federation.py[line:46] - DEBUG: [GET] Got hetero_network_embedding_example_standalone_20190824162704-HeteroNETransferVariable.is_stopped-HeteroNETransferVariable.is_stopped.0.3-arbiter-10000-host-9999 type Object"
"2019-08-24 16:28:01,588 - federation.py[line:145] - DEBUG: [GET] guest 10000 getting remote object HeteroNETransferVariable.is_stopped.0.3 from arbiter [10000]"
"2019-08-24 16:28:01,588 - federation.py[line:46] - DEBUG: [GET] Got hetero_network_embedding_example_standalone_20190824162704-HeteroNETransferVariable.is_stopped-HeteroNETransferVariable.is_stopped.0.3-arbiter-10000-guest-10000 type Object"
"2019-08-24 16:28:07,148 - federation.py[line:124] - DEBUG: [REMOTE] Sent hetero_network_embedding_example_standalone_20190824162704-HeteroNETransferVariable.guest_common_embedding-HeteroNETransferVariable.guest_common_embedding.0.4.0-guest-10000-arbiter-10000"
"2019-08-24 16:28:07,149 - federation.py[line:145] - DEBUG: [GET] guest 10000 getting remote object HeteroNETransferVariable.common_embedding.0.4.0 from arbiter [10000]"
"2019-08-24 16:28:07,155 - federation.py[line:124] - DEBUG: [REMOTE] Sent hetero_network_embedding_example_standalone_20190824162704-HeteroNETransferVariable.host_common_embedding-HeteroNETransferVariable.host_common_embedding.0.4.0-host-9999-arbiter-10000"
"2019-08-24 16:28:07,156 - federation.py[line:145] - DEBUG: [GET] host 9999 getting remote object HeteroNETransferVariable.common_embedding.0.4.0 from arbiter [10000]"
"2019-08-24 16:28:07,160 - federation.py[line:46] - DEBUG: [GET] Got hetero_network_embedding_example_standalone_20190824162704-HeteroNETransferVariable.host_common_embedding-HeteroNETransferVariable.host_common_embedding.0.4.0-host-9999-arbiter-10000 type Table"
"2019-08-24 16:28:07,160 - federation.py[line:145] - DEBUG: [GET] arbiter 10000 getting remote object HeteroNETransferVariable.guest_common_embedding.0.4.0 from guest [10000]"
"2019-08-24 16:28:07,161 - federation.py[line:46] - DEBUG: [GET] Got hetero_network_embedding_example_standalone_20190824162704-HeteroNETransferVariable.guest_common_embedding-HeteroNETransferVariable.guest_common_embedding.0.4.0-guest-10000-arbiter-10000 type Table"
"2019-08-24 16:28:07,316 - federation.py[line:124] - DEBUG: [REMOTE] Sent hetero_network_embedding_example_standalone_20190824162704-HeteroNETransferVariable.common_embedding-HeteroNETransferVariable.common_embedding.0.4.0-arbiter-10000-host-9999"
"2019-08-24 16:28:07,333 - federation.py[line:124] - DEBUG: [REMOTE] Sent hetero_network_embedding_example_standalone_20190824162704-HeteroNETransferVariable.common_embedding-HeteroNETransferVariable.common_embedding.0.4.0-arbiter-10000-guest-10000"
"2019-08-24 16:28:07,333 - federation.py[line:145] - DEBUG: [GET] arbiter 10000 getting remote object HeteroNETransferVariable.host_gradient.0.4.0 from guest [10000]"
"2019-08-24 16:28:07,350 - federation.py[line:46] - DEBUG: [GET] Got hetero_network_embedding_example_standalone_20190824162704-HeteroNETransferVariable.common_embedding-HeteroNETransferVariable.common_embedding.0.4.0-arbiter-10000-guest-10000 type Table"
"2019-08-24 16:28:07,357 - federation.py[line:46] - DEBUG: [GET] Got hetero_network_embedding_example_standalone_20190824162704-HeteroNETransferVariable.common_embedding-HeteroNETransferVariable.common_embedding.0.4.0-arbiter-10000-host-9999 type Table"
"2019-08-24 16:28:09,123 - federation.py[line:145] - DEBUG: [GET] guest 10000 getting remote object HeteroNETransferVariable.host_forward_dict.0.4.0 from host [9999]"
"2019-08-24 16:28:09,144 - federation.py[line:124] - DEBUG: [REMOTE] Sent hetero_network_embedding_example_standalone_20190824162704-HeteroNETransferVariable.host_forward_dict-HeteroNETransferVariable.host_forward_dict.0.4.0-host-9999-guest-10000"
"2019-08-24 16:28:09,145 - federation.py[line:145] - DEBUG: [GET] host 9999 getting remote object HeteroNETransferVariable.host_optim_gradient.0.4.0 from arbiter [10000]"
"2019-08-24 16:28:09,224 - federation.py[line:46] - DEBUG: [GET] Got hetero_network_embedding_example_standalone_20190824162704-HeteroNETransferVariable.host_forward_dict-HeteroNETransferVariable.host_forward_dict.0.4.0-host-9999-guest-10000 type Table"
"2019-08-24 16:28:09,991 - federation.py[line:124] - DEBUG: [REMOTE] Sent hetero_network_embedding_example_standalone_20190824162704-HeteroNETransferVariable.host_gradient-HeteroNETransferVariable.host_gradient.0.4.0-guest-10000-arbiter-10000"
"2019-08-24 16:28:10,044 - federation.py[line:46] - DEBUG: [GET] Got hetero_network_embedding_example_standalone_20190824162704-HeteroNETransferVariable.host_gradient-HeteroNETransferVariable.host_gradient.0.4.0-guest-10000-arbiter-10000 type Table"
"2019-08-24 16:28:10,044 - federation.py[line:145] - DEBUG: [GET] arbiter 10000 getting remote object HeteroNETransferVariable.guest_gradient.0.4.0 from guest [10000]"
"2019-08-24 16:28:10,389 - federation.py[line:124] - DEBUG: [REMOTE] Sent hetero_network_embedding_example_standalone_20190824162704-HeteroNETransferVariable.guest_gradient-HeteroNETransferVariable.guest_gradient.0.4.0-guest-10000-arbiter-10000"
"2019-08-24 16:28:10,389 - federation.py[line:145] - DEBUG: [GET] guest 10000 getting remote object HeteroNETransferVariable.guest_optim_gradient.0.4.0 from arbiter [10000]"
"2019-08-24 16:28:10,446 - federation.py[line:46] - DEBUG: [GET] Got hetero_network_embedding_example_standalone_20190824162704-HeteroNETransferVariable.guest_gradient-HeteroNETransferVariable.guest_gradient.0.4.0-guest-10000-arbiter-10000 type Table"
"2019-08-24 16:28:10,614 - federation.py[line:124] - DEBUG: [REMOTE] Sent hetero_network_embedding_example_standalone_20190824162704-HeteroNETransferVariable.host_optim_gradient-HeteroNETransferVariable.host_optim_gradient.0.4.0-arbiter-10000-host-9999"
"2019-08-24 16:28:10,646 - federation.py[line:124] - DEBUG: [REMOTE] Sent hetero_network_embedding_example_standalone_20190824162704-HeteroNETransferVariable.guest_optim_gradient-HeteroNETransferVariable.guest_optim_gradient.0.4.0-arbiter-10000-guest-10000"
"2019-08-24 16:28:10,646 - federation.py[line:145] - DEBUG: [GET] arbiter 10000 getting remote object HeteroNETransferVariable.loss.0.4.0 from guest [10000]"
"2019-08-24 16:28:10,651 - federation.py[line:46] - DEBUG: [GET] Got hetero_network_embedding_example_standalone_20190824162704-HeteroNETransferVariable.host_optim_gradient-HeteroNETransferVariable.host_optim_gradient.0.4.0-arbiter-10000-host-9999 type Table"
"2019-08-24 16:28:10,691 - federation.py[line:46] - DEBUG: [GET] Got hetero_network_embedding_example_standalone_20190824162704-HeteroNETransferVariable.guest_optim_gradient-HeteroNETransferVariable.guest_optim_gradient.0.4.0-arbiter-10000-guest-10000 type Table"
"2019-08-24 16:28:11,057 - federation.py[line:124] - DEBUG: [REMOTE] Sent hetero_network_embedding_example_standalone_20190824162704-HeteroNETransferVariable.loss-HeteroNETransferVariable.loss.0.4.0-guest-10000-arbiter-10000"
"2019-08-24 16:28:11,149 - federation.py[line:46] - DEBUG: [GET] Got hetero_network_embedding_example_standalone_20190824162704-HeteroNETransferVariable.loss-HeteroNETransferVariable.loss.0.4.0-guest-10000-arbiter-10000 type Object"
"2019-08-24 16:28:11,525 - federation.py[line:145] - DEBUG: [GET] arbiter 10000 getting remote object HeteroNETransferVariable.host_common_embedding.0.4.1 from host [9999]"
"2019-08-24 16:28:11,665 - federation.py[line:124] - DEBUG: [REMOTE] Sent hetero_network_embedding_example_standalone_20190824162704-HeteroNETransferVariable.host_common_embedding-HeteroNETransferVariable.host_common_embedding.0.4.1-host-9999-arbiter-10000"
"2019-08-24 16:28:11,667 - federation.py[line:145] - DEBUG: [GET] host 9999 getting remote object HeteroNETransferVariable.common_embedding.0.4.1 from arbiter [10000]"
"2019-08-24 16:28:11,726 - federation.py[line:46] - DEBUG: [GET] Got hetero_network_embedding_example_standalone_20190824162704-HeteroNETransferVariable.host_common_embedding-HeteroNETransferVariable.host_common_embedding.0.4.1-host-9999-arbiter-10000 type Table"
"2019-08-24 16:28:11,727 - federation.py[line:145] - DEBUG: [GET] arbiter 10000 getting remote object HeteroNETransferVariable.guest_common_embedding.0.4.1 from guest [10000]"
"2019-08-24 16:28:14,221 - federation.py[line:124] - DEBUG: [REMOTE] Sent hetero_network_embedding_example_standalone_20190824162704-HeteroNETransferVariable.guest_common_embedding-HeteroNETransferVariable.guest_common_embedding.0.4.1-guest-10000-arbiter-10000"
"2019-08-24 16:28:14,221 - federation.py[line:145] - DEBUG: [GET] guest 10000 getting remote object HeteroNETransferVariable.common_embedding.0.4.1 from arbiter [10000]"
"2019-08-24 16:28:14,237 - federation.py[line:46] - DEBUG: [GET] Got hetero_network_embedding_example_standalone_20190824162704-HeteroNETransferVariable.guest_common_embedding-HeteroNETransferVariable.guest_common_embedding.0.4.1-guest-10000-arbiter-10000 type Table"
"2019-08-24 16:28:14,479 - federation.py[line:46] - DEBUG: [GET] Got hetero_network_embedding_example_standalone_20190824162704-HeteroNETransferVariable.common_embedding-HeteroNETransferVariable.common_embedding.0.4.1-arbiter-10000-host-9999 type Table"
"2019-08-24 16:28:14,524 - federation.py[line:124] - DEBUG: [REMOTE] Sent hetero_network_embedding_example_standalone_20190824162704-HeteroNETransferVariable.common_embedding-HeteroNETransferVariable.common_embedding.0.4.1-arbiter-10000-host-9999"
"2019-08-24 16:28:14,546 - federation.py[line:145] - DEBUG: [GET] host 9999 getting remote object HeteroNETransferVariable.is_stopped.0.4 from arbiter [10000]"
"2019-08-24 16:28:14,569 - federation.py[line:124] - DEBUG: [REMOTE] Sent hetero_network_embedding_example_standalone_20190824162704-HeteroNETransferVariable.common_embedding-HeteroNETransferVariable.common_embedding.0.4.1-arbiter-10000-guest-10000"
"2019-08-24 16:28:14,623 - federation.py[line:46] - DEBUG: [GET] Got hetero_network_embedding_example_standalone_20190824162704-HeteroNETransferVariable.common_embedding-HeteroNETransferVariable.common_embedding.0.4.1-arbiter-10000-guest-10000 type Table"
"2019-08-24 16:28:14,693 - federation.py[line:145] - DEBUG: [GET] guest 10000 getting remote object HeteroNETransferVariable.is_stopped.0.4 from arbiter [10000]"
"2019-08-24 16:28:14,747 - federation.py[line:46] - DEBUG: [GET] Got hetero_network_embedding_example_standalone_20190824162704-HeteroNETransferVariable.is_stopped-HeteroNETransferVariable.is_stopped.0.4-arbiter-10000-host-9999 type Object"
"2019-08-24 16:28:14,793 - federation.py[line:124] - DEBUG: [REMOTE] Sent hetero_network_embedding_example_standalone_20190824162704-HeteroNETransferVariable.is_stopped-HeteroNETransferVariable.is_stopped.0.4-arbiter-10000-host-9999"
"2019-08-24 16:28:15,193 - federation.py[line:124] - DEBUG: [REMOTE] Sent hetero_network_embedding_example_standalone_20190824162704-HeteroNETransferVariable.is_stopped-HeteroNETransferVariable.is_stopped.0.4-arbiter-10000-guest-10000"
"2019-08-24 16:28:15,195 - federation.py[line:46] - DEBUG: [GET] Got hetero_network_embedding_example_standalone_20190824162704-HeteroNETransferVariable.is_stopped-HeteroNETransferVariable.is_stopped.0.4-arbiter-10000-guest-10000 type Object"
