"2019-08-24 16:27:09,683 - hetero_ne_guest.py[line:68] - INFO: samples number:42"
"2019-08-24 16:27:09,683 - hetero_ne_guest.py[line:69] - INFO: Enter network embedding procedure:"
"2019-08-24 16:27:09,683 - hetero_ne_guest.py[line:71] - INFO: Bank A has 2363 nodes"
"2019-08-24 16:27:10,084 - hetero_ne_guest.py[line:74] - INFO: Transform input data to train instance"
"2019-08-24 16:27:10,085 - hetero_ne_guest.py[line:81] - INFO: Get public_key from arbiter:<PaillierPublicKey 930c87b0b2>"
"2019-08-24 16:27:10,085 - hetero_ne_guest.py[line:85] - INFO: Generate mini-batch from input data"
"2019-08-24 16:27:10,326 - hetero_ne_guest.py[line:89] - INFO: samples number:42"
"2019-08-24 16:27:10,326 - hetero_ne_guest.py[line:97] - INFO: Generate mini-batch for local instances in guest"
"2019-08-24 16:27:11,603 - hetero_ne_guest.py[line:104] - INFO: batch_info:{'batch_size': 1024, 'batch_num': 1}"
"2019-08-24 16:27:11,656 - hetero_ne_guest.py[line:110] - INFO: Remote batch_info to Host"
"2019-08-24 16:27:11,975 - hetero_ne_guest.py[line:117] - INFO: Remote batch_info to Arbiter"
"2019-08-24 16:27:11,976 - hetero_ne_guest.py[line:124] - INFO: Start initialize model."
"2019-08-24 16:27:11,976 - hetero_ne_guest.py[line:126] - INFO: Embedding shape=(2363, 5)"
"2019-08-24 16:27:11,976 - hetero_ne_guest.py[line:133] - INFO: iter:0"
"2019-08-24 16:27:11,976 - hetero_ne_guest.py[line:139] - INFO: Enter the horizontally federated learning procedure:"
"2019-08-24 16:27:17,479 - hetero_ne_guest.py[line:167] - INFO: Remote the embedding of common node to arbiter!"
"2019-08-24 16:27:17,781 - hetero_ne_guest.py[line:176] - INFO: Get the aggregated embedding of common node from arbiter!"
"2019-08-24 16:27:17,848 - hetero_ne_guest.py[line:181] - INFO: Iter 0, horizontally feaderated learning loss: 1.3168509729765274"
"2019-08-24 16:27:17,848 - hetero_ne_guest.py[line:188] - INFO: Enter the vertically federated learning:"
"2019-08-24 16:27:17,848 - hetero_ne_guest.py[line:193] - INFO: batch:0"
"2019-08-24 16:27:17,849 - hetero_ne_guest.py[line:197] - INFO: remote mini-batch index to Host"
"2019-08-24 16:27:19,794 - hetero_ne_guest.py[line:229] - INFO: Get host_forward from host"
"2019-08-24 16:27:20,151 - hetero_ne_guest.py[line:249] - INFO: Remote host_gradient to arbiter"
"2019-08-24 16:27:20,878 - hetero_ne_guest.py[line:265] - INFO: Remote guest_gradient to arbiter"
"2019-08-24 16:27:21,180 - hetero_ne_guest.py[line:274] - INFO: Get optim_guest_gradient from arbiter"
"2019-08-24 16:27:21,181 - hetero_ne_guest.py[line:277] - INFO: Update node embedding"
"2019-08-24 16:27:21,599 - hetero_ne_guest.py[line:296] - INFO: Remote loss to arbiter"
"2019-08-24 16:27:22,319 - hetero_ne_guest.py[line:340] - INFO: Get is_stop flag from arbiter:False"
"2019-08-24 16:27:22,319 - hetero_ne_guest.py[line:133] - INFO: iter:1"
"2019-08-24 16:27:22,319 - hetero_ne_guest.py[line:139] - INFO: Enter the horizontally federated learning procedure:"
"2019-08-24 16:27:28,401 - hetero_ne_guest.py[line:167] - INFO: Remote the embedding of common node to arbiter!"
"2019-08-24 16:27:28,603 - hetero_ne_guest.py[line:176] - INFO: Get the aggregated embedding of common node from arbiter!"
"2019-08-24 16:27:28,671 - hetero_ne_guest.py[line:181] - INFO: Iter 1, horizontally feaderated learning loss: 1.3522936269576449"
"2019-08-24 16:27:28,671 - hetero_ne_guest.py[line:188] - INFO: Enter the vertically federated learning:"
"2019-08-24 16:27:28,671 - hetero_ne_guest.py[line:193] - INFO: batch:0"
"2019-08-24 16:27:30,684 - hetero_ne_guest.py[line:229] - INFO: Get host_forward from host"
"2019-08-24 16:27:31,111 - hetero_ne_guest.py[line:249] - INFO: Remote host_gradient to arbiter"
"2019-08-24 16:27:31,900 - hetero_ne_guest.py[line:265] - INFO: Remote guest_gradient to arbiter"
"2019-08-24 16:27:32,102 - hetero_ne_guest.py[line:274] - INFO: Get optim_guest_gradient from arbiter"
"2019-08-24 16:27:32,102 - hetero_ne_guest.py[line:277] - INFO: Update node embedding"
"2019-08-24 16:27:32,244 - hetero_ne_guest.py[line:296] - INFO: Remote loss to arbiter"
"2019-08-24 16:27:33,395 - hetero_ne_guest.py[line:340] - INFO: Get is_stop flag from arbiter:False"
"2019-08-24 16:27:33,395 - hetero_ne_guest.py[line:133] - INFO: iter:2"
"2019-08-24 16:27:33,396 - hetero_ne_guest.py[line:139] - INFO: Enter the horizontally federated learning procedure:"
"2019-08-24 16:27:39,194 - hetero_ne_guest.py[line:167] - INFO: Remote the embedding of common node to arbiter!"
"2019-08-24 16:27:39,497 - hetero_ne_guest.py[line:176] - INFO: Get the aggregated embedding of common node from arbiter!"
"2019-08-24 16:27:39,565 - hetero_ne_guest.py[line:181] - INFO: Iter 2, horizontally feaderated learning loss: 1.3432961216856352"
"2019-08-24 16:27:39,565 - hetero_ne_guest.py[line:188] - INFO: Enter the vertically federated learning:"
"2019-08-24 16:27:39,565 - hetero_ne_guest.py[line:193] - INFO: batch:0"
"2019-08-24 16:27:44,190 - hetero_ne_guest.py[line:229] - INFO: Get host_forward from host"
"2019-08-24 16:27:45,580 - hetero_ne_guest.py[line:249] - INFO: Remote host_gradient to arbiter"
"2019-08-24 16:27:46,648 - hetero_ne_guest.py[line:265] - INFO: Remote guest_gradient to arbiter"
"2019-08-24 16:27:47,151 - hetero_ne_guest.py[line:274] - INFO: Get optim_guest_gradient from arbiter"
"2019-08-24 16:27:47,151 - hetero_ne_guest.py[line:277] - INFO: Update node embedding"
"2019-08-24 16:27:47,260 - hetero_ne_guest.py[line:296] - INFO: Remote loss to arbiter"
"2019-08-24 16:27:48,875 - hetero_ne_guest.py[line:340] - INFO: Get is_stop flag from arbiter:False"
"2019-08-24 16:27:48,875 - hetero_ne_guest.py[line:133] - INFO: iter:3"
"2019-08-24 16:27:48,875 - hetero_ne_guest.py[line:139] - INFO: Enter the horizontally federated learning procedure:"
"2019-08-24 16:27:55,370 - hetero_ne_guest.py[line:167] - INFO: Remote the embedding of common node to arbiter!"
"2019-08-24 16:27:55,974 - hetero_ne_guest.py[line:176] - INFO: Get the aggregated embedding of common node from arbiter!"
"2019-08-24 16:27:56,042 - hetero_ne_guest.py[line:181] - INFO: Iter 3, horizontally feaderated learning loss: 1.3362488327930737"
"2019-08-24 16:27:56,042 - hetero_ne_guest.py[line:188] - INFO: Enter the vertically federated learning:"
"2019-08-24 16:27:56,042 - hetero_ne_guest.py[line:193] - INFO: batch:0"
"2019-08-24 16:27:58,043 - hetero_ne_guest.py[line:229] - INFO: Get host_forward from host"
"2019-08-24 16:27:58,779 - hetero_ne_guest.py[line:249] - INFO: Remote host_gradient to arbiter"
"2019-08-24 16:27:59,166 - hetero_ne_guest.py[line:265] - INFO: Remote guest_gradient to arbiter"
"2019-08-24 16:27:59,369 - hetero_ne_guest.py[line:274] - INFO: Get optim_guest_gradient from arbiter"
"2019-08-24 16:27:59,369 - hetero_ne_guest.py[line:277] - INFO: Update node embedding"
"2019-08-24 16:28:00,041 - hetero_ne_guest.py[line:296] - INFO: Remote loss to arbiter"
"2019-08-24 16:28:01,589 - hetero_ne_guest.py[line:340] - INFO: Get is_stop flag from arbiter:False"
"2019-08-24 16:28:01,589 - hetero_ne_guest.py[line:133] - INFO: iter:4"
"2019-08-24 16:28:01,589 - hetero_ne_guest.py[line:139] - INFO: Enter the horizontally federated learning procedure:"
"2019-08-24 16:28:07,149 - hetero_ne_guest.py[line:167] - INFO: Remote the embedding of common node to arbiter!"
"2019-08-24 16:28:07,351 - hetero_ne_guest.py[line:176] - INFO: Get the aggregated embedding of common node from arbiter!"
"2019-08-24 16:28:07,420 - hetero_ne_guest.py[line:181] - INFO: Iter 4, horizontally feaderated learning loss: 1.330228394983519"
"2019-08-24 16:28:07,420 - hetero_ne_guest.py[line:188] - INFO: Enter the vertically federated learning:"
"2019-08-24 16:28:07,420 - hetero_ne_guest.py[line:193] - INFO: batch:0"
"2019-08-24 16:28:09,224 - hetero_ne_guest.py[line:229] - INFO: Get host_forward from host"
"2019-08-24 16:28:09,991 - hetero_ne_guest.py[line:249] - INFO: Remote host_gradient to arbiter"
"2019-08-24 16:28:10,389 - hetero_ne_guest.py[line:265] - INFO: Remote guest_gradient to arbiter"
"2019-08-24 16:28:10,692 - hetero_ne_guest.py[line:274] - INFO: Get optim_guest_gradient from arbiter"
"2019-08-24 16:28:10,692 - hetero_ne_guest.py[line:277] - INFO: Update node embedding"
"2019-08-24 16:28:11,057 - hetero_ne_guest.py[line:296] - INFO: Remote loss to arbiter"
"2019-08-24 16:28:15,196 - hetero_ne_guest.py[line:340] - INFO: Get is_stop flag from arbiter:False"
