"2019-08-24 16:27:10,080 - hetero_ne_host.py[line:47] - INFO: Enter hetero_ne host"
"2019-08-24 16:27:10,080 - hetero_ne_host.py[line:49] - INFO: Host party has 2327 nodes"
"2019-08-24 16:27:10,195 - hetero_ne_host.py[line:52] - INFO: Transform input data to train instance"
"2019-08-24 16:27:10,196 - hetero_ne_host.py[line:59] - INFO: Get Publick key from arbiter:<PaillierPublicKey 930c87b0b2>"
"2019-08-24 16:27:10,196 - hetero_ne_host.py[line:64] - INFO: Generate mini-batch for local instances in guest"
"2019-08-24 16:27:11,661 - hetero_ne_host.py[line:72] - INFO: Get batch_info from guest: {'batch_size': 1024, 'batch_num': 1}"
"2019-08-24 16:27:11,661 - hetero_ne_host.py[line:86] - INFO: Start initilize model."
"2019-08-24 16:27:11,661 - hetero_ne_host.py[line:93] - INFO: iter: 0"
"2019-08-24 16:27:11,661 - hetero_ne_host.py[line:99] - INFO: Horizontally learning"
"2019-08-24 16:27:11,663 - hetero_ne_host.py[line:102] - INFO: Local batch data count:300"
"2019-08-24 16:27:17,082 - hetero_ne_host.py[line:115] - INFO: gradient count:300"
"2019-08-24 16:27:17,846 - hetero_ne_host.py[line:139] - INFO: Iter 0, Local loss: 1.2942787632700024"
"2019-08-24 16:27:17,847 - hetero_ne_host.py[line:146] - INFO: batch:0"
"2019-08-24 16:27:17,948 - hetero_ne_host.py[line:159] - INFO: Get batch_index from Guest"
"2019-08-24 16:27:18,000 - hetero_ne_host.py[line:172] - INFO: batch_data_inst size:42"
"2019-08-24 16:27:19,780 - hetero_ne_host.py[line:187] - INFO: Remote host_forward to guest"
"2019-08-24 16:27:21,088 - hetero_ne_host.py[line:197] - INFO: Get optim_host_gradient from arbiter"
"2019-08-24 16:27:21,167 - hetero_ne_host.py[line:200] - INFO: update_model"
"2019-08-24 16:27:22,287 - hetero_ne_host.py[line:242] - INFO: Get is_stop flag from arbiter:False"
"2019-08-24 16:27:22,287 - hetero_ne_host.py[line:93] - INFO: iter: 1"
"2019-08-24 16:27:22,287 - hetero_ne_host.py[line:99] - INFO: Horizontally learning"
"2019-08-24 16:27:22,289 - hetero_ne_host.py[line:102] - INFO: Local batch data count:300"
"2019-08-24 16:27:28,141 - hetero_ne_host.py[line:115] - INFO: gradient count:300"
"2019-08-24 16:27:28,680 - hetero_ne_host.py[line:139] - INFO: Iter 1, Local loss: 1.2757539889238743"
"2019-08-24 16:27:28,680 - hetero_ne_host.py[line:146] - INFO: batch:0"
"2019-08-24 16:27:28,681 - hetero_ne_host.py[line:172] - INFO: batch_data_inst size:42"
"2019-08-24 16:27:30,687 - hetero_ne_host.py[line:187] - INFO: Remote host_forward to guest"
"2019-08-24 16:27:32,094 - hetero_ne_host.py[line:197] - INFO: Get optim_host_gradient from arbiter"
"2019-08-24 16:27:32,188 - hetero_ne_host.py[line:200] - INFO: update_model"
"2019-08-24 16:27:33,356 - hetero_ne_host.py[line:242] - INFO: Get is_stop flag from arbiter:False"
"2019-08-24 16:27:33,357 - hetero_ne_host.py[line:93] - INFO: iter: 2"
"2019-08-24 16:27:33,357 - hetero_ne_host.py[line:99] - INFO: Horizontally learning"
"2019-08-24 16:27:33,363 - hetero_ne_host.py[line:102] - INFO: Local batch data count:300"
"2019-08-24 16:27:38,767 - hetero_ne_host.py[line:115] - INFO: gradient count:300"
"2019-08-24 16:27:39,565 - hetero_ne_host.py[line:139] - INFO: Iter 2, Local loss: 1.2701022098955868"
"2019-08-24 16:27:39,565 - hetero_ne_host.py[line:146] - INFO: batch:0"
"2019-08-24 16:27:39,566 - hetero_ne_host.py[line:172] - INFO: batch_data_inst size:42"
"2019-08-24 16:27:44,211 - hetero_ne_host.py[line:187] - INFO: Remote host_forward to guest"
"2019-08-24 16:27:47,125 - hetero_ne_host.py[line:197] - INFO: Get optim_host_gradient from arbiter"
"2019-08-24 16:27:47,211 - hetero_ne_host.py[line:200] - INFO: update_model"
"2019-08-24 16:27:48,783 - hetero_ne_host.py[line:242] - INFO: Get is_stop flag from arbiter:False"
"2019-08-24 16:27:48,783 - hetero_ne_host.py[line:93] - INFO: iter: 3"
"2019-08-24 16:27:48,783 - hetero_ne_host.py[line:99] - INFO: Horizontally learning"
"2019-08-24 16:27:48,787 - hetero_ne_host.py[line:102] - INFO: Local batch data count:300"
"2019-08-24 16:27:54,733 - hetero_ne_host.py[line:115] - INFO: gradient count:300"
"2019-08-24 16:27:56,092 - hetero_ne_host.py[line:139] - INFO: Iter 3, Local loss: 1.2629117880233858"
"2019-08-24 16:27:56,092 - hetero_ne_host.py[line:146] - INFO: batch:0"
"2019-08-24 16:27:56,093 - hetero_ne_host.py[line:172] - INFO: batch_data_inst size:42"
"2019-08-24 16:27:58,020 - hetero_ne_host.py[line:187] - INFO: Remote host_forward to guest"
"2019-08-24 16:27:59,427 - hetero_ne_host.py[line:197] - INFO: Get optim_host_gradient from arbiter"
"2019-08-24 16:27:59,811 - hetero_ne_host.py[line:200] - INFO: update_model"
"2019-08-24 16:28:01,553 - hetero_ne_host.py[line:242] - INFO: Get is_stop flag from arbiter:False"
"2019-08-24 16:28:01,553 - hetero_ne_host.py[line:93] - INFO: iter: 4"
"2019-08-24 16:28:01,553 - hetero_ne_host.py[line:99] - INFO: Horizontally learning"
"2019-08-24 16:28:01,558 - hetero_ne_host.py[line:102] - INFO: Local batch data count:300"
"2019-08-24 16:28:06,931 - hetero_ne_host.py[line:115] - INFO: gradient count:300"
"2019-08-24 16:28:07,425 - hetero_ne_host.py[line:139] - INFO: Iter 4, Local loss: 1.255912411872725"
"2019-08-24 16:28:07,426 - hetero_ne_host.py[line:146] - INFO: batch:0"
"2019-08-24 16:28:07,426 - hetero_ne_host.py[line:172] - INFO: batch_data_inst size:42"
"2019-08-24 16:28:09,144 - hetero_ne_host.py[line:187] - INFO: Remote host_forward to guest"
"2019-08-24 16:28:10,652 - hetero_ne_host.py[line:197] - INFO: Get optim_host_gradient from arbiter"
"2019-08-24 16:28:11,019 - hetero_ne_host.py[line:200] - INFO: update_model"
"2019-08-24 16:28:14,748 - hetero_ne_host.py[line:242] - INFO: Get is_stop flag from arbiter:False"
"2019-08-24 16:28:14,748 - hetero_ne_host.py[line:248] - INFO: Reach max iter 5, train mode finish!"
