"2019-08-24 16:27:08,971 - workflow.py[line:863] - DEBUG: The job id is hetero_network_embedding_example_standalone_20190824162704"
"2019-08-24 16:27:08,971 - workflow.py[line:863] - DEBUG: The job id is hetero_network_embedding_example_standalone_20190824162704"
"2019-08-24 16:27:08,971 - workflow.py[line:863] - DEBUG: The job id is hetero_network_embedding_example_standalone_20190824162704"
"2019-08-24 16:27:08,973 - workflow.py[line:865] - DEBUG: Finish eggroll and federation init"
"2019-08-24 16:27:08,973 - workflow.py[line:865] - DEBUG: Finish eggroll and federation init"
"2019-08-24 16:27:08,973 - workflow.py[line:819] - DEBUG: finish init pipeline"
"2019-08-24 16:27:08,973 - workflow.py[line:865] - DEBUG: Finish eggroll and federation init"
"2019-08-24 16:27:08,973 - workflow.py[line:819] - DEBUG: finish init pipeline"
"2019-08-24 16:27:08,973 - workflow.py[line:819] - DEBUG: finish init pipeline"
"2019-08-24 16:27:08,973 - workflow.py[line:214] - INFO: arbiter"
"2019-08-24 16:27:08,973 - workflow.py[line:215] - INFO: max iter: 5"
"2019-08-24 16:27:08,974 - workflow.py[line:912] - INFO: 42 samples in guest"
"2019-08-24 16:27:08,974 - workflow.py[line:912] - INFO: 42 samples in host"
"2019-08-24 16:27:09,088 - workflow.py[line:210] - DEBUG: Enter guest network embedding function"
"2019-08-24 16:27:09,088 - workflow.py[line:211] - DEBUG: Start intersection before network embedding"
"2019-08-24 16:27:09,088 - workflow.py[line:316] - INFO: need_intersect: true!"
"2019-08-24 16:27:09,089 - workflow.py[line:320] - INFO: Start intersection!"
"2019-08-24 16:27:09,089 - workflow.py[line:210] - DEBUG: Enter host network embedding function"
"2019-08-24 16:27:09,089 - workflow.py[line:211] - DEBUG: Start intersection before network embedding"
"2019-08-24 16:27:09,089 - workflow.py[line:316] - INFO: need_intersect: true!"
"2019-08-24 16:27:09,089 - workflow.py[line:320] - INFO: Start intersection!"
"2019-08-24 16:27:09,682 - workflow.py[line:331] - INFO: finish intersection!"
"2019-08-24 16:27:09,683 - workflow.py[line:214] - INFO: guest"
"2019-08-24 16:27:09,683 - workflow.py[line:215] - INFO: max iter: 5"
"2019-08-24 16:27:10,080 - workflow.py[line:331] - INFO: finish intersection!"
"2019-08-24 16:27:10,080 - workflow.py[line:214] - INFO: host"
"2019-08-24 16:27:10,080 - workflow.py[line:215] - INFO: max iter: 5"
"2019-08-24 16:28:15,193 - workflow.py[line:922] - DEBUG: arbiter"
"2019-08-24 16:28:15,193 - workflow.py[line:923] - INFO: Network_embedding_finish"
