"2019-08-22 07:51:57,123 - federation.py[line:124] - DEBUG: [REMOTE] Sent hetero_network_embedding_example_standalone_20190822075152-HeteroNETransferVariable.paillier_pubkey-HeteroNETransferVariable.paillier_pubkey.0-arbiter-10000-host-9999"
"2019-08-22 07:51:57,213 - federation.py[line:124] - DEBUG: [REMOTE] Sent hetero_network_embedding_example_standalone_20190822075152-HeteroNETransferVariable.paillier_pubkey-HeteroNETransferVariable.paillier_pubkey.0-arbiter-10000-guest-10000"
"2019-08-22 07:51:57,214 - federation.py[line:145] - DEBUG: [GET] arbiter 10000 getting remote object HeteroNETransferVariable.batch_info.0 from guest [10000]"
"2019-08-22 07:52:03,058 - federation.py[line:145] - DEBUG: [GET] guest 10000 getting remote object RawIntersectTransferVariable.send_ids_host.embedding0 from host [9999]"
"2019-08-22 07:52:03,561 - federation.py[line:124] - DEBUG: [REMOTE] Sent hetero_network_embedding_example_standalone_20190822075152-RawIntersectTransferVariable.send_ids_host-RawIntersectTransferVariable.send_ids_host.embedding0-host-9999-guest-10000"
"2019-08-22 07:52:03,562 - federation.py[line:46] - DEBUG: [GET] Got hetero_network_embedding_example_standalone_20190822075152-RawIntersectTransferVariable.send_ids_host-RawIntersectTransferVariable.send_ids_host.embedding0-host-9999-guest-10000 type Table"
"2019-08-22 07:52:03,562 - federation.py[line:145] - DEBUG: [GET] host 9999 getting remote object RawIntersectTransferVariable.intersect_ids_guest.embedding0 from guest [10000]"
"2019-08-22 07:52:03,884 - federation.py[line:124] - DEBUG: [REMOTE] Sent hetero_network_embedding_example_standalone_20190822075152-RawIntersectTransferVariable.intersect_ids_guest-RawIntersectTransferVariable.intersect_ids_guest.embedding0-guest-10000-host-9999"
"2019-08-22 07:52:03,965 - federation.py[line:46] - DEBUG: [GET] Got hetero_network_embedding_example_standalone_20190822075152-RawIntersectTransferVariable.intersect_ids_guest-RawIntersectTransferVariable.intersect_ids_guest.embedding0-guest-10000-host-9999 type Table"
"2019-08-22 07:52:11,089 - federation.py[line:145] - DEBUG: [GET] guest 10000 getting remote object HeteroNETransferVariable.paillier_pubkey.0 from arbiter [10000]"
"2019-08-22 07:52:11,090 - federation.py[line:46] - DEBUG: [GET] Got hetero_network_embedding_example_standalone_20190822075152-HeteroNETransferVariable.paillier_pubkey-HeteroNETransferVariable.paillier_pubkey.0-arbiter-10000-guest-10000 type Object"
"2019-08-22 07:52:11,513 - federation.py[line:145] - DEBUG: [GET] host 9999 getting remote object HeteroNETransferVariable.paillier_pubkey.0 from arbiter [10000]"
"2019-08-22 07:52:11,514 - federation.py[line:46] - DEBUG: [GET] Got hetero_network_embedding_example_standalone_20190822075152-HeteroNETransferVariable.paillier_pubkey-HeteroNETransferVariable.paillier_pubkey.0-arbiter-10000-host-9999 type Object"
"2019-08-22 07:52:11,514 - federation.py[line:145] - DEBUG: [GET] host 9999 getting remote object HeteroNETransferVariable.batch_info.0 from guest [10000]"
"2019-08-22 07:52:12,362 - federation.py[line:124] - DEBUG: [REMOTE] Sent hetero_network_embedding_example_standalone_20190822075152-HeteroNETransferVariable.batch_info-HeteroNETransferVariable.batch_info.0-guest-10000-host-9999"
"2019-08-22 07:52:12,418 - federation.py[line:124] - DEBUG: [REMOTE] Sent hetero_network_embedding_example_standalone_20190822075152-HeteroNETransferVariable.batch_info-HeteroNETransferVariable.batch_info.0-guest-10000-arbiter-10000"
"2019-08-22 07:52:12,419 - federation.py[line:46] - DEBUG: [GET] Got hetero_network_embedding_example_standalone_20190822075152-HeteroNETransferVariable.batch_info-HeteroNETransferVariable.batch_info.0-guest-10000-host-9999 type Object"
"2019-08-22 07:52:12,420 - federation.py[line:145] - DEBUG: [GET] host 9999 getting remote object HeteroNETransferVariable.batch_data_index.0.0.0 from guest [10000]"
"2019-08-22 07:52:12,445 - federation.py[line:124] - DEBUG: [REMOTE] Sent hetero_network_embedding_example_standalone_20190822075152-HeteroNETransferVariable.batch_data_index-HeteroNETransferVariable.batch_data_index.0.0.0-guest-10000-host-9999"
"2019-08-22 07:52:12,477 - federation.py[line:46] - DEBUG: [GET] Got hetero_network_embedding_example_standalone_20190822075152-HeteroNETransferVariable.batch_info-HeteroNETransferVariable.batch_info.0-guest-10000-arbiter-10000 type Object"
"2019-08-22 07:52:12,478 - federation.py[line:145] - DEBUG: [GET] arbiter 10000 getting remote object HeteroNETransferVariable.host_gradient.0.0.0 from guest [10000]"
"2019-08-22 07:52:12,521 - federation.py[line:46] - DEBUG: [GET] Got hetero_network_embedding_example_standalone_20190822075152-HeteroNETransferVariable.batch_data_index-HeteroNETransferVariable.batch_data_index.0.0.0-guest-10000-host-9999 type Table"
"2019-08-22 07:53:39,780 - federation.py[line:145] - DEBUG: [GET] guest 10000 getting remote object HeteroNETransferVariable.host_forward_dict.0.0.0 from host [9999]"
"2019-08-22 07:53:39,820 - federation.py[line:124] - DEBUG: [REMOTE] Sent hetero_network_embedding_example_standalone_20190822075152-HeteroNETransferVariable.host_forward_dict-HeteroNETransferVariable.host_forward_dict.0.0.0-host-9999-guest-10000"
"2019-08-22 07:53:39,821 - federation.py[line:145] - DEBUG: [GET] host 9999 getting remote object HeteroNETransferVariable.host_optim_gradient.0.0.0 from arbiter [10000]"
"2019-08-22 07:53:39,881 - federation.py[line:46] - DEBUG: [GET] Got hetero_network_embedding_example_standalone_20190822075152-HeteroNETransferVariable.host_forward_dict-HeteroNETransferVariable.host_forward_dict.0.0.0-host-9999-guest-10000 type Table"
