"2019-08-24 09:42:32,970 - federation.py[line:124] - DEBUG: [REMOTE] Sent neighbors_sampling_example_standalone_20190824094128-RawIntersectTransferVariable.send_ids_host-RawIntersectTransferVariable.send_ids_host.neigh_sam_intersect_0-host-9999-guest-10000"
"2019-08-24 09:42:32,971 - federation.py[line:145] - DEBUG: [GET] host 9999 getting remote object RawIntersectTransferVariable.intersect_ids_guest.neigh_sam_intersect_0 from guest [10000]"
"2019-08-24 09:42:34,727 - federation.py[line:145] - DEBUG: [GET] guest 10000 getting remote object RawIntersectTransferVariable.send_ids_host.neigh_sam_intersect_0 from host [9999]"
"2019-08-24 09:42:34,729 - federation.py[line:46] - DEBUG: [GET] Got neighbors_sampling_example_standalone_20190824094128-RawIntersectTransferVariable.send_ids_host-RawIntersectTransferVariable.send_ids_host.neigh_sam_intersect_0-host-9999-guest-10000 type Table"
"2019-08-24 09:42:35,049 - federation.py[line:124] - DEBUG: [REMOTE] Sent neighbors_sampling_example_standalone_20190824094128-RawIntersectTransferVariable.intersect_ids_guest-RawIntersectTransferVariable.intersect_ids_guest.neigh_sam_intersect_0-guest-10000-host-9999"
"2019-08-24 09:42:35,080 - federation.py[line:46] - DEBUG: [GET] Got neighbors_sampling_example_standalone_20190824094128-RawIntersectTransferVariable.intersect_ids_guest-RawIntersectTransferVariable.intersect_ids_guest.neigh_sam_intersect_0-guest-10000-host-9999 type Table"
"2019-08-24 09:42:44,462 - federation.py[line:145] - DEBUG: [GET] guest 10000 getting remote object RawIntersectTransferVariable.send_ids_host.neigh_sam_intersect_1 from host [9999]"
"2019-08-24 09:42:44,663 - federation.py[line:46] - DEBUG: [GET] Got neighbors_sampling_example_standalone_20190824094128-RawIntersectTransferVariable.send_ids_host-RawIntersectTransferVariable.send_ids_host.neigh_sam_intersect_1-host-9999-guest-10000 type Table"
"2019-08-24 09:42:44,668 - federation.py[line:124] - DEBUG: [REMOTE] Sent neighbors_sampling_example_standalone_20190824094128-RawIntersectTransferVariable.send_ids_host-RawIntersectTransferVariable.send_ids_host.neigh_sam_intersect_1-host-9999-guest-10000"
"2019-08-24 09:42:44,669 - federation.py[line:145] - DEBUG: [GET] host 9999 getting remote object RawIntersectTransferVariable.intersect_ids_guest.neigh_sam_intersect_1 from guest [10000]"
"2019-08-24 09:42:45,001 - federation.py[line:124] - DEBUG: [REMOTE] Sent neighbors_sampling_example_standalone_20190824094128-RawIntersectTransferVariable.intersect_ids_guest-RawIntersectTransferVariable.intersect_ids_guest.neigh_sam_intersect_1-guest-10000-host-9999"
"2019-08-24 09:42:45,071 - federation.py[line:46] - DEBUG: [GET] Got neighbors_sampling_example_standalone_20190824094128-RawIntersectTransferVariable.intersect_ids_guest-RawIntersectTransferVariable.intersect_ids_guest.neigh_sam_intersect_1-guest-10000-host-9999 type Table"
"2019-08-24 09:42:48,824 - federation.py[line:145] - DEBUG: [GET] host 9999 getting remote object NeighborsSamplingTransferVariable.guest_number.0 from guest [10000]"
"2019-08-24 09:42:49,013 - federation.py[line:124] - DEBUG: [REMOTE] Sent neighbors_sampling_example_standalone_20190824094128-NeighborsSamplingTransferVariable.guest_number-NeighborsSamplingTransferVariable.guest_number.0-guest-10000-host-9999"
"2019-08-24 09:42:49,013 - federation.py[line:145] - DEBUG: [GET] guest 10000 getting remote object NeighborsSamplingTransferVariable.host_sample_ids.0 from host [9999]"
"2019-08-24 09:42:49,026 - federation.py[line:46] - DEBUG: [GET] Got neighbors_sampling_example_standalone_20190824094128-NeighborsSamplingTransferVariable.guest_number-NeighborsSamplingTransferVariable.guest_number.0-guest-10000-host-9999 type Table"
"2019-08-24 09:42:50,236 - federation.py[line:124] - DEBUG: [REMOTE] Sent neighbors_sampling_example_standalone_20190824094128-NeighborsSamplingTransferVariable.host_sample_ids-NeighborsSamplingTransferVariable.host_sample_ids.0-host-9999-guest-10000"
"2019-08-24 09:42:50,320 - federation.py[line:46] - DEBUG: [GET] Got neighbors_sampling_example_standalone_20190824094128-NeighborsSamplingTransferVariable.host_sample_ids-NeighborsSamplingTransferVariable.host_sample_ids.0-host-9999-guest-10000 type Table"
"2019-08-24 09:42:50,562 - federation.py[line:124] - DEBUG: [REMOTE] Sent neighbors_sampling_example_standalone_20190824094128-NeighborsSamplingTransferVariable.host_number-NeighborsSamplingTransferVariable.host_number.0-host-9999-guest-10000"
"2019-08-24 09:42:50,563 - federation.py[line:145] - DEBUG: [GET] host 9999 getting remote object NeighborsSamplingTransferVariable.guest_sample_ids.0 from guest [10000]"
"2019-08-24 09:42:50,872 - federation.py[line:145] - DEBUG: [GET] guest 10000 getting remote object NeighborsSamplingTransferVariable.host_number.0 from host [9999]"
"2019-08-24 09:42:50,873 - federation.py[line:46] - DEBUG: [GET] Got neighbors_sampling_example_standalone_20190824094128-NeighborsSamplingTransferVariable.host_number-NeighborsSamplingTransferVariable.host_number.0-host-9999-guest-10000 type Table"
"2019-08-24 09:42:53,007 - federation.py[line:124] - DEBUG: [REMOTE] Sent neighbors_sampling_example_standalone_20190824094128-NeighborsSamplingTransferVariable.guest_sample_ids-NeighborsSamplingTransferVariable.guest_sample_ids.0-guest-10000-host-9999"
"2019-08-24 09:42:53,008 - federation.py[line:145] - DEBUG: [GET] guest 10000 getting remote object NeighborsSamplingTransferVariable.host_neg_samp_ids.0 from host [9999]"
"2019-08-24 09:42:53,074 - federation.py[line:46] - DEBUG: [GET] Got neighbors_sampling_example_standalone_20190824094128-NeighborsSamplingTransferVariable.guest_sample_ids-NeighborsSamplingTransferVariable.guest_sample_ids.0-guest-10000-host-9999 type Table"
"2019-08-24 09:42:57,628 - federation.py[line:46] - DEBUG: [GET] Got neighbors_sampling_example_standalone_20190824094128-NeighborsSamplingTransferVariable.host_neg_samp_ids-NeighborsSamplingTransferVariable.host_neg_samp_ids.0-host-9999-guest-10000 type Object"
"2019-08-24 09:42:57,827 - federation.py[line:124] - DEBUG: [REMOTE] Sent neighbors_sampling_example_standalone_20190824094128-NeighborsSamplingTransferVariable.host_neg_samp_ids-NeighborsSamplingTransferVariable.host_neg_samp_ids.0-host-9999-guest-10000"
"2019-08-24 09:42:57,829 - federation.py[line:145] - DEBUG: [GET] host 9999 getting remote object NeighborsSamplingTransferVariable.guest_neg_samp_ids.0 from guest [10000]"
"2019-08-24 09:43:58,557 - federation.py[line:46] - DEBUG: [GET] Got neighbors_sampling_example_standalone_20190824094128-NeighborsSamplingTransferVariable.guest_neg_samp_ids-NeighborsSamplingTransferVariable.guest_neg_samp_ids.0-guest-10000-host-9999 type Object"
"2019-08-24 09:43:58,567 - federation.py[line:124] - DEBUG: [REMOTE] Sent neighbors_sampling_example_standalone_20190824094128-NeighborsSamplingTransferVariable.guest_neg_samp_ids-NeighborsSamplingTransferVariable.guest_neg_samp_ids.0-guest-10000-host-9999"
