"2019-08-24 09:42:18,891 - log_utils.py[line:104] - INFO: id:host_0_0, value: (0, 784, 1)"
"2019-08-24 09:42:18,892 - log_utils.py[line:104] - INFO: id:host_0_1, value: (0, 540, 1)"
"2019-08-24 09:42:18,892 - log_utils.py[line:104] - INFO: id:host_1_0, value: (1, 153, 1)"
"2019-08-24 09:42:18,892 - log_utils.py[line:104] - INFO: id:host_1_1, value: (1, 28, 1)"
"2019-08-24 09:42:18,892 - log_utils.py[line:104] - INFO: id:host_5_0, value: (5, 916, 1)"
"2019-08-24 09:42:18,892 - log_utils.py[line:104] - INFO: id:host_5_1, value: (5, 661, 1)"
"2019-08-24 09:42:18,892 - log_utils.py[line:104] - INFO: id:host_6_0, value: (6, 682, 1)"
"2019-08-24 09:42:18,892 - log_utils.py[line:104] - INFO: id:host_7_0, value: (7, 1004, 1)"
"2019-08-24 09:42:18,892 - log_utils.py[line:104] - INFO: id:host_7_1, value: (7, 802, 1)"
"2019-08-24 09:42:18,892 - log_utils.py[line:104] - INFO: id:host_8_0, value: (8, 1986, 1)"
"2019-08-24 09:42:18,892 - log_utils.py[line:104] - INFO: id:host_9_0, value: (9, 559, 1)"
"2019-08-24 09:42:18,893 - neighbors_sampling.py[line:132] - INFO: The number of local positive pairs: 3349"
"2019-08-24 09:42:18,893 - neighbors_sampling.py[line:135] - INFO: Negative samples num: 5"
"2019-08-24 09:42:21,160 - log_utils.py[line:104] - INFO: id:guest_0_0, value: (0, 954, 1)"
"2019-08-24 09:42:21,161 - log_utils.py[line:104] - INFO: id:guest_1_0, value: (1, 732, 1)"
"2019-08-24 09:42:21,161 - log_utils.py[line:104] - INFO: id:guest_1_1, value: (1, 266, 1)"
"2019-08-24 09:42:21,161 - log_utils.py[line:104] - INFO: id:guest_2_0, value: (2, 962, 1)"
"2019-08-24 09:42:21,161 - log_utils.py[line:104] - INFO: id:guest_3_0, value: (3, 634, 1)"
"2019-08-24 09:42:21,161 - log_utils.py[line:104] - INFO: id:guest_4_0, value: (4, 588, 1)"
"2019-08-24 09:42:21,161 - log_utils.py[line:104] - INFO: id:guest_4_1, value: (4, 294, 1)"
"2019-08-24 09:42:21,161 - log_utils.py[line:104] - INFO: id:guest_5_0, value: (5, 949, 1)"
"2019-08-24 09:42:21,161 - log_utils.py[line:104] - INFO: id:guest_5_1, value: (5, 97, 1)"
"2019-08-24 09:42:21,161 - log_utils.py[line:104] - INFO: id:guest_6_0, value: (6, 20, 1)"
"2019-08-24 09:42:21,162 - log_utils.py[line:104] - INFO: id:guest_7_0, value: (7, 616, 1)"
"2019-08-24 09:42:21,162 - neighbors_sampling.py[line:132] - INFO: The number of local positive pairs: 3356"
"2019-08-24 09:42:21,162 - neighbors_sampling.py[line:135] - INFO: Negative samples num: 5"
"2019-08-24 09:42:24,874 - log_utils.py[line:104] - INFO: id:host_0_0_negative_0, value: (0, 438, -1)"
"2019-08-24 09:42:24,874 - log_utils.py[line:104] - INFO: id:host_0_0_negative_1, value: (0, 260, -1)"
"2019-08-24 09:42:24,875 - log_utils.py[line:104] - INFO: id:host_0_0_negative_2, value: (0, 886, -1)"
"2019-08-24 09:42:24,875 - log_utils.py[line:104] - INFO: id:host_0_0_negative_3, value: (0, 2567, -1)"
"2019-08-24 09:42:24,875 - log_utils.py[line:104] - INFO: id:host_0_0_negative_4, value: (0, 2104, -1)"
"2019-08-24 09:42:24,875 - log_utils.py[line:104] - INFO: id:host_0_1_negative_0, value: (0, 865, -1)"
"2019-08-24 09:42:24,875 - log_utils.py[line:104] - INFO: id:host_0_1_negative_1, value: (0, 1481, -1)"
"2019-08-24 09:42:24,875 - log_utils.py[line:104] - INFO: id:host_0_1_negative_2, value: (0, 396, -1)"
"2019-08-24 09:42:24,875 - log_utils.py[line:104] - INFO: id:host_0_1_negative_3, value: (0, 1758, -1)"
"2019-08-24 09:42:24,875 - log_utils.py[line:104] - INFO: id:host_0_1_negative_4, value: (0, 2017, -1)"
"2019-08-24 09:42:24,875 - log_utils.py[line:104] - INFO: id:host_1_0_negative_0, value: (1, 2083, -1)"
"2019-08-24 09:42:24,876 - neighbors_sampling.py[line:104] - INFO: distribution len: 2319, max:(390, 0.0053644794497539165)"
"2019-08-24 09:42:24,876 - neighbors_sampling.py[line:137] - INFO: The number of local negative pairs: 16745"
"2019-08-24 09:42:25,443 - neighbors_sampling.py[line:141] - INFO: The number of total local pairs: 20094"
"2019-08-24 09:42:27,435 - log_utils.py[line:104] - INFO: id:guest_0_0_negative_0, value: (0, 1652, -1)"
"2019-08-24 09:42:27,435 - log_utils.py[line:104] - INFO: id:guest_0_0_negative_1, value: (0, 1098, -1)"
"2019-08-24 09:42:27,435 - log_utils.py[line:104] - INFO: id:guest_0_0_negative_2, value: (0, 137, -1)"
"2019-08-24 09:42:27,435 - log_utils.py[line:104] - INFO: id:guest_0_0_negative_3, value: (0, 1394, -1)"
"2019-08-24 09:42:27,436 - log_utils.py[line:104] - INFO: id:guest_0_0_negative_4, value: (0, 383, -1)"
"2019-08-24 09:42:27,436 - log_utils.py[line:104] - INFO: id:guest_1_0_negative_0, value: (1, 121, -1)"
"2019-08-24 09:42:27,436 - log_utils.py[line:104] - INFO: id:guest_1_0_negative_1, value: (1, 2894, -1)"
"2019-08-24 09:42:27,436 - log_utils.py[line:104] - INFO: id:guest_1_0_negative_2, value: (1, 1337, -1)"
"2019-08-24 09:42:27,436 - log_utils.py[line:104] - INFO: id:guest_1_0_negative_3, value: (1, 275, -1)"
"2019-08-24 09:42:27,436 - log_utils.py[line:104] - INFO: id:guest_1_0_negative_4, value: (1, 521, -1)"
"2019-08-24 09:42:27,436 - log_utils.py[line:104] - INFO: id:guest_1_1_negative_0, value: (1, 513, -1)"
"2019-08-24 09:42:27,437 - neighbors_sampling.py[line:104] - INFO: distribution len: 2358, max:(390, 0.004777391792522355)"
"2019-08-24 09:42:27,437 - neighbors_sampling.py[line:137] - INFO: The number of local negative pairs: 16780"
"2019-08-24 09:42:27,982 - neighbors_sampling.py[line:141] - INFO: The number of total local pairs: 20136"
"2019-08-24 09:42:48,818 - neighbors_sampling.py[line:283] - INFO: Generate the distributed host samples for guest"
"2019-08-24 09:42:48,824 - neighbors_sampling.py[line:246] - INFO: Generate the distributed host samples for host"
"2019-08-24 09:42:49,013 - neighbors_sampling.py[line:290] - INFO: Remote numbers to host"
"2019-08-24 09:42:49,026 - neighbors_sampling.py[line:250] - INFO: Get numbers from guest"
"2019-08-24 09:42:49,353 - neighbors_sampling.py[line:198] - INFO: bridge_instances count:244"
"2019-08-24 09:42:50,197 - neighbors_sampling.py[line:206] - INFO: sample_ids_instances count:244"
"2019-08-24 09:42:50,201 - neighbors_sampling.py[line:254] - INFO: distributed_instances count:740"
"2019-08-24 09:42:50,236 - neighbors_sampling.py[line:261] - INFO: Remote generated distributed samples' id to guest"
"2019-08-24 09:42:50,237 - neighbors_sampling.py[line:283] - INFO: Generate the distributed guest samples for host"
"2019-08-24 09:42:50,320 - neighbors_sampling.py[line:295] - INFO: Get generated distributed samples' id from host"
"2019-08-24 09:42:50,563 - neighbors_sampling.py[line:290] - INFO: Remote numbers to guest"
"2019-08-24 09:42:50,871 - neighbors_sampling.py[line:300] - INFO: The number of host distributed_instances:740"
"2019-08-24 09:42:50,872 - neighbors_sampling.py[line:246] - INFO: Generate the distributed guest samples for guest"
"2019-08-24 09:42:50,874 - neighbors_sampling.py[line:250] - INFO: Get numbers from host"
"2019-08-24 09:42:51,028 - neighbors_sampling.py[line:198] - INFO: bridge_instances count:244"
"2019-08-24 09:42:52,949 - neighbors_sampling.py[line:206] - INFO: sample_ids_instances count:244"
"2019-08-24 09:42:52,956 - neighbors_sampling.py[line:254] - INFO: distributed_instances count:740"
"2019-08-24 09:42:53,007 - neighbors_sampling.py[line:261] - INFO: Remote generated distributed samples' id to host"
"2019-08-24 09:42:53,074 - neighbors_sampling.py[line:295] - INFO: Get generated distributed samples' id from guest"
"2019-08-24 09:42:53,584 - neighbors_sampling.py[line:300] - INFO: The number of guest distributed_instances:740"
"2019-08-24 09:42:57,629 - neighbors_sampling.py[line:355] - INFO: Get distributed nagative samples from host"
"2019-08-24 09:42:57,629 - neighbors_sampling.py[line:357] - INFO: id:host_25_0_0_negative_0"
"2019-08-24 09:42:57,630 - neighbors_sampling.py[line:357] - INFO: id:host_25_0_0_negative_1"
"2019-08-24 09:42:57,630 - neighbors_sampling.py[line:357] - INFO: id:host_25_0_0_negative_2"
"2019-08-24 09:42:57,630 - neighbors_sampling.py[line:357] - INFO: id:host_25_0_0_negative_3"
"2019-08-24 09:42:57,630 - neighbors_sampling.py[line:357] - INFO: id:host_25_0_0_negative_4"
"2019-08-24 09:42:57,630 - neighbors_sampling.py[line:357] - INFO: id:host_35_0_0_negative_0"
"2019-08-24 09:42:57,630 - neighbors_sampling.py[line:357] - INFO: id:host_35_0_0_negative_1"
"2019-08-24 09:42:57,630 - neighbors_sampling.py[line:357] - INFO: id:host_35_0_0_negative_2"
"2019-08-24 09:42:57,630 - neighbors_sampling.py[line:357] - INFO: id:host_35_0_0_negative_3"
"2019-08-24 09:42:57,630 - neighbors_sampling.py[line:357] - INFO: id:host_35_0_0_negative_4"
"2019-08-24 09:42:57,828 - neighbors_sampling.py[line:333] - INFO: Remote the distributed negative instances id to guest from host"
"2019-08-24 09:42:57,828 - neighbors_sampling.py[line:334] - INFO: Distributed negative instances count: 3700"
"2019-08-24 09:42:57,828 - log_utils.py[line:104] - INFO: id:host_25_0_0_negative_0, value: 357"
"2019-08-24 09:42:57,828 - log_utils.py[line:104] - INFO: id:host_25_0_0_negative_1, value: 357"
"2019-08-24 09:42:57,828 - log_utils.py[line:104] - INFO: id:host_25_0_0_negative_2, value: 357"
"2019-08-24 09:42:57,828 - log_utils.py[line:104] - INFO: id:host_25_0_0_negative_3, value: 357"
"2019-08-24 09:42:57,828 - log_utils.py[line:104] - INFO: id:host_25_0_0_negative_4, value: 357"
"2019-08-24 09:42:57,828 - log_utils.py[line:104] - INFO: id:host_35_0_0_negative_0, value: 92"
"2019-08-24 09:42:57,829 - log_utils.py[line:104] - INFO: id:host_35_0_0_negative_1, value: 92"
"2019-08-24 09:42:57,829 - log_utils.py[line:104] - INFO: id:host_35_0_0_negative_2, value: 92"
"2019-08-24 09:42:57,829 - log_utils.py[line:104] - INFO: id:host_35_0_0_negative_3, value: 92"
"2019-08-24 09:42:57,829 - log_utils.py[line:104] - INFO: id:host_35_0_0_negative_4, value: 92"
"2019-08-24 09:42:57,829 - log_utils.py[line:104] - INFO: id:host_40_0_0_negative_0, value: 849"
"2019-08-24 09:43:54,766 - log_utils.py[line:104] - INFO: id:host_25_0_0_negative_0, value: (422, -1)"
"2019-08-24 09:43:54,767 - log_utils.py[line:104] - INFO: id:host_25_0_0_negative_1, value: (139, -1)"
"2019-08-24 09:43:54,767 - log_utils.py[line:104] - INFO: id:host_25_0_0_negative_2, value: (1175, -1)"
"2019-08-24 09:43:54,767 - log_utils.py[line:104] - INFO: id:host_25_0_0_negative_3, value: (439, -1)"
"2019-08-24 09:43:54,767 - log_utils.py[line:104] - INFO: id:host_25_0_0_negative_4, value: (2758, -1)"
"2019-08-24 09:43:54,767 - log_utils.py[line:104] - INFO: id:host_35_0_0_negative_0, value: (502, -1)"
"2019-08-24 09:43:58,559 - neighbors_sampling.py[line:355] - INFO: Get distributed nagative samples from guest"
"2019-08-24 09:43:58,559 - neighbors_sampling.py[line:357] - INFO: id:guest_25_0_0_negative_0"
"2019-08-24 09:43:58,559 - neighbors_sampling.py[line:357] - INFO: id:guest_25_0_0_negative_1"
"2019-08-24 09:43:58,559 - neighbors_sampling.py[line:357] - INFO: id:guest_25_0_0_negative_2"
"2019-08-24 09:43:58,559 - neighbors_sampling.py[line:357] - INFO: id:guest_25_0_0_negative_3"
"2019-08-24 09:43:58,559 - neighbors_sampling.py[line:357] - INFO: id:guest_25_0_0_negative_4"
"2019-08-24 09:43:58,559 - neighbors_sampling.py[line:357] - INFO: id:guest_35_0_0_negative_0"
"2019-08-24 09:43:58,559 - neighbors_sampling.py[line:357] - INFO: id:guest_35_0_0_negative_1"
"2019-08-24 09:43:58,559 - neighbors_sampling.py[line:357] - INFO: id:guest_35_0_0_negative_2"
"2019-08-24 09:43:58,559 - neighbors_sampling.py[line:357] - INFO: id:guest_35_0_0_negative_3"
"2019-08-24 09:43:58,559 - neighbors_sampling.py[line:357] - INFO: id:guest_35_0_0_negative_4"
"2019-08-24 09:43:58,567 - neighbors_sampling.py[line:333] - INFO: Remote the distributed negative instances id to host from guest"
"2019-08-24 09:43:58,567 - neighbors_sampling.py[line:334] - INFO: Distributed negative instances count: 3700"
"2019-08-24 09:43:58,568 - log_utils.py[line:104] - INFO: id:guest_25_0_0_negative_0, value: 683"
"2019-08-24 09:43:58,568 - log_utils.py[line:104] - INFO: id:guest_25_0_0_negative_1, value: 683"
"2019-08-24 09:43:58,568 - log_utils.py[line:104] - INFO: id:guest_25_0_0_negative_2, value: 683"
"2019-08-24 09:43:58,568 - log_utils.py[line:104] - INFO: id:guest_25_0_0_negative_3, value: 683"
"2019-08-24 09:43:58,568 - log_utils.py[line:104] - INFO: id:guest_25_0_0_negative_4, value: 683"
"2019-08-24 09:43:58,568 - log_utils.py[line:104] - INFO: id:guest_35_0_0_negative_0, value: 500"
"2019-08-24 09:43:58,569 - log_utils.py[line:104] - INFO: id:guest_35_0_0_negative_1, value: 500"
"2019-08-24 09:43:58,569 - log_utils.py[line:104] - INFO: id:guest_35_0_0_negative_2, value: 500"
"2019-08-24 09:43:58,569 - log_utils.py[line:104] - INFO: id:guest_35_0_0_negative_3, value: 500"
"2019-08-24 09:43:58,569 - log_utils.py[line:104] - INFO: id:guest_35_0_0_negative_4, value: 500"
"2019-08-24 09:43:58,569 - log_utils.py[line:104] - INFO: id:guest_40_0_0_negative_0, value: 480"
"2019-08-24 09:45:05,883 - log_utils.py[line:104] - INFO: id:guest_25_0_0_negative_0, value: (2169, -1)"
"2019-08-24 09:45:05,883 - log_utils.py[line:104] - INFO: id:guest_25_0_0_negative_1, value: (2409, -1)"
"2019-08-24 09:45:05,884 - log_utils.py[line:104] - INFO: id:guest_25_0_0_negative_2, value: (354, -1)"
"2019-08-24 09:45:05,884 - log_utils.py[line:104] - INFO: id:guest_25_0_0_negative_3, value: (2787, -1)"
"2019-08-24 09:45:05,884 - log_utils.py[line:104] - INFO: id:guest_25_0_0_negative_4, value: (1509, -1)"
"2019-08-24 09:45:05,884 - log_utils.py[line:104] - INFO: id:guest_35_0_0_negative_0, value: (1674, -1)"
