"2019-08-24 15:16:59,655 - hetero_ne_guest.py[line:68] - INFO: samples number:4440"
"2019-08-24 15:16:59,655 - hetero_ne_guest.py[line:69] - INFO: Enter network embedding procedure:"
"2019-08-24 15:16:59,655 - hetero_ne_guest.py[line:71] - INFO: Bank A has 2358 nodes"
"2019-08-24 15:16:59,868 - hetero_ne_guest.py[line:74] - INFO: Transform input data to train instance"
"2019-08-24 15:16:59,869 - hetero_ne_guest.py[line:81] - INFO: Get public_key from arbiter:<PaillierPublicKey d9fb6d102b>"
"2019-08-24 15:16:59,869 - hetero_ne_guest.py[line:85] - INFO: Generate mini-batch from input data"
"2019-08-24 15:17:02,065 - hetero_ne_guest.py[line:89] - INFO: samples number:4440"
"2019-08-24 15:17:02,065 - hetero_ne_guest.py[line:97] - INFO: Generate mini-batch for local instances in guest"
"2019-08-24 15:17:22,245 - hetero_ne_guest.py[line:104] - INFO: batch_info:{'batch_size': 1024, 'batch_num': 5}"
"2019-08-24 15:17:22,281 - hetero_ne_guest.py[line:110] - INFO: Remote batch_info to Host"
"2019-08-24 15:17:22,314 - hetero_ne_guest.py[line:117] - INFO: Remote batch_info to Arbiter"
"2019-08-24 15:17:22,314 - hetero_ne_guest.py[line:124] - INFO: Start initialize model."
"2019-08-24 15:17:22,315 - hetero_ne_guest.py[line:126] - INFO: Embedding shape=(2358, 5)"
"2019-08-24 15:17:22,315 - hetero_ne_guest.py[line:133] - INFO: iter:0"
"2019-08-24 15:17:22,315 - hetero_ne_guest.py[line:139] - INFO: Enter the horizontally federated learning procedure:"
"2019-08-24 15:20:08,630 - hetero_ne_guest.py[line:167] - INFO: Remote the embedding of common node to arbiter!"
"2019-08-24 15:20:08,933 - hetero_ne_guest.py[line:176] - INFO: Get the aggregated embedding of common node from arbiter!"
"2019-08-24 15:20:08,999 - hetero_ne_guest.py[line:181] - INFO: Iter 0, horizontally feaderated learning loss: 1.318511893989767"
"2019-08-24 15:20:08,999 - hetero_ne_guest.py[line:188] - INFO: Enter the vertically federated learning:"
"2019-08-24 15:20:08,999 - hetero_ne_guest.py[line:193] - INFO: batch:0"
"2019-08-24 15:20:08,999 - hetero_ne_guest.py[line:197] - INFO: remote mini-batch index to Host"
"2019-08-24 15:20:28,152 - hetero_ne_guest.py[line:229] - INFO: Get host_forward from host"
"2019-08-24 15:20:29,126 - hetero_ne_guest.py[line:249] - INFO: Remote host_gradient to arbiter"
"2019-08-24 15:20:29,926 - hetero_ne_guest.py[line:265] - INFO: Remote guest_gradient to arbiter"
"2019-08-24 15:20:30,530 - hetero_ne_guest.py[line:274] - INFO: Get optim_guest_gradient from arbiter"
"2019-08-24 15:20:30,530 - hetero_ne_guest.py[line:277] - INFO: Update node embedding"
"2019-08-24 15:20:30,868 - hetero_ne_guest.py[line:296] - INFO: Remote loss to arbiter"
"2019-08-24 15:20:31,356 - hetero_ne_guest.py[line:193] - INFO: batch:1"
"2019-08-24 15:20:31,356 - hetero_ne_guest.py[line:197] - INFO: remote mini-batch index to Host"
"2019-08-24 15:20:48,703 - hetero_ne_guest.py[line:229] - INFO: Get host_forward from host"
"2019-08-24 15:20:49,731 - hetero_ne_guest.py[line:249] - INFO: Remote host_gradient to arbiter"
"2019-08-24 15:20:50,435 - hetero_ne_guest.py[line:265] - INFO: Remote guest_gradient to arbiter"
"2019-08-24 15:20:50,944 - hetero_ne_guest.py[line:274] - INFO: Get optim_guest_gradient from arbiter"
"2019-08-24 15:20:50,944 - hetero_ne_guest.py[line:277] - INFO: Update node embedding"
"2019-08-24 15:20:51,258 - hetero_ne_guest.py[line:296] - INFO: Remote loss to arbiter"
"2019-08-24 15:20:51,558 - hetero_ne_guest.py[line:193] - INFO: batch:2"
"2019-08-24 15:20:51,558 - hetero_ne_guest.py[line:197] - INFO: remote mini-batch index to Host"
"2019-08-24 15:21:09,272 - hetero_ne_guest.py[line:229] - INFO: Get host_forward from host"
"2019-08-24 15:21:10,401 - hetero_ne_guest.py[line:249] - INFO: Remote host_gradient to arbiter"
"2019-08-24 15:21:11,183 - hetero_ne_guest.py[line:265] - INFO: Remote guest_gradient to arbiter"
"2019-08-24 15:21:11,587 - hetero_ne_guest.py[line:274] - INFO: Get optim_guest_gradient from arbiter"
"2019-08-24 15:21:11,587 - hetero_ne_guest.py[line:277] - INFO: Update node embedding"
"2019-08-24 15:21:11,923 - hetero_ne_guest.py[line:296] - INFO: Remote loss to arbiter"
"2019-08-24 15:21:12,461 - hetero_ne_guest.py[line:193] - INFO: batch:3"
"2019-08-24 15:21:12,461 - hetero_ne_guest.py[line:197] - INFO: remote mini-batch index to Host"
"2019-08-24 15:21:30,143 - hetero_ne_guest.py[line:229] - INFO: Get host_forward from host"
"2019-08-24 15:21:30,989 - hetero_ne_guest.py[line:249] - INFO: Remote host_gradient to arbiter"
"2019-08-24 15:21:31,745 - hetero_ne_guest.py[line:265] - INFO: Remote guest_gradient to arbiter"
"2019-08-24 15:21:32,349 - hetero_ne_guest.py[line:274] - INFO: Get optim_guest_gradient from arbiter"
"2019-08-24 15:21:32,349 - hetero_ne_guest.py[line:277] - INFO: Update node embedding"
"2019-08-24 15:21:32,678 - hetero_ne_guest.py[line:296] - INFO: Remote loss to arbiter"
"2019-08-24 15:21:33,135 - hetero_ne_guest.py[line:193] - INFO: batch:4"
"2019-08-24 15:21:33,135 - hetero_ne_guest.py[line:197] - INFO: remote mini-batch index to Host"
"2019-08-24 15:21:39,797 - hetero_ne_guest.py[line:229] - INFO: Get host_forward from host"
"2019-08-24 15:21:40,356 - hetero_ne_guest.py[line:249] - INFO: Remote host_gradient to arbiter"
"2019-08-24 15:21:41,493 - hetero_ne_guest.py[line:265] - INFO: Remote guest_gradient to arbiter"
"2019-08-24 15:21:41,795 - hetero_ne_guest.py[line:274] - INFO: Get optim_guest_gradient from arbiter"
"2019-08-24 15:21:41,796 - hetero_ne_guest.py[line:277] - INFO: Update node embedding"
"2019-08-24 15:21:42,197 - hetero_ne_guest.py[line:296] - INFO: Remote loss to arbiter"
"2019-08-24 15:21:43,836 - hetero_ne_guest.py[line:340] - INFO: Get is_stop flag from arbiter:False"
"2019-08-24 15:21:43,837 - hetero_ne_guest.py[line:133] - INFO: iter:1"
"2019-08-24 15:21:43,837 - hetero_ne_guest.py[line:139] - INFO: Enter the horizontally federated learning procedure:"
"2019-08-24 15:24:03,084 - hetero_ne_guest.py[line:167] - INFO: Remote the embedding of common node to arbiter!"
"2019-08-24 15:24:03,587 - hetero_ne_guest.py[line:176] - INFO: Get the aggregated embedding of common node from arbiter!"
"2019-08-24 15:24:03,655 - hetero_ne_guest.py[line:181] - INFO: Iter 1, horizontally feaderated learning loss: 1.299108892644457"
"2019-08-24 15:24:03,655 - hetero_ne_guest.py[line:188] - INFO: Enter the vertically federated learning:"
"2019-08-24 15:24:03,655 - hetero_ne_guest.py[line:193] - INFO: batch:0"
"2019-08-24 15:24:21,048 - hetero_ne_guest.py[line:229] - INFO: Get host_forward from host"
"2019-08-24 15:24:21,920 - hetero_ne_guest.py[line:249] - INFO: Remote host_gradient to arbiter"
"2019-08-24 15:24:22,649 - hetero_ne_guest.py[line:265] - INFO: Remote guest_gradient to arbiter"
"2019-08-24 15:24:23,153 - hetero_ne_guest.py[line:274] - INFO: Get optim_guest_gradient from arbiter"
"2019-08-24 15:24:23,153 - hetero_ne_guest.py[line:277] - INFO: Update node embedding"
"2019-08-24 15:24:23,516 - hetero_ne_guest.py[line:296] - INFO: Remote loss to arbiter"
"2019-08-24 15:24:25,112 - hetero_ne_guest.py[line:193] - INFO: batch:1"
"2019-08-24 15:24:42,136 - hetero_ne_guest.py[line:229] - INFO: Get host_forward from host"
"2019-08-24 15:24:42,992 - hetero_ne_guest.py[line:249] - INFO: Remote host_gradient to arbiter"
"2019-08-24 15:24:43,949 - hetero_ne_guest.py[line:265] - INFO: Remote guest_gradient to arbiter"
"2019-08-24 15:24:44,352 - hetero_ne_guest.py[line:274] - INFO: Get optim_guest_gradient from arbiter"
"2019-08-24 15:24:44,352 - hetero_ne_guest.py[line:277] - INFO: Update node embedding"
"2019-08-24 15:24:44,707 - hetero_ne_guest.py[line:296] - INFO: Remote loss to arbiter"
"2019-08-24 15:24:45,290 - hetero_ne_guest.py[line:193] - INFO: batch:2"
"2019-08-24 15:25:02,605 - hetero_ne_guest.py[line:229] - INFO: Get host_forward from host"
"2019-08-24 15:25:03,438 - hetero_ne_guest.py[line:249] - INFO: Remote host_gradient to arbiter"
"2019-08-24 15:25:04,324 - hetero_ne_guest.py[line:265] - INFO: Remote guest_gradient to arbiter"
"2019-08-24 15:25:04,928 - hetero_ne_guest.py[line:274] - INFO: Get optim_guest_gradient from arbiter"
"2019-08-24 15:25:04,928 - hetero_ne_guest.py[line:277] - INFO: Update node embedding"
"2019-08-24 15:25:05,231 - hetero_ne_guest.py[line:296] - INFO: Remote loss to arbiter"
"2019-08-24 15:25:05,748 - hetero_ne_guest.py[line:193] - INFO: batch:3"
"2019-08-24 15:25:23,043 - hetero_ne_guest.py[line:229] - INFO: Get host_forward from host"
"2019-08-24 15:25:23,968 - hetero_ne_guest.py[line:249] - INFO: Remote host_gradient to arbiter"
"2019-08-24 15:25:24,791 - hetero_ne_guest.py[line:265] - INFO: Remote guest_gradient to arbiter"
"2019-08-24 15:25:25,194 - hetero_ne_guest.py[line:274] - INFO: Get optim_guest_gradient from arbiter"
"2019-08-24 15:25:25,194 - hetero_ne_guest.py[line:277] - INFO: Update node embedding"
"2019-08-24 15:25:25,710 - hetero_ne_guest.py[line:296] - INFO: Remote loss to arbiter"
"2019-08-24 15:25:26,398 - hetero_ne_guest.py[line:193] - INFO: batch:4"
"2019-08-24 15:25:33,191 - hetero_ne_guest.py[line:229] - INFO: Get host_forward from host"
"2019-08-24 15:25:33,823 - hetero_ne_guest.py[line:249] - INFO: Remote host_gradient to arbiter"
"2019-08-24 15:25:34,577 - hetero_ne_guest.py[line:265] - INFO: Remote guest_gradient to arbiter"
"2019-08-24 15:25:34,880 - hetero_ne_guest.py[line:274] - INFO: Get optim_guest_gradient from arbiter"
"2019-08-24 15:25:34,880 - hetero_ne_guest.py[line:277] - INFO: Update node embedding"
"2019-08-24 15:25:35,158 - hetero_ne_guest.py[line:296] - INFO: Remote loss to arbiter"
"2019-08-24 15:25:36,541 - hetero_ne_guest.py[line:340] - INFO: Get is_stop flag from arbiter:False"
"2019-08-24 15:25:36,541 - hetero_ne_guest.py[line:133] - INFO: iter:2"
"2019-08-24 15:25:36,541 - hetero_ne_guest.py[line:139] - INFO: Enter the horizontally federated learning procedure:"
"2019-08-24 15:28:05,672 - hetero_ne_guest.py[line:167] - INFO: Remote the embedding of common node to arbiter!"
"2019-08-24 15:28:05,974 - hetero_ne_guest.py[line:176] - INFO: Get the aggregated embedding of common node from arbiter!"
"2019-08-24 15:28:06,042 - hetero_ne_guest.py[line:181] - INFO: Iter 2, horizontally feaderated learning loss: 1.2898334247466763"
"2019-08-24 15:28:06,042 - hetero_ne_guest.py[line:188] - INFO: Enter the vertically federated learning:"
"2019-08-24 15:28:06,042 - hetero_ne_guest.py[line:193] - INFO: batch:0"
"2019-08-24 15:28:25,125 - hetero_ne_guest.py[line:229] - INFO: Get host_forward from host"
"2019-08-24 15:28:26,007 - hetero_ne_guest.py[line:249] - INFO: Remote host_gradient to arbiter"
"2019-08-24 15:28:26,729 - hetero_ne_guest.py[line:265] - INFO: Remote guest_gradient to arbiter"
"2019-08-24 15:28:27,332 - hetero_ne_guest.py[line:274] - INFO: Get optim_guest_gradient from arbiter"
"2019-08-24 15:28:27,332 - hetero_ne_guest.py[line:277] - INFO: Update node embedding"
"2019-08-24 15:28:27,761 - hetero_ne_guest.py[line:296] - INFO: Remote loss to arbiter"
"2019-08-24 15:28:28,275 - hetero_ne_guest.py[line:193] - INFO: batch:1"
"2019-08-24 15:28:45,590 - hetero_ne_guest.py[line:229] - INFO: Get host_forward from host"
"2019-08-24 15:28:46,470 - hetero_ne_guest.py[line:249] - INFO: Remote host_gradient to arbiter"
"2019-08-24 15:28:47,307 - hetero_ne_guest.py[line:265] - INFO: Remote guest_gradient to arbiter"
"2019-08-24 15:28:47,911 - hetero_ne_guest.py[line:274] - INFO: Get optim_guest_gradient from arbiter"
"2019-08-24 15:28:47,911 - hetero_ne_guest.py[line:277] - INFO: Update node embedding"
"2019-08-24 15:28:48,378 - hetero_ne_guest.py[line:296] - INFO: Remote loss to arbiter"
"2019-08-24 15:28:48,944 - hetero_ne_guest.py[line:193] - INFO: batch:2"
"2019-08-24 15:29:06,537 - hetero_ne_guest.py[line:229] - INFO: Get host_forward from host"
"2019-08-24 15:29:07,380 - hetero_ne_guest.py[line:249] - INFO: Remote host_gradient to arbiter"
"2019-08-24 15:29:08,346 - hetero_ne_guest.py[line:265] - INFO: Remote guest_gradient to arbiter"
"2019-08-24 15:29:08,749 - hetero_ne_guest.py[line:274] - INFO: Get optim_guest_gradient from arbiter"
"2019-08-24 15:29:08,749 - hetero_ne_guest.py[line:277] - INFO: Update node embedding"
"2019-08-24 15:29:09,175 - hetero_ne_guest.py[line:296] - INFO: Remote loss to arbiter"
"2019-08-24 15:29:09,723 - hetero_ne_guest.py[line:193] - INFO: batch:3"
"2019-08-24 15:29:26,906 - hetero_ne_guest.py[line:229] - INFO: Get host_forward from host"
"2019-08-24 15:29:27,824 - hetero_ne_guest.py[line:249] - INFO: Remote host_gradient to arbiter"
"2019-08-24 15:29:28,605 - hetero_ne_guest.py[line:265] - INFO: Remote guest_gradient to arbiter"
"2019-08-24 15:29:29,208 - hetero_ne_guest.py[line:274] - INFO: Get optim_guest_gradient from arbiter"
"2019-08-24 15:29:29,208 - hetero_ne_guest.py[line:277] - INFO: Update node embedding"
"2019-08-24 15:29:29,628 - hetero_ne_guest.py[line:296] - INFO: Remote loss to arbiter"
"2019-08-24 15:29:29,917 - hetero_ne_guest.py[line:193] - INFO: batch:4"
"2019-08-24 15:29:36,471 - hetero_ne_guest.py[line:229] - INFO: Get host_forward from host"
"2019-08-24 15:29:37,015 - hetero_ne_guest.py[line:249] - INFO: Remote host_gradient to arbiter"
"2019-08-24 15:29:37,813 - hetero_ne_guest.py[line:265] - INFO: Remote guest_gradient to arbiter"
"2019-08-24 15:29:38,116 - hetero_ne_guest.py[line:274] - INFO: Get optim_guest_gradient from arbiter"
"2019-08-24 15:29:38,116 - hetero_ne_guest.py[line:277] - INFO: Update node embedding"
"2019-08-24 15:29:38,370 - hetero_ne_guest.py[line:296] - INFO: Remote loss to arbiter"
"2019-08-24 15:29:39,531 - hetero_ne_guest.py[line:340] - INFO: Get is_stop flag from arbiter:False"
"2019-08-24 15:29:39,531 - hetero_ne_guest.py[line:133] - INFO: iter:3"
"2019-08-24 15:29:39,531 - hetero_ne_guest.py[line:139] - INFO: Enter the horizontally federated learning procedure:"
"2019-08-24 15:32:08,778 - hetero_ne_guest.py[line:167] - INFO: Remote the embedding of common node to arbiter!"
"2019-08-24 15:32:09,887 - hetero_ne_guest.py[line:176] - INFO: Get the aggregated embedding of common node from arbiter!"
"2019-08-24 15:32:09,963 - hetero_ne_guest.py[line:181] - INFO: Iter 3, horizontally feaderated learning loss: 1.2822388176383785"
"2019-08-24 15:32:09,963 - hetero_ne_guest.py[line:188] - INFO: Enter the vertically federated learning:"
"2019-08-24 15:32:09,963 - hetero_ne_guest.py[line:193] - INFO: batch:0"
"2019-08-24 15:32:27,555 - hetero_ne_guest.py[line:229] - INFO: Get host_forward from host"
"2019-08-24 15:32:28,645 - hetero_ne_guest.py[line:249] - INFO: Remote host_gradient to arbiter"
"2019-08-24 15:32:29,535 - hetero_ne_guest.py[line:265] - INFO: Remote guest_gradient to arbiter"
"2019-08-24 15:32:29,837 - hetero_ne_guest.py[line:274] - INFO: Get optim_guest_gradient from arbiter"
"2019-08-24 15:32:29,837 - hetero_ne_guest.py[line:277] - INFO: Update node embedding"
"2019-08-24 15:32:30,316 - hetero_ne_guest.py[line:296] - INFO: Remote loss to arbiter"
"2019-08-24 15:32:30,939 - hetero_ne_guest.py[line:193] - INFO: batch:1"
"2019-08-24 15:32:48,567 - hetero_ne_guest.py[line:229] - INFO: Get host_forward from host"
"2019-08-24 15:32:49,808 - hetero_ne_guest.py[line:249] - INFO: Remote host_gradient to arbiter"
"2019-08-24 15:32:50,573 - hetero_ne_guest.py[line:265] - INFO: Remote guest_gradient to arbiter"
"2019-08-24 15:32:51,176 - hetero_ne_guest.py[line:274] - INFO: Get optim_guest_gradient from arbiter"
"2019-08-24 15:32:51,176 - hetero_ne_guest.py[line:277] - INFO: Update node embedding"
"2019-08-24 15:32:51,641 - hetero_ne_guest.py[line:296] - INFO: Remote loss to arbiter"
"2019-08-24 15:32:52,028 - hetero_ne_guest.py[line:193] - INFO: batch:2"
"2019-08-24 15:33:09,768 - hetero_ne_guest.py[line:229] - INFO: Get host_forward from host"
"2019-08-24 15:33:10,753 - hetero_ne_guest.py[line:249] - INFO: Remote host_gradient to arbiter"
"2019-08-24 15:33:11,639 - hetero_ne_guest.py[line:265] - INFO: Remote guest_gradient to arbiter"
"2019-08-24 15:33:12,243 - hetero_ne_guest.py[line:274] - INFO: Get optim_guest_gradient from arbiter"
"2019-08-24 15:33:12,243 - hetero_ne_guest.py[line:277] - INFO: Update node embedding"
"2019-08-24 15:33:12,595 - hetero_ne_guest.py[line:296] - INFO: Remote loss to arbiter"
"2019-08-24 15:33:13,027 - hetero_ne_guest.py[line:193] - INFO: batch:3"
"2019-08-24 15:33:30,563 - hetero_ne_guest.py[line:229] - INFO: Get host_forward from host"
"2019-08-24 15:33:31,440 - hetero_ne_guest.py[line:249] - INFO: Remote host_gradient to arbiter"
"2019-08-24 15:33:32,440 - hetero_ne_guest.py[line:265] - INFO: Remote guest_gradient to arbiter"
"2019-08-24 15:33:32,943 - hetero_ne_guest.py[line:274] - INFO: Get optim_guest_gradient from arbiter"
"2019-08-24 15:33:32,943 - hetero_ne_guest.py[line:277] - INFO: Update node embedding"
"2019-08-24 15:33:33,250 - hetero_ne_guest.py[line:296] - INFO: Remote loss to arbiter"
"2019-08-24 15:33:33,820 - hetero_ne_guest.py[line:193] - INFO: batch:4"
"2019-08-24 15:33:40,922 - hetero_ne_guest.py[line:229] - INFO: Get host_forward from host"
"2019-08-24 15:33:41,708 - hetero_ne_guest.py[line:249] - INFO: Remote host_gradient to arbiter"
"2019-08-24 15:33:42,305 - hetero_ne_guest.py[line:265] - INFO: Remote guest_gradient to arbiter"
"2019-08-24 15:33:42,808 - hetero_ne_guest.py[line:274] - INFO: Get optim_guest_gradient from arbiter"
"2019-08-24 15:33:42,808 - hetero_ne_guest.py[line:277] - INFO: Update node embedding"
"2019-08-24 15:33:43,051 - hetero_ne_guest.py[line:296] - INFO: Remote loss to arbiter"
"2019-08-24 15:33:44,116 - hetero_ne_guest.py[line:340] - INFO: Get is_stop flag from arbiter:False"
"2019-08-24 15:33:44,116 - hetero_ne_guest.py[line:133] - INFO: iter:4"
"2019-08-24 15:33:44,116 - hetero_ne_guest.py[line:139] - INFO: Enter the horizontally federated learning procedure:"
"2019-08-24 15:36:14,090 - hetero_ne_guest.py[line:167] - INFO: Remote the embedding of common node to arbiter!"
"2019-08-24 15:36:15,999 - hetero_ne_guest.py[line:176] - INFO: Get the aggregated embedding of common node from arbiter!"
"2019-08-24 15:36:16,070 - hetero_ne_guest.py[line:181] - INFO: Iter 4, horizontally feaderated learning loss: 1.275871390465973"
"2019-08-24 15:36:16,070 - hetero_ne_guest.py[line:188] - INFO: Enter the vertically federated learning:"
"2019-08-24 15:36:16,070 - hetero_ne_guest.py[line:193] - INFO: batch:0"
"2019-08-24 15:36:33,842 - hetero_ne_guest.py[line:229] - INFO: Get host_forward from host"
"2019-08-24 15:36:34,666 - hetero_ne_guest.py[line:249] - INFO: Remote host_gradient to arbiter"
"2019-08-24 15:36:35,508 - hetero_ne_guest.py[line:265] - INFO: Remote guest_gradient to arbiter"
"2019-08-24 15:36:35,911 - hetero_ne_guest.py[line:274] - INFO: Get optim_guest_gradient from arbiter"
"2019-08-24 15:36:35,911 - hetero_ne_guest.py[line:277] - INFO: Update node embedding"
"2019-08-24 15:36:36,289 - hetero_ne_guest.py[line:296] - INFO: Remote loss to arbiter"
"2019-08-24 15:36:36,928 - hetero_ne_guest.py[line:193] - INFO: batch:1"
"2019-08-24 15:36:53,924 - hetero_ne_guest.py[line:229] - INFO: Get host_forward from host"
"2019-08-24 15:36:54,832 - hetero_ne_guest.py[line:249] - INFO: Remote host_gradient to arbiter"
"2019-08-24 15:36:55,599 - hetero_ne_guest.py[line:265] - INFO: Remote guest_gradient to arbiter"
"2019-08-24 15:36:56,102 - hetero_ne_guest.py[line:274] - INFO: Get optim_guest_gradient from arbiter"
"2019-08-24 15:36:56,102 - hetero_ne_guest.py[line:277] - INFO: Update node embedding"
"2019-08-24 15:36:56,456 - hetero_ne_guest.py[line:296] - INFO: Remote loss to arbiter"
"2019-08-24 15:36:57,021 - hetero_ne_guest.py[line:193] - INFO: batch:2"
"2019-08-24 15:37:14,758 - hetero_ne_guest.py[line:229] - INFO: Get host_forward from host"
"2019-08-24 15:37:15,623 - hetero_ne_guest.py[line:249] - INFO: Remote host_gradient to arbiter"
"2019-08-24 15:37:16,798 - hetero_ne_guest.py[line:265] - INFO: Remote guest_gradient to arbiter"
"2019-08-24 15:37:17,202 - hetero_ne_guest.py[line:274] - INFO: Get optim_guest_gradient from arbiter"
"2019-08-24 15:37:17,202 - hetero_ne_guest.py[line:277] - INFO: Update node embedding"
"2019-08-24 15:37:17,497 - hetero_ne_guest.py[line:296] - INFO: Remote loss to arbiter"
"2019-08-24 15:37:18,213 - hetero_ne_guest.py[line:193] - INFO: batch:3"
"2019-08-24 15:37:35,285 - hetero_ne_guest.py[line:229] - INFO: Get host_forward from host"
"2019-08-24 15:37:36,245 - hetero_ne_guest.py[line:249] - INFO: Remote host_gradient to arbiter"
"2019-08-24 15:37:37,042 - hetero_ne_guest.py[line:265] - INFO: Remote guest_gradient to arbiter"
"2019-08-24 15:37:37,545 - hetero_ne_guest.py[line:274] - INFO: Get optim_guest_gradient from arbiter"
"2019-08-24 15:37:37,545 - hetero_ne_guest.py[line:277] - INFO: Update node embedding"
"2019-08-24 15:37:38,167 - hetero_ne_guest.py[line:296] - INFO: Remote loss to arbiter"
"2019-08-24 15:37:38,744 - hetero_ne_guest.py[line:193] - INFO: batch:4"
"2019-08-24 15:37:46,127 - hetero_ne_guest.py[line:229] - INFO: Get host_forward from host"
"2019-08-24 15:37:46,742 - hetero_ne_guest.py[line:249] - INFO: Remote host_gradient to arbiter"
"2019-08-24 15:37:47,561 - hetero_ne_guest.py[line:265] - INFO: Remote guest_gradient to arbiter"
"2019-08-24 15:37:47,864 - hetero_ne_guest.py[line:274] - INFO: Get optim_guest_gradient from arbiter"
"2019-08-24 15:37:47,864 - hetero_ne_guest.py[line:277] - INFO: Update node embedding"
"2019-08-24 15:37:48,296 - hetero_ne_guest.py[line:296] - INFO: Remote loss to arbiter"
"2019-08-24 15:37:49,640 - hetero_ne_guest.py[line:340] - INFO: Get is_stop flag from arbiter:False"
"2019-08-24 15:39:26,146 - hetero_ne_guest.py[line:352] - INFO: Reach max iter 5, train model finish!"
