"2019-08-24 15:16:59,856 - hetero_ne_host.py[line:47] - INFO: Enter hetero_ne host"
"2019-08-24 15:16:59,857 - hetero_ne_host.py[line:49] - INFO: Host party has 2319 nodes"
"2019-08-24 15:17:00,320 - hetero_ne_host.py[line:52] - INFO: Transform input data to train instance"
"2019-08-24 15:17:00,321 - hetero_ne_host.py[line:59] - INFO: Get Publick key from arbiter:<PaillierPublicKey d9fb6d102b>"
"2019-08-24 15:17:00,321 - hetero_ne_host.py[line:64] - INFO: Generate mini-batch for local instances in guest"
"2019-08-24 15:17:22,286 - hetero_ne_host.py[line:72] - INFO: Get batch_info from guest: {'batch_size': 1024, 'batch_num': 5}"
"2019-08-24 15:17:22,287 - hetero_ne_host.py[line:86] - INFO: Start initilize model."
"2019-08-24 15:17:22,287 - hetero_ne_host.py[line:93] - INFO: iter: 0"
"2019-08-24 15:17:22,287 - hetero_ne_host.py[line:99] - INFO: Horizontally learning"
"2019-08-24 15:17:22,291 - hetero_ne_host.py[line:102] - INFO: Local batch data count:1024"
"2019-08-24 15:17:27,781 - hetero_ne_host.py[line:115] - INFO: gradient count:1024"
"2019-08-24 15:17:27,786 - hetero_ne_host.py[line:102] - INFO: Local batch data count:1024"
"2019-08-24 15:17:37,482 - hetero_ne_host.py[line:115] - INFO: gradient count:1024"
"2019-08-24 15:17:37,487 - hetero_ne_host.py[line:102] - INFO: Local batch data count:1024"
"2019-08-24 15:17:44,412 - hetero_ne_host.py[line:115] - INFO: gradient count:1024"
"2019-08-24 15:17:44,416 - hetero_ne_host.py[line:102] - INFO: Local batch data count:1024"
"2019-08-24 15:17:50,801 - hetero_ne_host.py[line:115] - INFO: gradient count:1024"
"2019-08-24 15:17:50,805 - hetero_ne_host.py[line:102] - INFO: Local batch data count:1024"
"2019-08-24 15:17:57,859 - hetero_ne_host.py[line:115] - INFO: gradient count:1024"
"2019-08-24 15:17:57,864 - hetero_ne_host.py[line:102] - INFO: Local batch data count:1024"
"2019-08-24 15:18:04,088 - hetero_ne_host.py[line:115] - INFO: gradient count:1024"
"2019-08-24 15:18:04,093 - hetero_ne_host.py[line:102] - INFO: Local batch data count:1024"
"2019-08-24 15:18:14,584 - hetero_ne_host.py[line:115] - INFO: gradient count:1024"
"2019-08-24 15:18:14,588 - hetero_ne_host.py[line:102] - INFO: Local batch data count:1024"
"2019-08-24 15:18:21,295 - hetero_ne_host.py[line:115] - INFO: gradient count:1024"
"2019-08-24 15:18:21,299 - hetero_ne_host.py[line:102] - INFO: Local batch data count:1024"
"2019-08-24 15:18:28,569 - hetero_ne_host.py[line:115] - INFO: gradient count:1024"
"2019-08-24 15:18:28,573 - hetero_ne_host.py[line:102] - INFO: Local batch data count:1024"
"2019-08-24 15:18:35,267 - hetero_ne_host.py[line:115] - INFO: gradient count:1024"
"2019-08-24 15:18:35,271 - hetero_ne_host.py[line:102] - INFO: Local batch data count:1024"
"2019-08-24 15:18:41,517 - hetero_ne_host.py[line:115] - INFO: gradient count:1024"
"2019-08-24 15:18:41,522 - hetero_ne_host.py[line:102] - INFO: Local batch data count:1024"
"2019-08-24 15:18:50,844 - hetero_ne_host.py[line:115] - INFO: gradient count:1024"
"2019-08-24 15:18:50,849 - hetero_ne_host.py[line:102] - INFO: Local batch data count:1024"
"2019-08-24 15:18:57,329 - hetero_ne_host.py[line:115] - INFO: gradient count:1024"
"2019-08-24 15:18:57,333 - hetero_ne_host.py[line:102] - INFO: Local batch data count:1024"
"2019-08-24 15:19:03,544 - hetero_ne_host.py[line:115] - INFO: gradient count:1024"
"2019-08-24 15:19:03,548 - hetero_ne_host.py[line:102] - INFO: Local batch data count:1024"
"2019-08-24 15:19:10,454 - hetero_ne_host.py[line:115] - INFO: gradient count:1024"
"2019-08-24 15:19:10,460 - hetero_ne_host.py[line:102] - INFO: Local batch data count:1024"
"2019-08-24 15:19:17,748 - hetero_ne_host.py[line:115] - INFO: gradient count:1024"
"2019-08-24 15:19:17,752 - hetero_ne_host.py[line:102] - INFO: Local batch data count:1024"
"2019-08-24 15:19:25,891 - hetero_ne_host.py[line:115] - INFO: gradient count:1024"
"2019-08-24 15:19:25,895 - hetero_ne_host.py[line:102] - INFO: Local batch data count:1024"
"2019-08-24 15:19:32,655 - hetero_ne_host.py[line:115] - INFO: gradient count:1024"
"2019-08-24 15:19:32,659 - hetero_ne_host.py[line:102] - INFO: Local batch data count:1024"
"2019-08-24 15:19:40,191 - hetero_ne_host.py[line:115] - INFO: gradient count:1024"
"2019-08-24 15:19:40,197 - hetero_ne_host.py[line:102] - INFO: Local batch data count:1024"
"2019-08-24 15:19:46,617 - hetero_ne_host.py[line:115] - INFO: gradient count:1024"
"2019-08-24 15:19:46,622 - hetero_ne_host.py[line:102] - INFO: Local batch data count:1024"
"2019-08-24 15:19:52,979 - hetero_ne_host.py[line:115] - INFO: gradient count:1024"
"2019-08-24 15:19:52,983 - hetero_ne_host.py[line:102] - INFO: Local batch data count:1024"
"2019-08-24 15:20:01,018 - hetero_ne_host.py[line:115] - INFO: gradient count:1024"
"2019-08-24 15:20:01,023 - hetero_ne_host.py[line:102] - INFO: Local batch data count:392"
"2019-08-24 15:20:06,867 - hetero_ne_host.py[line:115] - INFO: gradient count:392"
"2019-08-24 15:20:08,968 - hetero_ne_host.py[line:139] - INFO: Iter 0, Local loss: 1.3191343209436757"
"2019-08-24 15:20:08,969 - hetero_ne_host.py[line:146] - INFO: batch:0"
"2019-08-24 15:20:09,171 - hetero_ne_host.py[line:159] - INFO: Get batch_index from Guest"
"2019-08-24 15:20:09,317 - hetero_ne_host.py[line:172] - INFO: batch_data_inst size:1024"
"2019-08-24 15:20:27,788 - hetero_ne_host.py[line:187] - INFO: Remote host_forward to guest"
"2019-08-24 15:20:30,500 - hetero_ne_host.py[line:197] - INFO: Get optim_host_gradient from arbiter"
"2019-08-24 15:20:30,668 - hetero_ne_host.py[line:200] - INFO: update_model"
"2019-08-24 15:20:30,836 - hetero_ne_host.py[line:146] - INFO: batch:1"
"2019-08-24 15:20:31,440 - hetero_ne_host.py[line:159] - INFO: Get batch_index from Guest"
"2019-08-24 15:20:31,901 - hetero_ne_host.py[line:172] - INFO: batch_data_inst size:1024"
"2019-08-24 15:20:48,651 - hetero_ne_host.py[line:187] - INFO: Remote host_forward to guest"
"2019-08-24 15:20:50,760 - hetero_ne_host.py[line:197] - INFO: Get optim_host_gradient from arbiter"
"2019-08-24 15:20:50,971 - hetero_ne_host.py[line:200] - INFO: update_model"
"2019-08-24 15:20:51,111 - hetero_ne_host.py[line:146] - INFO: batch:2"
"2019-08-24 15:20:51,915 - hetero_ne_host.py[line:159] - INFO: Get batch_index from Guest"
"2019-08-24 15:20:52,025 - hetero_ne_host.py[line:172] - INFO: batch_data_inst size:1024"
"2019-08-24 15:21:09,261 - hetero_ne_host.py[line:187] - INFO: Remote host_forward to guest"
"2019-08-24 15:21:11,571 - hetero_ne_host.py[line:197] - INFO: Get optim_host_gradient from arbiter"
"2019-08-24 15:21:11,746 - hetero_ne_host.py[line:200] - INFO: update_model"
"2019-08-24 15:21:11,911 - hetero_ne_host.py[line:146] - INFO: batch:3"
"2019-08-24 15:21:12,515 - hetero_ne_host.py[line:159] - INFO: Get batch_index from Guest"
"2019-08-24 15:21:12,625 - hetero_ne_host.py[line:172] - INFO: batch_data_inst size:1024"
"2019-08-24 15:21:29,688 - hetero_ne_host.py[line:187] - INFO: Remote host_forward to guest"
"2019-08-24 15:21:32,300 - hetero_ne_host.py[line:197] - INFO: Get optim_host_gradient from arbiter"
"2019-08-24 15:21:32,466 - hetero_ne_host.py[line:200] - INFO: update_model"
"2019-08-24 15:21:32,644 - hetero_ne_host.py[line:146] - INFO: batch:4"
"2019-08-24 15:21:33,147 - hetero_ne_host.py[line:159] - INFO: Get batch_index from Guest"
"2019-08-24 15:21:33,255 - hetero_ne_host.py[line:172] - INFO: batch_data_inst size:344"
"2019-08-24 15:21:39,707 - hetero_ne_host.py[line:187] - INFO: Remote host_forward to guest"
"2019-08-24 15:21:41,715 - hetero_ne_host.py[line:197] - INFO: Get optim_host_gradient from arbiter"
"2019-08-24 15:21:41,833 - hetero_ne_host.py[line:200] - INFO: update_model"
"2019-08-24 15:21:43,821 - hetero_ne_host.py[line:244] - INFO: Get is_stop flag from arbiter:False"
"2019-08-24 15:21:43,821 - hetero_ne_host.py[line:93] - INFO: iter: 1"
"2019-08-24 15:21:43,822 - hetero_ne_host.py[line:99] - INFO: Horizontally learning"
"2019-08-24 15:21:43,826 - hetero_ne_host.py[line:102] - INFO: Local batch data count:1024"
"2019-08-24 15:21:50,653 - hetero_ne_host.py[line:115] - INFO: gradient count:1024"
"2019-08-24 15:21:50,659 - hetero_ne_host.py[line:102] - INFO: Local batch data count:1024"
"2019-08-24 15:21:56,913 - hetero_ne_host.py[line:115] - INFO: gradient count:1024"
"2019-08-24 15:21:56,918 - hetero_ne_host.py[line:102] - INFO: Local batch data count:1024"
"2019-08-24 15:22:02,360 - hetero_ne_host.py[line:115] - INFO: gradient count:1024"
"2019-08-24 15:22:02,364 - hetero_ne_host.py[line:102] - INFO: Local batch data count:1024"
"2019-08-24 15:22:07,345 - hetero_ne_host.py[line:115] - INFO: gradient count:1024"
"2019-08-24 15:22:07,350 - hetero_ne_host.py[line:102] - INFO: Local batch data count:1024"
"2019-08-24 15:22:13,252 - hetero_ne_host.py[line:115] - INFO: gradient count:1024"
"2019-08-24 15:22:13,256 - hetero_ne_host.py[line:102] - INFO: Local batch data count:1024"
"2019-08-24 15:22:19,103 - hetero_ne_host.py[line:115] - INFO: gradient count:1024"
"2019-08-24 15:22:19,108 - hetero_ne_host.py[line:102] - INFO: Local batch data count:1024"
"2019-08-24 15:22:24,914 - hetero_ne_host.py[line:115] - INFO: gradient count:1024"
"2019-08-24 15:22:24,919 - hetero_ne_host.py[line:102] - INFO: Local batch data count:1024"
"2019-08-24 15:22:30,178 - hetero_ne_host.py[line:115] - INFO: gradient count:1024"
"2019-08-24 15:22:30,183 - hetero_ne_host.py[line:102] - INFO: Local batch data count:1024"
"2019-08-24 15:22:35,860 - hetero_ne_host.py[line:115] - INFO: gradient count:1024"
"2019-08-24 15:22:35,864 - hetero_ne_host.py[line:102] - INFO: Local batch data count:1024"
"2019-08-24 15:22:42,019 - hetero_ne_host.py[line:115] - INFO: gradient count:1024"
"2019-08-24 15:22:42,024 - hetero_ne_host.py[line:102] - INFO: Local batch data count:1024"
"2019-08-24 15:22:49,089 - hetero_ne_host.py[line:115] - INFO: gradient count:1024"
"2019-08-24 15:22:49,093 - hetero_ne_host.py[line:102] - INFO: Local batch data count:1024"
"2019-08-24 15:22:55,357 - hetero_ne_host.py[line:115] - INFO: gradient count:1024"
"2019-08-24 15:22:55,362 - hetero_ne_host.py[line:102] - INFO: Local batch data count:1024"
"2019-08-24 15:23:01,274 - hetero_ne_host.py[line:115] - INFO: gradient count:1024"
"2019-08-24 15:23:01,279 - hetero_ne_host.py[line:102] - INFO: Local batch data count:1024"
"2019-08-24 15:23:07,607 - hetero_ne_host.py[line:115] - INFO: gradient count:1024"
"2019-08-24 15:23:07,611 - hetero_ne_host.py[line:102] - INFO: Local batch data count:1024"
"2019-08-24 15:23:13,812 - hetero_ne_host.py[line:115] - INFO: gradient count:1024"
"2019-08-24 15:23:13,817 - hetero_ne_host.py[line:102] - INFO: Local batch data count:1024"
"2019-08-24 15:23:20,119 - hetero_ne_host.py[line:115] - INFO: gradient count:1024"
"2019-08-24 15:23:20,124 - hetero_ne_host.py[line:102] - INFO: Local batch data count:1024"
"2019-08-24 15:23:26,108 - hetero_ne_host.py[line:115] - INFO: gradient count:1024"
"2019-08-24 15:23:26,112 - hetero_ne_host.py[line:102] - INFO: Local batch data count:1024"
"2019-08-24 15:23:32,271 - hetero_ne_host.py[line:115] - INFO: gradient count:1024"
"2019-08-24 15:23:32,276 - hetero_ne_host.py[line:102] - INFO: Local batch data count:1024"
"2019-08-24 15:23:38,931 - hetero_ne_host.py[line:115] - INFO: gradient count:1024"
"2019-08-24 15:23:38,935 - hetero_ne_host.py[line:102] - INFO: Local batch data count:1024"
"2019-08-24 15:23:45,246 - hetero_ne_host.py[line:115] - INFO: gradient count:1024"
"2019-08-24 15:23:45,250 - hetero_ne_host.py[line:102] - INFO: Local batch data count:1024"
"2019-08-24 15:23:51,820 - hetero_ne_host.py[line:115] - INFO: gradient count:1024"
"2019-08-24 15:23:51,825 - hetero_ne_host.py[line:102] - INFO: Local batch data count:1024"
"2019-08-24 15:23:57,866 - hetero_ne_host.py[line:115] - INFO: gradient count:1024"
"2019-08-24 15:23:57,870 - hetero_ne_host.py[line:102] - INFO: Local batch data count:392"
"2019-08-24 15:24:03,165 - hetero_ne_host.py[line:115] - INFO: gradient count:392"
"2019-08-24 15:24:03,587 - hetero_ne_host.py[line:139] - INFO: Iter 1, Local loss: 1.2920234473018133"
"2019-08-24 15:24:03,587 - hetero_ne_host.py[line:146] - INFO: batch:0"
"2019-08-24 15:24:03,587 - hetero_ne_host.py[line:172] - INFO: batch_data_inst size:1024"
"2019-08-24 15:24:20,141 - hetero_ne_host.py[line:187] - INFO: Remote host_forward to guest"
"2019-08-24 15:24:23,154 - hetero_ne_host.py[line:197] - INFO: Get optim_host_gradient from arbiter"
"2019-08-24 15:24:23,348 - hetero_ne_host.py[line:200] - INFO: update_model"
"2019-08-24 15:24:23,538 - hetero_ne_host.py[line:146] - INFO: batch:1"
"2019-08-24 15:24:23,539 - hetero_ne_host.py[line:172] - INFO: batch_data_inst size:1024"
"2019-08-24 15:24:40,395 - hetero_ne_host.py[line:187] - INFO: Remote host_forward to guest"
"2019-08-24 15:24:44,311 - hetero_ne_host.py[line:197] - INFO: Get optim_host_gradient from arbiter"
"2019-08-24 15:24:44,481 - hetero_ne_host.py[line:200] - INFO: update_model"
"2019-08-24 15:24:44,701 - hetero_ne_host.py[line:146] - INFO: batch:2"
"2019-08-24 15:24:44,702 - hetero_ne_host.py[line:172] - INFO: batch_data_inst size:1024"
"2019-08-24 15:25:02,317 - hetero_ne_host.py[line:187] - INFO: Remote host_forward to guest"
"2019-08-24 15:25:04,928 - hetero_ne_host.py[line:197] - INFO: Get optim_host_gradient from arbiter"
"2019-08-24 15:25:05,113 - hetero_ne_host.py[line:200] - INFO: update_model"
"2019-08-24 15:25:05,240 - hetero_ne_host.py[line:146] - INFO: batch:3"
"2019-08-24 15:25:05,240 - hetero_ne_host.py[line:172] - INFO: batch_data_inst size:1024"
"2019-08-24 15:25:23,046 - hetero_ne_host.py[line:187] - INFO: Remote host_forward to guest"
"2019-08-24 15:25:25,154 - hetero_ne_host.py[line:197] - INFO: Get optim_host_gradient from arbiter"
"2019-08-24 15:25:25,572 - hetero_ne_host.py[line:200] - INFO: update_model"
"2019-08-24 15:25:25,696 - hetero_ne_host.py[line:146] - INFO: batch:4"
"2019-08-24 15:25:25,696 - hetero_ne_host.py[line:172] - INFO: batch_data_inst size:344"
"2019-08-24 15:25:32,061 - hetero_ne_host.py[line:187] - INFO: Remote host_forward to guest"
"2019-08-24 15:25:34,873 - hetero_ne_host.py[line:197] - INFO: Get optim_host_gradient from arbiter"
"2019-08-24 15:25:35,022 - hetero_ne_host.py[line:200] - INFO: update_model"
"2019-08-24 15:25:36,137 - hetero_ne_host.py[line:244] - INFO: Get is_stop flag from arbiter:False"
"2019-08-24 15:25:36,137 - hetero_ne_host.py[line:93] - INFO: iter: 2"
"2019-08-24 15:25:36,138 - hetero_ne_host.py[line:99] - INFO: Horizontally learning"
"2019-08-24 15:25:36,144 - hetero_ne_host.py[line:102] - INFO: Local batch data count:1024"
"2019-08-24 15:25:41,876 - hetero_ne_host.py[line:115] - INFO: gradient count:1024"
"2019-08-24 15:25:41,880 - hetero_ne_host.py[line:102] - INFO: Local batch data count:1024"
"2019-08-24 15:25:47,075 - hetero_ne_host.py[line:115] - INFO: gradient count:1024"
"2019-08-24 15:25:47,079 - hetero_ne_host.py[line:102] - INFO: Local batch data count:1024"
"2019-08-24 15:25:51,812 - hetero_ne_host.py[line:115] - INFO: gradient count:1024"
"2019-08-24 15:25:51,816 - hetero_ne_host.py[line:102] - INFO: Local batch data count:1024"
"2019-08-24 15:25:57,303 - hetero_ne_host.py[line:115] - INFO: gradient count:1024"
"2019-08-24 15:25:57,308 - hetero_ne_host.py[line:102] - INFO: Local batch data count:1024"
"2019-08-24 15:26:02,576 - hetero_ne_host.py[line:115] - INFO: gradient count:1024"
"2019-08-24 15:26:02,582 - hetero_ne_host.py[line:102] - INFO: Local batch data count:1024"
"2019-08-24 15:26:08,482 - hetero_ne_host.py[line:115] - INFO: gradient count:1024"
"2019-08-24 15:26:08,486 - hetero_ne_host.py[line:102] - INFO: Local batch data count:1024"
"2019-08-24 15:26:14,750 - hetero_ne_host.py[line:115] - INFO: gradient count:1024"
"2019-08-24 15:26:14,755 - hetero_ne_host.py[line:102] - INFO: Local batch data count:1024"
"2019-08-24 15:26:21,232 - hetero_ne_host.py[line:115] - INFO: gradient count:1024"
"2019-08-24 15:26:21,236 - hetero_ne_host.py[line:102] - INFO: Local batch data count:1024"
"2019-08-24 15:26:27,949 - hetero_ne_host.py[line:115] - INFO: gradient count:1024"
"2019-08-24 15:26:27,953 - hetero_ne_host.py[line:102] - INFO: Local batch data count:1024"
"2019-08-24 15:26:34,227 - hetero_ne_host.py[line:115] - INFO: gradient count:1024"
"2019-08-24 15:26:34,231 - hetero_ne_host.py[line:102] - INFO: Local batch data count:1024"
"2019-08-24 15:26:41,830 - hetero_ne_host.py[line:115] - INFO: gradient count:1024"
"2019-08-24 15:26:41,835 - hetero_ne_host.py[line:102] - INFO: Local batch data count:1024"
"2019-08-24 15:26:49,531 - hetero_ne_host.py[line:115] - INFO: gradient count:1024"
"2019-08-24 15:26:49,536 - hetero_ne_host.py[line:102] - INFO: Local batch data count:1024"
"2019-08-24 15:26:56,440 - hetero_ne_host.py[line:115] - INFO: gradient count:1024"
"2019-08-24 15:26:56,444 - hetero_ne_host.py[line:102] - INFO: Local batch data count:1024"
"2019-08-24 15:27:03,020 - hetero_ne_host.py[line:115] - INFO: gradient count:1024"
"2019-08-24 15:27:03,025 - hetero_ne_host.py[line:102] - INFO: Local batch data count:1024"
"2019-08-24 15:27:09,740 - hetero_ne_host.py[line:115] - INFO: gradient count:1024"
"2019-08-24 15:27:09,744 - hetero_ne_host.py[line:102] - INFO: Local batch data count:1024"
"2019-08-24 15:27:16,316 - hetero_ne_host.py[line:115] - INFO: gradient count:1024"
"2019-08-24 15:27:16,321 - hetero_ne_host.py[line:102] - INFO: Local batch data count:1024"
"2019-08-24 15:27:22,877 - hetero_ne_host.py[line:115] - INFO: gradient count:1024"
"2019-08-24 15:27:22,882 - hetero_ne_host.py[line:102] - INFO: Local batch data count:1024"
"2019-08-24 15:27:29,513 - hetero_ne_host.py[line:115] - INFO: gradient count:1024"
"2019-08-24 15:27:29,517 - hetero_ne_host.py[line:102] - INFO: Local batch data count:1024"
"2019-08-24 15:27:36,090 - hetero_ne_host.py[line:115] - INFO: gradient count:1024"
"2019-08-24 15:27:36,094 - hetero_ne_host.py[line:102] - INFO: Local batch data count:1024"
"2019-08-24 15:27:43,021 - hetero_ne_host.py[line:115] - INFO: gradient count:1024"
"2019-08-24 15:27:43,026 - hetero_ne_host.py[line:102] - INFO: Local batch data count:1024"
"2019-08-24 15:27:51,056 - hetero_ne_host.py[line:115] - INFO: gradient count:1024"
"2019-08-24 15:27:51,061 - hetero_ne_host.py[line:102] - INFO: Local batch data count:1024"
"2019-08-24 15:27:57,527 - hetero_ne_host.py[line:115] - INFO: gradient count:1024"
"2019-08-24 15:27:57,532 - hetero_ne_host.py[line:102] - INFO: Local batch data count:392"
"2019-08-24 15:28:03,593 - hetero_ne_host.py[line:115] - INFO: gradient count:392"
"2019-08-24 15:28:05,986 - hetero_ne_host.py[line:139] - INFO: Iter 2, Local loss: 1.276494097897768"
"2019-08-24 15:28:05,986 - hetero_ne_host.py[line:146] - INFO: batch:0"
"2019-08-24 15:28:05,986 - hetero_ne_host.py[line:172] - INFO: batch_data_inst size:1024"
"2019-08-24 15:28:25,065 - hetero_ne_host.py[line:187] - INFO: Remote host_forward to guest"
"2019-08-24 15:28:27,275 - hetero_ne_host.py[line:197] - INFO: Get optim_host_gradient from arbiter"
"2019-08-24 15:28:27,393 - hetero_ne_host.py[line:200] - INFO: update_model"
"2019-08-24 15:28:27,517 - hetero_ne_host.py[line:146] - INFO: batch:1"
"2019-08-24 15:28:27,517 - hetero_ne_host.py[line:172] - INFO: batch_data_inst size:1024"
"2019-08-24 15:28:44,395 - hetero_ne_host.py[line:187] - INFO: Remote host_forward to guest"
"2019-08-24 15:28:47,910 - hetero_ne_host.py[line:197] - INFO: Get optim_host_gradient from arbiter"
"2019-08-24 15:28:48,342 - hetero_ne_host.py[line:200] - INFO: update_model"
"2019-08-24 15:28:48,431 - hetero_ne_host.py[line:146] - INFO: batch:2"
"2019-08-24 15:28:48,432 - hetero_ne_host.py[line:172] - INFO: batch_data_inst size:1024"
"2019-08-24 15:29:06,148 - hetero_ne_host.py[line:187] - INFO: Remote host_forward to guest"
"2019-08-24 15:29:08,758 - hetero_ne_host.py[line:197] - INFO: Get optim_host_gradient from arbiter"
"2019-08-24 15:29:09,033 - hetero_ne_host.py[line:200] - INFO: update_model"
"2019-08-24 15:29:09,175 - hetero_ne_host.py[line:146] - INFO: batch:3"
"2019-08-24 15:29:09,176 - hetero_ne_host.py[line:172] - INFO: batch_data_inst size:1024"
"2019-08-24 15:29:27,134 - hetero_ne_host.py[line:187] - INFO: Remote host_forward to guest"
"2019-08-24 15:29:29,142 - hetero_ne_host.py[line:197] - INFO: Get optim_host_gradient from arbiter"
"2019-08-24 15:29:29,316 - hetero_ne_host.py[line:200] - INFO: update_model"
"2019-08-24 15:29:29,503 - hetero_ne_host.py[line:146] - INFO: batch:4"
"2019-08-24 15:29:29,504 - hetero_ne_host.py[line:172] - INFO: batch_data_inst size:344"
"2019-08-24 15:29:35,818 - hetero_ne_host.py[line:187] - INFO: Remote host_forward to guest"
"2019-08-24 15:29:38,128 - hetero_ne_host.py[line:197] - INFO: Get optim_host_gradient from arbiter"
"2019-08-24 15:29:38,258 - hetero_ne_host.py[line:200] - INFO: update_model"
"2019-08-24 15:29:39,563 - hetero_ne_host.py[line:244] - INFO: Get is_stop flag from arbiter:False"
"2019-08-24 15:29:39,563 - hetero_ne_host.py[line:93] - INFO: iter: 3"
"2019-08-24 15:29:39,564 - hetero_ne_host.py[line:99] - INFO: Horizontally learning"
"2019-08-24 15:29:39,570 - hetero_ne_host.py[line:102] - INFO: Local batch data count:1024"
"2019-08-24 15:29:44,936 - hetero_ne_host.py[line:115] - INFO: gradient count:1024"
"2019-08-24 15:29:44,941 - hetero_ne_host.py[line:102] - INFO: Local batch data count:1024"
"2019-08-24 15:29:50,103 - hetero_ne_host.py[line:115] - INFO: gradient count:1024"
"2019-08-24 15:29:50,108 - hetero_ne_host.py[line:102] - INFO: Local batch data count:1024"
"2019-08-24 15:29:55,156 - hetero_ne_host.py[line:115] - INFO: gradient count:1024"
"2019-08-24 15:29:55,162 - hetero_ne_host.py[line:102] - INFO: Local batch data count:1024"
"2019-08-24 15:30:01,275 - hetero_ne_host.py[line:115] - INFO: gradient count:1024"
"2019-08-24 15:30:01,281 - hetero_ne_host.py[line:102] - INFO: Local batch data count:1024"
"2019-08-24 15:30:07,027 - hetero_ne_host.py[line:115] - INFO: gradient count:1024"
"2019-08-24 15:30:07,035 - hetero_ne_host.py[line:102] - INFO: Local batch data count:1024"
"2019-08-24 15:30:12,961 - hetero_ne_host.py[line:115] - INFO: gradient count:1024"
"2019-08-24 15:30:12,966 - hetero_ne_host.py[line:102] - INFO: Local batch data count:1024"
"2019-08-24 15:30:19,329 - hetero_ne_host.py[line:115] - INFO: gradient count:1024"
"2019-08-24 15:30:19,333 - hetero_ne_host.py[line:102] - INFO: Local batch data count:1024"
"2019-08-24 15:30:26,194 - hetero_ne_host.py[line:115] - INFO: gradient count:1024"
"2019-08-24 15:30:26,198 - hetero_ne_host.py[line:102] - INFO: Local batch data count:1024"
"2019-08-24 15:30:39,245 - hetero_ne_host.py[line:115] - INFO: gradient count:1024"
"2019-08-24 15:30:39,250 - hetero_ne_host.py[line:102] - INFO: Local batch data count:1024"
"2019-08-24 15:30:44,697 - hetero_ne_host.py[line:115] - INFO: gradient count:1024"
"2019-08-24 15:30:44,702 - hetero_ne_host.py[line:102] - INFO: Local batch data count:1024"
"2019-08-24 15:30:49,788 - hetero_ne_host.py[line:115] - INFO: gradient count:1024"
"2019-08-24 15:30:49,793 - hetero_ne_host.py[line:102] - INFO: Local batch data count:1024"
"2019-08-24 15:30:55,096 - hetero_ne_host.py[line:115] - INFO: gradient count:1024"
"2019-08-24 15:30:55,101 - hetero_ne_host.py[line:102] - INFO: Local batch data count:1024"
"2019-08-24 15:31:00,195 - hetero_ne_host.py[line:115] - INFO: gradient count:1024"
"2019-08-24 15:31:00,200 - hetero_ne_host.py[line:102] - INFO: Local batch data count:1024"
"2019-08-24 15:31:05,770 - hetero_ne_host.py[line:115] - INFO: gradient count:1024"
"2019-08-24 15:31:05,774 - hetero_ne_host.py[line:102] - INFO: Local batch data count:1024"
"2019-08-24 15:31:12,540 - hetero_ne_host.py[line:115] - INFO: gradient count:1024"
"2019-08-24 15:31:12,545 - hetero_ne_host.py[line:102] - INFO: Local batch data count:1024"
"2019-08-24 15:31:19,338 - hetero_ne_host.py[line:115] - INFO: gradient count:1024"
"2019-08-24 15:31:19,342 - hetero_ne_host.py[line:102] - INFO: Local batch data count:1024"
"2019-08-24 15:31:26,563 - hetero_ne_host.py[line:115] - INFO: gradient count:1024"
"2019-08-24 15:31:26,567 - hetero_ne_host.py[line:102] - INFO: Local batch data count:1024"
"2019-08-24 15:31:34,351 - hetero_ne_host.py[line:115] - INFO: gradient count:1024"
"2019-08-24 15:31:34,356 - hetero_ne_host.py[line:102] - INFO: Local batch data count:1024"
"2019-08-24 15:31:42,931 - hetero_ne_host.py[line:115] - INFO: gradient count:1024"
"2019-08-24 15:31:42,935 - hetero_ne_host.py[line:102] - INFO: Local batch data count:1024"
"2019-08-24 15:31:49,848 - hetero_ne_host.py[line:115] - INFO: gradient count:1024"
"2019-08-24 15:31:49,852 - hetero_ne_host.py[line:102] - INFO: Local batch data count:1024"
"2019-08-24 15:31:56,615 - hetero_ne_host.py[line:115] - INFO: gradient count:1024"
"2019-08-24 15:31:56,620 - hetero_ne_host.py[line:102] - INFO: Local batch data count:1024"
"2019-08-24 15:32:03,286 - hetero_ne_host.py[line:115] - INFO: gradient count:1024"
"2019-08-24 15:32:03,292 - hetero_ne_host.py[line:102] - INFO: Local batch data count:392"
"2019-08-24 15:32:09,431 - hetero_ne_host.py[line:115] - INFO: gradient count:392"
"2019-08-24 15:32:09,958 - hetero_ne_host.py[line:139] - INFO: Iter 3, Local loss: 1.2632187366756036"
"2019-08-24 15:32:09,958 - hetero_ne_host.py[line:146] - INFO: batch:0"
"2019-08-24 15:32:09,959 - hetero_ne_host.py[line:172] - INFO: batch_data_inst size:1024"
"2019-08-24 15:32:27,494 - hetero_ne_host.py[line:187] - INFO: Remote host_forward to guest"
"2019-08-24 15:32:29,804 - hetero_ne_host.py[line:197] - INFO: Get optim_host_gradient from arbiter"
"2019-08-24 15:32:30,171 - hetero_ne_host.py[line:200] - INFO: update_model"
"2019-08-24 15:32:30,307 - hetero_ne_host.py[line:146] - INFO: batch:1"
"2019-08-24 15:32:30,308 - hetero_ne_host.py[line:172] - INFO: batch_data_inst size:1024"
"2019-08-24 15:32:48,112 - hetero_ne_host.py[line:187] - INFO: Remote host_forward to guest"
"2019-08-24 15:32:51,224 - hetero_ne_host.py[line:197] - INFO: Get optim_host_gradient from arbiter"
"2019-08-24 15:32:51,473 - hetero_ne_host.py[line:200] - INFO: update_model"
"2019-08-24 15:32:51,629 - hetero_ne_host.py[line:146] - INFO: batch:2"
"2019-08-24 15:32:51,630 - hetero_ne_host.py[line:172] - INFO: batch_data_inst size:1024"
"2019-08-24 15:33:09,756 - hetero_ne_host.py[line:187] - INFO: Remote host_forward to guest"
"2019-08-24 15:33:12,267 - hetero_ne_host.py[line:197] - INFO: Get optim_host_gradient from arbiter"
"2019-08-24 15:33:12,418 - hetero_ne_host.py[line:200] - INFO: update_model"
"2019-08-24 15:33:12,595 - hetero_ne_host.py[line:146] - INFO: batch:3"
"2019-08-24 15:33:12,596 - hetero_ne_host.py[line:172] - INFO: batch_data_inst size:1024"
"2019-08-24 15:33:29,725 - hetero_ne_host.py[line:187] - INFO: Remote host_forward to guest"
"2019-08-24 15:33:32,937 - hetero_ne_host.py[line:197] - INFO: Get optim_host_gradient from arbiter"
"2019-08-24 15:33:33,084 - hetero_ne_host.py[line:200] - INFO: update_model"
"2019-08-24 15:33:33,250 - hetero_ne_host.py[line:146] - INFO: batch:4"
"2019-08-24 15:33:33,251 - hetero_ne_host.py[line:172] - INFO: batch_data_inst size:344"
"2019-08-24 15:33:40,867 - hetero_ne_host.py[line:187] - INFO: Remote host_forward to guest"
"2019-08-24 15:33:42,775 - hetero_ne_host.py[line:197] - INFO: Get optim_host_gradient from arbiter"
"2019-08-24 15:33:42,871 - hetero_ne_host.py[line:200] - INFO: update_model"
"2019-08-24 15:33:43,951 - hetero_ne_host.py[line:244] - INFO: Get is_stop flag from arbiter:False"
"2019-08-24 15:33:43,952 - hetero_ne_host.py[line:93] - INFO: iter: 4"
"2019-08-24 15:33:43,952 - hetero_ne_host.py[line:99] - INFO: Horizontally learning"
"2019-08-24 15:33:43,958 - hetero_ne_host.py[line:102] - INFO: Local batch data count:1024"
"2019-08-24 15:33:49,744 - hetero_ne_host.py[line:115] - INFO: gradient count:1024"
"2019-08-24 15:33:49,749 - hetero_ne_host.py[line:102] - INFO: Local batch data count:1024"
"2019-08-24 15:33:54,979 - hetero_ne_host.py[line:115] - INFO: gradient count:1024"
"2019-08-24 15:33:54,984 - hetero_ne_host.py[line:102] - INFO: Local batch data count:1024"
"2019-08-24 15:34:00,680 - hetero_ne_host.py[line:115] - INFO: gradient count:1024"
"2019-08-24 15:34:00,684 - hetero_ne_host.py[line:102] - INFO: Local batch data count:1024"
"2019-08-24 15:34:06,005 - hetero_ne_host.py[line:115] - INFO: gradient count:1024"
"2019-08-24 15:34:06,009 - hetero_ne_host.py[line:102] - INFO: Local batch data count:1024"
"2019-08-24 15:34:11,259 - hetero_ne_host.py[line:115] - INFO: gradient count:1024"
"2019-08-24 15:34:11,264 - hetero_ne_host.py[line:102] - INFO: Local batch data count:1024"
"2019-08-24 15:34:16,425 - hetero_ne_host.py[line:115] - INFO: gradient count:1024"
"2019-08-24 15:34:16,432 - hetero_ne_host.py[line:102] - INFO: Local batch data count:1024"
"2019-08-24 15:34:22,361 - hetero_ne_host.py[line:115] - INFO: gradient count:1024"
"2019-08-24 15:34:22,366 - hetero_ne_host.py[line:102] - INFO: Local batch data count:1024"
"2019-08-24 15:34:28,757 - hetero_ne_host.py[line:115] - INFO: gradient count:1024"
"2019-08-24 15:34:28,762 - hetero_ne_host.py[line:102] - INFO: Local batch data count:1024"
"2019-08-24 15:34:37,039 - hetero_ne_host.py[line:115] - INFO: gradient count:1024"
"2019-08-24 15:34:37,044 - hetero_ne_host.py[line:102] - INFO: Local batch data count:1024"
"2019-08-24 15:34:44,285 - hetero_ne_host.py[line:115] - INFO: gradient count:1024"
"2019-08-24 15:34:44,289 - hetero_ne_host.py[line:102] - INFO: Local batch data count:1024"
"2019-08-24 15:34:51,380 - hetero_ne_host.py[line:115] - INFO: gradient count:1024"
"2019-08-24 15:34:51,385 - hetero_ne_host.py[line:102] - INFO: Local batch data count:1024"
"2019-08-24 15:34:58,500 - hetero_ne_host.py[line:115] - INFO: gradient count:1024"
"2019-08-24 15:34:58,506 - hetero_ne_host.py[line:102] - INFO: Local batch data count:1024"
"2019-08-24 15:35:05,126 - hetero_ne_host.py[line:115] - INFO: gradient count:1024"
"2019-08-24 15:35:05,132 - hetero_ne_host.py[line:102] - INFO: Local batch data count:1024"
"2019-08-24 15:35:13,321 - hetero_ne_host.py[line:115] - INFO: gradient count:1024"
"2019-08-24 15:35:13,329 - hetero_ne_host.py[line:102] - INFO: Local batch data count:1024"
"2019-08-24 15:35:20,219 - hetero_ne_host.py[line:115] - INFO: gradient count:1024"
"2019-08-24 15:35:20,224 - hetero_ne_host.py[line:102] - INFO: Local batch data count:1024"
"2019-08-24 15:35:27,105 - hetero_ne_host.py[line:115] - INFO: gradient count:1024"
"2019-08-24 15:35:27,109 - hetero_ne_host.py[line:102] - INFO: Local batch data count:1024"
"2019-08-24 15:35:34,133 - hetero_ne_host.py[line:115] - INFO: gradient count:1024"
"2019-08-24 15:35:34,138 - hetero_ne_host.py[line:102] - INFO: Local batch data count:1024"
"2019-08-24 15:35:42,212 - hetero_ne_host.py[line:115] - INFO: gradient count:1024"
"2019-08-24 15:35:42,219 - hetero_ne_host.py[line:102] - INFO: Local batch data count:1024"
"2019-08-24 15:35:49,074 - hetero_ne_host.py[line:115] - INFO: gradient count:1024"
"2019-08-24 15:35:49,079 - hetero_ne_host.py[line:102] - INFO: Local batch data count:1024"
"2019-08-24 15:35:54,951 - hetero_ne_host.py[line:115] - INFO: gradient count:1024"
"2019-08-24 15:35:54,956 - hetero_ne_host.py[line:102] - INFO: Local batch data count:1024"
"2019-08-24 15:36:02,451 - hetero_ne_host.py[line:115] - INFO: gradient count:1024"
"2019-08-24 15:36:02,456 - hetero_ne_host.py[line:102] - INFO: Local batch data count:1024"
"2019-08-24 15:36:09,050 - hetero_ne_host.py[line:115] - INFO: gradient count:1024"
"2019-08-24 15:36:09,055 - hetero_ne_host.py[line:102] - INFO: Local batch data count:392"
"2019-08-24 15:36:14,521 - hetero_ne_host.py[line:115] - INFO: gradient count:392"
"2019-08-24 15:36:16,051 - hetero_ne_host.py[line:139] - INFO: Iter 4, Local loss: 1.2516843046764003"
"2019-08-24 15:36:16,051 - hetero_ne_host.py[line:146] - INFO: batch:0"
"2019-08-24 15:36:16,052 - hetero_ne_host.py[line:172] - INFO: batch_data_inst size:1024"
"2019-08-24 15:36:33,193 - hetero_ne_host.py[line:187] - INFO: Remote host_forward to guest"
"2019-08-24 15:36:35,805 - hetero_ne_host.py[line:197] - INFO: Get optim_host_gradient from arbiter"
"2019-08-24 15:36:36,151 - hetero_ne_host.py[line:200] - INFO: update_model"
"2019-08-24 15:36:36,289 - hetero_ne_host.py[line:146] - INFO: batch:1"
"2019-08-24 15:36:36,290 - hetero_ne_host.py[line:172] - INFO: batch_data_inst size:1024"
"2019-08-24 15:36:53,446 - hetero_ne_host.py[line:187] - INFO: Remote host_forward to guest"
"2019-08-24 15:36:56,061 - hetero_ne_host.py[line:197] - INFO: Get optim_host_gradient from arbiter"
"2019-08-24 15:36:56,303 - hetero_ne_host.py[line:200] - INFO: update_model"
"2019-08-24 15:36:56,461 - hetero_ne_host.py[line:146] - INFO: batch:2"
"2019-08-24 15:36:56,462 - hetero_ne_host.py[line:172] - INFO: batch_data_inst size:1024"
"2019-08-24 15:37:14,366 - hetero_ne_host.py[line:187] - INFO: Remote host_forward to guest"
"2019-08-24 15:37:17,179 - hetero_ne_host.py[line:197] - INFO: Get optim_host_gradient from arbiter"
"2019-08-24 15:37:17,355 - hetero_ne_host.py[line:200] - INFO: update_model"
"2019-08-24 15:37:17,497 - hetero_ne_host.py[line:146] - INFO: batch:3"
"2019-08-24 15:37:17,498 - hetero_ne_host.py[line:172] - INFO: batch_data_inst size:1024"
"2019-08-24 15:37:34,498 - hetero_ne_host.py[line:187] - INFO: Remote host_forward to guest"
"2019-08-24 15:37:37,513 - hetero_ne_host.py[line:197] - INFO: Get optim_host_gradient from arbiter"
"2019-08-24 15:37:38,003 - hetero_ne_host.py[line:200] - INFO: update_model"
"2019-08-24 15:37:38,167 - hetero_ne_host.py[line:146] - INFO: batch:4"
"2019-08-24 15:37:38,168 - hetero_ne_host.py[line:172] - INFO: batch_data_inst size:344"
"2019-08-24 15:37:45,222 - hetero_ne_host.py[line:187] - INFO: Remote host_forward to guest"
"2019-08-24 15:37:47,836 - hetero_ne_host.py[line:197] - INFO: Get optim_host_gradient from arbiter"
"2019-08-24 15:37:47,965 - hetero_ne_host.py[line:200] - INFO: update_model"
"2019-08-24 15:37:49,534 - hetero_ne_host.py[line:244] - INFO: Get is_stop flag from arbiter:False"
"2019-08-24 15:37:49,534 - hetero_ne_host.py[line:250] - INFO: Reach max iter 5, train mode finish!"
"2019-08-24 15:39:25,063 - hetero_ne_host.py[line:256] - INFO: Reach max iter 5, train model finish!"
