"2019-08-24 15:16:57,920 - workflow.py[line:863] - DEBUG: The job id is hetero_network_embedding_example_standalone_20190824151653"
"2019-08-24 15:16:57,920 - workflow.py[line:863] - DEBUG: The job id is hetero_network_embedding_example_standalone_20190824151653"
"2019-08-24 15:16:57,921 - workflow.py[line:865] - DEBUG: Finish eggroll and federation init"
"2019-08-24 15:16:57,922 - workflow.py[line:819] - DEBUG: finish init pipeline"
"2019-08-24 15:16:57,922 - workflow.py[line:865] - DEBUG: Finish eggroll and federation init"
"2019-08-24 15:16:57,922 - workflow.py[line:819] - DEBUG: finish init pipeline"
"2019-08-24 15:16:57,922 - workflow.py[line:912] - INFO: 4440 samples in host"
"2019-08-24 15:16:57,922 - workflow.py[line:912] - INFO: 4440 samples in guest"
"2019-08-24 15:16:57,948 - workflow.py[line:210] - DEBUG: Enter host network embedding function"
"2019-08-24 15:16:57,948 - workflow.py[line:211] - DEBUG: Start intersection before network embedding"
"2019-08-24 15:16:57,948 - workflow.py[line:210] - DEBUG: Enter guest network embedding function"
"2019-08-24 15:16:57,948 - workflow.py[line:316] - INFO: need_intersect: true!"
"2019-08-24 15:16:57,948 - workflow.py[line:211] - DEBUG: Start intersection before network embedding"
"2019-08-24 15:16:57,948 - workflow.py[line:316] - INFO: need_intersect: true!"
"2019-08-24 15:16:57,948 - workflow.py[line:320] - INFO: Start intersection!"
"2019-08-24 15:16:57,948 - workflow.py[line:320] - INFO: Start intersection!"
"2019-08-24 15:16:57,985 - workflow.py[line:863] - DEBUG: The job id is hetero_network_embedding_example_standalone_20190824151653"
"2019-08-24 15:16:57,987 - workflow.py[line:865] - DEBUG: Finish eggroll and federation init"
"2019-08-24 15:16:57,987 - workflow.py[line:819] - DEBUG: finish init pipeline"
"2019-08-24 15:16:57,987 - workflow.py[line:214] - INFO: arbiter"
"2019-08-24 15:16:57,987 - workflow.py[line:215] - INFO: max iter: 5"
"2019-08-24 15:16:59,654 - workflow.py[line:331] - INFO: finish intersection!"
"2019-08-24 15:16:59,655 - workflow.py[line:214] - INFO: guest"
"2019-08-24 15:16:59,655 - workflow.py[line:215] - INFO: max iter: 5"
"2019-08-24 15:16:59,856 - workflow.py[line:331] - INFO: finish intersection!"
"2019-08-24 15:16:59,856 - workflow.py[line:214] - INFO: host"
"2019-08-24 15:16:59,856 - workflow.py[line:215] - INFO: max iter: 5"
"2019-08-24 15:37:50,035 - workflow.py[line:922] - DEBUG: arbiter"
"2019-08-24 15:37:50,035 - workflow.py[line:923] - INFO: Network_embedding_finish"
"2019-08-24 15:39:25,065 - workflow.py[line:922] - DEBUG: host"
"2019-08-24 15:39:25,065 - workflow.py[line:923] - INFO: Network_embedding_finish"
"2019-08-24 15:39:26,148 - workflow.py[line:922] - DEBUG: guest"
"2019-08-24 15:39:26,148 - workflow.py[line:923] - INFO: Network_embedding_finish"
