"2019-08-23 09:25:03,208 - federation.py[line:124] - DEBUG: [REMOTE] Sent hetero_network_embedding_example_standalone_20190823092457-HeteroNETransferVariable.paillier_pubkey-HeteroNETransferVariable.paillier_pubkey.0-arbiter-10000-host-9999"
"2019-08-23 09:25:03,444 - federation.py[line:124] - DEBUG: [REMOTE] Sent hetero_network_embedding_example_standalone_20190823092457-HeteroNETransferVariable.paillier_pubkey-HeteroNETransferVariable.paillier_pubkey.0-arbiter-10000-guest-10000"
"2019-08-23 09:25:03,444 - federation.py[line:145] - DEBUG: [GET] arbiter 10000 getting remote object HeteroNETransferVariable.batch_info.0 from guest [10000]"
"2019-08-23 09:25:03,731 - federation.py[line:145] - DEBUG: [GET] guest 10000 getting remote object RawIntersectTransferVariable.send_ids_host.embedding0 from host [9999]"
"2019-08-23 09:25:03,753 - federation.py[line:124] - DEBUG: [REMOTE] Sent hetero_network_embedding_example_standalone_20190823092457-RawIntersectTransferVariable.send_ids_host-RawIntersectTransferVariable.send_ids_host.embedding0-host-9999-guest-10000"
"2019-08-23 09:25:03,754 - federation.py[line:145] - DEBUG: [GET] host 9999 getting remote object RawIntersectTransferVariable.intersect_ids_guest.embedding0 from guest [10000]"
"2019-08-23 09:25:03,833 - federation.py[line:46] - DEBUG: [GET] Got hetero_network_embedding_example_standalone_20190823092457-RawIntersectTransferVariable.send_ids_host-RawIntersectTransferVariable.send_ids_host.embedding0-host-9999-guest-10000 type Table"
"2019-08-23 09:25:03,955 - federation.py[line:46] - DEBUG: [GET] Got hetero_network_embedding_example_standalone_20190823092457-RawIntersectTransferVariable.intersect_ids_guest-RawIntersectTransferVariable.intersect_ids_guest.embedding0-guest-10000-host-9999 type Table"
"2019-08-23 09:25:03,966 - federation.py[line:124] - DEBUG: [REMOTE] Sent hetero_network_embedding_example_standalone_20190823092457-RawIntersectTransferVariable.intersect_ids_guest-RawIntersectTransferVariable.intersect_ids_guest.embedding0-guest-10000-host-9999"
"2019-08-23 09:25:04,990 - federation.py[line:145] - DEBUG: [GET] guest 10000 getting remote object HeteroNETransferVariable.paillier_pubkey.0 from arbiter [10000]"
"2019-08-23 09:25:04,990 - federation.py[line:46] - DEBUG: [GET] Got hetero_network_embedding_example_standalone_20190823092457-HeteroNETransferVariable.paillier_pubkey-HeteroNETransferVariable.paillier_pubkey.0-arbiter-10000-guest-10000 type Object"
"2019-08-23 09:25:05,190 - federation.py[line:145] - DEBUG: [GET] host 9999 getting remote object HeteroNETransferVariable.paillier_pubkey.0 from arbiter [10000]"
"2019-08-23 09:25:05,190 - federation.py[line:46] - DEBUG: [GET] Got hetero_network_embedding_example_standalone_20190823092457-HeteroNETransferVariable.paillier_pubkey-HeteroNETransferVariable.paillier_pubkey.0-arbiter-10000-host-9999 type Object"
"2019-08-23 09:25:05,191 - federation.py[line:145] - DEBUG: [GET] host 9999 getting remote object HeteroNETransferVariable.batch_info.0 from guest [10000]"
"2019-08-23 09:25:08,443 - federation.py[line:124] - DEBUG: [REMOTE] Sent hetero_network_embedding_example_standalone_20190823092457-HeteroNETransferVariable.batch_info-HeteroNETransferVariable.batch_info.0-guest-10000-host-9999"
"2019-08-23 09:25:08,505 - federation.py[line:46] - DEBUG: [GET] Got hetero_network_embedding_example_standalone_20190823092457-HeteroNETransferVariable.batch_info-HeteroNETransferVariable.batch_info.0-guest-10000-host-9999 type Object"
"2019-08-23 09:25:08,507 - federation.py[line:145] - DEBUG: [GET] host 9999 getting remote object HeteroNETransferVariable.batch_data_index.0.0.0 from guest [10000]"
"2019-08-23 09:25:08,511 - federation.py[line:124] - DEBUG: [REMOTE] Sent hetero_network_embedding_example_standalone_20190823092457-HeteroNETransferVariable.batch_info-HeteroNETransferVariable.batch_info.0-guest-10000-arbiter-10000"
"2019-08-23 09:25:08,544 - federation.py[line:124] - DEBUG: [REMOTE] Sent hetero_network_embedding_example_standalone_20190823092457-HeteroNETransferVariable.batch_data_index-HeteroNETransferVariable.batch_data_index.0.0.0-guest-10000-host-9999"
"2019-08-23 09:25:08,565 - federation.py[line:46] - DEBUG: [GET] Got hetero_network_embedding_example_standalone_20190823092457-HeteroNETransferVariable.batch_info-HeteroNETransferVariable.batch_info.0-guest-10000-arbiter-10000 type Object"
"2019-08-23 09:25:08,566 - federation.py[line:145] - DEBUG: [GET] arbiter 10000 getting remote object HeteroNETransferVariable.host_gradient.0.0.0 from guest [10000]"
"2019-08-23 09:25:08,607 - federation.py[line:46] - DEBUG: [GET] Got hetero_network_embedding_example_standalone_20190823092457-HeteroNETransferVariable.batch_data_index-HeteroNETransferVariable.batch_data_index.0.0.0-guest-10000-host-9999 type Table"
"2019-08-23 09:25:17,962 - federation.py[line:145] - DEBUG: [GET] guest 10000 getting remote object HeteroNETransferVariable.host_forward_dict.0.0.0 from host [9999]"
"2019-08-23 09:25:18,306 - federation.py[line:124] - DEBUG: [REMOTE] Sent hetero_network_embedding_example_standalone_20190823092457-HeteroNETransferVariable.host_forward_dict-HeteroNETransferVariable.host_forward_dict.0.0.0-host-9999-guest-10000"
"2019-08-23 09:25:18,306 - federation.py[line:145] - DEBUG: [GET] host 9999 getting remote object HeteroNETransferVariable.host_optim_gradient.0.0.0 from arbiter [10000]"
"2019-08-23 09:25:18,364 - federation.py[line:46] - DEBUG: [GET] Got hetero_network_embedding_example_standalone_20190823092457-HeteroNETransferVariable.host_forward_dict-HeteroNETransferVariable.host_forward_dict.0.0.0-host-9999-guest-10000 type Table"
"2019-08-23 09:25:18,880 - federation.py[line:124] - DEBUG: [REMOTE] Sent hetero_network_embedding_example_standalone_20190823092457-HeteroNETransferVariable.host_gradient-HeteroNETransferVariable.host_gradient.0.0.0-guest-10000-arbiter-10000"
"2019-08-23 09:25:18,906 - federation.py[line:46] - DEBUG: [GET] Got hetero_network_embedding_example_standalone_20190823092457-HeteroNETransferVariable.host_gradient-HeteroNETransferVariable.host_gradient.0.0.0-guest-10000-arbiter-10000 type Table"
"2019-08-23 09:25:18,907 - federation.py[line:145] - DEBUG: [GET] arbiter 10000 getting remote object HeteroNETransferVariable.guest_gradient.0.0.0 from guest [10000]"
"2019-08-23 09:25:19,625 - federation.py[line:124] - DEBUG: [REMOTE] Sent hetero_network_embedding_example_standalone_20190823092457-HeteroNETransferVariable.guest_gradient-HeteroNETransferVariable.guest_gradient.0.0.0-guest-10000-arbiter-10000"
"2019-08-23 09:25:19,625 - federation.py[line:145] - DEBUG: [GET] guest 10000 getting remote object HeteroNETransferVariable.guest_optim_gradient.0.0.0 from arbiter [10000]"
"2019-08-23 09:25:19,711 - federation.py[line:46] - DEBUG: [GET] Got hetero_network_embedding_example_standalone_20190823092457-HeteroNETransferVariable.guest_gradient-HeteroNETransferVariable.guest_gradient.0.0.0-guest-10000-arbiter-10000 type Table"
"2019-08-23 09:25:19,888 - federation.py[line:124] - DEBUG: [REMOTE] Sent hetero_network_embedding_example_standalone_20190823092457-HeteroNETransferVariable.host_optim_gradient-HeteroNETransferVariable.host_optim_gradient.0.0.0-arbiter-10000-host-9999"
"2019-08-23 09:25:19,914 - federation.py[line:124] - DEBUG: [REMOTE] Sent hetero_network_embedding_example_standalone_20190823092457-HeteroNETransferVariable.guest_optim_gradient-HeteroNETransferVariable.guest_optim_gradient.0.0.0-arbiter-10000-guest-10000"
"2019-08-23 09:25:19,914 - federation.py[line:145] - DEBUG: [GET] arbiter 10000 getting remote object HeteroNETransferVariable.loss.0.0.0 from guest [10000]"
"2019-08-23 09:25:19,916 - federation.py[line:46] - DEBUG: [GET] Got hetero_network_embedding_example_standalone_20190823092457-HeteroNETransferVariable.host_optim_gradient-HeteroNETransferVariable.host_optim_gradient.0.0.0-arbiter-10000-host-9999 type Table"
"2019-08-23 09:25:19,927 - federation.py[line:46] - DEBUG: [GET] Got hetero_network_embedding_example_standalone_20190823092457-HeteroNETransferVariable.guest_optim_gradient-HeteroNETransferVariable.guest_optim_gradient.0.0.0-arbiter-10000-guest-10000 type Table"
"2019-08-23 09:25:20,370 - federation.py[line:145] - DEBUG: [GET] host 9999 getting remote object HeteroNETransferVariable.batch_data_index.0.0.1 from guest [10000]"
"2019-08-23 09:25:20,382 - federation.py[line:124] - DEBUG: [REMOTE] Sent hetero_network_embedding_example_standalone_20190823092457-HeteroNETransferVariable.loss-HeteroNETransferVariable.loss.0.0.0-guest-10000-arbiter-10000"
"2019-08-23 09:25:20,417 - federation.py[line:46] - DEBUG: [GET] Got hetero_network_embedding_example_standalone_20190823092457-HeteroNETransferVariable.loss-HeteroNETransferVariable.loss.0.0.0-guest-10000-arbiter-10000 type Object"
"2019-08-23 09:25:20,424 - federation.py[line:145] - DEBUG: [GET] arbiter 10000 getting remote object HeteroNETransferVariable.host_gradient.0.0.1 from guest [10000]"
"2019-08-23 09:25:20,608 - federation.py[line:124] - DEBUG: [REMOTE] Sent hetero_network_embedding_example_standalone_20190823092457-HeteroNETransferVariable.batch_data_index-HeteroNETransferVariable.batch_data_index.0.0.1-guest-10000-host-9999"
"2019-08-23 09:25:20,671 - federation.py[line:46] - DEBUG: [GET] Got hetero_network_embedding_example_standalone_20190823092457-HeteroNETransferVariable.batch_data_index-HeteroNETransferVariable.batch_data_index.0.0.1-guest-10000-host-9999 type Table"
"2019-08-23 09:25:29,257 - federation.py[line:145] - DEBUG: [GET] guest 10000 getting remote object HeteroNETransferVariable.host_forward_dict.0.0.1 from host [9999]"
"2019-08-23 09:25:29,836 - federation.py[line:124] - DEBUG: [REMOTE] Sent hetero_network_embedding_example_standalone_20190823092457-HeteroNETransferVariable.host_forward_dict-HeteroNETransferVariable.host_forward_dict.0.0.1-host-9999-guest-10000"
"2019-08-23 09:25:29,836 - federation.py[line:145] - DEBUG: [GET] host 9999 getting remote object HeteroNETransferVariable.host_optim_gradient.0.0.1 from arbiter [10000]"
"2019-08-23 09:25:29,860 - federation.py[line:46] - DEBUG: [GET] Got hetero_network_embedding_example_standalone_20190823092457-HeteroNETransferVariable.host_forward_dict-HeteroNETransferVariable.host_forward_dict.0.0.1-host-9999-guest-10000 type Table"
"2019-08-23 09:25:30,599 - federation.py[line:124] - DEBUG: [REMOTE] Sent hetero_network_embedding_example_standalone_20190823092457-HeteroNETransferVariable.host_gradient-HeteroNETransferVariable.host_gradient.0.0.1-guest-10000-arbiter-10000"
"2019-08-23 09:25:30,669 - federation.py[line:46] - DEBUG: [GET] Got hetero_network_embedding_example_standalone_20190823092457-HeteroNETransferVariable.host_gradient-HeteroNETransferVariable.host_gradient.0.0.1-guest-10000-arbiter-10000 type Table"
"2019-08-23 09:25:30,670 - federation.py[line:145] - DEBUG: [GET] arbiter 10000 getting remote object HeteroNETransferVariable.guest_gradient.0.0.1 from guest [10000]"
"2019-08-23 09:25:31,244 - federation.py[line:124] - DEBUG: [REMOTE] Sent hetero_network_embedding_example_standalone_20190823092457-HeteroNETransferVariable.guest_gradient-HeteroNETransferVariable.guest_gradient.0.0.1-guest-10000-arbiter-10000"
"2019-08-23 09:25:31,244 - federation.py[line:145] - DEBUG: [GET] guest 10000 getting remote object HeteroNETransferVariable.guest_optim_gradient.0.0.1 from arbiter [10000]"
"2019-08-23 09:25:31,273 - federation.py[line:46] - DEBUG: [GET] Got hetero_network_embedding_example_standalone_20190823092457-HeteroNETransferVariable.guest_gradient-HeteroNETransferVariable.guest_gradient.0.0.1-guest-10000-arbiter-10000 type Table"
"2019-08-23 09:25:31,705 - federation.py[line:124] - DEBUG: [REMOTE] Sent hetero_network_embedding_example_standalone_20190823092457-HeteroNETransferVariable.host_optim_gradient-HeteroNETransferVariable.host_optim_gradient.0.0.1-arbiter-10000-host-9999"
"2019-08-23 09:25:31,723 - federation.py[line:124] - DEBUG: [REMOTE] Sent hetero_network_embedding_example_standalone_20190823092457-HeteroNETransferVariable.guest_optim_gradient-HeteroNETransferVariable.guest_optim_gradient.0.0.1-arbiter-10000-guest-10000"
"2019-08-23 09:25:31,723 - federation.py[line:145] - DEBUG: [GET] arbiter 10000 getting remote object HeteroNETransferVariable.loss.0.0.1 from guest [10000]"
"2019-08-23 09:25:31,744 - federation.py[line:46] - DEBUG: [GET] Got hetero_network_embedding_example_standalone_20190823092457-HeteroNETransferVariable.host_optim_gradient-HeteroNETransferVariable.host_optim_gradient.0.0.1-arbiter-10000-host-9999 type Table"
"2019-08-23 09:25:31,747 - federation.py[line:46] - DEBUG: [GET] Got hetero_network_embedding_example_standalone_20190823092457-HeteroNETransferVariable.guest_optim_gradient-HeteroNETransferVariable.guest_optim_gradient.0.0.1-arbiter-10000-guest-10000 type Table"
"2019-08-23 09:25:31,970 - federation.py[line:145] - DEBUG: [GET] host 9999 getting remote object HeteroNETransferVariable.batch_data_index.0.0.2 from guest [10000]"
"2019-08-23 09:25:31,996 - federation.py[line:124] - DEBUG: [REMOTE] Sent hetero_network_embedding_example_standalone_20190823092457-HeteroNETransferVariable.loss-HeteroNETransferVariable.loss.0.0.1-guest-10000-arbiter-10000"
"2019-08-23 09:25:32,025 - federation.py[line:46] - DEBUG: [GET] Got hetero_network_embedding_example_standalone_20190823092457-HeteroNETransferVariable.loss-HeteroNETransferVariable.loss.0.0.1-guest-10000-arbiter-10000 type Object"
"2019-08-23 09:25:32,026 - federation.py[line:145] - DEBUG: [GET] arbiter 10000 getting remote object HeteroNETransferVariable.host_gradient.0.0.2 from guest [10000]"
"2019-08-23 09:25:32,636 - federation.py[line:124] - DEBUG: [REMOTE] Sent hetero_network_embedding_example_standalone_20190823092457-HeteroNETransferVariable.batch_data_index-HeteroNETransferVariable.batch_data_index.0.0.2-guest-10000-host-9999"
"2019-08-23 09:25:32,673 - federation.py[line:46] - DEBUG: [GET] Got hetero_network_embedding_example_standalone_20190823092457-HeteroNETransferVariable.batch_data_index-HeteroNETransferVariable.batch_data_index.0.0.2-guest-10000-host-9999 type Table"
"2019-08-23 09:25:41,685 - federation.py[line:124] - DEBUG: [REMOTE] Sent hetero_network_embedding_example_standalone_20190823092457-HeteroNETransferVariable.host_forward_dict-HeteroNETransferVariable.host_forward_dict.0.0.2-host-9999-guest-10000"
"2019-08-23 09:25:41,686 - federation.py[line:145] - DEBUG: [GET] host 9999 getting remote object HeteroNETransferVariable.host_optim_gradient.0.0.2 from arbiter [10000]"
"2019-08-23 09:25:42,076 - federation.py[line:145] - DEBUG: [GET] guest 10000 getting remote object HeteroNETransferVariable.host_forward_dict.0.0.2 from host [9999]"
"2019-08-23 09:25:42,077 - federation.py[line:46] - DEBUG: [GET] Got hetero_network_embedding_example_standalone_20190823092457-HeteroNETransferVariable.host_forward_dict-HeteroNETransferVariable.host_forward_dict.0.0.2-host-9999-guest-10000 type Table"
"2019-08-23 09:25:42,680 - federation.py[line:124] - DEBUG: [REMOTE] Sent hetero_network_embedding_example_standalone_20190823092457-HeteroNETransferVariable.host_gradient-HeteroNETransferVariable.host_gradient.0.0.2-guest-10000-arbiter-10000"
"2019-08-23 09:25:42,767 - federation.py[line:46] - DEBUG: [GET] Got hetero_network_embedding_example_standalone_20190823092457-HeteroNETransferVariable.host_gradient-HeteroNETransferVariable.host_gradient.0.0.2-guest-10000-arbiter-10000 type Table"
"2019-08-23 09:25:42,768 - federation.py[line:145] - DEBUG: [GET] arbiter 10000 getting remote object HeteroNETransferVariable.guest_gradient.0.0.2 from guest [10000]"
"2019-08-23 09:25:43,505 - federation.py[line:124] - DEBUG: [REMOTE] Sent hetero_network_embedding_example_standalone_20190823092457-HeteroNETransferVariable.guest_gradient-HeteroNETransferVariable.guest_gradient.0.0.2-guest-10000-arbiter-10000"
"2019-08-23 09:25:43,505 - federation.py[line:145] - DEBUG: [GET] guest 10000 getting remote object HeteroNETransferVariable.guest_optim_gradient.0.0.2 from arbiter [10000]"
"2019-08-23 09:25:43,572 - federation.py[line:46] - DEBUG: [GET] Got hetero_network_embedding_example_standalone_20190823092457-HeteroNETransferVariable.guest_gradient-HeteroNETransferVariable.guest_gradient.0.0.2-guest-10000-arbiter-10000 type Table"
"2019-08-23 09:25:43,777 - federation.py[line:124] - DEBUG: [REMOTE] Sent hetero_network_embedding_example_standalone_20190823092457-HeteroNETransferVariable.host_optim_gradient-HeteroNETransferVariable.host_optim_gradient.0.0.2-arbiter-10000-host-9999"
"2019-08-23 09:25:43,791 - federation.py[line:124] - DEBUG: [REMOTE] Sent hetero_network_embedding_example_standalone_20190823092457-HeteroNETransferVariable.guest_optim_gradient-HeteroNETransferVariable.guest_optim_gradient.0.0.2-arbiter-10000-guest-10000"
"2019-08-23 09:25:43,791 - federation.py[line:145] - DEBUG: [GET] arbiter 10000 getting remote object HeteroNETransferVariable.loss.0.0.2 from guest [10000]"
"2019-08-23 09:25:43,795 - federation.py[line:46] - DEBUG: [GET] Got hetero_network_embedding_example_standalone_20190823092457-HeteroNETransferVariable.host_optim_gradient-HeteroNETransferVariable.host_optim_gradient.0.0.2-arbiter-10000-host-9999 type Table"
"2019-08-23 09:25:43,807 - federation.py[line:46] - DEBUG: [GET] Got hetero_network_embedding_example_standalone_20190823092457-HeteroNETransferVariable.guest_optim_gradient-HeteroNETransferVariable.guest_optim_gradient.0.0.2-arbiter-10000-guest-10000 type Table"
"2019-08-23 09:25:44,301 - federation.py[line:145] - DEBUG: [GET] host 9999 getting remote object HeteroNETransferVariable.batch_data_index.0.0.3 from guest [10000]"
"2019-08-23 09:25:44,364 - federation.py[line:124] - DEBUG: [REMOTE] Sent hetero_network_embedding_example_standalone_20190823092457-HeteroNETransferVariable.loss-HeteroNETransferVariable.loss.0.0.2-guest-10000-arbiter-10000"
"2019-08-23 09:25:44,394 - federation.py[line:46] - DEBUG: [GET] Got hetero_network_embedding_example_standalone_20190823092457-HeteroNETransferVariable.loss-HeteroNETransferVariable.loss.0.0.2-guest-10000-arbiter-10000 type Object"
"2019-08-23 09:25:44,394 - federation.py[line:145] - DEBUG: [GET] arbiter 10000 getting remote object HeteroNETransferVariable.host_gradient.0.0.3 from guest [10000]"
"2019-08-23 09:25:44,630 - federation.py[line:124] - DEBUG: [REMOTE] Sent hetero_network_embedding_example_standalone_20190823092457-HeteroNETransferVariable.batch_data_index-HeteroNETransferVariable.batch_data_index.0.0.3-guest-10000-host-9999"
"2019-08-23 09:25:44,703 - federation.py[line:46] - DEBUG: [GET] Got hetero_network_embedding_example_standalone_20190823092457-HeteroNETransferVariable.batch_data_index-HeteroNETransferVariable.batch_data_index.0.0.3-guest-10000-host-9999 type Table"
"2019-08-23 09:25:54,067 - federation.py[line:145] - DEBUG: [GET] guest 10000 getting remote object HeteroNETransferVariable.host_forward_dict.0.0.3 from host [9999]"
"2019-08-23 09:25:54,081 - federation.py[line:124] - DEBUG: [REMOTE] Sent hetero_network_embedding_example_standalone_20190823092457-HeteroNETransferVariable.host_forward_dict-HeteroNETransferVariable.host_forward_dict.0.0.3-host-9999-guest-10000"
"2019-08-23 09:25:54,081 - federation.py[line:145] - DEBUG: [GET] host 9999 getting remote object HeteroNETransferVariable.host_optim_gradient.0.0.3 from arbiter [10000]"
"2019-08-23 09:25:54,168 - federation.py[line:46] - DEBUG: [GET] Got hetero_network_embedding_example_standalone_20190823092457-HeteroNETransferVariable.host_forward_dict-HeteroNETransferVariable.host_forward_dict.0.0.3-host-9999-guest-10000 type Table"
"2019-08-23 09:25:54,707 - federation.py[line:124] - DEBUG: [REMOTE] Sent hetero_network_embedding_example_standalone_20190823092457-HeteroNETransferVariable.host_gradient-HeteroNETransferVariable.host_gradient.0.0.3-guest-10000-arbiter-10000"
"2019-08-23 09:25:54,751 - federation.py[line:46] - DEBUG: [GET] Got hetero_network_embedding_example_standalone_20190823092457-HeteroNETransferVariable.host_gradient-HeteroNETransferVariable.host_gradient.0.0.3-guest-10000-arbiter-10000 type Table"
"2019-08-23 09:25:54,752 - federation.py[line:145] - DEBUG: [GET] arbiter 10000 getting remote object HeteroNETransferVariable.guest_gradient.0.0.3 from guest [10000]"
"2019-08-23 09:25:55,400 - federation.py[line:124] - DEBUG: [REMOTE] Sent hetero_network_embedding_example_standalone_20190823092457-HeteroNETransferVariable.guest_gradient-HeteroNETransferVariable.guest_gradient.0.0.3-guest-10000-arbiter-10000"
"2019-08-23 09:25:55,401 - federation.py[line:145] - DEBUG: [GET] guest 10000 getting remote object HeteroNETransferVariable.guest_optim_gradient.0.0.3 from arbiter [10000]"
"2019-08-23 09:25:55,455 - federation.py[line:46] - DEBUG: [GET] Got hetero_network_embedding_example_standalone_20190823092457-HeteroNETransferVariable.guest_gradient-HeteroNETransferVariable.guest_gradient.0.0.3-guest-10000-arbiter-10000 type Table"
"2019-08-23 09:25:55,653 - federation.py[line:124] - DEBUG: [REMOTE] Sent hetero_network_embedding_example_standalone_20190823092457-HeteroNETransferVariable.host_optim_gradient-HeteroNETransferVariable.host_optim_gradient.0.0.3-arbiter-10000-host-9999"
"2019-08-23 09:25:55,672 - federation.py[line:124] - DEBUG: [REMOTE] Sent hetero_network_embedding_example_standalone_20190823092457-HeteroNETransferVariable.guest_optim_gradient-HeteroNETransferVariable.guest_optim_gradient.0.0.3-arbiter-10000-guest-10000"
"2019-08-23 09:25:55,673 - federation.py[line:145] - DEBUG: [GET] arbiter 10000 getting remote object HeteroNETransferVariable.loss.0.0.3 from guest [10000]"
"2019-08-23 09:25:55,688 - federation.py[line:46] - DEBUG: [GET] Got hetero_network_embedding_example_standalone_20190823092457-HeteroNETransferVariable.host_optim_gradient-HeteroNETransferVariable.host_optim_gradient.0.0.3-arbiter-10000-host-9999 type Table"
"2019-08-23 09:25:55,702 - federation.py[line:46] - DEBUG: [GET] Got hetero_network_embedding_example_standalone_20190823092457-HeteroNETransferVariable.guest_optim_gradient-HeteroNETransferVariable.guest_optim_gradient.0.0.3-arbiter-10000-guest-10000 type Table"
"2019-08-23 09:25:55,932 - federation.py[line:145] - DEBUG: [GET] host 9999 getting remote object HeteroNETransferVariable.batch_data_index.0.0.4 from guest [10000]"
"2019-08-23 09:25:55,965 - federation.py[line:124] - DEBUG: [REMOTE] Sent hetero_network_embedding_example_standalone_20190823092457-HeteroNETransferVariable.loss-HeteroNETransferVariable.loss.0.0.3-guest-10000-arbiter-10000"
"2019-08-23 09:25:55,974 - federation.py[line:46] - DEBUG: [GET] Got hetero_network_embedding_example_standalone_20190823092457-HeteroNETransferVariable.loss-HeteroNETransferVariable.loss.0.0.3-guest-10000-arbiter-10000 type Object"
"2019-08-23 09:25:55,975 - federation.py[line:145] - DEBUG: [GET] arbiter 10000 getting remote object HeteroNETransferVariable.host_gradient.0.0.4 from guest [10000]"
"2019-08-23 09:25:56,487 - federation.py[line:124] - DEBUG: [REMOTE] Sent hetero_network_embedding_example_standalone_20190823092457-HeteroNETransferVariable.batch_data_index-HeteroNETransferVariable.batch_data_index.0.0.4-guest-10000-host-9999"
"2019-08-23 09:25:56,534 - federation.py[line:46] - DEBUG: [GET] Got hetero_network_embedding_example_standalone_20190823092457-HeteroNETransferVariable.batch_data_index-HeteroNETransferVariable.batch_data_index.0.0.4-guest-10000-host-9999 type Table"
"2019-08-23 09:26:05,576 - federation.py[line:145] - DEBUG: [GET] guest 10000 getting remote object HeteroNETransferVariable.host_forward_dict.0.0.4 from host [9999]"
"2019-08-23 09:26:05,694 - federation.py[line:124] - DEBUG: [REMOTE] Sent hetero_network_embedding_example_standalone_20190823092457-HeteroNETransferVariable.host_forward_dict-HeteroNETransferVariable.host_forward_dict.0.0.4-host-9999-guest-10000"
"2019-08-23 09:26:05,695 - federation.py[line:145] - DEBUG: [GET] host 9999 getting remote object HeteroNETransferVariable.host_optim_gradient.0.0.4 from arbiter [10000]"
"2019-08-23 09:26:05,777 - federation.py[line:46] - DEBUG: [GET] Got hetero_network_embedding_example_standalone_20190823092457-HeteroNETransferVariable.host_forward_dict-HeteroNETransferVariable.host_forward_dict.0.0.4-host-9999-guest-10000 type Table"
"2019-08-23 09:26:06,805 - federation.py[line:124] - DEBUG: [REMOTE] Sent hetero_network_embedding_example_standalone_20190823092457-HeteroNETransferVariable.host_gradient-HeteroNETransferVariable.host_gradient.0.0.4-guest-10000-arbiter-10000"
"2019-08-23 09:26:06,816 - federation.py[line:46] - DEBUG: [GET] Got hetero_network_embedding_example_standalone_20190823092457-HeteroNETransferVariable.host_gradient-HeteroNETransferVariable.host_gradient.0.0.4-guest-10000-arbiter-10000 type Table"
"2019-08-23 09:26:06,817 - federation.py[line:145] - DEBUG: [GET] arbiter 10000 getting remote object HeteroNETransferVariable.guest_gradient.0.0.4 from guest [10000]"
"2019-08-23 09:26:07,507 - federation.py[line:124] - DEBUG: [REMOTE] Sent hetero_network_embedding_example_standalone_20190823092457-HeteroNETransferVariable.guest_gradient-HeteroNETransferVariable.guest_gradient.0.0.4-guest-10000-arbiter-10000"
"2019-08-23 09:26:07,507 - federation.py[line:145] - DEBUG: [GET] guest 10000 getting remote object HeteroNETransferVariable.guest_optim_gradient.0.0.4 from arbiter [10000]"
"2019-08-23 09:26:07,520 - federation.py[line:46] - DEBUG: [GET] Got hetero_network_embedding_example_standalone_20190823092457-HeteroNETransferVariable.guest_gradient-HeteroNETransferVariable.guest_gradient.0.0.4-guest-10000-arbiter-10000 type Table"
"2019-08-23 09:26:07,729 - federation.py[line:124] - DEBUG: [REMOTE] Sent hetero_network_embedding_example_standalone_20190823092457-HeteroNETransferVariable.host_optim_gradient-HeteroNETransferVariable.host_optim_gradient.0.0.4-arbiter-10000-host-9999"
"2019-08-23 09:26:07,751 - federation.py[line:124] - DEBUG: [REMOTE] Sent hetero_network_embedding_example_standalone_20190823092457-HeteroNETransferVariable.guest_optim_gradient-HeteroNETransferVariable.guest_optim_gradient.0.0.4-arbiter-10000-guest-10000"
"2019-08-23 09:26:07,752 - federation.py[line:145] - DEBUG: [GET] arbiter 10000 getting remote object HeteroNETransferVariable.loss.0.0.4 from guest [10000]"
"2019-08-23 09:26:07,804 - federation.py[line:46] - DEBUG: [GET] Got hetero_network_embedding_example_standalone_20190823092457-HeteroNETransferVariable.host_optim_gradient-HeteroNETransferVariable.host_optim_gradient.0.0.4-arbiter-10000-host-9999 type Table"
"2019-08-23 09:26:07,809 - federation.py[line:46] - DEBUG: [GET] Got hetero_network_embedding_example_standalone_20190823092457-HeteroNETransferVariable.guest_optim_gradient-HeteroNETransferVariable.guest_optim_gradient.0.0.4-arbiter-10000-guest-10000 type Table"
"2019-08-23 09:26:08,052 - federation.py[line:145] - DEBUG: [GET] host 9999 getting remote object HeteroNETransferVariable.batch_data_index.0.0.5 from guest [10000]"
"2019-08-23 09:26:08,086 - federation.py[line:124] - DEBUG: [REMOTE] Sent hetero_network_embedding_example_standalone_20190823092457-HeteroNETransferVariable.loss-HeteroNETransferVariable.loss.0.0.4-guest-10000-arbiter-10000"
"2019-08-23 09:26:08,154 - federation.py[line:46] - DEBUG: [GET] Got hetero_network_embedding_example_standalone_20190823092457-HeteroNETransferVariable.loss-HeteroNETransferVariable.loss.0.0.4-guest-10000-arbiter-10000 type Object"
"2019-08-23 09:26:08,155 - federation.py[line:145] - DEBUG: [GET] arbiter 10000 getting remote object HeteroNETransferVariable.host_gradient.0.0.5 from guest [10000]"
"2019-08-23 09:26:08,561 - federation.py[line:124] - DEBUG: [REMOTE] Sent hetero_network_embedding_example_standalone_20190823092457-HeteroNETransferVariable.batch_data_index-HeteroNETransferVariable.batch_data_index.0.0.5-guest-10000-host-9999"
"2019-08-23 09:26:08,654 - federation.py[line:46] - DEBUG: [GET] Got hetero_network_embedding_example_standalone_20190823092457-HeteroNETransferVariable.batch_data_index-HeteroNETransferVariable.batch_data_index.0.0.5-guest-10000-host-9999 type Table"
"2019-08-23 09:26:17,733 - federation.py[line:145] - DEBUG: [GET] guest 10000 getting remote object HeteroNETransferVariable.host_forward_dict.0.0.5 from host [9999]"
"2019-08-23 09:26:17,816 - federation.py[line:124] - DEBUG: [REMOTE] Sent hetero_network_embedding_example_standalone_20190823092457-HeteroNETransferVariable.host_forward_dict-HeteroNETransferVariable.host_forward_dict.0.0.5-host-9999-guest-10000"
"2019-08-23 09:26:17,816 - federation.py[line:145] - DEBUG: [GET] host 9999 getting remote object HeteroNETransferVariable.host_optim_gradient.0.0.5 from arbiter [10000]"
"2019-08-23 09:26:17,835 - federation.py[line:46] - DEBUG: [GET] Got hetero_network_embedding_example_standalone_20190823092457-HeteroNETransferVariable.host_forward_dict-HeteroNETransferVariable.host_forward_dict.0.0.5-host-9999-guest-10000 type Table"
"2019-08-23 09:26:18,497 - federation.py[line:124] - DEBUG: [REMOTE] Sent hetero_network_embedding_example_standalone_20190823092457-HeteroNETransferVariable.host_gradient-HeteroNETransferVariable.host_gradient.0.0.5-guest-10000-arbiter-10000"
"2019-08-23 09:26:18,501 - federation.py[line:46] - DEBUG: [GET] Got hetero_network_embedding_example_standalone_20190823092457-HeteroNETransferVariable.host_gradient-HeteroNETransferVariable.host_gradient.0.0.5-guest-10000-arbiter-10000 type Table"
"2019-08-23 09:26:18,502 - federation.py[line:145] - DEBUG: [GET] arbiter 10000 getting remote object HeteroNETransferVariable.guest_gradient.0.0.5 from guest [10000]"
"2019-08-23 09:26:19,323 - federation.py[line:124] - DEBUG: [REMOTE] Sent hetero_network_embedding_example_standalone_20190823092457-HeteroNETransferVariable.guest_gradient-HeteroNETransferVariable.guest_gradient.0.0.5-guest-10000-arbiter-10000"
"2019-08-23 09:26:19,324 - federation.py[line:145] - DEBUG: [GET] guest 10000 getting remote object HeteroNETransferVariable.guest_optim_gradient.0.0.5 from arbiter [10000]"
"2019-08-23 09:26:19,405 - federation.py[line:46] - DEBUG: [GET] Got hetero_network_embedding_example_standalone_20190823092457-HeteroNETransferVariable.guest_gradient-HeteroNETransferVariable.guest_gradient.0.0.5-guest-10000-arbiter-10000 type Table"
"2019-08-23 09:26:19,817 - federation.py[line:124] - DEBUG: [REMOTE] Sent hetero_network_embedding_example_standalone_20190823092457-HeteroNETransferVariable.host_optim_gradient-HeteroNETransferVariable.host_optim_gradient.0.0.5-arbiter-10000-host-9999"
"2019-08-23 09:26:19,825 - federation.py[line:46] - DEBUG: [GET] Got hetero_network_embedding_example_standalone_20190823092457-HeteroNETransferVariable.host_optim_gradient-HeteroNETransferVariable.host_optim_gradient.0.0.5-arbiter-10000-host-9999 type Table"
"2019-08-23 09:26:19,833 - federation.py[line:124] - DEBUG: [REMOTE] Sent hetero_network_embedding_example_standalone_20190823092457-HeteroNETransferVariable.guest_optim_gradient-HeteroNETransferVariable.guest_optim_gradient.0.0.5-arbiter-10000-guest-10000"
"2019-08-23 09:26:19,833 - federation.py[line:145] - DEBUG: [GET] arbiter 10000 getting remote object HeteroNETransferVariable.loss.0.0.5 from guest [10000]"
"2019-08-23 09:26:19,927 - federation.py[line:46] - DEBUG: [GET] Got hetero_network_embedding_example_standalone_20190823092457-HeteroNETransferVariable.guest_optim_gradient-HeteroNETransferVariable.guest_optim_gradient.0.0.5-arbiter-10000-guest-10000 type Table"
"2019-08-23 09:26:20,007 - federation.py[line:145] - DEBUG: [GET] host 9999 getting remote object HeteroNETransferVariable.batch_data_index.0.0.6 from guest [10000]"
"2019-08-23 09:26:20,235 - federation.py[line:46] - DEBUG: [GET] Got hetero_network_embedding_example_standalone_20190823092457-HeteroNETransferVariable.loss-HeteroNETransferVariable.loss.0.0.5-guest-10000-arbiter-10000 type Object"
"2019-08-23 09:26:20,236 - federation.py[line:145] - DEBUG: [GET] arbiter 10000 getting remote object HeteroNETransferVariable.host_gradient.0.0.6 from guest [10000]"
"2019-08-23 09:26:20,367 - federation.py[line:124] - DEBUG: [REMOTE] Sent hetero_network_embedding_example_standalone_20190823092457-HeteroNETransferVariable.loss-HeteroNETransferVariable.loss.0.0.5-guest-10000-arbiter-10000"
"2019-08-23 09:26:20,908 - federation.py[line:124] - DEBUG: [REMOTE] Sent hetero_network_embedding_example_standalone_20190823092457-HeteroNETransferVariable.batch_data_index-HeteroNETransferVariable.batch_data_index.0.0.6-guest-10000-host-9999"
"2019-08-23 09:26:20,911 - federation.py[line:46] - DEBUG: [GET] Got hetero_network_embedding_example_standalone_20190823092457-HeteroNETransferVariable.batch_data_index-HeteroNETransferVariable.batch_data_index.0.0.6-guest-10000-host-9999 type Table"
"2019-08-23 09:26:29,860 - federation.py[line:145] - DEBUG: [GET] guest 10000 getting remote object HeteroNETransferVariable.host_forward_dict.0.0.6 from host [9999]"
"2019-08-23 09:26:30,392 - federation.py[line:124] - DEBUG: [REMOTE] Sent hetero_network_embedding_example_standalone_20190823092457-HeteroNETransferVariable.host_forward_dict-HeteroNETransferVariable.host_forward_dict.0.0.6-host-9999-guest-10000"
"2019-08-23 09:26:30,393 - federation.py[line:145] - DEBUG: [GET] host 9999 getting remote object HeteroNETransferVariable.host_optim_gradient.0.0.6 from arbiter [10000]"
"2019-08-23 09:26:30,464 - federation.py[line:46] - DEBUG: [GET] Got hetero_network_embedding_example_standalone_20190823092457-HeteroNETransferVariable.host_forward_dict-HeteroNETransferVariable.host_forward_dict.0.0.6-host-9999-guest-10000 type Table"
"2019-08-23 09:26:31,089 - federation.py[line:124] - DEBUG: [REMOTE] Sent hetero_network_embedding_example_standalone_20190823092457-HeteroNETransferVariable.host_gradient-HeteroNETransferVariable.host_gradient.0.0.6-guest-10000-arbiter-10000"
"2019-08-23 09:26:31,179 - federation.py[line:46] - DEBUG: [GET] Got hetero_network_embedding_example_standalone_20190823092457-HeteroNETransferVariable.host_gradient-HeteroNETransferVariable.host_gradient.0.0.6-guest-10000-arbiter-10000 type Table"
"2019-08-23 09:26:31,179 - federation.py[line:145] - DEBUG: [GET] arbiter 10000 getting remote object HeteroNETransferVariable.guest_gradient.0.0.6 from guest [10000]"
"2019-08-23 09:26:32,016 - federation.py[line:124] - DEBUG: [REMOTE] Sent hetero_network_embedding_example_standalone_20190823092457-HeteroNETransferVariable.guest_gradient-HeteroNETransferVariable.guest_gradient.0.0.6-guest-10000-arbiter-10000"
"2019-08-23 09:26:32,017 - federation.py[line:145] - DEBUG: [GET] guest 10000 getting remote object HeteroNETransferVariable.guest_optim_gradient.0.0.6 from arbiter [10000]"
"2019-08-23 09:26:32,083 - federation.py[line:46] - DEBUG: [GET] Got hetero_network_embedding_example_standalone_20190823092457-HeteroNETransferVariable.guest_gradient-HeteroNETransferVariable.guest_gradient.0.0.6-guest-10000-arbiter-10000 type Table"
"2019-08-23 09:26:32,222 - federation.py[line:124] - DEBUG: [REMOTE] Sent hetero_network_embedding_example_standalone_20190823092457-HeteroNETransferVariable.host_optim_gradient-HeteroNETransferVariable.host_optim_gradient.0.0.6-arbiter-10000-host-9999"
"2019-08-23 09:26:32,233 - federation.py[line:124] - DEBUG: [REMOTE] Sent hetero_network_embedding_example_standalone_20190823092457-HeteroNETransferVariable.guest_optim_gradient-HeteroNETransferVariable.guest_optim_gradient.0.0.6-arbiter-10000-guest-10000"
"2019-08-23 09:26:32,234 - federation.py[line:145] - DEBUG: [GET] arbiter 10000 getting remote object HeteroNETransferVariable.loss.0.0.6 from guest [10000]"
"2019-08-23 09:26:32,301 - federation.py[line:46] - DEBUG: [GET] Got hetero_network_embedding_example_standalone_20190823092457-HeteroNETransferVariable.host_optim_gradient-HeteroNETransferVariable.host_optim_gradient.0.0.6-arbiter-10000-host-9999 type Table"
"2019-08-23 09:26:32,318 - federation.py[line:46] - DEBUG: [GET] Got hetero_network_embedding_example_standalone_20190823092457-HeteroNETransferVariable.guest_optim_gradient-HeteroNETransferVariable.guest_optim_gradient.0.0.6-arbiter-10000-guest-10000 type Table"
"2019-08-23 09:26:32,608 - federation.py[line:145] - DEBUG: [GET] host 9999 getting remote object HeteroNETransferVariable.batch_data_index.0.0.7 from guest [10000]"
"2019-08-23 09:26:32,627 - federation.py[line:124] - DEBUG: [REMOTE] Sent hetero_network_embedding_example_standalone_20190823092457-HeteroNETransferVariable.loss-HeteroNETransferVariable.loss.0.0.6-guest-10000-arbiter-10000"
"2019-08-23 09:26:32,635 - federation.py[line:46] - DEBUG: [GET] Got hetero_network_embedding_example_standalone_20190823092457-HeteroNETransferVariable.loss-HeteroNETransferVariable.loss.0.0.6-guest-10000-arbiter-10000 type Object"
"2019-08-23 09:26:32,636 - federation.py[line:145] - DEBUG: [GET] arbiter 10000 getting remote object HeteroNETransferVariable.host_gradient.0.0.7 from guest [10000]"
"2019-08-23 09:26:32,952 - federation.py[line:124] - DEBUG: [REMOTE] Sent hetero_network_embedding_example_standalone_20190823092457-HeteroNETransferVariable.batch_data_index-HeteroNETransferVariable.batch_data_index.0.0.7-guest-10000-host-9999"
"2019-08-23 09:26:33,010 - federation.py[line:46] - DEBUG: [GET] Got hetero_network_embedding_example_standalone_20190823092457-HeteroNETransferVariable.batch_data_index-HeteroNETransferVariable.batch_data_index.0.0.7-guest-10000-host-9999 type Table"
"2019-08-23 09:26:42,015 - federation.py[line:145] - DEBUG: [GET] guest 10000 getting remote object HeteroNETransferVariable.host_forward_dict.0.0.7 from host [9999]"
"2019-08-23 09:26:42,026 - federation.py[line:124] - DEBUG: [REMOTE] Sent hetero_network_embedding_example_standalone_20190823092457-HeteroNETransferVariable.host_forward_dict-HeteroNETransferVariable.host_forward_dict.0.0.7-host-9999-guest-10000"
"2019-08-23 09:26:42,027 - federation.py[line:145] - DEBUG: [GET] host 9999 getting remote object HeteroNETransferVariable.host_optim_gradient.0.0.7 from arbiter [10000]"
"2019-08-23 09:26:42,116 - federation.py[line:46] - DEBUG: [GET] Got hetero_network_embedding_example_standalone_20190823092457-HeteroNETransferVariable.host_forward_dict-HeteroNETransferVariable.host_forward_dict.0.0.7-host-9999-guest-10000 type Table"
"2019-08-23 09:26:42,650 - federation.py[line:124] - DEBUG: [REMOTE] Sent hetero_network_embedding_example_standalone_20190823092457-HeteroNETransferVariable.host_gradient-HeteroNETransferVariable.host_gradient.0.0.7-guest-10000-arbiter-10000"
"2019-08-23 09:26:42,674 - federation.py[line:46] - DEBUG: [GET] Got hetero_network_embedding_example_standalone_20190823092457-HeteroNETransferVariable.host_gradient-HeteroNETransferVariable.host_gradient.0.0.7-guest-10000-arbiter-10000 type Table"
"2019-08-23 09:26:42,674 - federation.py[line:145] - DEBUG: [GET] arbiter 10000 getting remote object HeteroNETransferVariable.guest_gradient.0.0.7 from guest [10000]"
"2019-08-23 09:26:43,360 - federation.py[line:124] - DEBUG: [REMOTE] Sent hetero_network_embedding_example_standalone_20190823092457-HeteroNETransferVariable.guest_gradient-HeteroNETransferVariable.guest_gradient.0.0.7-guest-10000-arbiter-10000"
"2019-08-23 09:26:43,360 - federation.py[line:145] - DEBUG: [GET] guest 10000 getting remote object HeteroNETransferVariable.guest_optim_gradient.0.0.7 from arbiter [10000]"
"2019-08-23 09:26:43,377 - federation.py[line:46] - DEBUG: [GET] Got hetero_network_embedding_example_standalone_20190823092457-HeteroNETransferVariable.guest_gradient-HeteroNETransferVariable.guest_gradient.0.0.7-guest-10000-arbiter-10000 type Table"
"2019-08-23 09:26:43,572 - federation.py[line:124] - DEBUG: [REMOTE] Sent hetero_network_embedding_example_standalone_20190823092457-HeteroNETransferVariable.host_optim_gradient-HeteroNETransferVariable.host_optim_gradient.0.0.7-arbiter-10000-host-9999"
"2019-08-23 09:26:43,594 - federation.py[line:124] - DEBUG: [REMOTE] Sent hetero_network_embedding_example_standalone_20190823092457-HeteroNETransferVariable.guest_optim_gradient-HeteroNETransferVariable.guest_optim_gradient.0.0.7-arbiter-10000-guest-10000"
"2019-08-23 09:26:43,595 - federation.py[line:145] - DEBUG: [GET] arbiter 10000 getting remote object HeteroNETransferVariable.loss.0.0.7 from guest [10000]"
"2019-08-23 09:26:43,633 - federation.py[line:46] - DEBUG: [GET] Got hetero_network_embedding_example_standalone_20190823092457-HeteroNETransferVariable.host_optim_gradient-HeteroNETransferVariable.host_optim_gradient.0.0.7-arbiter-10000-host-9999 type Table"
"2019-08-23 09:26:43,662 - federation.py[line:46] - DEBUG: [GET] Got hetero_network_embedding_example_standalone_20190823092457-HeteroNETransferVariable.guest_optim_gradient-HeteroNETransferVariable.guest_optim_gradient.0.0.7-arbiter-10000-guest-10000 type Table"
"2019-08-23 09:26:43,817 - federation.py[line:145] - DEBUG: [GET] host 9999 getting remote object HeteroNETransferVariable.batch_data_index.0.0.8 from guest [10000]"
"2019-08-23 09:26:43,839 - federation.py[line:124] - DEBUG: [REMOTE] Sent hetero_network_embedding_example_standalone_20190823092457-HeteroNETransferVariable.loss-HeteroNETransferVariable.loss.0.0.7-guest-10000-arbiter-10000"
"2019-08-23 09:26:43,896 - federation.py[line:46] - DEBUG: [GET] Got hetero_network_embedding_example_standalone_20190823092457-HeteroNETransferVariable.loss-HeteroNETransferVariable.loss.0.0.7-guest-10000-arbiter-10000 type Object"
"2019-08-23 09:26:43,897 - federation.py[line:145] - DEBUG: [GET] arbiter 10000 getting remote object HeteroNETransferVariable.host_gradient.0.0.8 from guest [10000]"
"2019-08-23 09:26:44,337 - federation.py[line:124] - DEBUG: [REMOTE] Sent hetero_network_embedding_example_standalone_20190823092457-HeteroNETransferVariable.batch_data_index-HeteroNETransferVariable.batch_data_index.0.0.8-guest-10000-host-9999"
"2019-08-23 09:26:44,420 - federation.py[line:46] - DEBUG: [GET] Got hetero_network_embedding_example_standalone_20190823092457-HeteroNETransferVariable.batch_data_index-HeteroNETransferVariable.batch_data_index.0.0.8-guest-10000-host-9999 type Table"
"2019-08-23 09:26:53,480 - federation.py[line:145] - DEBUG: [GET] guest 10000 getting remote object HeteroNETransferVariable.host_forward_dict.0.0.8 from host [9999]"
"2019-08-23 09:26:53,492 - federation.py[line:124] - DEBUG: [REMOTE] Sent hetero_network_embedding_example_standalone_20190823092457-HeteroNETransferVariable.host_forward_dict-HeteroNETransferVariable.host_forward_dict.0.0.8-host-9999-guest-10000"
"2019-08-23 09:26:53,494 - federation.py[line:145] - DEBUG: [GET] host 9999 getting remote object HeteroNETransferVariable.host_optim_gradient.0.0.8 from arbiter [10000]"
"2019-08-23 09:26:53,582 - federation.py[line:46] - DEBUG: [GET] Got hetero_network_embedding_example_standalone_20190823092457-HeteroNETransferVariable.host_forward_dict-HeteroNETransferVariable.host_forward_dict.0.0.8-host-9999-guest-10000 type Table"
"2019-08-23 09:26:54,361 - federation.py[line:124] - DEBUG: [REMOTE] Sent hetero_network_embedding_example_standalone_20190823092457-HeteroNETransferVariable.host_gradient-HeteroNETransferVariable.host_gradient.0.0.8-guest-10000-arbiter-10000"
"2019-08-23 09:26:54,438 - federation.py[line:46] - DEBUG: [GET] Got hetero_network_embedding_example_standalone_20190823092457-HeteroNETransferVariable.host_gradient-HeteroNETransferVariable.host_gradient.0.0.8-guest-10000-arbiter-10000 type Table"
"2019-08-23 09:26:54,439 - federation.py[line:145] - DEBUG: [GET] arbiter 10000 getting remote object HeteroNETransferVariable.guest_gradient.0.0.8 from guest [10000]"
"2019-08-23 09:26:55,222 - federation.py[line:124] - DEBUG: [REMOTE] Sent hetero_network_embedding_example_standalone_20190823092457-HeteroNETransferVariable.guest_gradient-HeteroNETransferVariable.guest_gradient.0.0.8-guest-10000-arbiter-10000"
"2019-08-23 09:26:55,222 - federation.py[line:145] - DEBUG: [GET] guest 10000 getting remote object HeteroNETransferVariable.guest_optim_gradient.0.0.8 from arbiter [10000]"
"2019-08-23 09:26:55,243 - federation.py[line:46] - DEBUG: [GET] Got hetero_network_embedding_example_standalone_20190823092457-HeteroNETransferVariable.guest_gradient-HeteroNETransferVariable.guest_gradient.0.0.8-guest-10000-arbiter-10000 type Table"
"2019-08-23 09:26:55,421 - federation.py[line:124] - DEBUG: [REMOTE] Sent hetero_network_embedding_example_standalone_20190823092457-HeteroNETransferVariable.host_optim_gradient-HeteroNETransferVariable.host_optim_gradient.0.0.8-arbiter-10000-host-9999"
"2019-08-23 09:26:55,438 - federation.py[line:124] - DEBUG: [REMOTE] Sent hetero_network_embedding_example_standalone_20190823092457-HeteroNETransferVariable.guest_optim_gradient-HeteroNETransferVariable.guest_optim_gradient.0.0.8-arbiter-10000-guest-10000"
"2019-08-23 09:26:55,439 - federation.py[line:145] - DEBUG: [GET] arbiter 10000 getting remote object HeteroNETransferVariable.loss.0.0.8 from guest [10000]"
"2019-08-23 09:26:55,503 - federation.py[line:46] - DEBUG: [GET] Got hetero_network_embedding_example_standalone_20190823092457-HeteroNETransferVariable.host_optim_gradient-HeteroNETransferVariable.host_optim_gradient.0.0.8-arbiter-10000-host-9999 type Table"
"2019-08-23 09:26:55,524 - federation.py[line:46] - DEBUG: [GET] Got hetero_network_embedding_example_standalone_20190823092457-HeteroNETransferVariable.guest_optim_gradient-HeteroNETransferVariable.guest_optim_gradient.0.0.8-arbiter-10000-guest-10000 type Table"
"2019-08-23 09:26:55,728 - federation.py[line:145] - DEBUG: [GET] host 9999 getting remote object HeteroNETransferVariable.batch_data_index.0.0.9 from guest [10000]"
"2019-08-23 09:26:55,739 - federation.py[line:124] - DEBUG: [REMOTE] Sent hetero_network_embedding_example_standalone_20190823092457-HeteroNETransferVariable.loss-HeteroNETransferVariable.loss.0.0.8-guest-10000-arbiter-10000"
"2019-08-23 09:26:55,740 - federation.py[line:46] - DEBUG: [GET] Got hetero_network_embedding_example_standalone_20190823092457-HeteroNETransferVariable.loss-HeteroNETransferVariable.loss.0.0.8-guest-10000-arbiter-10000 type Object"
"2019-08-23 09:26:55,740 - federation.py[line:145] - DEBUG: [GET] arbiter 10000 getting remote object HeteroNETransferVariable.host_gradient.0.0.9 from guest [10000]"
"2019-08-23 09:26:56,555 - federation.py[line:124] - DEBUG: [REMOTE] Sent hetero_network_embedding_example_standalone_20190823092457-HeteroNETransferVariable.batch_data_index-HeteroNETransferVariable.batch_data_index.0.0.9-guest-10000-host-9999"
"2019-08-23 09:26:56,632 - federation.py[line:46] - DEBUG: [GET] Got hetero_network_embedding_example_standalone_20190823092457-HeteroNETransferVariable.batch_data_index-HeteroNETransferVariable.batch_data_index.0.0.9-guest-10000-host-9999 type Table"
"2019-08-23 09:27:06,021 - federation.py[line:124] - DEBUG: [REMOTE] Sent hetero_network_embedding_example_standalone_20190823092457-HeteroNETransferVariable.host_forward_dict-HeteroNETransferVariable.host_forward_dict.0.0.9-host-9999-guest-10000"
"2019-08-23 09:27:06,021 - federation.py[line:145] - DEBUG: [GET] host 9999 getting remote object HeteroNETransferVariable.host_optim_gradient.0.0.9 from arbiter [10000]"
"2019-08-23 09:27:06,076 - federation.py[line:145] - DEBUG: [GET] guest 10000 getting remote object HeteroNETransferVariable.host_forward_dict.0.0.9 from host [9999]"
"2019-08-23 09:27:06,076 - federation.py[line:46] - DEBUG: [GET] Got hetero_network_embedding_example_standalone_20190823092457-HeteroNETransferVariable.host_forward_dict-HeteroNETransferVariable.host_forward_dict.0.0.9-host-9999-guest-10000 type Table"
"2019-08-23 09:27:06,616 - federation.py[line:124] - DEBUG: [REMOTE] Sent hetero_network_embedding_example_standalone_20190823092457-HeteroNETransferVariable.host_gradient-HeteroNETransferVariable.host_gradient.0.0.9-guest-10000-arbiter-10000"
"2019-08-23 09:27:06,684 - federation.py[line:46] - DEBUG: [GET] Got hetero_network_embedding_example_standalone_20190823092457-HeteroNETransferVariable.host_gradient-HeteroNETransferVariable.host_gradient.0.0.9-guest-10000-arbiter-10000 type Table"
"2019-08-23 09:27:06,684 - federation.py[line:145] - DEBUG: [GET] arbiter 10000 getting remote object HeteroNETransferVariable.guest_gradient.0.0.9 from guest [10000]"
"2019-08-23 09:27:08,181 - federation.py[line:124] - DEBUG: [REMOTE] Sent hetero_network_embedding_example_standalone_20190823092457-HeteroNETransferVariable.guest_gradient-HeteroNETransferVariable.guest_gradient.0.0.9-guest-10000-arbiter-10000"
"2019-08-23 09:27:08,182 - federation.py[line:145] - DEBUG: [GET] guest 10000 getting remote object HeteroNETransferVariable.guest_optim_gradient.0.0.9 from arbiter [10000]"
"2019-08-23 09:27:08,191 - federation.py[line:46] - DEBUG: [GET] Got hetero_network_embedding_example_standalone_20190823092457-HeteroNETransferVariable.guest_gradient-HeteroNETransferVariable.guest_gradient.0.0.9-guest-10000-arbiter-10000 type Table"
"2019-08-23 09:27:08,381 - federation.py[line:124] - DEBUG: [REMOTE] Sent hetero_network_embedding_example_standalone_20190823092457-HeteroNETransferVariable.host_optim_gradient-HeteroNETransferVariable.host_optim_gradient.0.0.9-arbiter-10000-host-9999"
"2019-08-23 09:27:08,395 - federation.py[line:124] - DEBUG: [REMOTE] Sent hetero_network_embedding_example_standalone_20190823092457-HeteroNETransferVariable.guest_optim_gradient-HeteroNETransferVariable.guest_optim_gradient.0.0.9-arbiter-10000-guest-10000"
"2019-08-23 09:27:08,395 - federation.py[line:145] - DEBUG: [GET] arbiter 10000 getting remote object HeteroNETransferVariable.loss.0.0.9 from guest [10000]"
"2019-08-23 09:27:08,431 - federation.py[line:46] - DEBUG: [GET] Got hetero_network_embedding_example_standalone_20190823092457-HeteroNETransferVariable.host_optim_gradient-HeteroNETransferVariable.host_optim_gradient.0.0.9-arbiter-10000-host-9999 type Table"
"2019-08-23 09:27:08,486 - federation.py[line:46] - DEBUG: [GET] Got hetero_network_embedding_example_standalone_20190823092457-HeteroNETransferVariable.guest_optim_gradient-HeteroNETransferVariable.guest_optim_gradient.0.0.9-arbiter-10000-guest-10000 type Table"
"2019-08-23 09:27:08,618 - federation.py[line:145] - DEBUG: [GET] host 9999 getting remote object HeteroNETransferVariable.batch_data_index.0.0.10 from guest [10000]"
"2019-08-23 09:27:08,685 - federation.py[line:124] - DEBUG: [REMOTE] Sent hetero_network_embedding_example_standalone_20190823092457-HeteroNETransferVariable.loss-HeteroNETransferVariable.loss.0.0.9-guest-10000-arbiter-10000"
"2019-08-23 09:27:08,696 - federation.py[line:46] - DEBUG: [GET] Got hetero_network_embedding_example_standalone_20190823092457-HeteroNETransferVariable.loss-HeteroNETransferVariable.loss.0.0.9-guest-10000-arbiter-10000 type Object"
"2019-08-23 09:27:08,697 - federation.py[line:145] - DEBUG: [GET] arbiter 10000 getting remote object HeteroNETransferVariable.host_gradient.0.0.10 from guest [10000]"
"2019-08-23 09:27:09,170 - federation.py[line:124] - DEBUG: [REMOTE] Sent hetero_network_embedding_example_standalone_20190823092457-HeteroNETransferVariable.batch_data_index-HeteroNETransferVariable.batch_data_index.0.0.10-guest-10000-host-9999"
"2019-08-23 09:27:09,221 - federation.py[line:46] - DEBUG: [GET] Got hetero_network_embedding_example_standalone_20190823092457-HeteroNETransferVariable.batch_data_index-HeteroNETransferVariable.batch_data_index.0.0.10-guest-10000-host-9999 type Table"
"2019-08-23 09:27:18,917 - federation.py[line:145] - DEBUG: [GET] guest 10000 getting remote object HeteroNETransferVariable.host_forward_dict.0.0.10 from host [9999]"
"2019-08-23 09:27:19,315 - federation.py[line:124] - DEBUG: [REMOTE] Sent hetero_network_embedding_example_standalone_20190823092457-HeteroNETransferVariable.host_forward_dict-HeteroNETransferVariable.host_forward_dict.0.0.10-host-9999-guest-10000"
"2019-08-23 09:27:19,316 - federation.py[line:145] - DEBUG: [GET] host 9999 getting remote object HeteroNETransferVariable.host_optim_gradient.0.0.10 from arbiter [10000]"
"2019-08-23 09:27:19,330 - federation.py[line:46] - DEBUG: [GET] Got hetero_network_embedding_example_standalone_20190823092457-HeteroNETransferVariable.host_forward_dict-HeteroNETransferVariable.host_forward_dict.0.0.10-host-9999-guest-10000 type Table"
"2019-08-23 09:27:20,026 - federation.py[line:124] - DEBUG: [REMOTE] Sent hetero_network_embedding_example_standalone_20190823092457-HeteroNETransferVariable.host_gradient-HeteroNETransferVariable.host_gradient.0.0.10-guest-10000-arbiter-10000"
"2019-08-23 09:27:20,047 - federation.py[line:46] - DEBUG: [GET] Got hetero_network_embedding_example_standalone_20190823092457-HeteroNETransferVariable.host_gradient-HeteroNETransferVariable.host_gradient.0.0.10-guest-10000-arbiter-10000 type Table"
"2019-08-23 09:27:20,048 - federation.py[line:145] - DEBUG: [GET] arbiter 10000 getting remote object HeteroNETransferVariable.guest_gradient.0.0.10 from guest [10000]"
"2019-08-23 09:27:20,952 - federation.py[line:46] - DEBUG: [GET] Got hetero_network_embedding_example_standalone_20190823092457-HeteroNETransferVariable.guest_gradient-HeteroNETransferVariable.guest_gradient.0.0.10-guest-10000-arbiter-10000 type Table"
"2019-08-23 09:27:20,958 - federation.py[line:124] - DEBUG: [REMOTE] Sent hetero_network_embedding_example_standalone_20190823092457-HeteroNETransferVariable.guest_gradient-HeteroNETransferVariable.guest_gradient.0.0.10-guest-10000-arbiter-10000"
"2019-08-23 09:27:20,959 - federation.py[line:145] - DEBUG: [GET] guest 10000 getting remote object HeteroNETransferVariable.guest_optim_gradient.0.0.10 from arbiter [10000]"
"2019-08-23 09:27:21,115 - federation.py[line:124] - DEBUG: [REMOTE] Sent hetero_network_embedding_example_standalone_20190823092457-HeteroNETransferVariable.host_optim_gradient-HeteroNETransferVariable.host_optim_gradient.0.0.10-arbiter-10000-host-9999"
"2019-08-23 09:27:21,126 - federation.py[line:124] - DEBUG: [REMOTE] Sent hetero_network_embedding_example_standalone_20190823092457-HeteroNETransferVariable.guest_optim_gradient-HeteroNETransferVariable.guest_optim_gradient.0.0.10-arbiter-10000-guest-10000"
"2019-08-23 09:27:21,127 - federation.py[line:145] - DEBUG: [GET] arbiter 10000 getting remote object HeteroNETransferVariable.loss.0.0.10 from guest [10000]"
"2019-08-23 09:27:21,134 - federation.py[line:46] - DEBUG: [GET] Got hetero_network_embedding_example_standalone_20190823092457-HeteroNETransferVariable.host_optim_gradient-HeteroNETransferVariable.host_optim_gradient.0.0.10-arbiter-10000-host-9999 type Table"
"2019-08-23 09:27:21,160 - federation.py[line:46] - DEBUG: [GET] Got hetero_network_embedding_example_standalone_20190823092457-HeteroNETransferVariable.guest_optim_gradient-HeteroNETransferVariable.guest_optim_gradient.0.0.10-arbiter-10000-guest-10000 type Table"
"2019-08-23 09:27:21,406 - federation.py[line:145] - DEBUG: [GET] host 9999 getting remote object HeteroNETransferVariable.batch_data_index.0.0.11 from guest [10000]"
"2019-08-23 09:27:21,426 - federation.py[line:124] - DEBUG: [REMOTE] Sent hetero_network_embedding_example_standalone_20190823092457-HeteroNETransferVariable.loss-HeteroNETransferVariable.loss.0.0.10-guest-10000-arbiter-10000"
"2019-08-23 09:27:21,428 - federation.py[line:46] - DEBUG: [GET] Got hetero_network_embedding_example_standalone_20190823092457-HeteroNETransferVariable.loss-HeteroNETransferVariable.loss.0.0.10-guest-10000-arbiter-10000 type Object"
"2019-08-23 09:27:21,429 - federation.py[line:145] - DEBUG: [GET] arbiter 10000 getting remote object HeteroNETransferVariable.host_gradient.0.0.11 from guest [10000]"
"2019-08-23 09:27:22,162 - federation.py[line:124] - DEBUG: [REMOTE] Sent hetero_network_embedding_example_standalone_20190823092457-HeteroNETransferVariable.batch_data_index-HeteroNETransferVariable.batch_data_index.0.0.11-guest-10000-host-9999"
"2019-08-23 09:27:22,210 - federation.py[line:46] - DEBUG: [GET] Got hetero_network_embedding_example_standalone_20190823092457-HeteroNETransferVariable.batch_data_index-HeteroNETransferVariable.batch_data_index.0.0.11-guest-10000-host-9999 type Table"
"2019-08-23 09:27:31,817 - federation.py[line:145] - DEBUG: [GET] guest 10000 getting remote object HeteroNETransferVariable.host_forward_dict.0.0.11 from host [9999]"
"2019-08-23 09:27:31,924 - federation.py[line:124] - DEBUG: [REMOTE] Sent hetero_network_embedding_example_standalone_20190823092457-HeteroNETransferVariable.host_forward_dict-HeteroNETransferVariable.host_forward_dict.0.0.11-host-9999-guest-10000"
"2019-08-23 09:27:31,925 - federation.py[line:145] - DEBUG: [GET] host 9999 getting remote object HeteroNETransferVariable.host_optim_gradient.0.0.11 from arbiter [10000]"
"2019-08-23 09:27:32,018 - federation.py[line:46] - DEBUG: [GET] Got hetero_network_embedding_example_standalone_20190823092457-HeteroNETransferVariable.host_forward_dict-HeteroNETransferVariable.host_forward_dict.0.0.11-host-9999-guest-10000 type Table"
"2019-08-23 09:27:32,615 - federation.py[line:124] - DEBUG: [REMOTE] Sent hetero_network_embedding_example_standalone_20190823092457-HeteroNETransferVariable.host_gradient-HeteroNETransferVariable.host_gradient.0.0.11-guest-10000-arbiter-10000"
"2019-08-23 09:27:32,674 - federation.py[line:46] - DEBUG: [GET] Got hetero_network_embedding_example_standalone_20190823092457-HeteroNETransferVariable.host_gradient-HeteroNETransferVariable.host_gradient.0.0.11-guest-10000-arbiter-10000 type Table"
"2019-08-23 09:27:32,674 - federation.py[line:145] - DEBUG: [GET] arbiter 10000 getting remote object HeteroNETransferVariable.guest_gradient.0.0.11 from guest [10000]"
"2019-08-23 09:27:34,508 - federation.py[line:124] - DEBUG: [REMOTE] Sent hetero_network_embedding_example_standalone_20190823092457-HeteroNETransferVariable.guest_gradient-HeteroNETransferVariable.guest_gradient.0.0.11-guest-10000-arbiter-10000"
"2019-08-23 09:27:34,508 - federation.py[line:145] - DEBUG: [GET] guest 10000 getting remote object HeteroNETransferVariable.guest_optim_gradient.0.0.11 from arbiter [10000]"
"2019-08-23 09:27:34,583 - federation.py[line:46] - DEBUG: [GET] Got hetero_network_embedding_example_standalone_20190823092457-HeteroNETransferVariable.guest_gradient-HeteroNETransferVariable.guest_gradient.0.0.11-guest-10000-arbiter-10000 type Table"
"2019-08-23 09:27:34,730 - federation.py[line:124] - DEBUG: [REMOTE] Sent hetero_network_embedding_example_standalone_20190823092457-HeteroNETransferVariable.host_optim_gradient-HeteroNETransferVariable.host_optim_gradient.0.0.11-arbiter-10000-host-9999"
"2019-08-23 09:27:34,736 - federation.py[line:46] - DEBUG: [GET] Got hetero_network_embedding_example_standalone_20190823092457-HeteroNETransferVariable.host_optim_gradient-HeteroNETransferVariable.host_optim_gradient.0.0.11-arbiter-10000-host-9999 type Table"
"2019-08-23 09:27:34,741 - federation.py[line:124] - DEBUG: [REMOTE] Sent hetero_network_embedding_example_standalone_20190823092457-HeteroNETransferVariable.guest_optim_gradient-HeteroNETransferVariable.guest_optim_gradient.0.0.11-arbiter-10000-guest-10000"
"2019-08-23 09:27:34,741 - federation.py[line:145] - DEBUG: [GET] arbiter 10000 getting remote object HeteroNETransferVariable.loss.0.0.11 from guest [10000]"
"2019-08-23 09:27:34,809 - federation.py[line:46] - DEBUG: [GET] Got hetero_network_embedding_example_standalone_20190823092457-HeteroNETransferVariable.guest_optim_gradient-HeteroNETransferVariable.guest_optim_gradient.0.0.11-arbiter-10000-guest-10000 type Table"
"2019-08-23 09:27:34,961 - federation.py[line:145] - DEBUG: [GET] host 9999 getting remote object HeteroNETransferVariable.batch_data_index.0.0.12 from guest [10000]"
"2019-08-23 09:27:34,983 - federation.py[line:124] - DEBUG: [REMOTE] Sent hetero_network_embedding_example_standalone_20190823092457-HeteroNETransferVariable.loss-HeteroNETransferVariable.loss.0.0.11-guest-10000-arbiter-10000"
"2019-08-23 09:27:35,042 - federation.py[line:46] - DEBUG: [GET] Got hetero_network_embedding_example_standalone_20190823092457-HeteroNETransferVariable.loss-HeteroNETransferVariable.loss.0.0.11-guest-10000-arbiter-10000 type Object"
"2019-08-23 09:27:35,044 - federation.py[line:145] - DEBUG: [GET] arbiter 10000 getting remote object HeteroNETransferVariable.host_gradient.0.0.12 from guest [10000]"
"2019-08-23 09:27:35,545 - federation.py[line:124] - DEBUG: [REMOTE] Sent hetero_network_embedding_example_standalone_20190823092457-HeteroNETransferVariable.batch_data_index-HeteroNETransferVariable.batch_data_index.0.0.12-guest-10000-host-9999"
"2019-08-23 09:27:35,564 - federation.py[line:46] - DEBUG: [GET] Got hetero_network_embedding_example_standalone_20190823092457-HeteroNETransferVariable.batch_data_index-HeteroNETransferVariable.batch_data_index.0.0.12-guest-10000-host-9999 type Table"
"2019-08-23 09:27:44,973 - federation.py[line:145] - DEBUG: [GET] guest 10000 getting remote object HeteroNETransferVariable.host_forward_dict.0.0.12 from host [9999]"
"2019-08-23 09:27:44,989 - federation.py[line:124] - DEBUG: [REMOTE] Sent hetero_network_embedding_example_standalone_20190823092457-HeteroNETransferVariable.host_forward_dict-HeteroNETransferVariable.host_forward_dict.0.0.12-host-9999-guest-10000"
"2019-08-23 09:27:44,990 - federation.py[line:145] - DEBUG: [GET] host 9999 getting remote object HeteroNETransferVariable.host_optim_gradient.0.0.12 from arbiter [10000]"
"2019-08-23 09:27:45,074 - federation.py[line:46] - DEBUG: [GET] Got hetero_network_embedding_example_standalone_20190823092457-HeteroNETransferVariable.host_forward_dict-HeteroNETransferVariable.host_forward_dict.0.0.12-host-9999-guest-10000 type Table"
"2019-08-23 09:27:45,602 - federation.py[line:124] - DEBUG: [REMOTE] Sent hetero_network_embedding_example_standalone_20190823092457-HeteroNETransferVariable.host_gradient-HeteroNETransferVariable.host_gradient.0.0.12-guest-10000-arbiter-10000"
"2019-08-23 09:27:45,683 - federation.py[line:46] - DEBUG: [GET] Got hetero_network_embedding_example_standalone_20190823092457-HeteroNETransferVariable.host_gradient-HeteroNETransferVariable.host_gradient.0.0.12-guest-10000-arbiter-10000 type Table"
"2019-08-23 09:27:45,684 - federation.py[line:145] - DEBUG: [GET] arbiter 10000 getting remote object HeteroNETransferVariable.guest_gradient.0.0.12 from guest [10000]"
"2019-08-23 09:27:46,600 - federation.py[line:124] - DEBUG: [REMOTE] Sent hetero_network_embedding_example_standalone_20190823092457-HeteroNETransferVariable.guest_gradient-HeteroNETransferVariable.guest_gradient.0.0.12-guest-10000-arbiter-10000"
"2019-08-23 09:27:46,601 - federation.py[line:145] - DEBUG: [GET] guest 10000 getting remote object HeteroNETransferVariable.guest_optim_gradient.0.0.12 from arbiter [10000]"
"2019-08-23 09:27:46,688 - federation.py[line:46] - DEBUG: [GET] Got hetero_network_embedding_example_standalone_20190823092457-HeteroNETransferVariable.guest_gradient-HeteroNETransferVariable.guest_gradient.0.0.12-guest-10000-arbiter-10000 type Table"
"2019-08-23 09:27:46,867 - federation.py[line:124] - DEBUG: [REMOTE] Sent hetero_network_embedding_example_standalone_20190823092457-HeteroNETransferVariable.host_optim_gradient-HeteroNETransferVariable.host_optim_gradient.0.0.12-arbiter-10000-host-9999"
"2019-08-23 09:27:46,892 - federation.py[line:124] - DEBUG: [REMOTE] Sent hetero_network_embedding_example_standalone_20190823092457-HeteroNETransferVariable.guest_optim_gradient-HeteroNETransferVariable.guest_optim_gradient.0.0.12-arbiter-10000-guest-10000"
"2019-08-23 09:27:46,892 - federation.py[line:145] - DEBUG: [GET] arbiter 10000 getting remote object HeteroNETransferVariable.loss.0.0.12 from guest [10000]"
"2019-08-23 09:27:46,898 - federation.py[line:46] - DEBUG: [GET] Got hetero_network_embedding_example_standalone_20190823092457-HeteroNETransferVariable.host_optim_gradient-HeteroNETransferVariable.host_optim_gradient.0.0.12-arbiter-10000-host-9999 type Table"
"2019-08-23 09:27:46,902 - federation.py[line:46] - DEBUG: [GET] Got hetero_network_embedding_example_standalone_20190823092457-HeteroNETransferVariable.guest_optim_gradient-HeteroNETransferVariable.guest_optim_gradient.0.0.12-arbiter-10000-guest-10000 type Table"
"2019-08-23 09:27:47,149 - federation.py[line:145] - DEBUG: [GET] host 9999 getting remote object HeteroNETransferVariable.batch_data_index.0.0.13 from guest [10000]"
"2019-08-23 09:27:47,171 - federation.py[line:124] - DEBUG: [REMOTE] Sent hetero_network_embedding_example_standalone_20190823092457-HeteroNETransferVariable.loss-HeteroNETransferVariable.loss.0.0.12-guest-10000-arbiter-10000"
"2019-08-23 09:27:47,194 - federation.py[line:46] - DEBUG: [GET] Got hetero_network_embedding_example_standalone_20190823092457-HeteroNETransferVariable.loss-HeteroNETransferVariable.loss.0.0.12-guest-10000-arbiter-10000 type Object"
"2019-08-23 09:27:47,194 - federation.py[line:145] - DEBUG: [GET] arbiter 10000 getting remote object HeteroNETransferVariable.host_gradient.0.0.13 from guest [10000]"
"2019-08-23 09:27:47,734 - federation.py[line:124] - DEBUG: [REMOTE] Sent hetero_network_embedding_example_standalone_20190823092457-HeteroNETransferVariable.batch_data_index-HeteroNETransferVariable.batch_data_index.0.0.13-guest-10000-host-9999"
"2019-08-23 09:27:47,752 - federation.py[line:46] - DEBUG: [GET] Got hetero_network_embedding_example_standalone_20190823092457-HeteroNETransferVariable.batch_data_index-HeteroNETransferVariable.batch_data_index.0.0.13-guest-10000-host-9999 type Table"
"2019-08-23 09:27:56,928 - federation.py[line:145] - DEBUG: [GET] guest 10000 getting remote object HeteroNETransferVariable.host_forward_dict.0.0.13 from host [9999]"
"2019-08-23 09:27:56,939 - federation.py[line:124] - DEBUG: [REMOTE] Sent hetero_network_embedding_example_standalone_20190823092457-HeteroNETransferVariable.host_forward_dict-HeteroNETransferVariable.host_forward_dict.0.0.13-host-9999-guest-10000"
"2019-08-23 09:27:56,939 - federation.py[line:145] - DEBUG: [GET] host 9999 getting remote object HeteroNETransferVariable.host_optim_gradient.0.0.13 from arbiter [10000]"
"2019-08-23 09:27:57,029 - federation.py[line:46] - DEBUG: [GET] Got hetero_network_embedding_example_standalone_20190823092457-HeteroNETransferVariable.host_forward_dict-HeteroNETransferVariable.host_forward_dict.0.0.13-host-9999-guest-10000 type Table"
"2019-08-23 09:27:57,649 - federation.py[line:124] - DEBUG: [REMOTE] Sent hetero_network_embedding_example_standalone_20190823092457-HeteroNETransferVariable.host_gradient-HeteroNETransferVariable.host_gradient.0.0.13-guest-10000-arbiter-10000"
"2019-08-23 09:27:57,733 - federation.py[line:46] - DEBUG: [GET] Got hetero_network_embedding_example_standalone_20190823092457-HeteroNETransferVariable.host_gradient-HeteroNETransferVariable.host_gradient.0.0.13-guest-10000-arbiter-10000 type Table"
"2019-08-23 09:27:57,749 - federation.py[line:145] - DEBUG: [GET] arbiter 10000 getting remote object HeteroNETransferVariable.guest_gradient.0.0.13 from guest [10000]"
"2019-08-23 09:27:58,593 - federation.py[line:124] - DEBUG: [REMOTE] Sent hetero_network_embedding_example_standalone_20190823092457-HeteroNETransferVariable.guest_gradient-HeteroNETransferVariable.guest_gradient.0.0.13-guest-10000-arbiter-10000"
"2019-08-23 09:27:58,593 - federation.py[line:145] - DEBUG: [GET] guest 10000 getting remote object HeteroNETransferVariable.guest_optim_gradient.0.0.13 from arbiter [10000]"
"2019-08-23 09:27:58,653 - federation.py[line:46] - DEBUG: [GET] Got hetero_network_embedding_example_standalone_20190823092457-HeteroNETransferVariable.guest_gradient-HeteroNETransferVariable.guest_gradient.0.0.13-guest-10000-arbiter-10000 type Table"
"2019-08-23 09:27:58,861 - federation.py[line:124] - DEBUG: [REMOTE] Sent hetero_network_embedding_example_standalone_20190823092457-HeteroNETransferVariable.host_optim_gradient-HeteroNETransferVariable.host_optim_gradient.0.0.13-arbiter-10000-host-9999"
"2019-08-23 09:27:58,883 - federation.py[line:124] - DEBUG: [REMOTE] Sent hetero_network_embedding_example_standalone_20190823092457-HeteroNETransferVariable.guest_optim_gradient-HeteroNETransferVariable.guest_optim_gradient.0.0.13-arbiter-10000-guest-10000"
"2019-08-23 09:27:58,884 - federation.py[line:145] - DEBUG: [GET] arbiter 10000 getting remote object HeteroNETransferVariable.loss.0.0.13 from guest [10000]"
"2019-08-23 09:27:58,895 - federation.py[line:46] - DEBUG: [GET] Got hetero_network_embedding_example_standalone_20190823092457-HeteroNETransferVariable.guest_optim_gradient-HeteroNETransferVariable.guest_optim_gradient.0.0.13-arbiter-10000-guest-10000 type Table"
"2019-08-23 09:27:58,947 - federation.py[line:46] - DEBUG: [GET] Got hetero_network_embedding_example_standalone_20190823092457-HeteroNETransferVariable.host_optim_gradient-HeteroNETransferVariable.host_optim_gradient.0.0.13-arbiter-10000-host-9999 type Table"
"2019-08-23 09:27:59,181 - federation.py[line:124] - DEBUG: [REMOTE] Sent hetero_network_embedding_example_standalone_20190823092457-HeteroNETransferVariable.loss-HeteroNETransferVariable.loss.0.0.13-guest-10000-arbiter-10000"
"2019-08-23 09:27:59,185 - federation.py[line:46] - DEBUG: [GET] Got hetero_network_embedding_example_standalone_20190823092457-HeteroNETransferVariable.loss-HeteroNETransferVariable.loss.0.0.13-guest-10000-arbiter-10000 type Object"
"2019-08-23 09:27:59,186 - federation.py[line:145] - DEBUG: [GET] arbiter 10000 getting remote object HeteroNETransferVariable.host_gradient.0.0.14 from guest [10000]"
"2019-08-23 09:27:59,317 - federation.py[line:145] - DEBUG: [GET] host 9999 getting remote object HeteroNETransferVariable.batch_data_index.0.0.14 from guest [10000]"
"2019-08-23 09:27:59,879 - federation.py[line:124] - DEBUG: [REMOTE] Sent hetero_network_embedding_example_standalone_20190823092457-HeteroNETransferVariable.batch_data_index-HeteroNETransferVariable.batch_data_index.0.0.14-guest-10000-host-9999"
"2019-08-23 09:27:59,922 - federation.py[line:46] - DEBUG: [GET] Got hetero_network_embedding_example_standalone_20190823092457-HeteroNETransferVariable.batch_data_index-HeteroNETransferVariable.batch_data_index.0.0.14-guest-10000-host-9999 type Table"
"2019-08-23 09:28:11,001 - federation.py[line:124] - DEBUG: [REMOTE] Sent hetero_network_embedding_example_standalone_20190823092457-HeteroNETransferVariable.host_forward_dict-HeteroNETransferVariable.host_forward_dict.0.0.14-host-9999-guest-10000"
"2019-08-23 09:28:11,106 - federation.py[line:145] - DEBUG: [GET] host 9999 getting remote object HeteroNETransferVariable.host_optim_gradient.0.0.14 from arbiter [10000]"
"2019-08-23 09:28:11,158 - federation.py[line:145] - DEBUG: [GET] guest 10000 getting remote object HeteroNETransferVariable.host_forward_dict.0.0.14 from host [9999]"
"2019-08-23 09:28:11,159 - federation.py[line:46] - DEBUG: [GET] Got hetero_network_embedding_example_standalone_20190823092457-HeteroNETransferVariable.host_forward_dict-HeteroNETransferVariable.host_forward_dict.0.0.14-host-9999-guest-10000 type Table"
"2019-08-23 09:28:12,334 - federation.py[line:124] - DEBUG: [REMOTE] Sent hetero_network_embedding_example_standalone_20190823092457-HeteroNETransferVariable.host_gradient-HeteroNETransferVariable.host_gradient.0.0.14-guest-10000-arbiter-10000"
"2019-08-23 09:28:12,341 - federation.py[line:46] - DEBUG: [GET] Got hetero_network_embedding_example_standalone_20190823092457-HeteroNETransferVariable.host_gradient-HeteroNETransferVariable.host_gradient.0.0.14-guest-10000-arbiter-10000 type Table"
"2019-08-23 09:28:12,363 - federation.py[line:145] - DEBUG: [GET] arbiter 10000 getting remote object HeteroNETransferVariable.guest_gradient.0.0.14 from guest [10000]"
"2019-08-23 09:28:13,130 - federation.py[line:124] - DEBUG: [REMOTE] Sent hetero_network_embedding_example_standalone_20190823092457-HeteroNETransferVariable.guest_gradient-HeteroNETransferVariable.guest_gradient.0.0.14-guest-10000-arbiter-10000"
"2019-08-23 09:28:13,130 - federation.py[line:145] - DEBUG: [GET] guest 10000 getting remote object HeteroNETransferVariable.guest_optim_gradient.0.0.14 from arbiter [10000]"
"2019-08-23 09:28:13,204 - federation.py[line:46] - DEBUG: [GET] Got hetero_network_embedding_example_standalone_20190823092457-HeteroNETransferVariable.guest_gradient-HeteroNETransferVariable.guest_gradient.0.0.14-guest-10000-arbiter-10000 type Table"
"2019-08-23 09:28:13,437 - federation.py[line:124] - DEBUG: [REMOTE] Sent hetero_network_embedding_example_standalone_20190823092457-HeteroNETransferVariable.host_optim_gradient-HeteroNETransferVariable.host_optim_gradient.0.0.14-arbiter-10000-host-9999"
"2019-08-23 09:28:13,469 - federation.py[line:124] - DEBUG: [REMOTE] Sent hetero_network_embedding_example_standalone_20190823092457-HeteroNETransferVariable.guest_optim_gradient-HeteroNETransferVariable.guest_optim_gradient.0.0.14-arbiter-10000-guest-10000"
"2019-08-23 09:28:13,469 - federation.py[line:145] - DEBUG: [GET] arbiter 10000 getting remote object HeteroNETransferVariable.loss.0.0.14 from guest [10000]"
"2019-08-23 09:28:13,516 - federation.py[line:46] - DEBUG: [GET] Got hetero_network_embedding_example_standalone_20190823092457-HeteroNETransferVariable.host_optim_gradient-HeteroNETransferVariable.host_optim_gradient.0.0.14-arbiter-10000-host-9999 type Table"
"2019-08-23 09:28:13,533 - federation.py[line:46] - DEBUG: [GET] Got hetero_network_embedding_example_standalone_20190823092457-HeteroNETransferVariable.guest_optim_gradient-HeteroNETransferVariable.guest_optim_gradient.0.0.14-arbiter-10000-guest-10000 type Table"
"2019-08-23 09:28:14,257 - federation.py[line:145] - DEBUG: [GET] host 9999 getting remote object HeteroNETransferVariable.batch_data_index.0.0.15 from guest [10000]"
"2019-08-23 09:28:14,277 - federation.py[line:124] - DEBUG: [REMOTE] Sent hetero_network_embedding_example_standalone_20190823092457-HeteroNETransferVariable.loss-HeteroNETransferVariable.loss.0.0.14-guest-10000-arbiter-10000"
"2019-08-23 09:28:14,373 - federation.py[line:46] - DEBUG: [GET] Got hetero_network_embedding_example_standalone_20190823092457-HeteroNETransferVariable.loss-HeteroNETransferVariable.loss.0.0.14-guest-10000-arbiter-10000 type Object"
"2019-08-23 09:28:14,374 - federation.py[line:145] - DEBUG: [GET] arbiter 10000 getting remote object HeteroNETransferVariable.host_gradient.0.0.15 from guest [10000]"
"2019-08-23 09:28:14,558 - federation.py[line:46] - DEBUG: [GET] Got hetero_network_embedding_example_standalone_20190823092457-HeteroNETransferVariable.batch_data_index-HeteroNETransferVariable.batch_data_index.0.0.15-guest-10000-host-9999 type Table"
"2019-08-23 09:28:14,563 - federation.py[line:124] - DEBUG: [REMOTE] Sent hetero_network_embedding_example_standalone_20190823092457-HeteroNETransferVariable.batch_data_index-HeteroNETransferVariable.batch_data_index.0.0.15-guest-10000-host-9999"
"2019-08-23 09:28:24,083 - federation.py[line:145] - DEBUG: [GET] guest 10000 getting remote object HeteroNETransferVariable.host_forward_dict.0.0.15 from host [9999]"
"2019-08-23 09:28:24,104 - federation.py[line:124] - DEBUG: [REMOTE] Sent hetero_network_embedding_example_standalone_20190823092457-HeteroNETransferVariable.host_forward_dict-HeteroNETransferVariable.host_forward_dict.0.0.15-host-9999-guest-10000"
"2019-08-23 09:28:24,105 - federation.py[line:145] - DEBUG: [GET] host 9999 getting remote object HeteroNETransferVariable.host_optim_gradient.0.0.15 from arbiter [10000]"
"2019-08-23 09:28:24,183 - federation.py[line:46] - DEBUG: [GET] Got hetero_network_embedding_example_standalone_20190823092457-HeteroNETransferVariable.host_forward_dict-HeteroNETransferVariable.host_forward_dict.0.0.15-host-9999-guest-10000 type Table"
"2019-08-23 09:28:24,880 - federation.py[line:124] - DEBUG: [REMOTE] Sent hetero_network_embedding_example_standalone_20190823092457-HeteroNETransferVariable.host_gradient-HeteroNETransferVariable.host_gradient.0.0.15-guest-10000-arbiter-10000"
"2019-08-23 09:28:24,956 - federation.py[line:46] - DEBUG: [GET] Got hetero_network_embedding_example_standalone_20190823092457-HeteroNETransferVariable.host_gradient-HeteroNETransferVariable.host_gradient.0.0.15-guest-10000-arbiter-10000 type Table"
"2019-08-23 09:28:24,957 - federation.py[line:145] - DEBUG: [GET] arbiter 10000 getting remote object HeteroNETransferVariable.guest_gradient.0.0.15 from guest [10000]"
"2019-08-23 09:28:25,735 - federation.py[line:124] - DEBUG: [REMOTE] Sent hetero_network_embedding_example_standalone_20190823092457-HeteroNETransferVariable.guest_gradient-HeteroNETransferVariable.guest_gradient.0.0.15-guest-10000-arbiter-10000"
"2019-08-23 09:28:25,735 - federation.py[line:145] - DEBUG: [GET] guest 10000 getting remote object HeteroNETransferVariable.guest_optim_gradient.0.0.15 from arbiter [10000]"
"2019-08-23 09:28:25,760 - federation.py[line:46] - DEBUG: [GET] Got hetero_network_embedding_example_standalone_20190823092457-HeteroNETransferVariable.guest_gradient-HeteroNETransferVariable.guest_gradient.0.0.15-guest-10000-arbiter-10000 type Table"
"2019-08-23 09:28:25,981 - federation.py[line:124] - DEBUG: [REMOTE] Sent hetero_network_embedding_example_standalone_20190823092457-HeteroNETransferVariable.host_optim_gradient-HeteroNETransferVariable.host_optim_gradient.0.0.15-arbiter-10000-host-9999"
"2019-08-23 09:28:26,012 - federation.py[line:46] - DEBUG: [GET] Got hetero_network_embedding_example_standalone_20190823092457-HeteroNETransferVariable.host_optim_gradient-HeteroNETransferVariable.host_optim_gradient.0.0.15-arbiter-10000-host-9999 type Table"
"2019-08-23 09:28:26,014 - federation.py[line:124] - DEBUG: [REMOTE] Sent hetero_network_embedding_example_standalone_20190823092457-HeteroNETransferVariable.guest_optim_gradient-HeteroNETransferVariable.guest_optim_gradient.0.0.15-arbiter-10000-guest-10000"
"2019-08-23 09:28:26,015 - federation.py[line:145] - DEBUG: [GET] arbiter 10000 getting remote object HeteroNETransferVariable.loss.0.0.15 from guest [10000]"
"2019-08-23 09:28:26,037 - federation.py[line:46] - DEBUG: [GET] Got hetero_network_embedding_example_standalone_20190823092457-HeteroNETransferVariable.guest_optim_gradient-HeteroNETransferVariable.guest_optim_gradient.0.0.15-arbiter-10000-guest-10000 type Table"
"2019-08-23 09:28:26,371 - federation.py[line:145] - DEBUG: [GET] host 9999 getting remote object HeteroNETransferVariable.batch_data_index.0.0.16 from guest [10000]"
"2019-08-23 09:28:26,382 - federation.py[line:124] - DEBUG: [REMOTE] Sent hetero_network_embedding_example_standalone_20190823092457-HeteroNETransferVariable.loss-HeteroNETransferVariable.loss.0.0.15-guest-10000-arbiter-10000"
"2019-08-23 09:28:26,416 - federation.py[line:46] - DEBUG: [GET] Got hetero_network_embedding_example_standalone_20190823092457-HeteroNETransferVariable.loss-HeteroNETransferVariable.loss.0.0.15-guest-10000-arbiter-10000 type Object"
"2019-08-23 09:28:26,417 - federation.py[line:145] - DEBUG: [GET] arbiter 10000 getting remote object HeteroNETransferVariable.host_gradient.0.0.16 from guest [10000]"
"2019-08-23 09:28:27,035 - federation.py[line:124] - DEBUG: [REMOTE] Sent hetero_network_embedding_example_standalone_20190823092457-HeteroNETransferVariable.batch_data_index-HeteroNETransferVariable.batch_data_index.0.0.16-guest-10000-host-9999"
"2019-08-23 09:28:27,075 - federation.py[line:46] - DEBUG: [GET] Got hetero_network_embedding_example_standalone_20190823092457-HeteroNETransferVariable.batch_data_index-HeteroNETransferVariable.batch_data_index.0.0.16-guest-10000-host-9999 type Table"
"2019-08-23 09:28:36,773 - federation.py[line:145] - DEBUG: [GET] guest 10000 getting remote object HeteroNETransferVariable.host_forward_dict.0.0.16 from host [9999]"
"2019-08-23 09:28:36,845 - federation.py[line:124] - DEBUG: [REMOTE] Sent hetero_network_embedding_example_standalone_20190823092457-HeteroNETransferVariable.host_forward_dict-HeteroNETransferVariable.host_forward_dict.0.0.16-host-9999-guest-10000"
"2019-08-23 09:28:36,845 - federation.py[line:145] - DEBUG: [GET] host 9999 getting remote object HeteroNETransferVariable.host_optim_gradient.0.0.16 from arbiter [10000]"
"2019-08-23 09:28:36,874 - federation.py[line:46] - DEBUG: [GET] Got hetero_network_embedding_example_standalone_20190823092457-HeteroNETransferVariable.host_forward_dict-HeteroNETransferVariable.host_forward_dict.0.0.16-host-9999-guest-10000 type Table"
"2019-08-23 09:28:37,711 - federation.py[line:124] - DEBUG: [REMOTE] Sent hetero_network_embedding_example_standalone_20190823092457-HeteroNETransferVariable.host_gradient-HeteroNETransferVariable.host_gradient.0.0.16-guest-10000-arbiter-10000"
"2019-08-23 09:28:37,766 - federation.py[line:46] - DEBUG: [GET] Got hetero_network_embedding_example_standalone_20190823092457-HeteroNETransferVariable.host_gradient-HeteroNETransferVariable.host_gradient.0.0.16-guest-10000-arbiter-10000 type Table"
"2019-08-23 09:28:37,766 - federation.py[line:145] - DEBUG: [GET] arbiter 10000 getting remote object HeteroNETransferVariable.guest_gradient.0.0.16 from guest [10000]"
"2019-08-23 09:28:38,369 - federation.py[line:124] - DEBUG: [REMOTE] Sent hetero_network_embedding_example_standalone_20190823092457-HeteroNETransferVariable.guest_gradient-HeteroNETransferVariable.guest_gradient.0.0.16-guest-10000-arbiter-10000"
"2019-08-23 09:28:38,370 - federation.py[line:145] - DEBUG: [GET] guest 10000 getting remote object HeteroNETransferVariable.guest_optim_gradient.0.0.16 from arbiter [10000]"
"2019-08-23 09:28:38,387 - federation.py[line:46] - DEBUG: [GET] Got hetero_network_embedding_example_standalone_20190823092457-HeteroNETransferVariable.guest_gradient-HeteroNETransferVariable.guest_gradient.0.0.16-guest-10000-arbiter-10000 type Table"
"2019-08-23 09:28:38,580 - federation.py[line:124] - DEBUG: [REMOTE] Sent hetero_network_embedding_example_standalone_20190823092457-HeteroNETransferVariable.host_optim_gradient-HeteroNETransferVariable.host_optim_gradient.0.0.16-arbiter-10000-host-9999"
"2019-08-23 09:28:38,603 - federation.py[line:124] - DEBUG: [REMOTE] Sent hetero_network_embedding_example_standalone_20190823092457-HeteroNETransferVariable.guest_optim_gradient-HeteroNETransferVariable.guest_optim_gradient.0.0.16-arbiter-10000-guest-10000"
"2019-08-23 09:28:38,603 - federation.py[line:145] - DEBUG: [GET] arbiter 10000 getting remote object HeteroNETransferVariable.loss.0.0.16 from guest [10000]"
"2019-08-23 09:28:38,653 - federation.py[line:46] - DEBUG: [GET] Got hetero_network_embedding_example_standalone_20190823092457-HeteroNETransferVariable.host_optim_gradient-HeteroNETransferVariable.host_optim_gradient.0.0.16-arbiter-10000-host-9999 type Table"
"2019-08-23 09:28:38,671 - federation.py[line:46] - DEBUG: [GET] Got hetero_network_embedding_example_standalone_20190823092457-HeteroNETransferVariable.guest_optim_gradient-HeteroNETransferVariable.guest_optim_gradient.0.0.16-arbiter-10000-guest-10000 type Table"
"2019-08-23 09:28:39,092 - federation.py[line:145] - DEBUG: [GET] host 9999 getting remote object HeteroNETransferVariable.batch_data_index.0.0.17 from guest [10000]"
"2019-08-23 09:28:39,095 - federation.py[line:124] - DEBUG: [REMOTE] Sent hetero_network_embedding_example_standalone_20190823092457-HeteroNETransferVariable.loss-HeteroNETransferVariable.loss.0.0.16-guest-10000-arbiter-10000"
"2019-08-23 09:28:39,105 - federation.py[line:46] - DEBUG: [GET] Got hetero_network_embedding_example_standalone_20190823092457-HeteroNETransferVariable.loss-HeteroNETransferVariable.loss.0.0.16-guest-10000-arbiter-10000 type Object"
"2019-08-23 09:28:39,106 - federation.py[line:145] - DEBUG: [GET] arbiter 10000 getting remote object HeteroNETransferVariable.host_gradient.0.0.17 from guest [10000]"
"2019-08-23 09:28:39,369 - federation.py[line:124] - DEBUG: [REMOTE] Sent hetero_network_embedding_example_standalone_20190823092457-HeteroNETransferVariable.batch_data_index-HeteroNETransferVariable.batch_data_index.0.0.17-guest-10000-host-9999"
"2019-08-23 09:28:39,395 - federation.py[line:46] - DEBUG: [GET] Got hetero_network_embedding_example_standalone_20190823092457-HeteroNETransferVariable.batch_data_index-HeteroNETransferVariable.batch_data_index.0.0.17-guest-10000-host-9999 type Table"
"2019-08-23 09:28:43,407 - federation.py[line:145] - DEBUG: [GET] guest 10000 getting remote object HeteroNETransferVariable.host_forward_dict.0.0.17 from host [9999]"
"2019-08-23 09:28:43,836 - federation.py[line:124] - DEBUG: [REMOTE] Sent hetero_network_embedding_example_standalone_20190823092457-HeteroNETransferVariable.host_forward_dict-HeteroNETransferVariable.host_forward_dict.0.0.17-host-9999-guest-10000"
"2019-08-23 09:28:43,836 - federation.py[line:145] - DEBUG: [GET] host 9999 getting remote object HeteroNETransferVariable.host_optim_gradient.0.0.17 from arbiter [10000]"
"2019-08-23 09:28:43,910 - federation.py[line:46] - DEBUG: [GET] Got hetero_network_embedding_example_standalone_20190823092457-HeteroNETransferVariable.host_forward_dict-HeteroNETransferVariable.host_forward_dict.0.0.17-host-9999-guest-10000 type Table"
"2019-08-23 09:28:44,435 - federation.py[line:124] - DEBUG: [REMOTE] Sent hetero_network_embedding_example_standalone_20190823092457-HeteroNETransferVariable.host_gradient-HeteroNETransferVariable.host_gradient.0.0.17-guest-10000-arbiter-10000"
"2019-08-23 09:28:44,470 - federation.py[line:46] - DEBUG: [GET] Got hetero_network_embedding_example_standalone_20190823092457-HeteroNETransferVariable.host_gradient-HeteroNETransferVariable.host_gradient.0.0.17-guest-10000-arbiter-10000 type Table"
"2019-08-23 09:28:44,471 - federation.py[line:145] - DEBUG: [GET] arbiter 10000 getting remote object HeteroNETransferVariable.guest_gradient.0.0.17 from guest [10000]"
"2019-08-23 09:28:45,200 - federation.py[line:124] - DEBUG: [REMOTE] Sent hetero_network_embedding_example_standalone_20190823092457-HeteroNETransferVariable.guest_gradient-HeteroNETransferVariable.guest_gradient.0.0.17-guest-10000-arbiter-10000"
"2019-08-23 09:28:45,200 - federation.py[line:145] - DEBUG: [GET] guest 10000 getting remote object HeteroNETransferVariable.guest_optim_gradient.0.0.17 from arbiter [10000]"
"2019-08-23 09:28:45,275 - federation.py[line:46] - DEBUG: [GET] Got hetero_network_embedding_example_standalone_20190823092457-HeteroNETransferVariable.guest_gradient-HeteroNETransferVariable.guest_gradient.0.0.17-guest-10000-arbiter-10000 type Table"
"2019-08-23 09:28:45,422 - federation.py[line:124] - DEBUG: [REMOTE] Sent hetero_network_embedding_example_standalone_20190823092457-HeteroNETransferVariable.host_optim_gradient-HeteroNETransferVariable.host_optim_gradient.0.0.17-arbiter-10000-host-9999"
"2019-08-23 09:28:45,433 - federation.py[line:124] - DEBUG: [REMOTE] Sent hetero_network_embedding_example_standalone_20190823092457-HeteroNETransferVariable.guest_optim_gradient-HeteroNETransferVariable.guest_optim_gradient.0.0.17-arbiter-10000-guest-10000"
"2019-08-23 09:28:45,433 - federation.py[line:145] - DEBUG: [GET] arbiter 10000 getting remote object HeteroNETransferVariable.loss.0.0.17 from guest [10000]"
"2019-08-23 09:28:45,443 - federation.py[line:46] - DEBUG: [GET] Got hetero_network_embedding_example_standalone_20190823092457-HeteroNETransferVariable.host_optim_gradient-HeteroNETransferVariable.host_optim_gradient.0.0.17-arbiter-10000-host-9999 type Table"
"2019-08-23 09:28:45,502 - federation.py[line:46] - DEBUG: [GET] Got hetero_network_embedding_example_standalone_20190823092457-HeteroNETransferVariable.guest_optim_gradient-HeteroNETransferVariable.guest_optim_gradient.0.0.17-arbiter-10000-guest-10000 type Table"
"2019-08-23 09:28:45,679 - federation.py[line:145] - DEBUG: [GET] host 9999 getting remote object HeteroNETransferVariable.is_stopped.0.0 from arbiter [10000]"
"2019-08-23 09:28:45,691 - federation.py[line:124] - DEBUG: [REMOTE] Sent hetero_network_embedding_example_standalone_20190823092457-HeteroNETransferVariable.loss-HeteroNETransferVariable.loss.0.0.17-guest-10000-arbiter-10000"
"2019-08-23 09:28:45,735 - federation.py[line:46] - DEBUG: [GET] Got hetero_network_embedding_example_standalone_20190823092457-HeteroNETransferVariable.loss-HeteroNETransferVariable.loss.0.0.17-guest-10000-arbiter-10000 type Object"
"2019-08-23 09:28:45,814 - federation.py[line:124] - DEBUG: [REMOTE] Sent hetero_network_embedding_example_standalone_20190823092457-HeteroNETransferVariable.is_stopped-HeteroNETransferVariable.is_stopped.0.0-arbiter-10000-host-9999"
"2019-08-23 09:28:45,881 - federation.py[line:46] - DEBUG: [GET] Got hetero_network_embedding_example_standalone_20190823092457-HeteroNETransferVariable.is_stopped-HeteroNETransferVariable.is_stopped.0.0-arbiter-10000-host-9999 type Object"
"2019-08-23 09:28:47,047 - federation.py[line:124] - DEBUG: [REMOTE] Sent hetero_network_embedding_example_standalone_20190823092457-HeteroNETransferVariable.is_stopped-HeteroNETransferVariable.is_stopped.0.0-arbiter-10000-guest-10000"
"2019-08-23 09:28:47,048 - federation.py[line:145] - DEBUG: [GET] arbiter 10000 getting remote object HeteroNETransferVariable.host_gradient.0.1.0 from guest [10000]"
"2019-08-23 09:28:47,620 - federation.py[line:145] - DEBUG: [GET] guest 10000 getting remote object HeteroNETransferVariable.is_stopped.0.0 from arbiter [10000]"
"2019-08-23 09:28:47,620 - federation.py[line:46] - DEBUG: [GET] Got hetero_network_embedding_example_standalone_20190823092457-HeteroNETransferVariable.is_stopped-HeteroNETransferVariable.is_stopped.0.0-arbiter-10000-guest-10000 type Object"
"2019-08-23 09:28:58,047 - federation.py[line:145] - DEBUG: [GET] guest 10000 getting remote object HeteroNETransferVariable.host_forward_dict.0.1.0 from host [9999]"
