"2019-08-23 09:25:04,803 - hetero_ne_guest.py[line:63] - INFO: samples number:4440"
"2019-08-23 09:25:04,803 - hetero_ne_guest.py[line:64] - INFO: Enter hetero_ne_guest fit"
"2019-08-23 09:25:04,803 - hetero_ne_guest.py[line:66] - INFO: Guest party has 2358 nodes"
"2019-08-23 09:25:04,989 - hetero_ne_guest.py[line:69] - INFO: Transform input data to train instance"
"2019-08-23 09:25:04,991 - hetero_ne_guest.py[line:76] - INFO: Get public_key from arbiter:<PaillierPublicKey c1de159ade>"
"2019-08-23 09:25:04,991 - hetero_ne_guest.py[line:79] - INFO: Generate mini-batch from input data"
"2019-08-23 09:25:08,377 - hetero_ne_guest.py[line:83] - INFO: samples number:4440"
"2019-08-23 09:25:08,377 - hetero_ne_guest.py[line:89] - INFO: batch_info:{'batch_size': 256, 'batch_num': 18}"
"2019-08-23 09:25:08,444 - hetero_ne_guest.py[line:95] - INFO: Remote batch_info to Host"
"2019-08-23 09:25:08,512 - hetero_ne_guest.py[line:102] - INFO: Remote batch_info to Arbiter"
"2019-08-23 09:25:08,512 - hetero_ne_guest.py[line:109] - INFO: Start initialize model."
"2019-08-23 09:25:08,512 - hetero_ne_guest.py[line:111] - INFO: Embedding shape=(2358, 10)"
"2019-08-23 09:25:08,512 - hetero_ne_guest.py[line:118] - INFO: iter:0"
"2019-08-23 09:25:08,512 - hetero_ne_guest.py[line:125] - INFO: batch:0"
"2019-08-23 09:25:08,513 - hetero_ne_guest.py[line:129] - INFO: remote mini-batch index to Host"
"2019-08-23 09:25:18,364 - hetero_ne_guest.py[line:161] - INFO: Get host_forward from host"
"2019-08-23 09:25:18,881 - hetero_ne_guest.py[line:181] - INFO: Remote host_gradient to arbiter"
"2019-08-23 09:25:19,625 - hetero_ne_guest.py[line:197] - INFO: Remote guest_gradient to arbiter"
"2019-08-23 09:25:19,927 - hetero_ne_guest.py[line:206] - INFO: Get optim_guest_gradient from arbiter"
"2019-08-23 09:25:19,927 - hetero_ne_guest.py[line:209] - INFO: update node embedding"
"2019-08-23 09:25:20,382 - hetero_ne_guest.py[line:228] - INFO: Remote loss to arbiter"
"2019-08-23 09:25:20,581 - hetero_ne_guest.py[line:125] - INFO: batch:1"
"2019-08-23 09:25:20,581 - hetero_ne_guest.py[line:129] - INFO: remote mini-batch index to Host"
"2019-08-23 09:25:29,860 - hetero_ne_guest.py[line:161] - INFO: Get host_forward from host"
"2019-08-23 09:25:30,600 - hetero_ne_guest.py[line:181] - INFO: Remote host_gradient to arbiter"
"2019-08-23 09:25:31,244 - hetero_ne_guest.py[line:197] - INFO: Remote guest_gradient to arbiter"
"2019-08-23 09:25:31,747 - hetero_ne_guest.py[line:206] - INFO: Get optim_guest_gradient from arbiter"
"2019-08-23 09:25:31,747 - hetero_ne_guest.py[line:209] - INFO: update node embedding"
"2019-08-23 09:25:31,996 - hetero_ne_guest.py[line:228] - INFO: Remote loss to arbiter"
"2019-08-23 09:25:32,299 - hetero_ne_guest.py[line:125] - INFO: batch:2"
"2019-08-23 09:25:32,299 - hetero_ne_guest.py[line:129] - INFO: remote mini-batch index to Host"
"2019-08-23 09:25:42,077 - hetero_ne_guest.py[line:161] - INFO: Get host_forward from host"
"2019-08-23 09:25:42,680 - hetero_ne_guest.py[line:181] - INFO: Remote host_gradient to arbiter"
"2019-08-23 09:25:43,505 - hetero_ne_guest.py[line:197] - INFO: Remote guest_gradient to arbiter"
"2019-08-23 09:25:43,807 - hetero_ne_guest.py[line:206] - INFO: Get optim_guest_gradient from arbiter"
"2019-08-23 09:25:43,807 - hetero_ne_guest.py[line:209] - INFO: update node embedding"
"2019-08-23 09:25:44,365 - hetero_ne_guest.py[line:228] - INFO: Remote loss to arbiter"
"2019-08-23 09:25:44,598 - hetero_ne_guest.py[line:125] - INFO: batch:3"
"2019-08-23 09:25:44,598 - hetero_ne_guest.py[line:129] - INFO: remote mini-batch index to Host"
"2019-08-23 09:25:54,169 - hetero_ne_guest.py[line:161] - INFO: Get host_forward from host"
"2019-08-23 09:25:54,707 - hetero_ne_guest.py[line:181] - INFO: Remote host_gradient to arbiter"
"2019-08-23 09:25:55,400 - hetero_ne_guest.py[line:197] - INFO: Remote guest_gradient to arbiter"
"2019-08-23 09:25:55,703 - hetero_ne_guest.py[line:206] - INFO: Get optim_guest_gradient from arbiter"
"2019-08-23 09:25:55,703 - hetero_ne_guest.py[line:209] - INFO: update node embedding"
"2019-08-23 09:25:55,965 - hetero_ne_guest.py[line:228] - INFO: Remote loss to arbiter"
"2019-08-23 09:25:56,477 - hetero_ne_guest.py[line:125] - INFO: batch:4"
"2019-08-23 09:25:56,477 - hetero_ne_guest.py[line:129] - INFO: remote mini-batch index to Host"
"2019-08-23 09:26:05,778 - hetero_ne_guest.py[line:161] - INFO: Get host_forward from host"
"2019-08-23 09:26:06,806 - hetero_ne_guest.py[line:181] - INFO: Remote host_gradient to arbiter"
"2019-08-23 09:26:07,507 - hetero_ne_guest.py[line:197] - INFO: Remote guest_gradient to arbiter"
"2019-08-23 09:26:07,810 - hetero_ne_guest.py[line:206] - INFO: Get optim_guest_gradient from arbiter"
"2019-08-23 09:26:07,810 - hetero_ne_guest.py[line:209] - INFO: update node embedding"
"2019-08-23 09:26:08,086 - hetero_ne_guest.py[line:228] - INFO: Remote loss to arbiter"
"2019-08-23 09:26:08,543 - hetero_ne_guest.py[line:125] - INFO: batch:5"
"2019-08-23 09:26:08,543 - hetero_ne_guest.py[line:129] - INFO: remote mini-batch index to Host"
"2019-08-23 09:26:17,835 - hetero_ne_guest.py[line:161] - INFO: Get host_forward from host"
"2019-08-23 09:26:18,497 - hetero_ne_guest.py[line:181] - INFO: Remote host_gradient to arbiter"
"2019-08-23 09:26:19,323 - hetero_ne_guest.py[line:197] - INFO: Remote guest_gradient to arbiter"
"2019-08-23 09:26:19,928 - hetero_ne_guest.py[line:206] - INFO: Get optim_guest_gradient from arbiter"
"2019-08-23 09:26:19,928 - hetero_ne_guest.py[line:209] - INFO: update node embedding"
"2019-08-23 09:26:20,367 - hetero_ne_guest.py[line:228] - INFO: Remote loss to arbiter"
"2019-08-23 09:26:20,873 - hetero_ne_guest.py[line:125] - INFO: batch:6"
"2019-08-23 09:26:20,873 - hetero_ne_guest.py[line:129] - INFO: remote mini-batch index to Host"
"2019-08-23 09:26:30,465 - hetero_ne_guest.py[line:161] - INFO: Get host_forward from host"
"2019-08-23 09:26:31,089 - hetero_ne_guest.py[line:181] - INFO: Remote host_gradient to arbiter"
"2019-08-23 09:26:32,016 - hetero_ne_guest.py[line:197] - INFO: Remote guest_gradient to arbiter"
"2019-08-23 09:26:32,319 - hetero_ne_guest.py[line:206] - INFO: Get optim_guest_gradient from arbiter"
"2019-08-23 09:26:32,319 - hetero_ne_guest.py[line:209] - INFO: update node embedding"
"2019-08-23 09:26:32,627 - hetero_ne_guest.py[line:228] - INFO: Remote loss to arbiter"
"2019-08-23 09:26:32,930 - hetero_ne_guest.py[line:125] - INFO: batch:7"
"2019-08-23 09:26:32,930 - hetero_ne_guest.py[line:129] - INFO: remote mini-batch index to Host"
"2019-08-23 09:26:42,117 - hetero_ne_guest.py[line:161] - INFO: Get host_forward from host"
"2019-08-23 09:26:42,650 - hetero_ne_guest.py[line:181] - INFO: Remote host_gradient to arbiter"
"2019-08-23 09:26:43,360 - hetero_ne_guest.py[line:197] - INFO: Remote guest_gradient to arbiter"
"2019-08-23 09:26:43,662 - hetero_ne_guest.py[line:206] - INFO: Get optim_guest_gradient from arbiter"
"2019-08-23 09:26:43,662 - hetero_ne_guest.py[line:209] - INFO: update node embedding"
"2019-08-23 09:26:43,839 - hetero_ne_guest.py[line:228] - INFO: Remote loss to arbiter"
"2019-08-23 09:26:44,326 - hetero_ne_guest.py[line:125] - INFO: batch:8"
"2019-08-23 09:26:44,327 - hetero_ne_guest.py[line:129] - INFO: remote mini-batch index to Host"
"2019-08-23 09:26:53,582 - hetero_ne_guest.py[line:161] - INFO: Get host_forward from host"
"2019-08-23 09:26:54,361 - hetero_ne_guest.py[line:181] - INFO: Remote host_gradient to arbiter"
"2019-08-23 09:26:55,222 - hetero_ne_guest.py[line:197] - INFO: Remote guest_gradient to arbiter"
"2019-08-23 09:26:55,524 - hetero_ne_guest.py[line:206] - INFO: Get optim_guest_gradient from arbiter"
"2019-08-23 09:26:55,524 - hetero_ne_guest.py[line:209] - INFO: update node embedding"
"2019-08-23 09:26:55,740 - hetero_ne_guest.py[line:228] - INFO: Remote loss to arbiter"
"2019-08-23 09:26:56,541 - hetero_ne_guest.py[line:125] - INFO: batch:9"
"2019-08-23 09:26:56,542 - hetero_ne_guest.py[line:129] - INFO: remote mini-batch index to Host"
"2019-08-23 09:27:06,076 - hetero_ne_guest.py[line:161] - INFO: Get host_forward from host"
"2019-08-23 09:27:06,616 - hetero_ne_guest.py[line:181] - INFO: Remote host_gradient to arbiter"
"2019-08-23 09:27:08,181 - hetero_ne_guest.py[line:197] - INFO: Remote guest_gradient to arbiter"
"2019-08-23 09:27:08,486 - hetero_ne_guest.py[line:206] - INFO: Get optim_guest_gradient from arbiter"
"2019-08-23 09:27:08,486 - hetero_ne_guest.py[line:209] - INFO: update node embedding"
"2019-08-23 09:27:08,685 - hetero_ne_guest.py[line:228] - INFO: Remote loss to arbiter"
"2019-08-23 09:27:09,153 - hetero_ne_guest.py[line:125] - INFO: batch:10"
"2019-08-23 09:27:09,153 - hetero_ne_guest.py[line:129] - INFO: remote mini-batch index to Host"
"2019-08-23 09:27:19,331 - hetero_ne_guest.py[line:161] - INFO: Get host_forward from host"
"2019-08-23 09:27:20,027 - hetero_ne_guest.py[line:181] - INFO: Remote host_gradient to arbiter"
"2019-08-23 09:27:20,958 - hetero_ne_guest.py[line:197] - INFO: Remote guest_gradient to arbiter"
"2019-08-23 09:27:21,160 - hetero_ne_guest.py[line:206] - INFO: Get optim_guest_gradient from arbiter"
"2019-08-23 09:27:21,160 - hetero_ne_guest.py[line:209] - INFO: update node embedding"
"2019-08-23 09:27:21,427 - hetero_ne_guest.py[line:228] - INFO: Remote loss to arbiter"
"2019-08-23 09:27:22,153 - hetero_ne_guest.py[line:125] - INFO: batch:11"
"2019-08-23 09:27:22,153 - hetero_ne_guest.py[line:129] - INFO: remote mini-batch index to Host"
"2019-08-23 09:27:32,019 - hetero_ne_guest.py[line:161] - INFO: Get host_forward from host"
"2019-08-23 09:27:32,615 - hetero_ne_guest.py[line:181] - INFO: Remote host_gradient to arbiter"
"2019-08-23 09:27:34,508 - hetero_ne_guest.py[line:197] - INFO: Remote guest_gradient to arbiter"
"2019-08-23 09:27:34,810 - hetero_ne_guest.py[line:206] - INFO: Get optim_guest_gradient from arbiter"
"2019-08-23 09:27:34,810 - hetero_ne_guest.py[line:209] - INFO: update node embedding"
"2019-08-23 09:27:34,983 - hetero_ne_guest.py[line:228] - INFO: Remote loss to arbiter"
"2019-08-23 09:27:35,530 - hetero_ne_guest.py[line:125] - INFO: batch:12"
"2019-08-23 09:27:35,530 - hetero_ne_guest.py[line:129] - INFO: remote mini-batch index to Host"
"2019-08-23 09:27:45,075 - hetero_ne_guest.py[line:161] - INFO: Get host_forward from host"
"2019-08-23 09:27:45,602 - hetero_ne_guest.py[line:181] - INFO: Remote host_gradient to arbiter"
"2019-08-23 09:27:46,601 - hetero_ne_guest.py[line:197] - INFO: Remote guest_gradient to arbiter"
"2019-08-23 09:27:46,903 - hetero_ne_guest.py[line:206] - INFO: Get optim_guest_gradient from arbiter"
"2019-08-23 09:27:46,903 - hetero_ne_guest.py[line:209] - INFO: update node embedding"
"2019-08-23 09:27:47,171 - hetero_ne_guest.py[line:228] - INFO: Remote loss to arbiter"
"2019-08-23 09:27:47,723 - hetero_ne_guest.py[line:125] - INFO: batch:13"
"2019-08-23 09:27:47,723 - hetero_ne_guest.py[line:129] - INFO: remote mini-batch index to Host"
"2019-08-23 09:27:57,030 - hetero_ne_guest.py[line:161] - INFO: Get host_forward from host"
"2019-08-23 09:27:57,649 - hetero_ne_guest.py[line:181] - INFO: Remote host_gradient to arbiter"
"2019-08-23 09:27:58,593 - hetero_ne_guest.py[line:197] - INFO: Remote guest_gradient to arbiter"
"2019-08-23 09:27:58,895 - hetero_ne_guest.py[line:206] - INFO: Get optim_guest_gradient from arbiter"
"2019-08-23 09:27:58,895 - hetero_ne_guest.py[line:209] - INFO: update node embedding"
"2019-08-23 09:27:59,181 - hetero_ne_guest.py[line:228] - INFO: Remote loss to arbiter"
"2019-08-23 09:27:59,868 - hetero_ne_guest.py[line:125] - INFO: batch:14"
"2019-08-23 09:27:59,868 - hetero_ne_guest.py[line:129] - INFO: remote mini-batch index to Host"
"2019-08-23 09:28:11,160 - hetero_ne_guest.py[line:161] - INFO: Get host_forward from host"
"2019-08-23 09:28:12,334 - hetero_ne_guest.py[line:181] - INFO: Remote host_gradient to arbiter"
"2019-08-23 09:28:13,130 - hetero_ne_guest.py[line:197] - INFO: Remote guest_gradient to arbiter"
"2019-08-23 09:28:13,533 - hetero_ne_guest.py[line:206] - INFO: Get optim_guest_gradient from arbiter"
"2019-08-23 09:28:13,533 - hetero_ne_guest.py[line:209] - INFO: update node embedding"
"2019-08-23 09:28:14,277 - hetero_ne_guest.py[line:228] - INFO: Remote loss to arbiter"
"2019-08-23 09:28:14,547 - hetero_ne_guest.py[line:125] - INFO: batch:15"
"2019-08-23 09:28:14,547 - hetero_ne_guest.py[line:129] - INFO: remote mini-batch index to Host"
"2019-08-23 09:28:24,184 - hetero_ne_guest.py[line:161] - INFO: Get host_forward from host"
"2019-08-23 09:28:24,880 - hetero_ne_guest.py[line:181] - INFO: Remote host_gradient to arbiter"
"2019-08-23 09:28:25,735 - hetero_ne_guest.py[line:197] - INFO: Remote guest_gradient to arbiter"
"2019-08-23 09:28:26,037 - hetero_ne_guest.py[line:206] - INFO: Get optim_guest_gradient from arbiter"
"2019-08-23 09:28:26,037 - hetero_ne_guest.py[line:209] - INFO: update node embedding"
"2019-08-23 09:28:26,382 - hetero_ne_guest.py[line:228] - INFO: Remote loss to arbiter"
"2019-08-23 09:28:27,017 - hetero_ne_guest.py[line:125] - INFO: batch:16"
"2019-08-23 09:28:27,017 - hetero_ne_guest.py[line:129] - INFO: remote mini-batch index to Host"
"2019-08-23 09:28:36,874 - hetero_ne_guest.py[line:161] - INFO: Get host_forward from host"
"2019-08-23 09:28:37,711 - hetero_ne_guest.py[line:181] - INFO: Remote host_gradient to arbiter"
"2019-08-23 09:28:38,369 - hetero_ne_guest.py[line:197] - INFO: Remote guest_gradient to arbiter"
"2019-08-23 09:28:38,672 - hetero_ne_guest.py[line:206] - INFO: Get optim_guest_gradient from arbiter"
"2019-08-23 09:28:38,672 - hetero_ne_guest.py[line:209] - INFO: update node embedding"
"2019-08-23 09:28:39,096 - hetero_ne_guest.py[line:228] - INFO: Remote loss to arbiter"
"2019-08-23 09:28:39,346 - hetero_ne_guest.py[line:125] - INFO: batch:17"
"2019-08-23 09:28:39,346 - hetero_ne_guest.py[line:129] - INFO: remote mini-batch index to Host"
"2019-08-23 09:28:43,910 - hetero_ne_guest.py[line:161] - INFO: Get host_forward from host"
"2019-08-23 09:28:44,435 - hetero_ne_guest.py[line:181] - INFO: Remote host_gradient to arbiter"
"2019-08-23 09:28:45,200 - hetero_ne_guest.py[line:197] - INFO: Remote guest_gradient to arbiter"
"2019-08-23 09:28:45,502 - hetero_ne_guest.py[line:206] - INFO: Get optim_guest_gradient from arbiter"
"2019-08-23 09:28:45,503 - hetero_ne_guest.py[line:209] - INFO: update node embedding"
"2019-08-23 09:28:45,691 - hetero_ne_guest.py[line:228] - INFO: Remote loss to arbiter"
"2019-08-23 09:28:47,621 - hetero_ne_guest.py[line:249] - INFO: Get is_stop flag from arbiter:False"
"2019-08-23 09:28:47,621 - hetero_ne_guest.py[line:118] - INFO: iter:1"
"2019-08-23 09:28:47,621 - hetero_ne_guest.py[line:125] - INFO: batch:0"
