"2019-08-23 09:25:02,948 - hetero_ne_arbiter.py[line:54] - INFO: Enter hetero_ne_arbiter fit"
"2019-08-23 09:25:02,979 - hetero_ne_arbiter.py[line:61] - INFO: public_key: <PaillierPublicKey c1de159ade>"
"2019-08-23 09:25:03,208 - hetero_ne_arbiter.py[line:69] - INFO: remote publick_key to host"
"2019-08-23 09:25:03,444 - hetero_ne_arbiter.py[line:76] - INFO: remote public_key to guest"
"2019-08-23 09:25:08,565 - hetero_ne_arbiter.py[line:81] - INFO: Get batch_info from guest: {'batch_size': 256, 'batch_num': 18}"
"2019-08-23 09:25:08,566 - hetero_ne_arbiter.py[line:88] - INFO: iter: 0"
"2019-08-23 09:25:08,566 - hetero_ne_arbiter.py[line:93] - INFO: batch: 0"
"2019-08-23 09:25:18,907 - hetero_ne_arbiter.py[line:101] - INFO: Get host_gradient from GUEST"
"2019-08-23 09:25:19,712 - hetero_ne_arbiter.py[line:108] - INFO: Get guest_gradient from GUEST"
"2019-08-23 09:25:19,863 - hetero_ne_arbiter.py[line:126] - INFO: host gradients number: 256"
"2019-08-23 09:25:19,863 - hetero_ne_arbiter.py[line:127] - INFO: guest gradients number: 256"
"2019-08-23 09:25:19,888 - hetero_ne_arbiter.py[line:138] - INFO: Remote host_optim_gradient to Host"
"2019-08-23 09:25:19,914 - hetero_ne_arbiter.py[line:149] - INFO: Remote guest_optim_gradient to Guest"
"2019-08-23 09:25:20,424 - hetero_ne_arbiter.py[line:164] - INFO: Get loss from guest: 0.30461953854357626"
"2019-08-23 09:25:20,424 - hetero_ne_arbiter.py[line:93] - INFO: batch: 1"
"2019-08-23 09:25:30,670 - hetero_ne_arbiter.py[line:101] - INFO: Get host_gradient from GUEST"
"2019-08-23 09:25:31,274 - hetero_ne_arbiter.py[line:108] - INFO: Get guest_gradient from GUEST"
"2019-08-23 09:25:31,686 - hetero_ne_arbiter.py[line:126] - INFO: host gradients number: 256"
"2019-08-23 09:25:31,686 - hetero_ne_arbiter.py[line:127] - INFO: guest gradients number: 256"
"2019-08-23 09:25:31,705 - hetero_ne_arbiter.py[line:138] - INFO: Remote host_optim_gradient to Host"
"2019-08-23 09:25:31,723 - hetero_ne_arbiter.py[line:149] - INFO: Remote guest_optim_gradient to Guest"
"2019-08-23 09:25:32,025 - hetero_ne_arbiter.py[line:164] - INFO: Get loss from guest: 0.2815079341294467"
"2019-08-23 09:25:32,025 - hetero_ne_arbiter.py[line:93] - INFO: batch: 2"
"2019-08-23 09:25:42,768 - hetero_ne_arbiter.py[line:101] - INFO: Get host_gradient from GUEST"
"2019-08-23 09:25:43,572 - hetero_ne_arbiter.py[line:108] - INFO: Get guest_gradient from GUEST"
"2019-08-23 09:25:43,756 - hetero_ne_arbiter.py[line:126] - INFO: host gradients number: 256"
"2019-08-23 09:25:43,757 - hetero_ne_arbiter.py[line:127] - INFO: guest gradients number: 256"
"2019-08-23 09:25:43,777 - hetero_ne_arbiter.py[line:138] - INFO: Remote host_optim_gradient to Host"
"2019-08-23 09:25:43,791 - hetero_ne_arbiter.py[line:149] - INFO: Remote guest_optim_gradient to Guest"
"2019-08-23 09:25:44,394 - hetero_ne_arbiter.py[line:164] - INFO: Get loss from guest: 0.5738570982389775"
"2019-08-23 09:25:44,394 - hetero_ne_arbiter.py[line:93] - INFO: batch: 3"
"2019-08-23 09:25:54,752 - hetero_ne_arbiter.py[line:101] - INFO: Get host_gradient from GUEST"
"2019-08-23 09:25:55,456 - hetero_ne_arbiter.py[line:108] - INFO: Get guest_gradient from GUEST"
"2019-08-23 09:25:55,629 - hetero_ne_arbiter.py[line:126] - INFO: host gradients number: 256"
"2019-08-23 09:25:55,630 - hetero_ne_arbiter.py[line:127] - INFO: guest gradients number: 256"
"2019-08-23 09:25:55,653 - hetero_ne_arbiter.py[line:138] - INFO: Remote host_optim_gradient to Host"
"2019-08-23 09:25:55,673 - hetero_ne_arbiter.py[line:149] - INFO: Remote guest_optim_gradient to Guest"
"2019-08-23 09:25:55,975 - hetero_ne_arbiter.py[line:164] - INFO: Get loss from guest: 2.925678195337848"
"2019-08-23 09:25:55,975 - hetero_ne_arbiter.py[line:93] - INFO: batch: 4"
"2019-08-23 09:26:06,817 - hetero_ne_arbiter.py[line:101] - INFO: Get host_gradient from GUEST"
"2019-08-23 09:26:07,521 - hetero_ne_arbiter.py[line:108] - INFO: Get guest_gradient from GUEST"
"2019-08-23 09:26:07,707 - hetero_ne_arbiter.py[line:126] - INFO: host gradients number: 256"
"2019-08-23 09:26:07,707 - hetero_ne_arbiter.py[line:127] - INFO: guest gradients number: 256"
"2019-08-23 09:26:07,729 - hetero_ne_arbiter.py[line:138] - INFO: Remote host_optim_gradient to Host"
"2019-08-23 09:26:07,751 - hetero_ne_arbiter.py[line:149] - INFO: Remote guest_optim_gradient to Guest"
"2019-08-23 09:26:08,154 - hetero_ne_arbiter.py[line:164] - INFO: Get loss from guest: 2.863310240538037"
"2019-08-23 09:26:08,154 - hetero_ne_arbiter.py[line:93] - INFO: batch: 5"
"2019-08-23 09:26:18,501 - hetero_ne_arbiter.py[line:101] - INFO: Get host_gradient from GUEST"
"2019-08-23 09:26:19,406 - hetero_ne_arbiter.py[line:108] - INFO: Get guest_gradient from GUEST"
"2019-08-23 09:26:19,809 - hetero_ne_arbiter.py[line:126] - INFO: host gradients number: 256"
"2019-08-23 09:26:19,809 - hetero_ne_arbiter.py[line:127] - INFO: guest gradients number: 256"
"2019-08-23 09:26:19,817 - hetero_ne_arbiter.py[line:138] - INFO: Remote host_optim_gradient to Host"
"2019-08-23 09:26:19,833 - hetero_ne_arbiter.py[line:149] - INFO: Remote guest_optim_gradient to Guest"
"2019-08-23 09:26:20,236 - hetero_ne_arbiter.py[line:164] - INFO: Get loss from guest: 2.8497975744594966"
"2019-08-23 09:26:20,236 - hetero_ne_arbiter.py[line:93] - INFO: batch: 6"
"2019-08-23 09:26:31,179 - hetero_ne_arbiter.py[line:101] - INFO: Get host_gradient from GUEST"
"2019-08-23 09:26:32,083 - hetero_ne_arbiter.py[line:108] - INFO: Get guest_gradient from GUEST"
"2019-08-23 09:26:32,211 - hetero_ne_arbiter.py[line:126] - INFO: host gradients number: 256"
"2019-08-23 09:26:32,212 - hetero_ne_arbiter.py[line:127] - INFO: guest gradients number: 256"
"2019-08-23 09:26:32,222 - hetero_ne_arbiter.py[line:138] - INFO: Remote host_optim_gradient to Host"
"2019-08-23 09:26:32,234 - hetero_ne_arbiter.py[line:149] - INFO: Remote guest_optim_gradient to Guest"
"2019-08-23 09:26:32,636 - hetero_ne_arbiter.py[line:164] - INFO: Get loss from guest: 2.7825853193770063"
"2019-08-23 09:26:32,636 - hetero_ne_arbiter.py[line:93] - INFO: batch: 7"
"2019-08-23 09:26:42,674 - hetero_ne_arbiter.py[line:101] - INFO: Get host_gradient from GUEST"
"2019-08-23 09:26:43,378 - hetero_ne_arbiter.py[line:108] - INFO: Get guest_gradient from GUEST"
"2019-08-23 09:26:43,550 - hetero_ne_arbiter.py[line:126] - INFO: host gradients number: 256"
"2019-08-23 09:26:43,551 - hetero_ne_arbiter.py[line:127] - INFO: guest gradients number: 256"
"2019-08-23 09:26:43,572 - hetero_ne_arbiter.py[line:138] - INFO: Remote host_optim_gradient to Host"
"2019-08-23 09:26:43,594 - hetero_ne_arbiter.py[line:149] - INFO: Remote guest_optim_gradient to Guest"
"2019-08-23 09:26:43,897 - hetero_ne_arbiter.py[line:164] - INFO: Get loss from guest: 2.78907914840875"
"2019-08-23 09:26:43,897 - hetero_ne_arbiter.py[line:93] - INFO: batch: 8"
"2019-08-23 09:26:54,439 - hetero_ne_arbiter.py[line:101] - INFO: Get host_gradient from GUEST"
"2019-08-23 09:26:55,243 - hetero_ne_arbiter.py[line:108] - INFO: Get guest_gradient from GUEST"
"2019-08-23 09:26:55,405 - hetero_ne_arbiter.py[line:126] - INFO: host gradients number: 256"
"2019-08-23 09:26:55,405 - hetero_ne_arbiter.py[line:127] - INFO: guest gradients number: 256"
"2019-08-23 09:26:55,422 - hetero_ne_arbiter.py[line:138] - INFO: Remote host_optim_gradient to Host"
"2019-08-23 09:26:55,438 - hetero_ne_arbiter.py[line:149] - INFO: Remote guest_optim_gradient to Guest"
"2019-08-23 09:26:55,740 - hetero_ne_arbiter.py[line:164] - INFO: Get loss from guest: 2.585780612646214"
"2019-08-23 09:26:55,740 - hetero_ne_arbiter.py[line:93] - INFO: batch: 9"
"2019-08-23 09:27:06,684 - hetero_ne_arbiter.py[line:101] - INFO: Get host_gradient from GUEST"
"2019-08-23 09:27:08,192 - hetero_ne_arbiter.py[line:108] - INFO: Get guest_gradient from GUEST"
"2019-08-23 09:27:08,359 - hetero_ne_arbiter.py[line:126] - INFO: host gradients number: 256"
"2019-08-23 09:27:08,360 - hetero_ne_arbiter.py[line:127] - INFO: guest gradients number: 256"
"2019-08-23 09:27:08,381 - hetero_ne_arbiter.py[line:138] - INFO: Remote host_optim_gradient to Host"
"2019-08-23 09:27:08,395 - hetero_ne_arbiter.py[line:149] - INFO: Remote guest_optim_gradient to Guest"
"2019-08-23 09:27:08,697 - hetero_ne_arbiter.py[line:164] - INFO: Get loss from guest: 2.5772163141130835"
"2019-08-23 09:27:08,697 - hetero_ne_arbiter.py[line:93] - INFO: batch: 10"
"2019-08-23 09:27:20,048 - hetero_ne_arbiter.py[line:101] - INFO: Get host_gradient from GUEST"
"2019-08-23 09:27:20,952 - hetero_ne_arbiter.py[line:108] - INFO: Get guest_gradient from GUEST"
"2019-08-23 09:27:21,103 - hetero_ne_arbiter.py[line:126] - INFO: host gradients number: 256"
"2019-08-23 09:27:21,103 - hetero_ne_arbiter.py[line:127] - INFO: guest gradients number: 256"
"2019-08-23 09:27:21,115 - hetero_ne_arbiter.py[line:138] - INFO: Remote host_optim_gradient to Host"
"2019-08-23 09:27:21,126 - hetero_ne_arbiter.py[line:149] - INFO: Remote guest_optim_gradient to Guest"
"2019-08-23 09:27:21,428 - hetero_ne_arbiter.py[line:164] - INFO: Get loss from guest: 2.902955052731046"
"2019-08-23 09:27:21,429 - hetero_ne_arbiter.py[line:93] - INFO: batch: 11"
"2019-08-23 09:27:32,674 - hetero_ne_arbiter.py[line:101] - INFO: Get host_gradient from GUEST"
"2019-08-23 09:27:34,583 - hetero_ne_arbiter.py[line:108] - INFO: Get guest_gradient from GUEST"
"2019-08-23 09:27:34,718 - hetero_ne_arbiter.py[line:126] - INFO: host gradients number: 256"
"2019-08-23 09:27:34,718 - hetero_ne_arbiter.py[line:127] - INFO: guest gradients number: 256"
"2019-08-23 09:27:34,730 - hetero_ne_arbiter.py[line:138] - INFO: Remote host_optim_gradient to Host"
"2019-08-23 09:27:34,741 - hetero_ne_arbiter.py[line:149] - INFO: Remote guest_optim_gradient to Guest"
"2019-08-23 09:27:35,043 - hetero_ne_arbiter.py[line:164] - INFO: Get loss from guest: 2.746510358446508"
"2019-08-23 09:27:35,043 - hetero_ne_arbiter.py[line:93] - INFO: batch: 12"
"2019-08-23 09:27:45,684 - hetero_ne_arbiter.py[line:101] - INFO: Get host_gradient from GUEST"
"2019-08-23 09:27:46,689 - hetero_ne_arbiter.py[line:108] - INFO: Get guest_gradient from GUEST"
"2019-08-23 09:27:46,802 - hetero_ne_arbiter.py[line:126] - INFO: host gradients number: 256"
"2019-08-23 09:27:46,802 - hetero_ne_arbiter.py[line:127] - INFO: guest gradients number: 256"
"2019-08-23 09:27:46,867 - hetero_ne_arbiter.py[line:138] - INFO: Remote host_optim_gradient to Host"
"2019-08-23 09:27:46,892 - hetero_ne_arbiter.py[line:149] - INFO: Remote guest_optim_gradient to Guest"
"2019-08-23 09:27:47,194 - hetero_ne_arbiter.py[line:164] - INFO: Get loss from guest: 2.535374420702137"
"2019-08-23 09:27:47,194 - hetero_ne_arbiter.py[line:93] - INFO: batch: 13"
"2019-08-23 09:27:57,749 - hetero_ne_arbiter.py[line:101] - INFO: Get host_gradient from GUEST"
"2019-08-23 09:27:58,654 - hetero_ne_arbiter.py[line:108] - INFO: Get guest_gradient from GUEST"
"2019-08-23 09:27:58,840 - hetero_ne_arbiter.py[line:126] - INFO: host gradients number: 256"
"2019-08-23 09:27:58,840 - hetero_ne_arbiter.py[line:127] - INFO: guest gradients number: 256"
"2019-08-23 09:27:58,861 - hetero_ne_arbiter.py[line:138] - INFO: Remote host_optim_gradient to Host"
"2019-08-23 09:27:58,883 - hetero_ne_arbiter.py[line:149] - INFO: Remote guest_optim_gradient to Guest"
"2019-08-23 09:27:59,185 - hetero_ne_arbiter.py[line:164] - INFO: Get loss from guest: 2.7486387549678053"
"2019-08-23 09:27:59,186 - hetero_ne_arbiter.py[line:93] - INFO: batch: 14"
"2019-08-23 09:28:12,341 - hetero_ne_arbiter.py[line:101] - INFO: Get host_gradient from GUEST"
"2019-08-23 09:28:13,204 - hetero_ne_arbiter.py[line:108] - INFO: Get guest_gradient from GUEST"
"2019-08-23 09:28:13,415 - hetero_ne_arbiter.py[line:126] - INFO: host gradients number: 256"
"2019-08-23 09:28:13,415 - hetero_ne_arbiter.py[line:127] - INFO: guest gradients number: 256"
"2019-08-23 09:28:13,437 - hetero_ne_arbiter.py[line:138] - INFO: Remote host_optim_gradient to Host"
"2019-08-23 09:28:13,469 - hetero_ne_arbiter.py[line:149] - INFO: Remote guest_optim_gradient to Guest"
"2019-08-23 09:28:14,373 - hetero_ne_arbiter.py[line:164] - INFO: Get loss from guest: 2.604400062715903"
"2019-08-23 09:28:14,373 - hetero_ne_arbiter.py[line:93] - INFO: batch: 15"
"2019-08-23 09:28:24,956 - hetero_ne_arbiter.py[line:101] - INFO: Get host_gradient from GUEST"
"2019-08-23 09:28:25,761 - hetero_ne_arbiter.py[line:108] - INFO: Get guest_gradient from GUEST"
"2019-08-23 09:28:25,959 - hetero_ne_arbiter.py[line:126] - INFO: host gradients number: 256"
"2019-08-23 09:28:25,959 - hetero_ne_arbiter.py[line:127] - INFO: guest gradients number: 256"
"2019-08-23 09:28:25,981 - hetero_ne_arbiter.py[line:138] - INFO: Remote host_optim_gradient to Host"
"2019-08-23 09:28:26,014 - hetero_ne_arbiter.py[line:149] - INFO: Remote guest_optim_gradient to Guest"
"2019-08-23 09:28:26,417 - hetero_ne_arbiter.py[line:164] - INFO: Get loss from guest: 2.7252814837963113"
"2019-08-23 09:28:26,417 - hetero_ne_arbiter.py[line:93] - INFO: batch: 16"
"2019-08-23 09:28:37,766 - hetero_ne_arbiter.py[line:101] - INFO: Get host_gradient from GUEST"
"2019-08-23 09:28:38,388 - hetero_ne_arbiter.py[line:108] - INFO: Get guest_gradient from GUEST"
"2019-08-23 09:28:38,559 - hetero_ne_arbiter.py[line:126] - INFO: host gradients number: 256"
"2019-08-23 09:28:38,559 - hetero_ne_arbiter.py[line:127] - INFO: guest gradients number: 256"
"2019-08-23 09:28:38,580 - hetero_ne_arbiter.py[line:138] - INFO: Remote host_optim_gradient to Host"
"2019-08-23 09:28:38,603 - hetero_ne_arbiter.py[line:149] - INFO: Remote guest_optim_gradient to Guest"
"2019-08-23 09:28:39,105 - hetero_ne_arbiter.py[line:164] - INFO: Get loss from guest: 2.458135254693511"
"2019-08-23 09:28:39,105 - hetero_ne_arbiter.py[line:93] - INFO: batch: 17"
"2019-08-23 09:28:44,471 - hetero_ne_arbiter.py[line:101] - INFO: Get host_gradient from GUEST"
"2019-08-23 09:28:45,275 - hetero_ne_arbiter.py[line:108] - INFO: Get guest_gradient from GUEST"
"2019-08-23 09:28:45,410 - hetero_ne_arbiter.py[line:126] - INFO: host gradients number: 88"
"2019-08-23 09:28:45,410 - hetero_ne_arbiter.py[line:127] - INFO: guest gradients number: 88"
"2019-08-23 09:28:45,422 - hetero_ne_arbiter.py[line:138] - INFO: Remote host_optim_gradient to Host"
"2019-08-23 09:28:45,433 - hetero_ne_arbiter.py[line:149] - INFO: Remote guest_optim_gradient to Guest"
"2019-08-23 09:28:45,735 - hetero_ne_arbiter.py[line:164] - INFO: Get loss from guest: 1.7664599008308697"
"2019-08-23 09:28:45,735 - hetero_ne_arbiter.py[line:171] - INFO: iter loss: 2.2789548480375843"
"2019-08-23 09:28:45,892 - hetero_ne_arbiter.py[line:183] - INFO: Remote is_stop to host: False"
"2019-08-23 09:28:47,047 - hetero_ne_arbiter.py[line:193] - INFO: Remote is_stop to guest: False"
"2019-08-23 09:28:47,047 - hetero_ne_arbiter.py[line:88] - INFO: iter: 1"
"2019-08-23 09:28:47,047 - hetero_ne_arbiter.py[line:93] - INFO: batch: 0"
