"2019-08-23 09:25:04,862 - hetero_ne_host.py[line:42] - INFO: Enter hetero_ne host"
"2019-08-23 09:25:04,862 - hetero_ne_host.py[line:44] - INFO: Host party has 2319 nodes"
"2019-08-23 09:25:05,189 - hetero_ne_host.py[line:47] - INFO: Transform input data to train instance"
"2019-08-23 09:25:05,191 - hetero_ne_host.py[line:54] - INFO: Get Publick key from arbiter:<PaillierPublicKey c1de159ade>"
"2019-08-23 09:25:08,506 - hetero_ne_host.py[line:60] - INFO: Get batch_info from guest: {'batch_size': 256, 'batch_num': 18}"
"2019-08-23 09:25:08,506 - hetero_ne_host.py[line:74] - INFO: Start initilize model."
"2019-08-23 09:25:08,506 - hetero_ne_host.py[line:81] - INFO: iter: 0"
"2019-08-23 09:25:08,506 - hetero_ne_host.py[line:84] - INFO: batch:0"
"2019-08-23 09:25:08,608 - hetero_ne_host.py[line:97] - INFO: Get batch_index from Guest"
"2019-08-23 09:25:08,710 - hetero_ne_host.py[line:110] - INFO: batch_data_inst size:256"
"2019-08-23 09:25:18,306 - hetero_ne_host.py[line:125] - INFO: Remote host_forward to guest"
"2019-08-23 09:25:19,917 - hetero_ne_host.py[line:135] - INFO: Get optim_host_gradient from arbiter"
"2019-08-23 09:25:20,036 - hetero_ne_host.py[line:138] - INFO: update_model"
"2019-08-23 09:25:20,370 - hetero_ne_host.py[line:84] - INFO: batch:1"
"2019-08-23 09:25:20,672 - hetero_ne_host.py[line:97] - INFO: Get batch_index from Guest"
"2019-08-23 09:25:20,730 - hetero_ne_host.py[line:110] - INFO: batch_data_inst size:256"
"2019-08-23 09:25:29,836 - hetero_ne_host.py[line:125] - INFO: Remote host_forward to guest"
"2019-08-23 09:25:31,745 - hetero_ne_host.py[line:135] - INFO: Get optim_host_gradient from arbiter"
"2019-08-23 09:25:31,851 - hetero_ne_host.py[line:138] - INFO: update_model"
"2019-08-23 09:25:31,970 - hetero_ne_host.py[line:84] - INFO: batch:2"
"2019-08-23 09:25:32,674 - hetero_ne_host.py[line:97] - INFO: Get batch_index from Guest"
"2019-08-23 09:25:32,751 - hetero_ne_host.py[line:110] - INFO: batch_data_inst size:256"
"2019-08-23 09:25:41,686 - hetero_ne_host.py[line:125] - INFO: Remote host_forward to guest"
"2019-08-23 09:25:43,795 - hetero_ne_host.py[line:135] - INFO: Get optim_host_gradient from arbiter"
"2019-08-23 09:25:44,087 - hetero_ne_host.py[line:138] - INFO: update_model"
"2019-08-23 09:25:44,301 - hetero_ne_host.py[line:84] - INFO: batch:3"
"2019-08-23 09:25:44,703 - hetero_ne_host.py[line:97] - INFO: Get batch_index from Guest"
"2019-08-23 09:25:44,988 - hetero_ne_host.py[line:110] - INFO: batch_data_inst size:256"
"2019-08-23 09:25:54,081 - hetero_ne_host.py[line:125] - INFO: Remote host_forward to guest"
"2019-08-23 09:25:55,688 - hetero_ne_host.py[line:135] - INFO: Get optim_host_gradient from arbiter"
"2019-08-23 09:25:55,820 - hetero_ne_host.py[line:138] - INFO: update_model"
"2019-08-23 09:25:55,931 - hetero_ne_host.py[line:84] - INFO: batch:4"
"2019-08-23 09:25:56,535 - hetero_ne_host.py[line:97] - INFO: Get batch_index from Guest"
"2019-08-23 09:25:56,609 - hetero_ne_host.py[line:110] - INFO: batch_data_inst size:256"
"2019-08-23 09:26:05,694 - hetero_ne_host.py[line:125] - INFO: Remote host_forward to guest"
"2019-08-23 09:26:07,804 - hetero_ne_host.py[line:135] - INFO: Get optim_host_gradient from arbiter"
"2019-08-23 09:26:07,941 - hetero_ne_host.py[line:138] - INFO: update_model"
"2019-08-23 09:26:08,052 - hetero_ne_host.py[line:84] - INFO: batch:5"
"2019-08-23 09:26:08,655 - hetero_ne_host.py[line:97] - INFO: Get batch_index from Guest"
"2019-08-23 09:26:08,751 - hetero_ne_host.py[line:110] - INFO: batch_data_inst size:256"
"2019-08-23 09:26:17,816 - hetero_ne_host.py[line:125] - INFO: Remote host_forward to guest"
"2019-08-23 09:26:19,825 - hetero_ne_host.py[line:135] - INFO: Get optim_host_gradient from arbiter"
"2019-08-23 09:26:19,934 - hetero_ne_host.py[line:138] - INFO: update_model"
"2019-08-23 09:26:20,007 - hetero_ne_host.py[line:84] - INFO: batch:6"
"2019-08-23 09:26:20,912 - hetero_ne_host.py[line:97] - INFO: Get batch_index from Guest"
"2019-08-23 09:26:21,297 - hetero_ne_host.py[line:110] - INFO: batch_data_inst size:256"
"2019-08-23 09:26:30,392 - hetero_ne_host.py[line:125] - INFO: Remote host_forward to guest"
"2019-08-23 09:26:32,301 - hetero_ne_host.py[line:135] - INFO: Get optim_host_gradient from arbiter"
"2019-08-23 09:26:32,410 - hetero_ne_host.py[line:138] - INFO: update_model"
"2019-08-23 09:26:32,608 - hetero_ne_host.py[line:84] - INFO: batch:7"
"2019-08-23 09:26:33,010 - hetero_ne_host.py[line:97] - INFO: Get batch_index from Guest"
"2019-08-23 09:26:33,208 - hetero_ne_host.py[line:110] - INFO: batch_data_inst size:256"
"2019-08-23 09:26:42,026 - hetero_ne_host.py[line:125] - INFO: Remote host_forward to guest"
"2019-08-23 09:26:43,633 - hetero_ne_host.py[line:135] - INFO: Get optim_host_gradient from arbiter"
"2019-08-23 09:26:43,738 - hetero_ne_host.py[line:138] - INFO: update_model"
"2019-08-23 09:26:43,817 - hetero_ne_host.py[line:84] - INFO: batch:8"
"2019-08-23 09:26:44,420 - hetero_ne_host.py[line:97] - INFO: Get batch_index from Guest"
"2019-08-23 09:26:44,495 - hetero_ne_host.py[line:110] - INFO: batch_data_inst size:256"
"2019-08-23 09:26:53,494 - hetero_ne_host.py[line:125] - INFO: Remote host_forward to guest"
"2019-08-23 09:26:55,503 - hetero_ne_host.py[line:135] - INFO: Get optim_host_gradient from arbiter"
"2019-08-23 09:26:55,626 - hetero_ne_host.py[line:138] - INFO: update_model"
"2019-08-23 09:26:55,728 - hetero_ne_host.py[line:84] - INFO: batch:9"
"2019-08-23 09:26:56,632 - hetero_ne_host.py[line:97] - INFO: Get batch_index from Guest"
"2019-08-23 09:26:56,696 - hetero_ne_host.py[line:110] - INFO: batch_data_inst size:256"
"2019-08-23 09:27:06,021 - hetero_ne_host.py[line:125] - INFO: Remote host_forward to guest"
"2019-08-23 09:27:08,432 - hetero_ne_host.py[line:135] - INFO: Get optim_host_gradient from arbiter"
"2019-08-23 09:27:08,528 - hetero_ne_host.py[line:138] - INFO: update_model"
"2019-08-23 09:27:08,617 - hetero_ne_host.py[line:84] - INFO: batch:10"
"2019-08-23 09:27:09,221 - hetero_ne_host.py[line:97] - INFO: Get batch_index from Guest"
"2019-08-23 09:27:09,384 - hetero_ne_host.py[line:110] - INFO: batch_data_inst size:256"
"2019-08-23 09:27:19,315 - hetero_ne_host.py[line:125] - INFO: Remote host_forward to guest"
"2019-08-23 09:27:21,135 - hetero_ne_host.py[line:135] - INFO: Get optim_host_gradient from arbiter"
"2019-08-23 09:27:21,254 - hetero_ne_host.py[line:138] - INFO: update_model"
"2019-08-23 09:27:21,406 - hetero_ne_host.py[line:84] - INFO: batch:11"
"2019-08-23 09:27:22,210 - hetero_ne_host.py[line:97] - INFO: Get batch_index from Guest"
"2019-08-23 09:27:22,264 - hetero_ne_host.py[line:110] - INFO: batch_data_inst size:256"
"2019-08-23 09:27:31,925 - hetero_ne_host.py[line:125] - INFO: Remote host_forward to guest"
"2019-08-23 09:27:34,737 - hetero_ne_host.py[line:135] - INFO: Get optim_host_gradient from arbiter"
"2019-08-23 09:27:34,876 - hetero_ne_host.py[line:138] - INFO: update_model"
"2019-08-23 09:27:34,961 - hetero_ne_host.py[line:84] - INFO: batch:12"
"2019-08-23 09:27:35,564 - hetero_ne_host.py[line:97] - INFO: Get batch_index from Guest"
"2019-08-23 09:27:35,665 - hetero_ne_host.py[line:110] - INFO: batch_data_inst size:256"
"2019-08-23 09:27:44,990 - hetero_ne_host.py[line:125] - INFO: Remote host_forward to guest"
"2019-08-23 09:27:46,898 - hetero_ne_host.py[line:135] - INFO: Get optim_host_gradient from arbiter"
"2019-08-23 09:27:47,035 - hetero_ne_host.py[line:138] - INFO: update_model"
"2019-08-23 09:27:47,149 - hetero_ne_host.py[line:84] - INFO: batch:13"
"2019-08-23 09:27:47,753 - hetero_ne_host.py[line:97] - INFO: Get batch_index from Guest"
"2019-08-23 09:27:47,870 - hetero_ne_host.py[line:110] - INFO: batch_data_inst size:256"
"2019-08-23 09:27:56,939 - hetero_ne_host.py[line:125] - INFO: Remote host_forward to guest"
"2019-08-23 09:27:58,948 - hetero_ne_host.py[line:135] - INFO: Get optim_host_gradient from arbiter"
"2019-08-23 09:27:59,260 - hetero_ne_host.py[line:138] - INFO: update_model"
"2019-08-23 09:27:59,317 - hetero_ne_host.py[line:84] - INFO: batch:14"
"2019-08-23 09:27:59,922 - hetero_ne_host.py[line:97] - INFO: Get batch_index from Guest"
"2019-08-23 09:28:00,004 - hetero_ne_host.py[line:110] - INFO: batch_data_inst size:256"
"2019-08-23 09:28:11,034 - hetero_ne_host.py[line:125] - INFO: Remote host_forward to guest"
"2019-08-23 09:28:13,516 - hetero_ne_host.py[line:135] - INFO: Get optim_host_gradient from arbiter"
"2019-08-23 09:28:13,813 - hetero_ne_host.py[line:138] - INFO: update_model"
"2019-08-23 09:28:14,257 - hetero_ne_host.py[line:84] - INFO: batch:15"
"2019-08-23 09:28:14,559 - hetero_ne_host.py[line:97] - INFO: Get batch_index from Guest"
"2019-08-23 09:28:14,715 - hetero_ne_host.py[line:110] - INFO: batch_data_inst size:256"
"2019-08-23 09:28:24,105 - hetero_ne_host.py[line:125] - INFO: Remote host_forward to guest"
"2019-08-23 09:28:26,013 - hetero_ne_host.py[line:135] - INFO: Get optim_host_gradient from arbiter"
"2019-08-23 09:28:26,257 - hetero_ne_host.py[line:138] - INFO: update_model"
"2019-08-23 09:28:26,370 - hetero_ne_host.py[line:84] - INFO: batch:16"
"2019-08-23 09:28:27,075 - hetero_ne_host.py[line:97] - INFO: Get batch_index from Guest"
"2019-08-23 09:28:27,247 - hetero_ne_host.py[line:110] - INFO: batch_data_inst size:256"
"2019-08-23 09:28:36,845 - hetero_ne_host.py[line:125] - INFO: Remote host_forward to guest"
"2019-08-23 09:28:38,653 - hetero_ne_host.py[line:135] - INFO: Get optim_host_gradient from arbiter"
"2019-08-23 09:28:38,782 - hetero_ne_host.py[line:138] - INFO: update_model"
"2019-08-23 09:28:39,092 - hetero_ne_host.py[line:84] - INFO: batch:17"
"2019-08-23 09:28:39,395 - hetero_ne_host.py[line:97] - INFO: Get batch_index from Guest"
"2019-08-23 09:28:39,514 - hetero_ne_host.py[line:110] - INFO: batch_data_inst size:88"
"2019-08-23 09:28:43,836 - hetero_ne_host.py[line:125] - INFO: Remote host_forward to guest"
"2019-08-23 09:28:45,443 - hetero_ne_host.py[line:135] - INFO: Get optim_host_gradient from arbiter"
"2019-08-23 09:28:45,618 - hetero_ne_host.py[line:138] - INFO: update_model"
"2019-08-23 09:28:45,916 - hetero_ne_host.py[line:155] - INFO: Get is_stop flag from arbiter:[False]"
"2019-08-23 09:28:45,916 - hetero_ne_host.py[line:158] - INFO: [False]"
"2019-08-23 09:28:45,916 - hetero_ne_host.py[line:160] - INFO: Get stop signal from arbiter, model is converged, iter:1"
"2019-08-23 09:29:38,585 - hetero_ne_host.py[line:168] - INFO: Reach max iter 20, network embedding finish!"
