"2019-08-23 09:25:02,946 - workflow.py[line:863] - DEBUG: The job id is hetero_network_embedding_example_standalone_20190823092457"
"2019-08-23 09:25:02,946 - workflow.py[line:863] - DEBUG: The job id is hetero_network_embedding_example_standalone_20190823092457"
"2019-08-23 09:25:02,946 - workflow.py[line:863] - DEBUG: The job id is hetero_network_embedding_example_standalone_20190823092457"
"2019-08-23 09:25:02,948 - workflow.py[line:865] - DEBUG: Finish eggroll and federation init"
"2019-08-23 09:25:02,948 - workflow.py[line:865] - DEBUG: Finish eggroll and federation init"
"2019-08-23 09:25:02,948 - workflow.py[line:865] - DEBUG: Finish eggroll and federation init"
"2019-08-23 09:25:02,948 - workflow.py[line:819] - DEBUG: finish init pipeline"
"2019-08-23 09:25:02,948 - workflow.py[line:819] - DEBUG: finish init pipeline"
"2019-08-23 09:25:02,948 - workflow.py[line:819] - DEBUG: finish init pipeline"
"2019-08-23 09:25:02,948 - workflow.py[line:214] - INFO: arbiter"
"2019-08-23 09:25:02,948 - workflow.py[line:215] - INFO: max iter: 20"
"2019-08-23 09:25:02,948 - workflow.py[line:910] - INFO: 4440 samples in guest"
"2019-08-23 09:25:02,948 - workflow.py[line:910] - INFO: 4440 samples in host"
"2019-08-23 09:25:02,953 - workflow.py[line:210] - DEBUG: Enter host network embedding function"
"2019-08-23 09:25:02,953 - workflow.py[line:211] - DEBUG: Start intersection before network embedding"
"2019-08-23 09:25:02,953 - workflow.py[line:210] - DEBUG: Enter guest network embedding function"
"2019-08-23 09:25:02,953 - workflow.py[line:316] - INFO: need_intersect: true!"
"2019-08-23 09:25:02,953 - workflow.py[line:211] - DEBUG: Start intersection before network embedding"
"2019-08-23 09:25:02,954 - workflow.py[line:316] - INFO: need_intersect: true!"
"2019-08-23 09:25:02,954 - workflow.py[line:320] - INFO: Start intersection!"
"2019-08-23 09:25:02,954 - workflow.py[line:320] - INFO: Start intersection!"
"2019-08-23 09:25:04,802 - workflow.py[line:331] - INFO: finish intersection!"
"2019-08-23 09:25:04,802 - workflow.py[line:214] - INFO: guest"
"2019-08-23 09:25:04,802 - workflow.py[line:215] - INFO: max iter: 20"
"2019-08-23 09:25:04,862 - workflow.py[line:331] - INFO: finish intersection!"
"2019-08-23 09:25:04,862 - workflow.py[line:214] - INFO: host"
"2019-08-23 09:25:04,862 - workflow.py[line:215] - INFO: max iter: 20"
"2019-08-23 09:29:38,585 - workflow.py[line:915] - DEBUG: host"
"2019-08-23 09:29:38,586 - workflow.py[line:916] - INFO: Network_embedding_finish"
