"2019-08-23 09:44:12,648 - workflow.py[line:863] - DEBUG: The job id is hetero_network_embedding_example_standalone_20190823094402"
"2019-08-23 09:44:12,649 - workflow.py[line:863] - DEBUG: The job id is hetero_network_embedding_example_standalone_20190823094402"
"2019-08-23 09:44:12,649 - workflow.py[line:863] - DEBUG: The job id is hetero_network_embedding_example_standalone_20190823094402"
"2019-08-23 09:44:12,693 - workflow.py[line:865] - DEBUG: Finish eggroll and federation init"
"2019-08-23 09:44:12,693 - workflow.py[line:865] - DEBUG: Finish eggroll and federation init"
"2019-08-23 09:44:12,693 - workflow.py[line:865] - DEBUG: Finish eggroll and federation init"
"2019-08-23 09:44:12,693 - workflow.py[line:819] - DEBUG: finish init pipeline"
"2019-08-23 09:44:12,693 - workflow.py[line:819] - DEBUG: finish init pipeline"
"2019-08-23 09:44:12,693 - workflow.py[line:819] - DEBUG: finish init pipeline"
"2019-08-23 09:44:12,694 - workflow.py[line:910] - INFO: 4440 samples in guest"
"2019-08-23 09:44:12,694 - workflow.py[line:910] - INFO: 4440 samples in host"
"2019-08-23 09:44:12,693 - workflow.py[line:214] - INFO: arbiter"
"2019-08-23 09:44:12,696 - workflow.py[line:215] - INFO: max iter: 20"
"2019-08-23 09:44:12,754 - workflow.py[line:210] - DEBUG: Enter host network embedding function"
"2019-08-23 09:44:12,754 - workflow.py[line:211] - DEBUG: Start intersection before network embedding"
"2019-08-23 09:44:12,754 - workflow.py[line:316] - INFO: need_intersect: true!"
"2019-08-23 09:44:12,754 - workflow.py[line:320] - INFO: Start intersection!"
"2019-08-23 09:44:12,768 - workflow.py[line:210] - DEBUG: Enter guest network embedding function"
"2019-08-23 09:44:12,768 - workflow.py[line:211] - DEBUG: Start intersection before network embedding"
"2019-08-23 09:44:12,768 - workflow.py[line:316] - INFO: need_intersect: true!"
"2019-08-23 09:44:12,769 - workflow.py[line:320] - INFO: Start intersection!"
"2019-08-23 09:44:14,569 - workflow.py[line:331] - INFO: finish intersection!"
"2019-08-23 09:44:14,569 - workflow.py[line:214] - INFO: guest"
"2019-08-23 09:44:14,570 - workflow.py[line:215] - INFO: max iter: 20"
"2019-08-23 09:44:14,821 - workflow.py[line:331] - INFO: finish intersection!"
"2019-08-23 09:44:14,821 - workflow.py[line:214] - INFO: host"
"2019-08-23 09:44:14,821 - workflow.py[line:215] - INFO: max iter: 20"
"2019-08-23 10:51:20,266 - workflow.py[line:915] - DEBUG: arbiter"
"2019-08-23 10:51:20,266 - workflow.py[line:916] - INFO: Network_embedding_finish"
"2019-08-23 10:52:49,160 - workflow.py[line:915] - DEBUG: host"
"2019-08-23 10:52:49,160 - workflow.py[line:916] - INFO: Network_embedding_finish"
"2019-08-23 10:52:51,934 - workflow.py[line:915] - DEBUG: guest"
"2019-08-23 10:52:51,934 - workflow.py[line:916] - INFO: Network_embedding_finish"
