"2019-08-22 07:25:32,258 - workflow.py[line:862] - DEBUG: The job id is hetero_network_embedding_example_standalone_20190822072528"
"2019-08-22 07:25:32,260 - workflow.py[line:864] - DEBUG: Finish eggroll and federation init"
"2019-08-22 07:25:32,260 - workflow.py[line:818] - DEBUG: finish init pipeline"
"2019-08-22 07:25:32,264 - workflow.py[line:905] - INFO: 4440 samples in guest"
"2019-08-22 07:25:32,269 - workflow.py[line:210] - DEBUG: Enter guest network embedding function"
"2019-08-22 07:25:32,269 - workflow.py[line:211] - DEBUG: Start intersection before network embedding"
"2019-08-22 07:25:32,269 - workflow.py[line:315] - INFO: need_intersect: true!"
"2019-08-22 07:25:32,270 - workflow.py[line:319] - INFO: Start intersection!"
"2019-08-22 07:25:32,336 - workflow.py[line:862] - DEBUG: The job id is hetero_network_embedding_example_standalone_20190822072528"
"2019-08-22 07:25:32,338 - workflow.py[line:864] - DEBUG: Finish eggroll and federation init"
"2019-08-22 07:25:32,338 - workflow.py[line:818] - DEBUG: finish init pipeline"
"2019-08-22 07:25:32,340 - workflow.py[line:905] - INFO: 4440 samples in host"
"2019-08-22 07:25:32,344 - workflow.py[line:210] - DEBUG: Enter host network embedding function"
"2019-08-22 07:25:32,345 - workflow.py[line:211] - DEBUG: Start intersection before network embedding"
"2019-08-22 07:25:32,345 - workflow.py[line:315] - INFO: need_intersect: true!"
"2019-08-22 07:25:32,345 - workflow.py[line:319] - INFO: Start intersection!"
"2019-08-22 07:25:32,442 - workflow.py[line:862] - DEBUG: The job id is hetero_network_embedding_example_standalone_20190822072528"
"2019-08-22 07:25:32,443 - workflow.py[line:864] - DEBUG: Finish eggroll and federation init"
"2019-08-22 07:25:32,443 - workflow.py[line:818] - DEBUG: finish init pipeline"
"2019-08-22 07:25:32,443 - workflow.py[line:214] - INFO: arbiter"
"2019-08-22 07:25:38,916 - workflow.py[line:330] - INFO: finish intersection!"
"2019-08-22 07:25:38,916 - workflow.py[line:214] - INFO: guest"
"2019-08-22 07:25:39,027 - workflow.py[line:330] - INFO: finish intersection!"
"2019-08-22 07:25:39,027 - workflow.py[line:214] - INFO: host"
