"2019-08-22 08:40:22,397 - hetero_ne_guest.py[line:62] - INFO: samples number:4440"
"2019-08-22 08:40:22,398 - hetero_ne_guest.py[line:63] - INFO: Enter hetero_ne_guest fit"
"2019-08-22 08:40:22,398 - hetero_ne_guest.py[line:65] - INFO: Guest party has 2358 nodes"
"2019-08-22 08:40:23,379 - hetero_ne_guest.py[line:68] - INFO: Transform input data to train instance"
"2019-08-22 08:40:23,491 - hetero_ne_guest.py[line:75] - INFO: Get public_key from arbiter:<PaillierPublicKey 1d70b76e1a>"
"2019-08-22 08:40:23,492 - hetero_ne_guest.py[line:78] - INFO: Generate mini-batch from input data"
"2019-08-22 08:40:45,285 - hetero_ne_guest.py[line:82] - INFO: samples number:4440"
"2019-08-22 08:40:45,315 - hetero_ne_guest.py[line:88] - INFO: batch_info:{'batch_size': 256, 'batch_num': 18}"
"2019-08-22 08:40:45,515 - hetero_ne_guest.py[line:94] - INFO: Remote batch_info to Host"
"2019-08-22 08:40:45,732 - hetero_ne_guest.py[line:101] - INFO: Remote batch_info to Arbiter"
"2019-08-22 08:40:45,732 - hetero_ne_guest.py[line:108] - INFO: Start initialize model."
"2019-08-22 08:40:45,733 - hetero_ne_guest.py[line:110] - INFO: Embedding shape=(2358, 10)"
"2019-08-22 08:40:45,733 - hetero_ne_guest.py[line:117] - INFO: iter:0"
"2019-08-22 08:40:45,733 - hetero_ne_guest.py[line:124] - INFO: batch:0"
"2019-08-22 08:40:45,733 - hetero_ne_guest.py[line:128] - INFO: remote mini-batch index to Host"
"2019-08-22 08:40:56,308 - hetero_ne_guest.py[line:160] - INFO: Get host_forward from host"
"2019-08-22 08:40:57,772 - hetero_ne_guest.py[line:180] - INFO: Remote host_gradient to arbiter"
"2019-08-22 08:41:00,086 - hetero_ne_guest.py[line:196] - INFO: Remote guest_gradient to arbiter"
"2019-08-22 08:41:01,493 - hetero_ne_guest.py[line:205] - INFO: Get optim_guest_gradient from arbiter"
"2019-08-22 08:41:01,493 - hetero_ne_guest.py[line:208] - INFO: update node embedding"
