"2019-08-24 11:41:46,292 - hetero_ne_guest.py[line:68] - INFO: samples number:4440"
"2019-08-24 11:41:46,293 - hetero_ne_guest.py[line:69] - INFO: Enter hetero_ne_guest fit"
"2019-08-24 11:41:46,293 - hetero_ne_guest.py[line:71] - INFO: Guest party has 2358 nodes"
"2019-08-24 11:41:46,505 - hetero_ne_guest.py[line:74] - INFO: Transform input data to train instance"
"2019-08-24 11:41:46,506 - hetero_ne_guest.py[line:81] - INFO: Get public_key from arbiter:<PaillierPublicKey 48d4883d1b>"
"2019-08-24 11:41:46,507 - hetero_ne_guest.py[line:85] - INFO: Generate mini-batch from input data"
"2019-08-24 11:41:48,194 - hetero_ne_guest.py[line:89] - INFO: samples number:4440"
"2019-08-24 11:41:48,195 - hetero_ne_guest.py[line:97] - INFO: Generate mini-batch for local instances in guest"
"2019-08-24 11:42:10,004 - hetero_ne_guest.py[line:104] - INFO: batch_info:{'batch_size': 1024, 'batch_num': 5}"
"2019-08-24 11:42:10,048 - hetero_ne_guest.py[line:110] - INFO: Remote batch_info to Host"
"2019-08-24 11:42:10,084 - hetero_ne_guest.py[line:117] - INFO: Remote batch_info to Arbiter"
"2019-08-24 11:42:10,084 - hetero_ne_guest.py[line:124] - INFO: Start initialize model."
"2019-08-24 11:42:10,085 - hetero_ne_guest.py[line:126] - INFO: Embedding shape=(2358, 5)"
"2019-08-24 11:42:10,085 - hetero_ne_guest.py[line:133] - INFO: iter:0"
"2019-08-24 11:42:10,090 - hetero_ne_guest.py[line:142] - INFO: Local batch data count:1024"
"2019-08-24 11:42:15,918 - hetero_ne_guest.py[line:155] - INFO: gradient count:1024"
"2019-08-24 11:42:15,922 - hetero_ne_guest.py[line:142] - INFO: Local batch data count:1024"
"2019-08-24 11:42:22,380 - hetero_ne_guest.py[line:155] - INFO: gradient count:1024"
"2019-08-24 11:42:22,387 - hetero_ne_guest.py[line:142] - INFO: Local batch data count:1024"
"2019-08-24 11:42:28,754 - hetero_ne_guest.py[line:155] - INFO: gradient count:1024"
"2019-08-24 11:42:28,758 - hetero_ne_guest.py[line:142] - INFO: Local batch data count:1024"
"2019-08-24 11:42:35,101 - hetero_ne_guest.py[line:155] - INFO: gradient count:1024"
"2019-08-24 11:42:35,106 - hetero_ne_guest.py[line:142] - INFO: Local batch data count:1024"
"2019-08-24 11:42:41,288 - hetero_ne_guest.py[line:155] - INFO: gradient count:1024"
"2019-08-24 11:42:41,294 - hetero_ne_guest.py[line:142] - INFO: Local batch data count:1024"
"2019-08-24 11:42:52,483 - hetero_ne_guest.py[line:155] - INFO: gradient count:1024"
"2019-08-24 11:42:52,488 - hetero_ne_guest.py[line:142] - INFO: Local batch data count:1024"
"2019-08-24 11:42:58,694 - hetero_ne_guest.py[line:155] - INFO: gradient count:1024"
"2019-08-24 11:42:58,698 - hetero_ne_guest.py[line:142] - INFO: Local batch data count:1024"
"2019-08-24 11:43:05,016 - hetero_ne_guest.py[line:155] - INFO: gradient count:1024"
"2019-08-24 11:43:05,020 - hetero_ne_guest.py[line:142] - INFO: Local batch data count:1024"
"2019-08-24 11:43:11,633 - hetero_ne_guest.py[line:155] - INFO: gradient count:1024"
"2019-08-24 11:43:11,638 - hetero_ne_guest.py[line:142] - INFO: Local batch data count:1024"
"2019-08-24 11:43:17,502 - hetero_ne_guest.py[line:155] - INFO: gradient count:1024"
"2019-08-24 11:43:17,507 - hetero_ne_guest.py[line:142] - INFO: Local batch data count:1024"
"2019-08-24 11:43:25,275 - hetero_ne_guest.py[line:155] - INFO: gradient count:1024"
"2019-08-24 11:43:25,280 - hetero_ne_guest.py[line:142] - INFO: Local batch data count:1024"
"2019-08-24 11:43:31,753 - hetero_ne_guest.py[line:155] - INFO: gradient count:1024"
"2019-08-24 11:43:31,758 - hetero_ne_guest.py[line:142] - INFO: Local batch data count:1024"
"2019-08-24 11:43:38,660 - hetero_ne_guest.py[line:155] - INFO: gradient count:1024"
"2019-08-24 11:43:38,665 - hetero_ne_guest.py[line:142] - INFO: Local batch data count:1024"
"2019-08-24 11:43:44,586 - hetero_ne_guest.py[line:155] - INFO: gradient count:1024"
"2019-08-24 11:43:44,590 - hetero_ne_guest.py[line:142] - INFO: Local batch data count:1024"
"2019-08-24 11:43:50,270 - hetero_ne_guest.py[line:155] - INFO: gradient count:1024"
"2019-08-24 11:43:50,274 - hetero_ne_guest.py[line:142] - INFO: Local batch data count:1024"
"2019-08-24 11:43:56,301 - hetero_ne_guest.py[line:155] - INFO: gradient count:1024"
"2019-08-24 11:43:56,306 - hetero_ne_guest.py[line:142] - INFO: Local batch data count:1024"
"2019-08-24 11:44:03,426 - hetero_ne_guest.py[line:155] - INFO: gradient count:1024"
"2019-08-24 11:44:03,430 - hetero_ne_guest.py[line:142] - INFO: Local batch data count:1024"
"2019-08-24 11:44:10,446 - hetero_ne_guest.py[line:155] - INFO: gradient count:1024"
"2019-08-24 11:44:10,476 - hetero_ne_guest.py[line:142] - INFO: Local batch data count:1024"
"2019-08-24 11:44:23,205 - hetero_ne_guest.py[line:155] - INFO: gradient count:1024"
"2019-08-24 11:44:23,211 - hetero_ne_guest.py[line:142] - INFO: Local batch data count:680"
"2019-08-24 11:44:31,047 - hetero_ne_guest.py[line:155] - INFO: gradient count:680"
"2019-08-24 11:44:31,879 - hetero_ne_guest.py[line:177] - INFO: Iter 0, Local loss: 1.5646186071147052"
"2019-08-24 11:44:31,879 - hetero_ne_guest.py[line:188] - INFO: batch:0"
"2019-08-24 11:44:31,879 - hetero_ne_guest.py[line:192] - INFO: remote mini-batch index to Host"
"2019-08-24 11:44:49,275 - hetero_ne_guest.py[line:224] - INFO: Get host_forward from host"
"2019-08-24 11:44:50,235 - hetero_ne_guest.py[line:244] - INFO: Remote host_gradient to arbiter"
"2019-08-24 11:44:51,109 - hetero_ne_guest.py[line:260] - INFO: Remote guest_gradient to arbiter"
"2019-08-24 11:44:51,914 - hetero_ne_guest.py[line:269] - INFO: Get optim_guest_gradient from arbiter"
"2019-08-24 11:44:51,914 - hetero_ne_guest.py[line:272] - INFO: update node embedding"
"2019-08-24 11:44:52,350 - hetero_ne_guest.py[line:291] - INFO: Remote loss to arbiter"
"2019-08-24 11:44:52,574 - hetero_ne_guest.py[line:188] - INFO: batch:1"
"2019-08-24 11:44:52,574 - hetero_ne_guest.py[line:192] - INFO: remote mini-batch index to Host"
"2019-08-24 11:45:10,499 - hetero_ne_guest.py[line:224] - INFO: Get host_forward from host"
"2019-08-24 11:45:11,559 - hetero_ne_guest.py[line:244] - INFO: Remote host_gradient to arbiter"
"2019-08-24 11:45:12,363 - hetero_ne_guest.py[line:260] - INFO: Remote guest_gradient to arbiter"
"2019-08-24 11:45:12,967 - hetero_ne_guest.py[line:269] - INFO: Get optim_guest_gradient from arbiter"
"2019-08-24 11:45:12,967 - hetero_ne_guest.py[line:272] - INFO: update node embedding"
"2019-08-24 11:45:13,403 - hetero_ne_guest.py[line:291] - INFO: Remote loss to arbiter"
"2019-08-24 11:45:13,618 - hetero_ne_guest.py[line:188] - INFO: batch:2"
"2019-08-24 11:45:13,618 - hetero_ne_guest.py[line:192] - INFO: remote mini-batch index to Host"
"2019-08-24 11:45:32,457 - hetero_ne_guest.py[line:224] - INFO: Get host_forward from host"
"2019-08-24 11:45:33,330 - hetero_ne_guest.py[line:244] - INFO: Remote host_gradient to arbiter"
"2019-08-24 11:45:34,266 - hetero_ne_guest.py[line:260] - INFO: Remote guest_gradient to arbiter"
"2019-08-24 11:45:34,668 - hetero_ne_guest.py[line:269] - INFO: Get optim_guest_gradient from arbiter"
"2019-08-24 11:45:34,668 - hetero_ne_guest.py[line:272] - INFO: update node embedding"
"2019-08-24 11:45:35,152 - hetero_ne_guest.py[line:291] - INFO: Remote loss to arbiter"
"2019-08-24 11:45:35,360 - hetero_ne_guest.py[line:188] - INFO: batch:3"
"2019-08-24 11:45:35,360 - hetero_ne_guest.py[line:192] - INFO: remote mini-batch index to Host"
"2019-08-24 11:45:53,065 - hetero_ne_guest.py[line:224] - INFO: Get host_forward from host"
"2019-08-24 11:45:54,004 - hetero_ne_guest.py[line:244] - INFO: Remote host_gradient to arbiter"
"2019-08-24 11:45:55,045 - hetero_ne_guest.py[line:260] - INFO: Remote guest_gradient to arbiter"
"2019-08-24 11:45:55,450 - hetero_ne_guest.py[line:269] - INFO: Get optim_guest_gradient from arbiter"
"2019-08-24 11:45:55,450 - hetero_ne_guest.py[line:272] - INFO: update node embedding"
"2019-08-24 11:45:55,961 - hetero_ne_guest.py[line:291] - INFO: Remote loss to arbiter"
"2019-08-24 11:45:56,215 - hetero_ne_guest.py[line:188] - INFO: batch:4"
"2019-08-24 11:45:56,215 - hetero_ne_guest.py[line:192] - INFO: remote mini-batch index to Host"
"2019-08-24 11:46:03,360 - hetero_ne_guest.py[line:224] - INFO: Get host_forward from host"
"2019-08-24 11:46:03,884 - hetero_ne_guest.py[line:244] - INFO: Remote host_gradient to arbiter"
"2019-08-24 11:46:04,884 - hetero_ne_guest.py[line:260] - INFO: Remote guest_gradient to arbiter"
"2019-08-24 11:46:05,286 - hetero_ne_guest.py[line:269] - INFO: Get optim_guest_gradient from arbiter"
"2019-08-24 11:46:05,286 - hetero_ne_guest.py[line:272] - INFO: update node embedding"
"2019-08-24 11:46:05,584 - hetero_ne_guest.py[line:291] - INFO: Remote loss to arbiter"
"2019-08-24 11:46:06,392 - hetero_ne_guest.py[line:312] - INFO: Get is_stop flag from arbiter:False"
"2019-08-24 11:47:30,463 - hetero_ne_guest.py[line:324] - INFO: Reach max iter 1, train model finish!"
