"2019-08-24 11:41:46,494 - hetero_ne_host.py[line:47] - INFO: Enter hetero_ne host"
"2019-08-24 11:41:46,494 - hetero_ne_host.py[line:49] - INFO: Host party has 2319 nodes"
"2019-08-24 11:41:46,786 - hetero_ne_host.py[line:52] - INFO: Transform input data to train instance"
"2019-08-24 11:41:46,787 - hetero_ne_host.py[line:59] - INFO: Get Publick key from arbiter:<PaillierPublicKey 48d4883d1b>"
"2019-08-24 11:41:46,788 - hetero_ne_host.py[line:64] - INFO: Generate mini-batch for local instances in guest"
"2019-08-24 11:42:10,055 - hetero_ne_host.py[line:72] - INFO: Get batch_info from guest: {'batch_size': 1024, 'batch_num': 5}"
"2019-08-24 11:42:10,055 - hetero_ne_host.py[line:86] - INFO: Start initilize model."
"2019-08-24 11:42:10,055 - hetero_ne_host.py[line:93] - INFO: iter: 0"
"2019-08-24 11:42:10,055 - hetero_ne_host.py[line:99] - INFO: Horizontally learning"
"2019-08-24 11:42:10,060 - hetero_ne_host.py[line:102] - INFO: Local batch data count:1024"
"2019-08-24 11:42:15,796 - hetero_ne_host.py[line:115] - INFO: gradient count:1024"
"2019-08-24 11:42:15,801 - hetero_ne_host.py[line:102] - INFO: Local batch data count:1024"
"2019-08-24 11:42:22,353 - hetero_ne_host.py[line:115] - INFO: gradient count:1024"
"2019-08-24 11:42:22,359 - hetero_ne_host.py[line:102] - INFO: Local batch data count:1024"
"2019-08-24 11:42:28,762 - hetero_ne_host.py[line:115] - INFO: gradient count:1024"
"2019-08-24 11:42:28,767 - hetero_ne_host.py[line:102] - INFO: Local batch data count:1024"
"2019-08-24 11:42:35,211 - hetero_ne_host.py[line:115] - INFO: gradient count:1024"
"2019-08-24 11:42:35,215 - hetero_ne_host.py[line:102] - INFO: Local batch data count:1024"
"2019-08-24 11:42:41,290 - hetero_ne_host.py[line:115] - INFO: gradient count:1024"
"2019-08-24 11:42:41,296 - hetero_ne_host.py[line:102] - INFO: Local batch data count:1024"
"2019-08-24 11:42:52,490 - hetero_ne_host.py[line:115] - INFO: gradient count:1024"
"2019-08-24 11:42:52,495 - hetero_ne_host.py[line:102] - INFO: Local batch data count:1024"
"2019-08-24 11:42:58,705 - hetero_ne_host.py[line:115] - INFO: gradient count:1024"
"2019-08-24 11:42:58,709 - hetero_ne_host.py[line:102] - INFO: Local batch data count:1024"
"2019-08-24 11:43:05,031 - hetero_ne_host.py[line:115] - INFO: gradient count:1024"
"2019-08-24 11:43:05,036 - hetero_ne_host.py[line:102] - INFO: Local batch data count:1024"
"2019-08-24 11:43:11,602 - hetero_ne_host.py[line:115] - INFO: gradient count:1024"
"2019-08-24 11:43:11,607 - hetero_ne_host.py[line:102] - INFO: Local batch data count:1024"
"2019-08-24 11:43:17,519 - hetero_ne_host.py[line:115] - INFO: gradient count:1024"
"2019-08-24 11:43:17,524 - hetero_ne_host.py[line:102] - INFO: Local batch data count:1024"
"2019-08-24 11:43:25,278 - hetero_ne_host.py[line:115] - INFO: gradient count:1024"
"2019-08-24 11:43:25,283 - hetero_ne_host.py[line:102] - INFO: Local batch data count:1024"
"2019-08-24 11:43:31,747 - hetero_ne_host.py[line:115] - INFO: gradient count:1024"
"2019-08-24 11:43:31,751 - hetero_ne_host.py[line:102] - INFO: Local batch data count:1024"
"2019-08-24 11:43:38,597 - hetero_ne_host.py[line:115] - INFO: gradient count:1024"
"2019-08-24 11:43:38,602 - hetero_ne_host.py[line:102] - INFO: Local batch data count:1024"
"2019-08-24 11:43:44,599 - hetero_ne_host.py[line:115] - INFO: gradient count:1024"
"2019-08-24 11:43:44,604 - hetero_ne_host.py[line:102] - INFO: Local batch data count:1024"
"2019-08-24 11:43:51,172 - hetero_ne_host.py[line:115] - INFO: gradient count:1024"
"2019-08-24 11:43:51,177 - hetero_ne_host.py[line:102] - INFO: Local batch data count:1024"
"2019-08-24 11:43:58,906 - hetero_ne_host.py[line:115] - INFO: gradient count:1024"
"2019-08-24 11:43:58,911 - hetero_ne_host.py[line:102] - INFO: Local batch data count:1024"
"2019-08-24 11:44:05,852 - hetero_ne_host.py[line:115] - INFO: gradient count:1024"
"2019-08-24 11:44:05,856 - hetero_ne_host.py[line:102] - INFO: Local batch data count:1024"
"2019-08-24 11:44:11,901 - hetero_ne_host.py[line:115] - INFO: gradient count:1024"
"2019-08-24 11:44:11,906 - hetero_ne_host.py[line:102] - INFO: Local batch data count:1024"
"2019-08-24 11:44:24,117 - hetero_ne_host.py[line:115] - INFO: gradient count:1024"
"2019-08-24 11:44:24,122 - hetero_ne_host.py[line:102] - INFO: Local batch data count:638"
"2019-08-24 11:44:31,387 - hetero_ne_host.py[line:115] - INFO: gradient count:638"
"2019-08-24 11:44:31,817 - hetero_ne_host.py[line:137] - INFO: Iter 0, Local loss: 1.4878131945870132"
"2019-08-24 11:44:31,817 - hetero_ne_host.py[line:144] - INFO: batch:0"
"2019-08-24 11:44:32,020 - hetero_ne_host.py[line:157] - INFO: Get batch_index from Guest"
"2019-08-24 11:44:32,275 - hetero_ne_host.py[line:170] - INFO: batch_data_inst size:1024"
"2019-08-24 11:44:49,262 - hetero_ne_host.py[line:185] - INFO: Remote host_forward to guest"
"2019-08-24 11:44:51,874 - hetero_ne_host.py[line:195] - INFO: Get optim_host_gradient from arbiter"
"2019-08-24 11:44:52,211 - hetero_ne_host.py[line:198] - INFO: update_model"
"2019-08-24 11:44:52,338 - hetero_ne_host.py[line:144] - INFO: batch:1"
"2019-08-24 11:44:52,641 - hetero_ne_host.py[line:157] - INFO: Get batch_index from Guest"
"2019-08-24 11:44:53,176 - hetero_ne_host.py[line:170] - INFO: batch_data_inst size:1024"
"2019-08-24 11:45:10,429 - hetero_ne_host.py[line:185] - INFO: Remote host_forward to guest"
"2019-08-24 11:45:12,940 - hetero_ne_host.py[line:195] - INFO: Get optim_host_gradient from arbiter"
"2019-08-24 11:45:13,255 - hetero_ne_host.py[line:198] - INFO: update_model"
"2019-08-24 11:45:13,394 - hetero_ne_host.py[line:144] - INFO: batch:2"
"2019-08-24 11:45:13,998 - hetero_ne_host.py[line:157] - INFO: Get batch_index from Guest"
"2019-08-24 11:45:14,108 - hetero_ne_host.py[line:170] - INFO: batch_data_inst size:1024"
"2019-08-24 11:45:32,396 - hetero_ne_host.py[line:185] - INFO: Remote host_forward to guest"
"2019-08-24 11:45:34,606 - hetero_ne_host.py[line:195] - INFO: Get optim_host_gradient from arbiter"
"2019-08-24 11:45:35,024 - hetero_ne_host.py[line:198] - INFO: update_model"
"2019-08-24 11:45:35,147 - hetero_ne_host.py[line:144] - INFO: batch:3"
"2019-08-24 11:45:35,450 - hetero_ne_host.py[line:157] - INFO: Get batch_index from Guest"
"2019-08-24 11:45:35,820 - hetero_ne_host.py[line:170] - INFO: batch_data_inst size:1024"
"2019-08-24 11:45:52,975 - hetero_ne_host.py[line:185] - INFO: Remote host_forward to guest"
"2019-08-24 11:45:55,392 - hetero_ne_host.py[line:195] - INFO: Get optim_host_gradient from arbiter"
"2019-08-24 11:45:55,665 - hetero_ne_host.py[line:198] - INFO: update_model"
"2019-08-24 11:45:55,955 - hetero_ne_host.py[line:144] - INFO: batch:4"
"2019-08-24 11:45:56,261 - hetero_ne_host.py[line:157] - INFO: Get batch_index from Guest"
"2019-08-24 11:45:56,667 - hetero_ne_host.py[line:170] - INFO: batch_data_inst size:344"
"2019-08-24 11:46:03,275 - hetero_ne_host.py[line:185] - INFO: Remote host_forward to guest"
"2019-08-24 11:46:05,186 - hetero_ne_host.py[line:195] - INFO: Get optim_host_gradient from arbiter"
"2019-08-24 11:46:05,317 - hetero_ne_host.py[line:198] - INFO: update_model"
"2019-08-24 11:46:05,963 - hetero_ne_host.py[line:216] - INFO: Get is_stop flag from arbiter:False"
"2019-08-24 11:46:05,963 - hetero_ne_host.py[line:222] - INFO: Reach max iter 1, train mode finish!"
"2019-08-24 11:47:29,621 - hetero_ne_host.py[line:228] - INFO: Reach max iter 1, train model finish!"
