"2019-08-24 11:41:44,778 - hetero_ne_arbiter.py[line:54] - INFO: Enter hetero_ne_arbiter fit"
"2019-08-24 11:41:44,794 - hetero_ne_arbiter.py[line:61] - INFO: public_key: <PaillierPublicKey 48d4883d1b>"
"2019-08-24 11:41:44,896 - hetero_ne_arbiter.py[line:69] - INFO: remote publick_key to host"
"2019-08-24 11:41:45,117 - hetero_ne_arbiter.py[line:76] - INFO: remote public_key to guest"
"2019-08-24 11:42:10,118 - hetero_ne_arbiter.py[line:81] - INFO: Get batch_info from guest: {'batch_size': 1024, 'batch_num': 5}"
"2019-08-24 11:42:10,118 - hetero_ne_arbiter.py[line:88] - INFO: iter: 0"
"2019-08-24 11:44:31,769 - hetero_ne_arbiter.py[line:125] - INFO: Iter 0, horizontally learning finish"
"2019-08-24 11:44:31,769 - hetero_ne_arbiter.py[line:133] - INFO: batch: 0"
"2019-08-24 11:44:50,240 - hetero_ne_arbiter.py[line:141] - INFO: Get host_gradient from GUEST"
"2019-08-24 11:44:51,144 - hetero_ne_arbiter.py[line:148] - INFO: Get guest_gradient from GUEST"
"2019-08-24 11:44:51,791 - hetero_ne_arbiter.py[line:166] - INFO: host gradients number: 1024"
"2019-08-24 11:44:51,791 - hetero_ne_arbiter.py[line:167] - INFO: guest gradients number: 1024"
"2019-08-24 11:44:51,817 - hetero_ne_arbiter.py[line:178] - INFO: Remote host_optim_gradient to Host"
"2019-08-24 11:44:51,846 - hetero_ne_arbiter.py[line:189] - INFO: Remote guest_optim_gradient to Guest"
"2019-08-24 11:44:52,349 - hetero_ne_arbiter.py[line:204] - INFO: Get loss from guest: 0.6611717300164239"
"2019-08-24 11:44:52,349 - hetero_ne_arbiter.py[line:133] - INFO: batch: 1"
"2019-08-24 11:45:11,620 - hetero_ne_arbiter.py[line:141] - INFO: Get host_gradient from GUEST"
"2019-08-24 11:45:12,424 - hetero_ne_arbiter.py[line:148] - INFO: Get guest_gradient from GUEST"
"2019-08-24 11:45:12,888 - hetero_ne_arbiter.py[line:166] - INFO: host gradients number: 1024"
"2019-08-24 11:45:12,889 - hetero_ne_arbiter.py[line:167] - INFO: guest gradients number: 1024"
"2019-08-24 11:45:12,907 - hetero_ne_arbiter.py[line:178] - INFO: Remote host_optim_gradient to Host"
"2019-08-24 11:45:12,934 - hetero_ne_arbiter.py[line:189] - INFO: Remote guest_optim_gradient to Guest"
"2019-08-24 11:45:13,437 - hetero_ne_arbiter.py[line:204] - INFO: Get loss from guest: 1.4738394449347014"
"2019-08-24 11:45:13,437 - hetero_ne_arbiter.py[line:133] - INFO: batch: 2"
"2019-08-24 11:45:33,415 - hetero_ne_arbiter.py[line:141] - INFO: Get host_gradient from GUEST"
"2019-08-24 11:45:34,319 - hetero_ne_arbiter.py[line:148] - INFO: Get guest_gradient from GUEST"
"2019-08-24 11:45:34,573 - hetero_ne_arbiter.py[line:166] - INFO: host gradients number: 1024"
"2019-08-24 11:45:34,573 - hetero_ne_arbiter.py[line:167] - INFO: guest gradients number: 1024"
"2019-08-24 11:45:34,595 - hetero_ne_arbiter.py[line:178] - INFO: Remote host_optim_gradient to Host"
"2019-08-24 11:45:34,617 - hetero_ne_arbiter.py[line:189] - INFO: Remote guest_optim_gradient to Guest"
"2019-08-24 11:45:35,220 - hetero_ne_arbiter.py[line:204] - INFO: Get loss from guest: 1.5615772141867186"
"2019-08-24 11:45:35,220 - hetero_ne_arbiter.py[line:133] - INFO: batch: 3"
"2019-08-24 11:45:54,089 - hetero_ne_arbiter.py[line:141] - INFO: Get host_gradient from GUEST"
"2019-08-24 11:45:55,100 - hetero_ne_arbiter.py[line:148] - INFO: Get guest_gradient from GUEST"
"2019-08-24 11:45:55,371 - hetero_ne_arbiter.py[line:166] - INFO: host gradients number: 1024"
"2019-08-24 11:45:55,371 - hetero_ne_arbiter.py[line:167] - INFO: guest gradients number: 1024"
"2019-08-24 11:45:55,388 - hetero_ne_arbiter.py[line:178] - INFO: Remote host_optim_gradient to Host"
"2019-08-24 11:45:55,415 - hetero_ne_arbiter.py[line:189] - INFO: Remote guest_optim_gradient to Guest"
"2019-08-24 11:45:56,024 - hetero_ne_arbiter.py[line:204] - INFO: Get loss from guest: 1.5295963941643655"
"2019-08-24 11:45:56,024 - hetero_ne_arbiter.py[line:133] - INFO: batch: 4"
"2019-08-24 11:46:03,956 - hetero_ne_arbiter.py[line:141] - INFO: Get host_gradient from GUEST"
"2019-08-24 11:46:04,961 - hetero_ne_arbiter.py[line:148] - INFO: Get guest_gradient from GUEST"
"2019-08-24 11:46:05,173 - hetero_ne_arbiter.py[line:166] - INFO: host gradients number: 344"
"2019-08-24 11:46:05,173 - hetero_ne_arbiter.py[line:167] - INFO: guest gradients number: 344"
"2019-08-24 11:46:05,195 - hetero_ne_arbiter.py[line:178] - INFO: Remote host_optim_gradient to Host"
"2019-08-24 11:46:05,217 - hetero_ne_arbiter.py[line:189] - INFO: Remote guest_optim_gradient to Guest"
"2019-08-24 11:46:05,620 - hetero_ne_arbiter.py[line:204] - INFO: Get loss from guest: 1.524926900842608"
"2019-08-24 11:46:05,620 - hetero_ne_arbiter.py[line:211] - INFO: iter loss: 1.3502223368289636"
"2019-08-24 11:46:05,939 - hetero_ne_arbiter.py[line:223] - INFO: Remote is_stop to host: False"
"2019-08-24 11:46:05,962 - hetero_ne_arbiter.py[line:233] - INFO: Remote is_stop to guest: False"
"2019-08-24 11:46:05,962 - hetero_ne_arbiter.py[line:239] - INFO: Reach max iter 1 or convergence, train model finish!"
