"2019-08-24 11:41:44,766 - workflow.py[line:863] - DEBUG: The job id is hetero_network_embedding_example_standalone_20190824114140"
"2019-08-24 11:41:44,768 - workflow.py[line:863] - DEBUG: The job id is hetero_network_embedding_example_standalone_20190824114140"
"2019-08-24 11:41:44,768 - workflow.py[line:865] - DEBUG: Finish eggroll and federation init"
"2019-08-24 11:41:44,769 - workflow.py[line:819] - DEBUG: finish init pipeline"
"2019-08-24 11:41:44,769 - workflow.py[line:912] - INFO: 4440 samples in host"
"2019-08-24 11:41:44,770 - workflow.py[line:865] - DEBUG: Finish eggroll and federation init"
"2019-08-24 11:41:44,770 - workflow.py[line:819] - DEBUG: finish init pipeline"
"2019-08-24 11:41:44,771 - workflow.py[line:912] - INFO: 4440 samples in guest"
"2019-08-24 11:41:44,776 - workflow.py[line:863] - DEBUG: The job id is hetero_network_embedding_example_standalone_20190824114140"
"2019-08-24 11:41:44,778 - workflow.py[line:865] - DEBUG: Finish eggroll and federation init"
"2019-08-24 11:41:44,778 - workflow.py[line:819] - DEBUG: finish init pipeline"
"2019-08-24 11:41:44,778 - workflow.py[line:214] - INFO: arbiter"
"2019-08-24 11:41:44,778 - workflow.py[line:215] - INFO: max iter: 1"
"2019-08-24 11:41:44,796 - workflow.py[line:210] - DEBUG: Enter guest network embedding function"
"2019-08-24 11:41:44,797 - workflow.py[line:211] - DEBUG: Start intersection before network embedding"
"2019-08-24 11:41:44,797 - workflow.py[line:316] - INFO: need_intersect: true!"
"2019-08-24 11:41:44,797 - workflow.py[line:210] - DEBUG: Enter host network embedding function"
"2019-08-24 11:41:44,797 - workflow.py[line:211] - DEBUG: Start intersection before network embedding"
"2019-08-24 11:41:44,797 - workflow.py[line:316] - INFO: need_intersect: true!"
"2019-08-24 11:41:44,797 - workflow.py[line:320] - INFO: Start intersection!"
"2019-08-24 11:41:44,797 - workflow.py[line:320] - INFO: Start intersection!"
"2019-08-24 11:41:46,292 - workflow.py[line:331] - INFO: finish intersection!"
"2019-08-24 11:41:46,292 - workflow.py[line:214] - INFO: guest"
"2019-08-24 11:41:46,292 - workflow.py[line:215] - INFO: max iter: 1"
"2019-08-24 11:41:46,493 - workflow.py[line:331] - INFO: finish intersection!"
"2019-08-24 11:41:46,493 - workflow.py[line:214] - INFO: host"
"2019-08-24 11:41:46,494 - workflow.py[line:215] - INFO: max iter: 1"
"2019-08-24 11:46:05,962 - workflow.py[line:922] - DEBUG: arbiter"
"2019-08-24 11:46:05,962 - workflow.py[line:923] - INFO: Network_embedding_finish"
"2019-08-24 11:47:29,623 - workflow.py[line:922] - DEBUG: host"
"2019-08-24 11:47:29,623 - workflow.py[line:923] - INFO: Network_embedding_finish"
"2019-08-24 11:47:30,465 - workflow.py[line:922] - DEBUG: guest"
"2019-08-24 11:47:30,465 - workflow.py[line:923] - INFO: Network_embedding_finish"
