"2019-08-10 05:27:24,766 - federation.py[line:145] - DEBUG: [GET] guest 10000 getting remote object RawIntersectTransferVariable.send_ids_host.neigh_sam_intersect_0 from host [9999]"
"2019-08-10 05:27:24,784 - federation.py[line:124] - DEBUG: [REMOTE] Sent neighbors_sampling_example_standalone_20190810052656-RawIntersectTransferVariable.send_ids_host-RawIntersectTransferVariable.send_ids_host.neigh_sam_intersect_0-host-9999-guest-10000"
"2019-08-10 05:27:24,784 - federation.py[line:145] - DEBUG: [GET] host 9999 getting remote object RawIntersectTransferVariable.intersect_ids_guest.neigh_sam_intersect_0 from guest [10000]"
"2019-08-10 05:27:24,867 - federation.py[line:46] - DEBUG: [GET] Got neighbors_sampling_example_standalone_20190810052656-RawIntersectTransferVariable.send_ids_host-RawIntersectTransferVariable.send_ids_host.neigh_sam_intersect_0-host-9999-guest-10000 type Table"
"2019-08-10 05:27:25,041 - federation.py[line:124] - DEBUG: [REMOTE] Sent neighbors_sampling_example_standalone_20190810052656-RawIntersectTransferVariable.intersect_ids_guest-RawIntersectTransferVariable.intersect_ids_guest.neigh_sam_intersect_0-guest-10000-host-9999"
"2019-08-10 05:27:25,087 - federation.py[line:46] - DEBUG: [GET] Got neighbors_sampling_example_standalone_20190810052656-RawIntersectTransferVariable.intersect_ids_guest-RawIntersectTransferVariable.intersect_ids_guest.neigh_sam_intersect_0-guest-10000-host-9999 type Table"
"2019-08-10 05:27:34,261 - federation.py[line:145] - DEBUG: [GET] guest 10000 getting remote object RawIntersectTransferVariable.send_ids_host.neigh_sam_intersect_1 from host [9999]"
"2019-08-10 05:27:34,308 - federation.py[line:124] - DEBUG: [REMOTE] Sent neighbors_sampling_example_standalone_20190810052656-RawIntersectTransferVariable.send_ids_host-RawIntersectTransferVariable.send_ids_host.neigh_sam_intersect_1-host-9999-guest-10000"
"2019-08-10 05:27:34,309 - federation.py[line:145] - DEBUG: [GET] host 9999 getting remote object RawIntersectTransferVariable.intersect_ids_guest.neigh_sam_intersect_1 from guest [10000]"
"2019-08-10 05:27:34,364 - federation.py[line:46] - DEBUG: [GET] Got neighbors_sampling_example_standalone_20190810052656-RawIntersectTransferVariable.send_ids_host-RawIntersectTransferVariable.send_ids_host.neigh_sam_intersect_1-host-9999-guest-10000 type Table"
"2019-08-10 05:27:34,541 - federation.py[line:124] - DEBUG: [REMOTE] Sent neighbors_sampling_example_standalone_20190810052656-RawIntersectTransferVariable.intersect_ids_guest-RawIntersectTransferVariable.intersect_ids_guest.neigh_sam_intersect_1-guest-10000-host-9999"
"2019-08-10 05:27:34,611 - federation.py[line:46] - DEBUG: [GET] Got neighbors_sampling_example_standalone_20190810052656-RawIntersectTransferVariable.intersect_ids_guest-RawIntersectTransferVariable.intersect_ids_guest.neigh_sam_intersect_1-guest-10000-host-9999 type Table"
"2019-08-10 05:27:39,221 - federation.py[line:145] - DEBUG: [GET] host 9999 getting remote object NeighborsSamplingTransferVariable.guest_number.0 from guest [10000]"
"2019-08-10 05:27:39,330 - federation.py[line:124] - DEBUG: [REMOTE] Sent neighbors_sampling_example_standalone_20190810052656-NeighborsSamplingTransferVariable.guest_number-NeighborsSamplingTransferVariable.guest_number.0-guest-10000-host-9999"
"2019-08-10 05:27:39,331 - federation.py[line:145] - DEBUG: [GET] guest 10000 getting remote object NeighborsSamplingTransferVariable.host_sample_ids.0 from host [9999]"
"2019-08-10 05:27:39,424 - federation.py[line:46] - DEBUG: [GET] Got neighbors_sampling_example_standalone_20190810052656-NeighborsSamplingTransferVariable.guest_number-NeighborsSamplingTransferVariable.guest_number.0-guest-10000-host-9999 type Table"
"2019-08-10 05:27:40,593 - federation.py[line:124] - DEBUG: [REMOTE] Sent neighbors_sampling_example_standalone_20190810052656-NeighborsSamplingTransferVariable.host_sample_ids-NeighborsSamplingTransferVariable.host_sample_ids.0-host-9999-guest-10000"
"2019-08-10 05:27:40,637 - federation.py[line:46] - DEBUG: [GET] Got neighbors_sampling_example_standalone_20190810052656-NeighborsSamplingTransferVariable.host_sample_ids-NeighborsSamplingTransferVariable.host_sample_ids.0-host-9999-guest-10000 type Table"
"2019-08-10 05:27:40,932 - federation.py[line:124] - DEBUG: [REMOTE] Sent neighbors_sampling_example_standalone_20190810052656-NeighborsSamplingTransferVariable.host_number-NeighborsSamplingTransferVariable.host_number.0-host-9999-guest-10000"
"2019-08-10 05:27:40,932 - federation.py[line:145] - DEBUG: [GET] host 9999 getting remote object NeighborsSamplingTransferVariable.guest_sample_ids.0 from guest [10000]"
"2019-08-10 05:27:41,118 - federation.py[line:145] - DEBUG: [GET] guest 10000 getting remote object NeighborsSamplingTransferVariable.host_number.0 from host [9999]"
"2019-08-10 05:27:41,118 - federation.py[line:46] - DEBUG: [GET] Got neighbors_sampling_example_standalone_20190810052656-NeighborsSamplingTransferVariable.host_number-NeighborsSamplingTransferVariable.host_number.0-host-9999-guest-10000 type Table"
"2019-08-10 05:27:42,445 - federation.py[line:124] - DEBUG: [REMOTE] Sent neighbors_sampling_example_standalone_20190810052656-NeighborsSamplingTransferVariable.guest_sample_ids-NeighborsSamplingTransferVariable.guest_sample_ids.0-guest-10000-host-9999"
"2019-08-10 05:27:42,446 - federation.py[line:145] - DEBUG: [GET] guest 10000 getting remote object NeighborsSamplingTransferVariable.host_neg_samp_ids.0 from host [9999]"
"2019-08-10 05:27:42,539 - federation.py[line:46] - DEBUG: [GET] Got neighbors_sampling_example_standalone_20190810052656-NeighborsSamplingTransferVariable.guest_sample_ids-NeighborsSamplingTransferVariable.guest_sample_ids.0-guest-10000-host-9999 type Table"
"2019-08-10 05:27:46,959 - federation.py[line:124] - DEBUG: [REMOTE] Sent neighbors_sampling_example_standalone_20190810052656-NeighborsSamplingTransferVariable.host_neg_samp_ids-NeighborsSamplingTransferVariable.host_neg_samp_ids.0-host-9999-guest-10000"
"2019-08-10 05:27:46,961 - federation.py[line:145] - DEBUG: [GET] host 9999 getting remote object NeighborsSamplingTransferVariable.guest_neg_samp_ids.0 from guest [10000]"
"2019-08-10 05:27:46,970 - federation.py[line:46] - DEBUG: [GET] Got neighbors_sampling_example_standalone_20190810052656-NeighborsSamplingTransferVariable.host_neg_samp_ids-NeighborsSamplingTransferVariable.host_neg_samp_ids.0-host-9999-guest-10000 type Object"
"2019-08-10 05:28:37,235 - federation.py[line:124] - DEBUG: [REMOTE] Sent neighbors_sampling_example_standalone_20190810052656-NeighborsSamplingTransferVariable.guest_neg_samp_ids-NeighborsSamplingTransferVariable.guest_neg_samp_ids.0-guest-10000-host-9999"
"2019-08-10 05:28:37,310 - federation.py[line:46] - DEBUG: [GET] Got neighbors_sampling_example_standalone_20190810052656-NeighborsSamplingTransferVariable.guest_neg_samp_ids-NeighborsSamplingTransferVariable.guest_neg_samp_ids.0-guest-10000-host-9999 type Object"
