"2019-08-10 05:27:07,855 - log_utils.py[line:104] - INFO: id:host_0_0, value: (0, 690, 1)"
"2019-08-10 05:27:07,855 - log_utils.py[line:104] - INFO: id:host_0_1, value: (0, 691, 1)"
"2019-08-10 05:27:07,855 - log_utils.py[line:104] - INFO: id:host_0_3, value: (0, 585, 1)"
"2019-08-10 05:27:07,855 - log_utils.py[line:104] - INFO: id:host_0_4, value: (0, 86, 1)"
"2019-08-10 05:27:07,856 - log_utils.py[line:104] - INFO: id:host_0_5, value: (0, 514, 1)"
"2019-08-10 05:27:07,856 - log_utils.py[line:104] - INFO: id:host_0_6, value: (0, 383, 1)"
"2019-08-10 05:27:07,856 - log_utils.py[line:104] - INFO: id:host_0_7, value: (0, 514, 1)"
"2019-08-10 05:27:07,856 - log_utils.py[line:104] - INFO: id:host_0_8, value: (0, 868, 1)"
"2019-08-10 05:27:07,856 - log_utils.py[line:104] - INFO: id:host_0_9, value: (0, 308, 1)"
"2019-08-10 05:27:07,856 - log_utils.py[line:104] - INFO: id:host_1_0, value: (1, 153, 1)"
"2019-08-10 05:27:07,856 - log_utils.py[line:104] - INFO: id:host_1_1, value: (1, 714, 1)"
"2019-08-10 05:27:07,856 - neighbors_sampling.py[line:132] - INFO: The number of local positive pairs: 18125"
"2019-08-10 05:27:07,856 - neighbors_sampling.py[line:135] - INFO: Negative samples num: 5"
"2019-08-10 05:27:08,091 - log_utils.py[line:104] - INFO: id:guest_0_0, value: (0, 954, 1)"
"2019-08-10 05:27:08,091 - log_utils.py[line:104] - INFO: id:guest_0_2, value: (0, 99, 1)"
"2019-08-10 05:27:08,091 - log_utils.py[line:104] - INFO: id:guest_0_4, value: (0, 954, 1)"
"2019-08-10 05:27:08,091 - log_utils.py[line:104] - INFO: id:guest_0_5, value: (0, 954, 1)"
"2019-08-10 05:27:08,091 - log_utils.py[line:104] - INFO: id:guest_0_7, value: (0, 954, 1)"
"2019-08-10 05:27:08,092 - log_utils.py[line:104] - INFO: id:guest_0_8, value: (0, 379, 1)"
"2019-08-10 05:27:08,092 - log_utils.py[line:104] - INFO: id:guest_0_9, value: (0, 954, 1)"
"2019-08-10 05:27:08,092 - log_utils.py[line:104] - INFO: id:guest_1_0, value: (1, 732, 1)"
"2019-08-10 05:27:08,092 - log_utils.py[line:104] - INFO: id:guest_1_1, value: (1, 284, 1)"
"2019-08-10 05:27:08,092 - log_utils.py[line:104] - INFO: id:guest_1_2, value: (1, 732, 1)"
"2019-08-10 05:27:08,092 - log_utils.py[line:104] - INFO: id:guest_1_4, value: (1, 732, 1)"
"2019-08-10 05:27:08,092 - neighbors_sampling.py[line:132] - INFO: The number of local positive pairs: 18397"
"2019-08-10 05:27:08,092 - neighbors_sampling.py[line:135] - INFO: Negative samples num: 5"
"2019-08-10 05:27:13,966 - log_utils.py[line:104] - INFO: id:guest_0_0_negative_0, value: (0, 1100, -1)"
"2019-08-10 05:27:13,966 - log_utils.py[line:104] - INFO: id:host_0_0_negative_0, value: (0, 940, -1)"
"2019-08-10 05:27:13,966 - log_utils.py[line:104] - INFO: id:guest_0_0_negative_1, value: (0, 329, -1)"
"2019-08-10 05:27:13,966 - log_utils.py[line:104] - INFO: id:host_0_0_negative_1, value: (0, 1613, -1)"
"2019-08-10 05:27:13,966 - log_utils.py[line:104] - INFO: id:guest_0_0_negative_2, value: (0, 747, -1)"
"2019-08-10 05:27:13,966 - log_utils.py[line:104] - INFO: id:host_0_0_negative_2, value: (0, 1080, -1)"
"2019-08-10 05:27:13,966 - log_utils.py[line:104] - INFO: id:guest_0_0_negative_3, value: (0, 858, -1)"
"2019-08-10 05:27:13,966 - log_utils.py[line:104] - INFO: id:host_0_0_negative_3, value: (0, 430, -1)"
"2019-08-10 05:27:13,966 - log_utils.py[line:104] - INFO: id:guest_0_0_negative_4, value: (0, 2830, -1)"
"2019-08-10 05:27:13,966 - log_utils.py[line:104] - INFO: id:host_0_0_negative_4, value: (0, 1123, -1)"
"2019-08-10 05:27:13,966 - log_utils.py[line:104] - INFO: id:guest_0_2_negative_0, value: (0, 732, -1)"
"2019-08-10 05:27:13,966 - log_utils.py[line:104] - INFO: id:host_0_1_negative_0, value: (0, 1253, -1)"
"2019-08-10 05:27:13,966 - log_utils.py[line:104] - INFO: id:guest_0_2_negative_1, value: (0, 1829, -1)"
"2019-08-10 05:27:13,966 - log_utils.py[line:104] - INFO: id:host_0_1_negative_1, value: (0, 329, -1)"
"2019-08-10 05:27:13,966 - log_utils.py[line:104] - INFO: id:guest_0_2_negative_2, value: (0, 841, -1)"
"2019-08-10 05:27:13,966 - log_utils.py[line:104] - INFO: id:host_0_1_negative_2, value: (0, 1731, -1)"
"2019-08-10 05:27:13,966 - log_utils.py[line:104] - INFO: id:guest_0_2_negative_3, value: (0, 1738, -1)"
"2019-08-10 05:27:13,966 - log_utils.py[line:104] - INFO: id:guest_0_2_negative_4, value: (0, 88, -1)"
"2019-08-10 05:27:13,966 - log_utils.py[line:104] - INFO: id:host_0_1_negative_3, value: (0, 1616, -1)"
"2019-08-10 05:27:13,967 - log_utils.py[line:104] - INFO: id:guest_0_4_negative_0, value: (0, 1606, -1)"
"2019-08-10 05:27:13,967 - log_utils.py[line:104] - INFO: id:host_0_1_negative_4, value: (0, 30, -1)"
"2019-08-10 05:27:13,967 - log_utils.py[line:104] - INFO: id:host_0_3_negative_0, value: (0, 2575, -1)"
"2019-08-10 05:27:13,967 - neighbors_sampling.py[line:104] - INFO: distribution len: 2358, max:(390, 0.004777391792522355)"
"2019-08-10 05:27:13,967 - neighbors_sampling.py[line:104] - INFO: distribution len: 2319, max:(390, 0.0053644794497539165)"
"2019-08-10 05:27:13,968 - neighbors_sampling.py[line:137] - INFO: The number of local negative pairs: 91985"
"2019-08-10 05:27:13,968 - neighbors_sampling.py[line:137] - INFO: The number of local negative pairs: 90625"
"2019-08-10 05:27:14,795 - neighbors_sampling.py[line:141] - INFO: The number of total local pairs: 110382"
"2019-08-10 05:27:14,807 - neighbors_sampling.py[line:141] - INFO: The number of total local pairs: 108750"
"2019-08-10 05:27:39,103 - neighbors_sampling.py[line:283] - INFO: Generate the distributed host samples for guest"
"2019-08-10 05:27:39,221 - neighbors_sampling.py[line:246] - INFO: Generate the distributed host samples for host"
"2019-08-10 05:27:39,330 - neighbors_sampling.py[line:290] - INFO: Remote numbers to host"
"2019-08-10 05:27:39,426 - neighbors_sampling.py[line:250] - INFO: Get numbers from guest"
"2019-08-10 05:27:39,599 - neighbors_sampling.py[line:198] - INFO: bridge_instances count:244"
"2019-08-10 05:27:40,513 - neighbors_sampling.py[line:206] - INFO: sample_ids_instances count:244"
"2019-08-10 05:27:40,518 - neighbors_sampling.py[line:254] - INFO: distributed_instances count:740"
"2019-08-10 05:27:40,593 - neighbors_sampling.py[line:261] - INFO: Remote generated distributed samples' id to guest"
"2019-08-10 05:27:40,594 - neighbors_sampling.py[line:283] - INFO: Generate the distributed guest samples for host"
"2019-08-10 05:27:40,638 - neighbors_sampling.py[line:295] - INFO: Get generated distributed samples' id from host"
"2019-08-10 05:27:40,932 - neighbors_sampling.py[line:290] - INFO: Remote numbers to guest"
"2019-08-10 05:27:41,117 - neighbors_sampling.py[line:300] - INFO: The number of host distributed_instances:740"
"2019-08-10 05:27:41,117 - neighbors_sampling.py[line:246] - INFO: Generate the distributed guest samples for guest"
"2019-08-10 05:27:41,120 - neighbors_sampling.py[line:250] - INFO: Get numbers from host"
"2019-08-10 05:27:41,337 - neighbors_sampling.py[line:198] - INFO: bridge_instances count:244"
"2019-08-10 05:27:42,374 - neighbors_sampling.py[line:206] - INFO: sample_ids_instances count:244"
"2019-08-10 05:27:42,379 - neighbors_sampling.py[line:254] - INFO: distributed_instances count:740"
"2019-08-10 05:27:42,445 - neighbors_sampling.py[line:261] - INFO: Remote generated distributed samples' id to host"
"2019-08-10 05:27:42,540 - neighbors_sampling.py[line:295] - INFO: Get generated distributed samples' id from guest"
"2019-08-10 05:27:43,001 - neighbors_sampling.py[line:300] - INFO: The number of guest distributed_instances:740"
"2019-08-10 05:27:46,959 - neighbors_sampling.py[line:333] - INFO: Remote the distributed negative instances id to guest from host"
"2019-08-10 05:27:46,959 - neighbors_sampling.py[line:334] - INFO: Distributed negative instances count: 3700"
"2019-08-10 05:27:46,960 - log_utils.py[line:104] - INFO: id:host_25_0_0_negative_0, value: 357"
"2019-08-10 05:27:46,960 - log_utils.py[line:104] - INFO: id:host_25_0_0_negative_1, value: 357"
"2019-08-10 05:27:46,960 - log_utils.py[line:104] - INFO: id:host_25_0_0_negative_2, value: 357"
"2019-08-10 05:27:46,960 - log_utils.py[line:104] - INFO: id:host_25_0_0_negative_3, value: 357"
"2019-08-10 05:27:46,960 - log_utils.py[line:104] - INFO: id:host_25_0_0_negative_4, value: 357"
"2019-08-10 05:27:46,960 - log_utils.py[line:104] - INFO: id:host_35_0_0_negative_0, value: 92"
"2019-08-10 05:27:46,960 - log_utils.py[line:104] - INFO: id:host_35_0_0_negative_1, value: 92"
"2019-08-10 05:27:46,960 - log_utils.py[line:104] - INFO: id:host_35_0_0_negative_2, value: 92"
"2019-08-10 05:27:46,960 - log_utils.py[line:104] - INFO: id:host_35_0_0_negative_3, value: 92"
"2019-08-10 05:27:46,960 - log_utils.py[line:104] - INFO: id:host_35_0_0_negative_4, value: 92"
"2019-08-10 05:27:46,961 - log_utils.py[line:104] - INFO: id:host_40_0_0_negative_0, value: 849"
"2019-08-10 05:27:46,971 - neighbors_sampling.py[line:355] - INFO: Get distributed nagative samples from host"
"2019-08-10 05:27:46,971 - neighbors_sampling.py[line:357] - INFO: id:host_25_0_0_negative_0"
"2019-08-10 05:27:46,971 - neighbors_sampling.py[line:357] - INFO: id:host_25_0_0_negative_1"
"2019-08-10 05:27:46,971 - neighbors_sampling.py[line:357] - INFO: id:host_25_0_0_negative_2"
"2019-08-10 05:27:46,971 - neighbors_sampling.py[line:357] - INFO: id:host_25_0_0_negative_3"
"2019-08-10 05:27:46,972 - neighbors_sampling.py[line:357] - INFO: id:host_25_0_0_negative_4"
"2019-08-10 05:27:46,972 - neighbors_sampling.py[line:357] - INFO: id:host_35_0_0_negative_0"
"2019-08-10 05:27:46,972 - neighbors_sampling.py[line:357] - INFO: id:host_35_0_0_negative_1"
"2019-08-10 05:27:46,972 - neighbors_sampling.py[line:357] - INFO: id:host_35_0_0_negative_2"
"2019-08-10 05:27:46,972 - neighbors_sampling.py[line:357] - INFO: id:host_35_0_0_negative_3"
"2019-08-10 05:27:46,972 - neighbors_sampling.py[line:357] - INFO: id:host_35_0_0_negative_4"
"2019-08-10 05:28:33,482 - log_utils.py[line:104] - INFO: id:host_25_0_0_negative_0, value: (1912, -1)"
"2019-08-10 05:28:33,482 - log_utils.py[line:104] - INFO: id:host_25_0_0_negative_1, value: (2657, -1)"
"2019-08-10 05:28:33,482 - log_utils.py[line:104] - INFO: id:host_25_0_0_negative_2, value: (3256, -1)"
"2019-08-10 05:28:33,482 - log_utils.py[line:104] - INFO: id:host_25_0_0_negative_3, value: (768, -1)"
"2019-08-10 05:28:33,482 - log_utils.py[line:104] - INFO: id:host_25_0_0_negative_4, value: (356, -1)"
"2019-08-10 05:28:33,482 - log_utils.py[line:104] - INFO: id:host_35_0_0_negative_0, value: (364, -1)"
"2019-08-10 05:28:37,235 - neighbors_sampling.py[line:333] - INFO: Remote the distributed negative instances id to host from guest"
"2019-08-10 05:28:37,235 - neighbors_sampling.py[line:334] - INFO: Distributed negative instances count: 3700"
"2019-08-10 05:28:37,236 - log_utils.py[line:104] - INFO: id:guest_25_0_0_negative_0, value: 683"
"2019-08-10 05:28:37,236 - log_utils.py[line:104] - INFO: id:guest_25_0_0_negative_1, value: 683"
"2019-08-10 05:28:37,236 - log_utils.py[line:104] - INFO: id:guest_25_0_0_negative_2, value: 683"
"2019-08-10 05:28:37,236 - log_utils.py[line:104] - INFO: id:guest_25_0_0_negative_3, value: 683"
"2019-08-10 05:28:37,236 - log_utils.py[line:104] - INFO: id:guest_25_0_0_negative_4, value: 683"
"2019-08-10 05:28:37,236 - log_utils.py[line:104] - INFO: id:guest_35_0_0_negative_0, value: 500"
"2019-08-10 05:28:37,236 - log_utils.py[line:104] - INFO: id:guest_35_0_0_negative_1, value: 500"
"2019-08-10 05:28:37,236 - log_utils.py[line:104] - INFO: id:guest_35_0_0_negative_2, value: 500"
"2019-08-10 05:28:37,236 - log_utils.py[line:104] - INFO: id:guest_35_0_0_negative_3, value: 500"
"2019-08-10 05:28:37,237 - log_utils.py[line:104] - INFO: id:guest_35_0_0_negative_4, value: 500"
"2019-08-10 05:28:37,237 - log_utils.py[line:104] - INFO: id:guest_40_0_0_negative_0, value: 480"
"2019-08-10 05:28:37,314 - neighbors_sampling.py[line:355] - INFO: Get distributed nagative samples from guest"
"2019-08-10 05:28:37,314 - neighbors_sampling.py[line:357] - INFO: id:guest_25_0_0_negative_0"
"2019-08-10 05:28:37,314 - neighbors_sampling.py[line:357] - INFO: id:guest_25_0_0_negative_1"
"2019-08-10 05:28:37,314 - neighbors_sampling.py[line:357] - INFO: id:guest_25_0_0_negative_2"
"2019-08-10 05:28:37,315 - neighbors_sampling.py[line:357] - INFO: id:guest_25_0_0_negative_3"
"2019-08-10 05:28:37,315 - neighbors_sampling.py[line:357] - INFO: id:guest_25_0_0_negative_4"
"2019-08-10 05:28:37,315 - neighbors_sampling.py[line:357] - INFO: id:guest_35_0_0_negative_0"
"2019-08-10 05:28:37,315 - neighbors_sampling.py[line:357] - INFO: id:guest_35_0_0_negative_1"
"2019-08-10 05:28:37,315 - neighbors_sampling.py[line:357] - INFO: id:guest_35_0_0_negative_2"
"2019-08-10 05:28:37,315 - neighbors_sampling.py[line:357] - INFO: id:guest_35_0_0_negative_3"
"2019-08-10 05:28:37,315 - neighbors_sampling.py[line:357] - INFO: id:guest_35_0_0_negative_4"
"2019-08-10 05:29:24,631 - log_utils.py[line:104] - INFO: id:guest_25_0_0_negative_0, value: (1848, -1)"
"2019-08-10 05:29:24,631 - log_utils.py[line:104] - INFO: id:guest_25_0_0_negative_1, value: (1378, -1)"
"2019-08-10 05:29:24,631 - log_utils.py[line:104] - INFO: id:guest_25_0_0_negative_2, value: (2154, -1)"
"2019-08-10 05:29:24,631 - log_utils.py[line:104] - INFO: id:guest_25_0_0_negative_3, value: (1361, -1)"
"2019-08-10 05:29:24,631 - log_utils.py[line:104] - INFO: id:guest_25_0_0_negative_4, value: (302, -1)"
"2019-08-10 05:29:24,631 - log_utils.py[line:104] - INFO: id:guest_35_0_0_negative_0, value: (3150, -1)"
