"2019-08-24 13:10:25,409 - log_utils.py[line:104] - INFO: id:host_0_0, value: (0, 783, 1)"
"2019-08-24 13:10:25,409 - log_utils.py[line:104] - INFO: id:host_1_0, value: (1, 153, 1)"
"2019-08-24 13:10:25,410 - log_utils.py[line:104] - INFO: id:host_1_1, value: (1, 390, 1)"
"2019-08-24 13:10:25,410 - log_utils.py[line:104] - INFO: id:host_5_0, value: (5, 603, 1)"
"2019-08-24 13:10:25,410 - log_utils.py[line:104] - INFO: id:host_6_0, value: (6, 663, 1)"
"2019-08-24 13:10:25,410 - log_utils.py[line:104] - INFO: id:host_6_1, value: (6, 657, 1)"
"2019-08-24 13:10:25,410 - log_utils.py[line:104] - INFO: id:host_7_0, value: (7, 1001, 1)"
"2019-08-24 13:10:25,410 - log_utils.py[line:104] - INFO: id:host_7_1, value: (7, 762, 1)"
"2019-08-24 13:10:25,410 - log_utils.py[line:104] - INFO: id:host_8_0, value: (8, 1986, 1)"
"2019-08-24 13:10:25,410 - log_utils.py[line:104] - INFO: id:host_9_0, value: (9, 820, 1)"
"2019-08-24 13:10:25,410 - log_utils.py[line:104] - INFO: id:host_10_0, value: (10, 390, 1)"
"2019-08-24 13:10:25,411 - neighbors_sampling.py[line:132] - INFO: The number of local positive pairs: 3336"
"2019-08-24 13:10:25,411 - neighbors_sampling.py[line:135] - INFO: Negative samples num: 5"
"2019-08-24 13:10:26,892 - log_utils.py[line:104] - INFO: id:guest_0_0, value: (0, 99, 1)"
"2019-08-24 13:10:26,893 - log_utils.py[line:104] - INFO: id:guest_1_0, value: (1, 732, 1)"
"2019-08-24 13:10:26,893 - log_utils.py[line:104] - INFO: id:guest_1_1, value: (1, 876, 1)"
"2019-08-24 13:10:26,893 - log_utils.py[line:104] - INFO: id:guest_2_0, value: (2, 962, 1)"
"2019-08-24 13:10:26,893 - log_utils.py[line:104] - INFO: id:guest_3_0, value: (3, 634, 1)"
"2019-08-24 13:10:26,893 - log_utils.py[line:104] - INFO: id:guest_3_1, value: (3, 120, 1)"
"2019-08-24 13:10:26,893 - log_utils.py[line:104] - INFO: id:guest_4_0, value: (4, 588, 1)"
"2019-08-24 13:10:26,893 - log_utils.py[line:104] - INFO: id:guest_4_1, value: (4, 739, 1)"
"2019-08-24 13:10:26,893 - log_utils.py[line:104] - INFO: id:guest_5_0, value: (5, 63, 1)"
"2019-08-24 13:10:26,893 - log_utils.py[line:104] - INFO: id:guest_5_1, value: (5, 329, 1)"
"2019-08-24 13:10:26,894 - log_utils.py[line:104] - INFO: id:guest_6_0, value: (6, 64, 1)"
"2019-08-24 13:10:26,894 - neighbors_sampling.py[line:132] - INFO: The number of local positive pairs: 3339"
"2019-08-24 13:10:26,894 - neighbors_sampling.py[line:135] - INFO: Negative samples num: 5"
"2019-08-24 13:10:31,014 - log_utils.py[line:104] - INFO: id:host_0_0_negative_0, value: (0, 1235, -1)"
"2019-08-24 13:10:31,014 - log_utils.py[line:104] - INFO: id:host_0_0_negative_1, value: (0, 1965, -1)"
"2019-08-24 13:10:31,014 - log_utils.py[line:104] - INFO: id:host_0_0_negative_2, value: (0, 84, -1)"
"2019-08-24 13:10:31,014 - log_utils.py[line:104] - INFO: id:host_0_0_negative_3, value: (0, 1980, -1)"
"2019-08-24 13:10:31,014 - log_utils.py[line:104] - INFO: id:host_0_0_negative_4, value: (0, 848, -1)"
"2019-08-24 13:10:31,014 - log_utils.py[line:104] - INFO: id:host_1_0_negative_0, value: (1, 345, -1)"
"2019-08-24 13:10:31,014 - log_utils.py[line:104] - INFO: id:host_1_0_negative_1, value: (1, 601, -1)"
"2019-08-24 13:10:31,014 - log_utils.py[line:104] - INFO: id:host_1_0_negative_2, value: (1, 160, -1)"
"2019-08-24 13:10:31,014 - log_utils.py[line:104] - INFO: id:host_1_0_negative_3, value: (1, 3043, -1)"
"2019-08-24 13:10:31,014 - log_utils.py[line:104] - INFO: id:host_1_0_negative_4, value: (1, 1226, -1)"
"2019-08-24 13:10:31,014 - log_utils.py[line:104] - INFO: id:host_1_1_negative_0, value: (1, 1738, -1)"
"2019-08-24 13:10:31,015 - neighbors_sampling.py[line:104] - INFO: distribution len: 2319, max:(390, 0.0053644794497539165)"
"2019-08-24 13:10:31,015 - neighbors_sampling.py[line:137] - INFO: The number of local negative pairs: 16680"
"2019-08-24 13:10:31,467 - log_utils.py[line:104] - INFO: id:host_0_0, value: (0, 783, 1)"
"2019-08-24 13:10:31,467 - log_utils.py[line:104] - INFO: id:host_1_0, value: (1, 153, 1)"
"2019-08-24 13:10:31,467 - log_utils.py[line:104] - INFO: id:host_1_1, value: (1, 390, 1)"
"2019-08-24 13:10:31,467 - log_utils.py[line:104] - INFO: id:host_5_0, value: (5, 603, 1)"
"2019-08-24 13:10:31,468 - log_utils.py[line:104] - INFO: id:host_0_0_negative_0, value: (0, 1235, -1)"
"2019-08-24 13:10:31,468 - log_utils.py[line:104] - INFO: id:host_0_0_negative_1, value: (0, 1965, -1)"
"2019-08-24 13:10:31,468 - log_utils.py[line:104] - INFO: id:host_0_0_negative_2, value: (0, 84, -1)"
"2019-08-24 13:10:31,468 - log_utils.py[line:104] - INFO: id:host_0_0_negative_3, value: (0, 1980, -1)"
"2019-08-24 13:10:31,470 - neighbors_sampling.py[line:145] - INFO: The number of total local pairs: 20016"
"2019-08-24 13:10:32,069 - log_utils.py[line:104] - INFO: id:guest_0_0_negative_0, value: (0, 698, -1)"
"2019-08-24 13:10:32,069 - log_utils.py[line:104] - INFO: id:guest_0_0_negative_1, value: (0, 2610, -1)"
"2019-08-24 13:10:32,070 - log_utils.py[line:104] - INFO: id:guest_0_0_negative_2, value: (0, 1048, -1)"
"2019-08-24 13:10:32,070 - log_utils.py[line:104] - INFO: id:guest_0_0_negative_3, value: (0, 2665, -1)"
"2019-08-24 13:10:32,070 - log_utils.py[line:104] - INFO: id:guest_0_0_negative_4, value: (0, 54, -1)"
"2019-08-24 13:10:32,070 - log_utils.py[line:104] - INFO: id:guest_1_0_negative_0, value: (1, 230, -1)"
"2019-08-24 13:10:32,070 - log_utils.py[line:104] - INFO: id:guest_1_0_negative_1, value: (1, 1397, -1)"
"2019-08-24 13:10:32,070 - log_utils.py[line:104] - INFO: id:guest_1_0_negative_2, value: (1, 266, -1)"
"2019-08-24 13:10:32,070 - log_utils.py[line:104] - INFO: id:guest_1_0_negative_3, value: (1, 2123, -1)"
"2019-08-24 13:10:32,070 - log_utils.py[line:104] - INFO: id:guest_1_0_negative_4, value: (1, 3233, -1)"
"2019-08-24 13:10:32,070 - log_utils.py[line:104] - INFO: id:guest_1_1_negative_0, value: (1, 28, -1)"
"2019-08-24 13:10:32,071 - neighbors_sampling.py[line:104] - INFO: distribution len: 2358, max:(390, 0.004777391792522355)"
"2019-08-24 13:10:32,071 - neighbors_sampling.py[line:137] - INFO: The number of local negative pairs: 16695"
"2019-08-24 13:10:32,488 - log_utils.py[line:104] - INFO: id:guest_0_0, value: (0, 99, 1)"
"2019-08-24 13:10:32,488 - log_utils.py[line:104] - INFO: id:guest_1_0, value: (1, 732, 1)"
"2019-08-24 13:10:32,489 - log_utils.py[line:104] - INFO: id:guest_1_1, value: (1, 876, 1)"
"2019-08-24 13:10:32,489 - log_utils.py[line:104] - INFO: id:guest_2_0, value: (2, 962, 1)"
"2019-08-24 13:10:32,489 - log_utils.py[line:104] - INFO: id:guest_0_0_negative_0, value: (0, 698, -1)"
"2019-08-24 13:10:32,489 - log_utils.py[line:104] - INFO: id:guest_0_0_negative_1, value: (0, 2610, -1)"
"2019-08-24 13:10:32,489 - log_utils.py[line:104] - INFO: id:guest_0_0_negative_2, value: (0, 1048, -1)"
"2019-08-24 13:10:32,489 - log_utils.py[line:104] - INFO: id:guest_0_0_negative_3, value: (0, 2665, -1)"
"2019-08-24 13:10:32,492 - neighbors_sampling.py[line:145] - INFO: The number of total local pairs: 20034"
"2019-08-24 13:10:54,843 - neighbors_sampling.py[line:287] - INFO: Generate the distributed host samples for guest"
"2019-08-24 13:10:55,105 - neighbors_sampling.py[line:250] - INFO: Generate the distributed host samples for host"
"2019-08-24 13:10:55,162 - neighbors_sampling.py[line:294] - INFO: Remote numbers to host"
"2019-08-24 13:10:55,208 - neighbors_sampling.py[line:254] - INFO: Get numbers from guest"
"2019-08-24 13:10:55,751 - neighbors_sampling.py[line:202] - INFO: bridge_instances count:244"
"2019-08-24 13:10:56,595 - neighbors_sampling.py[line:210] - INFO: sample_ids_instances count:244"
"2019-08-24 13:10:56,600 - neighbors_sampling.py[line:258] - INFO: distributed_instances count:740"
"2019-08-24 13:10:56,641 - neighbors_sampling.py[line:265] - INFO: Remote generated distributed samples' id to guest"
"2019-08-24 13:10:56,642 - neighbors_sampling.py[line:287] - INFO: Generate the distributed guest samples for host"
"2019-08-24 13:10:56,670 - neighbors_sampling.py[line:299] - INFO: Get generated distributed samples' id from host"
"2019-08-24 13:10:57,111 - neighbors_sampling.py[line:294] - INFO: Remote numbers to guest"
"2019-08-24 13:10:57,283 - neighbors_sampling.py[line:304] - INFO: The number of host distributed_instances:740"
"2019-08-24 13:10:57,284 - neighbors_sampling.py[line:250] - INFO: Generate the distributed guest samples for guest"
"2019-08-24 13:10:57,285 - neighbors_sampling.py[line:254] - INFO: Get numbers from host"
"2019-08-24 13:10:57,629 - neighbors_sampling.py[line:202] - INFO: bridge_instances count:244"
"2019-08-24 13:10:58,841 - neighbors_sampling.py[line:210] - INFO: sample_ids_instances count:244"
"2019-08-24 13:10:58,847 - neighbors_sampling.py[line:258] - INFO: distributed_instances count:740"
"2019-08-24 13:10:58,861 - neighbors_sampling.py[line:265] - INFO: Remote generated distributed samples' id to host"
"2019-08-24 13:10:58,921 - neighbors_sampling.py[line:299] - INFO: Get generated distributed samples' id from guest"
"2019-08-24 13:10:59,635 - neighbors_sampling.py[line:304] - INFO: The number of guest distributed_instances:740"
"2019-08-24 13:11:03,759 - neighbors_sampling.py[line:337] - INFO: Remote the distributed negative instances id to guest from host"
"2019-08-24 13:11:03,759 - neighbors_sampling.py[line:338] - INFO: Distributed negative instances count: 3700"
"2019-08-24 13:11:03,759 - log_utils.py[line:104] - INFO: id:host_25_0_0_negative_0, value: 357"
"2019-08-24 13:11:03,759 - log_utils.py[line:104] - INFO: id:host_25_0_0_negative_1, value: 357"
"2019-08-24 13:11:03,760 - log_utils.py[line:104] - INFO: id:host_25_0_0_negative_2, value: 357"
"2019-08-24 13:11:03,760 - log_utils.py[line:104] - INFO: id:host_25_0_0_negative_3, value: 357"
"2019-08-24 13:11:03,760 - log_utils.py[line:104] - INFO: id:host_25_0_0_negative_4, value: 357"
"2019-08-24 13:11:03,760 - log_utils.py[line:104] - INFO: id:host_35_0_0_negative_0, value: 92"
"2019-08-24 13:11:03,760 - log_utils.py[line:104] - INFO: id:host_35_0_0_negative_1, value: 92"
"2019-08-24 13:11:03,760 - log_utils.py[line:104] - INFO: id:host_35_0_0_negative_2, value: 92"
"2019-08-24 13:11:03,760 - log_utils.py[line:104] - INFO: id:host_35_0_0_negative_3, value: 92"
"2019-08-24 13:11:03,760 - log_utils.py[line:104] - INFO: id:host_35_0_0_negative_4, value: 92"
"2019-08-24 13:11:03,760 - log_utils.py[line:104] - INFO: id:host_40_0_0_negative_0, value: 849"
"2019-08-24 13:11:03,784 - neighbors_sampling.py[line:359] - INFO: Get distributed nagative samples from host"
"2019-08-24 13:11:03,784 - neighbors_sampling.py[line:361] - INFO: id:host_25_0_0_negative_0"
"2019-08-24 13:11:03,785 - neighbors_sampling.py[line:361] - INFO: id:host_25_0_0_negative_1"
"2019-08-24 13:11:03,785 - neighbors_sampling.py[line:361] - INFO: id:host_25_0_0_negative_2"
"2019-08-24 13:11:03,785 - neighbors_sampling.py[line:361] - INFO: id:host_25_0_0_negative_3"
"2019-08-24 13:11:03,785 - neighbors_sampling.py[line:361] - INFO: id:host_25_0_0_negative_4"
"2019-08-24 13:11:03,785 - neighbors_sampling.py[line:361] - INFO: id:host_35_0_0_negative_0"
"2019-08-24 13:11:03,785 - neighbors_sampling.py[line:361] - INFO: id:host_35_0_0_negative_1"
"2019-08-24 13:11:03,785 - neighbors_sampling.py[line:361] - INFO: id:host_35_0_0_negative_2"
"2019-08-24 13:11:03,785 - neighbors_sampling.py[line:361] - INFO: id:host_35_0_0_negative_3"
"2019-08-24 13:11:03,785 - neighbors_sampling.py[line:361] - INFO: id:host_35_0_0_negative_4"
"2019-08-24 13:11:58,841 - log_utils.py[line:104] - INFO: id:host_25_0_0_negative_0, value: (67, -1)"
"2019-08-24 13:11:58,841 - log_utils.py[line:104] - INFO: id:host_25_0_0_negative_1, value: (439, -1)"
"2019-08-24 13:11:58,841 - log_utils.py[line:104] - INFO: id:host_25_0_0_negative_2, value: (2212, -1)"
"2019-08-24 13:11:58,841 - log_utils.py[line:104] - INFO: id:host_25_0_0_negative_3, value: (2225, -1)"
"2019-08-24 13:11:58,841 - log_utils.py[line:104] - INFO: id:host_25_0_0_negative_4, value: (1731, -1)"
"2019-08-24 13:11:58,842 - log_utils.py[line:104] - INFO: id:host_35_0_0_negative_0, value: (615, -1)"
"2019-08-24 13:12:02,632 - neighbors_sampling.py[line:337] - INFO: Remote the distributed negative instances id to host from guest"
"2019-08-24 13:12:02,632 - neighbors_sampling.py[line:338] - INFO: Distributed negative instances count: 3700"
"2019-08-24 13:12:02,632 - log_utils.py[line:104] - INFO: id:guest_25_0_0_negative_0, value: 683"
"2019-08-24 13:12:02,633 - log_utils.py[line:104] - INFO: id:guest_25_0_0_negative_1, value: 683"
"2019-08-24 13:12:02,633 - log_utils.py[line:104] - INFO: id:guest_25_0_0_negative_2, value: 683"
"2019-08-24 13:12:02,633 - log_utils.py[line:104] - INFO: id:guest_25_0_0_negative_3, value: 683"
"2019-08-24 13:12:02,633 - log_utils.py[line:104] - INFO: id:guest_25_0_0_negative_4, value: 683"
"2019-08-24 13:12:02,633 - log_utils.py[line:104] - INFO: id:guest_35_0_0_negative_0, value: 500"
"2019-08-24 13:12:02,633 - log_utils.py[line:104] - INFO: id:guest_35_0_0_negative_1, value: 500"
"2019-08-24 13:12:02,633 - log_utils.py[line:104] - INFO: id:guest_35_0_0_negative_2, value: 500"
"2019-08-24 13:12:02,633 - log_utils.py[line:104] - INFO: id:guest_35_0_0_negative_3, value: 500"
"2019-08-24 13:12:02,633 - log_utils.py[line:104] - INFO: id:guest_35_0_0_negative_4, value: 500"
"2019-08-24 13:12:02,633 - log_utils.py[line:104] - INFO: id:guest_40_0_0_negative_0, value: 480"
"2019-08-24 13:12:02,696 - neighbors_sampling.py[line:359] - INFO: Get distributed nagative samples from guest"
"2019-08-24 13:12:02,696 - neighbors_sampling.py[line:361] - INFO: id:guest_25_0_0_negative_0"
"2019-08-24 13:12:02,696 - neighbors_sampling.py[line:361] - INFO: id:guest_25_0_0_negative_1"
"2019-08-24 13:12:02,696 - neighbors_sampling.py[line:361] - INFO: id:guest_25_0_0_negative_2"
"2019-08-24 13:12:02,697 - neighbors_sampling.py[line:361] - INFO: id:guest_25_0_0_negative_3"
"2019-08-24 13:12:02,697 - neighbors_sampling.py[line:361] - INFO: id:guest_25_0_0_negative_4"
"2019-08-24 13:12:02,697 - neighbors_sampling.py[line:361] - INFO: id:guest_35_0_0_negative_0"
"2019-08-24 13:12:02,697 - neighbors_sampling.py[line:361] - INFO: id:guest_35_0_0_negative_1"
"2019-08-24 13:12:02,697 - neighbors_sampling.py[line:361] - INFO: id:guest_35_0_0_negative_2"
"2019-08-24 13:12:02,697 - neighbors_sampling.py[line:361] - INFO: id:guest_35_0_0_negative_3"
"2019-08-24 13:12:02,697 - neighbors_sampling.py[line:361] - INFO: id:guest_35_0_0_negative_4"
"2019-08-24 13:13:10,664 - log_utils.py[line:104] - INFO: id:guest_25_0_0_negative_0, value: (1788, -1)"
"2019-08-24 13:13:10,664 - log_utils.py[line:104] - INFO: id:guest_25_0_0_negative_1, value: (1041, -1)"
"2019-08-24 13:13:10,664 - log_utils.py[line:104] - INFO: id:guest_25_0_0_negative_2, value: (780, -1)"
"2019-08-24 13:13:10,664 - log_utils.py[line:104] - INFO: id:guest_25_0_0_negative_3, value: (2337, -1)"
"2019-08-24 13:13:10,664 - log_utils.py[line:104] - INFO: id:guest_25_0_0_negative_4, value: (2619, -1)"
"2019-08-24 13:13:10,664 - log_utils.py[line:104] - INFO: id:guest_35_0_0_negative_0, value: (2030, -1)"
