"2019-08-24 13:09:50,843 - workflow.py[line:863] - DEBUG: The job id is neighbors_sampling_example_standalone_20190824130942"
"2019-08-24 13:09:50,843 - workflow.py[line:863] - DEBUG: The job id is neighbors_sampling_example_standalone_20190824130942"
"2019-08-24 13:09:50,856 - workflow.py[line:865] - DEBUG: Finish eggroll and federation init"
"2019-08-24 13:09:50,856 - workflow.py[line:865] - DEBUG: Finish eggroll and federation init"
"2019-08-24 13:09:50,856 - workflow.py[line:819] - DEBUG: finish init pipeline"
"2019-08-24 13:09:50,856 - workflow.py[line:819] - DEBUG: finish init pipeline"
"2019-08-24 13:09:50,856 - workflow.py[line:926] - DEBUG: In running function, enter neighbors sampling"
"2019-08-24 13:09:50,856 - workflow.py[line:926] - DEBUG: In running function, enter neighbors sampling"
"2019-08-24 13:09:50,856 - workflow.py[line:930] - DEBUG: [Neighbors sampling]Input table:citeseer_guest_neighbors_sampling_neighbors_sampling_example_standalone_20190824130942, input namespace:example_data_namespace"
"2019-08-24 13:09:50,856 - workflow.py[line:930] - DEBUG: [Neighbors sampling]Input table:citeseer_host_neighbors_sampling_neighbors_sampling_example_standalone_20190824130942, input namespace:example_data_namespace"
"2019-08-24 13:09:50,856 - workflow.py[line:794] - DEBUG: mode is fit"
"2019-08-24 13:09:50,856 - workflow.py[line:794] - DEBUG: mode is fit"
"2019-08-24 13:09:52,492 - workflow.py[line:940] - INFO: Obtain adjlist for each node for Bank B!"
"2019-08-24 13:09:52,492 - workflow.py[line:942] - INFO: There are 2319 nodes in Bank B"
"2019-08-24 13:09:52,492 - workflow.py[line:945] - INFO: Map node to id:"
"2019-08-24 13:09:52,514 - workflow.py[line:940] - INFO: Obtain adjlist for each node for Bank B!"
"2019-08-24 13:09:52,514 - workflow.py[line:942] - INFO: There are 2358 nodes in Bank B"
"2019-08-24 13:09:52,514 - workflow.py[line:945] - INFO: Map node to id:"
"2019-08-24 13:10:24,243 - workflow.py[line:956] - INFO: Enter the procedure of local neighbors sampling:"
"2019-08-24 13:10:25,406 - workflow.py[line:956] - INFO: Enter the procedure of local neighbors sampling:"
"2019-08-24 13:10:32,803 - workflow.py[line:962] - INFO: Local sampling samples count for host is 20016"
"2019-08-24 13:10:32,803 - workflow.py[line:963] - INFO: Local sampling results for host saved in namespace: neighbors_samples/local_samples, name: host"
"2019-08-24 13:10:32,803 - workflow.py[line:966] - INFO: Enter the procedure of distributed neighbors sampling:"
"2019-08-24 13:10:32,803 - workflow.py[line:968] - INFO: Alignment nodes from two parties:"
"2019-08-24 13:10:32,803 - workflow.py[line:316] - INFO: need_intersect: true!"
"2019-08-24 13:10:32,804 - workflow.py[line:320] - INFO: Start intersection!"
"2019-08-24 13:10:33,625 - workflow.py[line:962] - INFO: Local sampling samples count for guest is 20034"
"2019-08-24 13:10:33,626 - workflow.py[line:963] - INFO: Local sampling results for guest saved in namespace: neighbors_samples/local_samples, name: guest"
"2019-08-24 13:10:33,626 - workflow.py[line:966] - INFO: Enter the procedure of distributed neighbors sampling:"
"2019-08-24 13:10:33,626 - workflow.py[line:968] - INFO: Alignment nodes from two parties:"
"2019-08-24 13:10:33,626 - workflow.py[line:316] - INFO: need_intersect: true!"
"2019-08-24 13:10:33,626 - workflow.py[line:320] - INFO: Start intersection!"
"2019-08-24 13:10:44,546 - workflow.py[line:331] - INFO: finish intersection!"
"2019-08-24 13:10:44,556 - workflow.py[line:976] - INFO: The number of common nodes: 1413"
"2019-08-24 13:10:44,556 - workflow.py[line:331] - INFO: finish intersection!"
"2019-08-24 13:10:44,829 - workflow.py[line:976] - INFO: The number of common nodes: 1413"
"2019-08-24 13:10:45,412 - workflow.py[line:316] - INFO: need_intersect: true!"
"2019-08-24 13:10:45,413 - workflow.py[line:320] - INFO: Start intersection!"
"2019-08-24 13:10:45,633 - workflow.py[line:316] - INFO: need_intersect: true!"
"2019-08-24 13:10:45,634 - workflow.py[line:320] - INFO: Start intersection!"
"2019-08-24 13:10:54,833 - workflow.py[line:331] - INFO: finish intersection!"
"2019-08-24 13:10:54,842 - workflow.py[line:981] - INFO: The number of bridge nodes: 244"
"2019-08-24 13:10:55,095 - workflow.py[line:331] - INFO: finish intersection!"
"2019-08-24 13:10:55,105 - workflow.py[line:981] - INFO: The number of bridge nodes: 244"
"2019-08-24 13:12:03,692 - workflow.py[line:996] - INFO: Distributed sampling target results for host saved in namespace: neighbors_samples/distributed_samples/guest, name: target"
"2019-08-24 13:12:04,474 - workflow.py[line:1004] - INFO: Distributed sampling anchor results for guest saved in namespace: neighbors_samples/distributed_samples/guest, name: anchor"
"2019-08-24 13:13:11,572 - workflow.py[line:996] - INFO: Distributed sampling target results for guest saved in namespace: neighbors_samples/distributed_samples/host, name: target"
"2019-08-24 13:13:11,805 - workflow.py[line:1004] - INFO: Distributed sampling anchor results for host saved in namespace: neighbors_samples/distributed_samples/host, name: anchor"
"2019-08-24 13:13:11,805 - workflow.py[line:1007] - INFO: Neighbors_sampling_finish"
