"2019-08-24 08:42:40,330 - workflow.py[line:863] - DEBUG: The job id is hetero_network_embedding_example_standalone_20190824084236"
"2019-08-24 08:42:40,332 - workflow.py[line:865] - DEBUG: Finish eggroll and federation init"
"2019-08-24 08:42:40,333 - workflow.py[line:819] - DEBUG: finish init pipeline"
"2019-08-24 08:42:40,333 - workflow.py[line:912] - INFO: 4440 samples in guest"
"2019-08-24 08:42:40,341 - workflow.py[line:210] - DEBUG: Enter guest network embedding function"
"2019-08-24 08:42:40,341 - workflow.py[line:211] - DEBUG: Start intersection before network embedding"
"2019-08-24 08:42:40,342 - workflow.py[line:316] - INFO: need_intersect: true!"
"2019-08-24 08:42:40,342 - workflow.py[line:320] - INFO: Start intersection!"
"2019-08-24 08:42:40,469 - workflow.py[line:863] - DEBUG: The job id is hetero_network_embedding_example_standalone_20190824084236"
"2019-08-24 08:42:40,472 - workflow.py[line:865] - DEBUG: Finish eggroll and federation init"
"2019-08-24 08:42:40,472 - workflow.py[line:819] - DEBUG: finish init pipeline"
"2019-08-24 08:42:40,472 - workflow.py[line:214] - INFO: arbiter"
"2019-08-24 08:42:40,472 - workflow.py[line:215] - INFO: max iter: 20"
"2019-08-24 08:42:40,574 - workflow.py[line:863] - DEBUG: The job id is hetero_network_embedding_example_standalone_20190824084236"
"2019-08-24 08:42:40,576 - workflow.py[line:865] - DEBUG: Finish eggroll and federation init"
"2019-08-24 08:42:40,576 - workflow.py[line:819] - DEBUG: finish init pipeline"
"2019-08-24 08:42:40,577 - workflow.py[line:912] - INFO: 4440 samples in host"
"2019-08-24 08:42:40,584 - workflow.py[line:210] - DEBUG: Enter host network embedding function"
"2019-08-24 08:42:40,584 - workflow.py[line:211] - DEBUG: Start intersection before network embedding"
"2019-08-24 08:42:40,584 - workflow.py[line:316] - INFO: need_intersect: true!"
"2019-08-24 08:42:40,585 - workflow.py[line:320] - INFO: Start intersection!"
"2019-08-24 08:42:42,097 - workflow.py[line:331] - INFO: finish intersection!"
"2019-08-24 08:42:42,097 - workflow.py[line:214] - INFO: guest"
"2019-08-24 08:42:42,097 - workflow.py[line:215] - INFO: max iter: 20"
"2019-08-24 08:42:42,109 - workflow.py[line:331] - INFO: finish intersection!"
"2019-08-24 08:42:42,109 - workflow.py[line:214] - INFO: host"
"2019-08-24 08:42:42,109 - workflow.py[line:215] - INFO: max iter: 20"
