"2019-08-22 08:51:01,451 - workflow.py[line:862] - DEBUG: The job id is hetero_network_embedding_example_standalone_20190822085051"
"2019-08-22 08:51:01,452 - workflow.py[line:862] - DEBUG: The job id is hetero_network_embedding_example_standalone_20190822085051"
"2019-08-22 08:51:01,452 - workflow.py[line:862] - DEBUG: The job id is hetero_network_embedding_example_standalone_20190822085051"
"2019-08-22 08:51:01,495 - workflow.py[line:864] - DEBUG: Finish eggroll and federation init"
"2019-08-22 08:51:01,495 - workflow.py[line:818] - DEBUG: finish init pipeline"
"2019-08-22 08:51:01,495 - workflow.py[line:864] - DEBUG: Finish eggroll and federation init"
"2019-08-22 08:51:01,495 - workflow.py[line:864] - DEBUG: Finish eggroll and federation init"
"2019-08-22 08:51:01,496 - workflow.py[line:214] - INFO: arbiter"
"2019-08-22 08:51:01,496 - workflow.py[line:818] - DEBUG: finish init pipeline"
"2019-08-22 08:51:01,496 - workflow.py[line:818] - DEBUG: finish init pipeline"
"2019-08-22 08:51:01,850 - workflow.py[line:909] - INFO: 4440 samples in guest"
"2019-08-22 08:51:01,947 - workflow.py[line:210] - DEBUG: Enter guest network embedding function"
"2019-08-22 08:51:01,947 - workflow.py[line:211] - DEBUG: Start intersection before network embedding"
"2019-08-22 08:51:01,947 - workflow.py[line:315] - INFO: need_intersect: true!"
"2019-08-22 08:51:01,948 - workflow.py[line:319] - INFO: Start intersection!"
"2019-08-22 08:51:02,214 - workflow.py[line:909] - INFO: 4440 samples in host"
"2019-08-22 08:51:02,338 - workflow.py[line:210] - DEBUG: Enter host network embedding function"
"2019-08-22 08:51:02,338 - workflow.py[line:211] - DEBUG: Start intersection before network embedding"
"2019-08-22 08:51:02,338 - workflow.py[line:315] - INFO: need_intersect: true!"
"2019-08-22 08:51:02,338 - workflow.py[line:319] - INFO: Start intersection!"
"2019-08-22 08:51:16,783 - workflow.py[line:330] - INFO: finish intersection!"
"2019-08-22 08:51:16,783 - workflow.py[line:214] - INFO: host"
"2019-08-22 08:51:16,799 - workflow.py[line:330] - INFO: finish intersection!"
"2019-08-22 08:51:16,799 - workflow.py[line:214] - INFO: guest"
