"2019-08-22 06:52:06,568 - workflow.py[line:861] - DEBUG: The job id is hetero_network_embedding_example_standalone_20190822065201"
"2019-08-22 06:52:06,590 - workflow.py[line:863] - DEBUG: Finish eggroll and federation init"
"2019-08-22 06:52:06,616 - workflow.py[line:817] - DEBUG: finish init pipeline"
"2019-08-22 06:52:06,924 - workflow.py[line:861] - DEBUG: The job id is hetero_network_embedding_example_standalone_20190822065201"
"2019-08-22 06:52:06,926 - workflow.py[line:863] - DEBUG: Finish eggroll and federation init"
"2019-08-22 06:52:06,926 - workflow.py[line:817] - DEBUG: finish init pipeline"
"2019-08-22 06:52:06,928 - workflow.py[line:904] - INFO: 4440 samples in guest"
"2019-08-22 06:52:06,933 - workflow.py[line:209] - DEBUG: Enter guest network embedding function"
"2019-08-22 06:52:06,933 - workflow.py[line:210] - DEBUG: Start intersection before network embedding"
"2019-08-22 06:52:06,933 - workflow.py[line:314] - INFO: need_intersect: true!"
"2019-08-22 06:52:06,933 - workflow.py[line:318] - INFO: Start intersection!"
"2019-08-22 06:52:07,225 - workflow.py[line:861] - DEBUG: The job id is hetero_network_embedding_example_standalone_20190822065201"
"2019-08-22 06:52:07,227 - workflow.py[line:863] - DEBUG: Finish eggroll and federation init"
"2019-08-22 06:52:07,227 - workflow.py[line:817] - DEBUG: finish init pipeline"
"2019-08-22 06:52:07,229 - workflow.py[line:904] - INFO: 4440 samples in host"
"2019-08-22 06:52:07,234 - workflow.py[line:209] - DEBUG: Enter host network embedding function"
"2019-08-22 06:52:07,234 - workflow.py[line:210] - DEBUG: Start intersection before network embedding"
"2019-08-22 06:52:07,235 - workflow.py[line:314] - INFO: need_intersect: true!"
"2019-08-22 06:52:07,235 - workflow.py[line:318] - INFO: Start intersection!"
"2019-08-22 06:52:14,505 - workflow.py[line:329] - INFO: finish intersection!"
"2019-08-22 06:52:14,515 - workflow.py[line:329] - INFO: finish intersection!"
