"2019-08-22 13:23:49,427 - log_utils.py[line:104] - INFO: id:host_0_0, value: (0, 784, 1)"
"2019-08-22 13:23:49,427 - log_utils.py[line:104] - INFO: id:host_0_1, value: (0, 540, 1)"
"2019-08-22 13:23:49,427 - log_utils.py[line:104] - INFO: id:host_0_2, value: (0, 784, 1)"
"2019-08-22 13:23:49,427 - log_utils.py[line:104] - INFO: id:host_0_3, value: (0, 540, 1)"
"2019-08-22 13:23:49,427 - log_utils.py[line:104] - INFO: id:host_0_4, value: (0, 784, 1)"
"2019-08-22 13:23:49,428 - log_utils.py[line:104] - INFO: id:host_0_5, value: (0, 690, 1)"
"2019-08-22 13:23:49,428 - log_utils.py[line:104] - INFO: id:host_0_7, value: (0, 514, 1)"
"2019-08-22 13:23:49,428 - log_utils.py[line:104] - INFO: id:host_0_8, value: (0, 323, 1)"
"2019-08-22 13:23:49,428 - log_utils.py[line:104] - INFO: id:host_0_9, value: (0, 514, 1)"
"2019-08-22 13:23:49,428 - log_utils.py[line:104] - INFO: id:host_1_0, value: (1, 153, 1)"
"2019-08-22 13:23:49,428 - log_utils.py[line:104] - INFO: id:host_1_1, value: (1, 714, 1)"
"2019-08-22 13:23:49,428 - neighbors_sampling.py[line:132] - INFO: The number of local positive pairs: 18144"
"2019-08-22 13:23:49,428 - neighbors_sampling.py[line:135] - INFO: Negative samples num: 5"
"2019-08-22 13:23:50,727 - log_utils.py[line:104] - INFO: id:guest_0_0, value: (0, 954, 1)"
"2019-08-22 13:23:50,727 - log_utils.py[line:104] - INFO: id:guest_0_1, value: (0, 379, 1)"
"2019-08-22 13:23:50,727 - log_utils.py[line:104] - INFO: id:guest_0_2, value: (0, 678, 1)"
"2019-08-22 13:23:50,727 - log_utils.py[line:104] - INFO: id:guest_0_3, value: (0, 867, 1)"
"2019-08-22 13:23:50,727 - log_utils.py[line:104] - INFO: id:guest_0_4, value: (0, 1747, 1)"
"2019-08-22 13:23:50,727 - log_utils.py[line:104] - INFO: id:guest_0_5, value: (0, 954, 1)"
"2019-08-22 13:23:50,727 - log_utils.py[line:104] - INFO: id:guest_0_6, value: (0, 379, 1)"
"2019-08-22 13:23:50,728 - log_utils.py[line:104] - INFO: id:guest_0_7, value: (0, 678, 1)"
"2019-08-22 13:23:50,728 - log_utils.py[line:104] - INFO: id:guest_0_8, value: (0, 867, 1)"
"2019-08-22 13:23:50,728 - log_utils.py[line:104] - INFO: id:guest_0_9, value: (0, 677, 1)"
"2019-08-22 13:23:50,728 - log_utils.py[line:104] - INFO: id:guest_1_0, value: (1, 732, 1)"
"2019-08-22 13:23:50,728 - neighbors_sampling.py[line:132] - INFO: The number of local positive pairs: 18359"
"2019-08-22 13:23:50,728 - neighbors_sampling.py[line:135] - INFO: Negative samples num: 5"
"2019-08-22 13:23:55,511 - log_utils.py[line:104] - INFO: id:host_0_0_negative_0, value: (0, 2024, -1)"
"2019-08-22 13:23:55,511 - log_utils.py[line:104] - INFO: id:host_0_0_negative_1, value: (0, 806, -1)"
"2019-08-22 13:23:55,511 - log_utils.py[line:104] - INFO: id:host_0_0_negative_2, value: (0, 1421, -1)"
"2019-08-22 13:23:55,512 - log_utils.py[line:104] - INFO: id:host_0_0_negative_3, value: (0, 3120, -1)"
"2019-08-22 13:23:55,512 - log_utils.py[line:104] - INFO: id:host_0_0_negative_4, value: (0, 326, -1)"
"2019-08-22 13:23:55,512 - log_utils.py[line:104] - INFO: id:host_0_1_negative_0, value: (0, 272, -1)"
"2019-08-22 13:23:55,512 - log_utils.py[line:104] - INFO: id:host_0_1_negative_1, value: (0, 1878, -1)"
"2019-08-22 13:23:55,512 - log_utils.py[line:104] - INFO: id:host_0_1_negative_2, value: (0, 994, -1)"
"2019-08-22 13:23:55,512 - log_utils.py[line:104] - INFO: id:host_0_1_negative_3, value: (0, 978, -1)"
"2019-08-22 13:23:55,512 - log_utils.py[line:104] - INFO: id:host_0_1_negative_4, value: (0, 3156, -1)"
"2019-08-22 13:23:55,512 - log_utils.py[line:104] - INFO: id:host_0_2_negative_0, value: (0, 1382, -1)"
"2019-08-22 13:23:55,513 - neighbors_sampling.py[line:104] - INFO: distribution len: 2319, max:(390, 0.0053644794497539165)"
"2019-08-22 13:23:55,513 - neighbors_sampling.py[line:137] - INFO: The number of local negative pairs: 90720"
"2019-08-22 13:23:56,217 - neighbors_sampling.py[line:141] - INFO: The number of total local pairs: 108864"
"2019-08-22 13:23:56,422 - log_utils.py[line:104] - INFO: id:guest_0_0_negative_0, value: (0, 1464, -1)"
"2019-08-22 13:23:56,422 - log_utils.py[line:104] - INFO: id:guest_0_0_negative_1, value: (0, 1792, -1)"
"2019-08-22 13:23:56,422 - log_utils.py[line:104] - INFO: id:guest_0_0_negative_2, value: (0, 1860, -1)"
"2019-08-22 13:23:56,422 - log_utils.py[line:104] - INFO: id:guest_0_0_negative_3, value: (0, 1236, -1)"
"2019-08-22 13:23:56,422 - log_utils.py[line:104] - INFO: id:guest_0_0_negative_4, value: (0, 1013, -1)"
"2019-08-22 13:23:56,422 - log_utils.py[line:104] - INFO: id:guest_0_1_negative_0, value: (0, 571, -1)"
"2019-08-22 13:23:56,423 - log_utils.py[line:104] - INFO: id:guest_0_1_negative_1, value: (0, 723, -1)"
"2019-08-22 13:23:56,423 - log_utils.py[line:104] - INFO: id:guest_0_1_negative_2, value: (0, 574, -1)"
"2019-08-22 13:23:56,423 - log_utils.py[line:104] - INFO: id:guest_0_1_negative_3, value: (0, 281, -1)"
"2019-08-22 13:23:56,423 - log_utils.py[line:104] - INFO: id:guest_0_1_negative_4, value: (0, 1727, -1)"
"2019-08-22 13:23:56,423 - log_utils.py[line:104] - INFO: id:guest_0_2_negative_0, value: (0, 2228, -1)"
"2019-08-22 13:23:56,424 - neighbors_sampling.py[line:104] - INFO: distribution len: 2358, max:(390, 0.004777391792522355)"
"2019-08-22 13:23:56,424 - neighbors_sampling.py[line:137] - INFO: The number of local negative pairs: 91795"
"2019-08-22 13:23:57,016 - neighbors_sampling.py[line:141] - INFO: The number of total local pairs: 110154"
"2019-08-22 13:24:20,316 - neighbors_sampling.py[line:246] - INFO: Generate the distributed host samples for host"
"2019-08-22 13:24:20,337 - neighbors_sampling.py[line:283] - INFO: Generate the distributed host samples for guest"
"2019-08-22 13:24:20,505 - neighbors_sampling.py[line:290] - INFO: Remote numbers to host"
"2019-08-22 13:24:20,519 - neighbors_sampling.py[line:250] - INFO: Get numbers from guest"
"2019-08-22 13:24:20,708 - neighbors_sampling.py[line:198] - INFO: bridge_instances count:244"
"2019-08-22 13:24:21,707 - neighbors_sampling.py[line:206] - INFO: sample_ids_instances count:244"
"2019-08-22 13:24:21,713 - neighbors_sampling.py[line:254] - INFO: distributed_instances count:740"
"2019-08-22 13:24:21,775 - neighbors_sampling.py[line:261] - INFO: Remote generated distributed samples' id to guest"
"2019-08-22 13:24:21,775 - neighbors_sampling.py[line:283] - INFO: Generate the distributed guest samples for host"
"2019-08-22 13:24:21,813 - neighbors_sampling.py[line:295] - INFO: Get generated distributed samples' id from host"
"2019-08-22 13:24:22,165 - neighbors_sampling.py[line:290] - INFO: Remote numbers to guest"
"2019-08-22 13:24:22,284 - neighbors_sampling.py[line:300] - INFO: The number of host distributed_instances:740"
"2019-08-22 13:24:22,284 - neighbors_sampling.py[line:246] - INFO: Generate the distributed guest samples for guest"
"2019-08-22 13:24:22,286 - neighbors_sampling.py[line:250] - INFO: Get numbers from host"
"2019-08-22 13:24:22,641 - neighbors_sampling.py[line:198] - INFO: bridge_instances count:244"
"2019-08-22 13:24:23,671 - neighbors_sampling.py[line:206] - INFO: sample_ids_instances count:244"
"2019-08-22 13:24:23,676 - neighbors_sampling.py[line:254] - INFO: distributed_instances count:740"
"2019-08-22 13:24:23,727 - neighbors_sampling.py[line:261] - INFO: Remote generated distributed samples' id to host"
"2019-08-22 13:24:23,774 - neighbors_sampling.py[line:295] - INFO: Get generated distributed samples' id from guest"
"2019-08-22 13:24:24,156 - neighbors_sampling.py[line:300] - INFO: The number of guest distributed_instances:740"
"2019-08-22 13:24:27,903 - neighbors_sampling.py[line:333] - INFO: Remote the distributed negative instances id to guest from host"
"2019-08-22 13:24:27,903 - neighbors_sampling.py[line:334] - INFO: Distributed negative instances count: 3700"
"2019-08-22 13:24:27,904 - log_utils.py[line:104] - INFO: id:host_25_0_0_negative_0, value: 357"
"2019-08-22 13:24:27,904 - log_utils.py[line:104] - INFO: id:host_25_0_0_negative_1, value: 357"
"2019-08-22 13:24:27,904 - log_utils.py[line:104] - INFO: id:host_25_0_0_negative_2, value: 357"
"2019-08-22 13:24:27,904 - log_utils.py[line:104] - INFO: id:host_25_0_0_negative_3, value: 357"
"2019-08-22 13:24:27,904 - log_utils.py[line:104] - INFO: id:host_25_0_0_negative_4, value: 357"
"2019-08-22 13:24:27,904 - log_utils.py[line:104] - INFO: id:host_35_0_0_negative_0, value: 92"
"2019-08-22 13:24:27,904 - log_utils.py[line:104] - INFO: id:host_35_0_0_negative_1, value: 92"
"2019-08-22 13:24:27,904 - log_utils.py[line:104] - INFO: id:host_35_0_0_negative_2, value: 92"
"2019-08-22 13:24:27,904 - log_utils.py[line:104] - INFO: id:host_35_0_0_negative_3, value: 92"
"2019-08-22 13:24:27,904 - log_utils.py[line:104] - INFO: id:host_35_0_0_negative_4, value: 92"
"2019-08-22 13:24:27,905 - log_utils.py[line:104] - INFO: id:host_40_0_0_negative_0, value: 849"
"2019-08-22 13:24:27,947 - neighbors_sampling.py[line:355] - INFO: Get distributed nagative samples from host"
"2019-08-22 13:24:27,947 - neighbors_sampling.py[line:357] - INFO: id:host_25_0_0_negative_0"
"2019-08-22 13:24:27,947 - neighbors_sampling.py[line:357] - INFO: id:host_25_0_0_negative_1"
"2019-08-22 13:24:27,947 - neighbors_sampling.py[line:357] - INFO: id:host_25_0_0_negative_2"
"2019-08-22 13:24:27,947 - neighbors_sampling.py[line:357] - INFO: id:host_25_0_0_negative_3"
"2019-08-22 13:24:27,947 - neighbors_sampling.py[line:357] - INFO: id:host_25_0_0_negative_4"
"2019-08-22 13:24:27,947 - neighbors_sampling.py[line:357] - INFO: id:host_35_0_0_negative_0"
"2019-08-22 13:24:27,947 - neighbors_sampling.py[line:357] - INFO: id:host_35_0_0_negative_1"
"2019-08-22 13:24:27,947 - neighbors_sampling.py[line:357] - INFO: id:host_35_0_0_negative_2"
"2019-08-22 13:24:27,947 - neighbors_sampling.py[line:357] - INFO: id:host_35_0_0_negative_3"
"2019-08-22 13:24:27,948 - neighbors_sampling.py[line:357] - INFO: id:host_35_0_0_negative_4"
"2019-08-22 13:25:18,644 - log_utils.py[line:104] - INFO: id:host_25_0_0_negative_0, value: (2939, -1)"
"2019-08-22 13:25:18,644 - log_utils.py[line:104] - INFO: id:host_25_0_0_negative_1, value: (1687, -1)"
"2019-08-22 13:25:18,644 - log_utils.py[line:104] - INFO: id:host_25_0_0_negative_2, value: (1954, -1)"
"2019-08-22 13:25:18,644 - log_utils.py[line:104] - INFO: id:host_25_0_0_negative_3, value: (1288, -1)"
"2019-08-22 13:25:18,644 - log_utils.py[line:104] - INFO: id:host_25_0_0_negative_4, value: (1770, -1)"
"2019-08-22 13:25:18,644 - log_utils.py[line:104] - INFO: id:host_35_0_0_negative_0, value: (2744, -1)"
"2019-08-22 13:25:22,143 - neighbors_sampling.py[line:333] - INFO: Remote the distributed negative instances id to host from guest"
"2019-08-22 13:25:22,143 - neighbors_sampling.py[line:334] - INFO: Distributed negative instances count: 3700"
"2019-08-22 13:25:22,144 - log_utils.py[line:104] - INFO: id:guest_25_0_0_negative_0, value: 683"
"2019-08-22 13:25:22,144 - log_utils.py[line:104] - INFO: id:guest_25_0_0_negative_1, value: 683"
"2019-08-22 13:25:22,144 - log_utils.py[line:104] - INFO: id:guest_25_0_0_negative_2, value: 683"
"2019-08-22 13:25:22,144 - log_utils.py[line:104] - INFO: id:guest_25_0_0_negative_3, value: 683"
"2019-08-22 13:25:22,144 - log_utils.py[line:104] - INFO: id:guest_25_0_0_negative_4, value: 683"
"2019-08-22 13:25:22,144 - log_utils.py[line:104] - INFO: id:guest_35_0_0_negative_0, value: 500"
"2019-08-22 13:25:22,144 - log_utils.py[line:104] - INFO: id:guest_35_0_0_negative_1, value: 500"
"2019-08-22 13:25:22,144 - log_utils.py[line:104] - INFO: id:guest_35_0_0_negative_2, value: 500"
"2019-08-22 13:25:22,144 - log_utils.py[line:104] - INFO: id:guest_35_0_0_negative_3, value: 500"
"2019-08-22 13:25:22,144 - log_utils.py[line:104] - INFO: id:guest_35_0_0_negative_4, value: 500"
"2019-08-22 13:25:22,145 - log_utils.py[line:104] - INFO: id:guest_40_0_0_negative_0, value: 480"
"2019-08-22 13:25:22,223 - neighbors_sampling.py[line:355] - INFO: Get distributed nagative samples from guest"
"2019-08-22 13:25:22,223 - neighbors_sampling.py[line:357] - INFO: id:guest_25_0_0_negative_0"
"2019-08-22 13:25:22,223 - neighbors_sampling.py[line:357] - INFO: id:guest_25_0_0_negative_1"
"2019-08-22 13:25:22,223 - neighbors_sampling.py[line:357] - INFO: id:guest_25_0_0_negative_2"
"2019-08-22 13:25:22,223 - neighbors_sampling.py[line:357] - INFO: id:guest_25_0_0_negative_3"
"2019-08-22 13:25:22,223 - neighbors_sampling.py[line:357] - INFO: id:guest_25_0_0_negative_4"
"2019-08-22 13:25:22,223 - neighbors_sampling.py[line:357] - INFO: id:guest_35_0_0_negative_0"
"2019-08-22 13:25:22,223 - neighbors_sampling.py[line:357] - INFO: id:guest_35_0_0_negative_1"
"2019-08-22 13:25:22,223 - neighbors_sampling.py[line:357] - INFO: id:guest_35_0_0_negative_2"
"2019-08-22 13:25:22,224 - neighbors_sampling.py[line:357] - INFO: id:guest_35_0_0_negative_3"
"2019-08-22 13:25:22,224 - neighbors_sampling.py[line:357] - INFO: id:guest_35_0_0_negative_4"
"2019-08-22 13:26:17,243 - log_utils.py[line:104] - INFO: id:guest_25_0_0_negative_0, value: (2937, -1)"
"2019-08-22 13:26:17,243 - log_utils.py[line:104] - INFO: id:guest_25_0_0_negative_1, value: (3049, -1)"
"2019-08-22 13:26:17,243 - log_utils.py[line:104] - INFO: id:guest_25_0_0_negative_2, value: (893, -1)"
"2019-08-22 13:26:17,243 - log_utils.py[line:104] - INFO: id:guest_25_0_0_negative_3, value: (1751, -1)"
"2019-08-22 13:26:17,243 - log_utils.py[line:104] - INFO: id:guest_25_0_0_negative_4, value: (25, -1)"
"2019-08-22 13:26:17,244 - log_utils.py[line:104] - INFO: id:guest_35_0_0_negative_0, value: (825, -1)"
