"2019-08-22 13:23:06,380 - workflow.py[line:862] - DEBUG: The job id is neighbors_sampling_example_standalone_20190822132301"
"2019-08-22 13:23:06,383 - workflow.py[line:864] - DEBUG: Finish eggroll and federation init"
"2019-08-22 13:23:06,383 - workflow.py[line:818] - DEBUG: finish init pipeline"
"2019-08-22 13:23:06,383 - workflow.py[line:917] - DEBUG: In running function, enter neighbors sampling"
"2019-08-22 13:23:06,383 - workflow.py[line:921] - DEBUG: [Neighbors sampling]Input table:citeseer_guest_neighbors_sampling_neighbors_sampling_example_standalone_20190822132301, input namespace:example_data_namespace"
"2019-08-22 13:23:06,383 - workflow.py[line:793] - DEBUG: mode is fit"
"2019-08-22 13:23:06,743 - workflow.py[line:862] - DEBUG: The job id is neighbors_sampling_example_standalone_20190822132301"
"2019-08-22 13:23:06,745 - workflow.py[line:864] - DEBUG: Finish eggroll and federation init"
"2019-08-22 13:23:06,745 - workflow.py[line:818] - DEBUG: finish init pipeline"
"2019-08-22 13:23:06,745 - workflow.py[line:917] - DEBUG: In running function, enter neighbors sampling"
"2019-08-22 13:23:06,745 - workflow.py[line:921] - DEBUG: [Neighbors sampling]Input table:citeseer_host_neighbors_sampling_neighbors_sampling_example_standalone_20190822132301, input namespace:example_data_namespace"
"2019-08-22 13:23:06,745 - workflow.py[line:793] - DEBUG: mode is fit"
"2019-08-22 13:23:07,696 - workflow.py[line:927] - INFO: Obtain adjlist for each node for guest!"
"2019-08-22 13:23:07,696 - workflow.py[line:928] - INFO: There are 2358 nodes in guest"
"2019-08-22 13:23:07,696 - workflow.py[line:931] - INFO: Map node to id:"
"2019-08-22 13:23:08,244 - workflow.py[line:927] - INFO: Obtain adjlist for each node for host!"
"2019-08-22 13:23:08,244 - workflow.py[line:928] - INFO: There are 2319 nodes in host"
"2019-08-22 13:23:08,244 - workflow.py[line:931] - INFO: Map node to id:"
"2019-08-22 13:23:47,240 - log_utils.py[line:104] - INFO: id:0, value: 0"
"2019-08-22 13:23:47,240 - log_utils.py[line:104] - INFO: id:1, value: 1"
"2019-08-22 13:23:47,240 - log_utils.py[line:104] - INFO: id:5, value: 2"
"2019-08-22 13:23:47,240 - log_utils.py[line:104] - INFO: id:6, value: 3"
"2019-08-22 13:23:47,240 - log_utils.py[line:104] - INFO: id:7, value: 4"
"2019-08-22 13:23:47,240 - log_utils.py[line:104] - INFO: id:8, value: 5"
"2019-08-22 13:23:47,240 - workflow.py[line:942] - INFO: Enter the procedure of local neighbors sampling:"
"2019-08-22 13:23:48,073 - log_utils.py[line:104] - INFO: id:0, value: 0"
"2019-08-22 13:23:48,073 - log_utils.py[line:104] - INFO: id:1, value: 1"
"2019-08-22 13:23:48,073 - log_utils.py[line:104] - INFO: id:2, value: 2"
"2019-08-22 13:23:48,073 - log_utils.py[line:104] - INFO: id:3, value: 3"
"2019-08-22 13:23:48,073 - log_utils.py[line:104] - INFO: id:4, value: 4"
"2019-08-22 13:23:48,073 - log_utils.py[line:104] - INFO: id:5, value: 5"
"2019-08-22 13:23:48,073 - workflow.py[line:942] - INFO: Enter the procedure of local neighbors sampling:"
"2019-08-22 13:24:00,303 - workflow.py[line:948] - INFO: Local sampling samples count for host is 108864"
"2019-08-22 13:24:00,303 - workflow.py[line:949] - INFO: Local sampling results for host saved in namespace: neighbors_samples/local_samples, name: host"
"2019-08-22 13:24:00,303 - workflow.py[line:952] - INFO: Enter the procedure of distributed neighbors sampling:"
"2019-08-22 13:24:00,303 - workflow.py[line:953] - INFO: Alignment nodes from two parties:"
"2019-08-22 13:24:00,303 - workflow.py[line:315] - INFO: need_intersect: true!"
"2019-08-22 13:24:00,304 - workflow.py[line:319] - INFO: Start intersection!"
"2019-08-22 13:24:01,092 - workflow.py[line:948] - INFO: Local sampling samples count for guest is 110154"
"2019-08-22 13:24:01,092 - workflow.py[line:949] - INFO: Local sampling results for guest saved in namespace: neighbors_samples/local_samples, name: guest"
"2019-08-22 13:24:01,092 - workflow.py[line:952] - INFO: Enter the procedure of distributed neighbors sampling:"
"2019-08-22 13:24:01,092 - workflow.py[line:953] - INFO: Alignment nodes from two parties:"
"2019-08-22 13:24:01,092 - workflow.py[line:315] - INFO: need_intersect: true!"
"2019-08-22 13:24:01,093 - workflow.py[line:319] - INFO: Start intersection!"
"2019-08-22 13:24:11,601 - workflow.py[line:330] - INFO: finish intersection!"
"2019-08-22 13:24:11,610 - workflow.py[line:956] - INFO: The number of common nodes: 1413"
"2019-08-22 13:24:11,957 - workflow.py[line:330] - INFO: finish intersection!"
"2019-08-22 13:24:11,970 - workflow.py[line:956] - INFO: The number of common nodes: 1413"
"2019-08-22 13:24:12,379 - workflow.py[line:315] - INFO: need_intersect: true!"
"2019-08-22 13:24:12,379 - workflow.py[line:319] - INFO: Start intersection!"
"2019-08-22 13:24:12,608 - workflow.py[line:315] - INFO: need_intersect: true!"
"2019-08-22 13:24:12,609 - workflow.py[line:319] - INFO: Start intersection!"
"2019-08-22 13:24:20,304 - workflow.py[line:330] - INFO: finish intersection!"
"2019-08-22 13:24:20,314 - workflow.py[line:961] - INFO: The number of bridge nodes: 244"
"2019-08-22 13:24:20,315 - log_utils.py[line:102] - INFO: id: 25, value: [357]"
"2019-08-22 13:24:20,315 - log_utils.py[line:102] - INFO: id: 35, value: [92]"
"2019-08-22 13:24:20,315 - log_utils.py[line:102] - INFO: id: 40, value: [849]"
"2019-08-22 13:24:20,315 - log_utils.py[line:102] - INFO: id: 57, value: [1981]"
"2019-08-22 13:24:20,315 - log_utils.py[line:102] - INFO: id: 86, value: [585]"
"2019-08-22 13:24:20,315 - log_utils.py[line:102] - INFO: id: 96, value: [913]"
"2019-08-22 13:24:20,324 - workflow.py[line:330] - INFO: finish intersection!"
"2019-08-22 13:24:20,335 - workflow.py[line:961] - INFO: The number of bridge nodes: 244"
"2019-08-22 13:24:20,335 - log_utils.py[line:102] - INFO: id: 25, value: [683]"
"2019-08-22 13:24:20,336 - log_utils.py[line:102] - INFO: id: 35, value: [500]"
"2019-08-22 13:24:20,336 - log_utils.py[line:102] - INFO: id: 40, value: [480, 177, 148]"
"2019-08-22 13:24:20,336 - log_utils.py[line:102] - INFO: id: 57, value: [1536]"
"2019-08-22 13:24:20,336 - log_utils.py[line:102] - INFO: id: 86, value: [626]"
"2019-08-22 13:24:20,336 - log_utils.py[line:102] - INFO: id: 96, value: [997]"
"2019-08-22 13:25:22,978 - workflow.py[line:976] - INFO: Distributed sampling target results for host saved in namespace: neighbors_samples/distributed_samples/guest, name: target"
"2019-08-22 13:25:23,965 - workflow.py[line:984] - INFO: Distributed sampling anchor results for guest saved in namespace: neighbors_samples/distributed_samples/guest, name: anchor"
"2019-08-22 13:26:18,151 - workflow.py[line:976] - INFO: Distributed sampling target results for guest saved in namespace: neighbors_samples/distributed_samples/host, name: target"
"2019-08-22 13:26:18,395 - workflow.py[line:984] - INFO: Distributed sampling anchor results for host saved in namespace: neighbors_samples/distributed_samples/host, name: anchor"
"2019-08-22 13:26:18,395 - workflow.py[line:987] - INFO: Neighbors_sampling_finish"
