"2019-08-22 07:13:35,959 - workflow.py[line:862] - DEBUG: The job id is hetero_network_embedding_example_standalone_20190822071331"
"2019-08-22 07:13:35,962 - workflow.py[line:864] - DEBUG: Finish eggroll and federation init"
"2019-08-22 07:13:35,963 - workflow.py[line:818] - DEBUG: finish init pipeline"
"2019-08-22 07:13:35,968 - workflow.py[line:905] - INFO: 4440 samples in guest"
"2019-08-22 07:13:35,977 - workflow.py[line:210] - DEBUG: Enter guest network embedding function"
"2019-08-22 07:13:35,977 - workflow.py[line:211] - DEBUG: Start intersection before network embedding"
"2019-08-22 07:13:35,977 - workflow.py[line:315] - INFO: need_intersect: true!"
"2019-08-22 07:13:35,977 - workflow.py[line:319] - INFO: Start intersection!"
"2019-08-22 07:13:35,994 - workflow.py[line:862] - DEBUG: The job id is hetero_network_embedding_example_standalone_20190822071331"
"2019-08-22 07:13:35,996 - workflow.py[line:864] - DEBUG: Finish eggroll and federation init"
"2019-08-22 07:13:35,996 - workflow.py[line:818] - DEBUG: finish init pipeline"
"2019-08-22 07:13:35,996 - workflow.py[line:214] - INFO: arbiter"
"2019-08-22 07:13:36,157 - workflow.py[line:862] - DEBUG: The job id is hetero_network_embedding_example_standalone_20190822071331"
"2019-08-22 07:13:36,159 - workflow.py[line:864] - DEBUG: Finish eggroll and federation init"
"2019-08-22 07:13:36,159 - workflow.py[line:818] - DEBUG: finish init pipeline"
"2019-08-22 07:13:36,161 - workflow.py[line:905] - INFO: 4440 samples in host"
"2019-08-22 07:13:36,165 - workflow.py[line:210] - DEBUG: Enter host network embedding function"
"2019-08-22 07:13:36,165 - workflow.py[line:211] - DEBUG: Start intersection before network embedding"
"2019-08-22 07:13:36,165 - workflow.py[line:315] - INFO: need_intersect: true!"
"2019-08-22 07:13:36,166 - workflow.py[line:319] - INFO: Start intersection!"
"2019-08-22 07:13:42,808 - workflow.py[line:330] - INFO: finish intersection!"
"2019-08-22 07:13:42,808 - workflow.py[line:214] - INFO: guest"
"2019-08-22 07:13:42,836 - workflow.py[line:330] - INFO: finish intersection!"
"2019-08-22 07:13:42,836 - workflow.py[line:214] - INFO: host"
