"2019-08-24 13:16:15,318 - log_utils.py[line:104] - INFO: id:host_0_0, value: (0, 784, 1)"
"2019-08-24 13:16:15,318 - log_utils.py[line:104] - INFO: id:host_1_0, value: (1, 153, 1)"
"2019-08-24 13:16:15,318 - log_utils.py[line:104] - INFO: id:host_5_0, value: (5, 97, 1)"
"2019-08-24 13:16:15,318 - log_utils.py[line:104] - INFO: id:host_6_0, value: (6, 682, 1)"
"2019-08-24 13:16:15,319 - log_utils.py[line:104] - INFO: id:host_6_1, value: (6, 643, 1)"
"2019-08-24 13:16:15,319 - log_utils.py[line:104] - INFO: id:host_7_0, value: (7, 1004, 1)"
"2019-08-24 13:16:15,319 - log_utils.py[line:104] - INFO: id:host_7_1, value: (7, 901, 1)"
"2019-08-24 13:16:15,319 - log_utils.py[line:104] - INFO: id:host_8_0, value: (8, 1986, 1)"
"2019-08-24 13:16:15,319 - log_utils.py[line:104] - INFO: id:host_9_0, value: (9, 202, 1)"
"2019-08-24 13:16:15,319 - log_utils.py[line:104] - INFO: id:host_9_1, value: (9, 584, 1)"
"2019-08-24 13:16:15,319 - log_utils.py[line:104] - INFO: id:host_10_0, value: (10, 440, 1)"
"2019-08-24 13:16:15,319 - neighbors_sampling.py[line:132] - INFO: The number of local positive pairs: 3300"
"2019-08-24 13:16:15,319 - neighbors_sampling.py[line:135] - INFO: Negative samples num: 5"
"2019-08-24 13:16:16,827 - log_utils.py[line:104] - INFO: id:guest_0_0, value: (0, 99, 1)"
"2019-08-24 13:16:16,827 - log_utils.py[line:104] - INFO: id:guest_1_0, value: (1, 732, 1)"
"2019-08-24 13:16:16,827 - log_utils.py[line:104] - INFO: id:guest_1_1, value: (1, 295, 1)"
"2019-08-24 13:16:16,827 - log_utils.py[line:104] - INFO: id:guest_2_0, value: (2, 962, 1)"
"2019-08-24 13:16:16,827 - log_utils.py[line:104] - INFO: id:guest_3_0, value: (3, 634, 1)"
"2019-08-24 13:16:16,827 - log_utils.py[line:104] - INFO: id:guest_4_0, value: (4, 588, 1)"
"2019-08-24 13:16:16,827 - log_utils.py[line:104] - INFO: id:guest_4_1, value: (4, 739, 1)"
"2019-08-24 13:16:16,828 - log_utils.py[line:104] - INFO: id:guest_5_0, value: (5, 949, 1)"
"2019-08-24 13:16:16,828 - log_utils.py[line:104] - INFO: id:guest_6_0, value: (6, 20, 1)"
"2019-08-24 13:16:16,828 - log_utils.py[line:104] - INFO: id:guest_6_1, value: (6, 663, 1)"
"2019-08-24 13:16:16,828 - log_utils.py[line:104] - INFO: id:guest_7_0, value: (7, 616, 1)"
"2019-08-24 13:16:16,828 - neighbors_sampling.py[line:132] - INFO: The number of local positive pairs: 3369"
"2019-08-24 13:16:16,828 - neighbors_sampling.py[line:135] - INFO: Negative samples num: 5"
"2019-08-24 13:16:21,483 - log_utils.py[line:104] - INFO: id:host_0_0_negative_0, value: (0, 377, -1)"
"2019-08-24 13:16:21,484 - log_utils.py[line:104] - INFO: id:host_0_0_negative_1, value: (0, 956, -1)"
"2019-08-24 13:16:21,484 - log_utils.py[line:104] - INFO: id:host_0_0_negative_2, value: (0, 2394, -1)"
"2019-08-24 13:16:21,484 - log_utils.py[line:104] - INFO: id:host_0_0_negative_3, value: (0, 1725, -1)"
"2019-08-24 13:16:21,484 - log_utils.py[line:104] - INFO: id:host_0_0_negative_4, value: (0, 3062, -1)"
"2019-08-24 13:16:21,484 - log_utils.py[line:104] - INFO: id:host_1_0_negative_0, value: (1, 382, -1)"
"2019-08-24 13:16:21,484 - log_utils.py[line:104] - INFO: id:host_1_0_negative_1, value: (1, 975, -1)"
"2019-08-24 13:16:21,484 - log_utils.py[line:104] - INFO: id:host_1_0_negative_2, value: (1, 2203, -1)"
"2019-08-24 13:16:21,484 - log_utils.py[line:104] - INFO: id:host_1_0_negative_3, value: (1, 616, -1)"
"2019-08-24 13:16:21,484 - log_utils.py[line:104] - INFO: id:host_1_0_negative_4, value: (1, 1500, -1)"
"2019-08-24 13:16:21,484 - log_utils.py[line:104] - INFO: id:host_5_0_negative_0, value: (5, 2723, -1)"
"2019-08-24 13:16:21,485 - neighbors_sampling.py[line:104] - INFO: distribution len: 2319, max:(390, 0.0053644794497539165)"
"2019-08-24 13:16:21,485 - neighbors_sampling.py[line:137] - INFO: The number of local negative pairs: 16500"
"2019-08-24 13:16:21,783 - log_utils.py[line:104] - INFO: id:host_0_0, value: (0, 784, 1)"
"2019-08-24 13:16:21,783 - log_utils.py[line:104] - INFO: id:host_1_0, value: (1, 153, 1)"
"2019-08-24 13:16:21,783 - log_utils.py[line:104] - INFO: id:host_5_0, value: (5, 97, 1)"
"2019-08-24 13:16:21,783 - log_utils.py[line:104] - INFO: id:host_6_0, value: (6, 682, 1)"
"2019-08-24 13:16:21,783 - log_utils.py[line:104] - INFO: id:host_0_0_negative_0, value: (0, 377, -1)"
"2019-08-24 13:16:21,783 - log_utils.py[line:104] - INFO: id:host_0_0_negative_1, value: (0, 956, -1)"
"2019-08-24 13:16:21,783 - log_utils.py[line:104] - INFO: id:host_0_0_negative_2, value: (0, 2394, -1)"
"2019-08-24 13:16:21,783 - log_utils.py[line:104] - INFO: id:host_0_0_negative_3, value: (0, 1725, -1)"
"2019-08-24 13:16:21,786 - neighbors_sampling.py[line:145] - INFO: The number of total local pairs: 19800"
"2019-08-24 13:16:22,571 - log_utils.py[line:104] - INFO: id:guest_0_0_negative_0, value: (0, 905, -1)"
"2019-08-24 13:16:22,571 - log_utils.py[line:104] - INFO: id:guest_0_0_negative_1, value: (0, 1737, -1)"
"2019-08-24 13:16:22,571 - log_utils.py[line:104] - INFO: id:guest_0_0_negative_2, value: (0, 1242, -1)"
"2019-08-24 13:16:22,571 - log_utils.py[line:104] - INFO: id:guest_0_0_negative_3, value: (0, 1509, -1)"
"2019-08-24 13:16:22,571 - log_utils.py[line:104] - INFO: id:guest_0_0_negative_4, value: (0, 3240, -1)"
"2019-08-24 13:16:22,571 - log_utils.py[line:104] - INFO: id:guest_1_0_negative_0, value: (1, 3296, -1)"
"2019-08-24 13:16:22,572 - log_utils.py[line:104] - INFO: id:guest_1_0_negative_1, value: (1, 2336, -1)"
"2019-08-24 13:16:22,572 - log_utils.py[line:104] - INFO: id:guest_1_0_negative_2, value: (1, 2573, -1)"
"2019-08-24 13:16:22,572 - log_utils.py[line:104] - INFO: id:guest_1_0_negative_3, value: (1, 1305, -1)"
"2019-08-24 13:16:22,572 - log_utils.py[line:104] - INFO: id:guest_1_0_negative_4, value: (1, 2336, -1)"
"2019-08-24 13:16:22,572 - log_utils.py[line:104] - INFO: id:guest_1_1_negative_0, value: (1, 1351, -1)"
"2019-08-24 13:16:22,573 - neighbors_sampling.py[line:104] - INFO: distribution len: 2358, max:(390, 0.004777391792522355)"
"2019-08-24 13:16:22,573 - neighbors_sampling.py[line:137] - INFO: The number of local negative pairs: 16845"
"2019-08-24 13:16:23,390 - log_utils.py[line:104] - INFO: id:guest_0_0, value: (0, 99, 1)"
"2019-08-24 13:16:23,390 - log_utils.py[line:104] - INFO: id:guest_1_0, value: (1, 732, 1)"
"2019-08-24 13:16:23,390 - log_utils.py[line:104] - INFO: id:guest_1_1, value: (1, 295, 1)"
"2019-08-24 13:16:23,390 - log_utils.py[line:104] - INFO: id:guest_2_0, value: (2, 962, 1)"
"2019-08-24 13:16:23,390 - log_utils.py[line:104] - INFO: id:guest_0_0_negative_0, value: (0, 905, -1)"
"2019-08-24 13:16:23,390 - log_utils.py[line:104] - INFO: id:guest_0_0_negative_1, value: (0, 1737, -1)"
"2019-08-24 13:16:23,391 - log_utils.py[line:104] - INFO: id:guest_0_0_negative_2, value: (0, 1242, -1)"
"2019-08-24 13:16:23,391 - log_utils.py[line:104] - INFO: id:guest_0_0_negative_3, value: (0, 1509, -1)"
"2019-08-24 13:16:23,393 - neighbors_sampling.py[line:145] - INFO: The number of total local pairs: 20214"
"2019-08-24 13:16:46,097 - neighbors_sampling.py[line:287] - INFO: Generate the distributed host samples for guest"
"2019-08-24 13:16:46,110 - neighbors_sampling.py[line:250] - INFO: Generate the distributed host samples for host"
"2019-08-24 13:16:46,408 - neighbors_sampling.py[line:294] - INFO: Remote numbers to host"
"2019-08-24 13:16:46,412 - neighbors_sampling.py[line:254] - INFO: Get numbers from guest"
"2019-08-24 13:16:46,620 - neighbors_sampling.py[line:202] - INFO: bridge_instances count:244"
"2019-08-24 13:16:47,607 - neighbors_sampling.py[line:210] - INFO: sample_ids_instances count:244"
"2019-08-24 13:16:47,612 - neighbors_sampling.py[line:258] - INFO: distributed_instances count:740"
"2019-08-24 13:16:47,664 - neighbors_sampling.py[line:265] - INFO: Remote generated distributed samples' id to guest"
"2019-08-24 13:16:47,665 - neighbors_sampling.py[line:287] - INFO: Generate the distributed guest samples for host"
"2019-08-24 13:16:47,716 - neighbors_sampling.py[line:299] - INFO: Get generated distributed samples' id from host"
"2019-08-24 13:16:48,216 - neighbors_sampling.py[line:294] - INFO: Remote numbers to guest"
"2019-08-24 13:16:48,376 - neighbors_sampling.py[line:304] - INFO: The number of host distributed_instances:740"
"2019-08-24 13:16:48,376 - neighbors_sampling.py[line:250] - INFO: Generate the distributed guest samples for guest"
"2019-08-24 13:16:48,378 - neighbors_sampling.py[line:254] - INFO: Get numbers from host"
"2019-08-24 13:16:48,595 - neighbors_sampling.py[line:202] - INFO: bridge_instances count:244"
"2019-08-24 13:16:50,090 - neighbors_sampling.py[line:210] - INFO: sample_ids_instances count:244"
"2019-08-24 13:16:50,097 - neighbors_sampling.py[line:258] - INFO: distributed_instances count:740"
"2019-08-24 13:16:50,151 - neighbors_sampling.py[line:265] - INFO: Remote generated distributed samples' id to host"
"2019-08-24 13:16:50,226 - neighbors_sampling.py[line:299] - INFO: Get generated distributed samples' id from guest"
"2019-08-24 13:16:50,750 - neighbors_sampling.py[line:304] - INFO: The number of guest distributed_instances:740"
"2019-08-24 13:16:54,334 - neighbors_sampling.py[line:337] - INFO: Remote the distributed negative instances id to guest from host"
"2019-08-24 13:16:54,334 - neighbors_sampling.py[line:338] - INFO: Distributed negative instances count: 3700"
"2019-08-24 13:16:54,334 - log_utils.py[line:104] - INFO: id:host_25_0_0_negative_0, value: 357"
"2019-08-24 13:16:54,335 - log_utils.py[line:104] - INFO: id:host_25_0_0_negative_1, value: 357"
"2019-08-24 13:16:54,335 - log_utils.py[line:104] - INFO: id:host_25_0_0_negative_2, value: 357"
"2019-08-24 13:16:54,335 - log_utils.py[line:104] - INFO: id:host_25_0_0_negative_3, value: 357"
"2019-08-24 13:16:54,335 - log_utils.py[line:104] - INFO: id:host_25_0_0_negative_4, value: 357"
"2019-08-24 13:16:54,335 - log_utils.py[line:104] - INFO: id:host_35_0_0_negative_0, value: 92"
"2019-08-24 13:16:54,335 - log_utils.py[line:104] - INFO: id:host_35_0_0_negative_1, value: 92"
"2019-08-24 13:16:54,335 - log_utils.py[line:104] - INFO: id:host_35_0_0_negative_2, value: 92"
"2019-08-24 13:16:54,335 - log_utils.py[line:104] - INFO: id:host_35_0_0_negative_3, value: 92"
"2019-08-24 13:16:54,335 - log_utils.py[line:104] - INFO: id:host_35_0_0_negative_4, value: 92"
"2019-08-24 13:16:54,335 - log_utils.py[line:104] - INFO: id:host_40_0_0_negative_0, value: 849"
"2019-08-24 13:16:54,370 - neighbors_sampling.py[line:359] - INFO: Get distributed nagative samples from host"
"2019-08-24 13:16:54,370 - neighbors_sampling.py[line:361] - INFO: id:host_25_0_0_negative_0"
"2019-08-24 13:16:54,370 - neighbors_sampling.py[line:361] - INFO: id:host_25_0_0_negative_1"
"2019-08-24 13:16:54,370 - neighbors_sampling.py[line:361] - INFO: id:host_25_0_0_negative_2"
"2019-08-24 13:16:54,370 - neighbors_sampling.py[line:361] - INFO: id:host_25_0_0_negative_3"
"2019-08-24 13:16:54,370 - neighbors_sampling.py[line:361] - INFO: id:host_25_0_0_negative_4"
"2019-08-24 13:16:54,370 - neighbors_sampling.py[line:361] - INFO: id:host_35_0_0_negative_0"
"2019-08-24 13:16:54,370 - neighbors_sampling.py[line:361] - INFO: id:host_35_0_0_negative_1"
"2019-08-24 13:16:54,370 - neighbors_sampling.py[line:361] - INFO: id:host_35_0_0_negative_2"
"2019-08-24 13:16:54,370 - neighbors_sampling.py[line:361] - INFO: id:host_35_0_0_negative_3"
"2019-08-24 13:16:54,371 - neighbors_sampling.py[line:361] - INFO: id:host_35_0_0_negative_4"
"2019-08-24 13:17:47,069 - log_utils.py[line:104] - INFO: id:host_25_0_0_negative_0, value: (730, -1)"
"2019-08-24 13:17:47,069 - log_utils.py[line:104] - INFO: id:host_25_0_0_negative_1, value: (3123, -1)"
"2019-08-24 13:17:47,069 - log_utils.py[line:104] - INFO: id:host_25_0_0_negative_2, value: (1646, -1)"
"2019-08-24 13:17:47,069 - log_utils.py[line:104] - INFO: id:host_25_0_0_negative_3, value: (1673, -1)"
"2019-08-24 13:17:47,070 - log_utils.py[line:104] - INFO: id:host_25_0_0_negative_4, value: (2382, -1)"
"2019-08-24 13:17:47,070 - log_utils.py[line:104] - INFO: id:host_35_0_0_negative_0, value: (616, -1)"
"2019-08-24 13:17:50,558 - neighbors_sampling.py[line:359] - INFO: Get distributed nagative samples from guest"
"2019-08-24 13:17:50,558 - neighbors_sampling.py[line:361] - INFO: id:guest_25_0_0_negative_0"
"2019-08-24 13:17:50,558 - neighbors_sampling.py[line:361] - INFO: id:guest_25_0_0_negative_1"
"2019-08-24 13:17:50,558 - neighbors_sampling.py[line:361] - INFO: id:guest_25_0_0_negative_2"
"2019-08-24 13:17:50,558 - neighbors_sampling.py[line:361] - INFO: id:guest_25_0_0_negative_3"
"2019-08-24 13:17:50,558 - neighbors_sampling.py[line:361] - INFO: id:guest_25_0_0_negative_4"
"2019-08-24 13:17:50,559 - neighbors_sampling.py[line:361] - INFO: id:guest_35_0_0_negative_0"
"2019-08-24 13:17:50,559 - neighbors_sampling.py[line:361] - INFO: id:guest_35_0_0_negative_1"
"2019-08-24 13:17:50,559 - neighbors_sampling.py[line:361] - INFO: id:guest_35_0_0_negative_2"
"2019-08-24 13:17:50,559 - neighbors_sampling.py[line:361] - INFO: id:guest_35_0_0_negative_3"
"2019-08-24 13:17:50,559 - neighbors_sampling.py[line:361] - INFO: id:guest_35_0_0_negative_4"
"2019-08-24 13:17:50,560 - neighbors_sampling.py[line:337] - INFO: Remote the distributed negative instances id to host from guest"
"2019-08-24 13:17:50,560 - neighbors_sampling.py[line:338] - INFO: Distributed negative instances count: 3700"
"2019-08-24 13:17:50,560 - log_utils.py[line:104] - INFO: id:guest_25_0_0_negative_0, value: 683"
"2019-08-24 13:17:50,561 - log_utils.py[line:104] - INFO: id:guest_25_0_0_negative_1, value: 683"
"2019-08-24 13:17:50,561 - log_utils.py[line:104] - INFO: id:guest_25_0_0_negative_2, value: 683"
"2019-08-24 13:17:50,561 - log_utils.py[line:104] - INFO: id:guest_25_0_0_negative_3, value: 683"
"2019-08-24 13:17:50,561 - log_utils.py[line:104] - INFO: id:guest_25_0_0_negative_4, value: 683"
"2019-08-24 13:17:50,561 - log_utils.py[line:104] - INFO: id:guest_35_0_0_negative_0, value: 500"
"2019-08-24 13:17:50,561 - log_utils.py[line:104] - INFO: id:guest_35_0_0_negative_1, value: 500"
"2019-08-24 13:17:50,561 - log_utils.py[line:104] - INFO: id:guest_35_0_0_negative_2, value: 500"
"2019-08-24 13:17:50,561 - log_utils.py[line:104] - INFO: id:guest_35_0_0_negative_3, value: 500"
"2019-08-24 13:17:50,561 - log_utils.py[line:104] - INFO: id:guest_35_0_0_negative_4, value: 500"
"2019-08-24 13:17:50,561 - log_utils.py[line:104] - INFO: id:guest_40_0_0_negative_0, value: 480"
"2019-08-24 13:18:54,553 - log_utils.py[line:104] - INFO: id:guest_25_0_0_negative_0, value: (816, -1)"
"2019-08-24 13:18:54,553 - log_utils.py[line:104] - INFO: id:guest_25_0_0_negative_1, value: (2703, -1)"
"2019-08-24 13:18:54,553 - log_utils.py[line:104] - INFO: id:guest_25_0_0_negative_2, value: (1517, -1)"
"2019-08-24 13:18:54,553 - log_utils.py[line:104] - INFO: id:guest_25_0_0_negative_3, value: (1372, -1)"
"2019-08-24 13:18:54,553 - log_utils.py[line:104] - INFO: id:guest_25_0_0_negative_4, value: (1908, -1)"
"2019-08-24 13:18:54,553 - log_utils.py[line:104] - INFO: id:guest_35_0_0_negative_0, value: (791, -1)"
