"2019-08-24 13:16:46,110 - neighbors_sampling_host.py[line:23] - INFO: bridge_instances count:244"
"2019-08-24 13:16:46,110 - neighbors_sampling_host.py[line:24] - INFO: Enter distributed neighbors sampling for guest"
"2019-08-24 13:16:47,664 - neighbors_sampling_host.py[line:29] - INFO: display top 6 host_distributed_instances_anchor:"
"2019-08-24 13:16:47,664 - log_utils.py[line:104] - INFO: id:host_25_0_0, value: 357"
"2019-08-24 13:16:47,664 - log_utils.py[line:104] - INFO: id:host_35_0_0, value: 92"
"2019-08-24 13:16:47,664 - log_utils.py[line:104] - INFO: id:host_40_0_0, value: 849"
"2019-08-24 13:16:47,664 - log_utils.py[line:104] - INFO: id:host_40_0_1, value: 849"
"2019-08-24 13:16:47,664 - log_utils.py[line:104] - INFO: id:host_40_0_2, value: 849"
"2019-08-24 13:16:47,664 - log_utils.py[line:104] - INFO: id:host_57_0_0, value: 1981"
"2019-08-24 13:16:50,750 - neighbors_sampling_host.py[line:35] - INFO: display top 6 guest_distributed_instances_target:"
"2019-08-24 13:16:50,750 - log_utils.py[line:104] - INFO: id:guest_25_0_0, value: (357, 1)"
"2019-08-24 13:16:50,750 - log_utils.py[line:104] - INFO: id:guest_35_0_0, value: (92, 1)"
"2019-08-24 13:16:50,750 - log_utils.py[line:104] - INFO: id:guest_40_0_0, value: (849, 1)"
"2019-08-24 13:16:50,750 - log_utils.py[line:104] - INFO: id:guest_40_1_0, value: (849, 1)"
"2019-08-24 13:16:50,751 - log_utils.py[line:104] - INFO: id:guest_40_2_0, value: (849, 1)"
"2019-08-24 13:16:50,751 - log_utils.py[line:104] - INFO: id:guest_57_0_0, value: (1981, 1)"
"2019-08-24 13:18:54,951 - neighbors_sampling_host.py[line:46] - INFO: distributed_instances_target count: 4440"
"2019-08-24 13:18:55,228 - neighbors_sampling_host.py[line:49] - INFO: distributed_instances_target count: 4440"
"2019-08-24 13:18:55,233 - log_utils.py[line:104] - INFO: id:host_25_0_0, value: 357"
"2019-08-24 13:18:55,234 - log_utils.py[line:104] - INFO: id:host_35_0_0, value: 92"
"2019-08-24 13:18:55,234 - log_utils.py[line:104] - INFO: id:host_40_0_0, value: 849"
"2019-08-24 13:18:55,234 - log_utils.py[line:104] - INFO: id:host_40_0_1, value: 849"
"2019-08-24 13:18:55,234 - log_utils.py[line:104] - INFO: id:host_40_0_2, value: 849"
"2019-08-24 13:18:55,234 - log_utils.py[line:104] - INFO: id:host_57_0_0, value: 1981"
"2019-08-24 13:18:55,238 - log_utils.py[line:104] - INFO: id:host_25_0_0_negative_0, value: 357"
"2019-08-24 13:18:55,239 - log_utils.py[line:104] - INFO: id:host_25_0_0_negative_1, value: 357"
"2019-08-24 13:18:55,239 - log_utils.py[line:104] - INFO: id:host_25_0_0_negative_2, value: 357"
"2019-08-24 13:18:55,239 - log_utils.py[line:104] - INFO: id:host_25_0_0_negative_3, value: 357"
"2019-08-24 13:18:55,239 - log_utils.py[line:104] - INFO: id:host_25_0_0_negative_4, value: 357"
"2019-08-24 13:18:55,239 - log_utils.py[line:104] - INFO: id:host_35_0_0_negative_0, value: 92"
