"2019-08-24 13:15:42,385 - workflow.py[line:863] - DEBUG: The job id is neighbors_sampling_example_standalone_20190824131538"
"2019-08-24 13:15:42,387 - workflow.py[line:865] - DEBUG: Finish eggroll and federation init"
"2019-08-24 13:15:42,387 - workflow.py[line:819] - DEBUG: finish init pipeline"
"2019-08-24 13:15:42,387 - workflow.py[line:926] - DEBUG: In running function, enter neighbors sampling"
"2019-08-24 13:15:42,387 - workflow.py[line:930] - DEBUG: [Neighbors sampling]Input table:citeseer_guest_neighbors_sampling_neighbors_sampling_example_standalone_20190824131538, input namespace:example_data_namespace"
"2019-08-24 13:15:42,387 - workflow.py[line:794] - DEBUG: mode is fit"
"2019-08-24 13:15:42,477 - workflow.py[line:863] - DEBUG: The job id is neighbors_sampling_example_standalone_20190824131538"
"2019-08-24 13:15:42,478 - workflow.py[line:865] - DEBUG: Finish eggroll and federation init"
"2019-08-24 13:15:42,479 - workflow.py[line:819] - DEBUG: finish init pipeline"
"2019-08-24 13:15:42,479 - workflow.py[line:926] - DEBUG: In running function, enter neighbors sampling"
"2019-08-24 13:15:42,479 - workflow.py[line:930] - DEBUG: [Neighbors sampling]Input table:citeseer_host_neighbors_sampling_neighbors_sampling_example_standalone_20190824131538, input namespace:example_data_namespace"
"2019-08-24 13:15:42,479 - workflow.py[line:794] - DEBUG: mode is fit"
"2019-08-24 13:15:44,174 - workflow.py[line:940] - INFO: Obtain adjlist for each node for Bank A!"
"2019-08-24 13:15:44,174 - workflow.py[line:942] - INFO: There are 2319 nodes in Bank A"
"2019-08-24 13:15:44,174 - workflow.py[line:945] - INFO: Map node to id:"
"2019-08-24 13:15:44,202 - workflow.py[line:940] - INFO: Obtain adjlist for each node for Bank B!"
"2019-08-24 13:15:44,202 - workflow.py[line:942] - INFO: There are 2358 nodes in Bank B"
"2019-08-24 13:15:44,202 - workflow.py[line:945] - INFO: Map node to id:"
"2019-08-24 13:16:14,024 - workflow.py[line:956] - INFO: Enter the procedure of local neighbors sampling:"
"2019-08-24 13:16:15,324 - workflow.py[line:956] - INFO: Enter the procedure of local neighbors sampling:"
"2019-08-24 13:16:23,409 - workflow.py[line:962] - INFO: Local sampling samples count for host is 19800"
"2019-08-24 13:16:23,409 - workflow.py[line:963] - INFO: Local sampling results for host saved in namespace: neighbors_samples/local_samples, name: host"
"2019-08-24 13:16:23,409 - workflow.py[line:966] - INFO: Enter the procedure of distributed neighbors sampling:"
"2019-08-24 13:16:23,409 - workflow.py[line:968] - INFO: Alignment nodes from two parties:"
"2019-08-24 13:16:23,409 - workflow.py[line:316] - INFO: need_intersect: true!"
"2019-08-24 13:16:23,410 - workflow.py[line:320] - INFO: Start intersection!"
"2019-08-24 13:16:24,644 - workflow.py[line:962] - INFO: Local sampling samples count for guest is 20214"
"2019-08-24 13:16:24,644 - workflow.py[line:963] - INFO: Local sampling results for guest saved in namespace: neighbors_samples/local_samples, name: guest"
"2019-08-24 13:16:24,644 - workflow.py[line:966] - INFO: Enter the procedure of distributed neighbors sampling:"
"2019-08-24 13:16:24,644 - workflow.py[line:968] - INFO: Alignment nodes from two parties:"
"2019-08-24 13:16:24,644 - workflow.py[line:316] - INFO: need_intersect: true!"
"2019-08-24 13:16:24,645 - workflow.py[line:320] - INFO: Start intersection!"
"2019-08-24 13:16:35,434 - workflow.py[line:331] - INFO: finish intersection!"
"2019-08-24 13:16:35,443 - workflow.py[line:976] - INFO: The number of common nodes: 1413"
"2019-08-24 13:16:35,444 - workflow.py[line:331] - INFO: finish intersection!"
"2019-08-24 13:16:35,845 - workflow.py[line:976] - INFO: The number of common nodes: 1413"
"2019-08-24 13:16:36,357 - workflow.py[line:316] - INFO: need_intersect: true!"
"2019-08-24 13:16:36,357 - workflow.py[line:320] - INFO: Start intersection!"
"2019-08-24 13:16:36,638 - workflow.py[line:316] - INFO: need_intersect: true!"
"2019-08-24 13:16:36,638 - workflow.py[line:320] - INFO: Start intersection!"
"2019-08-24 13:16:46,087 - workflow.py[line:331] - INFO: finish intersection!"
"2019-08-24 13:16:46,096 - workflow.py[line:981] - INFO: The number of bridge nodes: 244"
"2019-08-24 13:16:46,100 - workflow.py[line:331] - INFO: finish intersection!"
"2019-08-24 13:16:46,110 - workflow.py[line:981] - INFO: The number of bridge nodes: 244"
"2019-08-24 13:17:51,442 - workflow.py[line:996] - INFO: Distributed sampling target results for host saved in namespace: neighbors_samples/distributed_samples/guest, name: target"
"2019-08-24 13:17:52,442 - workflow.py[line:1004] - INFO: Distributed sampling anchor results for guest saved in namespace: neighbors_samples/distributed_samples/guest, name: anchor"
"2019-08-24 13:18:55,605 - workflow.py[line:996] - INFO: Distributed sampling target results for guest saved in namespace: neighbors_samples/distributed_samples/host, name: target"
"2019-08-24 13:18:55,894 - workflow.py[line:1004] - INFO: Distributed sampling anchor results for host saved in namespace: neighbors_samples/distributed_samples/host, name: anchor"
"2019-08-24 13:18:55,894 - workflow.py[line:1007] - INFO: Neighbors_sampling_finish"
