"2019-08-23 09:03:03,462 - hetero_ne_arbiter.py[line:55] - INFO: Enter hetero_ne_arbiter fit"
"2019-08-23 09:03:03,472 - hetero_ne_arbiter.py[line:62] - INFO: public_key: <PaillierPublicKey 1b09fea7fc>"
"2019-08-23 09:03:03,576 - hetero_ne_arbiter.py[line:70] - INFO: remote publick_key to host"
"2019-08-23 09:03:03,744 - hetero_ne_arbiter.py[line:77] - INFO: remote public_key to guest"
"2019-08-23 09:03:08,665 - hetero_ne_arbiter.py[line:82] - INFO: Get batch_info from guest: {'batch_size': 256, 'batch_num': 18}"
"2019-08-23 09:03:08,665 - hetero_ne_arbiter.py[line:89] - INFO: iter: 0"
"2019-08-23 09:03:08,665 - hetero_ne_arbiter.py[line:94] - INFO: batch: 0"
"2019-08-23 09:03:18,202 - hetero_ne_arbiter.py[line:102] - INFO: Get host_gradient from GUEST"
"2019-08-23 09:03:18,906 - hetero_ne_arbiter.py[line:109] - INFO: Get guest_gradient from GUEST"
"2019-08-23 09:03:19,100 - hetero_ne_arbiter.py[line:127] - INFO: host gradients number: 256"
"2019-08-23 09:03:19,101 - hetero_ne_arbiter.py[line:128] - INFO: guest gradients number: 256"
"2019-08-23 09:03:19,133 - hetero_ne_arbiter.py[line:139] - INFO: Remote host_optim_gradient to Host"
"2019-08-23 09:03:19,177 - hetero_ne_arbiter.py[line:150] - INFO: Remote guest_optim_gradient to Guest"
"2019-08-23 09:03:19,580 - hetero_ne_arbiter.py[line:165] - INFO: Get loss from guest: 0.3147862339228862"
"2019-08-23 09:03:19,580 - hetero_ne_arbiter.py[line:94] - INFO: batch: 1"
"2019-08-23 09:03:29,621 - hetero_ne_arbiter.py[line:102] - INFO: Get host_gradient from GUEST"
"2019-08-23 09:03:30,426 - hetero_ne_arbiter.py[line:109] - INFO: Get guest_gradient from GUEST"
"2019-08-23 09:03:30,591 - hetero_ne_arbiter.py[line:127] - INFO: host gradients number: 256"
"2019-08-23 09:03:30,591 - hetero_ne_arbiter.py[line:128] - INFO: guest gradients number: 256"
"2019-08-23 09:03:30,609 - hetero_ne_arbiter.py[line:139] - INFO: Remote host_optim_gradient to Host"
"2019-08-23 09:03:30,620 - hetero_ne_arbiter.py[line:150] - INFO: Remote guest_optim_gradient to Guest"
"2019-08-23 09:03:30,923 - hetero_ne_arbiter.py[line:165] - INFO: Get loss from guest: 0.31092081434080054"
"2019-08-23 09:03:30,923 - hetero_ne_arbiter.py[line:94] - INFO: batch: 2"
"2019-08-23 09:03:41,365 - hetero_ne_arbiter.py[line:102] - INFO: Get host_gradient from GUEST"
"2019-08-23 09:03:42,270 - hetero_ne_arbiter.py[line:109] - INFO: Get guest_gradient from GUEST"
"2019-08-23 09:03:42,444 - hetero_ne_arbiter.py[line:127] - INFO: host gradients number: 256"
"2019-08-23 09:03:42,444 - hetero_ne_arbiter.py[line:128] - INFO: guest gradients number: 256"
"2019-08-23 09:03:42,460 - hetero_ne_arbiter.py[line:139] - INFO: Remote host_optim_gradient to Host"
"2019-08-23 09:03:42,477 - hetero_ne_arbiter.py[line:150] - INFO: Remote guest_optim_gradient to Guest"
"2019-08-23 09:03:42,779 - hetero_ne_arbiter.py[line:165] - INFO: Get loss from guest: 0.5153523530676744"
"2019-08-23 09:03:42,779 - hetero_ne_arbiter.py[line:94] - INFO: batch: 3"
"2019-08-23 09:03:52,621 - hetero_ne_arbiter.py[line:102] - INFO: Get host_gradient from GUEST"
"2019-08-23 09:03:53,425 - hetero_ne_arbiter.py[line:109] - INFO: Get guest_gradient from GUEST"
"2019-08-23 09:03:53,801 - hetero_ne_arbiter.py[line:127] - INFO: host gradients number: 256"
"2019-08-23 09:03:53,802 - hetero_ne_arbiter.py[line:128] - INFO: guest gradients number: 256"
"2019-08-23 09:03:53,845 - hetero_ne_arbiter.py[line:139] - INFO: Remote host_optim_gradient to Host"
"2019-08-23 09:03:53,860 - hetero_ne_arbiter.py[line:150] - INFO: Remote guest_optim_gradient to Guest"
"2019-08-23 09:03:54,162 - hetero_ne_arbiter.py[line:165] - INFO: Get loss from guest: 2.6164688821710795"
"2019-08-23 09:03:54,162 - hetero_ne_arbiter.py[line:94] - INFO: batch: 4"
"2019-08-23 09:04:04,316 - hetero_ne_arbiter.py[line:102] - INFO: Get host_gradient from GUEST"
"2019-08-23 09:04:05,020 - hetero_ne_arbiter.py[line:109] - INFO: Get guest_gradient from GUEST"
"2019-08-23 09:04:05,142 - hetero_ne_arbiter.py[line:127] - INFO: host gradients number: 256"
"2019-08-23 09:04:05,142 - hetero_ne_arbiter.py[line:128] - INFO: guest gradients number: 256"
"2019-08-23 09:04:05,154 - hetero_ne_arbiter.py[line:139] - INFO: Remote host_optim_gradient to Host"
"2019-08-23 09:04:05,181 - hetero_ne_arbiter.py[line:150] - INFO: Remote guest_optim_gradient to Guest"
"2019-08-23 09:04:05,484 - hetero_ne_arbiter.py[line:165] - INFO: Get loss from guest: 3.071844930023251"
"2019-08-23 09:04:05,484 - hetero_ne_arbiter.py[line:94] - INFO: batch: 5"
"2019-08-23 09:04:15,722 - hetero_ne_arbiter.py[line:102] - INFO: Get host_gradient from GUEST"
"2019-08-23 09:04:16,526 - hetero_ne_arbiter.py[line:109] - INFO: Get guest_gradient from GUEST"
"2019-08-23 09:04:16,688 - hetero_ne_arbiter.py[line:127] - INFO: host gradients number: 256"
"2019-08-23 09:04:16,689 - hetero_ne_arbiter.py[line:128] - INFO: guest gradients number: 256"
"2019-08-23 09:04:16,708 - hetero_ne_arbiter.py[line:139] - INFO: Remote host_optim_gradient to Host"
"2019-08-23 09:04:16,737 - hetero_ne_arbiter.py[line:150] - INFO: Remote guest_optim_gradient to Guest"
"2019-08-23 09:04:17,039 - hetero_ne_arbiter.py[line:165] - INFO: Get loss from guest: 2.6655118701314207"
"2019-08-23 09:04:17,039 - hetero_ne_arbiter.py[line:94] - INFO: batch: 6"
"2019-08-23 09:04:27,185 - hetero_ne_arbiter.py[line:102] - INFO: Get host_gradient from GUEST"
"2019-08-23 09:04:27,989 - hetero_ne_arbiter.py[line:109] - INFO: Get guest_gradient from GUEST"
"2019-08-23 09:04:28,140 - hetero_ne_arbiter.py[line:127] - INFO: host gradients number: 256"
"2019-08-23 09:04:28,140 - hetero_ne_arbiter.py[line:128] - INFO: guest gradients number: 256"
"2019-08-23 09:04:28,152 - hetero_ne_arbiter.py[line:139] - INFO: Remote host_optim_gradient to Host"
"2019-08-23 09:04:28,163 - hetero_ne_arbiter.py[line:150] - INFO: Remote guest_optim_gradient to Guest"
"2019-08-23 09:04:28,566 - hetero_ne_arbiter.py[line:165] - INFO: Get loss from guest: 2.5346681170533825"
"2019-08-23 09:04:28,566 - hetero_ne_arbiter.py[line:94] - INFO: batch: 7"
"2019-08-23 09:04:39,219 - hetero_ne_arbiter.py[line:102] - INFO: Get host_gradient from GUEST"
"2019-08-23 09:04:39,923 - hetero_ne_arbiter.py[line:109] - INFO: Get guest_gradient from GUEST"
"2019-08-23 09:04:40,099 - hetero_ne_arbiter.py[line:127] - INFO: host gradients number: 256"
"2019-08-23 09:04:40,099 - hetero_ne_arbiter.py[line:128] - INFO: guest gradients number: 256"
"2019-08-23 09:04:40,121 - hetero_ne_arbiter.py[line:139] - INFO: Remote host_optim_gradient to Host"
"2019-08-23 09:04:40,143 - hetero_ne_arbiter.py[line:150] - INFO: Remote guest_optim_gradient to Guest"
"2019-08-23 09:04:40,445 - hetero_ne_arbiter.py[line:165] - INFO: Get loss from guest: 2.7982901383455503"
"2019-08-23 09:04:40,445 - hetero_ne_arbiter.py[line:94] - INFO: batch: 8"
"2019-08-23 09:04:51,505 - hetero_ne_arbiter.py[line:102] - INFO: Get host_gradient from GUEST"
"2019-08-23 09:04:52,409 - hetero_ne_arbiter.py[line:109] - INFO: Get guest_gradient from GUEST"
"2019-08-23 09:04:52,579 - hetero_ne_arbiter.py[line:127] - INFO: host gradients number: 256"
"2019-08-23 09:04:52,579 - hetero_ne_arbiter.py[line:128] - INFO: guest gradients number: 256"
"2019-08-23 09:04:52,594 - hetero_ne_arbiter.py[line:139] - INFO: Remote host_optim_gradient to Host"
"2019-08-23 09:04:52,605 - hetero_ne_arbiter.py[line:150] - INFO: Remote guest_optim_gradient to Guest"
"2019-08-23 09:04:52,807 - hetero_ne_arbiter.py[line:165] - INFO: Get loss from guest: 3.219093107998977"
"2019-08-23 09:04:52,807 - hetero_ne_arbiter.py[line:94] - INFO: batch: 9"
"2019-08-23 09:05:03,754 - hetero_ne_arbiter.py[line:102] - INFO: Get host_gradient from GUEST"
"2019-08-23 09:05:04,458 - hetero_ne_arbiter.py[line:109] - INFO: Get guest_gradient from GUEST"
"2019-08-23 09:05:04,630 - hetero_ne_arbiter.py[line:127] - INFO: host gradients number: 256"
"2019-08-23 09:05:04,630 - hetero_ne_arbiter.py[line:128] - INFO: guest gradients number: 256"
"2019-08-23 09:05:04,652 - hetero_ne_arbiter.py[line:139] - INFO: Remote host_optim_gradient to Host"
"2019-08-23 09:05:04,674 - hetero_ne_arbiter.py[line:150] - INFO: Remote guest_optim_gradient to Guest"
"2019-08-23 09:05:04,976 - hetero_ne_arbiter.py[line:165] - INFO: Get loss from guest: 2.6785414983656577"
"2019-08-23 09:05:04,976 - hetero_ne_arbiter.py[line:94] - INFO: batch: 10"
"2019-08-23 09:05:15,646 - hetero_ne_arbiter.py[line:102] - INFO: Get host_gradient from GUEST"
"2019-08-23 09:05:16,450 - hetero_ne_arbiter.py[line:109] - INFO: Get guest_gradient from GUEST"
"2019-08-23 09:05:16,671 - hetero_ne_arbiter.py[line:127] - INFO: host gradients number: 256"
"2019-08-23 09:05:16,671 - hetero_ne_arbiter.py[line:128] - INFO: guest gradients number: 256"
"2019-08-23 09:05:16,696 - hetero_ne_arbiter.py[line:139] - INFO: Remote host_optim_gradient to Host"
"2019-08-23 09:05:16,719 - hetero_ne_arbiter.py[line:150] - INFO: Remote guest_optim_gradient to Guest"
"2019-08-23 09:05:17,122 - hetero_ne_arbiter.py[line:165] - INFO: Get loss from guest: 3.0367563198963485"
"2019-08-23 09:05:17,122 - hetero_ne_arbiter.py[line:94] - INFO: batch: 11"
"2019-08-23 09:05:28,681 - hetero_ne_arbiter.py[line:102] - INFO: Get host_gradient from GUEST"
"2019-08-23 09:05:29,586 - hetero_ne_arbiter.py[line:109] - INFO: Get guest_gradient from GUEST"
"2019-08-23 09:05:29,883 - hetero_ne_arbiter.py[line:127] - INFO: host gradients number: 256"
"2019-08-23 09:05:29,884 - hetero_ne_arbiter.py[line:128] - INFO: guest gradients number: 256"
"2019-08-23 09:05:29,898 - hetero_ne_arbiter.py[line:139] - INFO: Remote host_optim_gradient to Host"
"2019-08-23 09:05:29,909 - hetero_ne_arbiter.py[line:150] - INFO: Remote guest_optim_gradient to Guest"
"2019-08-23 09:05:30,213 - hetero_ne_arbiter.py[line:165] - INFO: Get loss from guest: 2.8082431874547717"
"2019-08-23 09:05:30,213 - hetero_ne_arbiter.py[line:94] - INFO: batch: 12"
"2019-08-23 09:05:40,977 - hetero_ne_arbiter.py[line:102] - INFO: Get host_gradient from GUEST"
"2019-08-23 09:05:41,883 - hetero_ne_arbiter.py[line:109] - INFO: Get guest_gradient from GUEST"
"2019-08-23 09:05:42,031 - hetero_ne_arbiter.py[line:127] - INFO: host gradients number: 256"
"2019-08-23 09:05:42,031 - hetero_ne_arbiter.py[line:128] - INFO: guest gradients number: 256"
"2019-08-23 09:05:42,043 - hetero_ne_arbiter.py[line:139] - INFO: Remote host_optim_gradient to Host"
"2019-08-23 09:05:42,071 - hetero_ne_arbiter.py[line:150] - INFO: Remote guest_optim_gradient to Guest"
"2019-08-23 09:05:42,373 - hetero_ne_arbiter.py[line:165] - INFO: Get loss from guest: 2.8599454309683945"
"2019-08-23 09:05:42,373 - hetero_ne_arbiter.py[line:94] - INFO: batch: 13"
"2019-08-23 09:05:52,814 - hetero_ne_arbiter.py[line:102] - INFO: Get host_gradient from GUEST"
"2019-08-23 09:05:53,518 - hetero_ne_arbiter.py[line:109] - INFO: Get guest_gradient from GUEST"
"2019-08-23 09:05:53,696 - hetero_ne_arbiter.py[line:127] - INFO: host gradients number: 256"
"2019-08-23 09:05:53,697 - hetero_ne_arbiter.py[line:128] - INFO: guest gradients number: 256"
"2019-08-23 09:05:53,718 - hetero_ne_arbiter.py[line:139] - INFO: Remote host_optim_gradient to Host"
"2019-08-23 09:05:53,740 - hetero_ne_arbiter.py[line:150] - INFO: Remote guest_optim_gradient to Guest"
"2019-08-23 09:05:54,243 - hetero_ne_arbiter.py[line:165] - INFO: Get loss from guest: 2.618083442682358"
"2019-08-23 09:05:54,243 - hetero_ne_arbiter.py[line:94] - INFO: batch: 14"
"2019-08-23 09:06:04,699 - hetero_ne_arbiter.py[line:102] - INFO: Get host_gradient from GUEST"
"2019-08-23 09:06:05,503 - hetero_ne_arbiter.py[line:109] - INFO: Get guest_gradient from GUEST"
"2019-08-23 09:06:05,693 - hetero_ne_arbiter.py[line:127] - INFO: host gradients number: 256"
"2019-08-23 09:06:05,693 - hetero_ne_arbiter.py[line:128] - INFO: guest gradients number: 256"
"2019-08-23 09:06:05,715 - hetero_ne_arbiter.py[line:139] - INFO: Remote host_optim_gradient to Host"
"2019-08-23 09:06:05,737 - hetero_ne_arbiter.py[line:150] - INFO: Remote guest_optim_gradient to Guest"
"2019-08-23 09:06:06,240 - hetero_ne_arbiter.py[line:165] - INFO: Get loss from guest: 2.7685532529254258"
"2019-08-23 09:06:06,240 - hetero_ne_arbiter.py[line:94] - INFO: batch: 15"
"2019-08-23 09:06:16,887 - hetero_ne_arbiter.py[line:102] - INFO: Get host_gradient from GUEST"
"2019-08-23 09:06:17,691 - hetero_ne_arbiter.py[line:109] - INFO: Get guest_gradient from GUEST"
"2019-08-23 09:06:17,848 - hetero_ne_arbiter.py[line:127] - INFO: host gradients number: 256"
"2019-08-23 09:06:17,849 - hetero_ne_arbiter.py[line:128] - INFO: guest gradients number: 256"
"2019-08-23 09:06:17,877 - hetero_ne_arbiter.py[line:139] - INFO: Remote host_optim_gradient to Host"
"2019-08-23 09:06:17,894 - hetero_ne_arbiter.py[line:150] - INFO: Remote guest_optim_gradient to Guest"
"2019-08-23 09:06:18,397 - hetero_ne_arbiter.py[line:165] - INFO: Get loss from guest: 2.915749335341982"
"2019-08-23 09:06:18,397 - hetero_ne_arbiter.py[line:94] - INFO: batch: 16"
"2019-08-23 09:06:28,936 - hetero_ne_arbiter.py[line:102] - INFO: Get host_gradient from GUEST"
"2019-08-23 09:06:29,438 - hetero_ne_arbiter.py[line:109] - INFO: Get guest_gradient from GUEST"
"2019-08-23 09:06:29,605 - hetero_ne_arbiter.py[line:127] - INFO: host gradients number: 256"
"2019-08-23 09:06:29,605 - hetero_ne_arbiter.py[line:128] - INFO: guest gradients number: 256"
"2019-08-23 09:06:29,627 - hetero_ne_arbiter.py[line:139] - INFO: Remote host_optim_gradient to Host"
"2019-08-23 09:06:29,649 - hetero_ne_arbiter.py[line:150] - INFO: Remote guest_optim_gradient to Guest"
"2019-08-23 09:06:29,951 - hetero_ne_arbiter.py[line:165] - INFO: Get loss from guest: 2.811701520175108"
"2019-08-23 09:06:29,951 - hetero_ne_arbiter.py[line:94] - INFO: batch: 17"
"2019-08-23 09:06:34,770 - hetero_ne_arbiter.py[line:102] - INFO: Get host_gradient from GUEST"
"2019-08-23 09:06:35,474 - hetero_ne_arbiter.py[line:109] - INFO: Get guest_gradient from GUEST"
"2019-08-23 09:06:35,621 - hetero_ne_arbiter.py[line:127] - INFO: host gradients number: 88"
"2019-08-23 09:06:35,621 - hetero_ne_arbiter.py[line:128] - INFO: guest gradients number: 88"
"2019-08-23 09:06:35,647 - hetero_ne_arbiter.py[line:139] - INFO: Remote host_optim_gradient to Host"
"2019-08-23 09:06:35,683 - hetero_ne_arbiter.py[line:150] - INFO: Remote guest_optim_gradient to Guest"
"2019-08-23 09:06:35,885 - hetero_ne_arbiter.py[line:165] - INFO: Get loss from guest: 1.9166924541834596"
"2019-08-23 09:06:35,885 - hetero_ne_arbiter.py[line:172] - INFO: iter loss: 2.3589557160582517"
"2019-08-23 09:06:35,961 - hetero_ne_arbiter.py[line:184] - INFO: Remote is_stop to host: False"
"2019-08-23 09:06:36,313 - hetero_ne_arbiter.py[line:194] - INFO: Remote is_stop to guest: False"
"2019-08-23 09:06:36,313 - hetero_ne_arbiter.py[line:89] - INFO: iter: 1"
"2019-08-23 09:06:36,313 - hetero_ne_arbiter.py[line:94] - INFO: batch: 0"
