"2019-08-23 09:03:05,192 - hetero_ne_host.py[line:42] - INFO: Enter hetero_ne host"
"2019-08-23 09:03:05,193 - hetero_ne_host.py[line:44] - INFO: Host party has 2319 nodes"
"2019-08-23 09:03:05,489 - hetero_ne_host.py[line:47] - INFO: Transform input data to train instance"
"2019-08-23 09:03:05,491 - hetero_ne_host.py[line:54] - INFO: Get Publick key from arbiter:<PaillierPublicKey 1b09fea7fc>"
"2019-08-23 09:03:08,705 - hetero_ne_host.py[line:60] - INFO: Get batch_info from guest: {'batch_size': 256, 'batch_num': 18}"
"2019-08-23 09:03:08,705 - hetero_ne_host.py[line:74] - INFO: Start initilize model."
"2019-08-23 09:03:08,706 - hetero_ne_host.py[line:81] - INFO: iter: 0"
"2019-08-23 09:03:08,706 - hetero_ne_host.py[line:84] - INFO: batch:0"
"2019-08-23 09:03:08,707 - hetero_ne_host.py[line:97] - INFO: Get batch_index from Guest"
"2019-08-23 09:03:08,789 - hetero_ne_host.py[line:110] - INFO: batch_data_inst size:256"
"2019-08-23 09:03:17,543 - hetero_ne_host.py[line:125] - INFO: Remote host_forward to guest"
"2019-08-23 09:03:19,151 - hetero_ne_host.py[line:135] - INFO: Get optim_host_gradient from arbiter"
"2019-08-23 09:03:19,443 - hetero_ne_host.py[line:138] - INFO: update_model"
"2019-08-23 09:03:19,522 - hetero_ne_host.py[line:84] - INFO: batch:1"
"2019-08-23 09:03:19,824 - hetero_ne_host.py[line:97] - INFO: Get batch_index from Guest"
"2019-08-23 09:03:20,117 - hetero_ne_host.py[line:110] - INFO: batch_data_inst size:256"
"2019-08-23 09:03:29,054 - hetero_ne_host.py[line:125] - INFO: Remote host_forward to guest"
"2019-08-23 09:03:30,661 - hetero_ne_host.py[line:135] - INFO: Get optim_host_gradient from arbiter"
"2019-08-23 09:03:30,787 - hetero_ne_host.py[line:138] - INFO: update_model"
"2019-08-23 09:03:30,889 - hetero_ne_host.py[line:84] - INFO: batch:2"
"2019-08-23 09:03:31,493 - hetero_ne_host.py[line:97] - INFO: Get batch_index from Guest"
"2019-08-23 09:03:31,537 - hetero_ne_host.py[line:110] - INFO: batch_data_inst size:256"
"2019-08-23 09:03:40,405 - hetero_ne_host.py[line:125] - INFO: Remote host_forward to guest"
"2019-08-23 09:03:42,514 - hetero_ne_host.py[line:135] - INFO: Get optim_host_gradient from arbiter"
"2019-08-23 09:03:42,611 - hetero_ne_host.py[line:138] - INFO: update_model"
"2019-08-23 09:03:42,734 - hetero_ne_host.py[line:84] - INFO: batch:3"
"2019-08-23 09:03:43,237 - hetero_ne_host.py[line:97] - INFO: Get batch_index from Guest"
"2019-08-23 09:03:43,309 - hetero_ne_host.py[line:110] - INFO: batch_data_inst size:256"
"2019-08-23 09:03:51,901 - hetero_ne_host.py[line:125] - INFO: Remote host_forward to guest"
"2019-08-23 09:03:53,911 - hetero_ne_host.py[line:135] - INFO: Get optim_host_gradient from arbiter"
"2019-08-23 09:03:53,974 - hetero_ne_host.py[line:138] - INFO: update_model"
"2019-08-23 09:03:54,068 - hetero_ne_host.py[line:84] - INFO: batch:4"
"2019-08-23 09:03:54,471 - hetero_ne_host.py[line:97] - INFO: Get batch_index from Guest"
"2019-08-23 09:03:54,746 - hetero_ne_host.py[line:110] - INFO: batch_data_inst size:256"
"2019-08-23 09:04:03,665 - hetero_ne_host.py[line:125] - INFO: Remote host_forward to guest"
"2019-08-23 09:04:05,173 - hetero_ne_host.py[line:135] - INFO: Get optim_host_gradient from arbiter"
"2019-08-23 09:04:05,266 - hetero_ne_host.py[line:138] - INFO: update_model"
"2019-08-23 09:04:05,344 - hetero_ne_host.py[line:84] - INFO: batch:5"
"2019-08-23 09:04:05,948 - hetero_ne_host.py[line:97] - INFO: Get batch_index from Guest"
"2019-08-23 09:04:06,032 - hetero_ne_host.py[line:110] - INFO: batch_data_inst size:256"
"2019-08-23 09:04:14,903 - hetero_ne_host.py[line:125] - INFO: Remote host_forward to guest"
"2019-08-23 09:04:16,712 - hetero_ne_host.py[line:135] - INFO: Get optim_host_gradient from arbiter"
"2019-08-23 09:04:16,820 - hetero_ne_host.py[line:138] - INFO: update_model"
"2019-08-23 09:04:16,911 - hetero_ne_host.py[line:84] - INFO: batch:6"
"2019-08-23 09:04:17,414 - hetero_ne_host.py[line:97] - INFO: Get batch_index from Guest"
"2019-08-23 09:04:17,533 - hetero_ne_host.py[line:110] - INFO: batch_data_inst size:256"
"2019-08-23 09:04:26,591 - hetero_ne_host.py[line:125] - INFO: Remote host_forward to guest"
"2019-08-23 09:04:28,198 - hetero_ne_host.py[line:135] - INFO: Get optim_host_gradient from arbiter"
"2019-08-23 09:04:28,332 - hetero_ne_host.py[line:138] - INFO: update_model"
"2019-08-23 09:04:28,453 - hetero_ne_host.py[line:84] - INFO: batch:7"
"2019-08-23 09:04:29,157 - hetero_ne_host.py[line:97] - INFO: Get batch_index from Guest"
"2019-08-23 09:04:29,246 - hetero_ne_host.py[line:110] - INFO: batch_data_inst size:256"
"2019-08-23 09:04:38,378 - hetero_ne_host.py[line:125] - INFO: Remote host_forward to guest"
"2019-08-23 09:04:40,186 - hetero_ne_host.py[line:135] - INFO: Get optim_host_gradient from arbiter"
"2019-08-23 09:04:40,319 - hetero_ne_host.py[line:138] - INFO: update_model"
"2019-08-23 09:04:40,682 - hetero_ne_host.py[line:84] - INFO: batch:8"
"2019-08-23 09:04:40,884 - hetero_ne_host.py[line:97] - INFO: Get batch_index from Guest"
"2019-08-23 09:04:40,997 - hetero_ne_host.py[line:110] - INFO: batch_data_inst size:256"
"2019-08-23 09:04:50,867 - hetero_ne_host.py[line:125] - INFO: Remote host_forward to guest"
"2019-08-23 09:04:52,676 - hetero_ne_host.py[line:135] - INFO: Get optim_host_gradient from arbiter"
"2019-08-23 09:04:52,758 - hetero_ne_host.py[line:138] - INFO: update_model"
"2019-08-23 09:04:52,830 - hetero_ne_host.py[line:84] - INFO: batch:9"
"2019-08-23 09:04:53,334 - hetero_ne_host.py[line:97] - INFO: Get batch_index from Guest"
"2019-08-23 09:04:53,425 - hetero_ne_host.py[line:110] - INFO: batch_data_inst size:256"
"2019-08-23 09:05:03,082 - hetero_ne_host.py[line:125] - INFO: Remote host_forward to guest"
"2019-08-23 09:05:04,690 - hetero_ne_host.py[line:135] - INFO: Get optim_host_gradient from arbiter"
"2019-08-23 09:05:04,809 - hetero_ne_host.py[line:138] - INFO: update_model"
"2019-08-23 09:05:04,886 - hetero_ne_host.py[line:84] - INFO: batch:10"
"2019-08-23 09:05:05,589 - hetero_ne_host.py[line:97] - INFO: Get batch_index from Guest"
"2019-08-23 09:05:05,676 - hetero_ne_host.py[line:110] - INFO: batch_data_inst size:256"
"2019-08-23 09:05:14,950 - hetero_ne_host.py[line:125] - INFO: Remote host_forward to guest"
"2019-08-23 09:05:16,758 - hetero_ne_host.py[line:135] - INFO: Get optim_host_gradient from arbiter"
"2019-08-23 09:05:16,985 - hetero_ne_host.py[line:138] - INFO: update_model"
"2019-08-23 09:05:17,108 - hetero_ne_host.py[line:84] - INFO: batch:11"
"2019-08-23 09:05:17,814 - hetero_ne_host.py[line:97] - INFO: Get batch_index from Guest"
"2019-08-23 09:05:17,896 - hetero_ne_host.py[line:110] - INFO: batch_data_inst size:256"
"2019-08-23 09:05:28,008 - hetero_ne_host.py[line:125] - INFO: Remote host_forward to guest"
"2019-08-23 09:05:29,916 - hetero_ne_host.py[line:135] - INFO: Get optim_host_gradient from arbiter"
"2019-08-23 09:05:30,045 - hetero_ne_host.py[line:138] - INFO: update_model"
"2019-08-23 09:05:30,130 - hetero_ne_host.py[line:84] - INFO: batch:12"
"2019-08-23 09:05:30,735 - hetero_ne_host.py[line:97] - INFO: Get batch_index from Guest"
"2019-08-23 09:05:30,840 - hetero_ne_host.py[line:110] - INFO: batch_data_inst size:256"
"2019-08-23 09:05:40,388 - hetero_ne_host.py[line:125] - INFO: Remote host_forward to guest"
"2019-08-23 09:05:42,097 - hetero_ne_host.py[line:135] - INFO: Get optim_host_gradient from arbiter"
"2019-08-23 09:05:42,217 - hetero_ne_host.py[line:138] - INFO: update_model"
"2019-08-23 09:05:42,362 - hetero_ne_host.py[line:84] - INFO: batch:13"
"2019-08-23 09:05:42,965 - hetero_ne_host.py[line:97] - INFO: Get batch_index from Guest"
"2019-08-23 09:05:43,083 - hetero_ne_host.py[line:110] - INFO: batch_data_inst size:256"
"2019-08-23 09:05:52,139 - hetero_ne_host.py[line:125] - INFO: Remote host_forward to guest"
"2019-08-23 09:05:53,746 - hetero_ne_host.py[line:135] - INFO: Get optim_host_gradient from arbiter"
"2019-08-23 09:05:53,840 - hetero_ne_host.py[line:138] - INFO: update_model"
"2019-08-23 09:05:54,092 - hetero_ne_host.py[line:84] - INFO: batch:14"
"2019-08-23 09:05:54,494 - hetero_ne_host.py[line:97] - INFO: Get batch_index from Guest"
"2019-08-23 09:05:54,852 - hetero_ne_host.py[line:110] - INFO: batch_data_inst size:256"
"2019-08-23 09:06:04,009 - hetero_ne_host.py[line:125] - INFO: Remote host_forward to guest"
"2019-08-23 09:06:05,717 - hetero_ne_host.py[line:135] - INFO: Get optim_host_gradient from arbiter"
"2019-08-23 09:06:05,818 - hetero_ne_host.py[line:138] - INFO: update_model"
"2019-08-23 09:06:05,908 - hetero_ne_host.py[line:84] - INFO: batch:15"
"2019-08-23 09:06:06,511 - hetero_ne_host.py[line:97] - INFO: Get batch_index from Guest"
"2019-08-23 09:06:06,631 - hetero_ne_host.py[line:110] - INFO: batch_data_inst size:256"
"2019-08-23 09:06:16,192 - hetero_ne_host.py[line:125] - INFO: Remote host_forward to guest"
"2019-08-23 09:06:17,901 - hetero_ne_host.py[line:135] - INFO: Get optim_host_gradient from arbiter"
"2019-08-23 09:06:18,006 - hetero_ne_host.py[line:138] - INFO: update_model"
"2019-08-23 09:06:18,365 - hetero_ne_host.py[line:84] - INFO: batch:16"
"2019-08-23 09:06:18,667 - hetero_ne_host.py[line:97] - INFO: Get batch_index from Guest"
"2019-08-23 09:06:18,947 - hetero_ne_host.py[line:110] - INFO: batch_data_inst size:256"
"2019-08-23 09:06:28,079 - hetero_ne_host.py[line:125] - INFO: Remote host_forward to guest"
"2019-08-23 09:06:29,687 - hetero_ne_host.py[line:135] - INFO: Get optim_host_gradient from arbiter"
"2019-08-23 09:06:29,827 - hetero_ne_host.py[line:138] - INFO: update_model"
"2019-08-23 09:06:29,960 - hetero_ne_host.py[line:84] - INFO: batch:17"
"2019-08-23 09:06:30,464 - hetero_ne_host.py[line:97] - INFO: Get batch_index from Guest"
"2019-08-23 09:06:30,537 - hetero_ne_host.py[line:110] - INFO: batch_data_inst size:88"
"2019-08-23 09:06:34,215 - hetero_ne_host.py[line:125] - INFO: Remote host_forward to guest"
"2019-08-23 09:06:35,723 - hetero_ne_host.py[line:135] - INFO: Get optim_host_gradient from arbiter"
"2019-08-23 09:06:35,832 - hetero_ne_host.py[line:138] - INFO: update_model"
"2019-08-23 09:06:35,998 - hetero_ne_host.py[line:155] - INFO: Get is_stop flag from arbiter:[False]"
"2019-08-23 09:06:35,998 - hetero_ne_host.py[line:159] - INFO: Get stop signal from arbiter, model is converged, iter:1"
"2019-08-23 09:07:22,943 - hetero_ne_host.py[line:167] - INFO: Reach max iter 20, network embedding finish!"
