"2019-08-23 09:03:04,989 - hetero_ne_guest.py[line:63] - INFO: samples number:4440"
"2019-08-23 09:03:04,989 - hetero_ne_guest.py[line:64] - INFO: Enter hetero_ne_guest fit"
"2019-08-23 09:03:04,989 - hetero_ne_guest.py[line:66] - INFO: Guest party has 2358 nodes"
"2019-08-23 09:03:05,202 - hetero_ne_guest.py[line:69] - INFO: Transform input data to train instance"
"2019-08-23 09:03:05,203 - hetero_ne_guest.py[line:76] - INFO: Get public_key from arbiter:<PaillierPublicKey 1b09fea7fc>"
"2019-08-23 09:03:05,203 - hetero_ne_guest.py[line:79] - INFO: Generate mini-batch from input data"
"2019-08-23 09:03:08,600 - hetero_ne_guest.py[line:83] - INFO: samples number:4440"
"2019-08-23 09:03:08,601 - hetero_ne_guest.py[line:89] - INFO: batch_info:{'batch_size': 256, 'batch_num': 18}"
"2019-08-23 09:03:08,628 - hetero_ne_guest.py[line:95] - INFO: Remote batch_info to Host"
"2019-08-23 09:03:08,660 - hetero_ne_guest.py[line:102] - INFO: Remote batch_info to Arbiter"
"2019-08-23 09:03:08,660 - hetero_ne_guest.py[line:109] - INFO: Start initialize model."
"2019-08-23 09:03:08,661 - hetero_ne_guest.py[line:111] - INFO: Embedding shape=(2358, 10)"
"2019-08-23 09:03:08,661 - hetero_ne_guest.py[line:118] - INFO: iter:0"
"2019-08-23 09:03:08,661 - hetero_ne_guest.py[line:125] - INFO: batch:0"
"2019-08-23 09:03:08,661 - hetero_ne_guest.py[line:129] - INFO: remote mini-batch index to Host"
"2019-08-23 09:03:17,604 - hetero_ne_guest.py[line:161] - INFO: Get host_forward from host"
"2019-08-23 09:03:18,169 - hetero_ne_guest.py[line:181] - INFO: Remote host_gradient to arbiter"
"2019-08-23 09:03:18,894 - hetero_ne_guest.py[line:197] - INFO: Remote guest_gradient to arbiter"
"2019-08-23 09:03:19,199 - hetero_ne_guest.py[line:206] - INFO: Get optim_guest_gradient from arbiter"
"2019-08-23 09:03:19,199 - hetero_ne_guest.py[line:209] - INFO: update node embedding"
"2019-08-23 09:03:19,535 - hetero_ne_guest.py[line:228] - INFO: Remote loss to arbiter"
"2019-08-23 09:03:19,767 - hetero_ne_guest.py[line:125] - INFO: batch:1"
"2019-08-23 09:03:19,767 - hetero_ne_guest.py[line:129] - INFO: remote mini-batch index to Host"
"2019-08-23 09:03:29,079 - hetero_ne_guest.py[line:161] - INFO: Get host_forward from host"
"2019-08-23 09:03:29,568 - hetero_ne_guest.py[line:181] - INFO: Remote host_gradient to arbiter"
"2019-08-23 09:03:30,386 - hetero_ne_guest.py[line:197] - INFO: Remote guest_gradient to arbiter"
"2019-08-23 09:03:30,688 - hetero_ne_guest.py[line:206] - INFO: Get optim_guest_gradient from arbiter"
"2019-08-23 09:03:30,688 - hetero_ne_guest.py[line:209] - INFO: update node embedding"
"2019-08-23 09:03:30,923 - hetero_ne_guest.py[line:228] - INFO: Remote loss to arbiter"
"2019-08-23 09:03:31,426 - hetero_ne_guest.py[line:125] - INFO: batch:2"
"2019-08-23 09:03:31,426 - hetero_ne_guest.py[line:129] - INFO: remote mini-batch index to Host"
"2019-08-23 09:03:40,776 - hetero_ne_guest.py[line:161] - INFO: Get host_forward from host"
"2019-08-23 09:03:41,338 - hetero_ne_guest.py[line:181] - INFO: Remote host_gradient to arbiter"
"2019-08-23 09:03:42,196 - hetero_ne_guest.py[line:197] - INFO: Remote guest_gradient to arbiter"
"2019-08-23 09:03:42,498 - hetero_ne_guest.py[line:206] - INFO: Get optim_guest_gradient from arbiter"
"2019-08-23 09:03:42,498 - hetero_ne_guest.py[line:209] - INFO: update node embedding"
"2019-08-23 09:03:42,734 - hetero_ne_guest.py[line:228] - INFO: Remote loss to arbiter"
"2019-08-23 09:03:43,185 - hetero_ne_guest.py[line:125] - INFO: batch:3"
"2019-08-23 09:03:43,185 - hetero_ne_guest.py[line:129] - INFO: remote mini-batch index to Host"
"2019-08-23 09:03:51,986 - hetero_ne_guest.py[line:161] - INFO: Get host_forward from host"
"2019-08-23 09:03:52,566 - hetero_ne_guest.py[line:181] - INFO: Remote host_gradient to arbiter"
"2019-08-23 09:03:53,421 - hetero_ne_guest.py[line:197] - INFO: Remote guest_gradient to arbiter"
"2019-08-23 09:03:53,925 - hetero_ne_guest.py[line:206] - INFO: Get optim_guest_gradient from arbiter"
"2019-08-23 09:03:53,925 - hetero_ne_guest.py[line:209] - INFO: update node embedding"
"2019-08-23 09:03:54,079 - hetero_ne_guest.py[line:228] - INFO: Remote loss to arbiter"
"2019-08-23 09:03:54,378 - hetero_ne_guest.py[line:125] - INFO: batch:4"
"2019-08-23 09:03:54,378 - hetero_ne_guest.py[line:129] - INFO: remote mini-batch index to Host"
"2019-08-23 09:04:03,697 - hetero_ne_guest.py[line:161] - INFO: Get host_forward from host"
"2019-08-23 09:04:04,233 - hetero_ne_guest.py[line:181] - INFO: Remote host_gradient to arbiter"
"2019-08-23 09:04:04,940 - hetero_ne_guest.py[line:197] - INFO: Remote guest_gradient to arbiter"
"2019-08-23 09:04:05,243 - hetero_ne_guest.py[line:206] - INFO: Get optim_guest_gradient from arbiter"
"2019-08-23 09:04:05,243 - hetero_ne_guest.py[line:209] - INFO: update node embedding"
"2019-08-23 09:04:05,433 - hetero_ne_guest.py[line:228] - INFO: Remote loss to arbiter"
"2019-08-23 09:04:05,875 - hetero_ne_guest.py[line:125] - INFO: batch:5"
"2019-08-23 09:04:05,875 - hetero_ne_guest.py[line:129] - INFO: remote mini-batch index to Host"
"2019-08-23 09:04:15,220 - hetero_ne_guest.py[line:161] - INFO: Get host_forward from host"
"2019-08-23 09:04:15,720 - hetero_ne_guest.py[line:181] - INFO: Remote host_gradient to arbiter"
"2019-08-23 09:04:16,485 - hetero_ne_guest.py[line:197] - INFO: Remote guest_gradient to arbiter"
"2019-08-23 09:04:16,789 - hetero_ne_guest.py[line:206] - INFO: Get optim_guest_gradient from arbiter"
"2019-08-23 09:04:16,789 - hetero_ne_guest.py[line:209] - INFO: update node embedding"
"2019-08-23 09:04:16,967 - hetero_ne_guest.py[line:228] - INFO: Remote loss to arbiter"
"2019-08-23 09:04:17,403 - hetero_ne_guest.py[line:125] - INFO: batch:6"
"2019-08-23 09:04:17,404 - hetero_ne_guest.py[line:129] - INFO: remote mini-batch index to Host"
"2019-08-23 09:04:26,609 - hetero_ne_guest.py[line:161] - INFO: Get host_forward from host"
"2019-08-23 09:04:27,188 - hetero_ne_guest.py[line:181] - INFO: Remote host_gradient to arbiter"
"2019-08-23 09:04:27,920 - hetero_ne_guest.py[line:197] - INFO: Remote guest_gradient to arbiter"
"2019-08-23 09:04:28,222 - hetero_ne_guest.py[line:206] - INFO: Get optim_guest_gradient from arbiter"
"2019-08-23 09:04:28,222 - hetero_ne_guest.py[line:209] - INFO: update node embedding"
"2019-08-23 09:04:28,488 - hetero_ne_guest.py[line:228] - INFO: Remote loss to arbiter"
"2019-08-23 09:04:29,124 - hetero_ne_guest.py[line:125] - INFO: batch:7"
"2019-08-23 09:04:29,124 - hetero_ne_guest.py[line:129] - INFO: remote mini-batch index to Host"
"2019-08-23 09:04:38,400 - hetero_ne_guest.py[line:161] - INFO: Get host_forward from host"
"2019-08-23 09:04:39,164 - hetero_ne_guest.py[line:181] - INFO: Remote host_gradient to arbiter"
"2019-08-23 09:04:39,869 - hetero_ne_guest.py[line:197] - INFO: Remote guest_gradient to arbiter"
"2019-08-23 09:04:40,172 - hetero_ne_guest.py[line:206] - INFO: Get optim_guest_gradient from arbiter"
"2019-08-23 09:04:40,172 - hetero_ne_guest.py[line:209] - INFO: update node embedding"
"2019-08-23 09:04:40,386 - hetero_ne_guest.py[line:228] - INFO: Remote loss to arbiter"
"2019-08-23 09:04:40,846 - hetero_ne_guest.py[line:125] - INFO: batch:8"
"2019-08-23 09:04:40,846 - hetero_ne_guest.py[line:129] - INFO: remote mini-batch index to Host"
"2019-08-23 09:04:50,958 - hetero_ne_guest.py[line:161] - INFO: Get host_forward from host"
"2019-08-23 09:04:51,480 - hetero_ne_guest.py[line:181] - INFO: Remote host_gradient to arbiter"
"2019-08-23 09:04:52,409 - hetero_ne_guest.py[line:197] - INFO: Remote guest_gradient to arbiter"
"2019-08-23 09:04:52,611 - hetero_ne_guest.py[line:206] - INFO: Get optim_guest_gradient from arbiter"
"2019-08-23 09:04:52,611 - hetero_ne_guest.py[line:209] - INFO: update node embedding"
"2019-08-23 09:04:52,776 - hetero_ne_guest.py[line:228] - INFO: Remote loss to arbiter"
"2019-08-23 09:04:53,294 - hetero_ne_guest.py[line:125] - INFO: batch:9"
"2019-08-23 09:04:53,294 - hetero_ne_guest.py[line:129] - INFO: remote mini-batch index to Host"
"2019-08-23 09:05:03,125 - hetero_ne_guest.py[line:161] - INFO: Get host_forward from host"
"2019-08-23 09:05:03,675 - hetero_ne_guest.py[line:181] - INFO: Remote host_gradient to arbiter"
"2019-08-23 09:05:04,460 - hetero_ne_guest.py[line:197] - INFO: Remote guest_gradient to arbiter"
"2019-08-23 09:05:04,763 - hetero_ne_guest.py[line:206] - INFO: Get optim_guest_gradient from arbiter"
"2019-08-23 09:05:04,763 - hetero_ne_guest.py[line:209] - INFO: update node embedding"
"2019-08-23 09:05:04,942 - hetero_ne_guest.py[line:228] - INFO: Remote loss to arbiter"
"2019-08-23 09:05:05,488 - hetero_ne_guest.py[line:125] - INFO: batch:10"
"2019-08-23 09:05:05,488 - hetero_ne_guest.py[line:129] - INFO: remote mini-batch index to Host"
"2019-08-23 09:05:14,951 - hetero_ne_guest.py[line:161] - INFO: Get host_forward from host"
"2019-08-23 09:05:15,564 - hetero_ne_guest.py[line:181] - INFO: Remote host_gradient to arbiter"
"2019-08-23 09:05:16,364 - hetero_ne_guest.py[line:197] - INFO: Remote guest_gradient to arbiter"
"2019-08-23 09:05:16,767 - hetero_ne_guest.py[line:206] - INFO: Get optim_guest_gradient from arbiter"
"2019-08-23 09:05:16,767 - hetero_ne_guest.py[line:209] - INFO: update node embedding"
"2019-08-23 09:05:17,118 - hetero_ne_guest.py[line:228] - INFO: Remote loss to arbiter"
"2019-08-23 09:05:17,719 - hetero_ne_guest.py[line:125] - INFO: batch:11"
"2019-08-23 09:05:17,719 - hetero_ne_guest.py[line:129] - INFO: remote mini-batch index to Host"
"2019-08-23 09:05:28,097 - hetero_ne_guest.py[line:161] - INFO: Get host_forward from host"
"2019-08-23 09:05:28,640 - hetero_ne_guest.py[line:181] - INFO: Remote host_gradient to arbiter"
"2019-08-23 09:05:29,516 - hetero_ne_guest.py[line:197] - INFO: Remote guest_gradient to arbiter"
"2019-08-23 09:05:29,923 - hetero_ne_guest.py[line:206] - INFO: Get optim_guest_gradient from arbiter"
"2019-08-23 09:05:29,923 - hetero_ne_guest.py[line:209] - INFO: update node embedding"
"2019-08-23 09:05:30,152 - hetero_ne_guest.py[line:228] - INFO: Remote loss to arbiter"
"2019-08-23 09:05:30,633 - hetero_ne_guest.py[line:125] - INFO: batch:12"
"2019-08-23 09:05:30,633 - hetero_ne_guest.py[line:129] - INFO: remote mini-batch index to Host"
"2019-08-23 09:05:40,412 - hetero_ne_guest.py[line:161] - INFO: Get host_forward from host"
"2019-08-23 09:05:40,973 - hetero_ne_guest.py[line:181] - INFO: Remote host_gradient to arbiter"
"2019-08-23 09:05:41,861 - hetero_ne_guest.py[line:197] - INFO: Remote guest_gradient to arbiter"
"2019-08-23 09:05:42,063 - hetero_ne_guest.py[line:206] - INFO: Get optim_guest_gradient from arbiter"
"2019-08-23 09:05:42,063 - hetero_ne_guest.py[line:209] - INFO: update node embedding"
"2019-08-23 09:05:42,339 - hetero_ne_guest.py[line:228] - INFO: Remote loss to arbiter"
"2019-08-23 09:05:42,886 - hetero_ne_guest.py[line:125] - INFO: batch:13"
"2019-08-23 09:05:42,887 - hetero_ne_guest.py[line:129] - INFO: remote mini-batch index to Host"
"2019-08-23 09:05:52,137 - hetero_ne_guest.py[line:161] - INFO: Get host_forward from host"
"2019-08-23 09:05:52,728 - hetero_ne_guest.py[line:181] - INFO: Remote host_gradient to arbiter"
"2019-08-23 09:05:53,521 - hetero_ne_guest.py[line:197] - INFO: Remote guest_gradient to arbiter"
"2019-08-23 09:05:53,823 - hetero_ne_guest.py[line:206] - INFO: Get optim_guest_gradient from arbiter"
"2019-08-23 09:05:53,823 - hetero_ne_guest.py[line:209] - INFO: update node embedding"
"2019-08-23 09:05:54,155 - hetero_ne_guest.py[line:228] - INFO: Remote loss to arbiter"
"2019-08-23 09:05:54,385 - hetero_ne_guest.py[line:125] - INFO: batch:14"
"2019-08-23 09:05:54,385 - hetero_ne_guest.py[line:129] - INFO: remote mini-batch index to Host"
"2019-08-23 09:06:04,094 - hetero_ne_guest.py[line:161] - INFO: Get host_forward from host"
"2019-08-23 09:06:04,662 - hetero_ne_guest.py[line:181] - INFO: Remote host_gradient to arbiter"
"2019-08-23 09:06:05,471 - hetero_ne_guest.py[line:197] - INFO: Remote guest_gradient to arbiter"
"2019-08-23 09:06:05,773 - hetero_ne_guest.py[line:206] - INFO: Get optim_guest_gradient from arbiter"
"2019-08-23 09:06:05,773 - hetero_ne_guest.py[line:209] - INFO: update node embedding"
"2019-08-23 09:06:06,243 - hetero_ne_guest.py[line:228] - INFO: Remote loss to arbiter"
"2019-08-23 09:06:06,418 - hetero_ne_guest.py[line:125] - INFO: batch:15"
"2019-08-23 09:06:06,418 - hetero_ne_guest.py[line:129] - INFO: remote mini-batch index to Host"
"2019-08-23 09:06:16,248 - hetero_ne_guest.py[line:161] - INFO: Get host_forward from host"
"2019-08-23 09:06:16,838 - hetero_ne_guest.py[line:181] - INFO: Remote host_gradient to arbiter"
"2019-08-23 09:06:17,642 - hetero_ne_guest.py[line:197] - INFO: Remote guest_gradient to arbiter"
"2019-08-23 09:06:17,945 - hetero_ne_guest.py[line:206] - INFO: Get optim_guest_gradient from arbiter"
"2019-08-23 09:06:17,945 - hetero_ne_guest.py[line:209] - INFO: update node embedding"
"2019-08-23 09:06:18,373 - hetero_ne_guest.py[line:228] - INFO: Remote loss to arbiter"
"2019-08-23 09:06:18,560 - hetero_ne_guest.py[line:125] - INFO: batch:16"
"2019-08-23 09:06:18,560 - hetero_ne_guest.py[line:129] - INFO: remote mini-batch index to Host"
"2019-08-23 09:06:28,140 - hetero_ne_guest.py[line:161] - INFO: Get host_forward from host"
"2019-08-23 09:06:28,874 - hetero_ne_guest.py[line:181] - INFO: Remote host_gradient to arbiter"
"2019-08-23 09:06:29,382 - hetero_ne_guest.py[line:197] - INFO: Remote guest_gradient to arbiter"
"2019-08-23 09:06:29,685 - hetero_ne_guest.py[line:206] - INFO: Get optim_guest_gradient from arbiter"
"2019-08-23 09:06:29,685 - hetero_ne_guest.py[line:209] - INFO: update node embedding"
"2019-08-23 09:06:29,938 - hetero_ne_guest.py[line:228] - INFO: Remote loss to arbiter"
"2019-08-23 09:06:30,442 - hetero_ne_guest.py[line:125] - INFO: batch:17"
"2019-08-23 09:06:30,442 - hetero_ne_guest.py[line:129] - INFO: remote mini-batch index to Host"
"2019-08-23 09:06:34,296 - hetero_ne_guest.py[line:161] - INFO: Get host_forward from host"
"2019-08-23 09:06:34,749 - hetero_ne_guest.py[line:181] - INFO: Remote host_gradient to arbiter"
"2019-08-23 09:06:35,403 - hetero_ne_guest.py[line:197] - INFO: Remote guest_gradient to arbiter"
"2019-08-23 09:06:35,705 - hetero_ne_guest.py[line:206] - INFO: Get optim_guest_gradient from arbiter"
"2019-08-23 09:06:35,705 - hetero_ne_guest.py[line:209] - INFO: update node embedding"
"2019-08-23 09:06:35,873 - hetero_ne_guest.py[line:228] - INFO: Remote loss to arbiter"
"2019-08-23 09:06:36,419 - hetero_ne_guest.py[line:249] - INFO: Get is_stop flag from arbiter:False"
"2019-08-23 09:06:36,419 - hetero_ne_guest.py[line:118] - INFO: iter:1"
"2019-08-23 09:06:36,419 - hetero_ne_guest.py[line:125] - INFO: batch:0"
