"2019-08-23 09:03:03,460 - workflow.py[line:862] - DEBUG: The job id is hetero_network_embedding_example_standalone_20190823090259"
"2019-08-23 09:03:03,460 - workflow.py[line:862] - DEBUG: The job id is hetero_network_embedding_example_standalone_20190823090259"
"2019-08-23 09:03:03,462 - workflow.py[line:864] - DEBUG: Finish eggroll and federation init"
"2019-08-23 09:03:03,462 - workflow.py[line:864] - DEBUG: Finish eggroll and federation init"
"2019-08-23 09:03:03,462 - workflow.py[line:818] - DEBUG: finish init pipeline"
"2019-08-23 09:03:03,462 - workflow.py[line:818] - DEBUG: finish init pipeline"
"2019-08-23 09:03:03,462 - workflow.py[line:214] - INFO: arbiter"
"2019-08-23 09:03:03,463 - workflow.py[line:909] - INFO: 4440 samples in guest"
"2019-08-23 09:03:03,467 - workflow.py[line:210] - DEBUG: Enter guest network embedding function"
"2019-08-23 09:03:03,468 - workflow.py[line:211] - DEBUG: Start intersection before network embedding"
"2019-08-23 09:03:03,468 - workflow.py[line:315] - INFO: need_intersect: true!"
"2019-08-23 09:03:03,468 - workflow.py[line:319] - INFO: Start intersection!"
"2019-08-23 09:03:03,727 - workflow.py[line:862] - DEBUG: The job id is hetero_network_embedding_example_standalone_20190823090259"
"2019-08-23 09:03:03,729 - workflow.py[line:864] - DEBUG: Finish eggroll and federation init"
"2019-08-23 09:03:03,729 - workflow.py[line:818] - DEBUG: finish init pipeline"
"2019-08-23 09:03:03,730 - workflow.py[line:909] - INFO: 4440 samples in host"
"2019-08-23 09:03:03,734 - workflow.py[line:210] - DEBUG: Enter host network embedding function"
"2019-08-23 09:03:03,734 - workflow.py[line:211] - DEBUG: Start intersection before network embedding"
"2019-08-23 09:03:03,734 - workflow.py[line:315] - INFO: need_intersect: true!"
"2019-08-23 09:03:03,735 - workflow.py[line:319] - INFO: Start intersection!"
"2019-08-23 09:03:04,988 - workflow.py[line:330] - INFO: finish intersection!"
"2019-08-23 09:03:04,988 - workflow.py[line:214] - INFO: guest"
"2019-08-23 09:03:05,192 - workflow.py[line:330] - INFO: finish intersection!"
"2019-08-23 09:03:05,192 - workflow.py[line:214] - INFO: host"
"2019-08-23 09:07:22,943 - workflow.py[line:914] - INFO: Network_embedding_finish"
