"2019-08-23 09:31:15,021 - hetero_ne_host.py[line:41] - INFO: Enter hetero_ne host"
"2019-08-23 09:31:15,022 - hetero_ne_host.py[line:43] - INFO: Host party has 2319 nodes"
"2019-08-23 09:31:15,319 - hetero_ne_host.py[line:46] - INFO: Transform input data to train instance"
"2019-08-23 09:31:15,320 - hetero_ne_host.py[line:53] - INFO: Get Publick key from arbiter:<PaillierPublicKey 12e1615a1b>"
"2019-08-23 09:31:19,337 - hetero_ne_host.py[line:59] - INFO: Get batch_info from guest: {'batch_size': 256, 'batch_num': 18}"
"2019-08-23 09:31:19,337 - hetero_ne_host.py[line:73] - INFO: Start initilize model."
"2019-08-23 09:31:19,337 - hetero_ne_host.py[line:80] - INFO: iter: 0"
"2019-08-23 09:31:19,338 - hetero_ne_host.py[line:83] - INFO: batch:0"
"2019-08-23 09:31:19,439 - hetero_ne_host.py[line:96] - INFO: Get batch_index from Guest"
"2019-08-23 09:31:19,711 - hetero_ne_host.py[line:109] - INFO: batch_data_inst size:256"
"2019-08-23 09:31:28,479 - hetero_ne_host.py[line:124] - INFO: Remote host_forward to guest"
"2019-08-23 09:31:30,186 - hetero_ne_host.py[line:134] - INFO: Get optim_host_gradient from arbiter"
"2019-08-23 09:31:30,318 - hetero_ne_host.py[line:137] - INFO: update_model"
"2019-08-23 09:31:30,407 - hetero_ne_host.py[line:83] - INFO: batch:1"
"2019-08-23 09:31:31,011 - hetero_ne_host.py[line:96] - INFO: Get batch_index from Guest"
"2019-08-23 09:31:31,073 - hetero_ne_host.py[line:109] - INFO: batch_data_inst size:256"
"2019-08-23 09:31:39,681 - hetero_ne_host.py[line:124] - INFO: Remote host_forward to guest"
"2019-08-23 09:31:42,393 - hetero_ne_host.py[line:134] - INFO: Get optim_host_gradient from arbiter"
"2019-08-23 09:31:42,664 - hetero_ne_host.py[line:137] - INFO: update_model"
"2019-08-23 09:31:42,985 - hetero_ne_host.py[line:83] - INFO: batch:2"
"2019-08-23 09:31:43,287 - hetero_ne_host.py[line:96] - INFO: Get batch_index from Guest"
"2019-08-23 09:31:43,832 - hetero_ne_host.py[line:109] - INFO: batch_data_inst size:256"
"2019-08-23 09:31:52,576 - hetero_ne_host.py[line:124] - INFO: Remote host_forward to guest"
"2019-08-23 09:31:54,685 - hetero_ne_host.py[line:134] - INFO: Get optim_host_gradient from arbiter"
"2019-08-23 09:31:54,789 - hetero_ne_host.py[line:137] - INFO: update_model"
"2019-08-23 09:31:54,938 - hetero_ne_host.py[line:83] - INFO: batch:3"
"2019-08-23 09:31:55,642 - hetero_ne_host.py[line:96] - INFO: Get batch_index from Guest"
"2019-08-23 09:31:55,749 - hetero_ne_host.py[line:109] - INFO: batch_data_inst size:256"
"2019-08-23 09:32:04,683 - hetero_ne_host.py[line:124] - INFO: Remote host_forward to guest"
"2019-08-23 09:32:06,491 - hetero_ne_host.py[line:134] - INFO: Get optim_host_gradient from arbiter"
"2019-08-23 09:32:06,586 - hetero_ne_host.py[line:137] - INFO: update_model"
"2019-08-23 09:32:06,682 - hetero_ne_host.py[line:83] - INFO: batch:4"
"2019-08-23 09:32:07,285 - hetero_ne_host.py[line:96] - INFO: Get batch_index from Guest"
"2019-08-23 09:32:07,400 - hetero_ne_host.py[line:109] - INFO: batch_data_inst size:256"
"2019-08-23 09:32:15,931 - hetero_ne_host.py[line:124] - INFO: Remote host_forward to guest"
"2019-08-23 09:32:18,141 - hetero_ne_host.py[line:134] - INFO: Get optim_host_gradient from arbiter"
"2019-08-23 09:32:18,255 - hetero_ne_host.py[line:137] - INFO: update_model"
"2019-08-23 09:32:18,362 - hetero_ne_host.py[line:83] - INFO: batch:5"
"2019-08-23 09:32:18,965 - hetero_ne_host.py[line:96] - INFO: Get batch_index from Guest"
"2019-08-23 09:32:19,049 - hetero_ne_host.py[line:109] - INFO: batch_data_inst size:256"
"2019-08-23 09:32:27,909 - hetero_ne_host.py[line:124] - INFO: Remote host_forward to guest"
"2019-08-23 09:32:29,917 - hetero_ne_host.py[line:134] - INFO: Get optim_host_gradient from arbiter"
"2019-08-23 09:32:30,072 - hetero_ne_host.py[line:137] - INFO: update_model"
"2019-08-23 09:32:30,149 - hetero_ne_host.py[line:83] - INFO: batch:6"
"2019-08-23 09:32:30,753 - hetero_ne_host.py[line:96] - INFO: Get batch_index from Guest"
"2019-08-23 09:32:30,875 - hetero_ne_host.py[line:109] - INFO: batch_data_inst size:256"
"2019-08-23 09:32:39,625 - hetero_ne_host.py[line:124] - INFO: Remote host_forward to guest"
"2019-08-23 09:32:41,333 - hetero_ne_host.py[line:134] - INFO: Get optim_host_gradient from arbiter"
"2019-08-23 09:32:41,505 - hetero_ne_host.py[line:137] - INFO: update_model"
"2019-08-23 09:32:41,617 - hetero_ne_host.py[line:83] - INFO: batch:7"
"2019-08-23 09:32:42,120 - hetero_ne_host.py[line:96] - INFO: Get batch_index from Guest"
"2019-08-23 09:32:42,215 - hetero_ne_host.py[line:109] - INFO: batch_data_inst size:256"
"2019-08-23 09:32:50,974 - hetero_ne_host.py[line:124] - INFO: Remote host_forward to guest"
"2019-08-23 09:32:52,581 - hetero_ne_host.py[line:134] - INFO: Get optim_host_gradient from arbiter"
"2019-08-23 09:32:52,706 - hetero_ne_host.py[line:137] - INFO: update_model"
"2019-08-23 09:32:52,978 - hetero_ne_host.py[line:83] - INFO: batch:8"
"2019-08-23 09:32:53,381 - hetero_ne_host.py[line:96] - INFO: Get batch_index from Guest"
"2019-08-23 09:32:53,824 - hetero_ne_host.py[line:109] - INFO: batch_data_inst size:256"
"2019-08-23 09:33:02,709 - hetero_ne_host.py[line:124] - INFO: Remote host_forward to guest"
"2019-08-23 09:33:05,119 - hetero_ne_host.py[line:134] - INFO: Get optim_host_gradient from arbiter"
"2019-08-23 09:33:05,422 - hetero_ne_host.py[line:137] - INFO: update_model"
"2019-08-23 09:33:05,550 - hetero_ne_host.py[line:83] - INFO: batch:9"
"2019-08-23 09:33:05,853 - hetero_ne_host.py[line:96] - INFO: Get batch_index from Guest"
"2019-08-23 09:33:05,938 - hetero_ne_host.py[line:109] - INFO: batch_data_inst size:256"
"2019-08-23 09:33:15,804 - hetero_ne_host.py[line:124] - INFO: Remote host_forward to guest"
"2019-08-23 09:33:18,115 - hetero_ne_host.py[line:134] - INFO: Get optim_host_gradient from arbiter"
"2019-08-23 09:33:18,668 - hetero_ne_host.py[line:137] - INFO: update_model"
"2019-08-23 09:33:18,974 - hetero_ne_host.py[line:83] - INFO: batch:10"
"2019-08-23 09:33:19,376 - hetero_ne_host.py[line:96] - INFO: Get batch_index from Guest"
"2019-08-23 09:33:19,765 - hetero_ne_host.py[line:109] - INFO: batch_data_inst size:256"
"2019-08-23 09:33:29,001 - hetero_ne_host.py[line:124] - INFO: Remote host_forward to guest"
"2019-08-23 09:33:31,010 - hetero_ne_host.py[line:134] - INFO: Get optim_host_gradient from arbiter"
"2019-08-23 09:33:31,124 - hetero_ne_host.py[line:137] - INFO: update_model"
"2019-08-23 09:33:31,373 - hetero_ne_host.py[line:83] - INFO: batch:11"
"2019-08-23 09:33:32,077 - hetero_ne_host.py[line:96] - INFO: Get batch_index from Guest"
"2019-08-23 09:33:32,191 - hetero_ne_host.py[line:109] - INFO: batch_data_inst size:256"
"2019-08-23 09:33:41,639 - hetero_ne_host.py[line:124] - INFO: Remote host_forward to guest"
"2019-08-23 09:33:43,548 - hetero_ne_host.py[line:134] - INFO: Get optim_host_gradient from arbiter"
"2019-08-23 09:33:44,268 - hetero_ne_host.py[line:137] - INFO: update_model"
"2019-08-23 09:33:44,550 - hetero_ne_host.py[line:83] - INFO: batch:12"
"2019-08-23 09:33:45,053 - hetero_ne_host.py[line:96] - INFO: Get batch_index from Guest"
"2019-08-23 09:33:45,173 - hetero_ne_host.py[line:109] - INFO: batch_data_inst size:256"
"2019-08-23 09:33:55,203 - hetero_ne_host.py[line:124] - INFO: Remote host_forward to guest"
"2019-08-23 09:33:57,136 - hetero_ne_host.py[line:134] - INFO: Get optim_host_gradient from arbiter"
"2019-08-23 09:33:57,258 - hetero_ne_host.py[line:137] - INFO: update_model"
"2019-08-23 09:33:57,348 - hetero_ne_host.py[line:83] - INFO: batch:13"
"2019-08-23 09:33:57,851 - hetero_ne_host.py[line:96] - INFO: Get batch_index from Guest"
"2019-08-23 09:33:58,048 - hetero_ne_host.py[line:109] - INFO: batch_data_inst size:256"
"2019-08-23 09:34:07,644 - hetero_ne_host.py[line:124] - INFO: Remote host_forward to guest"
"2019-08-23 09:34:10,254 - hetero_ne_host.py[line:134] - INFO: Get optim_host_gradient from arbiter"
"2019-08-23 09:34:10,382 - hetero_ne_host.py[line:137] - INFO: update_model"
"2019-08-23 09:34:10,456 - hetero_ne_host.py[line:83] - INFO: batch:14"
"2019-08-23 09:34:11,101 - hetero_ne_host.py[line:96] - INFO: Get batch_index from Guest"
"2019-08-23 09:34:11,282 - hetero_ne_host.py[line:109] - INFO: batch_data_inst size:256"
"2019-08-23 09:34:21,278 - hetero_ne_host.py[line:124] - INFO: Remote host_forward to guest"
"2019-08-23 09:34:23,387 - hetero_ne_host.py[line:134] - INFO: Get optim_host_gradient from arbiter"
"2019-08-23 09:34:23,500 - hetero_ne_host.py[line:137] - INFO: update_model"
"2019-08-23 09:34:23,702 - hetero_ne_host.py[line:83] - INFO: batch:15"
"2019-08-23 09:34:25,388 - hetero_ne_host.py[line:96] - INFO: Get batch_index from Guest"
"2019-08-23 09:34:25,547 - hetero_ne_host.py[line:109] - INFO: batch_data_inst size:256"
"2019-08-23 09:34:35,793 - hetero_ne_host.py[line:124] - INFO: Remote host_forward to guest"
"2019-08-23 09:34:38,475 - hetero_ne_host.py[line:134] - INFO: Get optim_host_gradient from arbiter"
"2019-08-23 09:34:38,609 - hetero_ne_host.py[line:137] - INFO: update_model"
"2019-08-23 09:34:38,743 - hetero_ne_host.py[line:83] - INFO: batch:16"
"2019-08-23 09:34:39,565 - hetero_ne_host.py[line:96] - INFO: Get batch_index from Guest"
"2019-08-23 09:34:39,922 - hetero_ne_host.py[line:109] - INFO: batch_data_inst size:256"
"2019-08-23 09:34:51,031 - hetero_ne_host.py[line:124] - INFO: Remote host_forward to guest"
"2019-08-23 09:34:53,367 - hetero_ne_host.py[line:134] - INFO: Get optim_host_gradient from arbiter"
"2019-08-23 09:34:53,546 - hetero_ne_host.py[line:137] - INFO: update_model"
"2019-08-23 09:34:53,879 - hetero_ne_host.py[line:83] - INFO: batch:17"
"2019-08-23 09:34:54,585 - hetero_ne_host.py[line:96] - INFO: Get batch_index from Guest"
"2019-08-23 09:34:54,761 - hetero_ne_host.py[line:109] - INFO: batch_data_inst size:88"
"2019-08-23 09:35:00,804 - hetero_ne_host.py[line:124] - INFO: Remote host_forward to guest"
"2019-08-23 09:35:02,914 - hetero_ne_host.py[line:134] - INFO: Get optim_host_gradient from arbiter"
"2019-08-23 09:35:03,192 - hetero_ne_host.py[line:137] - INFO: update_model"
"2019-08-23 09:35:04,269 - hetero_ne_host.py[line:154] - INFO: Get is_stop flag from arbiter:[False]"
"2019-08-23 09:35:04,269 - hetero_ne_host.py[line:158] - INFO: Reach max iter 20, train mode finish!"
"2019-08-23 09:35:04,270 - hetero_ne_host.py[line:80] - INFO: iter: 1"
"2019-08-23 09:35:04,270 - hetero_ne_host.py[line:83] - INFO: batch:0"
"2019-08-23 09:35:04,374 - hetero_ne_host.py[line:109] - INFO: batch_data_inst size:256"
"2019-08-23 09:35:16,086 - hetero_ne_host.py[line:124] - INFO: Remote host_forward to guest"
"2019-08-23 09:35:19,501 - hetero_ne_host.py[line:134] - INFO: Get optim_host_gradient from arbiter"
"2019-08-23 09:35:20,611 - hetero_ne_host.py[line:137] - INFO: update_model"
"2019-08-23 09:35:21,147 - hetero_ne_host.py[line:83] - INFO: batch:1"
"2019-08-23 09:35:21,220 - hetero_ne_host.py[line:109] - INFO: batch_data_inst size:256"
"2019-08-23 09:35:31,319 - hetero_ne_host.py[line:124] - INFO: Remote host_forward to guest"
"2019-08-23 09:35:34,256 - hetero_ne_host.py[line:134] - INFO: Get optim_host_gradient from arbiter"
"2019-08-23 09:35:34,432 - hetero_ne_host.py[line:137] - INFO: update_model"
"2019-08-23 09:35:34,767 - hetero_ne_host.py[line:83] - INFO: batch:2"
"2019-08-23 09:35:34,800 - hetero_ne_host.py[line:109] - INFO: batch_data_inst size:256"
"2019-08-23 09:35:45,764 - hetero_ne_host.py[line:124] - INFO: Remote host_forward to guest"
"2019-08-23 09:35:47,720 - hetero_ne_host.py[line:134] - INFO: Get optim_host_gradient from arbiter"
"2019-08-23 09:35:47,888 - hetero_ne_host.py[line:137] - INFO: update_model"
"2019-08-23 09:35:48,390 - hetero_ne_host.py[line:83] - INFO: batch:3"
"2019-08-23 09:35:48,441 - hetero_ne_host.py[line:109] - INFO: batch_data_inst size:256"
"2019-08-23 09:35:58,110 - hetero_ne_host.py[line:124] - INFO: Remote host_forward to guest"
"2019-08-23 09:36:05,539 - hetero_ne_host.py[line:134] - INFO: Get optim_host_gradient from arbiter"
"2019-08-23 09:36:06,205 - hetero_ne_host.py[line:137] - INFO: update_model"
"2019-08-23 09:36:06,554 - hetero_ne_host.py[line:83] - INFO: batch:4"
"2019-08-23 09:36:06,660 - hetero_ne_host.py[line:109] - INFO: batch_data_inst size:256"
"2019-08-23 09:36:19,377 - hetero_ne_host.py[line:124] - INFO: Remote host_forward to guest"
"2019-08-23 09:36:24,699 - hetero_ne_host.py[line:134] - INFO: Get optim_host_gradient from arbiter"
"2019-08-23 09:36:25,999 - hetero_ne_host.py[line:137] - INFO: update_model"
"2019-08-23 09:36:26,604 - hetero_ne_host.py[line:83] - INFO: batch:5"
"2019-08-23 09:36:26,688 - hetero_ne_host.py[line:109] - INFO: batch_data_inst size:256"
"2019-08-23 09:36:40,005 - hetero_ne_host.py[line:124] - INFO: Remote host_forward to guest"
"2019-08-23 09:36:54,939 - hetero_ne_host.py[line:134] - INFO: Get optim_host_gradient from arbiter"
"2019-08-23 09:36:55,959 - hetero_ne_host.py[line:137] - INFO: update_model"
"2019-08-23 09:36:56,977 - hetero_ne_host.py[line:83] - INFO: batch:6"
"2019-08-23 09:36:57,019 - hetero_ne_host.py[line:109] - INFO: batch_data_inst size:256"
"2019-08-23 09:37:21,308 - hetero_ne_host.py[line:124] - INFO: Remote host_forward to guest"
"2019-08-23 09:37:31,941 - hetero_ne_host.py[line:134] - INFO: Get optim_host_gradient from arbiter"
"2019-08-23 09:37:33,023 - hetero_ne_host.py[line:137] - INFO: update_model"
"2019-08-23 09:37:33,525 - hetero_ne_host.py[line:83] - INFO: batch:7"
"2019-08-23 09:37:33,667 - hetero_ne_host.py[line:109] - INFO: batch_data_inst size:256"
"2019-08-23 09:37:48,636 - hetero_ne_host.py[line:124] - INFO: Remote host_forward to guest"
"2019-08-23 09:38:00,278 - hetero_ne_host.py[line:134] - INFO: Get optim_host_gradient from arbiter"
"2019-08-23 09:38:01,570 - hetero_ne_host.py[line:137] - INFO: update_model"
"2019-08-23 09:38:02,251 - hetero_ne_host.py[line:83] - INFO: batch:8"
"2019-08-23 09:38:02,297 - hetero_ne_host.py[line:109] - INFO: batch_data_inst size:256"
"2019-08-23 09:38:13,311 - hetero_ne_host.py[line:124] - INFO: Remote host_forward to guest"
"2019-08-23 09:38:19,615 - hetero_ne_host.py[line:134] - INFO: Get optim_host_gradient from arbiter"
"2019-08-23 09:38:20,030 - hetero_ne_host.py[line:137] - INFO: update_model"
"2019-08-23 09:38:20,271 - hetero_ne_host.py[line:83] - INFO: batch:9"
"2019-08-23 09:38:20,328 - hetero_ne_host.py[line:109] - INFO: batch_data_inst size:256"
"2019-08-23 09:38:31,268 - hetero_ne_host.py[line:124] - INFO: Remote host_forward to guest"
"2019-08-23 09:38:34,986 - hetero_ne_host.py[line:134] - INFO: Get optim_host_gradient from arbiter"
"2019-08-23 09:38:35,368 - hetero_ne_host.py[line:137] - INFO: update_model"
"2019-08-23 09:38:36,099 - hetero_ne_host.py[line:83] - INFO: batch:10"
"2019-08-23 09:38:36,216 - hetero_ne_host.py[line:109] - INFO: batch_data_inst size:256"
"2019-08-23 09:38:48,479 - hetero_ne_host.py[line:124] - INFO: Remote host_forward to guest"
"2019-08-23 09:38:51,158 - hetero_ne_host.py[line:134] - INFO: Get optim_host_gradient from arbiter"
"2019-08-23 09:38:51,301 - hetero_ne_host.py[line:137] - INFO: update_model"
"2019-08-23 09:38:51,390 - hetero_ne_host.py[line:83] - INFO: batch:11"
"2019-08-23 09:38:51,480 - hetero_ne_host.py[line:109] - INFO: batch_data_inst size:256"
