"2019-08-23 09:31:12,553 - hetero_ne_arbiter.py[line:54] - INFO: Enter hetero_ne_arbiter fit"
"2019-08-23 09:31:12,591 - hetero_ne_arbiter.py[line:61] - INFO: public_key: <PaillierPublicKey 12e1615a1b>"
"2019-08-23 09:31:13,127 - hetero_ne_arbiter.py[line:69] - INFO: remote publick_key to host"
"2019-08-23 09:31:13,579 - hetero_ne_arbiter.py[line:76] - INFO: remote public_key to guest"
"2019-08-23 09:31:19,411 - hetero_ne_arbiter.py[line:81] - INFO: Get batch_info from guest: {'batch_size': 256, 'batch_num': 18}"
"2019-08-23 09:31:19,411 - hetero_ne_arbiter.py[line:88] - INFO: iter: 0"
"2019-08-23 09:31:19,411 - hetero_ne_arbiter.py[line:93] - INFO: batch: 0"
"2019-08-23 09:31:29,159 - hetero_ne_arbiter.py[line:101] - INFO: Get host_gradient from GUEST"
"2019-08-23 09:31:29,964 - hetero_ne_arbiter.py[line:108] - INFO: Get guest_gradient from GUEST"
"2019-08-23 09:31:30,139 - hetero_ne_arbiter.py[line:126] - INFO: host gradients number: 256"
"2019-08-23 09:31:30,139 - hetero_ne_arbiter.py[line:127] - INFO: guest gradients number: 256"
"2019-08-23 09:31:30,168 - hetero_ne_arbiter.py[line:138] - INFO: Remote host_optim_gradient to Host"
"2019-08-23 09:31:30,194 - hetero_ne_arbiter.py[line:149] - INFO: Remote guest_optim_gradient to Guest"
"2019-08-23 09:31:30,496 - hetero_ne_arbiter.py[line:164] - INFO: Get loss from guest: 0.272204998010382"
"2019-08-23 09:31:30,496 - hetero_ne_arbiter.py[line:93] - INFO: batch: 1"
"2019-08-23 09:31:40,536 - hetero_ne_arbiter.py[line:101] - INFO: Get host_gradient from GUEST"
"2019-08-23 09:31:41,943 - hetero_ne_arbiter.py[line:108] - INFO: Get guest_gradient from GUEST"
"2019-08-23 09:31:42,240 - hetero_ne_arbiter.py[line:126] - INFO: host gradients number: 256"
"2019-08-23 09:31:42,240 - hetero_ne_arbiter.py[line:127] - INFO: guest gradients number: 256"
"2019-08-23 09:31:42,305 - hetero_ne_arbiter.py[line:138] - INFO: Remote host_optim_gradient to Host"
"2019-08-23 09:31:42,339 - hetero_ne_arbiter.py[line:149] - INFO: Remote guest_optim_gradient to Guest"
"2019-08-23 09:31:42,943 - hetero_ne_arbiter.py[line:164] - INFO: Get loss from guest: 0.293754642650772"
"2019-08-23 09:31:42,943 - hetero_ne_arbiter.py[line:93] - INFO: batch: 2"
"2019-08-23 09:31:53,519 - hetero_ne_arbiter.py[line:101] - INFO: Get host_gradient from GUEST"
"2019-08-23 09:31:54,424 - hetero_ne_arbiter.py[line:108] - INFO: Get guest_gradient from GUEST"
"2019-08-23 09:31:54,592 - hetero_ne_arbiter.py[line:126] - INFO: host gradients number: 256"
"2019-08-23 09:31:54,592 - hetero_ne_arbiter.py[line:127] - INFO: guest gradients number: 256"
"2019-08-23 09:31:54,604 - hetero_ne_arbiter.py[line:138] - INFO: Remote host_optim_gradient to Host"
"2019-08-23 09:31:54,622 - hetero_ne_arbiter.py[line:149] - INFO: Remote guest_optim_gradient to Guest"
"2019-08-23 09:31:55,025 - hetero_ne_arbiter.py[line:164] - INFO: Get loss from guest: 0.5181824553932582"
"2019-08-23 09:31:55,025 - hetero_ne_arbiter.py[line:93] - INFO: batch: 3"
"2019-08-23 09:32:05,463 - hetero_ne_arbiter.py[line:101] - INFO: Get host_gradient from GUEST"
"2019-08-23 09:32:06,267 - hetero_ne_arbiter.py[line:108] - INFO: Get guest_gradient from GUEST"
"2019-08-23 09:32:06,404 - hetero_ne_arbiter.py[line:126] - INFO: host gradients number: 256"
"2019-08-23 09:32:06,404 - hetero_ne_arbiter.py[line:127] - INFO: guest gradients number: 256"
"2019-08-23 09:32:06,433 - hetero_ne_arbiter.py[line:138] - INFO: Remote host_optim_gradient to Host"
"2019-08-23 09:32:06,459 - hetero_ne_arbiter.py[line:149] - INFO: Remote guest_optim_gradient to Guest"
"2019-08-23 09:32:06,762 - hetero_ne_arbiter.py[line:164] - INFO: Get loss from guest: 2.61241874385419"
"2019-08-23 09:32:06,762 - hetero_ne_arbiter.py[line:93] - INFO: batch: 4"
"2019-08-23 09:32:17,099 - hetero_ne_arbiter.py[line:101] - INFO: Get host_gradient from GUEST"
"2019-08-23 09:32:17,904 - hetero_ne_arbiter.py[line:108] - INFO: Get guest_gradient from GUEST"
"2019-08-23 09:32:18,059 - hetero_ne_arbiter.py[line:126] - INFO: host gradients number: 256"
"2019-08-23 09:32:18,059 - hetero_ne_arbiter.py[line:127] - INFO: guest gradients number: 256"
"2019-08-23 09:32:18,081 - hetero_ne_arbiter.py[line:138] - INFO: Remote host_optim_gradient to Host"
"2019-08-23 09:32:18,103 - hetero_ne_arbiter.py[line:149] - INFO: Remote guest_optim_gradient to Guest"
"2019-08-23 09:32:18,406 - hetero_ne_arbiter.py[line:164] - INFO: Get loss from guest: 2.7684448656154297"
"2019-08-23 09:32:18,406 - hetero_ne_arbiter.py[line:93] - INFO: batch: 5"
"2019-08-23 09:32:28,748 - hetero_ne_arbiter.py[line:101] - INFO: Get host_gradient from GUEST"
"2019-08-23 09:32:29,753 - hetero_ne_arbiter.py[line:108] - INFO: Get guest_gradient from GUEST"
"2019-08-23 09:32:29,892 - hetero_ne_arbiter.py[line:126] - INFO: host gradients number: 256"
"2019-08-23 09:32:29,892 - hetero_ne_arbiter.py[line:127] - INFO: guest gradients number: 256"
"2019-08-23 09:32:29,921 - hetero_ne_arbiter.py[line:138] - INFO: Remote host_optim_gradient to Host"
"2019-08-23 09:32:29,948 - hetero_ne_arbiter.py[line:149] - INFO: Remote guest_optim_gradient to Guest"
"2019-08-23 09:32:30,250 - hetero_ne_arbiter.py[line:164] - INFO: Get loss from guest: 2.6949973682531447"
"2019-08-23 09:32:30,250 - hetero_ne_arbiter.py[line:93] - INFO: batch: 6"
"2019-08-23 09:32:40,288 - hetero_ne_arbiter.py[line:101] - INFO: Get host_gradient from GUEST"
"2019-08-23 09:32:41,093 - hetero_ne_arbiter.py[line:108] - INFO: Get guest_gradient from GUEST"
"2019-08-23 09:32:41,265 - hetero_ne_arbiter.py[line:126] - INFO: host gradients number: 256"
"2019-08-23 09:32:41,265 - hetero_ne_arbiter.py[line:127] - INFO: guest gradients number: 256"
"2019-08-23 09:32:41,292 - hetero_ne_arbiter.py[line:138] - INFO: Remote host_optim_gradient to Host"
"2019-08-23 09:32:41,315 - hetero_ne_arbiter.py[line:149] - INFO: Remote guest_optim_gradient to Guest"
"2019-08-23 09:32:41,718 - hetero_ne_arbiter.py[line:164] - INFO: Get loss from guest: 2.721500915059238"
"2019-08-23 09:32:41,718 - hetero_ne_arbiter.py[line:93] - INFO: batch: 7"
"2019-08-23 09:32:51,856 - hetero_ne_arbiter.py[line:101] - INFO: Get host_gradient from GUEST"
"2019-08-23 09:32:52,359 - hetero_ne_arbiter.py[line:108] - INFO: Get guest_gradient from GUEST"
"2019-08-23 09:32:52,559 - hetero_ne_arbiter.py[line:126] - INFO: host gradients number: 256"
"2019-08-23 09:32:52,560 - hetero_ne_arbiter.py[line:127] - INFO: guest gradients number: 256"
"2019-08-23 09:32:52,581 - hetero_ne_arbiter.py[line:138] - INFO: Remote host_optim_gradient to Host"
"2019-08-23 09:32:52,604 - hetero_ne_arbiter.py[line:149] - INFO: Remote guest_optim_gradient to Guest"
"2019-08-23 09:32:53,106 - hetero_ne_arbiter.py[line:164] - INFO: Get loss from guest: 2.4140355478267272"
"2019-08-23 09:32:53,106 - hetero_ne_arbiter.py[line:93] - INFO: batch: 8"
"2019-08-23 09:33:03,963 - hetero_ne_arbiter.py[line:101] - INFO: Get host_gradient from GUEST"
"2019-08-23 09:33:04,867 - hetero_ne_arbiter.py[line:108] - INFO: Get guest_gradient from GUEST"
"2019-08-23 09:33:05,042 - hetero_ne_arbiter.py[line:126] - INFO: host gradients number: 256"
"2019-08-23 09:33:05,042 - hetero_ne_arbiter.py[line:127] - INFO: guest gradients number: 256"
"2019-08-23 09:33:05,059 - hetero_ne_arbiter.py[line:138] - INFO: Remote host_optim_gradient to Host"
"2019-08-23 09:33:05,075 - hetero_ne_arbiter.py[line:149] - INFO: Remote guest_optim_gradient to Guest"
"2019-08-23 09:33:05,578 - hetero_ne_arbiter.py[line:164] - INFO: Get loss from guest: 2.6867217537084316"
"2019-08-23 09:33:05,578 - hetero_ne_arbiter.py[line:93] - INFO: batch: 9"
"2019-08-23 09:33:16,825 - hetero_ne_arbiter.py[line:101] - INFO: Get host_gradient from GUEST"
"2019-08-23 09:33:17,731 - hetero_ne_arbiter.py[line:108] - INFO: Get guest_gradient from GUEST"
"2019-08-23 09:33:18,047 - hetero_ne_arbiter.py[line:126] - INFO: host gradients number: 256"
"2019-08-23 09:33:18,072 - hetero_ne_arbiter.py[line:127] - INFO: guest gradients number: 256"
"2019-08-23 09:33:18,119 - hetero_ne_arbiter.py[line:138] - INFO: Remote host_optim_gradient to Host"
"2019-08-23 09:33:18,191 - hetero_ne_arbiter.py[line:149] - INFO: Remote guest_optim_gradient to Guest"
"2019-08-23 09:33:19,096 - hetero_ne_arbiter.py[line:164] - INFO: Get loss from guest: 2.728076841632567"
"2019-08-23 09:33:19,096 - hetero_ne_arbiter.py[line:93] - INFO: batch: 10"
"2019-08-23 09:33:29,842 - hetero_ne_arbiter.py[line:101] - INFO: Get host_gradient from GUEST"
"2019-08-23 09:33:30,747 - hetero_ne_arbiter.py[line:108] - INFO: Get guest_gradient from GUEST"
"2019-08-23 09:33:30,925 - hetero_ne_arbiter.py[line:126] - INFO: host gradients number: 256"
"2019-08-23 09:33:30,925 - hetero_ne_arbiter.py[line:127] - INFO: guest gradients number: 256"
"2019-08-23 09:33:30,941 - hetero_ne_arbiter.py[line:138] - INFO: Remote host_optim_gradient to Host"
"2019-08-23 09:33:31,030 - hetero_ne_arbiter.py[line:149] - INFO: Remote guest_optim_gradient to Guest"
"2019-08-23 09:33:31,533 - hetero_ne_arbiter.py[line:164] - INFO: Get loss from guest: 2.839861081948938"
"2019-08-23 09:33:31,533 - hetero_ne_arbiter.py[line:93] - INFO: batch: 11"
"2019-08-23 09:33:42,277 - hetero_ne_arbiter.py[line:101] - INFO: Get host_gradient from GUEST"
"2019-08-23 09:33:43,282 - hetero_ne_arbiter.py[line:108] - INFO: Get guest_gradient from GUEST"
"2019-08-23 09:33:43,446 - hetero_ne_arbiter.py[line:126] - INFO: host gradients number: 256"
"2019-08-23 09:33:43,447 - hetero_ne_arbiter.py[line:127] - INFO: guest gradients number: 256"
"2019-08-23 09:33:43,463 - hetero_ne_arbiter.py[line:138] - INFO: Remote host_optim_gradient to Host"
"2019-08-23 09:33:43,479 - hetero_ne_arbiter.py[line:149] - INFO: Remote guest_optim_gradient to Guest"
"2019-08-23 09:33:44,685 - hetero_ne_arbiter.py[line:164] - INFO: Get loss from guest: 2.6521281870514524"
"2019-08-23 09:33:44,686 - hetero_ne_arbiter.py[line:93] - INFO: batch: 12"
"2019-08-23 09:33:55,933 - hetero_ne_arbiter.py[line:101] - INFO: Get host_gradient from GUEST"
"2019-08-23 09:33:56,785 - hetero_ne_arbiter.py[line:108] - INFO: Get guest_gradient from GUEST"
"2019-08-23 09:33:57,022 - hetero_ne_arbiter.py[line:126] - INFO: host gradients number: 256"
"2019-08-23 09:33:57,023 - hetero_ne_arbiter.py[line:127] - INFO: guest gradients number: 256"
"2019-08-23 09:33:57,112 - hetero_ne_arbiter.py[line:138] - INFO: Remote host_optim_gradient to Host"
"2019-08-23 09:33:57,129 - hetero_ne_arbiter.py[line:149] - INFO: Remote guest_optim_gradient to Guest"
"2019-08-23 09:33:57,431 - hetero_ne_arbiter.py[line:164] - INFO: Get loss from guest: 2.6068078143373477"
"2019-08-23 09:33:57,431 - hetero_ne_arbiter.py[line:93] - INFO: batch: 13"
"2019-08-23 09:34:08,485 - hetero_ne_arbiter.py[line:101] - INFO: Get host_gradient from GUEST"
"2019-08-23 09:34:09,692 - hetero_ne_arbiter.py[line:108] - INFO: Get guest_gradient from GUEST"
"2019-08-23 09:34:10,148 - hetero_ne_arbiter.py[line:126] - INFO: host gradients number: 256"
"2019-08-23 09:34:10,149 - hetero_ne_arbiter.py[line:127] - INFO: guest gradients number: 256"
"2019-08-23 09:34:10,222 - hetero_ne_arbiter.py[line:138] - INFO: Remote host_optim_gradient to Host"
"2019-08-23 09:34:10,355 - hetero_ne_arbiter.py[line:149] - INFO: Remote guest_optim_gradient to Guest"
"2019-08-23 09:34:10,557 - hetero_ne_arbiter.py[line:164] - INFO: Get loss from guest: 2.8165327893051724"
"2019-08-23 09:34:10,557 - hetero_ne_arbiter.py[line:93] - INFO: batch: 14"
"2019-08-23 09:34:22,004 - hetero_ne_arbiter.py[line:101] - INFO: Get host_gradient from GUEST"
"2019-08-23 09:34:23,110 - hetero_ne_arbiter.py[line:108] - INFO: Get guest_gradient from GUEST"
"2019-08-23 09:34:23,377 - hetero_ne_arbiter.py[line:126] - INFO: host gradients number: 256"
"2019-08-23 09:34:23,378 - hetero_ne_arbiter.py[line:127] - INFO: guest gradients number: 256"
"2019-08-23 09:34:23,389 - hetero_ne_arbiter.py[line:138] - INFO: Remote host_optim_gradient to Host"
"2019-08-23 09:34:23,400 - hetero_ne_arbiter.py[line:149] - INFO: Remote guest_optim_gradient to Guest"
"2019-08-23 09:34:24,305 - hetero_ne_arbiter.py[line:164] - INFO: Get loss from guest: 2.619710782898457"
"2019-08-23 09:34:24,305 - hetero_ne_arbiter.py[line:93] - INFO: batch: 15"
"2019-08-23 09:34:36,856 - hetero_ne_arbiter.py[line:101] - INFO: Get host_gradient from GUEST"
"2019-08-23 09:34:37,913 - hetero_ne_arbiter.py[line:108] - INFO: Get guest_gradient from GUEST"
"2019-08-23 09:34:38,379 - hetero_ne_arbiter.py[line:126] - INFO: host gradients number: 256"
"2019-08-23 09:34:38,380 - hetero_ne_arbiter.py[line:127] - INFO: guest gradients number: 256"
"2019-08-23 09:34:38,457 - hetero_ne_arbiter.py[line:138] - INFO: Remote host_optim_gradient to Host"
"2019-08-23 09:34:38,472 - hetero_ne_arbiter.py[line:149] - INFO: Remote guest_optim_gradient to Guest"
"2019-08-23 09:34:38,874 - hetero_ne_arbiter.py[line:164] - INFO: Get loss from guest: 2.6018057582334233"
"2019-08-23 09:34:38,874 - hetero_ne_arbiter.py[line:93] - INFO: batch: 16"
"2019-08-23 09:34:52,235 - hetero_ne_arbiter.py[line:101] - INFO: Get host_gradient from GUEST"
"2019-08-23 09:34:53,140 - hetero_ne_arbiter.py[line:108] - INFO: Get guest_gradient from GUEST"
"2019-08-23 09:34:53,333 - hetero_ne_arbiter.py[line:126] - INFO: host gradients number: 256"
"2019-08-23 09:34:53,333 - hetero_ne_arbiter.py[line:127] - INFO: guest gradients number: 256"
"2019-08-23 09:34:53,349 - hetero_ne_arbiter.py[line:138] - INFO: Remote host_optim_gradient to Host"
"2019-08-23 09:34:53,366 - hetero_ne_arbiter.py[line:149] - INFO: Remote guest_optim_gradient to Guest"
"2019-08-23 09:34:54,171 - hetero_ne_arbiter.py[line:164] - INFO: Get loss from guest: 2.815354173999311"
"2019-08-23 09:34:54,171 - hetero_ne_arbiter.py[line:93] - INFO: batch: 17"
"2019-08-23 09:35:01,603 - hetero_ne_arbiter.py[line:101] - INFO: Get host_gradient from GUEST"
"2019-08-23 09:35:02,641 - hetero_ne_arbiter.py[line:108] - INFO: Get guest_gradient from GUEST"
"2019-08-23 09:35:02,854 - hetero_ne_arbiter.py[line:126] - INFO: host gradients number: 88"
"2019-08-23 09:35:02,855 - hetero_ne_arbiter.py[line:127] - INFO: guest gradients number: 88"
"2019-08-23 09:35:02,871 - hetero_ne_arbiter.py[line:138] - INFO: Remote host_optim_gradient to Host"
"2019-08-23 09:35:02,888 - hetero_ne_arbiter.py[line:149] - INFO: Remote guest_optim_gradient to Guest"
"2019-08-23 09:35:03,591 - hetero_ne_arbiter.py[line:164] - INFO: Get loss from guest: 1.5971546309464713"
"2019-08-23 09:35:03,591 - hetero_ne_arbiter.py[line:171] - INFO: iter loss: 2.2366496305958177"
"2019-08-23 09:35:04,237 - hetero_ne_arbiter.py[line:183] - INFO: Remote is_stop to host: False"
"2019-08-23 09:35:04,492 - hetero_ne_arbiter.py[line:193] - INFO: Remote is_stop to guest: False"
"2019-08-23 09:35:04,492 - hetero_ne_arbiter.py[line:88] - INFO: iter: 1"
"2019-08-23 09:35:04,492 - hetero_ne_arbiter.py[line:93] - INFO: batch: 0"
"2019-08-23 09:35:18,364 - hetero_ne_arbiter.py[line:101] - INFO: Get host_gradient from GUEST"
"2019-08-23 09:35:19,184 - hetero_ne_arbiter.py[line:108] - INFO: Get guest_gradient from GUEST"
"2019-08-23 09:35:19,376 - hetero_ne_arbiter.py[line:126] - INFO: host gradients number: 256"
"2019-08-23 09:35:19,377 - hetero_ne_arbiter.py[line:127] - INFO: guest gradients number: 256"
"2019-08-23 09:35:19,479 - hetero_ne_arbiter.py[line:138] - INFO: Remote host_optim_gradient to Host"
"2019-08-23 09:35:19,500 - hetero_ne_arbiter.py[line:149] - INFO: Remote guest_optim_gradient to Guest"
"2019-08-23 09:35:21,247 - hetero_ne_arbiter.py[line:164] - INFO: Get loss from guest: 0.2713428039709214"
"2019-08-23 09:35:21,247 - hetero_ne_arbiter.py[line:93] - INFO: batch: 1"
"2019-08-23 09:35:33,096 - hetero_ne_arbiter.py[line:101] - INFO: Get host_gradient from GUEST"
"2019-08-23 09:35:34,000 - hetero_ne_arbiter.py[line:108] - INFO: Get guest_gradient from GUEST"
"2019-08-23 09:35:34,153 - hetero_ne_arbiter.py[line:126] - INFO: host gradients number: 256"
"2019-08-23 09:35:34,154 - hetero_ne_arbiter.py[line:127] - INFO: guest gradients number: 256"
"2019-08-23 09:35:34,170 - hetero_ne_arbiter.py[line:138] - INFO: Remote host_optim_gradient to Host"
"2019-08-23 09:35:34,187 - hetero_ne_arbiter.py[line:149] - INFO: Remote guest_optim_gradient to Guest"
"2019-08-23 09:35:34,790 - hetero_ne_arbiter.py[line:164] - INFO: Get loss from guest: 0.26488842516206956"
"2019-08-23 09:35:34,790 - hetero_ne_arbiter.py[line:93] - INFO: batch: 2"
"2019-08-23 09:35:46,712 - hetero_ne_arbiter.py[line:101] - INFO: Get host_gradient from GUEST"
"2019-08-23 09:35:47,416 - hetero_ne_arbiter.py[line:108] - INFO: Get guest_gradient from GUEST"
"2019-08-23 09:35:47,630 - hetero_ne_arbiter.py[line:126] - INFO: host gradients number: 256"
"2019-08-23 09:35:47,631 - hetero_ne_arbiter.py[line:127] - INFO: guest gradients number: 256"
"2019-08-23 09:35:47,709 - hetero_ne_arbiter.py[line:138] - INFO: Remote host_optim_gradient to Host"
"2019-08-23 09:35:47,731 - hetero_ne_arbiter.py[line:149] - INFO: Remote guest_optim_gradient to Guest"
"2019-08-23 09:35:48,637 - hetero_ne_arbiter.py[line:164] - INFO: Get loss from guest: 0.467859573454167"
"2019-08-23 09:35:48,637 - hetero_ne_arbiter.py[line:93] - INFO: batch: 3"
"2019-08-23 09:36:02,204 - hetero_ne_arbiter.py[line:101] - INFO: Get host_gradient from GUEST"
"2019-08-23 09:36:04,815 - hetero_ne_arbiter.py[line:108] - INFO: Get guest_gradient from GUEST"
"2019-08-23 09:36:05,431 - hetero_ne_arbiter.py[line:126] - INFO: host gradients number: 256"
"2019-08-23 09:36:05,432 - hetero_ne_arbiter.py[line:127] - INFO: guest gradients number: 256"
"2019-08-23 09:36:05,542 - hetero_ne_arbiter.py[line:138] - INFO: Remote host_optim_gradient to Host"
"2019-08-23 09:36:05,709 - hetero_ne_arbiter.py[line:149] - INFO: Remote guest_optim_gradient to Guest"
"2019-08-23 09:36:06,614 - hetero_ne_arbiter.py[line:164] - INFO: Get loss from guest: 1.9264098115543942"
"2019-08-23 09:36:06,614 - hetero_ne_arbiter.py[line:93] - INFO: batch: 4"
"2019-08-23 09:36:22,494 - hetero_ne_arbiter.py[line:101] - INFO: Get host_gradient from GUEST"
"2019-08-23 09:36:24,201 - hetero_ne_arbiter.py[line:108] - INFO: Get guest_gradient from GUEST"
"2019-08-23 09:36:24,664 - hetero_ne_arbiter.py[line:126] - INFO: host gradients number: 256"
"2019-08-23 09:36:24,665 - hetero_ne_arbiter.py[line:127] - INFO: guest gradients number: 256"
"2019-08-23 09:36:24,731 - hetero_ne_arbiter.py[line:138] - INFO: Remote host_optim_gradient to Host"
"2019-08-23 09:36:25,913 - hetero_ne_arbiter.py[line:149] - INFO: Remote guest_optim_gradient to Guest"
"2019-08-23 09:36:26,942 - hetero_ne_arbiter.py[line:164] - INFO: Get loss from guest: 1.6867593177397895"
"2019-08-23 09:36:26,942 - hetero_ne_arbiter.py[line:93] - INFO: batch: 5"
"2019-08-23 09:36:46,878 - hetero_ne_arbiter.py[line:101] - INFO: Get host_gradient from GUEST"
"2019-08-23 09:36:53,791 - hetero_ne_arbiter.py[line:108] - INFO: Get guest_gradient from GUEST"
"2019-08-23 09:36:54,701 - hetero_ne_arbiter.py[line:126] - INFO: host gradients number: 256"
"2019-08-23 09:36:54,703 - hetero_ne_arbiter.py[line:127] - INFO: guest gradients number: 256"
"2019-08-23 09:36:54,917 - hetero_ne_arbiter.py[line:138] - INFO: Remote host_optim_gradient to Host"
"2019-08-23 09:36:55,119 - hetero_ne_arbiter.py[line:149] - INFO: Remote guest_optim_gradient to Guest"
"2019-08-23 09:36:56,827 - hetero_ne_arbiter.py[line:164] - INFO: Get loss from guest: 2.1937667195033304"
"2019-08-23 09:36:56,827 - hetero_ne_arbiter.py[line:93] - INFO: batch: 6"
"2019-08-23 09:37:26,944 - hetero_ne_arbiter.py[line:101] - INFO: Get host_gradient from GUEST"
"2019-08-23 09:37:30,141 - hetero_ne_arbiter.py[line:108] - INFO: Get guest_gradient from GUEST"
"2019-08-23 09:37:31,645 - hetero_ne_arbiter.py[line:126] - INFO: host gradients number: 256"
"2019-08-23 09:37:31,646 - hetero_ne_arbiter.py[line:127] - INFO: guest gradients number: 256"
"2019-08-23 09:37:31,981 - hetero_ne_arbiter.py[line:138] - INFO: Remote host_optim_gradient to Host"
"2019-08-23 09:37:32,295 - hetero_ne_arbiter.py[line:149] - INFO: Remote guest_optim_gradient to Guest"
"2019-08-23 09:37:34,237 - hetero_ne_arbiter.py[line:164] - INFO: Get loss from guest: 2.2477122660491826"
"2019-08-23 09:37:34,237 - hetero_ne_arbiter.py[line:93] - INFO: batch: 7"
"2019-08-23 09:37:54,165 - hetero_ne_arbiter.py[line:101] - INFO: Get host_gradient from GUEST"
"2019-08-23 09:37:58,321 - hetero_ne_arbiter.py[line:108] - INFO: Get guest_gradient from GUEST"
"2019-08-23 09:37:59,668 - hetero_ne_arbiter.py[line:126] - INFO: host gradients number: 256"
"2019-08-23 09:37:59,669 - hetero_ne_arbiter.py[line:127] - INFO: guest gradients number: 256"
"2019-08-23 09:38:00,247 - hetero_ne_arbiter.py[line:138] - INFO: Remote host_optim_gradient to Host"
"2019-08-23 09:38:00,418 - hetero_ne_arbiter.py[line:149] - INFO: Remote guest_optim_gradient to Guest"
"2019-08-23 09:38:02,702 - hetero_ne_arbiter.py[line:164] - INFO: Get loss from guest: 1.392524042707432"
"2019-08-23 09:38:02,702 - hetero_ne_arbiter.py[line:93] - INFO: batch: 8"
"2019-08-23 09:38:16,855 - hetero_ne_arbiter.py[line:101] - INFO: Get host_gradient from GUEST"
"2019-08-23 09:38:19,161 - hetero_ne_arbiter.py[line:108] - INFO: Get guest_gradient from GUEST"
"2019-08-23 09:38:19,446 - hetero_ne_arbiter.py[line:126] - INFO: host gradients number: 256"
"2019-08-23 09:38:19,447 - hetero_ne_arbiter.py[line:127] - INFO: guest gradients number: 256"
"2019-08-23 09:38:19,648 - hetero_ne_arbiter.py[line:138] - INFO: Remote host_optim_gradient to Host"
"2019-08-23 09:38:19,806 - hetero_ne_arbiter.py[line:149] - INFO: Remote guest_optim_gradient to Guest"
"2019-08-23 09:38:20,630 - hetero_ne_arbiter.py[line:164] - INFO: Get loss from guest: 1.402995721406104"
"2019-08-23 09:38:20,630 - hetero_ne_arbiter.py[line:93] - INFO: batch: 9"
"2019-08-23 09:38:33,286 - hetero_ne_arbiter.py[line:101] - INFO: Get host_gradient from GUEST"
"2019-08-23 09:38:34,534 - hetero_ne_arbiter.py[line:108] - INFO: Get guest_gradient from GUEST"
"2019-08-23 09:38:34,945 - hetero_ne_arbiter.py[line:126] - INFO: host gradients number: 256"
"2019-08-23 09:38:34,946 - hetero_ne_arbiter.py[line:127] - INFO: guest gradients number: 256"
"2019-08-23 09:38:34,971 - hetero_ne_arbiter.py[line:138] - INFO: Remote host_optim_gradient to Host"
"2019-08-23 09:38:35,024 - hetero_ne_arbiter.py[line:149] - INFO: Remote guest_optim_gradient to Guest"
"2019-08-23 09:38:36,330 - hetero_ne_arbiter.py[line:164] - INFO: Get loss from guest: 2.240262371117888"
"2019-08-23 09:38:36,330 - hetero_ne_arbiter.py[line:93] - INFO: batch: 10"
"2019-08-23 09:38:49,884 - hetero_ne_arbiter.py[line:101] - INFO: Get host_gradient from GUEST"
"2019-08-23 09:38:50,702 - hetero_ne_arbiter.py[line:108] - INFO: Get guest_gradient from GUEST"
"2019-08-23 09:38:51,131 - hetero_ne_arbiter.py[line:126] - INFO: host gradients number: 256"
"2019-08-23 09:38:51,132 - hetero_ne_arbiter.py[line:127] - INFO: guest gradients number: 256"
"2019-08-23 09:38:51,201 - hetero_ne_arbiter.py[line:138] - INFO: Remote host_optim_gradient to Host"
"2019-08-23 09:38:51,271 - hetero_ne_arbiter.py[line:149] - INFO: Remote guest_optim_gradient to Guest"
"2019-08-23 09:38:51,673 - hetero_ne_arbiter.py[line:164] - INFO: Get loss from guest: 2.4327401992975513"
"2019-08-23 09:38:51,673 - hetero_ne_arbiter.py[line:93] - INFO: batch: 11"
