"2019-08-23 09:31:14,810 - hetero_ne_guest.py[line:63] - INFO: samples number:4440"
"2019-08-23 09:31:14,811 - hetero_ne_guest.py[line:64] - INFO: Enter hetero_ne_guest fit"
"2019-08-23 09:31:14,811 - hetero_ne_guest.py[line:66] - INFO: Guest party has 2358 nodes"
"2019-08-23 09:31:15,043 - hetero_ne_guest.py[line:69] - INFO: Transform input data to train instance"
"2019-08-23 09:31:15,044 - hetero_ne_guest.py[line:76] - INFO: Get public_key from arbiter:<PaillierPublicKey 12e1615a1b>"
"2019-08-23 09:31:15,044 - hetero_ne_guest.py[line:79] - INFO: Generate mini-batch from input data"
"2019-08-23 09:31:19,239 - hetero_ne_guest.py[line:83] - INFO: samples number:4440"
"2019-08-23 09:31:19,239 - hetero_ne_guest.py[line:89] - INFO: batch_info:{'batch_size': 256, 'batch_num': 18}"
"2019-08-23 09:31:19,285 - hetero_ne_guest.py[line:95] - INFO: Remote batch_info to Host"
"2019-08-23 09:31:19,335 - hetero_ne_guest.py[line:102] - INFO: Remote batch_info to Arbiter"
"2019-08-23 09:31:19,335 - hetero_ne_guest.py[line:109] - INFO: Start initialize model."
"2019-08-23 09:31:19,335 - hetero_ne_guest.py[line:111] - INFO: Embedding shape=(2358, 10)"
"2019-08-23 09:31:19,335 - hetero_ne_guest.py[line:118] - INFO: iter:0"
"2019-08-23 09:31:19,335 - hetero_ne_guest.py[line:125] - INFO: batch:0"
"2019-08-23 09:31:19,335 - hetero_ne_guest.py[line:129] - INFO: remote mini-batch index to Host"
"2019-08-23 09:31:28,536 - hetero_ne_guest.py[line:161] - INFO: Get host_forward from host"
"2019-08-23 09:31:29,162 - hetero_ne_guest.py[line:181] - INFO: Remote host_gradient to arbiter"
"2019-08-23 09:31:29,950 - hetero_ne_guest.py[line:197] - INFO: Remote guest_gradient to arbiter"
"2019-08-23 09:31:30,252 - hetero_ne_guest.py[line:206] - INFO: Get optim_guest_gradient from arbiter"
"2019-08-23 09:31:30,252 - hetero_ne_guest.py[line:209] - INFO: update node embedding"
"2019-08-23 09:31:30,443 - hetero_ne_guest.py[line:228] - INFO: Remote loss to arbiter"
"2019-08-23 09:31:30,938 - hetero_ne_guest.py[line:125] - INFO: batch:1"
"2019-08-23 09:31:30,939 - hetero_ne_guest.py[line:129] - INFO: remote mini-batch index to Host"
"2019-08-23 09:31:39,766 - hetero_ne_guest.py[line:161] - INFO: Get host_forward from host"
"2019-08-23 09:31:40,471 - hetero_ne_guest.py[line:181] - INFO: Remote host_gradient to arbiter"
"2019-08-23 09:31:41,950 - hetero_ne_guest.py[line:197] - INFO: Remote guest_gradient to arbiter"
"2019-08-23 09:31:42,353 - hetero_ne_guest.py[line:206] - INFO: Get optim_guest_gradient from arbiter"
"2019-08-23 09:31:42,353 - hetero_ne_guest.py[line:209] - INFO: update node embedding"
"2019-08-23 09:31:42,969 - hetero_ne_guest.py[line:228] - INFO: Remote loss to arbiter"
"2019-08-23 09:31:43,128 - hetero_ne_guest.py[line:125] - INFO: batch:2"
"2019-08-23 09:31:43,128 - hetero_ne_guest.py[line:129] - INFO: remote mini-batch index to Host"
"2019-08-23 09:31:52,873 - hetero_ne_guest.py[line:161] - INFO: Get host_forward from host"
"2019-08-23 09:31:53,519 - hetero_ne_guest.py[line:181] - INFO: Remote host_gradient to arbiter"
"2019-08-23 09:31:54,379 - hetero_ne_guest.py[line:197] - INFO: Remote guest_gradient to arbiter"
"2019-08-23 09:31:54,681 - hetero_ne_guest.py[line:206] - INFO: Get optim_guest_gradient from arbiter"
"2019-08-23 09:31:54,681 - hetero_ne_guest.py[line:209] - INFO: update node embedding"
"2019-08-23 09:31:54,961 - hetero_ne_guest.py[line:228] - INFO: Remote loss to arbiter"
"2019-08-23 09:31:55,539 - hetero_ne_guest.py[line:125] - INFO: batch:3"
"2019-08-23 09:31:55,539 - hetero_ne_guest.py[line:129] - INFO: remote mini-batch index to Host"
"2019-08-23 09:32:04,949 - hetero_ne_guest.py[line:161] - INFO: Get host_forward from host"
"2019-08-23 09:32:05,462 - hetero_ne_guest.py[line:181] - INFO: Remote host_gradient to arbiter"
"2019-08-23 09:32:06,218 - hetero_ne_guest.py[line:197] - INFO: Remote guest_gradient to arbiter"
"2019-08-23 09:32:06,520 - hetero_ne_guest.py[line:206] - INFO: Get optim_guest_gradient from arbiter"
"2019-08-23 09:32:06,520 - hetero_ne_guest.py[line:209] - INFO: update node embedding"
"2019-08-23 09:32:06,705 - hetero_ne_guest.py[line:228] - INFO: Remote loss to arbiter"
"2019-08-23 09:32:07,264 - hetero_ne_guest.py[line:125] - INFO: batch:4"
"2019-08-23 09:32:07,264 - hetero_ne_guest.py[line:129] - INFO: remote mini-batch index to Host"
"2019-08-23 09:32:16,494 - hetero_ne_guest.py[line:161] - INFO: Get host_forward from host"
"2019-08-23 09:32:17,106 - hetero_ne_guest.py[line:181] - INFO: Remote host_gradient to arbiter"
"2019-08-23 09:32:17,870 - hetero_ne_guest.py[line:197] - INFO: Remote guest_gradient to arbiter"
"2019-08-23 09:32:18,172 - hetero_ne_guest.py[line:206] - INFO: Get optim_guest_gradient from arbiter"
"2019-08-23 09:32:18,172 - hetero_ne_guest.py[line:209] - INFO: update node embedding"
"2019-08-23 09:32:18,371 - hetero_ne_guest.py[line:228] - INFO: Remote loss to arbiter"
"2019-08-23 09:32:18,885 - hetero_ne_guest.py[line:125] - INFO: batch:5"
"2019-08-23 09:32:18,885 - hetero_ne_guest.py[line:129] - INFO: remote mini-batch index to Host"
"2019-08-23 09:32:28,201 - hetero_ne_guest.py[line:161] - INFO: Get host_forward from host"
"2019-08-23 09:32:28,739 - hetero_ne_guest.py[line:181] - INFO: Remote host_gradient to arbiter"
"2019-08-23 09:32:29,751 - hetero_ne_guest.py[line:197] - INFO: Remote guest_gradient to arbiter"
"2019-08-23 09:32:29,953 - hetero_ne_guest.py[line:206] - INFO: Get optim_guest_gradient from arbiter"
"2019-08-23 09:32:29,953 - hetero_ne_guest.py[line:209] - INFO: update node embedding"
"2019-08-23 09:32:30,171 - hetero_ne_guest.py[line:228] - INFO: Remote loss to arbiter"
"2019-08-23 09:32:30,704 - hetero_ne_guest.py[line:125] - INFO: batch:6"
"2019-08-23 09:32:30,704 - hetero_ne_guest.py[line:129] - INFO: remote mini-batch index to Host"
"2019-08-23 09:32:39,658 - hetero_ne_guest.py[line:161] - INFO: Get host_forward from host"
"2019-08-23 09:32:40,207 - hetero_ne_guest.py[line:181] - INFO: Remote host_gradient to arbiter"
"2019-08-23 09:32:41,064 - hetero_ne_guest.py[line:197] - INFO: Remote guest_gradient to arbiter"
"2019-08-23 09:32:41,366 - hetero_ne_guest.py[line:206] - INFO: Get optim_guest_gradient from arbiter"
"2019-08-23 09:32:41,367 - hetero_ne_guest.py[line:209] - INFO: update node embedding"
"2019-08-23 09:32:41,639 - hetero_ne_guest.py[line:228] - INFO: Remote loss to arbiter"
"2019-08-23 09:32:42,082 - hetero_ne_guest.py[line:125] - INFO: batch:7"
"2019-08-23 09:32:42,082 - hetero_ne_guest.py[line:129] - INFO: remote mini-batch index to Host"
"2019-08-23 09:32:51,065 - hetero_ne_guest.py[line:161] - INFO: Get host_forward from host"
"2019-08-23 09:32:51,815 - hetero_ne_guest.py[line:181] - INFO: Remote host_gradient to arbiter"
"2019-08-23 09:32:52,358 - hetero_ne_guest.py[line:197] - INFO: Remote guest_gradient to arbiter"
"2019-08-23 09:32:52,660 - hetero_ne_guest.py[line:206] - INFO: Get optim_guest_gradient from arbiter"
"2019-08-23 09:32:52,660 - hetero_ne_guest.py[line:209] - INFO: update node embedding"
"2019-08-23 09:32:53,036 - hetero_ne_guest.py[line:228] - INFO: Remote loss to arbiter"
"2019-08-23 09:32:53,270 - hetero_ne_guest.py[line:125] - INFO: batch:8"
"2019-08-23 09:32:53,271 - hetero_ne_guest.py[line:129] - INFO: remote mini-batch index to Host"
"2019-08-23 09:33:03,087 - hetero_ne_guest.py[line:161] - INFO: Get host_forward from host"
"2019-08-23 09:33:03,935 - hetero_ne_guest.py[line:181] - INFO: Remote host_gradient to arbiter"
"2019-08-23 09:33:04,845 - hetero_ne_guest.py[line:197] - INFO: Remote guest_gradient to arbiter"
"2019-08-23 09:33:05,147 - hetero_ne_guest.py[line:206] - INFO: Get optim_guest_gradient from arbiter"
"2019-08-23 09:33:05,148 - hetero_ne_guest.py[line:209] - INFO: update node embedding"
"2019-08-23 09:33:05,554 - hetero_ne_guest.py[line:228] - INFO: Remote loss to arbiter"
"2019-08-23 09:33:05,781 - hetero_ne_guest.py[line:125] - INFO: batch:9"
"2019-08-23 09:33:05,781 - hetero_ne_guest.py[line:129] - INFO: remote mini-batch index to Host"
"2019-08-23 09:33:15,805 - hetero_ne_guest.py[line:161] - INFO: Get host_forward from host"
"2019-08-23 09:33:16,800 - hetero_ne_guest.py[line:181] - INFO: Remote host_gradient to arbiter"
"2019-08-23 09:33:17,693 - hetero_ne_guest.py[line:197] - INFO: Remote guest_gradient to arbiter"
"2019-08-23 09:33:18,196 - hetero_ne_guest.py[line:206] - INFO: Get optim_guest_gradient from arbiter"
"2019-08-23 09:33:18,196 - hetero_ne_guest.py[line:209] - INFO: update node embedding"
"2019-08-23 09:33:19,039 - hetero_ne_guest.py[line:228] - INFO: Remote loss to arbiter"
"2019-08-23 09:33:19,271 - hetero_ne_guest.py[line:125] - INFO: batch:10"
"2019-08-23 09:33:19,271 - hetero_ne_guest.py[line:129] - INFO: remote mini-batch index to Host"
"2019-08-23 09:33:28,997 - hetero_ne_guest.py[line:161] - INFO: Get host_forward from host"
"2019-08-23 09:33:29,837 - hetero_ne_guest.py[line:181] - INFO: Remote host_gradient to arbiter"
"2019-08-23 09:33:30,708 - hetero_ne_guest.py[line:197] - INFO: Remote guest_gradient to arbiter"
"2019-08-23 09:33:31,110 - hetero_ne_guest.py[line:206] - INFO: Get optim_guest_gradient from arbiter"
"2019-08-23 09:33:31,110 - hetero_ne_guest.py[line:209] - INFO: update node embedding"
"2019-08-23 09:33:31,493 - hetero_ne_guest.py[line:228] - INFO: Remote loss to arbiter"
"2019-08-23 09:33:32,034 - hetero_ne_guest.py[line:125] - INFO: batch:11"
"2019-08-23 09:33:32,034 - hetero_ne_guest.py[line:129] - INFO: remote mini-batch index to Host"
"2019-08-23 09:33:41,697 - hetero_ne_guest.py[line:161] - INFO: Get host_forward from host"
"2019-08-23 09:33:42,257 - hetero_ne_guest.py[line:181] - INFO: Remote host_gradient to arbiter"
"2019-08-23 09:33:43,234 - hetero_ne_guest.py[line:197] - INFO: Remote guest_gradient to arbiter"
"2019-08-23 09:33:43,562 - hetero_ne_guest.py[line:206] - INFO: Get optim_guest_gradient from arbiter"
"2019-08-23 09:33:43,562 - hetero_ne_guest.py[line:209] - INFO: update node embedding"
"2019-08-23 09:33:44,607 - hetero_ne_guest.py[line:228] - INFO: Remote loss to arbiter"
"2019-08-23 09:33:45,043 - hetero_ne_guest.py[line:125] - INFO: batch:12"
"2019-08-23 09:33:45,044 - hetero_ne_guest.py[line:129] - INFO: remote mini-batch index to Host"
"2019-08-23 09:33:55,283 - hetero_ne_guest.py[line:161] - INFO: Get host_forward from host"
"2019-08-23 09:33:55,869 - hetero_ne_guest.py[line:181] - INFO: Remote host_gradient to arbiter"
"2019-08-23 09:33:56,782 - hetero_ne_guest.py[line:197] - INFO: Remote guest_gradient to arbiter"
"2019-08-23 09:33:57,185 - hetero_ne_guest.py[line:206] - INFO: Get optim_guest_gradient from arbiter"
"2019-08-23 09:33:57,185 - hetero_ne_guest.py[line:209] - INFO: update node embedding"
"2019-08-23 09:33:57,371 - hetero_ne_guest.py[line:228] - INFO: Remote loss to arbiter"
"2019-08-23 09:33:57,815 - hetero_ne_guest.py[line:125] - INFO: batch:13"
"2019-08-23 09:33:57,815 - hetero_ne_guest.py[line:129] - INFO: remote mini-batch index to Host"
"2019-08-23 09:34:07,723 - hetero_ne_guest.py[line:161] - INFO: Get host_forward from host"
"2019-08-23 09:34:08,640 - hetero_ne_guest.py[line:181] - INFO: Remote host_gradient to arbiter"
"2019-08-23 09:34:09,599 - hetero_ne_guest.py[line:197] - INFO: Remote guest_gradient to arbiter"
"2019-08-23 09:34:10,356 - hetero_ne_guest.py[line:206] - INFO: Get optim_guest_gradient from arbiter"
"2019-08-23 09:34:10,356 - hetero_ne_guest.py[line:209] - INFO: update node embedding"
"2019-08-23 09:34:10,559 - hetero_ne_guest.py[line:228] - INFO: Remote loss to arbiter"
"2019-08-23 09:34:11,033 - hetero_ne_guest.py[line:125] - INFO: batch:14"
"2019-08-23 09:34:11,033 - hetero_ne_guest.py[line:129] - INFO: remote mini-batch index to Host"
"2019-08-23 09:34:21,355 - hetero_ne_guest.py[line:161] - INFO: Get host_forward from host"
"2019-08-23 09:34:22,003 - hetero_ne_guest.py[line:181] - INFO: Remote host_gradient to arbiter"
"2019-08-23 09:34:23,053 - hetero_ne_guest.py[line:197] - INFO: Remote guest_gradient to arbiter"
"2019-08-23 09:34:23,456 - hetero_ne_guest.py[line:206] - INFO: Get optim_guest_gradient from arbiter"
"2019-08-23 09:34:23,456 - hetero_ne_guest.py[line:209] - INFO: update node embedding"
"2019-08-23 09:34:24,286 - hetero_ne_guest.py[line:228] - INFO: Remote loss to arbiter"
"2019-08-23 09:34:25,145 - hetero_ne_guest.py[line:125] - INFO: batch:15"
"2019-08-23 09:34:25,145 - hetero_ne_guest.py[line:129] - INFO: remote mini-batch index to Host"
"2019-08-23 09:34:35,878 - hetero_ne_guest.py[line:161] - INFO: Get host_forward from host"
"2019-08-23 09:34:36,846 - hetero_ne_guest.py[line:181] - INFO: Remote host_gradient to arbiter"
"2019-08-23 09:34:37,912 - hetero_ne_guest.py[line:197] - INFO: Remote guest_gradient to arbiter"
"2019-08-23 09:34:38,516 - hetero_ne_guest.py[line:206] - INFO: Get optim_guest_gradient from arbiter"
"2019-08-23 09:34:38,516 - hetero_ne_guest.py[line:209] - INFO: update node embedding"
"2019-08-23 09:34:38,865 - hetero_ne_guest.py[line:228] - INFO: Remote loss to arbiter"
"2019-08-23 09:34:39,469 - hetero_ne_guest.py[line:125] - INFO: batch:16"
"2019-08-23 09:34:39,470 - hetero_ne_guest.py[line:129] - INFO: remote mini-batch index to Host"
"2019-08-23 09:34:51,038 - hetero_ne_guest.py[line:161] - INFO: Get host_forward from host"
"2019-08-23 09:34:52,287 - hetero_ne_guest.py[line:181] - INFO: Remote host_gradient to arbiter"
"2019-08-23 09:34:53,069 - hetero_ne_guest.py[line:197] - INFO: Remote guest_gradient to arbiter"
"2019-08-23 09:34:53,371 - hetero_ne_guest.py[line:206] - INFO: Get optim_guest_gradient from arbiter"
"2019-08-23 09:34:53,371 - hetero_ne_guest.py[line:209] - INFO: update node embedding"
"2019-08-23 09:34:54,149 - hetero_ne_guest.py[line:228] - INFO: Remote loss to arbiter"
"2019-08-23 09:34:54,542 - hetero_ne_guest.py[line:125] - INFO: batch:17"
"2019-08-23 09:34:54,543 - hetero_ne_guest.py[line:129] - INFO: remote mini-batch index to Host"
"2019-08-23 09:35:00,805 - hetero_ne_guest.py[line:161] - INFO: Get host_forward from host"
"2019-08-23 09:35:01,593 - hetero_ne_guest.py[line:181] - INFO: Remote host_gradient to arbiter"
"2019-08-23 09:35:02,685 - hetero_ne_guest.py[line:197] - INFO: Remote guest_gradient to arbiter"
"2019-08-23 09:35:02,920 - hetero_ne_guest.py[line:206] - INFO: Get optim_guest_gradient from arbiter"
"2019-08-23 09:35:02,920 - hetero_ne_guest.py[line:209] - INFO: update node embedding"
"2019-08-23 09:35:03,524 - hetero_ne_guest.py[line:228] - INFO: Remote loss to arbiter"
"2019-08-23 09:35:04,655 - hetero_ne_guest.py[line:249] - INFO: Get is_stop flag from arbiter:False"
"2019-08-23 09:35:04,655 - hetero_ne_guest.py[line:118] - INFO: iter:1"
"2019-08-23 09:35:04,655 - hetero_ne_guest.py[line:125] - INFO: batch:0"
"2019-08-23 09:35:16,163 - hetero_ne_guest.py[line:161] - INFO: Get host_forward from host"
"2019-08-23 09:35:18,277 - hetero_ne_guest.py[line:181] - INFO: Remote host_gradient to arbiter"
"2019-08-23 09:35:19,122 - hetero_ne_guest.py[line:197] - INFO: Remote guest_gradient to arbiter"
"2019-08-23 09:35:19,525 - hetero_ne_guest.py[line:206] - INFO: Get optim_guest_gradient from arbiter"
"2019-08-23 09:35:19,525 - hetero_ne_guest.py[line:209] - INFO: update node embedding"
"2019-08-23 09:35:21,220 - hetero_ne_guest.py[line:228] - INFO: Remote loss to arbiter"
"2019-08-23 09:35:22,000 - hetero_ne_guest.py[line:125] - INFO: batch:1"
"2019-08-23 09:35:32,506 - hetero_ne_guest.py[line:161] - INFO: Get host_forward from host"
"2019-08-23 09:35:33,077 - hetero_ne_guest.py[line:181] - INFO: Remote host_gradient to arbiter"
"2019-08-23 09:35:33,932 - hetero_ne_guest.py[line:197] - INFO: Remote guest_gradient to arbiter"
"2019-08-23 09:35:34,235 - hetero_ne_guest.py[line:206] - INFO: Get optim_guest_gradient from arbiter"
"2019-08-23 09:35:34,235 - hetero_ne_guest.py[line:209] - INFO: update node embedding"
"2019-08-23 09:35:34,845 - hetero_ne_guest.py[line:228] - INFO: Remote loss to arbiter"
"2019-08-23 09:35:35,575 - hetero_ne_guest.py[line:125] - INFO: batch:2"
"2019-08-23 09:35:45,766 - hetero_ne_guest.py[line:161] - INFO: Get host_forward from host"
"2019-08-23 09:35:46,644 - hetero_ne_guest.py[line:181] - INFO: Remote host_gradient to arbiter"
"2019-08-23 09:35:47,343 - hetero_ne_guest.py[line:197] - INFO: Remote guest_gradient to arbiter"
"2019-08-23 09:35:47,746 - hetero_ne_guest.py[line:206] - INFO: Get optim_guest_gradient from arbiter"
"2019-08-23 09:35:47,746 - hetero_ne_guest.py[line:209] - INFO: update node embedding"
"2019-08-23 09:35:48,568 - hetero_ne_guest.py[line:228] - INFO: Remote loss to arbiter"
"2019-08-23 09:35:49,164 - hetero_ne_guest.py[line:125] - INFO: batch:3"
"2019-08-23 09:36:00,094 - hetero_ne_guest.py[line:161] - INFO: Get host_forward from host"
"2019-08-23 09:36:02,195 - hetero_ne_guest.py[line:181] - INFO: Remote host_gradient to arbiter"
"2019-08-23 09:36:04,809 - hetero_ne_guest.py[line:197] - INFO: Remote guest_gradient to arbiter"
"2019-08-23 09:36:05,715 - hetero_ne_guest.py[line:206] - INFO: Get optim_guest_gradient from arbiter"
"2019-08-23 09:36:05,715 - hetero_ne_guest.py[line:209] - INFO: update node embedding"
"2019-08-23 09:36:06,629 - hetero_ne_guest.py[line:228] - INFO: Remote loss to arbiter"
"2019-08-23 09:36:08,505 - hetero_ne_guest.py[line:125] - INFO: batch:4"
"2019-08-23 09:36:20,035 - hetero_ne_guest.py[line:161] - INFO: Get host_forward from host"
"2019-08-23 09:36:22,471 - hetero_ne_guest.py[line:181] - INFO: Remote host_gradient to arbiter"
"2019-08-23 09:36:24,196 - hetero_ne_guest.py[line:197] - INFO: Remote guest_gradient to arbiter"
"2019-08-23 09:36:25,904 - hetero_ne_guest.py[line:206] - INFO: Get optim_guest_gradient from arbiter"
"2019-08-23 09:36:25,904 - hetero_ne_guest.py[line:209] - INFO: update node embedding"
"2019-08-23 09:36:26,920 - hetero_ne_guest.py[line:228] - INFO: Remote loss to arbiter"
"2019-08-23 09:36:29,176 - hetero_ne_guest.py[line:125] - INFO: batch:5"
"2019-08-23 09:36:43,408 - hetero_ne_guest.py[line:161] - INFO: Get host_forward from host"
"2019-08-23 09:36:46,901 - hetero_ne_guest.py[line:181] - INFO: Remote host_gradient to arbiter"
"2019-08-23 09:36:53,841 - hetero_ne_guest.py[line:197] - INFO: Remote guest_gradient to arbiter"
"2019-08-23 09:36:55,123 - hetero_ne_guest.py[line:206] - INFO: Get optim_guest_gradient from arbiter"
"2019-08-23 09:36:55,123 - hetero_ne_guest.py[line:209] - INFO: update node embedding"
"2019-08-23 09:36:56,794 - hetero_ne_guest.py[line:228] - INFO: Remote loss to arbiter"
"2019-08-23 09:36:59,550 - hetero_ne_guest.py[line:125] - INFO: batch:6"
"2019-08-23 09:37:21,255 - hetero_ne_guest.py[line:161] - INFO: Get host_forward from host"
"2019-08-23 09:37:26,959 - hetero_ne_guest.py[line:181] - INFO: Remote host_gradient to arbiter"
"2019-08-23 09:37:30,140 - hetero_ne_guest.py[line:197] - INFO: Remote guest_gradient to arbiter"
"2019-08-23 09:37:32,228 - hetero_ne_guest.py[line:206] - INFO: Get optim_guest_gradient from arbiter"
"2019-08-23 09:37:32,295 - hetero_ne_guest.py[line:209] - INFO: update node embedding"
"2019-08-23 09:37:34,115 - hetero_ne_guest.py[line:228] - INFO: Remote loss to arbiter"
"2019-08-23 09:37:37,059 - hetero_ne_guest.py[line:125] - INFO: batch:7"
"2019-08-23 09:37:50,747 - hetero_ne_guest.py[line:161] - INFO: Get host_forward from host"
"2019-08-23 09:37:54,165 - hetero_ne_guest.py[line:181] - INFO: Remote host_gradient to arbiter"
"2019-08-23 09:37:58,397 - hetero_ne_guest.py[line:197] - INFO: Remote guest_gradient to arbiter"
"2019-08-23 09:38:00,406 - hetero_ne_guest.py[line:206] - INFO: Get optim_guest_gradient from arbiter"
"2019-08-23 09:38:00,738 - hetero_ne_guest.py[line:209] - INFO: update node embedding"
"2019-08-23 09:38:02,560 - hetero_ne_guest.py[line:228] - INFO: Remote loss to arbiter"
"2019-08-23 09:38:04,740 - hetero_ne_guest.py[line:125] - INFO: batch:8"
"2019-08-23 09:38:15,581 - hetero_ne_guest.py[line:161] - INFO: Get host_forward from host"
"2019-08-23 09:38:16,810 - hetero_ne_guest.py[line:181] - INFO: Remote host_gradient to arbiter"
"2019-08-23 09:38:19,108 - hetero_ne_guest.py[line:197] - INFO: Remote guest_gradient to arbiter"
"2019-08-23 09:38:19,812 - hetero_ne_guest.py[line:206] - INFO: Get optim_guest_gradient from arbiter"
"2019-08-23 09:38:19,812 - hetero_ne_guest.py[line:209] - INFO: update node embedding"
"2019-08-23 09:38:20,629 - hetero_ne_guest.py[line:228] - INFO: Remote loss to arbiter"
"2019-08-23 09:38:22,148 - hetero_ne_guest.py[line:125] - INFO: batch:9"
"2019-08-23 09:38:32,209 - hetero_ne_guest.py[line:161] - INFO: Get host_forward from host"
"2019-08-23 09:38:33,305 - hetero_ne_guest.py[line:181] - INFO: Remote host_gradient to arbiter"
"2019-08-23 09:38:34,483 - hetero_ne_guest.py[line:197] - INFO: Remote guest_gradient to arbiter"
"2019-08-23 09:38:35,019 - hetero_ne_guest.py[line:206] - INFO: Get optim_guest_gradient from arbiter"
"2019-08-23 09:38:35,019 - hetero_ne_guest.py[line:209] - INFO: update node embedding"
"2019-08-23 09:38:36,512 - hetero_ne_guest.py[line:228] - INFO: Remote loss to arbiter"
"2019-08-23 09:38:37,252 - hetero_ne_guest.py[line:125] - INFO: batch:10"
"2019-08-23 09:38:48,470 - hetero_ne_guest.py[line:161] - INFO: Get host_forward from host"
"2019-08-23 09:38:49,852 - hetero_ne_guest.py[line:181] - INFO: Remote host_gradient to arbiter"
"2019-08-23 09:38:50,693 - hetero_ne_guest.py[line:197] - INFO: Remote guest_gradient to arbiter"
"2019-08-23 09:38:51,296 - hetero_ne_guest.py[line:206] - INFO: Get optim_guest_gradient from arbiter"
"2019-08-23 09:38:51,297 - hetero_ne_guest.py[line:209] - INFO: update node embedding"
"2019-08-23 09:38:51,648 - hetero_ne_guest.py[line:228] - INFO: Remote loss to arbiter"
"2019-08-23 09:38:52,218 - hetero_ne_guest.py[line:125] - INFO: batch:11"
