"2019-08-23 09:31:12,506 - workflow.py[line:863] - DEBUG: The job id is hetero_network_embedding_example_standalone_20190823093102"
"2019-08-23 09:31:12,506 - workflow.py[line:863] - DEBUG: The job id is hetero_network_embedding_example_standalone_20190823093102"
"2019-08-23 09:31:12,506 - workflow.py[line:863] - DEBUG: The job id is hetero_network_embedding_example_standalone_20190823093102"
"2019-08-23 09:31:12,553 - workflow.py[line:865] - DEBUG: Finish eggroll and federation init"
"2019-08-23 09:31:12,553 - workflow.py[line:865] - DEBUG: Finish eggroll and federation init"
"2019-08-23 09:31:12,553 - workflow.py[line:865] - DEBUG: Finish eggroll and federation init"
"2019-08-23 09:31:12,553 - workflow.py[line:819] - DEBUG: finish init pipeline"
"2019-08-23 09:31:12,553 - workflow.py[line:819] - DEBUG: finish init pipeline"
"2019-08-23 09:31:12,553 - workflow.py[line:819] - DEBUG: finish init pipeline"
"2019-08-23 09:31:12,553 - workflow.py[line:214] - INFO: arbiter"
"2019-08-23 09:31:12,553 - workflow.py[line:215] - INFO: max iter: 20"
"2019-08-23 09:31:12,554 - workflow.py[line:910] - INFO: 4440 samples in host"
"2019-08-23 09:31:12,554 - workflow.py[line:910] - INFO: 4440 samples in guest"
"2019-08-23 09:31:12,560 - workflow.py[line:210] - DEBUG: Enter host network embedding function"
"2019-08-23 09:31:12,560 - workflow.py[line:211] - DEBUG: Start intersection before network embedding"
"2019-08-23 09:31:12,560 - workflow.py[line:316] - INFO: need_intersect: true!"
"2019-08-23 09:31:12,560 - workflow.py[line:320] - INFO: Start intersection!"
"2019-08-23 09:31:12,629 - workflow.py[line:210] - DEBUG: Enter guest network embedding function"
"2019-08-23 09:31:12,629 - workflow.py[line:211] - DEBUG: Start intersection before network embedding"
"2019-08-23 09:31:12,629 - workflow.py[line:316] - INFO: need_intersect: true!"
"2019-08-23 09:31:12,630 - workflow.py[line:320] - INFO: Start intersection!"
"2019-08-23 09:31:14,810 - workflow.py[line:331] - INFO: finish intersection!"
"2019-08-23 09:31:14,810 - workflow.py[line:214] - INFO: guest"
"2019-08-23 09:31:14,810 - workflow.py[line:215] - INFO: max iter: 20"
"2019-08-23 09:31:15,021 - workflow.py[line:331] - INFO: finish intersection!"
"2019-08-23 09:31:15,021 - workflow.py[line:214] - INFO: host"
"2019-08-23 09:31:15,021 - workflow.py[line:215] - INFO: max iter: 20"
