"2019-08-23 08:49:53,561 - federation.py[line:124] - DEBUG: [REMOTE] Sent hetero_network_embedding_example_standalone_20190823084948-HeteroNETransferVariable.paillier_pubkey-HeteroNETransferVariable.paillier_pubkey.0-arbiter-10000-host-9999"
"2019-08-23 08:49:53,606 - federation.py[line:124] - DEBUG: [REMOTE] Sent hetero_network_embedding_example_standalone_20190823084948-HeteroNETransferVariable.paillier_pubkey-HeteroNETransferVariable.paillier_pubkey.0-arbiter-10000-guest-10000"
"2019-08-23 08:49:53,606 - federation.py[line:145] - DEBUG: [GET] arbiter 10000 getting remote object HeteroNETransferVariable.batch_info.0 from guest [10000]"
"2019-08-23 08:49:54,172 - federation.py[line:124] - DEBUG: [REMOTE] Sent hetero_network_embedding_example_standalone_20190823084948-RawIntersectTransferVariable.send_ids_host-RawIntersectTransferVariable.send_ids_host.embedding0-host-9999-guest-10000"
"2019-08-23 08:49:54,173 - federation.py[line:145] - DEBUG: [GET] host 9999 getting remote object RawIntersectTransferVariable.intersect_ids_guest.embedding0 from guest [10000]"
"2019-08-23 08:49:54,173 - federation.py[line:145] - DEBUG: [GET] guest 10000 getting remote object RawIntersectTransferVariable.send_ids_host.embedding0 from host [9999]"
"2019-08-23 08:49:54,174 - federation.py[line:46] - DEBUG: [GET] Got hetero_network_embedding_example_standalone_20190823084948-RawIntersectTransferVariable.send_ids_host-RawIntersectTransferVariable.send_ids_host.embedding0-host-9999-guest-10000 type Table"
"2019-08-23 08:49:54,329 - federation.py[line:124] - DEBUG: [REMOTE] Sent hetero_network_embedding_example_standalone_20190823084948-RawIntersectTransferVariable.intersect_ids_guest-RawIntersectTransferVariable.intersect_ids_guest.embedding0-guest-10000-host-9999"
"2019-08-23 08:49:54,375 - federation.py[line:46] - DEBUG: [GET] Got hetero_network_embedding_example_standalone_20190823084948-RawIntersectTransferVariable.intersect_ids_guest-RawIntersectTransferVariable.intersect_ids_guest.embedding0-guest-10000-host-9999 type Table"
"2019-08-23 08:49:55,109 - federation.py[line:145] - DEBUG: [GET] guest 10000 getting remote object HeteroNETransferVariable.paillier_pubkey.0 from arbiter [10000]"
"2019-08-23 08:49:55,109 - federation.py[line:46] - DEBUG: [GET] Got hetero_network_embedding_example_standalone_20190823084948-HeteroNETransferVariable.paillier_pubkey-HeteroNETransferVariable.paillier_pubkey.0-arbiter-10000-guest-10000 type Object"
"2019-08-23 08:49:55,410 - federation.py[line:145] - DEBUG: [GET] host 9999 getting remote object HeteroNETransferVariable.paillier_pubkey.0 from arbiter [10000]"
"2019-08-23 08:49:55,410 - federation.py[line:46] - DEBUG: [GET] Got hetero_network_embedding_example_standalone_20190823084948-HeteroNETransferVariable.paillier_pubkey-HeteroNETransferVariable.paillier_pubkey.0-arbiter-10000-host-9999 type Object"
"2019-08-23 08:49:55,411 - federation.py[line:145] - DEBUG: [GET] host 9999 getting remote object HeteroNETransferVariable.batch_info.0 from guest [10000]"
"2019-08-23 08:49:58,430 - federation.py[line:124] - DEBUG: [REMOTE] Sent hetero_network_embedding_example_standalone_20190823084948-HeteroNETransferVariable.batch_info-HeteroNETransferVariable.batch_info.0-guest-10000-host-9999"
"2019-08-23 08:49:58,431 - federation.py[line:46] - DEBUG: [GET] Got hetero_network_embedding_example_standalone_20190823084948-HeteroNETransferVariable.batch_info-HeteroNETransferVariable.batch_info.0-guest-10000-host-9999 type Object"
"2019-08-23 08:49:58,433 - federation.py[line:145] - DEBUG: [GET] host 9999 getting remote object HeteroNETransferVariable.batch_data_index.0.0.0 from guest [10000]"
"2019-08-23 08:49:58,497 - federation.py[line:124] - DEBUG: [REMOTE] Sent hetero_network_embedding_example_standalone_20190823084948-HeteroNETransferVariable.batch_info-HeteroNETransferVariable.batch_info.0-guest-10000-arbiter-10000"
"2019-08-23 08:49:58,527 - federation.py[line:46] - DEBUG: [GET] Got hetero_network_embedding_example_standalone_20190823084948-HeteroNETransferVariable.batch_info-HeteroNETransferVariable.batch_info.0-guest-10000-arbiter-10000 type Object"
"2019-08-23 08:49:58,528 - federation.py[line:145] - DEBUG: [GET] arbiter 10000 getting remote object HeteroNETransferVariable.host_gradient.0.0.0 from guest [10000]"
"2019-08-23 08:49:58,530 - federation.py[line:124] - DEBUG: [REMOTE] Sent hetero_network_embedding_example_standalone_20190823084948-HeteroNETransferVariable.batch_data_index-HeteroNETransferVariable.batch_data_index.0.0.0-guest-10000-host-9999"
"2019-08-23 08:49:58,534 - federation.py[line:46] - DEBUG: [GET] Got hetero_network_embedding_example_standalone_20190823084948-HeteroNETransferVariable.batch_data_index-HeteroNETransferVariable.batch_data_index.0.0.0-guest-10000-host-9999 type Table"
"2019-08-23 08:50:07,794 - federation.py[line:145] - DEBUG: [GET] guest 10000 getting remote object HeteroNETransferVariable.host_forward_dict.0.0.0 from host [9999]"
"2019-08-23 08:50:07,815 - federation.py[line:124] - DEBUG: [REMOTE] Sent hetero_network_embedding_example_standalone_20190823084948-HeteroNETransferVariable.host_forward_dict-HeteroNETransferVariable.host_forward_dict.0.0.0-host-9999-guest-10000"
"2019-08-23 08:50:07,815 - federation.py[line:145] - DEBUG: [GET] host 9999 getting remote object HeteroNETransferVariable.host_optim_gradient.0.0.0 from arbiter [10000]"
"2019-08-23 08:50:07,895 - federation.py[line:46] - DEBUG: [GET] Got hetero_network_embedding_example_standalone_20190823084948-HeteroNETransferVariable.host_forward_dict-HeteroNETransferVariable.host_forward_dict.0.0.0-host-9999-guest-10000 type Table"
"2019-08-23 08:50:08,384 - federation.py[line:124] - DEBUG: [REMOTE] Sent hetero_network_embedding_example_standalone_20190823084948-HeteroNETransferVariable.host_gradient-HeteroNETransferVariable.host_gradient.0.0.0-guest-10000-arbiter-10000"
"2019-08-23 08:50:08,467 - federation.py[line:46] - DEBUG: [GET] Got hetero_network_embedding_example_standalone_20190823084948-HeteroNETransferVariable.host_gradient-HeteroNETransferVariable.host_gradient.0.0.0-guest-10000-arbiter-10000 type Table"
"2019-08-23 08:50:08,468 - federation.py[line:145] - DEBUG: [GET] arbiter 10000 getting remote object HeteroNETransferVariable.guest_gradient.0.0.0 from guest [10000]"
"2019-08-23 08:50:09,127 - federation.py[line:124] - DEBUG: [REMOTE] Sent hetero_network_embedding_example_standalone_20190823084948-HeteroNETransferVariable.guest_gradient-HeteroNETransferVariable.guest_gradient.0.0.0-guest-10000-arbiter-10000"
"2019-08-23 08:50:09,127 - federation.py[line:145] - DEBUG: [GET] guest 10000 getting remote object HeteroNETransferVariable.guest_optim_gradient.0.0.0 from arbiter [10000]"
"2019-08-23 08:50:09,171 - federation.py[line:46] - DEBUG: [GET] Got hetero_network_embedding_example_standalone_20190823084948-HeteroNETransferVariable.guest_gradient-HeteroNETransferVariable.guest_gradient.0.0.0-guest-10000-arbiter-10000 type Table"
"2019-08-23 08:50:09,372 - federation.py[line:124] - DEBUG: [REMOTE] Sent hetero_network_embedding_example_standalone_20190823084948-HeteroNETransferVariable.host_optim_gradient-HeteroNETransferVariable.host_optim_gradient.0.0.0-arbiter-10000-host-9999"
"2019-08-23 08:50:09,390 - federation.py[line:124] - DEBUG: [REMOTE] Sent hetero_network_embedding_example_standalone_20190823084948-HeteroNETransferVariable.guest_optim_gradient-HeteroNETransferVariable.guest_optim_gradient.0.0.0-arbiter-10000-guest-10000"
"2019-08-23 08:50:09,390 - federation.py[line:145] - DEBUG: [GET] arbiter 10000 getting remote object HeteroNETransferVariable.loss.0.0.0 from guest [10000]"
"2019-08-23 08:50:09,422 - federation.py[line:46] - DEBUG: [GET] Got hetero_network_embedding_example_standalone_20190823084948-HeteroNETransferVariable.host_optim_gradient-HeteroNETransferVariable.host_optim_gradient.0.0.0-arbiter-10000-host-9999 type Table"
"2019-08-23 08:50:09,429 - federation.py[line:46] - DEBUG: [GET] Got hetero_network_embedding_example_standalone_20190823084948-HeteroNETransferVariable.guest_optim_gradient-HeteroNETransferVariable.guest_optim_gradient.0.0.0-arbiter-10000-guest-10000 type Table"
"2019-08-23 08:50:09,675 - federation.py[line:145] - DEBUG: [GET] host 9999 getting remote object HeteroNETransferVariable.batch_data_index.0.0.1 from guest [10000]"
"2019-08-23 08:50:09,706 - federation.py[line:124] - DEBUG: [REMOTE] Sent hetero_network_embedding_example_standalone_20190823084948-HeteroNETransferVariable.loss-HeteroNETransferVariable.loss.0.0.0-guest-10000-arbiter-10000"
"2019-08-23 08:50:09,792 - federation.py[line:46] - DEBUG: [GET] Got hetero_network_embedding_example_standalone_20190823084948-HeteroNETransferVariable.loss-HeteroNETransferVariable.loss.0.0.0-guest-10000-arbiter-10000 type Object"
"2019-08-23 08:50:09,797 - federation.py[line:145] - DEBUG: [GET] arbiter 10000 getting remote object HeteroNETransferVariable.host_gradient.0.0.1 from guest [10000]"
"2019-08-23 08:50:10,198 - federation.py[line:124] - DEBUG: [REMOTE] Sent hetero_network_embedding_example_standalone_20190823084948-HeteroNETransferVariable.batch_data_index-HeteroNETransferVariable.batch_data_index.0.0.1-guest-10000-host-9999"
"2019-08-23 08:50:10,278 - federation.py[line:46] - DEBUG: [GET] Got hetero_network_embedding_example_standalone_20190823084948-HeteroNETransferVariable.batch_data_index-HeteroNETransferVariable.batch_data_index.0.0.1-guest-10000-host-9999 type Table"
"2019-08-23 08:50:19,276 - federation.py[line:145] - DEBUG: [GET] guest 10000 getting remote object HeteroNETransferVariable.host_forward_dict.0.0.1 from host [9999]"
"2019-08-23 08:50:19,294 - federation.py[line:124] - DEBUG: [REMOTE] Sent hetero_network_embedding_example_standalone_20190823084948-HeteroNETransferVariable.host_forward_dict-HeteroNETransferVariable.host_forward_dict.0.0.1-host-9999-guest-10000"
"2019-08-23 08:50:19,294 - federation.py[line:145] - DEBUG: [GET] host 9999 getting remote object HeteroNETransferVariable.host_optim_gradient.0.0.1 from arbiter [10000]"
"2019-08-23 08:50:19,377 - federation.py[line:46] - DEBUG: [GET] Got hetero_network_embedding_example_standalone_20190823084948-HeteroNETransferVariable.host_forward_dict-HeteroNETransferVariable.host_forward_dict.0.0.1-host-9999-guest-10000 type Table"
"2019-08-23 08:50:19,931 - federation.py[line:124] - DEBUG: [REMOTE] Sent hetero_network_embedding_example_standalone_20190823084948-HeteroNETransferVariable.host_gradient-HeteroNETransferVariable.host_gradient.0.0.1-guest-10000-arbiter-10000"
"2019-08-23 08:50:19,936 - federation.py[line:46] - DEBUG: [GET] Got hetero_network_embedding_example_standalone_20190823084948-HeteroNETransferVariable.host_gradient-HeteroNETransferVariable.host_gradient.0.0.1-guest-10000-arbiter-10000 type Table"
"2019-08-23 08:50:19,937 - federation.py[line:145] - DEBUG: [GET] arbiter 10000 getting remote object HeteroNETransferVariable.guest_gradient.0.0.1 from guest [10000]"
"2019-08-23 08:50:20,794 - federation.py[line:124] - DEBUG: [REMOTE] Sent hetero_network_embedding_example_standalone_20190823084948-HeteroNETransferVariable.guest_gradient-HeteroNETransferVariable.guest_gradient.0.0.1-guest-10000-arbiter-10000"
"2019-08-23 08:50:20,794 - federation.py[line:145] - DEBUG: [GET] guest 10000 getting remote object HeteroNETransferVariable.guest_optim_gradient.0.0.1 from arbiter [10000]"
"2019-08-23 08:50:20,841 - federation.py[line:46] - DEBUG: [GET] Got hetero_network_embedding_example_standalone_20190823084948-HeteroNETransferVariable.guest_gradient-HeteroNETransferVariable.guest_gradient.0.0.1-guest-10000-arbiter-10000 type Table"
"2019-08-23 08:50:21,002 - federation.py[line:46] - DEBUG: [GET] Got hetero_network_embedding_example_standalone_20190823084948-HeteroNETransferVariable.host_optim_gradient-HeteroNETransferVariable.host_optim_gradient.0.0.1-arbiter-10000-host-9999 type Table"
"2019-08-23 08:50:21,006 - federation.py[line:124] - DEBUG: [REMOTE] Sent hetero_network_embedding_example_standalone_20190823084948-HeteroNETransferVariable.host_optim_gradient-HeteroNETransferVariable.host_optim_gradient.0.0.1-arbiter-10000-host-9999"
"2019-08-23 08:50:21,027 - federation.py[line:124] - DEBUG: [REMOTE] Sent hetero_network_embedding_example_standalone_20190823084948-HeteroNETransferVariable.guest_optim_gradient-HeteroNETransferVariable.guest_optim_gradient.0.0.1-arbiter-10000-guest-10000"
"2019-08-23 08:50:21,027 - federation.py[line:145] - DEBUG: [GET] arbiter 10000 getting remote object HeteroNETransferVariable.loss.0.0.1 from guest [10000]"
"2019-08-23 08:50:21,096 - federation.py[line:46] - DEBUG: [GET] Got hetero_network_embedding_example_standalone_20190823084948-HeteroNETransferVariable.guest_optim_gradient-HeteroNETransferVariable.guest_optim_gradient.0.0.1-arbiter-10000-guest-10000 type Table"
"2019-08-23 08:50:21,173 - federation.py[line:145] - DEBUG: [GET] host 9999 getting remote object HeteroNETransferVariable.batch_data_index.0.0.2 from guest [10000]"
"2019-08-23 08:50:21,295 - federation.py[line:124] - DEBUG: [REMOTE] Sent hetero_network_embedding_example_standalone_20190823084948-HeteroNETransferVariable.loss-HeteroNETransferVariable.loss.0.0.1-guest-10000-arbiter-10000"
"2019-08-23 08:50:21,329 - federation.py[line:46] - DEBUG: [GET] Got hetero_network_embedding_example_standalone_20190823084948-HeteroNETransferVariable.loss-HeteroNETransferVariable.loss.0.0.1-guest-10000-arbiter-10000 type Object"
"2019-08-23 08:50:21,330 - federation.py[line:145] - DEBUG: [GET] arbiter 10000 getting remote object HeteroNETransferVariable.host_gradient.0.0.2 from guest [10000]"
"2019-08-23 08:50:21,814 - federation.py[line:124] - DEBUG: [REMOTE] Sent hetero_network_embedding_example_standalone_20190823084948-HeteroNETransferVariable.batch_data_index-HeteroNETransferVariable.batch_data_index.0.0.2-guest-10000-host-9999"
"2019-08-23 08:50:21,876 - federation.py[line:46] - DEBUG: [GET] Got hetero_network_embedding_example_standalone_20190823084948-HeteroNETransferVariable.batch_data_index-HeteroNETransferVariable.batch_data_index.0.0.2-guest-10000-host-9999 type Table"
"2019-08-23 08:50:31,429 - federation.py[line:124] - DEBUG: [REMOTE] Sent hetero_network_embedding_example_standalone_20190823084948-HeteroNETransferVariable.host_forward_dict-HeteroNETransferVariable.host_forward_dict.0.0.2-host-9999-guest-10000"
"2019-08-23 08:50:31,430 - federation.py[line:145] - DEBUG: [GET] host 9999 getting remote object HeteroNETransferVariable.host_optim_gradient.0.0.2 from arbiter [10000]"
"2019-08-23 08:50:31,842 - federation.py[line:145] - DEBUG: [GET] guest 10000 getting remote object HeteroNETransferVariable.host_forward_dict.0.0.2 from host [9999]"
"2019-08-23 08:50:31,842 - federation.py[line:46] - DEBUG: [GET] Got hetero_network_embedding_example_standalone_20190823084948-HeteroNETransferVariable.host_forward_dict-HeteroNETransferVariable.host_forward_dict.0.0.2-host-9999-guest-10000 type Table"
"2019-08-23 08:50:32,371 - federation.py[line:46] - DEBUG: [GET] Got hetero_network_embedding_example_standalone_20190823084948-HeteroNETransferVariable.host_gradient-HeteroNETransferVariable.host_gradient.0.0.2-guest-10000-arbiter-10000 type Table"
"2019-08-23 08:50:32,372 - federation.py[line:145] - DEBUG: [GET] arbiter 10000 getting remote object HeteroNETransferVariable.guest_gradient.0.0.2 from guest [10000]"
"2019-08-23 08:50:32,375 - federation.py[line:124] - DEBUG: [REMOTE] Sent hetero_network_embedding_example_standalone_20190823084948-HeteroNETransferVariable.host_gradient-HeteroNETransferVariable.host_gradient.0.0.2-guest-10000-arbiter-10000"
"2019-08-23 08:50:33,276 - federation.py[line:46] - DEBUG: [GET] Got hetero_network_embedding_example_standalone_20190823084948-HeteroNETransferVariable.guest_gradient-HeteroNETransferVariable.guest_gradient.0.0.2-guest-10000-arbiter-10000 type Table"
"2019-08-23 08:50:33,276 - federation.py[line:124] - DEBUG: [REMOTE] Sent hetero_network_embedding_example_standalone_20190823084948-HeteroNETransferVariable.guest_gradient-HeteroNETransferVariable.guest_gradient.0.0.2-guest-10000-arbiter-10000"
"2019-08-23 08:50:33,277 - federation.py[line:145] - DEBUG: [GET] guest 10000 getting remote object HeteroNETransferVariable.guest_optim_gradient.0.0.2 from arbiter [10000]"
"2019-08-23 08:50:33,455 - federation.py[line:124] - DEBUG: [REMOTE] Sent hetero_network_embedding_example_standalone_20190823084948-HeteroNETransferVariable.host_optim_gradient-HeteroNETransferVariable.host_optim_gradient.0.0.2-arbiter-10000-host-9999"
"2019-08-23 08:50:33,466 - federation.py[line:124] - DEBUG: [REMOTE] Sent hetero_network_embedding_example_standalone_20190823084948-HeteroNETransferVariable.guest_optim_gradient-HeteroNETransferVariable.guest_optim_gradient.0.0.2-arbiter-10000-guest-10000"
"2019-08-23 08:50:33,467 - federation.py[line:145] - DEBUG: [GET] arbiter 10000 getting remote object HeteroNETransferVariable.loss.0.0.2 from guest [10000]"
"2019-08-23 08:50:33,478 - federation.py[line:46] - DEBUG: [GET] Got hetero_network_embedding_example_standalone_20190823084948-HeteroNETransferVariable.guest_optim_gradient-HeteroNETransferVariable.guest_optim_gradient.0.0.2-arbiter-10000-guest-10000 type Table"
"2019-08-23 08:50:33,539 - federation.py[line:46] - DEBUG: [GET] Got hetero_network_embedding_example_standalone_20190823084948-HeteroNETransferVariable.host_optim_gradient-HeteroNETransferVariable.host_optim_gradient.0.0.2-arbiter-10000-host-9999 type Table"
"2019-08-23 08:50:33,685 - federation.py[line:124] - DEBUG: [REMOTE] Sent hetero_network_embedding_example_standalone_20190823084948-HeteroNETransferVariable.loss-HeteroNETransferVariable.loss.0.0.2-guest-10000-arbiter-10000"
"2019-08-23 08:50:33,707 - federation.py[line:145] - DEBUG: [GET] host 9999 getting remote object HeteroNETransferVariable.batch_data_index.0.0.3 from guest [10000]"
"2019-08-23 08:50:33,768 - federation.py[line:46] - DEBUG: [GET] Got hetero_network_embedding_example_standalone_20190823084948-HeteroNETransferVariable.loss-HeteroNETransferVariable.loss.0.0.2-guest-10000-arbiter-10000 type Object"
"2019-08-23 08:50:33,769 - federation.py[line:145] - DEBUG: [GET] arbiter 10000 getting remote object HeteroNETransferVariable.host_gradient.0.0.3 from guest [10000]"
"2019-08-23 08:50:34,251 - federation.py[line:124] - DEBUG: [REMOTE] Sent hetero_network_embedding_example_standalone_20190823084948-HeteroNETransferVariable.batch_data_index-HeteroNETransferVariable.batch_data_index.0.0.3-guest-10000-host-9999"
"2019-08-23 08:50:34,310 - federation.py[line:46] - DEBUG: [GET] Got hetero_network_embedding_example_standalone_20190823084948-HeteroNETransferVariable.batch_data_index-HeteroNETransferVariable.batch_data_index.0.0.3-guest-10000-host-9999 type Table"
"2019-08-23 08:50:43,475 - federation.py[line:145] - DEBUG: [GET] guest 10000 getting remote object HeteroNETransferVariable.host_forward_dict.0.0.3 from host [9999]"
"2019-08-23 08:50:43,870 - federation.py[line:124] - DEBUG: [REMOTE] Sent hetero_network_embedding_example_standalone_20190823084948-HeteroNETransferVariable.host_forward_dict-HeteroNETransferVariable.host_forward_dict.0.0.3-host-9999-guest-10000"
"2019-08-23 08:50:43,871 - federation.py[line:145] - DEBUG: [GET] host 9999 getting remote object HeteroNETransferVariable.host_optim_gradient.0.0.3 from arbiter [10000]"
"2019-08-23 08:50:43,877 - federation.py[line:46] - DEBUG: [GET] Got hetero_network_embedding_example_standalone_20190823084948-HeteroNETransferVariable.host_forward_dict-HeteroNETransferVariable.host_forward_dict.0.0.3-host-9999-guest-10000 type Table"
"2019-08-23 08:50:44,419 - federation.py[line:124] - DEBUG: [REMOTE] Sent hetero_network_embedding_example_standalone_20190823084948-HeteroNETransferVariable.host_gradient-HeteroNETransferVariable.host_gradient.0.0.3-guest-10000-arbiter-10000"
"2019-08-23 08:50:44,426 - federation.py[line:46] - DEBUG: [GET] Got hetero_network_embedding_example_standalone_20190823084948-HeteroNETransferVariable.host_gradient-HeteroNETransferVariable.host_gradient.0.0.3-guest-10000-arbiter-10000 type Table"
"2019-08-23 08:50:44,426 - federation.py[line:145] - DEBUG: [GET] arbiter 10000 getting remote object HeteroNETransferVariable.guest_gradient.0.0.3 from guest [10000]"
"2019-08-23 08:50:45,284 - federation.py[line:124] - DEBUG: [REMOTE] Sent hetero_network_embedding_example_standalone_20190823084948-HeteroNETransferVariable.guest_gradient-HeteroNETransferVariable.guest_gradient.0.0.3-guest-10000-arbiter-10000"
"2019-08-23 08:50:45,284 - federation.py[line:145] - DEBUG: [GET] guest 10000 getting remote object HeteroNETransferVariable.guest_optim_gradient.0.0.3 from arbiter [10000]"
"2019-08-23 08:50:45,331 - federation.py[line:46] - DEBUG: [GET] Got hetero_network_embedding_example_standalone_20190823084948-HeteroNETransferVariable.guest_gradient-HeteroNETransferVariable.guest_gradient.0.0.3-guest-10000-arbiter-10000 type Table"
"2019-08-23 08:50:45,492 - federation.py[line:124] - DEBUG: [REMOTE] Sent hetero_network_embedding_example_standalone_20190823084948-HeteroNETransferVariable.host_optim_gradient-HeteroNETransferVariable.host_optim_gradient.0.0.3-arbiter-10000-host-9999"
"2019-08-23 08:50:45,518 - federation.py[line:124] - DEBUG: [REMOTE] Sent hetero_network_embedding_example_standalone_20190823084948-HeteroNETransferVariable.guest_optim_gradient-HeteroNETransferVariable.guest_optim_gradient.0.0.3-arbiter-10000-guest-10000"
"2019-08-23 08:50:45,518 - federation.py[line:145] - DEBUG: [GET] arbiter 10000 getting remote object HeteroNETransferVariable.loss.0.0.3 from guest [10000]"
"2019-08-23 08:50:45,578 - federation.py[line:46] - DEBUG: [GET] Got hetero_network_embedding_example_standalone_20190823084948-HeteroNETransferVariable.host_optim_gradient-HeteroNETransferVariable.host_optim_gradient.0.0.3-arbiter-10000-host-9999 type Table"
"2019-08-23 08:50:45,586 - federation.py[line:46] - DEBUG: [GET] Got hetero_network_embedding_example_standalone_20190823084948-HeteroNETransferVariable.guest_optim_gradient-HeteroNETransferVariable.guest_optim_gradient.0.0.3-arbiter-10000-guest-10000 type Table"
"2019-08-23 08:50:45,749 - federation.py[line:145] - DEBUG: [GET] host 9999 getting remote object HeteroNETransferVariable.batch_data_index.0.0.4 from guest [10000]"
"2019-08-23 08:50:45,784 - federation.py[line:124] - DEBUG: [REMOTE] Sent hetero_network_embedding_example_standalone_20190823084948-HeteroNETransferVariable.loss-HeteroNETransferVariable.loss.0.0.3-guest-10000-arbiter-10000"
"2019-08-23 08:50:45,819 - federation.py[line:46] - DEBUG: [GET] Got hetero_network_embedding_example_standalone_20190823084948-HeteroNETransferVariable.loss-HeteroNETransferVariable.loss.0.0.3-guest-10000-arbiter-10000 type Object"
"2019-08-23 08:50:45,820 - federation.py[line:145] - DEBUG: [GET] arbiter 10000 getting remote object HeteroNETransferVariable.host_gradient.0.0.4 from guest [10000]"
"2019-08-23 08:50:46,934 - federation.py[line:124] - DEBUG: [REMOTE] Sent hetero_network_embedding_example_standalone_20190823084948-HeteroNETransferVariable.batch_data_index-HeteroNETransferVariable.batch_data_index.0.0.4-guest-10000-host-9999"
"2019-08-23 08:50:46,954 - federation.py[line:46] - DEBUG: [GET] Got hetero_network_embedding_example_standalone_20190823084948-HeteroNETransferVariable.batch_data_index-HeteroNETransferVariable.batch_data_index.0.0.4-guest-10000-host-9999 type Table"
"2019-08-23 08:50:56,269 - federation.py[line:145] - DEBUG: [GET] guest 10000 getting remote object HeteroNETransferVariable.host_forward_dict.0.0.4 from host [9999]"
"2019-08-23 08:50:56,691 - federation.py[line:124] - DEBUG: [REMOTE] Sent hetero_network_embedding_example_standalone_20190823084948-HeteroNETransferVariable.host_forward_dict-HeteroNETransferVariable.host_forward_dict.0.0.4-host-9999-guest-10000"
"2019-08-23 08:50:56,691 - federation.py[line:145] - DEBUG: [GET] host 9999 getting remote object HeteroNETransferVariable.host_optim_gradient.0.0.4 from arbiter [10000]"
"2019-08-23 08:50:56,771 - federation.py[line:46] - DEBUG: [GET] Got hetero_network_embedding_example_standalone_20190823084948-HeteroNETransferVariable.host_forward_dict-HeteroNETransferVariable.host_forward_dict.0.0.4-host-9999-guest-10000 type Table"
"2019-08-23 08:50:57,317 - federation.py[line:124] - DEBUG: [REMOTE] Sent hetero_network_embedding_example_standalone_20190823084948-HeteroNETransferVariable.host_gradient-HeteroNETransferVariable.host_gradient.0.0.4-guest-10000-arbiter-10000"
"2019-08-23 08:50:57,363 - federation.py[line:46] - DEBUG: [GET] Got hetero_network_embedding_example_standalone_20190823084948-HeteroNETransferVariable.host_gradient-HeteroNETransferVariable.host_gradient.0.0.4-guest-10000-arbiter-10000 type Table"
"2019-08-23 08:50:57,363 - federation.py[line:145] - DEBUG: [GET] arbiter 10000 getting remote object HeteroNETransferVariable.guest_gradient.0.0.4 from guest [10000]"
"2019-08-23 08:50:58,353 - federation.py[line:124] - DEBUG: [REMOTE] Sent hetero_network_embedding_example_standalone_20190823084948-HeteroNETransferVariable.guest_gradient-HeteroNETransferVariable.guest_gradient.0.0.4-guest-10000-arbiter-10000"
"2019-08-23 08:50:58,354 - federation.py[line:145] - DEBUG: [GET] guest 10000 getting remote object HeteroNETransferVariable.guest_optim_gradient.0.0.4 from arbiter [10000]"
"2019-08-23 08:50:58,368 - federation.py[line:46] - DEBUG: [GET] Got hetero_network_embedding_example_standalone_20190823084948-HeteroNETransferVariable.guest_gradient-HeteroNETransferVariable.guest_gradient.0.0.4-guest-10000-arbiter-10000 type Table"
"2019-08-23 08:50:58,497 - federation.py[line:124] - DEBUG: [REMOTE] Sent hetero_network_embedding_example_standalone_20190823084948-HeteroNETransferVariable.host_optim_gradient-HeteroNETransferVariable.host_optim_gradient.0.0.4-arbiter-10000-host-9999"
"2019-08-23 08:50:58,499 - federation.py[line:46] - DEBUG: [GET] Got hetero_network_embedding_example_standalone_20190823084948-HeteroNETransferVariable.host_optim_gradient-HeteroNETransferVariable.host_optim_gradient.0.0.4-arbiter-10000-host-9999 type Table"
"2019-08-23 08:50:58,509 - federation.py[line:124] - DEBUG: [REMOTE] Sent hetero_network_embedding_example_standalone_20190823084948-HeteroNETransferVariable.guest_optim_gradient-HeteroNETransferVariable.guest_optim_gradient.0.0.4-arbiter-10000-guest-10000"
"2019-08-23 08:50:58,509 - federation.py[line:145] - DEBUG: [GET] arbiter 10000 getting remote object HeteroNETransferVariable.loss.0.0.4 from guest [10000]"
"2019-08-23 08:50:58,555 - federation.py[line:46] - DEBUG: [GET] Got hetero_network_embedding_example_standalone_20190823084948-HeteroNETransferVariable.guest_optim_gradient-HeteroNETransferVariable.guest_optim_gradient.0.0.4-arbiter-10000-guest-10000 type Table"
"2019-08-23 08:50:58,672 - federation.py[line:145] - DEBUG: [GET] host 9999 getting remote object HeteroNETransferVariable.batch_data_index.0.0.5 from guest [10000]"
"2019-08-23 08:50:58,729 - federation.py[line:124] - DEBUG: [REMOTE] Sent hetero_network_embedding_example_standalone_20190823084948-HeteroNETransferVariable.loss-HeteroNETransferVariable.loss.0.0.4-guest-10000-arbiter-10000"
"2019-08-23 08:50:58,810 - federation.py[line:46] - DEBUG: [GET] Got hetero_network_embedding_example_standalone_20190823084948-HeteroNETransferVariable.loss-HeteroNETransferVariable.loss.0.0.4-guest-10000-arbiter-10000 type Object"
"2019-08-23 08:50:58,811 - federation.py[line:145] - DEBUG: [GET] arbiter 10000 getting remote object HeteroNETransferVariable.host_gradient.0.0.5 from guest [10000]"
"2019-08-23 08:50:59,136 - federation.py[line:124] - DEBUG: [REMOTE] Sent hetero_network_embedding_example_standalone_20190823084948-HeteroNETransferVariable.batch_data_index-HeteroNETransferVariable.batch_data_index.0.0.5-guest-10000-host-9999"
"2019-08-23 08:50:59,175 - federation.py[line:46] - DEBUG: [GET] Got hetero_network_embedding_example_standalone_20190823084948-HeteroNETransferVariable.batch_data_index-HeteroNETransferVariable.batch_data_index.0.0.5-guest-10000-host-9999 type Table"
"2019-08-23 08:51:08,305 - federation.py[line:145] - DEBUG: [GET] guest 10000 getting remote object HeteroNETransferVariable.host_forward_dict.0.0.5 from host [9999]"
"2019-08-23 08:51:08,315 - federation.py[line:124] - DEBUG: [REMOTE] Sent hetero_network_embedding_example_standalone_20190823084948-HeteroNETransferVariable.host_forward_dict-HeteroNETransferVariable.host_forward_dict.0.0.5-host-9999-guest-10000"
"2019-08-23 08:51:08,316 - federation.py[line:145] - DEBUG: [GET] host 9999 getting remote object HeteroNETransferVariable.host_optim_gradient.0.0.5 from arbiter [10000]"
"2019-08-23 08:51:08,406 - federation.py[line:46] - DEBUG: [GET] Got hetero_network_embedding_example_standalone_20190823084948-HeteroNETransferVariable.host_forward_dict-HeteroNETransferVariable.host_forward_dict.0.0.5-host-9999-guest-10000 type Table"
"2019-08-23 08:51:08,907 - federation.py[line:124] - DEBUG: [REMOTE] Sent hetero_network_embedding_example_standalone_20190823084948-HeteroNETransferVariable.host_gradient-HeteroNETransferVariable.host_gradient.0.0.5-guest-10000-arbiter-10000"
"2019-08-23 08:51:08,952 - federation.py[line:46] - DEBUG: [GET] Got hetero_network_embedding_example_standalone_20190823084948-HeteroNETransferVariable.host_gradient-HeteroNETransferVariable.host_gradient.0.0.5-guest-10000-arbiter-10000 type Table"
"2019-08-23 08:51:08,953 - federation.py[line:145] - DEBUG: [GET] arbiter 10000 getting remote object HeteroNETransferVariable.guest_gradient.0.0.5 from guest [10000]"
"2019-08-23 08:51:09,735 - federation.py[line:124] - DEBUG: [REMOTE] Sent hetero_network_embedding_example_standalone_20190823084948-HeteroNETransferVariable.guest_gradient-HeteroNETransferVariable.guest_gradient.0.0.5-guest-10000-arbiter-10000"
"2019-08-23 08:51:09,735 - federation.py[line:145] - DEBUG: [GET] guest 10000 getting remote object HeteroNETransferVariable.guest_optim_gradient.0.0.5 from arbiter [10000]"
"2019-08-23 08:51:09,756 - federation.py[line:46] - DEBUG: [GET] Got hetero_network_embedding_example_standalone_20190823084948-HeteroNETransferVariable.guest_gradient-HeteroNETransferVariable.guest_gradient.0.0.5-guest-10000-arbiter-10000 type Table"
"2019-08-23 08:51:09,947 - federation.py[line:124] - DEBUG: [REMOTE] Sent hetero_network_embedding_example_standalone_20190823084948-HeteroNETransferVariable.host_optim_gradient-HeteroNETransferVariable.host_optim_gradient.0.0.5-arbiter-10000-host-9999"
"2019-08-23 08:51:09,961 - federation.py[line:124] - DEBUG: [REMOTE] Sent hetero_network_embedding_example_standalone_20190823084948-HeteroNETransferVariable.guest_optim_gradient-HeteroNETransferVariable.guest_optim_gradient.0.0.5-arbiter-10000-guest-10000"
"2019-08-23 08:51:09,961 - federation.py[line:145] - DEBUG: [GET] arbiter 10000 getting remote object HeteroNETransferVariable.loss.0.0.5 from guest [10000]"
"2019-08-23 08:51:10,023 - federation.py[line:46] - DEBUG: [GET] Got hetero_network_embedding_example_standalone_20190823084948-HeteroNETransferVariable.host_optim_gradient-HeteroNETransferVariable.host_optim_gradient.0.0.5-arbiter-10000-host-9999 type Table"
"2019-08-23 08:51:10,038 - federation.py[line:46] - DEBUG: [GET] Got hetero_network_embedding_example_standalone_20190823084948-HeteroNETransferVariable.guest_optim_gradient-HeteroNETransferVariable.guest_optim_gradient.0.0.5-arbiter-10000-guest-10000 type Table"
"2019-08-23 08:51:10,260 - federation.py[line:145] - DEBUG: [GET] host 9999 getting remote object HeteroNETransferVariable.batch_data_index.0.0.6 from guest [10000]"
"2019-08-23 08:51:10,282 - federation.py[line:124] - DEBUG: [REMOTE] Sent hetero_network_embedding_example_standalone_20190823084948-HeteroNETransferVariable.loss-HeteroNETransferVariable.loss.0.0.5-guest-10000-arbiter-10000"
"2019-08-23 08:51:10,363 - federation.py[line:46] - DEBUG: [GET] Got hetero_network_embedding_example_standalone_20190823084948-HeteroNETransferVariable.loss-HeteroNETransferVariable.loss.0.0.5-guest-10000-arbiter-10000 type Object"
"2019-08-23 08:51:10,372 - federation.py[line:145] - DEBUG: [GET] arbiter 10000 getting remote object HeteroNETransferVariable.host_gradient.0.0.6 from guest [10000]"
"2019-08-23 08:51:10,850 - federation.py[line:124] - DEBUG: [REMOTE] Sent hetero_network_embedding_example_standalone_20190823084948-HeteroNETransferVariable.batch_data_index-HeteroNETransferVariable.batch_data_index.0.0.6-guest-10000-host-9999"
"2019-08-23 08:51:10,863 - federation.py[line:46] - DEBUG: [GET] Got hetero_network_embedding_example_standalone_20190823084948-HeteroNETransferVariable.batch_data_index-HeteroNETransferVariable.batch_data_index.0.0.6-guest-10000-host-9999 type Table"
"2019-08-23 08:51:20,258 - federation.py[line:145] - DEBUG: [GET] guest 10000 getting remote object HeteroNETransferVariable.host_forward_dict.0.0.6 from host [9999]"
"2019-08-23 08:51:20,283 - federation.py[line:124] - DEBUG: [REMOTE] Sent hetero_network_embedding_example_standalone_20190823084948-HeteroNETransferVariable.host_forward_dict-HeteroNETransferVariable.host_forward_dict.0.0.6-host-9999-guest-10000"
"2019-08-23 08:51:20,283 - federation.py[line:145] - DEBUG: [GET] host 9999 getting remote object HeteroNETransferVariable.host_optim_gradient.0.0.6 from arbiter [10000]"
"2019-08-23 08:51:20,360 - federation.py[line:46] - DEBUG: [GET] Got hetero_network_embedding_example_standalone_20190823084948-HeteroNETransferVariable.host_forward_dict-HeteroNETransferVariable.host_forward_dict.0.0.6-host-9999-guest-10000 type Table"
"2019-08-23 08:51:20,916 - federation.py[line:124] - DEBUG: [REMOTE] Sent hetero_network_embedding_example_standalone_20190823084948-HeteroNETransferVariable.host_gradient-HeteroNETransferVariable.host_gradient.0.0.6-guest-10000-arbiter-10000"
"2019-08-23 08:51:20,946 - federation.py[line:46] - DEBUG: [GET] Got hetero_network_embedding_example_standalone_20190823084948-HeteroNETransferVariable.host_gradient-HeteroNETransferVariable.host_gradient.0.0.6-guest-10000-arbiter-10000 type Table"
"2019-08-23 08:51:20,946 - federation.py[line:145] - DEBUG: [GET] arbiter 10000 getting remote object HeteroNETransferVariable.guest_gradient.0.0.6 from guest [10000]"
"2019-08-23 08:51:21,698 - federation.py[line:124] - DEBUG: [REMOTE] Sent hetero_network_embedding_example_standalone_20190823084948-HeteroNETransferVariable.guest_gradient-HeteroNETransferVariable.guest_gradient.0.0.6-guest-10000-arbiter-10000"
"2019-08-23 08:51:21,698 - federation.py[line:145] - DEBUG: [GET] guest 10000 getting remote object HeteroNETransferVariable.guest_optim_gradient.0.0.6 from arbiter [10000]"
"2019-08-23 08:51:21,749 - federation.py[line:46] - DEBUG: [GET] Got hetero_network_embedding_example_standalone_20190823084948-HeteroNETransferVariable.guest_gradient-HeteroNETransferVariable.guest_gradient.0.0.6-guest-10000-arbiter-10000 type Table"
"2019-08-23 08:51:21,950 - federation.py[line:124] - DEBUG: [REMOTE] Sent hetero_network_embedding_example_standalone_20190823084948-HeteroNETransferVariable.host_optim_gradient-HeteroNETransferVariable.host_optim_gradient.0.0.6-arbiter-10000-host-9999"
"2019-08-23 08:51:21,976 - federation.py[line:124] - DEBUG: [REMOTE] Sent hetero_network_embedding_example_standalone_20190823084948-HeteroNETransferVariable.guest_optim_gradient-HeteroNETransferVariable.guest_optim_gradient.0.0.6-arbiter-10000-guest-10000"
"2019-08-23 08:51:21,976 - federation.py[line:145] - DEBUG: [GET] arbiter 10000 getting remote object HeteroNETransferVariable.loss.0.0.6 from guest [10000]"
"2019-08-23 08:51:21,997 - federation.py[line:46] - DEBUG: [GET] Got hetero_network_embedding_example_standalone_20190823084948-HeteroNETransferVariable.host_optim_gradient-HeteroNETransferVariable.host_optim_gradient.0.0.6-arbiter-10000-host-9999 type Table"
"2019-08-23 08:51:22,001 - federation.py[line:46] - DEBUG: [GET] Got hetero_network_embedding_example_standalone_20190823084948-HeteroNETransferVariable.guest_optim_gradient-HeteroNETransferVariable.guest_optim_gradient.0.0.6-arbiter-10000-guest-10000 type Table"
"2019-08-23 08:51:22,250 - federation.py[line:145] - DEBUG: [GET] host 9999 getting remote object HeteroNETransferVariable.batch_data_index.0.0.7 from guest [10000]"
"2019-08-23 08:51:22,259 - federation.py[line:124] - DEBUG: [REMOTE] Sent hetero_network_embedding_example_standalone_20190823084948-HeteroNETransferVariable.loss-HeteroNETransferVariable.loss.0.0.6-guest-10000-arbiter-10000"
"2019-08-23 08:51:22,278 - federation.py[line:46] - DEBUG: [GET] Got hetero_network_embedding_example_standalone_20190823084948-HeteroNETransferVariable.loss-HeteroNETransferVariable.loss.0.0.6-guest-10000-arbiter-10000 type Object"
"2019-08-23 08:51:22,279 - federation.py[line:145] - DEBUG: [GET] arbiter 10000 getting remote object HeteroNETransferVariable.host_gradient.0.0.7 from guest [10000]"
"2019-08-23 08:51:22,783 - federation.py[line:124] - DEBUG: [REMOTE] Sent hetero_network_embedding_example_standalone_20190823084948-HeteroNETransferVariable.batch_data_index-HeteroNETransferVariable.batch_data_index.0.0.7-guest-10000-host-9999"
"2019-08-23 08:51:22,853 - federation.py[line:46] - DEBUG: [GET] Got hetero_network_embedding_example_standalone_20190823084948-HeteroNETransferVariable.batch_data_index-HeteroNETransferVariable.batch_data_index.0.0.7-guest-10000-host-9999 type Table"
"2019-08-23 08:51:32,133 - federation.py[line:124] - DEBUG: [REMOTE] Sent hetero_network_embedding_example_standalone_20190823084948-HeteroNETransferVariable.host_forward_dict-HeteroNETransferVariable.host_forward_dict.0.0.7-host-9999-guest-10000"
"2019-08-23 08:51:32,133 - federation.py[line:145] - DEBUG: [GET] host 9999 getting remote object HeteroNETransferVariable.host_optim_gradient.0.0.7 from arbiter [10000]"
"2019-08-23 08:51:32,523 - federation.py[line:145] - DEBUG: [GET] guest 10000 getting remote object HeteroNETransferVariable.host_forward_dict.0.0.7 from host [9999]"
"2019-08-23 08:51:32,524 - federation.py[line:46] - DEBUG: [GET] Got hetero_network_embedding_example_standalone_20190823084948-HeteroNETransferVariable.host_forward_dict-HeteroNETransferVariable.host_forward_dict.0.0.7-host-9999-guest-10000 type Table"
"2019-08-23 08:51:33,060 - federation.py[line:124] - DEBUG: [REMOTE] Sent hetero_network_embedding_example_standalone_20190823084948-HeteroNETransferVariable.host_gradient-HeteroNETransferVariable.host_gradient.0.0.7-guest-10000-arbiter-10000"
"2019-08-23 08:51:33,119 - federation.py[line:46] - DEBUG: [GET] Got hetero_network_embedding_example_standalone_20190823084948-HeteroNETransferVariable.host_gradient-HeteroNETransferVariable.host_gradient.0.0.7-guest-10000-arbiter-10000 type Table"
"2019-08-23 08:51:33,119 - federation.py[line:145] - DEBUG: [GET] arbiter 10000 getting remote object HeteroNETransferVariable.guest_gradient.0.0.7 from guest [10000]"
"2019-08-23 08:51:33,923 - federation.py[line:124] - DEBUG: [REMOTE] Sent hetero_network_embedding_example_standalone_20190823084948-HeteroNETransferVariable.guest_gradient-HeteroNETransferVariable.guest_gradient.0.0.7-guest-10000-arbiter-10000"
"2019-08-23 08:51:33,923 - federation.py[line:46] - DEBUG: [GET] Got hetero_network_embedding_example_standalone_20190823084948-HeteroNETransferVariable.guest_gradient-HeteroNETransferVariable.guest_gradient.0.0.7-guest-10000-arbiter-10000 type Table"
"2019-08-23 08:51:33,923 - federation.py[line:145] - DEBUG: [GET] guest 10000 getting remote object HeteroNETransferVariable.guest_optim_gradient.0.0.7 from arbiter [10000]"
"2019-08-23 08:51:34,091 - federation.py[line:124] - DEBUG: [REMOTE] Sent hetero_network_embedding_example_standalone_20190823084948-HeteroNETransferVariable.host_optim_gradient-HeteroNETransferVariable.host_optim_gradient.0.0.7-arbiter-10000-host-9999"
"2019-08-23 08:51:34,102 - federation.py[line:124] - DEBUG: [REMOTE] Sent hetero_network_embedding_example_standalone_20190823084948-HeteroNETransferVariable.guest_optim_gradient-HeteroNETransferVariable.guest_optim_gradient.0.0.7-arbiter-10000-guest-10000"
"2019-08-23 08:51:34,102 - federation.py[line:145] - DEBUG: [GET] arbiter 10000 getting remote object HeteroNETransferVariable.loss.0.0.7 from guest [10000]"
"2019-08-23 08:51:34,125 - federation.py[line:46] - DEBUG: [GET] Got hetero_network_embedding_example_standalone_20190823084948-HeteroNETransferVariable.guest_optim_gradient-HeteroNETransferVariable.guest_optim_gradient.0.0.7-arbiter-10000-guest-10000 type Table"
"2019-08-23 08:51:34,142 - federation.py[line:46] - DEBUG: [GET] Got hetero_network_embedding_example_standalone_20190823084948-HeteroNETransferVariable.host_optim_gradient-HeteroNETransferVariable.host_optim_gradient.0.0.7-arbiter-10000-host-9999 type Table"
"2019-08-23 08:51:34,375 - federation.py[line:124] - DEBUG: [REMOTE] Sent hetero_network_embedding_example_standalone_20190823084948-HeteroNETransferVariable.loss-HeteroNETransferVariable.loss.0.0.7-guest-10000-arbiter-10000"
"2019-08-23 08:51:34,393 - federation.py[line:145] - DEBUG: [GET] host 9999 getting remote object HeteroNETransferVariable.batch_data_index.0.0.8 from guest [10000]"
"2019-08-23 08:51:34,404 - federation.py[line:46] - DEBUG: [GET] Got hetero_network_embedding_example_standalone_20190823084948-HeteroNETransferVariable.loss-HeteroNETransferVariable.loss.0.0.7-guest-10000-arbiter-10000 type Object"
"2019-08-23 08:51:34,404 - federation.py[line:145] - DEBUG: [GET] arbiter 10000 getting remote object HeteroNETransferVariable.host_gradient.0.0.8 from guest [10000]"
"2019-08-23 08:51:34,960 - federation.py[line:124] - DEBUG: [REMOTE] Sent hetero_network_embedding_example_standalone_20190823084948-HeteroNETransferVariable.batch_data_index-HeteroNETransferVariable.batch_data_index.0.0.8-guest-10000-host-9999"
"2019-08-23 08:51:34,995 - federation.py[line:46] - DEBUG: [GET] Got hetero_network_embedding_example_standalone_20190823084948-HeteroNETransferVariable.batch_data_index-HeteroNETransferVariable.batch_data_index.0.0.8-guest-10000-host-9999 type Table"
"2019-08-23 08:51:44,482 - federation.py[line:124] - DEBUG: [REMOTE] Sent hetero_network_embedding_example_standalone_20190823084948-HeteroNETransferVariable.host_forward_dict-HeteroNETransferVariable.host_forward_dict.0.0.8-host-9999-guest-10000"
"2019-08-23 08:51:44,482 - federation.py[line:145] - DEBUG: [GET] host 9999 getting remote object HeteroNETransferVariable.host_optim_gradient.0.0.8 from arbiter [10000]"
"2019-08-23 08:51:44,835 - federation.py[line:145] - DEBUG: [GET] guest 10000 getting remote object HeteroNETransferVariable.host_forward_dict.0.0.8 from host [9999]"
"2019-08-23 08:51:44,836 - federation.py[line:46] - DEBUG: [GET] Got hetero_network_embedding_example_standalone_20190823084948-HeteroNETransferVariable.host_forward_dict-HeteroNETransferVariable.host_forward_dict.0.0.8-host-9999-guest-10000 type Table"
"2019-08-23 08:51:45,413 - federation.py[line:124] - DEBUG: [REMOTE] Sent hetero_network_embedding_example_standalone_20190823084948-HeteroNETransferVariable.host_gradient-HeteroNETransferVariable.host_gradient.0.0.8-guest-10000-arbiter-10000"
"2019-08-23 08:51:45,450 - federation.py[line:46] - DEBUG: [GET] Got hetero_network_embedding_example_standalone_20190823084948-HeteroNETransferVariable.host_gradient-HeteroNETransferVariable.host_gradient.0.0.8-guest-10000-arbiter-10000 type Table"
"2019-08-23 08:51:45,450 - federation.py[line:145] - DEBUG: [GET] arbiter 10000 getting remote object HeteroNETransferVariable.guest_gradient.0.0.8 from guest [10000]"
"2019-08-23 08:51:46,083 - federation.py[line:124] - DEBUG: [REMOTE] Sent hetero_network_embedding_example_standalone_20190823084948-HeteroNETransferVariable.guest_gradient-HeteroNETransferVariable.guest_gradient.0.0.8-guest-10000-arbiter-10000"
"2019-08-23 08:51:46,084 - federation.py[line:145] - DEBUG: [GET] guest 10000 getting remote object HeteroNETransferVariable.guest_optim_gradient.0.0.8 from arbiter [10000]"
"2019-08-23 08:51:46,154 - federation.py[line:46] - DEBUG: [GET] Got hetero_network_embedding_example_standalone_20190823084948-HeteroNETransferVariable.guest_gradient-HeteroNETransferVariable.guest_gradient.0.0.8-guest-10000-arbiter-10000 type Table"
"2019-08-23 08:51:46,360 - federation.py[line:124] - DEBUG: [REMOTE] Sent hetero_network_embedding_example_standalone_20190823084948-HeteroNETransferVariable.host_optim_gradient-HeteroNETransferVariable.host_optim_gradient.0.0.8-arbiter-10000-host-9999"
"2019-08-23 08:51:46,382 - federation.py[line:124] - DEBUG: [REMOTE] Sent hetero_network_embedding_example_standalone_20190823084948-HeteroNETransferVariable.guest_optim_gradient-HeteroNETransferVariable.guest_optim_gradient.0.0.8-arbiter-10000-guest-10000"
"2019-08-23 08:51:46,382 - federation.py[line:145] - DEBUG: [GET] arbiter 10000 getting remote object HeteroNETransferVariable.loss.0.0.8 from guest [10000]"
"2019-08-23 08:51:46,386 - federation.py[line:46] - DEBUG: [GET] Got hetero_network_embedding_example_standalone_20190823084948-HeteroNETransferVariable.guest_optim_gradient-HeteroNETransferVariable.guest_optim_gradient.0.0.8-arbiter-10000-guest-10000 type Table"
"2019-08-23 08:51:46,391 - federation.py[line:46] - DEBUG: [GET] Got hetero_network_embedding_example_standalone_20190823084948-HeteroNETransferVariable.host_optim_gradient-HeteroNETransferVariable.host_optim_gradient.0.0.8-arbiter-10000-host-9999 type Table"
"2019-08-23 08:51:46,638 - federation.py[line:124] - DEBUG: [REMOTE] Sent hetero_network_embedding_example_standalone_20190823084948-HeteroNETransferVariable.loss-HeteroNETransferVariable.loss.0.0.8-guest-10000-arbiter-10000"
"2019-08-23 08:51:46,659 - federation.py[line:145] - DEBUG: [GET] host 9999 getting remote object HeteroNETransferVariable.batch_data_index.0.0.9 from guest [10000]"
"2019-08-23 08:51:46,684 - federation.py[line:46] - DEBUG: [GET] Got hetero_network_embedding_example_standalone_20190823084948-HeteroNETransferVariable.loss-HeteroNETransferVariable.loss.0.0.8-guest-10000-arbiter-10000 type Object"
"2019-08-23 08:51:46,684 - federation.py[line:145] - DEBUG: [GET] arbiter 10000 getting remote object HeteroNETransferVariable.host_gradient.0.0.9 from guest [10000]"
"2019-08-23 08:51:47,280 - federation.py[line:124] - DEBUG: [REMOTE] Sent hetero_network_embedding_example_standalone_20190823084948-HeteroNETransferVariable.batch_data_index-HeteroNETransferVariable.batch_data_index.0.0.9-guest-10000-host-9999"
"2019-08-23 08:51:47,362 - federation.py[line:46] - DEBUG: [GET] Got hetero_network_embedding_example_standalone_20190823084948-HeteroNETransferVariable.batch_data_index-HeteroNETransferVariable.batch_data_index.0.0.9-guest-10000-host-9999 type Table"
"2019-08-23 08:51:56,940 - federation.py[line:124] - DEBUG: [REMOTE] Sent hetero_network_embedding_example_standalone_20190823084948-HeteroNETransferVariable.host_forward_dict-HeteroNETransferVariable.host_forward_dict.0.0.9-host-9999-guest-10000"
"2019-08-23 08:51:56,940 - federation.py[line:145] - DEBUG: [GET] host 9999 getting remote object HeteroNETransferVariable.host_optim_gradient.0.0.9 from arbiter [10000]"
"2019-08-23 08:51:56,968 - federation.py[line:145] - DEBUG: [GET] guest 10000 getting remote object HeteroNETransferVariable.host_forward_dict.0.0.9 from host [9999]"
"2019-08-23 08:51:56,969 - federation.py[line:46] - DEBUG: [GET] Got hetero_network_embedding_example_standalone_20190823084948-HeteroNETransferVariable.host_forward_dict-HeteroNETransferVariable.host_forward_dict.0.0.9-host-9999-guest-10000 type Table"
"2019-08-23 08:51:57,559 - federation.py[line:124] - DEBUG: [REMOTE] Sent hetero_network_embedding_example_standalone_20190823084948-HeteroNETransferVariable.host_gradient-HeteroNETransferVariable.host_gradient.0.0.9-guest-10000-arbiter-10000"
"2019-08-23 08:51:57,639 - federation.py[line:46] - DEBUG: [GET] Got hetero_network_embedding_example_standalone_20190823084948-HeteroNETransferVariable.host_gradient-HeteroNETransferVariable.host_gradient.0.0.9-guest-10000-arbiter-10000 type Table"
"2019-08-23 08:51:57,640 - federation.py[line:145] - DEBUG: [GET] arbiter 10000 getting remote object HeteroNETransferVariable.guest_gradient.0.0.9 from guest [10000]"
"2019-08-23 08:51:58,577 - federation.py[line:124] - DEBUG: [REMOTE] Sent hetero_network_embedding_example_standalone_20190823084948-HeteroNETransferVariable.guest_gradient-HeteroNETransferVariable.guest_gradient.0.0.9-guest-10000-arbiter-10000"
"2019-08-23 08:51:58,578 - federation.py[line:145] - DEBUG: [GET] guest 10000 getting remote object HeteroNETransferVariable.guest_optim_gradient.0.0.9 from arbiter [10000]"
"2019-08-23 08:51:58,644 - federation.py[line:46] - DEBUG: [GET] Got hetero_network_embedding_example_standalone_20190823084948-HeteroNETransferVariable.guest_gradient-HeteroNETransferVariable.guest_gradient.0.0.9-guest-10000-arbiter-10000 type Table"
"2019-08-23 08:51:58,802 - federation.py[line:124] - DEBUG: [REMOTE] Sent hetero_network_embedding_example_standalone_20190823084948-HeteroNETransferVariable.host_optim_gradient-HeteroNETransferVariable.host_optim_gradient.0.0.9-arbiter-10000-host-9999"
"2019-08-23 08:51:58,813 - federation.py[line:124] - DEBUG: [REMOTE] Sent hetero_network_embedding_example_standalone_20190823084948-HeteroNETransferVariable.guest_optim_gradient-HeteroNETransferVariable.guest_optim_gradient.0.0.9-arbiter-10000-guest-10000"
"2019-08-23 08:51:58,814 - federation.py[line:145] - DEBUG: [GET] arbiter 10000 getting remote object HeteroNETransferVariable.loss.0.0.9 from guest [10000]"
"2019-08-23 08:51:58,848 - federation.py[line:46] - DEBUG: [GET] Got hetero_network_embedding_example_standalone_20190823084948-HeteroNETransferVariable.host_optim_gradient-HeteroNETransferVariable.host_optim_gradient.0.0.9-arbiter-10000-host-9999 type Table"
"2019-08-23 08:51:58,880 - federation.py[line:46] - DEBUG: [GET] Got hetero_network_embedding_example_standalone_20190823084948-HeteroNETransferVariable.guest_optim_gradient-HeteroNETransferVariable.guest_optim_gradient.0.0.9-arbiter-10000-guest-10000 type Table"
"2019-08-23 08:51:59,057 - federation.py[line:145] - DEBUG: [GET] host 9999 getting remote object HeteroNETransferVariable.batch_data_index.0.0.10 from guest [10000]"
"2019-08-23 08:51:59,070 - federation.py[line:124] - DEBUG: [REMOTE] Sent hetero_network_embedding_example_standalone_20190823084948-HeteroNETransferVariable.loss-HeteroNETransferVariable.loss.0.0.9-guest-10000-arbiter-10000"
"2019-08-23 08:51:59,115 - federation.py[line:46] - DEBUG: [GET] Got hetero_network_embedding_example_standalone_20190823084948-HeteroNETransferVariable.loss-HeteroNETransferVariable.loss.0.0.9-guest-10000-arbiter-10000 type Object"
"2019-08-23 08:51:59,116 - federation.py[line:145] - DEBUG: [GET] arbiter 10000 getting remote object HeteroNETransferVariable.host_gradient.0.0.10 from guest [10000]"
"2019-08-23 08:51:59,624 - federation.py[line:124] - DEBUG: [REMOTE] Sent hetero_network_embedding_example_standalone_20190823084948-HeteroNETransferVariable.batch_data_index-HeteroNETransferVariable.batch_data_index.0.0.10-guest-10000-host-9999"
"2019-08-23 08:51:59,660 - federation.py[line:46] - DEBUG: [GET] Got hetero_network_embedding_example_standalone_20190823084948-HeteroNETransferVariable.batch_data_index-HeteroNETransferVariable.batch_data_index.0.0.10-guest-10000-host-9999 type Table"
"2019-08-23 08:52:09,390 - federation.py[line:124] - DEBUG: [REMOTE] Sent hetero_network_embedding_example_standalone_20190823084948-HeteroNETransferVariable.host_forward_dict-HeteroNETransferVariable.host_forward_dict.0.0.10-host-9999-guest-10000"
"2019-08-23 08:52:09,390 - federation.py[line:145] - DEBUG: [GET] host 9999 getting remote object HeteroNETransferVariable.host_optim_gradient.0.0.10 from arbiter [10000]"
"2019-08-23 08:52:09,440 - federation.py[line:145] - DEBUG: [GET] guest 10000 getting remote object HeteroNETransferVariable.host_forward_dict.0.0.10 from host [9999]"
"2019-08-23 08:52:09,441 - federation.py[line:46] - DEBUG: [GET] Got hetero_network_embedding_example_standalone_20190823084948-HeteroNETransferVariable.host_forward_dict-HeteroNETransferVariable.host_forward_dict.0.0.10-host-9999-guest-10000 type Table"
"2019-08-23 08:52:10,014 - federation.py[line:124] - DEBUG: [REMOTE] Sent hetero_network_embedding_example_standalone_20190823084948-HeteroNETransferVariable.host_gradient-HeteroNETransferVariable.host_gradient.0.0.10-guest-10000-arbiter-10000"
"2019-08-23 08:52:10,071 - federation.py[line:46] - DEBUG: [GET] Got hetero_network_embedding_example_standalone_20190823084948-HeteroNETransferVariable.host_gradient-HeteroNETransferVariable.host_gradient.0.0.10-guest-10000-arbiter-10000 type Table"
"2019-08-23 08:52:10,072 - federation.py[line:145] - DEBUG: [GET] arbiter 10000 getting remote object HeteroNETransferVariable.guest_gradient.0.0.10 from guest [10000]"
"2019-08-23 08:52:10,660 - federation.py[line:124] - DEBUG: [REMOTE] Sent hetero_network_embedding_example_standalone_20190823084948-HeteroNETransferVariable.guest_gradient-HeteroNETransferVariable.guest_gradient.0.0.10-guest-10000-arbiter-10000"
"2019-08-23 08:52:10,661 - federation.py[line:145] - DEBUG: [GET] guest 10000 getting remote object HeteroNETransferVariable.guest_optim_gradient.0.0.10 from arbiter [10000]"
"2019-08-23 08:52:10,674 - federation.py[line:46] - DEBUG: [GET] Got hetero_network_embedding_example_standalone_20190823084948-HeteroNETransferVariable.guest_gradient-HeteroNETransferVariable.guest_gradient.0.0.10-guest-10000-arbiter-10000 type Table"
"2019-08-23 08:52:11,068 - federation.py[line:124] - DEBUG: [REMOTE] Sent hetero_network_embedding_example_standalone_20190823084948-HeteroNETransferVariable.host_optim_gradient-HeteroNETransferVariable.host_optim_gradient.0.0.10-arbiter-10000-host-9999"
"2019-08-23 08:52:11,077 - federation.py[line:124] - DEBUG: [REMOTE] Sent hetero_network_embedding_example_standalone_20190823084948-HeteroNETransferVariable.guest_optim_gradient-HeteroNETransferVariable.guest_optim_gradient.0.0.10-arbiter-10000-guest-10000"
"2019-08-23 08:52:11,077 - federation.py[line:145] - DEBUG: [GET] arbiter 10000 getting remote object HeteroNETransferVariable.loss.0.0.10 from guest [10000]"
"2019-08-23 08:52:11,097 - federation.py[line:46] - DEBUG: [GET] Got hetero_network_embedding_example_standalone_20190823084948-HeteroNETransferVariable.host_optim_gradient-HeteroNETransferVariable.host_optim_gradient.0.0.10-arbiter-10000-host-9999 type Table"
"2019-08-23 08:52:11,164 - federation.py[line:46] - DEBUG: [GET] Got hetero_network_embedding_example_standalone_20190823084948-HeteroNETransferVariable.guest_optim_gradient-HeteroNETransferVariable.guest_optim_gradient.0.0.10-arbiter-10000-guest-10000 type Table"
"2019-08-23 08:52:11,259 - federation.py[line:145] - DEBUG: [GET] host 9999 getting remote object HeteroNETransferVariable.batch_data_index.0.0.11 from guest [10000]"
"2019-08-23 08:52:11,348 - federation.py[line:124] - DEBUG: [REMOTE] Sent hetero_network_embedding_example_standalone_20190823084948-HeteroNETransferVariable.loss-HeteroNETransferVariable.loss.0.0.10-guest-10000-arbiter-10000"
"2019-08-23 08:52:11,379 - federation.py[line:46] - DEBUG: [GET] Got hetero_network_embedding_example_standalone_20190823084948-HeteroNETransferVariable.loss-HeteroNETransferVariable.loss.0.0.10-guest-10000-arbiter-10000 type Object"
"2019-08-23 08:52:11,379 - federation.py[line:145] - DEBUG: [GET] arbiter 10000 getting remote object HeteroNETransferVariable.host_gradient.0.0.11 from guest [10000]"
"2019-08-23 08:52:11,844 - federation.py[line:124] - DEBUG: [REMOTE] Sent hetero_network_embedding_example_standalone_20190823084948-HeteroNETransferVariable.batch_data_index-HeteroNETransferVariable.batch_data_index.0.0.11-guest-10000-host-9999"
"2019-08-23 08:52:11,862 - federation.py[line:46] - DEBUG: [GET] Got hetero_network_embedding_example_standalone_20190823084948-HeteroNETransferVariable.batch_data_index-HeteroNETransferVariable.batch_data_index.0.0.11-guest-10000-host-9999 type Table"
"2019-08-23 08:52:21,210 - federation.py[line:145] - DEBUG: [GET] guest 10000 getting remote object HeteroNETransferVariable.host_forward_dict.0.0.11 from host [9999]"
"2019-08-23 08:52:21,609 - federation.py[line:124] - DEBUG: [REMOTE] Sent hetero_network_embedding_example_standalone_20190823084948-HeteroNETransferVariable.host_forward_dict-HeteroNETransferVariable.host_forward_dict.0.0.11-host-9999-guest-10000"
"2019-08-23 08:52:21,611 - federation.py[line:145] - DEBUG: [GET] host 9999 getting remote object HeteroNETransferVariable.host_optim_gradient.0.0.11 from arbiter [10000]"
"2019-08-23 08:52:21,613 - federation.py[line:46] - DEBUG: [GET] Got hetero_network_embedding_example_standalone_20190823084948-HeteroNETransferVariable.host_forward_dict-HeteroNETransferVariable.host_forward_dict.0.0.11-host-9999-guest-10000 type Table"
"2019-08-23 08:52:22,162 - federation.py[line:124] - DEBUG: [REMOTE] Sent hetero_network_embedding_example_standalone_20190823084948-HeteroNETransferVariable.host_gradient-HeteroNETransferVariable.host_gradient.0.0.11-guest-10000-arbiter-10000"
"2019-08-23 08:52:22,222 - federation.py[line:46] - DEBUG: [GET] Got hetero_network_embedding_example_standalone_20190823084948-HeteroNETransferVariable.host_gradient-HeteroNETransferVariable.host_gradient.0.0.11-guest-10000-arbiter-10000 type Table"
"2019-08-23 08:52:22,223 - federation.py[line:145] - DEBUG: [GET] arbiter 10000 getting remote object HeteroNETransferVariable.guest_gradient.0.0.11 from guest [10000]"
"2019-08-23 08:52:23,079 - federation.py[line:124] - DEBUG: [REMOTE] Sent hetero_network_embedding_example_standalone_20190823084948-HeteroNETransferVariable.guest_gradient-HeteroNETransferVariable.guest_gradient.0.0.11-guest-10000-arbiter-10000"
"2019-08-23 08:52:23,080 - federation.py[line:145] - DEBUG: [GET] guest 10000 getting remote object HeteroNETransferVariable.guest_optim_gradient.0.0.11 from arbiter [10000]"
"2019-08-23 08:52:23,126 - federation.py[line:46] - DEBUG: [GET] Got hetero_network_embedding_example_standalone_20190823084948-HeteroNETransferVariable.guest_gradient-HeteroNETransferVariable.guest_gradient.0.0.11-guest-10000-arbiter-10000 type Table"
"2019-08-23 08:52:23,339 - federation.py[line:124] - DEBUG: [REMOTE] Sent hetero_network_embedding_example_standalone_20190823084948-HeteroNETransferVariable.host_optim_gradient-HeteroNETransferVariable.host_optim_gradient.0.0.11-arbiter-10000-host-9999"
"2019-08-23 08:52:23,356 - federation.py[line:124] - DEBUG: [REMOTE] Sent hetero_network_embedding_example_standalone_20190823084948-HeteroNETransferVariable.guest_optim_gradient-HeteroNETransferVariable.guest_optim_gradient.0.0.11-arbiter-10000-guest-10000"
"2019-08-23 08:52:23,356 - federation.py[line:145] - DEBUG: [GET] arbiter 10000 getting remote object HeteroNETransferVariable.loss.0.0.11 from guest [10000]"
"2019-08-23 08:52:23,382 - federation.py[line:46] - DEBUG: [GET] Got hetero_network_embedding_example_standalone_20190823084948-HeteroNETransferVariable.guest_optim_gradient-HeteroNETransferVariable.guest_optim_gradient.0.0.11-arbiter-10000-guest-10000 type Table"
"2019-08-23 08:52:23,419 - federation.py[line:46] - DEBUG: [GET] Got hetero_network_embedding_example_standalone_20190823084948-HeteroNETransferVariable.host_optim_gradient-HeteroNETransferVariable.host_optim_gradient.0.0.11-arbiter-10000-host-9999 type Table"
"2019-08-23 08:52:23,611 - federation.py[line:124] - DEBUG: [REMOTE] Sent hetero_network_embedding_example_standalone_20190823084948-HeteroNETransferVariable.loss-HeteroNETransferVariable.loss.0.0.11-guest-10000-arbiter-10000"
"2019-08-23 08:52:23,626 - federation.py[line:145] - DEBUG: [GET] host 9999 getting remote object HeteroNETransferVariable.batch_data_index.0.0.12 from guest [10000]"
"2019-08-23 08:52:23,658 - federation.py[line:46] - DEBUG: [GET] Got hetero_network_embedding_example_standalone_20190823084948-HeteroNETransferVariable.loss-HeteroNETransferVariable.loss.0.0.11-guest-10000-arbiter-10000 type Object"
"2019-08-23 08:52:23,681 - federation.py[line:145] - DEBUG: [GET] arbiter 10000 getting remote object HeteroNETransferVariable.host_gradient.0.0.12 from guest [10000]"
"2019-08-23 08:52:24,177 - federation.py[line:124] - DEBUG: [REMOTE] Sent hetero_network_embedding_example_standalone_20190823084948-HeteroNETransferVariable.batch_data_index-HeteroNETransferVariable.batch_data_index.0.0.12-guest-10000-host-9999"
"2019-08-23 08:52:24,228 - federation.py[line:46] - DEBUG: [GET] Got hetero_network_embedding_example_standalone_20190823084948-HeteroNETransferVariable.batch_data_index-HeteroNETransferVariable.batch_data_index.0.0.12-guest-10000-host-9999 type Table"
"2019-08-23 08:52:33,504 - federation.py[line:124] - DEBUG: [REMOTE] Sent hetero_network_embedding_example_standalone_20190823084948-HeteroNETransferVariable.host_forward_dict-HeteroNETransferVariable.host_forward_dict.0.0.12-host-9999-guest-10000"
"2019-08-23 08:52:33,504 - federation.py[line:145] - DEBUG: [GET] host 9999 getting remote object HeteroNETransferVariable.host_optim_gradient.0.0.12 from arbiter [10000]"
"2019-08-23 08:52:33,922 - federation.py[line:145] - DEBUG: [GET] guest 10000 getting remote object HeteroNETransferVariable.host_forward_dict.0.0.12 from host [9999]"
"2019-08-23 08:52:33,923 - federation.py[line:46] - DEBUG: [GET] Got hetero_network_embedding_example_standalone_20190823084948-HeteroNETransferVariable.host_forward_dict-HeteroNETransferVariable.host_forward_dict.0.0.12-host-9999-guest-10000 type Table"
"2019-08-23 08:52:34,500 - federation.py[line:124] - DEBUG: [REMOTE] Sent hetero_network_embedding_example_standalone_20190823084948-HeteroNETransferVariable.host_gradient-HeteroNETransferVariable.host_gradient.0.0.12-guest-10000-arbiter-10000"
"2019-08-23 08:52:34,527 - federation.py[line:46] - DEBUG: [GET] Got hetero_network_embedding_example_standalone_20190823084948-HeteroNETransferVariable.host_gradient-HeteroNETransferVariable.host_gradient.0.0.12-guest-10000-arbiter-10000 type Table"
"2019-08-23 08:52:34,528 - federation.py[line:145] - DEBUG: [GET] arbiter 10000 getting remote object HeteroNETransferVariable.guest_gradient.0.0.12 from guest [10000]"
"2019-08-23 08:52:35,315 - federation.py[line:124] - DEBUG: [REMOTE] Sent hetero_network_embedding_example_standalone_20190823084948-HeteroNETransferVariable.guest_gradient-HeteroNETransferVariable.guest_gradient.0.0.12-guest-10000-arbiter-10000"
"2019-08-23 08:52:35,315 - federation.py[line:145] - DEBUG: [GET] guest 10000 getting remote object HeteroNETransferVariable.guest_optim_gradient.0.0.12 from arbiter [10000]"
"2019-08-23 08:52:35,332 - federation.py[line:46] - DEBUG: [GET] Got hetero_network_embedding_example_standalone_20190823084948-HeteroNETransferVariable.guest_gradient-HeteroNETransferVariable.guest_gradient.0.0.12-guest-10000-arbiter-10000 type Table"
"2019-08-23 08:52:35,459 - federation.py[line:124] - DEBUG: [REMOTE] Sent hetero_network_embedding_example_standalone_20190823084948-HeteroNETransferVariable.host_optim_gradient-HeteroNETransferVariable.host_optim_gradient.0.0.12-arbiter-10000-host-9999"
"2019-08-23 08:52:35,470 - federation.py[line:124] - DEBUG: [REMOTE] Sent hetero_network_embedding_example_standalone_20190823084948-HeteroNETransferVariable.guest_optim_gradient-HeteroNETransferVariable.guest_optim_gradient.0.0.12-arbiter-10000-guest-10000"
"2019-08-23 08:52:35,471 - federation.py[line:145] - DEBUG: [GET] arbiter 10000 getting remote object HeteroNETransferVariable.loss.0.0.12 from guest [10000]"
"2019-08-23 08:52:35,517 - federation.py[line:46] - DEBUG: [GET] Got hetero_network_embedding_example_standalone_20190823084948-HeteroNETransferVariable.guest_optim_gradient-HeteroNETransferVariable.guest_optim_gradient.0.0.12-arbiter-10000-guest-10000 type Table"
"2019-08-23 08:52:35,518 - federation.py[line:46] - DEBUG: [GET] Got hetero_network_embedding_example_standalone_20190823084948-HeteroNETransferVariable.host_optim_gradient-HeteroNETransferVariable.host_optim_gradient.0.0.12-arbiter-10000-host-9999 type Table"
"2019-08-23 08:52:35,725 - federation.py[line:124] - DEBUG: [REMOTE] Sent hetero_network_embedding_example_standalone_20190823084948-HeteroNETransferVariable.loss-HeteroNETransferVariable.loss.0.0.12-guest-10000-arbiter-10000"
"2019-08-23 08:52:35,747 - federation.py[line:145] - DEBUG: [GET] host 9999 getting remote object HeteroNETransferVariable.batch_data_index.0.0.13 from guest [10000]"
"2019-08-23 08:52:35,772 - federation.py[line:46] - DEBUG: [GET] Got hetero_network_embedding_example_standalone_20190823084948-HeteroNETransferVariable.loss-HeteroNETransferVariable.loss.0.0.12-guest-10000-arbiter-10000 type Object"
"2019-08-23 08:52:35,773 - federation.py[line:145] - DEBUG: [GET] arbiter 10000 getting remote object HeteroNETransferVariable.host_gradient.0.0.13 from guest [10000]"
"2019-08-23 08:52:36,697 - federation.py[line:124] - DEBUG: [REMOTE] Sent hetero_network_embedding_example_standalone_20190823084948-HeteroNETransferVariable.batch_data_index-HeteroNETransferVariable.batch_data_index.0.0.13-guest-10000-host-9999"
"2019-08-23 08:52:36,752 - federation.py[line:46] - DEBUG: [GET] Got hetero_network_embedding_example_standalone_20190823084948-HeteroNETransferVariable.batch_data_index-HeteroNETransferVariable.batch_data_index.0.0.13-guest-10000-host-9999 type Table"
"2019-08-23 08:52:45,963 - federation.py[line:124] - DEBUG: [REMOTE] Sent hetero_network_embedding_example_standalone_20190823084948-HeteroNETransferVariable.host_forward_dict-HeteroNETransferVariable.host_forward_dict.0.0.13-host-9999-guest-10000"
"2019-08-23 08:52:45,964 - federation.py[line:145] - DEBUG: [GET] host 9999 getting remote object HeteroNETransferVariable.host_optim_gradient.0.0.13 from arbiter [10000]"
"2019-08-23 08:52:46,334 - federation.py[line:145] - DEBUG: [GET] guest 10000 getting remote object HeteroNETransferVariable.host_forward_dict.0.0.13 from host [9999]"
"2019-08-23 08:52:46,335 - federation.py[line:46] - DEBUG: [GET] Got hetero_network_embedding_example_standalone_20190823084948-HeteroNETransferVariable.host_forward_dict-HeteroNETransferVariable.host_forward_dict.0.0.13-host-9999-guest-10000 type Table"
"2019-08-23 08:52:46,915 - federation.py[line:46] - DEBUG: [GET] Got hetero_network_embedding_example_standalone_20190823084948-HeteroNETransferVariable.host_gradient-HeteroNETransferVariable.host_gradient.0.0.13-guest-10000-arbiter-10000 type Table"
"2019-08-23 08:52:46,915 - federation.py[line:145] - DEBUG: [GET] arbiter 10000 getting remote object HeteroNETransferVariable.guest_gradient.0.0.13 from guest [10000]"
"2019-08-23 08:52:46,924 - federation.py[line:124] - DEBUG: [REMOTE] Sent hetero_network_embedding_example_standalone_20190823084948-HeteroNETransferVariable.host_gradient-HeteroNETransferVariable.host_gradient.0.0.13-guest-10000-arbiter-10000"
"2019-08-23 08:52:47,613 - federation.py[line:124] - DEBUG: [REMOTE] Sent hetero_network_embedding_example_standalone_20190823084948-HeteroNETransferVariable.guest_gradient-HeteroNETransferVariable.guest_gradient.0.0.13-guest-10000-arbiter-10000"
"2019-08-23 08:52:47,614 - federation.py[line:145] - DEBUG: [GET] guest 10000 getting remote object HeteroNETransferVariable.guest_optim_gradient.0.0.13 from arbiter [10000]"
"2019-08-23 08:52:47,618 - federation.py[line:46] - DEBUG: [GET] Got hetero_network_embedding_example_standalone_20190823084948-HeteroNETransferVariable.guest_gradient-HeteroNETransferVariable.guest_gradient.0.0.13-guest-10000-arbiter-10000 type Table"
"2019-08-23 08:52:48,113 - federation.py[line:124] - DEBUG: [REMOTE] Sent hetero_network_embedding_example_standalone_20190823084948-HeteroNETransferVariable.host_optim_gradient-HeteroNETransferVariable.host_optim_gradient.0.0.13-arbiter-10000-host-9999"
"2019-08-23 08:52:48,136 - federation.py[line:124] - DEBUG: [REMOTE] Sent hetero_network_embedding_example_standalone_20190823084948-HeteroNETransferVariable.guest_optim_gradient-HeteroNETransferVariable.guest_optim_gradient.0.0.13-arbiter-10000-guest-10000"
"2019-08-23 08:52:48,137 - federation.py[line:145] - DEBUG: [GET] arbiter 10000 getting remote object HeteroNETransferVariable.loss.0.0.13 from guest [10000]"
"2019-08-23 08:52:48,173 - federation.py[line:46] - DEBUG: [GET] Got hetero_network_embedding_example_standalone_20190823084948-HeteroNETransferVariable.host_optim_gradient-HeteroNETransferVariable.host_optim_gradient.0.0.13-arbiter-10000-host-9999 type Table"
"2019-08-23 08:52:48,217 - federation.py[line:46] - DEBUG: [GET] Got hetero_network_embedding_example_standalone_20190823084948-HeteroNETransferVariable.guest_optim_gradient-HeteroNETransferVariable.guest_optim_gradient.0.0.13-arbiter-10000-guest-10000 type Table"
"2019-08-23 08:52:48,347 - federation.py[line:145] - DEBUG: [GET] host 9999 getting remote object HeteroNETransferVariable.batch_data_index.0.0.14 from guest [10000]"
"2019-08-23 08:52:48,428 - federation.py[line:124] - DEBUG: [REMOTE] Sent hetero_network_embedding_example_standalone_20190823084948-HeteroNETransferVariable.loss-HeteroNETransferVariable.loss.0.0.13-guest-10000-arbiter-10000"
"2019-08-23 08:52:48,438 - federation.py[line:46] - DEBUG: [GET] Got hetero_network_embedding_example_standalone_20190823084948-HeteroNETransferVariable.loss-HeteroNETransferVariable.loss.0.0.13-guest-10000-arbiter-10000 type Object"
"2019-08-23 08:52:48,439 - federation.py[line:145] - DEBUG: [GET] arbiter 10000 getting remote object HeteroNETransferVariable.host_gradient.0.0.14 from guest [10000]"
"2019-08-23 08:52:48,999 - federation.py[line:124] - DEBUG: [REMOTE] Sent hetero_network_embedding_example_standalone_20190823084948-HeteroNETransferVariable.batch_data_index-HeteroNETransferVariable.batch_data_index.0.0.14-guest-10000-host-9999"
"2019-08-23 08:52:49,050 - federation.py[line:46] - DEBUG: [GET] Got hetero_network_embedding_example_standalone_20190823084948-HeteroNETransferVariable.batch_data_index-HeteroNETransferVariable.batch_data_index.0.0.14-guest-10000-host-9999 type Table"
"2019-08-23 08:52:58,071 - federation.py[line:145] - DEBUG: [GET] guest 10000 getting remote object HeteroNETransferVariable.host_forward_dict.0.0.14 from host [9999]"
"2019-08-23 08:52:58,082 - federation.py[line:124] - DEBUG: [REMOTE] Sent hetero_network_embedding_example_standalone_20190823084948-HeteroNETransferVariable.host_forward_dict-HeteroNETransferVariable.host_forward_dict.0.0.14-host-9999-guest-10000"
"2019-08-23 08:52:58,083 - federation.py[line:145] - DEBUG: [GET] host 9999 getting remote object HeteroNETransferVariable.host_optim_gradient.0.0.14 from arbiter [10000]"
"2019-08-23 08:52:58,172 - federation.py[line:46] - DEBUG: [GET] Got hetero_network_embedding_example_standalone_20190823084948-HeteroNETransferVariable.host_forward_dict-HeteroNETransferVariable.host_forward_dict.0.0.14-host-9999-guest-10000 type Table"
"2019-08-23 08:52:58,746 - federation.py[line:124] - DEBUG: [REMOTE] Sent hetero_network_embedding_example_standalone_20190823084948-HeteroNETransferVariable.host_gradient-HeteroNETransferVariable.host_gradient.0.0.14-guest-10000-arbiter-10000"
"2019-08-23 08:52:58,778 - federation.py[line:46] - DEBUG: [GET] Got hetero_network_embedding_example_standalone_20190823084948-HeteroNETransferVariable.host_gradient-HeteroNETransferVariable.host_gradient.0.0.14-guest-10000-arbiter-10000 type Table"
"2019-08-23 08:52:58,779 - federation.py[line:145] - DEBUG: [GET] arbiter 10000 getting remote object HeteroNETransferVariable.guest_gradient.0.0.14 from guest [10000]"
"2019-08-23 08:52:59,544 - federation.py[line:124] - DEBUG: [REMOTE] Sent hetero_network_embedding_example_standalone_20190823084948-HeteroNETransferVariable.guest_gradient-HeteroNETransferVariable.guest_gradient.0.0.14-guest-10000-arbiter-10000"
"2019-08-23 08:52:59,545 - federation.py[line:145] - DEBUG: [GET] guest 10000 getting remote object HeteroNETransferVariable.guest_optim_gradient.0.0.14 from arbiter [10000]"
"2019-08-23 08:52:59,582 - federation.py[line:46] - DEBUG: [GET] Got hetero_network_embedding_example_standalone_20190823084948-HeteroNETransferVariable.guest_gradient-HeteroNETransferVariable.guest_gradient.0.0.14-guest-10000-arbiter-10000 type Table"
"2019-08-23 08:52:59,777 - federation.py[line:124] - DEBUG: [REMOTE] Sent hetero_network_embedding_example_standalone_20190823084948-HeteroNETransferVariable.host_optim_gradient-HeteroNETransferVariable.host_optim_gradient.0.0.14-arbiter-10000-host-9999"
"2019-08-23 08:52:59,793 - federation.py[line:46] - DEBUG: [GET] Got hetero_network_embedding_example_standalone_20190823084948-HeteroNETransferVariable.host_optim_gradient-HeteroNETransferVariable.host_optim_gradient.0.0.14-arbiter-10000-host-9999 type Table"
"2019-08-23 08:52:59,805 - federation.py[line:124] - DEBUG: [REMOTE] Sent hetero_network_embedding_example_standalone_20190823084948-HeteroNETransferVariable.guest_optim_gradient-HeteroNETransferVariable.guest_optim_gradient.0.0.14-arbiter-10000-guest-10000"
"2019-08-23 08:52:59,806 - federation.py[line:145] - DEBUG: [GET] arbiter 10000 getting remote object HeteroNETransferVariable.loss.0.0.14 from guest [10000]"
"2019-08-23 08:52:59,847 - federation.py[line:46] - DEBUG: [GET] Got hetero_network_embedding_example_standalone_20190823084948-HeteroNETransferVariable.guest_optim_gradient-HeteroNETransferVariable.guest_optim_gradient.0.0.14-arbiter-10000-guest-10000 type Table"
"2019-08-23 08:52:59,980 - federation.py[line:145] - DEBUG: [GET] host 9999 getting remote object HeteroNETransferVariable.batch_data_index.0.0.15 from guest [10000]"
"2019-08-23 08:53:00,036 - federation.py[line:124] - DEBUG: [REMOTE] Sent hetero_network_embedding_example_standalone_20190823084948-HeteroNETransferVariable.loss-HeteroNETransferVariable.loss.0.0.14-guest-10000-arbiter-10000"
"2019-08-23 08:53:00,107 - federation.py[line:46] - DEBUG: [GET] Got hetero_network_embedding_example_standalone_20190823084948-HeteroNETransferVariable.loss-HeteroNETransferVariable.loss.0.0.14-guest-10000-arbiter-10000 type Object"
"2019-08-23 08:53:00,108 - federation.py[line:145] - DEBUG: [GET] arbiter 10000 getting remote object HeteroNETransferVariable.host_gradient.0.0.15 from guest [10000]"
"2019-08-23 08:53:00,437 - federation.py[line:124] - DEBUG: [REMOTE] Sent hetero_network_embedding_example_standalone_20190823084948-HeteroNETransferVariable.batch_data_index-HeteroNETransferVariable.batch_data_index.0.0.15-guest-10000-host-9999"
"2019-08-23 08:53:00,484 - federation.py[line:46] - DEBUG: [GET] Got hetero_network_embedding_example_standalone_20190823084948-HeteroNETransferVariable.batch_data_index-HeteroNETransferVariable.batch_data_index.0.0.15-guest-10000-host-9999 type Table"
"2019-08-23 08:53:09,943 - federation.py[line:145] - DEBUG: [GET] guest 10000 getting remote object HeteroNETransferVariable.host_forward_dict.0.0.15 from host [9999]"
"2019-08-23 08:53:09,960 - federation.py[line:124] - DEBUG: [REMOTE] Sent hetero_network_embedding_example_standalone_20190823084948-HeteroNETransferVariable.host_forward_dict-HeteroNETransferVariable.host_forward_dict.0.0.15-host-9999-guest-10000"
"2019-08-23 08:53:09,960 - federation.py[line:145] - DEBUG: [GET] host 9999 getting remote object HeteroNETransferVariable.host_optim_gradient.0.0.15 from arbiter [10000]"
"2019-08-23 08:53:10,045 - federation.py[line:46] - DEBUG: [GET] Got hetero_network_embedding_example_standalone_20190823084948-HeteroNETransferVariable.host_forward_dict-HeteroNETransferVariable.host_forward_dict.0.0.15-host-9999-guest-10000 type Table"
"2019-08-23 08:53:10,800 - federation.py[line:124] - DEBUG: [REMOTE] Sent hetero_network_embedding_example_standalone_20190823084948-HeteroNETransferVariable.host_gradient-HeteroNETransferVariable.host_gradient.0.0.15-guest-10000-arbiter-10000"
"2019-08-23 08:53:10,849 - federation.py[line:46] - DEBUG: [GET] Got hetero_network_embedding_example_standalone_20190823084948-HeteroNETransferVariable.host_gradient-HeteroNETransferVariable.host_gradient.0.0.15-guest-10000-arbiter-10000 type Table"
"2019-08-23 08:53:10,850 - federation.py[line:145] - DEBUG: [GET] arbiter 10000 getting remote object HeteroNETransferVariable.guest_gradient.0.0.15 from guest [10000]"
"2019-08-23 08:53:11,398 - federation.py[line:124] - DEBUG: [REMOTE] Sent hetero_network_embedding_example_standalone_20190823084948-HeteroNETransferVariable.guest_gradient-HeteroNETransferVariable.guest_gradient.0.0.15-guest-10000-arbiter-10000"
"2019-08-23 08:53:11,399 - federation.py[line:145] - DEBUG: [GET] guest 10000 getting remote object HeteroNETransferVariable.guest_optim_gradient.0.0.15 from arbiter [10000]"
"2019-08-23 08:53:11,453 - federation.py[line:46] - DEBUG: [GET] Got hetero_network_embedding_example_standalone_20190823084948-HeteroNETransferVariable.guest_gradient-HeteroNETransferVariable.guest_gradient.0.0.15-guest-10000-arbiter-10000 type Table"
"2019-08-23 08:53:11,645 - federation.py[line:124] - DEBUG: [REMOTE] Sent hetero_network_embedding_example_standalone_20190823084948-HeteroNETransferVariable.host_optim_gradient-HeteroNETransferVariable.host_optim_gradient.0.0.15-arbiter-10000-host-9999"
"2019-08-23 08:53:11,667 - federation.py[line:46] - DEBUG: [GET] Got hetero_network_embedding_example_standalone_20190823084948-HeteroNETransferVariable.host_optim_gradient-HeteroNETransferVariable.host_optim_gradient.0.0.15-arbiter-10000-host-9999 type Table"
"2019-08-23 08:53:11,668 - federation.py[line:124] - DEBUG: [REMOTE] Sent hetero_network_embedding_example_standalone_20190823084948-HeteroNETransferVariable.guest_optim_gradient-HeteroNETransferVariable.guest_optim_gradient.0.0.15-arbiter-10000-guest-10000"
"2019-08-23 08:53:11,668 - federation.py[line:145] - DEBUG: [GET] arbiter 10000 getting remote object HeteroNETransferVariable.loss.0.0.15 from guest [10000]"
"2019-08-23 08:53:11,700 - federation.py[line:46] - DEBUG: [GET] Got hetero_network_embedding_example_standalone_20190823084948-HeteroNETransferVariable.guest_optim_gradient-HeteroNETransferVariable.guest_optim_gradient.0.0.15-arbiter-10000-guest-10000 type Table"
"2019-08-23 08:53:11,947 - federation.py[line:145] - DEBUG: [GET] host 9999 getting remote object HeteroNETransferVariable.batch_data_index.0.0.16 from guest [10000]"
"2019-08-23 08:53:11,969 - federation.py[line:124] - DEBUG: [REMOTE] Sent hetero_network_embedding_example_standalone_20190823084948-HeteroNETransferVariable.loss-HeteroNETransferVariable.loss.0.0.15-guest-10000-arbiter-10000"
"2019-08-23 08:53:11,970 - federation.py[line:46] - DEBUG: [GET] Got hetero_network_embedding_example_standalone_20190823084948-HeteroNETransferVariable.loss-HeteroNETransferVariable.loss.0.0.15-guest-10000-arbiter-10000 type Object"
"2019-08-23 08:53:11,971 - federation.py[line:145] - DEBUG: [GET] arbiter 10000 getting remote object HeteroNETransferVariable.host_gradient.0.0.16 from guest [10000]"
"2019-08-23 08:53:12,532 - federation.py[line:124] - DEBUG: [REMOTE] Sent hetero_network_embedding_example_standalone_20190823084948-HeteroNETransferVariable.batch_data_index-HeteroNETransferVariable.batch_data_index.0.0.16-guest-10000-host-9999"
"2019-08-23 08:53:12,550 - federation.py[line:46] - DEBUG: [GET] Got hetero_network_embedding_example_standalone_20190823084948-HeteroNETransferVariable.batch_data_index-HeteroNETransferVariable.batch_data_index.0.0.16-guest-10000-host-9999 type Table"
"2019-08-23 08:53:21,687 - federation.py[line:145] - DEBUG: [GET] guest 10000 getting remote object HeteroNETransferVariable.host_forward_dict.0.0.16 from host [9999]"
"2019-08-23 08:53:21,720 - federation.py[line:124] - DEBUG: [REMOTE] Sent hetero_network_embedding_example_standalone_20190823084948-HeteroNETransferVariable.host_forward_dict-HeteroNETransferVariable.host_forward_dict.0.0.16-host-9999-guest-10000"
"2019-08-23 08:53:21,721 - federation.py[line:145] - DEBUG: [GET] host 9999 getting remote object HeteroNETransferVariable.host_optim_gradient.0.0.16 from arbiter [10000]"
"2019-08-23 08:53:21,788 - federation.py[line:46] - DEBUG: [GET] Got hetero_network_embedding_example_standalone_20190823084948-HeteroNETransferVariable.host_forward_dict-HeteroNETransferVariable.host_forward_dict.0.0.16-host-9999-guest-10000 type Table"
"2019-08-23 08:53:22,338 - federation.py[line:124] - DEBUG: [REMOTE] Sent hetero_network_embedding_example_standalone_20190823084948-HeteroNETransferVariable.host_gradient-HeteroNETransferVariable.host_gradient.0.0.16-guest-10000-arbiter-10000"
"2019-08-23 08:53:22,410 - federation.py[line:46] - DEBUG: [GET] Got hetero_network_embedding_example_standalone_20190823084948-HeteroNETransferVariable.host_gradient-HeteroNETransferVariable.host_gradient.0.0.16-guest-10000-arbiter-10000 type Table"
"2019-08-23 08:53:22,411 - federation.py[line:145] - DEBUG: [GET] arbiter 10000 getting remote object HeteroNETransferVariable.guest_gradient.0.0.16 from guest [10000]"
"2019-08-23 08:53:23,277 - federation.py[line:124] - DEBUG: [REMOTE] Sent hetero_network_embedding_example_standalone_20190823084948-HeteroNETransferVariable.guest_gradient-HeteroNETransferVariable.guest_gradient.0.0.16-guest-10000-arbiter-10000"
"2019-08-23 08:53:23,277 - federation.py[line:145] - DEBUG: [GET] guest 10000 getting remote object HeteroNETransferVariable.guest_optim_gradient.0.0.16 from arbiter [10000]"
"2019-08-23 08:53:23,315 - federation.py[line:46] - DEBUG: [GET] Got hetero_network_embedding_example_standalone_20190823084948-HeteroNETransferVariable.guest_gradient-HeteroNETransferVariable.guest_gradient.0.0.16-guest-10000-arbiter-10000 type Table"
"2019-08-23 08:53:23,480 - federation.py[line:124] - DEBUG: [REMOTE] Sent hetero_network_embedding_example_standalone_20190823084948-HeteroNETransferVariable.host_optim_gradient-HeteroNETransferVariable.host_optim_gradient.0.0.16-arbiter-10000-host-9999"
"2019-08-23 08:53:23,491 - federation.py[line:124] - DEBUG: [REMOTE] Sent hetero_network_embedding_example_standalone_20190823084948-HeteroNETransferVariable.guest_optim_gradient-HeteroNETransferVariable.guest_optim_gradient.0.0.16-arbiter-10000-guest-10000"
"2019-08-23 08:53:23,491 - federation.py[line:145] - DEBUG: [GET] arbiter 10000 getting remote object HeteroNETransferVariable.loss.0.0.16 from guest [10000]"
"2019-08-23 08:53:23,528 - federation.py[line:46] - DEBUG: [GET] Got hetero_network_embedding_example_standalone_20190823084948-HeteroNETransferVariable.host_optim_gradient-HeteroNETransferVariable.host_optim_gradient.0.0.16-arbiter-10000-host-9999 type Table"
"2019-08-23 08:53:23,579 - federation.py[line:46] - DEBUG: [GET] Got hetero_network_embedding_example_standalone_20190823084948-HeteroNETransferVariable.guest_optim_gradient-HeteroNETransferVariable.guest_optim_gradient.0.0.16-arbiter-10000-guest-10000 type Table"
"2019-08-23 08:53:23,705 - federation.py[line:145] - DEBUG: [GET] host 9999 getting remote object HeteroNETransferVariable.batch_data_index.0.0.17 from guest [10000]"
"2019-08-23 08:53:23,733 - federation.py[line:124] - DEBUG: [REMOTE] Sent hetero_network_embedding_example_standalone_20190823084948-HeteroNETransferVariable.loss-HeteroNETransferVariable.loss.0.0.16-guest-10000-arbiter-10000"
"2019-08-23 08:53:23,793 - federation.py[line:46] - DEBUG: [GET] Got hetero_network_embedding_example_standalone_20190823084948-HeteroNETransferVariable.loss-HeteroNETransferVariable.loss.0.0.16-guest-10000-arbiter-10000 type Object"
"2019-08-23 08:53:23,793 - federation.py[line:145] - DEBUG: [GET] arbiter 10000 getting remote object HeteroNETransferVariable.host_gradient.0.0.17 from guest [10000]"
"2019-08-23 08:53:24,293 - federation.py[line:124] - DEBUG: [REMOTE] Sent hetero_network_embedding_example_standalone_20190823084948-HeteroNETransferVariable.batch_data_index-HeteroNETransferVariable.batch_data_index.0.0.17-guest-10000-host-9999"
"2019-08-23 08:53:24,308 - federation.py[line:46] - DEBUG: [GET] Got hetero_network_embedding_example_standalone_20190823084948-HeteroNETransferVariable.batch_data_index-HeteroNETransferVariable.batch_data_index.0.0.17-guest-10000-host-9999 type Table"
"2019-08-23 08:53:28,367 - federation.py[line:145] - DEBUG: [GET] guest 10000 getting remote object HeteroNETransferVariable.host_forward_dict.0.0.17 from host [9999]"
"2019-08-23 08:53:28,417 - federation.py[line:124] - DEBUG: [REMOTE] Sent hetero_network_embedding_example_standalone_20190823084948-HeteroNETransferVariable.host_forward_dict-HeteroNETransferVariable.host_forward_dict.0.0.17-host-9999-guest-10000"
"2019-08-23 08:53:28,418 - federation.py[line:145] - DEBUG: [GET] host 9999 getting remote object HeteroNETransferVariable.host_optim_gradient.0.0.17 from arbiter [10000]"
"2019-08-23 08:53:28,468 - federation.py[line:46] - DEBUG: [GET] Got hetero_network_embedding_example_standalone_20190823084948-HeteroNETransferVariable.host_forward_dict-HeteroNETransferVariable.host_forward_dict.0.0.17-host-9999-guest-10000 type Table"
"2019-08-23 08:53:28,956 - federation.py[line:124] - DEBUG: [REMOTE] Sent hetero_network_embedding_example_standalone_20190823084948-HeteroNETransferVariable.host_gradient-HeteroNETransferVariable.host_gradient.0.0.17-guest-10000-arbiter-10000"
"2019-08-23 08:53:29,013 - federation.py[line:46] - DEBUG: [GET] Got hetero_network_embedding_example_standalone_20190823084948-HeteroNETransferVariable.host_gradient-HeteroNETransferVariable.host_gradient.0.0.17-guest-10000-arbiter-10000 type Table"
"2019-08-23 08:53:29,014 - federation.py[line:145] - DEBUG: [GET] arbiter 10000 getting remote object HeteroNETransferVariable.guest_gradient.0.0.17 from guest [10000]"
"2019-08-23 08:53:29,775 - federation.py[line:124] - DEBUG: [REMOTE] Sent hetero_network_embedding_example_standalone_20190823084948-HeteroNETransferVariable.guest_gradient-HeteroNETransferVariable.guest_gradient.0.0.17-guest-10000-arbiter-10000"
"2019-08-23 08:53:29,776 - federation.py[line:145] - DEBUG: [GET] guest 10000 getting remote object HeteroNETransferVariable.guest_optim_gradient.0.0.17 from arbiter [10000]"
"2019-08-23 08:53:29,817 - federation.py[line:46] - DEBUG: [GET] Got hetero_network_embedding_example_standalone_20190823084948-HeteroNETransferVariable.guest_gradient-HeteroNETransferVariable.guest_gradient.0.0.17-guest-10000-arbiter-10000 type Table"
"2019-08-23 08:53:29,955 - federation.py[line:124] - DEBUG: [REMOTE] Sent hetero_network_embedding_example_standalone_20190823084948-HeteroNETransferVariable.host_optim_gradient-HeteroNETransferVariable.host_optim_gradient.0.0.17-arbiter-10000-host-9999"
"2019-08-23 08:53:29,975 - federation.py[line:124] - DEBUG: [REMOTE] Sent hetero_network_embedding_example_standalone_20190823084948-HeteroNETransferVariable.guest_optim_gradient-HeteroNETransferVariable.guest_optim_gradient.0.0.17-arbiter-10000-guest-10000"
"2019-08-23 08:53:29,976 - federation.py[line:145] - DEBUG: [GET] arbiter 10000 getting remote object HeteroNETransferVariable.loss.0.0.17 from guest [10000]"
"2019-08-23 08:53:29,977 - federation.py[line:46] - DEBUG: [GET] Got hetero_network_embedding_example_standalone_20190823084948-HeteroNETransferVariable.guest_optim_gradient-HeteroNETransferVariable.guest_optim_gradient.0.0.17-arbiter-10000-guest-10000 type Table"
"2019-08-23 08:53:30,024 - federation.py[line:46] - DEBUG: [GET] Got hetero_network_embedding_example_standalone_20190823084948-HeteroNETransferVariable.host_optim_gradient-HeteroNETransferVariable.host_optim_gradient.0.0.17-arbiter-10000-host-9999 type Table"
"2019-08-23 08:53:30,134 - federation.py[line:124] - DEBUG: [REMOTE] Sent hetero_network_embedding_example_standalone_20190823084948-HeteroNETransferVariable.loss-HeteroNETransferVariable.loss.0.0.17-guest-10000-arbiter-10000"
"2019-08-23 08:53:30,154 - federation.py[line:145] - DEBUG: [GET] host 9999 getting remote object HeteroNETransferVariable.is_stopped.0.0 from arbiter [10000]"
"2019-08-23 08:53:30,177 - federation.py[line:46] - DEBUG: [GET] Got hetero_network_embedding_example_standalone_20190823084948-HeteroNETransferVariable.loss-HeteroNETransferVariable.loss.0.0.17-guest-10000-arbiter-10000 type Object"
"2019-08-23 08:53:30,254 - federation.py[line:46] - DEBUG: [GET] Got hetero_network_embedding_example_standalone_20190823084948-HeteroNETransferVariable.is_stopped-HeteroNETransferVariable.is_stopped.0.0-arbiter-10000-host-9999 type Object"
"2019-08-23 08:53:30,256 - federation.py[line:124] - DEBUG: [REMOTE] Sent hetero_network_embedding_example_standalone_20190823084948-HeteroNETransferVariable.is_stopped-HeteroNETransferVariable.is_stopped.0.0-arbiter-10000-host-9999"
"2019-08-23 08:53:30,312 - federation.py[line:124] - DEBUG: [REMOTE] Sent hetero_network_embedding_example_standalone_20190823084948-HeteroNETransferVariable.is_stopped-HeteroNETransferVariable.is_stopped.0.0-arbiter-10000-guest-10000"
"2019-08-23 08:53:30,312 - federation.py[line:145] - DEBUG: [GET] arbiter 10000 getting remote object HeteroNETransferVariable.host_gradient.0.1.0 from guest [10000]"
"2019-08-23 08:53:30,693 - federation.py[line:145] - DEBUG: [GET] guest 10000 getting remote object HeteroNETransferVariable.is_stopped.0.0 from arbiter [10000]"
"2019-08-23 08:53:30,693 - federation.py[line:46] - DEBUG: [GET] Got hetero_network_embedding_example_standalone_20190823084948-HeteroNETransferVariable.is_stopped-HeteroNETransferVariable.is_stopped.0.0-arbiter-10000-guest-10000 type Object"
"2019-08-23 08:53:40,142 - federation.py[line:145] - DEBUG: [GET] guest 10000 getting remote object HeteroNETransferVariable.host_forward_dict.0.1.0 from host [9999]"
