"2019-08-23 08:49:55,087 - hetero_ne_host.py[line:42] - INFO: Enter hetero_ne host"
"2019-08-23 08:49:55,087 - hetero_ne_host.py[line:44] - INFO: Host party has 2319 nodes"
"2019-08-23 08:49:55,410 - hetero_ne_host.py[line:47] - INFO: Transform input data to train instance"
"2019-08-23 08:49:55,411 - hetero_ne_host.py[line:54] - INFO: Get Publick key from arbiter:<PaillierPublicKey 1ddb92c928>"
"2019-08-23 08:49:58,432 - hetero_ne_host.py[line:60] - INFO: Get batch_info from guest: {'batch_size': 256, 'batch_num': 18}"
"2019-08-23 08:49:58,432 - hetero_ne_host.py[line:74] - INFO: Start initilize model."
"2019-08-23 08:49:58,433 - hetero_ne_host.py[line:81] - INFO: iter: 0"
"2019-08-23 08:49:58,433 - hetero_ne_host.py[line:84] - INFO: batch:0"
"2019-08-23 08:49:58,534 - hetero_ne_host.py[line:97] - INFO: Get batch_index from Guest"
"2019-08-23 08:49:58,742 - hetero_ne_host.py[line:110] - INFO: batch_data_inst size:256"
"2019-08-23 08:50:07,815 - hetero_ne_host.py[line:125] - INFO: Remote host_forward to guest"
"2019-08-23 08:50:09,422 - hetero_ne_host.py[line:135] - INFO: Get optim_host_gradient from arbiter"
"2019-08-23 08:50:09,538 - hetero_ne_host.py[line:138] - INFO: update_model"
"2019-08-23 08:50:09,675 - hetero_ne_host.py[line:84] - INFO: batch:1"
"2019-08-23 08:50:10,279 - hetero_ne_host.py[line:97] - INFO: Get batch_index from Guest"
"2019-08-23 08:50:10,375 - hetero_ne_host.py[line:110] - INFO: batch_data_inst size:256"
"2019-08-23 08:50:19,294 - hetero_ne_host.py[line:125] - INFO: Remote host_forward to guest"
"2019-08-23 08:50:21,002 - hetero_ne_host.py[line:135] - INFO: Get optim_host_gradient from arbiter"
"2019-08-23 08:50:21,071 - hetero_ne_host.py[line:138] - INFO: update_model"
"2019-08-23 08:50:21,173 - hetero_ne_host.py[line:84] - INFO: batch:2"
"2019-08-23 08:50:21,877 - hetero_ne_host.py[line:97] - INFO: Get batch_index from Guest"
"2019-08-23 08:50:21,994 - hetero_ne_host.py[line:110] - INFO: batch_data_inst size:256"
"2019-08-23 08:50:31,429 - hetero_ne_host.py[line:125] - INFO: Remote host_forward to guest"
"2019-08-23 08:50:33,540 - hetero_ne_host.py[line:135] - INFO: Get optim_host_gradient from arbiter"
"2019-08-23 08:50:33,611 - hetero_ne_host.py[line:138] - INFO: update_model"
"2019-08-23 08:50:33,707 - hetero_ne_host.py[line:84] - INFO: batch:3"
"2019-08-23 08:50:34,311 - hetero_ne_host.py[line:97] - INFO: Get batch_index from Guest"
"2019-08-23 08:50:34,396 - hetero_ne_host.py[line:110] - INFO: batch_data_inst size:256"
"2019-08-23 08:50:43,871 - hetero_ne_host.py[line:125] - INFO: Remote host_forward to guest"
"2019-08-23 08:50:45,579 - hetero_ne_host.py[line:135] - INFO: Get optim_host_gradient from arbiter"
"2019-08-23 08:50:45,682 - hetero_ne_host.py[line:138] - INFO: update_model"
"2019-08-23 08:50:45,748 - hetero_ne_host.py[line:84] - INFO: batch:4"
"2019-08-23 08:50:46,954 - hetero_ne_host.py[line:97] - INFO: Get batch_index from Guest"
"2019-08-23 08:50:47,041 - hetero_ne_host.py[line:110] - INFO: batch_data_inst size:256"
"2019-08-23 08:50:56,691 - hetero_ne_host.py[line:125] - INFO: Remote host_forward to guest"
"2019-08-23 08:50:58,499 - hetero_ne_host.py[line:135] - INFO: Get optim_host_gradient from arbiter"
"2019-08-23 08:50:58,581 - hetero_ne_host.py[line:138] - INFO: update_model"
"2019-08-23 08:50:58,672 - hetero_ne_host.py[line:84] - INFO: batch:5"
"2019-08-23 08:50:59,175 - hetero_ne_host.py[line:97] - INFO: Get batch_index from Guest"
"2019-08-23 08:50:59,238 - hetero_ne_host.py[line:110] - INFO: batch_data_inst size:256"
"2019-08-23 08:51:08,316 - hetero_ne_host.py[line:125] - INFO: Remote host_forward to guest"
"2019-08-23 08:51:10,024 - hetero_ne_host.py[line:135] - INFO: Get optim_host_gradient from arbiter"
"2019-08-23 08:51:10,149 - hetero_ne_host.py[line:138] - INFO: update_model"
"2019-08-23 08:51:10,260 - hetero_ne_host.py[line:84] - INFO: batch:6"
"2019-08-23 08:51:10,863 - hetero_ne_host.py[line:97] - INFO: Get batch_index from Guest"
"2019-08-23 08:51:10,973 - hetero_ne_host.py[line:110] - INFO: batch_data_inst size:256"
"2019-08-23 08:51:20,283 - hetero_ne_host.py[line:125] - INFO: Remote host_forward to guest"
"2019-08-23 08:51:21,998 - hetero_ne_host.py[line:135] - INFO: Get optim_host_gradient from arbiter"
"2019-08-23 08:51:22,137 - hetero_ne_host.py[line:138] - INFO: update_model"
"2019-08-23 08:51:22,250 - hetero_ne_host.py[line:84] - INFO: batch:7"
"2019-08-23 08:51:22,858 - hetero_ne_host.py[line:97] - INFO: Get batch_index from Guest"
"2019-08-23 08:51:22,983 - hetero_ne_host.py[line:110] - INFO: batch_data_inst size:256"
"2019-08-23 08:51:32,133 - hetero_ne_host.py[line:125] - INFO: Remote host_forward to guest"
"2019-08-23 08:51:34,142 - hetero_ne_host.py[line:135] - INFO: Get optim_host_gradient from arbiter"
"2019-08-23 08:51:34,270 - hetero_ne_host.py[line:138] - INFO: update_model"
"2019-08-23 08:51:34,392 - hetero_ne_host.py[line:84] - INFO: batch:8"
"2019-08-23 08:51:34,996 - hetero_ne_host.py[line:97] - INFO: Get batch_index from Guest"
"2019-08-23 08:51:35,070 - hetero_ne_host.py[line:110] - INFO: batch_data_inst size:256"
"2019-08-23 08:51:44,482 - hetero_ne_host.py[line:125] - INFO: Remote host_forward to guest"
"2019-08-23 08:51:46,391 - hetero_ne_host.py[line:135] - INFO: Get optim_host_gradient from arbiter"
"2019-08-23 08:51:46,537 - hetero_ne_host.py[line:138] - INFO: update_model"
"2019-08-23 08:51:46,659 - hetero_ne_host.py[line:84] - INFO: batch:9"
"2019-08-23 08:51:47,363 - hetero_ne_host.py[line:97] - INFO: Get batch_index from Guest"
"2019-08-23 08:51:47,446 - hetero_ne_host.py[line:110] - INFO: batch_data_inst size:256"
"2019-08-23 08:51:56,940 - hetero_ne_host.py[line:125] - INFO: Remote host_forward to guest"
"2019-08-23 08:51:58,849 - hetero_ne_host.py[line:135] - INFO: Get optim_host_gradient from arbiter"
"2019-08-23 08:51:58,958 - hetero_ne_host.py[line:138] - INFO: update_model"
"2019-08-23 08:51:59,057 - hetero_ne_host.py[line:84] - INFO: batch:10"
"2019-08-23 08:51:59,660 - hetero_ne_host.py[line:97] - INFO: Get batch_index from Guest"
"2019-08-23 08:51:59,740 - hetero_ne_host.py[line:110] - INFO: batch_data_inst size:256"
"2019-08-23 08:52:09,390 - hetero_ne_host.py[line:125] - INFO: Remote host_forward to guest"
"2019-08-23 08:52:11,098 - hetero_ne_host.py[line:135] - INFO: Get optim_host_gradient from arbiter"
"2019-08-23 08:52:11,189 - hetero_ne_host.py[line:138] - INFO: update_model"
"2019-08-23 08:52:11,259 - hetero_ne_host.py[line:84] - INFO: batch:11"
"2019-08-23 08:52:11,863 - hetero_ne_host.py[line:97] - INFO: Get batch_index from Guest"
"2019-08-23 08:52:11,934 - hetero_ne_host.py[line:110] - INFO: batch_data_inst size:256"
"2019-08-23 08:52:21,611 - hetero_ne_host.py[line:125] - INFO: Remote host_forward to guest"
"2019-08-23 08:52:23,420 - hetero_ne_host.py[line:135] - INFO: Get optim_host_gradient from arbiter"
"2019-08-23 08:52:23,514 - hetero_ne_host.py[line:138] - INFO: update_model"
"2019-08-23 08:52:23,625 - hetero_ne_host.py[line:84] - INFO: batch:12"
"2019-08-23 08:52:24,229 - hetero_ne_host.py[line:97] - INFO: Get batch_index from Guest"
"2019-08-23 08:52:24,315 - hetero_ne_host.py[line:110] - INFO: batch_data_inst size:256"
"2019-08-23 08:52:33,504 - hetero_ne_host.py[line:125] - INFO: Remote host_forward to guest"
"2019-08-23 08:52:35,518 - hetero_ne_host.py[line:135] - INFO: Get optim_host_gradient from arbiter"
"2019-08-23 08:52:35,611 - hetero_ne_host.py[line:138] - INFO: update_model"
"2019-08-23 08:52:35,747 - hetero_ne_host.py[line:84] - INFO: batch:13"
"2019-08-23 08:52:36,752 - hetero_ne_host.py[line:97] - INFO: Get batch_index from Guest"
"2019-08-23 08:52:36,799 - hetero_ne_host.py[line:110] - INFO: batch_data_inst size:256"
"2019-08-23 08:52:45,964 - hetero_ne_host.py[line:125] - INFO: Remote host_forward to guest"
"2019-08-23 08:52:48,174 - hetero_ne_host.py[line:135] - INFO: Get optim_host_gradient from arbiter"
"2019-08-23 08:52:48,265 - hetero_ne_host.py[line:138] - INFO: update_model"
"2019-08-23 08:52:48,347 - hetero_ne_host.py[line:84] - INFO: batch:14"
"2019-08-23 08:52:49,050 - hetero_ne_host.py[line:97] - INFO: Get batch_index from Guest"
"2019-08-23 08:52:49,095 - hetero_ne_host.py[line:110] - INFO: batch_data_inst size:256"
"2019-08-23 08:52:58,082 - hetero_ne_host.py[line:125] - INFO: Remote host_forward to guest"
"2019-08-23 08:52:59,794 - hetero_ne_host.py[line:135] - INFO: Get optim_host_gradient from arbiter"
"2019-08-23 08:52:59,889 - hetero_ne_host.py[line:138] - INFO: update_model"
"2019-08-23 08:52:59,980 - hetero_ne_host.py[line:84] - INFO: batch:15"
"2019-08-23 08:53:00,484 - hetero_ne_host.py[line:97] - INFO: Get batch_index from Guest"
"2019-08-23 08:53:00,925 - hetero_ne_host.py[line:110] - INFO: batch_data_inst size:256"
"2019-08-23 08:53:09,960 - hetero_ne_host.py[line:125] - INFO: Remote host_forward to guest"
"2019-08-23 08:53:11,667 - hetero_ne_host.py[line:135] - INFO: Get optim_host_gradient from arbiter"
"2019-08-23 08:53:11,822 - hetero_ne_host.py[line:138] - INFO: update_model"
"2019-08-23 08:53:11,947 - hetero_ne_host.py[line:84] - INFO: batch:16"
"2019-08-23 08:53:12,550 - hetero_ne_host.py[line:97] - INFO: Get batch_index from Guest"
"2019-08-23 08:53:12,656 - hetero_ne_host.py[line:110] - INFO: batch_data_inst size:256"
"2019-08-23 08:53:21,720 - hetero_ne_host.py[line:125] - INFO: Remote host_forward to guest"
"2019-08-23 08:53:23,529 - hetero_ne_host.py[line:135] - INFO: Get optim_host_gradient from arbiter"
"2019-08-23 08:53:23,638 - hetero_ne_host.py[line:138] - INFO: update_model"
"2019-08-23 08:53:23,705 - hetero_ne_host.py[line:84] - INFO: batch:17"
"2019-08-23 08:53:24,309 - hetero_ne_host.py[line:97] - INFO: Get batch_index from Guest"
"2019-08-23 08:53:24,381 - hetero_ne_host.py[line:110] - INFO: batch_data_inst size:88"
"2019-08-23 08:53:28,417 - hetero_ne_host.py[line:125] - INFO: Remote host_forward to guest"
"2019-08-23 08:53:30,025 - hetero_ne_host.py[line:135] - INFO: Get optim_host_gradient from arbiter"
"2019-08-23 08:53:30,079 - hetero_ne_host.py[line:138] - INFO: update_model"
"2019-08-23 08:53:30,256 - hetero_ne_host.py[line:155] - INFO: Get is_stop flag from arbiter:[False]"
"2019-08-23 08:53:30,256 - hetero_ne_host.py[line:159] - INFO: Get stop signal from arbiter, model is converged, iter:1"
"2019-08-23 08:54:16,649 - hetero_ne_host.py[line:167] - INFO: Reach max iter 20, train mode finish!"
