"2019-08-23 08:49:53,478 - hetero_ne_arbiter.py[line:54] - INFO: Enter hetero_ne_arbiter fit"
"2019-08-23 08:49:53,489 - hetero_ne_arbiter.py[line:61] - INFO: public_key: <PaillierPublicKey 1ddb92c928>"
"2019-08-23 08:49:53,561 - hetero_ne_arbiter.py[line:69] - INFO: remote publick_key to host"
"2019-08-23 08:49:53,606 - hetero_ne_arbiter.py[line:76] - INFO: remote public_key to guest"
"2019-08-23 08:49:58,528 - hetero_ne_arbiter.py[line:81] - INFO: Get batch_info from guest: {'batch_size': 256, 'batch_num': 18}"
"2019-08-23 08:49:58,528 - hetero_ne_arbiter.py[line:88] - INFO: iter: 0"
"2019-08-23 08:49:58,528 - hetero_ne_arbiter.py[line:93] - INFO: batch: 0"
"2019-08-23 08:50:08,468 - hetero_ne_arbiter.py[line:101] - INFO: Get host_gradient from GUEST"
"2019-08-23 08:50:09,172 - hetero_ne_arbiter.py[line:108] - INFO: Get guest_gradient from GUEST"
"2019-08-23 08:50:09,354 - hetero_ne_arbiter.py[line:126] - INFO: host gradients number: 256"
"2019-08-23 08:50:09,354 - hetero_ne_arbiter.py[line:127] - INFO: guest gradients number: 256"
"2019-08-23 08:50:09,372 - hetero_ne_arbiter.py[line:138] - INFO: Remote host_optim_gradient to Host"
"2019-08-23 08:50:09,390 - hetero_ne_arbiter.py[line:149] - INFO: Remote guest_optim_gradient to Guest"
"2019-08-23 08:50:09,793 - hetero_ne_arbiter.py[line:164] - INFO: Get loss from guest: 0.2990828611202751"
"2019-08-23 08:50:09,793 - hetero_ne_arbiter.py[line:93] - INFO: batch: 1"
"2019-08-23 08:50:19,937 - hetero_ne_arbiter.py[line:101] - INFO: Get host_gradient from GUEST"
"2019-08-23 08:50:20,842 - hetero_ne_arbiter.py[line:108] - INFO: Get guest_gradient from GUEST"
"2019-08-23 08:50:20,994 - hetero_ne_arbiter.py[line:126] - INFO: host gradients number: 256"
"2019-08-23 08:50:20,994 - hetero_ne_arbiter.py[line:127] - INFO: guest gradients number: 256"
"2019-08-23 08:50:21,006 - hetero_ne_arbiter.py[line:138] - INFO: Remote host_optim_gradient to Host"
"2019-08-23 08:50:21,027 - hetero_ne_arbiter.py[line:149] - INFO: Remote guest_optim_gradient to Guest"
"2019-08-23 08:50:21,329 - hetero_ne_arbiter.py[line:164] - INFO: Get loss from guest: 0.27463644168592605"
"2019-08-23 08:50:21,329 - hetero_ne_arbiter.py[line:93] - INFO: batch: 2"
"2019-08-23 08:50:32,372 - hetero_ne_arbiter.py[line:101] - INFO: Get host_gradient from GUEST"
"2019-08-23 08:50:33,277 - hetero_ne_arbiter.py[line:108] - INFO: Get guest_gradient from GUEST"
"2019-08-23 08:50:33,438 - hetero_ne_arbiter.py[line:126] - INFO: host gradients number: 256"
"2019-08-23 08:50:33,438 - hetero_ne_arbiter.py[line:127] - INFO: guest gradients number: 256"
"2019-08-23 08:50:33,456 - hetero_ne_arbiter.py[line:138] - INFO: Remote host_optim_gradient to Host"
"2019-08-23 08:50:33,467 - hetero_ne_arbiter.py[line:149] - INFO: Remote guest_optim_gradient to Guest"
"2019-08-23 08:50:33,769 - hetero_ne_arbiter.py[line:164] - INFO: Get loss from guest: 0.559444242558404"
"2019-08-23 08:50:33,769 - hetero_ne_arbiter.py[line:93] - INFO: batch: 3"
"2019-08-23 08:50:44,426 - hetero_ne_arbiter.py[line:101] - INFO: Get host_gradient from GUEST"
"2019-08-23 08:50:45,331 - hetero_ne_arbiter.py[line:108] - INFO: Get guest_gradient from GUEST"
"2019-08-23 08:50:45,477 - hetero_ne_arbiter.py[line:126] - INFO: host gradients number: 256"
"2019-08-23 08:50:45,478 - hetero_ne_arbiter.py[line:127] - INFO: guest gradients number: 256"
"2019-08-23 08:50:45,493 - hetero_ne_arbiter.py[line:138] - INFO: Remote host_optim_gradient to Host"
"2019-08-23 08:50:45,518 - hetero_ne_arbiter.py[line:149] - INFO: Remote guest_optim_gradient to Guest"
"2019-08-23 08:50:45,820 - hetero_ne_arbiter.py[line:164] - INFO: Get loss from guest: 2.81699979241076"
"2019-08-23 08:50:45,820 - hetero_ne_arbiter.py[line:93] - INFO: batch: 4"
"2019-08-23 08:50:57,363 - hetero_ne_arbiter.py[line:101] - INFO: Get host_gradient from GUEST"
"2019-08-23 08:50:58,368 - hetero_ne_arbiter.py[line:108] - INFO: Get guest_gradient from GUEST"
"2019-08-23 08:50:58,480 - hetero_ne_arbiter.py[line:126] - INFO: host gradients number: 256"
"2019-08-23 08:50:58,480 - hetero_ne_arbiter.py[line:127] - INFO: guest gradients number: 256"
"2019-08-23 08:50:58,498 - hetero_ne_arbiter.py[line:138] - INFO: Remote host_optim_gradient to Host"
"2019-08-23 08:50:58,509 - hetero_ne_arbiter.py[line:149] - INFO: Remote guest_optim_gradient to Guest"
"2019-08-23 08:50:58,811 - hetero_ne_arbiter.py[line:164] - INFO: Get loss from guest: 2.890833497470113"
"2019-08-23 08:50:58,811 - hetero_ne_arbiter.py[line:93] - INFO: batch: 5"
"2019-08-23 08:51:08,953 - hetero_ne_arbiter.py[line:101] - INFO: Get host_gradient from GUEST"
"2019-08-23 08:51:09,757 - hetero_ne_arbiter.py[line:108] - INFO: Get guest_gradient from GUEST"
"2019-08-23 08:51:09,925 - hetero_ne_arbiter.py[line:126] - INFO: host gradients number: 256"
"2019-08-23 08:51:09,926 - hetero_ne_arbiter.py[line:127] - INFO: guest gradients number: 256"
"2019-08-23 08:51:09,947 - hetero_ne_arbiter.py[line:138] - INFO: Remote host_optim_gradient to Host"
"2019-08-23 08:51:09,961 - hetero_ne_arbiter.py[line:149] - INFO: Remote guest_optim_gradient to Guest"
"2019-08-23 08:51:10,371 - hetero_ne_arbiter.py[line:164] - INFO: Get loss from guest: 2.505934778650336"
"2019-08-23 08:51:10,371 - hetero_ne_arbiter.py[line:93] - INFO: batch: 6"
"2019-08-23 08:51:20,946 - hetero_ne_arbiter.py[line:101] - INFO: Get host_gradient from GUEST"
"2019-08-23 08:51:21,750 - hetero_ne_arbiter.py[line:108] - INFO: Get guest_gradient from GUEST"
"2019-08-23 08:51:21,926 - hetero_ne_arbiter.py[line:126] - INFO: host gradients number: 256"
"2019-08-23 08:51:21,926 - hetero_ne_arbiter.py[line:127] - INFO: guest gradients number: 256"
"2019-08-23 08:51:21,950 - hetero_ne_arbiter.py[line:138] - INFO: Remote host_optim_gradient to Host"
"2019-08-23 08:51:21,976 - hetero_ne_arbiter.py[line:149] - INFO: Remote guest_optim_gradient to Guest"
"2019-08-23 08:51:22,278 - hetero_ne_arbiter.py[line:164] - INFO: Get loss from guest: 2.8449506962280533"
"2019-08-23 08:51:22,278 - hetero_ne_arbiter.py[line:93] - INFO: batch: 7"
"2019-08-23 08:51:33,119 - hetero_ne_arbiter.py[line:101] - INFO: Get host_gradient from GUEST"
"2019-08-23 08:51:33,923 - hetero_ne_arbiter.py[line:108] - INFO: Get guest_gradient from GUEST"
"2019-08-23 08:51:34,079 - hetero_ne_arbiter.py[line:126] - INFO: host gradients number: 256"
"2019-08-23 08:51:34,079 - hetero_ne_arbiter.py[line:127] - INFO: guest gradients number: 256"
"2019-08-23 08:51:34,091 - hetero_ne_arbiter.py[line:138] - INFO: Remote host_optim_gradient to Host"
"2019-08-23 08:51:34,102 - hetero_ne_arbiter.py[line:149] - INFO: Remote guest_optim_gradient to Guest"
"2019-08-23 08:51:34,404 - hetero_ne_arbiter.py[line:164] - INFO: Get loss from guest: 2.5212394075660685"
"2019-08-23 08:51:34,404 - hetero_ne_arbiter.py[line:93] - INFO: batch: 8"
"2019-08-23 08:51:45,450 - hetero_ne_arbiter.py[line:101] - INFO: Get host_gradient from GUEST"
"2019-08-23 08:51:46,154 - hetero_ne_arbiter.py[line:108] - INFO: Get guest_gradient from GUEST"
"2019-08-23 08:51:46,338 - hetero_ne_arbiter.py[line:126] - INFO: host gradients number: 256"
"2019-08-23 08:51:46,338 - hetero_ne_arbiter.py[line:127] - INFO: guest gradients number: 256"
"2019-08-23 08:51:46,360 - hetero_ne_arbiter.py[line:138] - INFO: Remote host_optim_gradient to Host"
"2019-08-23 08:51:46,382 - hetero_ne_arbiter.py[line:149] - INFO: Remote guest_optim_gradient to Guest"
"2019-08-23 08:51:46,684 - hetero_ne_arbiter.py[line:164] - INFO: Get loss from guest: 2.8083647494837654"
"2019-08-23 08:51:46,684 - hetero_ne_arbiter.py[line:93] - INFO: batch: 9"
"2019-08-23 08:51:57,640 - hetero_ne_arbiter.py[line:101] - INFO: Get host_gradient from GUEST"
"2019-08-23 08:51:58,644 - hetero_ne_arbiter.py[line:108] - INFO: Get guest_gradient from GUEST"
"2019-08-23 08:51:58,790 - hetero_ne_arbiter.py[line:126] - INFO: host gradients number: 256"
"2019-08-23 08:51:58,791 - hetero_ne_arbiter.py[line:127] - INFO: guest gradients number: 256"
"2019-08-23 08:51:58,803 - hetero_ne_arbiter.py[line:138] - INFO: Remote host_optim_gradient to Host"
"2019-08-23 08:51:58,814 - hetero_ne_arbiter.py[line:149] - INFO: Remote guest_optim_gradient to Guest"
"2019-08-23 08:51:59,116 - hetero_ne_arbiter.py[line:164] - INFO: Get loss from guest: 2.6563243122641484"
"2019-08-23 08:51:59,116 - hetero_ne_arbiter.py[line:93] - INFO: batch: 10"
"2019-08-23 08:52:10,071 - hetero_ne_arbiter.py[line:101] - INFO: Get host_gradient from GUEST"
"2019-08-23 08:52:10,675 - hetero_ne_arbiter.py[line:108] - INFO: Get guest_gradient from GUEST"
"2019-08-23 08:52:11,058 - hetero_ne_arbiter.py[line:126] - INFO: host gradients number: 256"
"2019-08-23 08:52:11,058 - hetero_ne_arbiter.py[line:127] - INFO: guest gradients number: 256"
"2019-08-23 08:52:11,069 - hetero_ne_arbiter.py[line:138] - INFO: Remote host_optim_gradient to Host"
"2019-08-23 08:52:11,077 - hetero_ne_arbiter.py[line:149] - INFO: Remote guest_optim_gradient to Guest"
"2019-08-23 08:52:11,379 - hetero_ne_arbiter.py[line:164] - INFO: Get loss from guest: 2.7486371439375907"
"2019-08-23 08:52:11,379 - hetero_ne_arbiter.py[line:93] - INFO: batch: 11"
"2019-08-23 08:52:22,222 - hetero_ne_arbiter.py[line:101] - INFO: Get host_gradient from GUEST"
"2019-08-23 08:52:23,127 - hetero_ne_arbiter.py[line:108] - INFO: Get guest_gradient from GUEST"
"2019-08-23 08:52:23,324 - hetero_ne_arbiter.py[line:126] - INFO: host gradients number: 256"
"2019-08-23 08:52:23,325 - hetero_ne_arbiter.py[line:127] - INFO: guest gradients number: 256"
"2019-08-23 08:52:23,339 - hetero_ne_arbiter.py[line:138] - INFO: Remote host_optim_gradient to Host"
"2019-08-23 08:52:23,356 - hetero_ne_arbiter.py[line:149] - INFO: Remote guest_optim_gradient to Guest"
"2019-08-23 08:52:23,658 - hetero_ne_arbiter.py[line:164] - INFO: Get loss from guest: 2.7639289647485783"
"2019-08-23 08:52:23,658 - hetero_ne_arbiter.py[line:93] - INFO: batch: 12"
"2019-08-23 08:52:34,528 - hetero_ne_arbiter.py[line:101] - INFO: Get host_gradient from GUEST"
"2019-08-23 08:52:35,332 - hetero_ne_arbiter.py[line:108] - INFO: Get guest_gradient from GUEST"
"2019-08-23 08:52:35,444 - hetero_ne_arbiter.py[line:126] - INFO: host gradients number: 256"
"2019-08-23 08:52:35,445 - hetero_ne_arbiter.py[line:127] - INFO: guest gradients number: 256"
"2019-08-23 08:52:35,459 - hetero_ne_arbiter.py[line:138] - INFO: Remote host_optim_gradient to Host"
"2019-08-23 08:52:35,470 - hetero_ne_arbiter.py[line:149] - INFO: Remote guest_optim_gradient to Guest"
"2019-08-23 08:52:35,773 - hetero_ne_arbiter.py[line:164] - INFO: Get loss from guest: 3.0350907140598085"
"2019-08-23 08:52:35,773 - hetero_ne_arbiter.py[line:93] - INFO: batch: 13"
"2019-08-23 08:52:46,915 - hetero_ne_arbiter.py[line:101] - INFO: Get host_gradient from GUEST"
"2019-08-23 08:52:47,619 - hetero_ne_arbiter.py[line:108] - INFO: Get guest_gradient from GUEST"
"2019-08-23 08:52:48,066 - hetero_ne_arbiter.py[line:126] - INFO: host gradients number: 256"
"2019-08-23 08:52:48,067 - hetero_ne_arbiter.py[line:127] - INFO: guest gradients number: 256"
"2019-08-23 08:52:48,113 - hetero_ne_arbiter.py[line:138] - INFO: Remote host_optim_gradient to Host"
"2019-08-23 08:52:48,136 - hetero_ne_arbiter.py[line:149] - INFO: Remote guest_optim_gradient to Guest"
"2019-08-23 08:52:48,438 - hetero_ne_arbiter.py[line:164] - INFO: Get loss from guest: 2.6447824240083593"
"2019-08-23 08:52:48,439 - hetero_ne_arbiter.py[line:93] - INFO: batch: 14"
"2019-08-23 08:52:58,779 - hetero_ne_arbiter.py[line:101] - INFO: Get host_gradient from GUEST"
"2019-08-23 08:52:59,582 - hetero_ne_arbiter.py[line:108] - INFO: Get guest_gradient from GUEST"
"2019-08-23 08:52:59,748 - hetero_ne_arbiter.py[line:126] - INFO: host gradients number: 256"
"2019-08-23 08:52:59,748 - hetero_ne_arbiter.py[line:127] - INFO: guest gradients number: 256"
"2019-08-23 08:52:59,777 - hetero_ne_arbiter.py[line:138] - INFO: Remote host_optim_gradient to Host"
"2019-08-23 08:52:59,806 - hetero_ne_arbiter.py[line:149] - INFO: Remote guest_optim_gradient to Guest"
"2019-08-23 08:53:00,108 - hetero_ne_arbiter.py[line:164] - INFO: Get loss from guest: 2.9049701437888307"
"2019-08-23 08:53:00,108 - hetero_ne_arbiter.py[line:93] - INFO: batch: 15"
"2019-08-23 08:53:10,850 - hetero_ne_arbiter.py[line:101] - INFO: Get host_gradient from GUEST"
"2019-08-23 08:53:11,453 - hetero_ne_arbiter.py[line:108] - INFO: Get guest_gradient from GUEST"
"2019-08-23 08:53:11,610 - hetero_ne_arbiter.py[line:126] - INFO: host gradients number: 256"
"2019-08-23 08:53:11,610 - hetero_ne_arbiter.py[line:127] - INFO: guest gradients number: 256"
"2019-08-23 08:53:11,645 - hetero_ne_arbiter.py[line:138] - INFO: Remote host_optim_gradient to Host"
"2019-08-23 08:53:11,668 - hetero_ne_arbiter.py[line:149] - INFO: Remote guest_optim_gradient to Guest"
"2019-08-23 08:53:11,970 - hetero_ne_arbiter.py[line:164] - INFO: Get loss from guest: 2.934441735597661"
"2019-08-23 08:53:11,970 - hetero_ne_arbiter.py[line:93] - INFO: batch: 16"
"2019-08-23 08:53:22,411 - hetero_ne_arbiter.py[line:101] - INFO: Get host_gradient from GUEST"
"2019-08-23 08:53:23,315 - hetero_ne_arbiter.py[line:108] - INFO: Get guest_gradient from GUEST"
"2019-08-23 08:53:23,465 - hetero_ne_arbiter.py[line:126] - INFO: host gradients number: 256"
"2019-08-23 08:53:23,465 - hetero_ne_arbiter.py[line:127] - INFO: guest gradients number: 256"
"2019-08-23 08:53:23,480 - hetero_ne_arbiter.py[line:138] - INFO: Remote host_optim_gradient to Host"
"2019-08-23 08:53:23,491 - hetero_ne_arbiter.py[line:149] - INFO: Remote guest_optim_gradient to Guest"
"2019-08-23 08:53:23,793 - hetero_ne_arbiter.py[line:164] - INFO: Get loss from guest: 2.390459382116613"
"2019-08-23 08:53:23,793 - hetero_ne_arbiter.py[line:93] - INFO: batch: 17"
"2019-08-23 08:53:29,014 - hetero_ne_arbiter.py[line:101] - INFO: Get host_gradient from GUEST"
"2019-08-23 08:53:29,818 - hetero_ne_arbiter.py[line:108] - INFO: Get guest_gradient from GUEST"
"2019-08-23 08:53:29,943 - hetero_ne_arbiter.py[line:126] - INFO: host gradients number: 88"
"2019-08-23 08:53:29,943 - hetero_ne_arbiter.py[line:127] - INFO: guest gradients number: 88"
"2019-08-23 08:53:29,955 - hetero_ne_arbiter.py[line:138] - INFO: Remote host_optim_gradient to Host"
"2019-08-23 08:53:29,975 - hetero_ne_arbiter.py[line:149] - INFO: Remote guest_optim_gradient to Guest"
"2019-08-23 08:53:30,177 - hetero_ne_arbiter.py[line:164] - INFO: Get loss from guest: 1.6499962873740417"
"2019-08-23 08:53:30,177 - hetero_ne_arbiter.py[line:171] - INFO: iter loss: 2.291673198614963"
"2019-08-23 08:53:30,256 - hetero_ne_arbiter.py[line:183] - INFO: Remote is_stop to host: False"
"2019-08-23 08:53:30,312 - hetero_ne_arbiter.py[line:193] - INFO: Remote is_stop to guest: False"
"2019-08-23 08:53:30,312 - hetero_ne_arbiter.py[line:88] - INFO: iter: 1"
"2019-08-23 08:53:30,312 - hetero_ne_arbiter.py[line:93] - INFO: batch: 0"
