"2019-08-23 08:49:54,844 - hetero_ne_guest.py[line:63] - INFO: samples number:4440"
"2019-08-23 08:49:54,844 - hetero_ne_guest.py[line:64] - INFO: Enter hetero_ne_guest fit"
"2019-08-23 08:49:54,844 - hetero_ne_guest.py[line:66] - INFO: Guest party has 2358 nodes"
"2019-08-23 08:49:55,108 - hetero_ne_guest.py[line:69] - INFO: Transform input data to train instance"
"2019-08-23 08:49:55,110 - hetero_ne_guest.py[line:76] - INFO: Get public_key from arbiter:<PaillierPublicKey 1ddb92c928>"
"2019-08-23 08:49:55,110 - hetero_ne_guest.py[line:79] - INFO: Generate mini-batch from input data"
"2019-08-23 08:49:58,362 - hetero_ne_guest.py[line:83] - INFO: samples number:4440"
"2019-08-23 08:49:58,363 - hetero_ne_guest.py[line:89] - INFO: batch_info:{'batch_size': 256, 'batch_num': 18}"
"2019-08-23 08:49:58,430 - hetero_ne_guest.py[line:95] - INFO: Remote batch_info to Host"
"2019-08-23 08:49:58,497 - hetero_ne_guest.py[line:102] - INFO: Remote batch_info to Arbiter"
"2019-08-23 08:49:58,497 - hetero_ne_guest.py[line:109] - INFO: Start initialize model."
"2019-08-23 08:49:58,498 - hetero_ne_guest.py[line:111] - INFO: Embedding shape=(2358, 10)"
"2019-08-23 08:49:58,498 - hetero_ne_guest.py[line:118] - INFO: iter:0"
"2019-08-23 08:49:58,498 - hetero_ne_guest.py[line:125] - INFO: batch:0"
"2019-08-23 08:49:58,498 - hetero_ne_guest.py[line:129] - INFO: remote mini-batch index to Host"
"2019-08-23 08:50:07,896 - hetero_ne_guest.py[line:161] - INFO: Get host_forward from host"
"2019-08-23 08:50:08,384 - hetero_ne_guest.py[line:181] - INFO: Remote host_gradient to arbiter"
"2019-08-23 08:50:09,127 - hetero_ne_guest.py[line:197] - INFO: Remote guest_gradient to arbiter"
"2019-08-23 08:50:09,429 - hetero_ne_guest.py[line:206] - INFO: Get optim_guest_gradient from arbiter"
"2019-08-23 08:50:09,429 - hetero_ne_guest.py[line:209] - INFO: update node embedding"
"2019-08-23 08:50:09,707 - hetero_ne_guest.py[line:228] - INFO: Remote loss to arbiter"
"2019-08-23 08:50:10,178 - hetero_ne_guest.py[line:125] - INFO: batch:1"
"2019-08-23 08:50:10,178 - hetero_ne_guest.py[line:129] - INFO: remote mini-batch index to Host"
"2019-08-23 08:50:19,377 - hetero_ne_guest.py[line:161] - INFO: Get host_forward from host"
"2019-08-23 08:50:19,931 - hetero_ne_guest.py[line:181] - INFO: Remote host_gradient to arbiter"
"2019-08-23 08:50:20,794 - hetero_ne_guest.py[line:197] - INFO: Remote guest_gradient to arbiter"
"2019-08-23 08:50:21,096 - hetero_ne_guest.py[line:206] - INFO: Get optim_guest_gradient from arbiter"
"2019-08-23 08:50:21,096 - hetero_ne_guest.py[line:209] - INFO: update node embedding"
"2019-08-23 08:50:21,295 - hetero_ne_guest.py[line:228] - INFO: Remote loss to arbiter"
"2019-08-23 08:50:21,795 - hetero_ne_guest.py[line:125] - INFO: batch:2"
"2019-08-23 08:50:21,795 - hetero_ne_guest.py[line:129] - INFO: remote mini-batch index to Host"
"2019-08-23 08:50:31,843 - hetero_ne_guest.py[line:161] - INFO: Get host_forward from host"
"2019-08-23 08:50:32,375 - hetero_ne_guest.py[line:181] - INFO: Remote host_gradient to arbiter"
"2019-08-23 08:50:33,276 - hetero_ne_guest.py[line:197] - INFO: Remote guest_gradient to arbiter"
"2019-08-23 08:50:33,478 - hetero_ne_guest.py[line:206] - INFO: Get optim_guest_gradient from arbiter"
"2019-08-23 08:50:33,478 - hetero_ne_guest.py[line:209] - INFO: update node embedding"
"2019-08-23 08:50:33,685 - hetero_ne_guest.py[line:228] - INFO: Remote loss to arbiter"
"2019-08-23 08:50:34,241 - hetero_ne_guest.py[line:125] - INFO: batch:3"
"2019-08-23 08:50:34,241 - hetero_ne_guest.py[line:129] - INFO: remote mini-batch index to Host"
"2019-08-23 08:50:43,878 - hetero_ne_guest.py[line:161] - INFO: Get host_forward from host"
"2019-08-23 08:50:44,419 - hetero_ne_guest.py[line:181] - INFO: Remote host_gradient to arbiter"
"2019-08-23 08:50:45,284 - hetero_ne_guest.py[line:197] - INFO: Remote guest_gradient to arbiter"
"2019-08-23 08:50:45,587 - hetero_ne_guest.py[line:206] - INFO: Get optim_guest_gradient from arbiter"
"2019-08-23 08:50:45,587 - hetero_ne_guest.py[line:209] - INFO: update node embedding"
"2019-08-23 08:50:45,784 - hetero_ne_guest.py[line:228] - INFO: Remote loss to arbiter"
"2019-08-23 08:50:46,633 - hetero_ne_guest.py[line:125] - INFO: batch:4"
"2019-08-23 08:50:46,633 - hetero_ne_guest.py[line:129] - INFO: remote mini-batch index to Host"
"2019-08-23 08:50:56,772 - hetero_ne_guest.py[line:161] - INFO: Get host_forward from host"
"2019-08-23 08:50:57,317 - hetero_ne_guest.py[line:181] - INFO: Remote host_gradient to arbiter"
"2019-08-23 08:50:58,354 - hetero_ne_guest.py[line:197] - INFO: Remote guest_gradient to arbiter"
"2019-08-23 08:50:58,555 - hetero_ne_guest.py[line:206] - INFO: Get optim_guest_gradient from arbiter"
"2019-08-23 08:50:58,555 - hetero_ne_guest.py[line:209] - INFO: update node embedding"
"2019-08-23 08:50:58,730 - hetero_ne_guest.py[line:228] - INFO: Remote loss to arbiter"
"2019-08-23 08:50:59,121 - hetero_ne_guest.py[line:125] - INFO: batch:5"
"2019-08-23 08:50:59,121 - hetero_ne_guest.py[line:129] - INFO: remote mini-batch index to Host"
"2019-08-23 08:51:08,407 - hetero_ne_guest.py[line:161] - INFO: Get host_forward from host"
"2019-08-23 08:51:08,907 - hetero_ne_guest.py[line:181] - INFO: Remote host_gradient to arbiter"
"2019-08-23 08:51:09,735 - hetero_ne_guest.py[line:197] - INFO: Remote guest_gradient to arbiter"
"2019-08-23 08:51:10,038 - hetero_ne_guest.py[line:206] - INFO: Get optim_guest_gradient from arbiter"
"2019-08-23 08:51:10,038 - hetero_ne_guest.py[line:209] - INFO: update node embedding"
"2019-08-23 08:51:10,282 - hetero_ne_guest.py[line:228] - INFO: Remote loss to arbiter"
"2019-08-23 08:51:10,839 - hetero_ne_guest.py[line:125] - INFO: batch:6"
"2019-08-23 08:51:10,839 - hetero_ne_guest.py[line:129] - INFO: remote mini-batch index to Host"
"2019-08-23 08:51:20,361 - hetero_ne_guest.py[line:161] - INFO: Get host_forward from host"
"2019-08-23 08:51:20,916 - hetero_ne_guest.py[line:181] - INFO: Remote host_gradient to arbiter"
"2019-08-23 08:51:21,698 - hetero_ne_guest.py[line:197] - INFO: Remote guest_gradient to arbiter"
"2019-08-23 08:51:22,001 - hetero_ne_guest.py[line:206] - INFO: Get optim_guest_gradient from arbiter"
"2019-08-23 08:51:22,001 - hetero_ne_guest.py[line:209] - INFO: update node embedding"
"2019-08-23 08:51:22,259 - hetero_ne_guest.py[line:228] - INFO: Remote loss to arbiter"
"2019-08-23 08:51:22,772 - hetero_ne_guest.py[line:125] - INFO: batch:7"
"2019-08-23 08:51:22,772 - hetero_ne_guest.py[line:129] - INFO: remote mini-batch index to Host"
"2019-08-23 08:51:32,524 - hetero_ne_guest.py[line:161] - INFO: Get host_forward from host"
"2019-08-23 08:51:33,060 - hetero_ne_guest.py[line:181] - INFO: Remote host_gradient to arbiter"
"2019-08-23 08:51:33,923 - hetero_ne_guest.py[line:197] - INFO: Remote guest_gradient to arbiter"
"2019-08-23 08:51:34,125 - hetero_ne_guest.py[line:206] - INFO: Get optim_guest_gradient from arbiter"
"2019-08-23 08:51:34,125 - hetero_ne_guest.py[line:209] - INFO: update node embedding"
"2019-08-23 08:51:34,376 - hetero_ne_guest.py[line:228] - INFO: Remote loss to arbiter"
"2019-08-23 08:51:34,951 - hetero_ne_guest.py[line:125] - INFO: batch:8"
"2019-08-23 08:51:34,951 - hetero_ne_guest.py[line:129] - INFO: remote mini-batch index to Host"
"2019-08-23 08:51:44,836 - hetero_ne_guest.py[line:161] - INFO: Get host_forward from host"
"2019-08-23 08:51:45,413 - hetero_ne_guest.py[line:181] - INFO: Remote host_gradient to arbiter"
"2019-08-23 08:51:46,083 - hetero_ne_guest.py[line:197] - INFO: Remote guest_gradient to arbiter"
"2019-08-23 08:51:46,386 - hetero_ne_guest.py[line:206] - INFO: Get optim_guest_gradient from arbiter"
"2019-08-23 08:51:46,386 - hetero_ne_guest.py[line:209] - INFO: update node embedding"
"2019-08-23 08:51:46,638 - hetero_ne_guest.py[line:228] - INFO: Remote loss to arbiter"
"2019-08-23 08:51:47,272 - hetero_ne_guest.py[line:125] - INFO: batch:9"
"2019-08-23 08:51:47,273 - hetero_ne_guest.py[line:129] - INFO: remote mini-batch index to Host"
"2019-08-23 08:51:56,969 - hetero_ne_guest.py[line:161] - INFO: Get host_forward from host"
"2019-08-23 08:51:57,559 - hetero_ne_guest.py[line:181] - INFO: Remote host_gradient to arbiter"
"2019-08-23 08:51:58,578 - hetero_ne_guest.py[line:197] - INFO: Remote guest_gradient to arbiter"
"2019-08-23 08:51:58,880 - hetero_ne_guest.py[line:206] - INFO: Get optim_guest_gradient from arbiter"
"2019-08-23 08:51:58,880 - hetero_ne_guest.py[line:209] - INFO: update node embedding"
"2019-08-23 08:51:59,071 - hetero_ne_guest.py[line:228] - INFO: Remote loss to arbiter"
"2019-08-23 08:51:59,616 - hetero_ne_guest.py[line:125] - INFO: batch:10"
"2019-08-23 08:51:59,616 - hetero_ne_guest.py[line:129] - INFO: remote mini-batch index to Host"
"2019-08-23 08:52:09,441 - hetero_ne_guest.py[line:161] - INFO: Get host_forward from host"
"2019-08-23 08:52:10,015 - hetero_ne_guest.py[line:181] - INFO: Remote host_gradient to arbiter"
"2019-08-23 08:52:10,660 - hetero_ne_guest.py[line:197] - INFO: Remote guest_gradient to arbiter"
"2019-08-23 08:52:11,164 - hetero_ne_guest.py[line:206] - INFO: Get optim_guest_gradient from arbiter"
"2019-08-23 08:52:11,164 - hetero_ne_guest.py[line:209] - INFO: update node embedding"
"2019-08-23 08:52:11,348 - hetero_ne_guest.py[line:228] - INFO: Remote loss to arbiter"
"2019-08-23 08:52:11,834 - hetero_ne_guest.py[line:125] - INFO: batch:11"
"2019-08-23 08:52:11,834 - hetero_ne_guest.py[line:129] - INFO: remote mini-batch index to Host"
"2019-08-23 08:52:21,613 - hetero_ne_guest.py[line:161] - INFO: Get host_forward from host"
"2019-08-23 08:52:22,163 - hetero_ne_guest.py[line:181] - INFO: Remote host_gradient to arbiter"
"2019-08-23 08:52:23,079 - hetero_ne_guest.py[line:197] - INFO: Remote guest_gradient to arbiter"
"2019-08-23 08:52:23,382 - hetero_ne_guest.py[line:206] - INFO: Get optim_guest_gradient from arbiter"
"2019-08-23 08:52:23,382 - hetero_ne_guest.py[line:209] - INFO: update node embedding"
"2019-08-23 08:52:23,611 - hetero_ne_guest.py[line:228] - INFO: Remote loss to arbiter"
"2019-08-23 08:52:24,140 - hetero_ne_guest.py[line:125] - INFO: batch:12"
"2019-08-23 08:52:24,140 - hetero_ne_guest.py[line:129] - INFO: remote mini-batch index to Host"
"2019-08-23 08:52:33,923 - hetero_ne_guest.py[line:161] - INFO: Get host_forward from host"
"2019-08-23 08:52:34,500 - hetero_ne_guest.py[line:181] - INFO: Remote host_gradient to arbiter"
"2019-08-23 08:52:35,315 - hetero_ne_guest.py[line:197] - INFO: Remote guest_gradient to arbiter"
"2019-08-23 08:52:35,517 - hetero_ne_guest.py[line:206] - INFO: Get optim_guest_gradient from arbiter"
"2019-08-23 08:52:35,517 - hetero_ne_guest.py[line:209] - INFO: update node embedding"
"2019-08-23 08:52:35,725 - hetero_ne_guest.py[line:228] - INFO: Remote loss to arbiter"
"2019-08-23 08:52:36,686 - hetero_ne_guest.py[line:125] - INFO: batch:13"
"2019-08-23 08:52:36,686 - hetero_ne_guest.py[line:129] - INFO: remote mini-batch index to Host"
"2019-08-23 08:52:46,335 - hetero_ne_guest.py[line:161] - INFO: Get host_forward from host"
"2019-08-23 08:52:46,924 - hetero_ne_guest.py[line:181] - INFO: Remote host_gradient to arbiter"
"2019-08-23 08:52:47,613 - hetero_ne_guest.py[line:197] - INFO: Remote guest_gradient to arbiter"
"2019-08-23 08:52:48,217 - hetero_ne_guest.py[line:206] - INFO: Get optim_guest_gradient from arbiter"
"2019-08-23 08:52:48,217 - hetero_ne_guest.py[line:209] - INFO: update node embedding"
"2019-08-23 08:52:48,428 - hetero_ne_guest.py[line:228] - INFO: Remote loss to arbiter"
"2019-08-23 08:52:48,737 - hetero_ne_guest.py[line:125] - INFO: batch:14"
"2019-08-23 08:52:48,737 - hetero_ne_guest.py[line:129] - INFO: remote mini-batch index to Host"
"2019-08-23 08:52:58,173 - hetero_ne_guest.py[line:161] - INFO: Get host_forward from host"
"2019-08-23 08:52:58,746 - hetero_ne_guest.py[line:181] - INFO: Remote host_gradient to arbiter"
"2019-08-23 08:52:59,545 - hetero_ne_guest.py[line:197] - INFO: Remote guest_gradient to arbiter"
"2019-08-23 08:52:59,847 - hetero_ne_guest.py[line:206] - INFO: Get optim_guest_gradient from arbiter"
"2019-08-23 08:52:59,847 - hetero_ne_guest.py[line:209] - INFO: update node embedding"
"2019-08-23 08:53:00,036 - hetero_ne_guest.py[line:228] - INFO: Remote loss to arbiter"
"2019-08-23 08:53:00,427 - hetero_ne_guest.py[line:125] - INFO: batch:15"
"2019-08-23 08:53:00,427 - hetero_ne_guest.py[line:129] - INFO: remote mini-batch index to Host"
"2019-08-23 08:53:10,045 - hetero_ne_guest.py[line:161] - INFO: Get host_forward from host"
"2019-08-23 08:53:10,800 - hetero_ne_guest.py[line:181] - INFO: Remote host_gradient to arbiter"
"2019-08-23 08:53:11,399 - hetero_ne_guest.py[line:197] - INFO: Remote guest_gradient to arbiter"
"2019-08-23 08:53:11,701 - hetero_ne_guest.py[line:206] - INFO: Get optim_guest_gradient from arbiter"
"2019-08-23 08:53:11,701 - hetero_ne_guest.py[line:209] - INFO: update node embedding"
"2019-08-23 08:53:11,969 - hetero_ne_guest.py[line:228] - INFO: Remote loss to arbiter"
"2019-08-23 08:53:12,505 - hetero_ne_guest.py[line:125] - INFO: batch:16"
"2019-08-23 08:53:12,506 - hetero_ne_guest.py[line:129] - INFO: remote mini-batch index to Host"
"2019-08-23 08:53:21,789 - hetero_ne_guest.py[line:161] - INFO: Get host_forward from host"
"2019-08-23 08:53:22,338 - hetero_ne_guest.py[line:181] - INFO: Remote host_gradient to arbiter"
"2019-08-23 08:53:23,277 - hetero_ne_guest.py[line:197] - INFO: Remote guest_gradient to arbiter"
"2019-08-23 08:53:23,579 - hetero_ne_guest.py[line:206] - INFO: Get optim_guest_gradient from arbiter"
"2019-08-23 08:53:23,579 - hetero_ne_guest.py[line:209] - INFO: update node embedding"
"2019-08-23 08:53:23,733 - hetero_ne_guest.py[line:228] - INFO: Remote loss to arbiter"
"2019-08-23 08:53:24,279 - hetero_ne_guest.py[line:125] - INFO: batch:17"
"2019-08-23 08:53:24,279 - hetero_ne_guest.py[line:129] - INFO: remote mini-batch index to Host"
"2019-08-23 08:53:28,468 - hetero_ne_guest.py[line:161] - INFO: Get host_forward from host"
"2019-08-23 08:53:28,956 - hetero_ne_guest.py[line:181] - INFO: Remote host_gradient to arbiter"
"2019-08-23 08:53:29,776 - hetero_ne_guest.py[line:197] - INFO: Remote guest_gradient to arbiter"
"2019-08-23 08:53:29,977 - hetero_ne_guest.py[line:206] - INFO: Get optim_guest_gradient from arbiter"
"2019-08-23 08:53:29,978 - hetero_ne_guest.py[line:209] - INFO: update node embedding"
"2019-08-23 08:53:30,134 - hetero_ne_guest.py[line:228] - INFO: Remote loss to arbiter"
"2019-08-23 08:53:30,694 - hetero_ne_guest.py[line:249] - INFO: Get is_stop flag from arbiter:False"
"2019-08-23 08:53:30,694 - hetero_ne_guest.py[line:118] - INFO: iter:1"
"2019-08-23 08:53:30,694 - hetero_ne_guest.py[line:125] - INFO: batch:0"
