"2019-08-23 08:49:53,475 - workflow.py[line:862] - DEBUG: The job id is hetero_network_embedding_example_standalone_20190823084948"
"2019-08-23 08:49:53,475 - workflow.py[line:862] - DEBUG: The job id is hetero_network_embedding_example_standalone_20190823084948"
"2019-08-23 08:49:53,477 - workflow.py[line:864] - DEBUG: Finish eggroll and federation init"
"2019-08-23 08:49:53,477 - workflow.py[line:818] - DEBUG: finish init pipeline"
"2019-08-23 08:49:53,477 - workflow.py[line:214] - INFO: arbiter"
"2019-08-23 08:49:53,478 - workflow.py[line:864] - DEBUG: Finish eggroll and federation init"
"2019-08-23 08:49:53,478 - workflow.py[line:818] - DEBUG: finish init pipeline"
"2019-08-23 08:49:53,479 - workflow.py[line:909] - INFO: 4440 samples in host"
"2019-08-23 08:49:53,484 - workflow.py[line:210] - DEBUG: Enter host network embedding function"
"2019-08-23 08:49:53,484 - workflow.py[line:211] - DEBUG: Start intersection before network embedding"
"2019-08-23 08:49:53,484 - workflow.py[line:315] - INFO: need_intersect: true!"
"2019-08-23 08:49:53,484 - workflow.py[line:319] - INFO: Start intersection!"
"2019-08-23 08:49:53,586 - workflow.py[line:862] - DEBUG: The job id is hetero_network_embedding_example_standalone_20190823084948"
"2019-08-23 08:49:53,587 - workflow.py[line:864] - DEBUG: Finish eggroll and federation init"
"2019-08-23 08:49:53,588 - workflow.py[line:818] - DEBUG: finish init pipeline"
"2019-08-23 08:49:53,588 - workflow.py[line:909] - INFO: 4440 samples in guest"
"2019-08-23 08:49:53,593 - workflow.py[line:210] - DEBUG: Enter guest network embedding function"
"2019-08-23 08:49:53,593 - workflow.py[line:211] - DEBUG: Start intersection before network embedding"
"2019-08-23 08:49:53,593 - workflow.py[line:315] - INFO: need_intersect: true!"
"2019-08-23 08:49:53,593 - workflow.py[line:319] - INFO: Start intersection!"
"2019-08-23 08:49:54,843 - workflow.py[line:330] - INFO: finish intersection!"
"2019-08-23 08:49:54,843 - workflow.py[line:214] - INFO: guest"
"2019-08-23 08:49:55,086 - workflow.py[line:330] - INFO: finish intersection!"
"2019-08-23 08:49:55,087 - workflow.py[line:214] - INFO: host"
"2019-08-23 08:54:16,649 - workflow.py[line:914] - INFO: Network_embedding_finish"
