"2019-08-24 16:39:04,538 - hetero_ne_arbiter.py[line:54] - INFO: Enter hetero_ne_arbiter fit"
"2019-08-24 16:39:04,553 - hetero_ne_arbiter.py[line:61] - INFO: public_key: <PaillierPublicKey 12159d14bc>"
"2019-08-24 16:39:04,756 - hetero_ne_arbiter.py[line:69] - INFO: remote publick_key to host"
"2019-08-24 16:39:04,845 - hetero_ne_arbiter.py[line:76] - INFO: remote public_key to guest"
"2019-08-24 16:39:07,356 - hetero_ne_arbiter.py[line:81] - INFO: Get batch_info from guest: {'batch_size': 1024, 'batch_num': 1}"
"2019-08-24 16:39:07,356 - hetero_ne_arbiter.py[line:88] - INFO: iter: 0"
"2019-08-24 16:39:12,319 - hetero_ne_arbiter.py[line:129] - INFO: Iter 0, horizontally learning finish"
"2019-08-24 16:39:12,319 - hetero_ne_arbiter.py[line:137] - INFO: batch: 0"
"2019-08-24 16:39:14,729 - hetero_ne_arbiter.py[line:145] - INFO: Get host_gradient from GUEST"
"2019-08-24 16:39:18,647 - hetero_ne_arbiter.py[line:152] - INFO: Get guest_gradient from GUEST"
"2019-08-24 16:39:18,777 - hetero_ne_arbiter.py[line:170] - INFO: host gradients number: 42"
"2019-08-24 16:39:18,777 - hetero_ne_arbiter.py[line:171] - INFO: guest gradients number: 42"
"2019-08-24 16:39:18,794 - hetero_ne_arbiter.py[line:182] - INFO: Remote host_optim_gradient to Host"
"2019-08-24 16:39:18,811 - hetero_ne_arbiter.py[line:193] - INFO: Remote guest_optim_gradient to Guest"
"2019-08-24 16:39:19,013 - hetero_ne_arbiter.py[line:208] - INFO: Get loss from guest: 1.4966823993797826"
"2019-08-24 16:39:19,013 - hetero_ne_arbiter.py[line:215] - INFO: iter loss: 1.4966823993797826"
"2019-08-24 16:39:20,005 - hetero_ne_arbiter.py[line:268] - INFO: Remote is_stop to host: False"
"2019-08-24 16:39:20,089 - hetero_ne_arbiter.py[line:278] - INFO: Remote is_stop to guest: False"
"2019-08-24 16:39:20,089 - hetero_ne_arbiter.py[line:88] - INFO: iter: 1"
"2019-08-24 16:39:25,354 - hetero_ne_arbiter.py[line:129] - INFO: Iter 1, horizontally learning finish"
"2019-08-24 16:39:25,354 - hetero_ne_arbiter.py[line:137] - INFO: batch: 0"
"2019-08-24 16:39:27,965 - hetero_ne_arbiter.py[line:145] - INFO: Get host_gradient from GUEST"
"2019-08-24 16:39:28,468 - hetero_ne_arbiter.py[line:152] - INFO: Get guest_gradient from GUEST"
"2019-08-24 16:39:28,658 - hetero_ne_arbiter.py[line:170] - INFO: host gradients number: 42"
"2019-08-24 16:39:28,658 - hetero_ne_arbiter.py[line:171] - INFO: guest gradients number: 42"
"2019-08-24 16:39:29,007 - hetero_ne_arbiter.py[line:182] - INFO: Remote host_optim_gradient to Host"
"2019-08-24 16:39:29,031 - hetero_ne_arbiter.py[line:193] - INFO: Remote guest_optim_gradient to Guest"
"2019-08-24 16:39:29,232 - hetero_ne_arbiter.py[line:208] - INFO: Get loss from guest: 1.3632587334594857"
"2019-08-24 16:39:29,233 - hetero_ne_arbiter.py[line:215] - INFO: iter loss: 1.3632587334594857"
"2019-08-24 16:39:30,174 - hetero_ne_arbiter.py[line:268] - INFO: Remote is_stop to host: False"
"2019-08-24 16:39:30,203 - hetero_ne_arbiter.py[line:278] - INFO: Remote is_stop to guest: False"
"2019-08-24 16:39:30,203 - hetero_ne_arbiter.py[line:88] - INFO: iter: 2"
"2019-08-24 16:39:35,456 - hetero_ne_arbiter.py[line:129] - INFO: Iter 2, horizontally learning finish"
"2019-08-24 16:39:35,457 - hetero_ne_arbiter.py[line:137] - INFO: batch: 0"
"2019-08-24 16:39:37,767 - hetero_ne_arbiter.py[line:145] - INFO: Get host_gradient from GUEST"
"2019-08-24 16:39:38,872 - hetero_ne_arbiter.py[line:152] - INFO: Get guest_gradient from GUEST"
"2019-08-24 16:39:39,867 - hetero_ne_arbiter.py[line:170] - INFO: host gradients number: 42"
"2019-08-24 16:39:39,868 - hetero_ne_arbiter.py[line:171] - INFO: guest gradients number: 42"
"2019-08-24 16:39:39,878 - hetero_ne_arbiter.py[line:182] - INFO: Remote host_optim_gradient to Host"
"2019-08-24 16:39:39,887 - hetero_ne_arbiter.py[line:193] - INFO: Remote guest_optim_gradient to Guest"
"2019-08-24 16:39:40,088 - hetero_ne_arbiter.py[line:208] - INFO: Get loss from guest: 1.252806802852867"
"2019-08-24 16:39:40,088 - hetero_ne_arbiter.py[line:215] - INFO: iter loss: 1.252806802852867"
"2019-08-24 16:39:41,009 - hetero_ne_arbiter.py[line:268] - INFO: Remote is_stop to host: False"
"2019-08-24 16:39:41,054 - hetero_ne_arbiter.py[line:278] - INFO: Remote is_stop to guest: False"
"2019-08-24 16:39:41,054 - hetero_ne_arbiter.py[line:88] - INFO: iter: 3"
"2019-08-24 16:39:47,264 - hetero_ne_arbiter.py[line:129] - INFO: Iter 3, horizontally learning finish"
"2019-08-24 16:39:47,264 - hetero_ne_arbiter.py[line:137] - INFO: batch: 0"
"2019-08-24 16:39:49,574 - hetero_ne_arbiter.py[line:145] - INFO: Get host_gradient from GUEST"
"2019-08-24 16:39:50,379 - hetero_ne_arbiter.py[line:152] - INFO: Get guest_gradient from GUEST"
"2019-08-24 16:39:50,485 - hetero_ne_arbiter.py[line:170] - INFO: host gradients number: 42"
"2019-08-24 16:39:50,485 - hetero_ne_arbiter.py[line:171] - INFO: guest gradients number: 42"
"2019-08-24 16:39:50,497 - hetero_ne_arbiter.py[line:182] - INFO: Remote host_optim_gradient to Host"
"2019-08-24 16:39:50,508 - hetero_ne_arbiter.py[line:193] - INFO: Remote guest_optim_gradient to Guest"
"2019-08-24 16:39:50,710 - hetero_ne_arbiter.py[line:208] - INFO: Get loss from guest: 1.1602375550252515"
"2019-08-24 16:39:50,710 - hetero_ne_arbiter.py[line:215] - INFO: iter loss: 1.1602375550252515"
"2019-08-24 16:39:54,657 - hetero_ne_arbiter.py[line:268] - INFO: Remote is_stop to host: False"
"2019-08-24 16:39:54,686 - hetero_ne_arbiter.py[line:278] - INFO: Remote is_stop to guest: False"
"2019-08-24 16:39:54,686 - hetero_ne_arbiter.py[line:88] - INFO: iter: 4"
"2019-08-24 16:40:00,404 - hetero_ne_arbiter.py[line:129] - INFO: Iter 4, horizontally learning finish"
"2019-08-24 16:40:00,404 - hetero_ne_arbiter.py[line:137] - INFO: batch: 0"
"2019-08-24 16:40:02,815 - hetero_ne_arbiter.py[line:145] - INFO: Get host_gradient from GUEST"
"2019-08-24 16:40:03,719 - hetero_ne_arbiter.py[line:152] - INFO: Get guest_gradient from GUEST"
"2019-08-24 16:40:03,814 - hetero_ne_arbiter.py[line:170] - INFO: host gradients number: 42"
"2019-08-24 16:40:03,814 - hetero_ne_arbiter.py[line:171] - INFO: guest gradients number: 42"
"2019-08-24 16:40:03,829 - hetero_ne_arbiter.py[line:182] - INFO: Remote host_optim_gradient to Host"
"2019-08-24 16:40:03,840 - hetero_ne_arbiter.py[line:193] - INFO: Remote guest_optim_gradient to Guest"
"2019-08-24 16:40:04,042 - hetero_ne_arbiter.py[line:208] - INFO: Get loss from guest: 1.081870928646286"
"2019-08-24 16:40:04,042 - hetero_ne_arbiter.py[line:215] - INFO: iter loss: 1.081870928646286"
"2019-08-24 16:40:06,036 - hetero_ne_arbiter.py[line:268] - INFO: Remote is_stop to host: False"
"2019-08-24 16:40:06,063 - hetero_ne_arbiter.py[line:278] - INFO: Remote is_stop to guest: False"
"2019-08-24 16:40:06,064 - hetero_ne_arbiter.py[line:88] - INFO: iter: 5"
"2019-08-24 16:40:11,809 - hetero_ne_arbiter.py[line:129] - INFO: Iter 5, horizontally learning finish"
"2019-08-24 16:40:11,809 - hetero_ne_arbiter.py[line:137] - INFO: batch: 0"
"2019-08-24 16:40:14,120 - hetero_ne_arbiter.py[line:145] - INFO: Get host_gradient from GUEST"
"2019-08-24 16:40:14,925 - hetero_ne_arbiter.py[line:152] - INFO: Get guest_gradient from GUEST"
"2019-08-24 16:40:15,012 - hetero_ne_arbiter.py[line:170] - INFO: host gradients number: 42"
"2019-08-24 16:40:15,012 - hetero_ne_arbiter.py[line:171] - INFO: guest gradients number: 42"
"2019-08-24 16:40:15,023 - hetero_ne_arbiter.py[line:182] - INFO: Remote host_optim_gradient to Host"
"2019-08-24 16:40:15,034 - hetero_ne_arbiter.py[line:193] - INFO: Remote guest_optim_gradient to Guest"
"2019-08-24 16:40:15,256 - hetero_ne_arbiter.py[line:208] - INFO: Get loss from guest: 1.0149710775257805"
"2019-08-24 16:40:15,256 - hetero_ne_arbiter.py[line:215] - INFO: iter loss: 1.0149710775257805"
"2019-08-24 16:40:16,044 - hetero_ne_arbiter.py[line:268] - INFO: Remote is_stop to host: False"
"2019-08-24 16:40:16,098 - hetero_ne_arbiter.py[line:278] - INFO: Remote is_stop to guest: False"
"2019-08-24 16:40:16,098 - hetero_ne_arbiter.py[line:88] - INFO: iter: 6"
"2019-08-24 16:40:23,266 - hetero_ne_arbiter.py[line:129] - INFO: Iter 6, horizontally learning finish"
"2019-08-24 16:40:23,266 - hetero_ne_arbiter.py[line:137] - INFO: batch: 0"
"2019-08-24 16:40:26,883 - hetero_ne_arbiter.py[line:145] - INFO: Get host_gradient from GUEST"
"2019-08-24 16:40:27,687 - hetero_ne_arbiter.py[line:152] - INFO: Get guest_gradient from GUEST"
"2019-08-24 16:40:27,821 - hetero_ne_arbiter.py[line:170] - INFO: host gradients number: 42"
"2019-08-24 16:40:27,822 - hetero_ne_arbiter.py[line:171] - INFO: guest gradients number: 42"
"2019-08-24 16:40:27,853 - hetero_ne_arbiter.py[line:182] - INFO: Remote host_optim_gradient to Host"
"2019-08-24 16:40:27,876 - hetero_ne_arbiter.py[line:193] - INFO: Remote guest_optim_gradient to Guest"
"2019-08-24 16:40:28,479 - hetero_ne_arbiter.py[line:208] - INFO: Get loss from guest: 0.9574548997225216"
"2019-08-24 16:40:28,479 - hetero_ne_arbiter.py[line:215] - INFO: iter loss: 0.9574548997225216"
"2019-08-24 16:40:29,100 - hetero_ne_arbiter.py[line:268] - INFO: Remote is_stop to host: False"
"2019-08-24 16:40:29,464 - hetero_ne_arbiter.py[line:278] - INFO: Remote is_stop to guest: False"
"2019-08-24 16:40:29,464 - hetero_ne_arbiter.py[line:88] - INFO: iter: 7"
"2019-08-24 16:40:36,419 - hetero_ne_arbiter.py[line:129] - INFO: Iter 7, horizontally learning finish"
"2019-08-24 16:40:36,419 - hetero_ne_arbiter.py[line:137] - INFO: batch: 0"
"2019-08-24 16:40:39,031 - hetero_ne_arbiter.py[line:145] - INFO: Get host_gradient from GUEST"
"2019-08-24 16:40:39,433 - hetero_ne_arbiter.py[line:152] - INFO: Get guest_gradient from GUEST"
"2019-08-24 16:40:39,550 - hetero_ne_arbiter.py[line:170] - INFO: host gradients number: 42"
"2019-08-24 16:40:39,550 - hetero_ne_arbiter.py[line:171] - INFO: guest gradients number: 42"
"2019-08-24 16:40:39,562 - hetero_ne_arbiter.py[line:182] - INFO: Remote host_optim_gradient to Host"
"2019-08-24 16:40:39,574 - hetero_ne_arbiter.py[line:193] - INFO: Remote guest_optim_gradient to Guest"
"2019-08-24 16:40:39,876 - hetero_ne_arbiter.py[line:208] - INFO: Get loss from guest: 0.907702966984468"
"2019-08-24 16:40:39,876 - hetero_ne_arbiter.py[line:215] - INFO: iter loss: 0.907702966984468"
"2019-08-24 16:40:40,684 - hetero_ne_arbiter.py[line:268] - INFO: Remote is_stop to host: False"
"2019-08-24 16:40:40,742 - hetero_ne_arbiter.py[line:278] - INFO: Remote is_stop to guest: False"
"2019-08-24 16:40:40,742 - hetero_ne_arbiter.py[line:88] - INFO: iter: 8"
"2019-08-24 16:40:47,773 - hetero_ne_arbiter.py[line:129] - INFO: Iter 8, horizontally learning finish"
"2019-08-24 16:40:47,773 - hetero_ne_arbiter.py[line:137] - INFO: batch: 0"
"2019-08-24 16:40:50,686 - hetero_ne_arbiter.py[line:145] - INFO: Get host_gradient from GUEST"
"2019-08-24 16:40:51,091 - hetero_ne_arbiter.py[line:152] - INFO: Get guest_gradient from GUEST"
"2019-08-24 16:40:51,220 - hetero_ne_arbiter.py[line:170] - INFO: host gradients number: 42"
"2019-08-24 16:40:51,221 - hetero_ne_arbiter.py[line:171] - INFO: guest gradients number: 42"
"2019-08-24 16:40:51,242 - hetero_ne_arbiter.py[line:182] - INFO: Remote host_optim_gradient to Host"
"2019-08-24 16:40:51,276 - hetero_ne_arbiter.py[line:193] - INFO: Remote guest_optim_gradient to Guest"
"2019-08-24 16:40:51,779 - hetero_ne_arbiter.py[line:208] - INFO: Get loss from guest: 0.8644332932457747"
"2019-08-24 16:40:51,780 - hetero_ne_arbiter.py[line:215] - INFO: iter loss: 0.8644332932457747"
"2019-08-24 16:40:52,580 - hetero_ne_arbiter.py[line:268] - INFO: Remote is_stop to host: False"
"2019-08-24 16:40:52,608 - hetero_ne_arbiter.py[line:278] - INFO: Remote is_stop to guest: False"
"2019-08-24 16:40:52,608 - hetero_ne_arbiter.py[line:88] - INFO: iter: 9"
"2019-08-24 16:41:00,276 - hetero_ne_arbiter.py[line:129] - INFO: Iter 9, horizontally learning finish"
"2019-08-24 16:41:00,276 - hetero_ne_arbiter.py[line:137] - INFO: batch: 0"
"2019-08-24 16:41:03,288 - hetero_ne_arbiter.py[line:145] - INFO: Get host_gradient from GUEST"
"2019-08-24 16:41:04,092 - hetero_ne_arbiter.py[line:152] - INFO: Get guest_gradient from GUEST"
"2019-08-24 16:41:04,173 - hetero_ne_arbiter.py[line:170] - INFO: host gradients number: 42"
"2019-08-24 16:41:04,173 - hetero_ne_arbiter.py[line:171] - INFO: guest gradients number: 42"
"2019-08-24 16:41:04,194 - hetero_ne_arbiter.py[line:182] - INFO: Remote host_optim_gradient to Host"
"2019-08-24 16:41:04,206 - hetero_ne_arbiter.py[line:193] - INFO: Remote guest_optim_gradient to Guest"
"2019-08-24 16:41:04,408 - hetero_ne_arbiter.py[line:208] - INFO: Get loss from guest: 0.8266149238236231"
"2019-08-24 16:41:04,408 - hetero_ne_arbiter.py[line:215] - INFO: iter loss: 0.8266149238236231"
"2019-08-24 16:41:05,217 - hetero_ne_arbiter.py[line:268] - INFO: Remote is_stop to host: False"
"2019-08-24 16:41:05,243 - hetero_ne_arbiter.py[line:278] - INFO: Remote is_stop to guest: False"
"2019-08-24 16:41:05,243 - hetero_ne_arbiter.py[line:88] - INFO: iter: 10"
"2019-08-24 16:41:11,321 - hetero_ne_arbiter.py[line:129] - INFO: Iter 10, horizontally learning finish"
"2019-08-24 16:41:11,321 - hetero_ne_arbiter.py[line:137] - INFO: batch: 0"
"2019-08-24 16:41:13,932 - hetero_ne_arbiter.py[line:145] - INFO: Get host_gradient from GUEST"
"2019-08-24 16:41:15,338 - hetero_ne_arbiter.py[line:152] - INFO: Get guest_gradient from GUEST"
"2019-08-24 16:41:15,461 - hetero_ne_arbiter.py[line:170] - INFO: host gradients number: 42"
"2019-08-24 16:41:15,461 - hetero_ne_arbiter.py[line:171] - INFO: guest gradients number: 42"
"2019-08-24 16:41:15,476 - hetero_ne_arbiter.py[line:182] - INFO: Remote host_optim_gradient to Host"
"2019-08-24 16:41:15,487 - hetero_ne_arbiter.py[line:193] - INFO: Remote guest_optim_gradient to Guest"
"2019-08-24 16:41:15,689 - hetero_ne_arbiter.py[line:208] - INFO: Get loss from guest: 0.7934074597523425"
"2019-08-24 16:41:15,689 - hetero_ne_arbiter.py[line:215] - INFO: iter loss: 0.7934074597523425"
"2019-08-24 16:41:16,561 - hetero_ne_arbiter.py[line:268] - INFO: Remote is_stop to host: False"
"2019-08-24 16:41:16,608 - hetero_ne_arbiter.py[line:278] - INFO: Remote is_stop to guest: False"
"2019-08-24 16:41:16,608 - hetero_ne_arbiter.py[line:88] - INFO: iter: 11"
"2019-08-24 16:41:23,151 - hetero_ne_arbiter.py[line:129] - INFO: Iter 11, horizontally learning finish"
"2019-08-24 16:41:23,151 - hetero_ne_arbiter.py[line:137] - INFO: batch: 0"
"2019-08-24 16:41:25,473 - hetero_ne_arbiter.py[line:145] - INFO: Get host_gradient from GUEST"
"2019-08-24 16:41:26,679 - hetero_ne_arbiter.py[line:152] - INFO: Get guest_gradient from GUEST"
"2019-08-24 16:41:26,805 - hetero_ne_arbiter.py[line:170] - INFO: host gradients number: 42"
"2019-08-24 16:41:26,806 - hetero_ne_arbiter.py[line:171] - INFO: guest gradients number: 42"
"2019-08-24 16:41:26,841 - hetero_ne_arbiter.py[line:182] - INFO: Remote host_optim_gradient to Host"
"2019-08-24 16:41:26,863 - hetero_ne_arbiter.py[line:193] - INFO: Remote guest_optim_gradient to Guest"
"2019-08-24 16:41:27,366 - hetero_ne_arbiter.py[line:208] - INFO: Get loss from guest: 0.76411787494196"
"2019-08-24 16:41:27,367 - hetero_ne_arbiter.py[line:215] - INFO: iter loss: 0.76411787494196"
"2019-08-24 16:41:28,087 - hetero_ne_arbiter.py[line:268] - INFO: Remote is_stop to host: False"
"2019-08-24 16:41:28,109 - hetero_ne_arbiter.py[line:278] - INFO: Remote is_stop to guest: False"
"2019-08-24 16:41:28,109 - hetero_ne_arbiter.py[line:88] - INFO: iter: 12"
"2019-08-24 16:41:35,323 - hetero_ne_arbiter.py[line:129] - INFO: Iter 12, horizontally learning finish"
"2019-08-24 16:41:35,323 - hetero_ne_arbiter.py[line:137] - INFO: batch: 0"
"2019-08-24 16:41:37,632 - hetero_ne_arbiter.py[line:145] - INFO: Get host_gradient from GUEST"
"2019-08-24 16:41:38,437 - hetero_ne_arbiter.py[line:152] - INFO: Get guest_gradient from GUEST"
"2019-08-24 16:41:38,537 - hetero_ne_arbiter.py[line:170] - INFO: host gradients number: 42"
"2019-08-24 16:41:38,537 - hetero_ne_arbiter.py[line:171] - INFO: guest gradients number: 42"
"2019-08-24 16:41:38,549 - hetero_ne_arbiter.py[line:182] - INFO: Remote host_optim_gradient to Host"
"2019-08-24 16:41:38,567 - hetero_ne_arbiter.py[line:193] - INFO: Remote guest_optim_gradient to Guest"
"2019-08-24 16:41:38,869 - hetero_ne_arbiter.py[line:208] - INFO: Get loss from guest: 0.7381690997174004"
"2019-08-24 16:41:38,869 - hetero_ne_arbiter.py[line:215] - INFO: iter loss: 0.7381690997174004"
"2019-08-24 16:41:40,805 - hetero_ne_arbiter.py[line:268] - INFO: Remote is_stop to host: False"
"2019-08-24 16:41:40,838 - hetero_ne_arbiter.py[line:278] - INFO: Remote is_stop to guest: False"
"2019-08-24 16:41:40,838 - hetero_ne_arbiter.py[line:88] - INFO: iter: 13"
"2019-08-24 16:41:46,638 - hetero_ne_arbiter.py[line:129] - INFO: Iter 13, horizontally learning finish"
"2019-08-24 16:41:46,638 - hetero_ne_arbiter.py[line:137] - INFO: batch: 0"
"2019-08-24 16:41:49,048 - hetero_ne_arbiter.py[line:145] - INFO: Get host_gradient from GUEST"
"2019-08-24 16:41:49,852 - hetero_ne_arbiter.py[line:152] - INFO: Get guest_gradient from GUEST"
"2019-08-24 16:41:49,949 - hetero_ne_arbiter.py[line:170] - INFO: host gradients number: 42"
"2019-08-24 16:41:49,950 - hetero_ne_arbiter.py[line:171] - INFO: guest gradients number: 42"
"2019-08-24 16:41:49,961 - hetero_ne_arbiter.py[line:182] - INFO: Remote host_optim_gradient to Host"
"2019-08-24 16:41:49,976 - hetero_ne_arbiter.py[line:193] - INFO: Remote guest_optim_gradient to Guest"
"2019-08-24 16:41:50,079 - hetero_ne_arbiter.py[line:208] - INFO: Get loss from guest: 0.715076753497406"
"2019-08-24 16:41:50,079 - hetero_ne_arbiter.py[line:215] - INFO: iter loss: 0.715076753497406"
"2019-08-24 16:41:52,364 - hetero_ne_arbiter.py[line:268] - INFO: Remote is_stop to host: False"
"2019-08-24 16:41:52,393 - hetero_ne_arbiter.py[line:278] - INFO: Remote is_stop to guest: False"
"2019-08-24 16:41:52,393 - hetero_ne_arbiter.py[line:88] - INFO: iter: 14"
"2019-08-24 16:41:57,197 - hetero_ne_arbiter.py[line:129] - INFO: Iter 14, horizontally learning finish"
"2019-08-24 16:41:57,197 - hetero_ne_arbiter.py[line:137] - INFO: batch: 0"
"2019-08-24 16:42:00,210 - hetero_ne_arbiter.py[line:145] - INFO: Get host_gradient from GUEST"
"2019-08-24 16:42:00,512 - hetero_ne_arbiter.py[line:152] - INFO: Get guest_gradient from GUEST"
"2019-08-24 16:42:00,630 - hetero_ne_arbiter.py[line:170] - INFO: host gradients number: 42"
"2019-08-24 16:42:00,631 - hetero_ne_arbiter.py[line:171] - INFO: guest gradients number: 42"
"2019-08-24 16:42:00,651 - hetero_ne_arbiter.py[line:182] - INFO: Remote host_optim_gradient to Host"
"2019-08-24 16:42:00,673 - hetero_ne_arbiter.py[line:193] - INFO: Remote guest_optim_gradient to Guest"
"2019-08-24 16:42:01,176 - hetero_ne_arbiter.py[line:208] - INFO: Get loss from guest: 0.6944316114483005"
"2019-08-24 16:42:01,177 - hetero_ne_arbiter.py[line:215] - INFO: iter loss: 0.6944316114483005"
"2019-08-24 16:42:01,968 - hetero_ne_arbiter.py[line:268] - INFO: Remote is_stop to host: False"
"2019-08-24 16:42:01,997 - hetero_ne_arbiter.py[line:278] - INFO: Remote is_stop to guest: False"
"2019-08-24 16:42:01,997 - hetero_ne_arbiter.py[line:88] - INFO: iter: 15"
"2019-08-24 16:42:10,349 - hetero_ne_arbiter.py[line:129] - INFO: Iter 15, horizontally learning finish"
"2019-08-24 16:42:10,350 - hetero_ne_arbiter.py[line:137] - INFO: batch: 0"
"2019-08-24 16:42:13,061 - hetero_ne_arbiter.py[line:145] - INFO: Get host_gradient from GUEST"
"2019-08-24 16:42:13,764 - hetero_ne_arbiter.py[line:152] - INFO: Get guest_gradient from GUEST"
"2019-08-24 16:42:13,883 - hetero_ne_arbiter.py[line:170] - INFO: host gradients number: 42"
"2019-08-24 16:42:13,884 - hetero_ne_arbiter.py[line:171] - INFO: guest gradients number: 42"
"2019-08-24 16:42:13,899 - hetero_ne_arbiter.py[line:182] - INFO: Remote host_optim_gradient to Host"
"2019-08-24 16:42:13,916 - hetero_ne_arbiter.py[line:193] - INFO: Remote guest_optim_gradient to Guest"
"2019-08-24 16:42:14,519 - hetero_ne_arbiter.py[line:208] - INFO: Get loss from guest: 0.6758861651734697"
"2019-08-24 16:42:14,519 - hetero_ne_arbiter.py[line:215] - INFO: iter loss: 0.6758861651734697"
"2019-08-24 16:42:15,212 - hetero_ne_arbiter.py[line:268] - INFO: Remote is_stop to host: False"
"2019-08-24 16:42:15,236 - hetero_ne_arbiter.py[line:278] - INFO: Remote is_stop to guest: False"
"2019-08-24 16:42:15,236 - hetero_ne_arbiter.py[line:88] - INFO: iter: 16"
"2019-08-24 16:42:21,546 - hetero_ne_arbiter.py[line:129] - INFO: Iter 16, horizontally learning finish"
"2019-08-24 16:42:21,546 - hetero_ne_arbiter.py[line:137] - INFO: batch: 0"
"2019-08-24 16:42:24,559 - hetero_ne_arbiter.py[line:145] - INFO: Get host_gradient from GUEST"
"2019-08-24 16:42:25,463 - hetero_ne_arbiter.py[line:152] - INFO: Get guest_gradient from GUEST"
"2019-08-24 16:42:25,547 - hetero_ne_arbiter.py[line:170] - INFO: host gradients number: 42"
"2019-08-24 16:42:25,548 - hetero_ne_arbiter.py[line:171] - INFO: guest gradients number: 42"
"2019-08-24 16:42:25,560 - hetero_ne_arbiter.py[line:182] - INFO: Remote host_optim_gradient to Host"
"2019-08-24 16:42:25,573 - hetero_ne_arbiter.py[line:193] - INFO: Remote guest_optim_gradient to Guest"
"2019-08-24 16:42:25,774 - hetero_ne_arbiter.py[line:208] - INFO: Get loss from guest: 0.6591441479818274"
"2019-08-24 16:42:25,774 - hetero_ne_arbiter.py[line:215] - INFO: iter loss: 0.6591441479818274"
"2019-08-24 16:42:26,988 - hetero_ne_arbiter.py[line:268] - INFO: Remote is_stop to host: False"
"2019-08-24 16:42:27,014 - hetero_ne_arbiter.py[line:278] - INFO: Remote is_stop to guest: False"
"2019-08-24 16:42:27,014 - hetero_ne_arbiter.py[line:88] - INFO: iter: 17"
"2019-08-24 16:42:32,874 - hetero_ne_arbiter.py[line:129] - INFO: Iter 17, horizontally learning finish"
"2019-08-24 16:42:32,874 - hetero_ne_arbiter.py[line:137] - INFO: batch: 0"
"2019-08-24 16:42:35,986 - hetero_ne_arbiter.py[line:145] - INFO: Get host_gradient from GUEST"
"2019-08-24 16:42:36,790 - hetero_ne_arbiter.py[line:152] - INFO: Get guest_gradient from GUEST"
"2019-08-24 16:42:36,888 - hetero_ne_arbiter.py[line:170] - INFO: host gradients number: 42"
"2019-08-24 16:42:36,889 - hetero_ne_arbiter.py[line:171] - INFO: guest gradients number: 42"
"2019-08-24 16:42:36,902 - hetero_ne_arbiter.py[line:182] - INFO: Remote host_optim_gradient to Host"
"2019-08-24 16:42:36,914 - hetero_ne_arbiter.py[line:193] - INFO: Remote guest_optim_gradient to Guest"
"2019-08-24 16:42:37,128 - hetero_ne_arbiter.py[line:208] - INFO: Get loss from guest: 0.6439522374428254"
"2019-08-24 16:42:37,128 - hetero_ne_arbiter.py[line:215] - INFO: iter loss: 0.6439522374428254"
"2019-08-24 16:42:38,071 - hetero_ne_arbiter.py[line:268] - INFO: Remote is_stop to host: False"
"2019-08-24 16:42:38,104 - hetero_ne_arbiter.py[line:278] - INFO: Remote is_stop to guest: False"
"2019-08-24 16:42:38,104 - hetero_ne_arbiter.py[line:88] - INFO: iter: 18"
"2019-08-24 16:42:45,502 - hetero_ne_arbiter.py[line:129] - INFO: Iter 18, horizontally learning finish"
"2019-08-24 16:42:45,503 - hetero_ne_arbiter.py[line:137] - INFO: batch: 0"
"2019-08-24 16:42:47,912 - hetero_ne_arbiter.py[line:145] - INFO: Get host_gradient from GUEST"
"2019-08-24 16:42:49,520 - hetero_ne_arbiter.py[line:152] - INFO: Get guest_gradient from GUEST"
"2019-08-24 16:42:49,607 - hetero_ne_arbiter.py[line:170] - INFO: host gradients number: 42"
"2019-08-24 16:42:49,608 - hetero_ne_arbiter.py[line:171] - INFO: guest gradients number: 42"
"2019-08-24 16:42:49,620 - hetero_ne_arbiter.py[line:182] - INFO: Remote host_optim_gradient to Host"
"2019-08-24 16:42:49,635 - hetero_ne_arbiter.py[line:193] - INFO: Remote guest_optim_gradient to Guest"
"2019-08-24 16:42:50,238 - hetero_ne_arbiter.py[line:208] - INFO: Get loss from guest: 0.630093380666399"
"2019-08-24 16:42:50,238 - hetero_ne_arbiter.py[line:215] - INFO: iter loss: 0.630093380666399"
"2019-08-24 16:42:51,016 - hetero_ne_arbiter.py[line:268] - INFO: Remote is_stop to host: False"
"2019-08-24 16:42:51,080 - hetero_ne_arbiter.py[line:278] - INFO: Remote is_stop to guest: False"
"2019-08-24 16:42:51,080 - hetero_ne_arbiter.py[line:88] - INFO: iter: 19"
"2019-08-24 16:42:57,382 - hetero_ne_arbiter.py[line:129] - INFO: Iter 19, horizontally learning finish"
"2019-08-24 16:42:57,383 - hetero_ne_arbiter.py[line:137] - INFO: batch: 0"
"2019-08-24 16:42:59,893 - hetero_ne_arbiter.py[line:145] - INFO: Get host_gradient from GUEST"
"2019-08-24 16:43:01,399 - hetero_ne_arbiter.py[line:152] - INFO: Get guest_gradient from GUEST"
"2019-08-24 16:43:01,839 - hetero_ne_arbiter.py[line:170] - INFO: host gradients number: 42"
"2019-08-24 16:43:01,840 - hetero_ne_arbiter.py[line:171] - INFO: guest gradients number: 42"
"2019-08-24 16:43:01,878 - hetero_ne_arbiter.py[line:182] - INFO: Remote host_optim_gradient to Host"
"2019-08-24 16:43:01,888 - hetero_ne_arbiter.py[line:193] - INFO: Remote guest_optim_gradient to Guest"
"2019-08-24 16:43:01,989 - hetero_ne_arbiter.py[line:208] - INFO: Get loss from guest: 0.6173813479101585"
"2019-08-24 16:43:01,989 - hetero_ne_arbiter.py[line:215] - INFO: iter loss: 0.6173813479101585"
"2019-08-24 16:43:02,793 - hetero_ne_arbiter.py[line:268] - INFO: Remote is_stop to host: False"
"2019-08-24 16:43:02,827 - hetero_ne_arbiter.py[line:278] - INFO: Remote is_stop to guest: False"
"2019-08-24 16:43:02,827 - hetero_ne_arbiter.py[line:284] - INFO: Reach max iter 20 or convergence, train model finish!"
