"2019-08-24 16:39:05,423 - hetero_ne_host.py[line:47] - INFO: Enter hetero_ne host"
"2019-08-24 16:39:05,423 - hetero_ne_host.py[line:49] - INFO: Host party has 30 nodes"
"2019-08-24 16:39:05,514 - hetero_ne_host.py[line:52] - INFO: Transform input data to train instance"
"2019-08-24 16:39:05,515 - hetero_ne_host.py[line:59] - INFO: Get Publick key from arbiter:<PaillierPublicKey 12159d14bc>"
"2019-08-24 16:39:05,515 - hetero_ne_host.py[line:64] - INFO: Generate mini-batch for local instances in guest"
"2019-08-24 16:39:07,271 - hetero_ne_host.py[line:72] - INFO: Get batch_info from guest: {'batch_size': 1024, 'batch_num': 1}"
"2019-08-24 16:39:07,271 - hetero_ne_host.py[line:86] - INFO: Start initilize model."
"2019-08-24 16:39:07,271 - hetero_ne_host.py[line:93] - INFO: iter: 0"
"2019-08-24 16:39:07,271 - hetero_ne_host.py[line:99] - INFO: Horizontally learning"
"2019-08-24 16:39:07,272 - hetero_ne_host.py[line:102] - INFO: Local batch data count:306"
"2019-08-24 16:39:11,828 - hetero_ne_host.py[line:115] - INFO: gradient count:306"
"2019-08-24 16:39:12,396 - hetero_ne_host.py[line:139] - INFO: Iter 0, Local loss: 1.5361838782489885"
"2019-08-24 16:39:12,396 - hetero_ne_host.py[line:146] - INFO: batch:0"
"2019-08-24 16:39:12,497 - hetero_ne_host.py[line:159] - INFO: Get batch_index from Guest"
"2019-08-24 16:39:12,543 - hetero_ne_host.py[line:172] - INFO: batch_data_inst size:42"
"2019-08-24 16:39:13,947 - hetero_ne_host.py[line:187] - INFO: Remote host_forward to guest"
"2019-08-24 16:39:18,868 - hetero_ne_host.py[line:197] - INFO: Get optim_host_gradient from arbiter"
"2019-08-24 16:39:18,948 - hetero_ne_host.py[line:200] - INFO: update_model"
"2019-08-24 16:39:20,007 - hetero_ne_host.py[line:242] - INFO: Get is_stop flag from arbiter:False"
"2019-08-24 16:39:20,007 - hetero_ne_host.py[line:93] - INFO: iter: 1"
"2019-08-24 16:39:20,007 - hetero_ne_host.py[line:99] - INFO: Horizontally learning"
"2019-08-24 16:39:20,009 - hetero_ne_host.py[line:102] - INFO: Local batch data count:306"
"2019-08-24 16:39:24,849 - hetero_ne_host.py[line:115] - INFO: gradient count:306"
"2019-08-24 16:39:25,364 - hetero_ne_host.py[line:139] - INFO: Iter 1, Local loss: 1.419141952342555"
"2019-08-24 16:39:25,364 - hetero_ne_host.py[line:146] - INFO: batch:0"
"2019-08-24 16:39:25,365 - hetero_ne_host.py[line:172] - INFO: batch_data_inst size:42"
"2019-08-24 16:39:27,152 - hetero_ne_host.py[line:187] - INFO: Remote host_forward to guest"
"2019-08-24 16:39:29,061 - hetero_ne_host.py[line:197] - INFO: Get optim_host_gradient from arbiter"
"2019-08-24 16:39:29,166 - hetero_ne_host.py[line:200] - INFO: update_model"
"2019-08-24 16:39:30,211 - hetero_ne_host.py[line:242] - INFO: Get is_stop flag from arbiter:False"
"2019-08-24 16:39:30,211 - hetero_ne_host.py[line:93] - INFO: iter: 2"
"2019-08-24 16:39:30,211 - hetero_ne_host.py[line:99] - INFO: Horizontally learning"
"2019-08-24 16:39:30,218 - hetero_ne_host.py[line:102] - INFO: Local batch data count:306"
"2019-08-24 16:39:35,134 - hetero_ne_host.py[line:115] - INFO: gradient count:306"
"2019-08-24 16:39:35,471 - hetero_ne_host.py[line:139] - INFO: Iter 2, Local loss: 1.3897620094824843"
"2019-08-24 16:39:35,471 - hetero_ne_host.py[line:146] - INFO: batch:0"
"2019-08-24 16:39:35,471 - hetero_ne_host.py[line:172] - INFO: batch_data_inst size:42"
"2019-08-24 16:39:37,201 - hetero_ne_host.py[line:187] - INFO: Remote host_forward to guest"
"2019-08-24 16:39:39,913 - hetero_ne_host.py[line:197] - INFO: Get optim_host_gradient from arbiter"
"2019-08-24 16:39:39,971 - hetero_ne_host.py[line:200] - INFO: update_model"
"2019-08-24 16:39:41,031 - hetero_ne_host.py[line:242] - INFO: Get is_stop flag from arbiter:False"
"2019-08-24 16:39:41,031 - hetero_ne_host.py[line:93] - INFO: iter: 3"
"2019-08-24 16:39:41,031 - hetero_ne_host.py[line:99] - INFO: Horizontally learning"
"2019-08-24 16:39:41,036 - hetero_ne_host.py[line:102] - INFO: Local batch data count:306"
"2019-08-24 16:39:47,000 - hetero_ne_host.py[line:115] - INFO: gradient count:306"
"2019-08-24 16:39:47,280 - hetero_ne_host.py[line:139] - INFO: Iter 3, Local loss: 1.3642199102653827"
"2019-08-24 16:39:47,280 - hetero_ne_host.py[line:146] - INFO: batch:0"
"2019-08-24 16:39:47,281 - hetero_ne_host.py[line:172] - INFO: batch_data_inst size:42"
"2019-08-24 16:39:49,133 - hetero_ne_host.py[line:187] - INFO: Remote host_forward to guest"
"2019-08-24 16:39:50,540 - hetero_ne_host.py[line:197] - INFO: Get optim_host_gradient from arbiter"
"2019-08-24 16:39:50,632 - hetero_ne_host.py[line:200] - INFO: update_model"
"2019-08-24 16:39:54,715 - hetero_ne_host.py[line:242] - INFO: Get is_stop flag from arbiter:False"
"2019-08-24 16:39:54,715 - hetero_ne_host.py[line:93] - INFO: iter: 4"
"2019-08-24 16:39:54,715 - hetero_ne_host.py[line:99] - INFO: Horizontally learning"
"2019-08-24 16:39:54,722 - hetero_ne_host.py[line:102] - INFO: Local batch data count:306"
"2019-08-24 16:40:00,227 - hetero_ne_host.py[line:115] - INFO: gradient count:306"
"2019-08-24 16:40:00,406 - hetero_ne_host.py[line:139] - INFO: Iter 4, Local loss: 1.3418819075493986"
"2019-08-24 16:40:00,406 - hetero_ne_host.py[line:146] - INFO: batch:0"
"2019-08-24 16:40:00,406 - hetero_ne_host.py[line:172] - INFO: batch_data_inst size:42"
"2019-08-24 16:40:02,409 - hetero_ne_host.py[line:187] - INFO: Remote host_forward to guest"
"2019-08-24 16:40:03,917 - hetero_ne_host.py[line:197] - INFO: Get optim_host_gradient from arbiter"
"2019-08-24 16:40:03,975 - hetero_ne_host.py[line:200] - INFO: update_model"
"2019-08-24 16:40:06,045 - hetero_ne_host.py[line:242] - INFO: Get is_stop flag from arbiter:False"
"2019-08-24 16:40:06,045 - hetero_ne_host.py[line:93] - INFO: iter: 5"
"2019-08-24 16:40:06,045 - hetero_ne_host.py[line:99] - INFO: Horizontally learning"
"2019-08-24 16:40:06,050 - hetero_ne_host.py[line:102] - INFO: Local batch data count:306"
"2019-08-24 16:40:11,091 - hetero_ne_host.py[line:115] - INFO: gradient count:306"
"2019-08-24 16:40:11,826 - hetero_ne_host.py[line:139] - INFO: Iter 5, Local loss: 1.322241290284123"
"2019-08-24 16:40:11,826 - hetero_ne_host.py[line:146] - INFO: batch:0"
"2019-08-24 16:40:11,827 - hetero_ne_host.py[line:172] - INFO: batch_data_inst size:42"
"2019-08-24 16:40:13,730 - hetero_ne_host.py[line:187] - INFO: Remote host_forward to guest"
"2019-08-24 16:40:15,037 - hetero_ne_host.py[line:197] - INFO: Get optim_host_gradient from arbiter"
"2019-08-24 16:40:15,108 - hetero_ne_host.py[line:200] - INFO: update_model"
"2019-08-24 16:40:16,097 - hetero_ne_host.py[line:242] - INFO: Get is_stop flag from arbiter:False"
"2019-08-24 16:40:16,097 - hetero_ne_host.py[line:93] - INFO: iter: 6"
"2019-08-24 16:40:16,097 - hetero_ne_host.py[line:99] - INFO: Horizontally learning"
"2019-08-24 16:40:16,103 - hetero_ne_host.py[line:102] - INFO: Local batch data count:306"
"2019-08-24 16:40:22,917 - hetero_ne_host.py[line:115] - INFO: gradient count:306"
"2019-08-24 16:40:23,272 - hetero_ne_host.py[line:139] - INFO: Iter 6, Local loss: 1.3048884564788943"
"2019-08-24 16:40:23,273 - hetero_ne_host.py[line:146] - INFO: batch:0"
"2019-08-24 16:40:23,273 - hetero_ne_host.py[line:172] - INFO: batch_data_inst size:42"
"2019-08-24 16:40:26,463 - hetero_ne_host.py[line:187] - INFO: Remote host_forward to guest"
"2019-08-24 16:40:27,870 - hetero_ne_host.py[line:197] - INFO: Get optim_host_gradient from arbiter"
"2019-08-24 16:40:27,932 - hetero_ne_host.py[line:200] - INFO: update_model"
"2019-08-24 16:40:29,176 - hetero_ne_host.py[line:242] - INFO: Get is_stop flag from arbiter:False"
"2019-08-24 16:40:29,176 - hetero_ne_host.py[line:93] - INFO: iter: 7"
"2019-08-24 16:40:29,176 - hetero_ne_host.py[line:99] - INFO: Horizontally learning"
"2019-08-24 16:40:29,181 - hetero_ne_host.py[line:102] - INFO: Local batch data count:306"
"2019-08-24 16:40:35,662 - hetero_ne_host.py[line:115] - INFO: gradient count:306"
"2019-08-24 16:40:36,480 - hetero_ne_host.py[line:139] - INFO: Iter 7, Local loss: 1.2894889323398904"
"2019-08-24 16:40:36,481 - hetero_ne_host.py[line:146] - INFO: batch:0"
"2019-08-24 16:40:36,481 - hetero_ne_host.py[line:172] - INFO: batch_data_inst size:42"
"2019-08-24 16:40:38,196 - hetero_ne_host.py[line:187] - INFO: Remote host_forward to guest"
"2019-08-24 16:40:39,603 - hetero_ne_host.py[line:197] - INFO: Get optim_host_gradient from arbiter"
"2019-08-24 16:40:39,669 - hetero_ne_host.py[line:200] - INFO: update_model"
"2019-08-24 16:40:40,697 - hetero_ne_host.py[line:242] - INFO: Get is_stop flag from arbiter:False"
"2019-08-24 16:40:40,697 - hetero_ne_host.py[line:93] - INFO: iter: 8"
"2019-08-24 16:40:40,697 - hetero_ne_host.py[line:99] - INFO: Horizontally learning"
"2019-08-24 16:40:40,702 - hetero_ne_host.py[line:102] - INFO: Local batch data count:306"
"2019-08-24 16:40:47,343 - hetero_ne_host.py[line:115] - INFO: gradient count:306"
"2019-08-24 16:40:47,758 - hetero_ne_host.py[line:139] - INFO: Iter 8, Local loss: 1.2757670828462115"
"2019-08-24 16:40:47,758 - hetero_ne_host.py[line:146] - INFO: batch:0"
"2019-08-24 16:40:47,759 - hetero_ne_host.py[line:172] - INFO: batch_data_inst size:42"
"2019-08-24 16:40:49,843 - hetero_ne_host.py[line:187] - INFO: Remote host_forward to guest"
"2019-08-24 16:40:51,250 - hetero_ne_host.py[line:197] - INFO: Get optim_host_gradient from arbiter"
"2019-08-24 16:40:51,333 - hetero_ne_host.py[line:200] - INFO: update_model"
"2019-08-24 16:40:52,648 - hetero_ne_host.py[line:242] - INFO: Get is_stop flag from arbiter:False"
"2019-08-24 16:40:52,648 - hetero_ne_host.py[line:93] - INFO: iter: 9"
"2019-08-24 16:40:52,648 - hetero_ne_host.py[line:99] - INFO: Horizontally learning"
"2019-08-24 16:40:52,652 - hetero_ne_host.py[line:102] - INFO: Local batch data count:306"
"2019-08-24 16:40:59,971 - hetero_ne_host.py[line:115] - INFO: gradient count:306"
"2019-08-24 16:41:00,302 - hetero_ne_host.py[line:139] - INFO: Iter 9, Local loss: 1.2634939088574701"
"2019-08-24 16:41:00,302 - hetero_ne_host.py[line:146] - INFO: batch:0"
"2019-08-24 16:41:00,302 - hetero_ne_host.py[line:172] - INFO: batch_data_inst size:42"
"2019-08-24 16:41:02,053 - hetero_ne_host.py[line:187] - INFO: Remote host_forward to guest"
"2019-08-24 16:41:04,264 - hetero_ne_host.py[line:197] - INFO: Get optim_host_gradient from arbiter"
"2019-08-24 16:41:04,342 - hetero_ne_host.py[line:200] - INFO: update_model"
"2019-08-24 16:41:05,239 - hetero_ne_host.py[line:242] - INFO: Get is_stop flag from arbiter:False"
"2019-08-24 16:41:05,239 - hetero_ne_host.py[line:93] - INFO: iter: 10"
"2019-08-24 16:41:05,239 - hetero_ne_host.py[line:99] - INFO: Horizontally learning"
"2019-08-24 16:41:05,246 - hetero_ne_host.py[line:102] - INFO: Local batch data count:306"
"2019-08-24 16:41:11,039 - hetero_ne_host.py[line:115] - INFO: gradient count:306"
"2019-08-24 16:41:11,356 - hetero_ne_host.py[line:139] - INFO: Iter 10, Local loss: 1.2524777904141373"
"2019-08-24 16:41:11,356 - hetero_ne_host.py[line:146] - INFO: batch:0"
"2019-08-24 16:41:11,356 - hetero_ne_host.py[line:172] - INFO: batch_data_inst size:42"
"2019-08-24 16:41:13,406 - hetero_ne_host.py[line:187] - INFO: Remote host_forward to guest"
"2019-08-24 16:41:15,515 - hetero_ne_host.py[line:197] - INFO: Get optim_host_gradient from arbiter"
"2019-08-24 16:41:15,595 - hetero_ne_host.py[line:200] - INFO: update_model"
"2019-08-24 16:41:16,583 - hetero_ne_host.py[line:242] - INFO: Get is_stop flag from arbiter:False"
"2019-08-24 16:41:16,584 - hetero_ne_host.py[line:93] - INFO: iter: 11"
"2019-08-24 16:41:16,584 - hetero_ne_host.py[line:99] - INFO: Horizontally learning"
"2019-08-24 16:41:16,588 - hetero_ne_host.py[line:102] - INFO: Local batch data count:306"
"2019-08-24 16:41:22,651 - hetero_ne_host.py[line:115] - INFO: gradient count:306"
"2019-08-24 16:41:23,165 - hetero_ne_host.py[line:139] - INFO: Iter 11, Local loss: 1.2425573721471306"
"2019-08-24 16:41:23,165 - hetero_ne_host.py[line:146] - INFO: batch:0"
"2019-08-24 16:41:23,166 - hetero_ne_host.py[line:172] - INFO: batch_data_inst size:42"
"2019-08-24 16:41:25,018 - hetero_ne_host.py[line:187] - INFO: Remote host_forward to guest"
"2019-08-24 16:41:26,928 - hetero_ne_host.py[line:197] - INFO: Get optim_host_gradient from arbiter"
"2019-08-24 16:41:27,323 - hetero_ne_host.py[line:200] - INFO: update_model"
"2019-08-24 16:41:28,122 - hetero_ne_host.py[line:242] - INFO: Get is_stop flag from arbiter:False"
"2019-08-24 16:41:28,122 - hetero_ne_host.py[line:93] - INFO: iter: 12"
"2019-08-24 16:41:28,122 - hetero_ne_host.py[line:99] - INFO: Horizontally learning"
"2019-08-24 16:41:28,127 - hetero_ne_host.py[line:102] - INFO: Local batch data count:306"
"2019-08-24 16:41:34,972 - hetero_ne_host.py[line:115] - INFO: gradient count:306"
"2019-08-24 16:41:35,345 - hetero_ne_host.py[line:139] - INFO: Iter 12, Local loss: 1.2335960246057156"
"2019-08-24 16:41:35,346 - hetero_ne_host.py[line:146] - INFO: batch:0"
"2019-08-24 16:41:35,346 - hetero_ne_host.py[line:172] - INFO: batch_data_inst size:42"
"2019-08-24 16:41:37,192 - hetero_ne_host.py[line:187] - INFO: Remote host_forward to guest"
"2019-08-24 16:41:38,599 - hetero_ne_host.py[line:197] - INFO: Get optim_host_gradient from arbiter"
"2019-08-24 16:41:38,659 - hetero_ne_host.py[line:200] - INFO: update_model"
"2019-08-24 16:41:40,847 - hetero_ne_host.py[line:242] - INFO: Get is_stop flag from arbiter:False"
"2019-08-24 16:41:40,847 - hetero_ne_host.py[line:93] - INFO: iter: 13"
"2019-08-24 16:41:40,847 - hetero_ne_host.py[line:99] - INFO: Horizontally learning"
"2019-08-24 16:41:40,852 - hetero_ne_host.py[line:102] - INFO: Local batch data count:306"
"2019-08-24 16:41:46,224 - hetero_ne_host.py[line:115] - INFO: gradient count:306"
"2019-08-24 16:41:46,698 - hetero_ne_host.py[line:139] - INFO: Iter 13, Local loss: 1.2254774805801971"
"2019-08-24 16:41:46,699 - hetero_ne_host.py[line:146] - INFO: batch:0"
"2019-08-24 16:41:46,699 - hetero_ne_host.py[line:172] - INFO: batch_data_inst size:42"
"2019-08-24 16:41:48,652 - hetero_ne_host.py[line:187] - INFO: Remote host_forward to guest"
"2019-08-24 16:41:49,958 - hetero_ne_host.py[line:197] - INFO: Get optim_host_gradient from arbiter"
"2019-08-24 16:41:50,011 - hetero_ne_host.py[line:200] - INFO: update_model"
"2019-08-24 16:41:52,421 - hetero_ne_host.py[line:242] - INFO: Get is_stop flag from arbiter:False"
"2019-08-24 16:41:52,421 - hetero_ne_host.py[line:93] - INFO: iter: 14"
"2019-08-24 16:41:52,421 - hetero_ne_host.py[line:99] - INFO: Horizontally learning"
"2019-08-24 16:41:52,426 - hetero_ne_host.py[line:102] - INFO: Local batch data count:306"
"2019-08-24 16:41:56,896 - hetero_ne_host.py[line:115] - INFO: gradient count:306"
"2019-08-24 16:41:57,233 - hetero_ne_host.py[line:139] - INFO: Iter 14, Local loss: 1.2181023595392968"
"2019-08-24 16:41:57,233 - hetero_ne_host.py[line:146] - INFO: batch:0"
"2019-08-24 16:41:57,234 - hetero_ne_host.py[line:172] - INFO: batch_data_inst size:42"
"2019-08-24 16:41:59,326 - hetero_ne_host.py[line:187] - INFO: Remote host_forward to guest"
"2019-08-24 16:42:00,733 - hetero_ne_host.py[line:197] - INFO: Get optim_host_gradient from arbiter"
"2019-08-24 16:42:01,101 - hetero_ne_host.py[line:200] - INFO: update_model"
"2019-08-24 16:42:02,034 - hetero_ne_host.py[line:242] - INFO: Get is_stop flag from arbiter:False"
"2019-08-24 16:42:02,034 - hetero_ne_host.py[line:93] - INFO: iter: 15"
"2019-08-24 16:42:02,034 - hetero_ne_host.py[line:99] - INFO: Horizontally learning"
"2019-08-24 16:42:02,039 - hetero_ne_host.py[line:102] - INFO: Local batch data count:306"
"2019-08-24 16:42:10,049 - hetero_ne_host.py[line:115] - INFO: gradient count:306"
"2019-08-24 16:42:10,359 - hetero_ne_host.py[line:139] - INFO: Iter 15, Local loss: 1.2113853722141505"
"2019-08-24 16:42:10,359 - hetero_ne_host.py[line:146] - INFO: batch:0"
"2019-08-24 16:42:10,359 - hetero_ne_host.py[line:172] - INFO: batch_data_inst size:42"
"2019-08-24 16:42:12,548 - hetero_ne_host.py[line:187] - INFO: Remote host_forward to guest"
"2019-08-24 16:42:13,955 - hetero_ne_host.py[line:197] - INFO: Get optim_host_gradient from arbiter"
"2019-08-24 16:42:14,038 - hetero_ne_host.py[line:200] - INFO: update_model"
"2019-08-24 16:42:15,215 - hetero_ne_host.py[line:242] - INFO: Get is_stop flag from arbiter:False"
"2019-08-24 16:42:15,215 - hetero_ne_host.py[line:93] - INFO: iter: 16"
"2019-08-24 16:42:15,215 - hetero_ne_host.py[line:99] - INFO: Horizontally learning"
"2019-08-24 16:42:15,219 - hetero_ne_host.py[line:102] - INFO: Local batch data count:306"
"2019-08-24 16:42:21,001 - hetero_ne_host.py[line:115] - INFO: gradient count:306"
"2019-08-24 16:42:21,602 - hetero_ne_host.py[line:139] - INFO: Iter 16, Local loss: 1.2052530524538922"
"2019-08-24 16:42:21,602 - hetero_ne_host.py[line:146] - INFO: batch:0"
"2019-08-24 16:42:21,603 - hetero_ne_host.py[line:172] - INFO: batch_data_inst size:42"
"2019-08-24 16:42:23,506 - hetero_ne_host.py[line:187] - INFO: Remote host_forward to guest"
"2019-08-24 16:42:25,615 - hetero_ne_host.py[line:197] - INFO: Get optim_host_gradient from arbiter"
"2019-08-24 16:42:25,673 - hetero_ne_host.py[line:200] - INFO: update_model"
"2019-08-24 16:42:26,989 - hetero_ne_host.py[line:242] - INFO: Get is_stop flag from arbiter:False"
"2019-08-24 16:42:26,989 - hetero_ne_host.py[line:93] - INFO: iter: 17"
"2019-08-24 16:42:26,990 - hetero_ne_host.py[line:99] - INFO: Horizontally learning"
"2019-08-24 16:42:26,994 - hetero_ne_host.py[line:102] - INFO: Local batch data count:306"
"2019-08-24 16:42:32,404 - hetero_ne_host.py[line:115] - INFO: gradient count:306"
"2019-08-24 16:42:32,920 - hetero_ne_host.py[line:139] - INFO: Iter 17, Local loss: 1.1996419024216385"
"2019-08-24 16:42:32,921 - hetero_ne_host.py[line:146] - INFO: batch:0"
"2019-08-24 16:42:32,921 - hetero_ne_host.py[line:172] - INFO: batch_data_inst size:42"
"2019-08-24 16:42:34,950 - hetero_ne_host.py[line:187] - INFO: Remote host_forward to guest"
"2019-08-24 16:42:36,960 - hetero_ne_host.py[line:197] - INFO: Get optim_host_gradient from arbiter"
"2019-08-24 16:42:37,048 - hetero_ne_host.py[line:200] - INFO: update_model"
"2019-08-24 16:42:38,136 - hetero_ne_host.py[line:242] - INFO: Get is_stop flag from arbiter:False"
"2019-08-24 16:42:38,136 - hetero_ne_host.py[line:93] - INFO: iter: 18"
"2019-08-24 16:42:38,136 - hetero_ne_host.py[line:99] - INFO: Horizontally learning"
"2019-08-24 16:42:38,141 - hetero_ne_host.py[line:102] - INFO: Local batch data count:306"
"2019-08-24 16:42:45,166 - hetero_ne_host.py[line:115] - INFO: gradient count:306"
"2019-08-24 16:42:45,532 - hetero_ne_host.py[line:139] - INFO: Iter 18, Local loss: 1.1944968651143444"
"2019-08-24 16:42:45,532 - hetero_ne_host.py[line:146] - INFO: batch:0"
"2019-08-24 16:42:45,533 - hetero_ne_host.py[line:172] - INFO: batch_data_inst size:42"
"2019-08-24 16:42:47,116 - hetero_ne_host.py[line:187] - INFO: Remote host_forward to guest"
"2019-08-24 16:42:49,628 - hetero_ne_host.py[line:197] - INFO: Get optim_host_gradient from arbiter"
"2019-08-24 16:42:49,663 - hetero_ne_host.py[line:200] - INFO: update_model"
"2019-08-24 16:42:51,001 - hetero_ne_host.py[line:242] - INFO: Get is_stop flag from arbiter:False"
"2019-08-24 16:42:51,001 - hetero_ne_host.py[line:93] - INFO: iter: 19"
"2019-08-24 16:42:51,002 - hetero_ne_host.py[line:99] - INFO: Horizontally learning"
"2019-08-24 16:42:51,006 - hetero_ne_host.py[line:102] - INFO: Local batch data count:306"
"2019-08-24 16:42:56,868 - hetero_ne_host.py[line:115] - INFO: gradient count:306"
"2019-08-24 16:42:57,415 - hetero_ne_host.py[line:139] - INFO: Iter 19, Local loss: 1.1897700584845097"
"2019-08-24 16:42:57,416 - hetero_ne_host.py[line:146] - INFO: batch:0"
"2019-08-24 16:42:57,416 - hetero_ne_host.py[line:172] - INFO: batch_data_inst size:42"
"2019-08-24 16:42:59,149 - hetero_ne_host.py[line:187] - INFO: Remote host_forward to guest"
"2019-08-24 16:43:01,962 - hetero_ne_host.py[line:197] - INFO: Get optim_host_gradient from arbiter"
"2019-08-24 16:43:02,012 - hetero_ne_host.py[line:200] - INFO: update_model"
"2019-08-24 16:43:02,856 - hetero_ne_host.py[line:242] - INFO: Get is_stop flag from arbiter:False"
"2019-08-24 16:43:02,856 - hetero_ne_host.py[line:248] - INFO: Reach max iter 20, train mode finish!"
"2019-08-24 16:43:05,120 - hetero_ne_host.py[line:254] - INFO: Reach max iter 20, train model finish!"
