"2019-08-24 16:39:05,406 - hetero_ne_guest.py[line:68] - INFO: samples number:42"
"2019-08-24 16:39:05,407 - hetero_ne_guest.py[line:69] - INFO: Enter network embedding procedure:"
"2019-08-24 16:39:05,407 - hetero_ne_guest.py[line:71] - INFO: Bank A has 31 nodes"
"2019-08-24 16:39:05,514 - hetero_ne_guest.py[line:74] - INFO: Transform input data to train instance"
"2019-08-24 16:39:05,515 - hetero_ne_guest.py[line:81] - INFO: Get public_key from arbiter:<PaillierPublicKey 12159d14bc>"
"2019-08-24 16:39:05,515 - hetero_ne_guest.py[line:85] - INFO: Generate mini-batch from input data"
"2019-08-24 16:39:05,959 - hetero_ne_guest.py[line:89] - INFO: samples number:42"
"2019-08-24 16:39:05,959 - hetero_ne_guest.py[line:97] - INFO: Generate mini-batch for local instances in guest"
"2019-08-24 16:39:07,194 - hetero_ne_guest.py[line:104] - INFO: batch_info:{'batch_size': 1024, 'batch_num': 1}"
"2019-08-24 16:39:07,232 - hetero_ne_guest.py[line:110] - INFO: Remote batch_info to Host"
"2019-08-24 16:39:07,271 - hetero_ne_guest.py[line:117] - INFO: Remote batch_info to Arbiter"
"2019-08-24 16:39:07,271 - hetero_ne_guest.py[line:124] - INFO: Start initialize model."
"2019-08-24 16:39:07,271 - hetero_ne_guest.py[line:126] - INFO: Embedding shape=(31, 5)"
"2019-08-24 16:39:07,271 - hetero_ne_guest.py[line:133] - INFO: iter:0"
"2019-08-24 16:39:07,271 - hetero_ne_guest.py[line:139] - INFO: Enter the horizontally federated learning procedure:"
"2019-08-24 16:39:12,001 - hetero_ne_guest.py[line:167] - INFO: Remote the embedding of common node to arbiter!"
"2019-08-24 16:39:12,404 - hetero_ne_guest.py[line:176] - INFO: Get the aggregated embedding of common node from arbiter!"
"2019-08-24 16:39:12,406 - hetero_ne_guest.py[line:181] - INFO: Iter 0, horizontally feaderated learning loss: 1.3674958504615429"
"2019-08-24 16:39:12,406 - hetero_ne_guest.py[line:188] - INFO: Enter the vertically federated learning:"
"2019-08-24 16:39:12,406 - hetero_ne_guest.py[line:193] - INFO: batch:0"
"2019-08-24 16:39:12,406 - hetero_ne_guest.py[line:197] - INFO: remote mini-batch index to Host"
"2019-08-24 16:39:14,015 - hetero_ne_guest.py[line:229] - INFO: Get host_forward from host"
"2019-08-24 16:39:14,722 - hetero_ne_guest.py[line:249] - INFO: Remote host_gradient to arbiter"
"2019-08-24 16:39:18,579 - hetero_ne_guest.py[line:265] - INFO: Remote guest_gradient to arbiter"
"2019-08-24 16:39:18,881 - hetero_ne_guest.py[line:274] - INFO: Get optim_guest_gradient from arbiter"
"2019-08-24 16:39:18,881 - hetero_ne_guest.py[line:277] - INFO: Update node embedding"
"2019-08-24 16:39:19,021 - hetero_ne_guest.py[line:296] - INFO: Remote loss to arbiter"
"2019-08-24 16:39:20,104 - hetero_ne_guest.py[line:340] - INFO: Get is_stop flag from arbiter:False"
"2019-08-24 16:39:20,104 - hetero_ne_guest.py[line:133] - INFO: iter:1"
"2019-08-24 16:39:20,105 - hetero_ne_guest.py[line:139] - INFO: Enter the horizontally federated learning procedure:"
"2019-08-24 16:39:25,183 - hetero_ne_guest.py[line:167] - INFO: Remote the embedding of common node to arbiter!"
"2019-08-24 16:39:25,385 - hetero_ne_guest.py[line:176] - INFO: Get the aggregated embedding of common node from arbiter!"
"2019-08-24 16:39:25,387 - hetero_ne_guest.py[line:181] - INFO: Iter 1, horizontally feaderated learning loss: 1.41651694371905"
"2019-08-24 16:39:25,387 - hetero_ne_guest.py[line:188] - INFO: Enter the vertically federated learning:"
"2019-08-24 16:39:25,387 - hetero_ne_guest.py[line:193] - INFO: batch:0"
"2019-08-24 16:39:27,233 - hetero_ne_guest.py[line:229] - INFO: Get host_forward from host"
"2019-08-24 16:39:27,952 - hetero_ne_guest.py[line:249] - INFO: Remote host_gradient to arbiter"
"2019-08-24 16:39:28,467 - hetero_ne_guest.py[line:265] - INFO: Remote guest_gradient to arbiter"
"2019-08-24 16:39:29,071 - hetero_ne_guest.py[line:274] - INFO: Get optim_guest_gradient from arbiter"
"2019-08-24 16:39:29,071 - hetero_ne_guest.py[line:277] - INFO: Update node embedding"
"2019-08-24 16:39:29,213 - hetero_ne_guest.py[line:296] - INFO: Remote loss to arbiter"
"2019-08-24 16:39:30,266 - hetero_ne_guest.py[line:340] - INFO: Get is_stop flag from arbiter:False"
"2019-08-24 16:39:30,266 - hetero_ne_guest.py[line:133] - INFO: iter:2"
"2019-08-24 16:39:30,266 - hetero_ne_guest.py[line:139] - INFO: Enter the horizontally federated learning procedure:"
"2019-08-24 16:39:35,245 - hetero_ne_guest.py[line:167] - INFO: Remote the embedding of common node to arbiter!"
"2019-08-24 16:39:35,447 - hetero_ne_guest.py[line:176] - INFO: Get the aggregated embedding of common node from arbiter!"
"2019-08-24 16:39:35,449 - hetero_ne_guest.py[line:181] - INFO: Iter 2, horizontally feaderated learning loss: 1.405472389046954"
"2019-08-24 16:39:35,449 - hetero_ne_guest.py[line:188] - INFO: Enter the vertically federated learning:"
"2019-08-24 16:39:35,449 - hetero_ne_guest.py[line:193] - INFO: batch:0"
"2019-08-24 16:39:37,258 - hetero_ne_guest.py[line:229] - INFO: Get host_forward from host"
"2019-08-24 16:39:37,776 - hetero_ne_guest.py[line:249] - INFO: Remote host_gradient to arbiter"
"2019-08-24 16:39:38,855 - hetero_ne_guest.py[line:265] - INFO: Remote guest_gradient to arbiter"
"2019-08-24 16:39:39,960 - hetero_ne_guest.py[line:274] - INFO: Get optim_guest_gradient from arbiter"
"2019-08-24 16:39:39,960 - hetero_ne_guest.py[line:277] - INFO: Update node embedding"
"2019-08-24 16:39:40,066 - hetero_ne_guest.py[line:296] - INFO: Remote loss to arbiter"
"2019-08-24 16:39:41,065 - hetero_ne_guest.py[line:340] - INFO: Get is_stop flag from arbiter:False"
"2019-08-24 16:39:41,065 - hetero_ne_guest.py[line:133] - INFO: iter:3"
"2019-08-24 16:39:41,065 - hetero_ne_guest.py[line:139] - INFO: Enter the horizontally federated learning procedure:"
"2019-08-24 16:39:47,104 - hetero_ne_guest.py[line:167] - INFO: Remote the embedding of common node to arbiter!"
"2019-08-24 16:39:47,306 - hetero_ne_guest.py[line:176] - INFO: Get the aggregated embedding of common node from arbiter!"
"2019-08-24 16:39:47,308 - hetero_ne_guest.py[line:181] - INFO: Iter 3, horizontally feaderated learning loss: 1.3964130052423107"
"2019-08-24 16:39:47,308 - hetero_ne_guest.py[line:188] - INFO: Enter the vertically federated learning:"
"2019-08-24 16:39:47,308 - hetero_ne_guest.py[line:193] - INFO: batch:0"
"2019-08-24 16:39:49,225 - hetero_ne_guest.py[line:229] - INFO: Get host_forward from host"
"2019-08-24 16:39:49,521 - hetero_ne_guest.py[line:249] - INFO: Remote host_gradient to arbiter"
"2019-08-24 16:39:50,351 - hetero_ne_guest.py[line:265] - INFO: Remote guest_gradient to arbiter"
"2019-08-24 16:39:50,554 - hetero_ne_guest.py[line:274] - INFO: Get optim_guest_gradient from arbiter"
"2019-08-24 16:39:50,554 - hetero_ne_guest.py[line:277] - INFO: Update node embedding"
"2019-08-24 16:39:50,710 - hetero_ne_guest.py[line:296] - INFO: Remote loss to arbiter"
"2019-08-24 16:39:54,698 - hetero_ne_guest.py[line:340] - INFO: Get is_stop flag from arbiter:False"
"2019-08-24 16:39:54,698 - hetero_ne_guest.py[line:133] - INFO: iter:4"
"2019-08-24 16:39:54,699 - hetero_ne_guest.py[line:139] - INFO: Enter the horizontally federated learning procedure:"
"2019-08-24 16:40:00,309 - hetero_ne_guest.py[line:167] - INFO: Remote the embedding of common node to arbiter!"
"2019-08-24 16:40:00,411 - hetero_ne_guest.py[line:176] - INFO: Get the aggregated embedding of common node from arbiter!"
"2019-08-24 16:40:00,413 - hetero_ne_guest.py[line:181] - INFO: Iter 4, horizontally feaderated learning loss: 1.388951516465777"
"2019-08-24 16:40:00,413 - hetero_ne_guest.py[line:188] - INFO: Enter the vertically federated learning:"
"2019-08-24 16:40:00,413 - hetero_ne_guest.py[line:193] - INFO: batch:0"
"2019-08-24 16:40:02,502 - hetero_ne_guest.py[line:229] - INFO: Get host_forward from host"
"2019-08-24 16:40:02,822 - hetero_ne_guest.py[line:249] - INFO: Remote host_gradient to arbiter"
"2019-08-24 16:40:03,661 - hetero_ne_guest.py[line:265] - INFO: Remote guest_gradient to arbiter"
"2019-08-24 16:40:03,863 - hetero_ne_guest.py[line:274] - INFO: Get optim_guest_gradient from arbiter"
"2019-08-24 16:40:03,863 - hetero_ne_guest.py[line:277] - INFO: Update node embedding"
"2019-08-24 16:40:03,975 - hetero_ne_guest.py[line:296] - INFO: Remote loss to arbiter"
"2019-08-24 16:40:06,140 - hetero_ne_guest.py[line:340] - INFO: Get is_stop flag from arbiter:False"
"2019-08-24 16:40:06,140 - hetero_ne_guest.py[line:133] - INFO: iter:5"
"2019-08-24 16:40:06,140 - hetero_ne_guest.py[line:139] - INFO: Enter the horizontally federated learning procedure:"
"2019-08-24 16:40:11,687 - hetero_ne_guest.py[line:167] - INFO: Remote the embedding of common node to arbiter!"
"2019-08-24 16:40:11,889 - hetero_ne_guest.py[line:176] - INFO: Get the aggregated embedding of common node from arbiter!"
"2019-08-24 16:40:11,891 - hetero_ne_guest.py[line:181] - INFO: Iter 5, horizontally feaderated learning loss: 1.3827869999197442"
"2019-08-24 16:40:11,891 - hetero_ne_guest.py[line:188] - INFO: Enter the vertically federated learning:"
"2019-08-24 16:40:11,891 - hetero_ne_guest.py[line:193] - INFO: batch:0"
"2019-08-24 16:40:13,752 - hetero_ne_guest.py[line:229] - INFO: Get host_forward from host"
"2019-08-24 16:40:14,120 - hetero_ne_guest.py[line:249] - INFO: Remote host_gradient to arbiter"
"2019-08-24 16:40:14,888 - hetero_ne_guest.py[line:265] - INFO: Remote guest_gradient to arbiter"
"2019-08-24 16:40:15,090 - hetero_ne_guest.py[line:274] - INFO: Get optim_guest_gradient from arbiter"
"2019-08-24 16:40:15,090 - hetero_ne_guest.py[line:277] - INFO: Update node embedding"
"2019-08-24 16:40:15,220 - hetero_ne_guest.py[line:296] - INFO: Remote loss to arbiter"
"2019-08-24 16:40:16,097 - hetero_ne_guest.py[line:340] - INFO: Get is_stop flag from arbiter:False"
"2019-08-24 16:40:16,097 - hetero_ne_guest.py[line:133] - INFO: iter:6"
"2019-08-24 16:40:16,097 - hetero_ne_guest.py[line:139] - INFO: Enter the horizontally federated learning procedure:"
"2019-08-24 16:40:23,067 - hetero_ne_guest.py[line:167] - INFO: Remote the embedding of common node to arbiter!"
"2019-08-24 16:40:23,269 - hetero_ne_guest.py[line:176] - INFO: Get the aggregated embedding of common node from arbiter!"
"2019-08-24 16:40:23,271 - hetero_ne_guest.py[line:181] - INFO: Iter 6, horizontally feaderated learning loss: 1.3776816451429073"
"2019-08-24 16:40:23,271 - hetero_ne_guest.py[line:188] - INFO: Enter the vertically federated learning:"
"2019-08-24 16:40:23,271 - hetero_ne_guest.py[line:193] - INFO: batch:0"
"2019-08-24 16:40:26,552 - hetero_ne_guest.py[line:229] - INFO: Get host_forward from host"
"2019-08-24 16:40:26,886 - hetero_ne_guest.py[line:249] - INFO: Remote host_gradient to arbiter"
"2019-08-24 16:40:27,625 - hetero_ne_guest.py[line:265] - INFO: Remote guest_gradient to arbiter"
"2019-08-24 16:40:27,932 - hetero_ne_guest.py[line:274] - INFO: Get optim_guest_gradient from arbiter"
"2019-08-24 16:40:27,932 - hetero_ne_guest.py[line:277] - INFO: Update node embedding"
"2019-08-24 16:40:28,447 - hetero_ne_guest.py[line:296] - INFO: Remote loss to arbiter"
"2019-08-24 16:40:29,516 - hetero_ne_guest.py[line:340] - INFO: Get is_stop flag from arbiter:False"
"2019-08-24 16:40:29,516 - hetero_ne_guest.py[line:133] - INFO: iter:7"
"2019-08-24 16:40:29,516 - hetero_ne_guest.py[line:139] - INFO: Enter the horizontally federated learning procedure:"
"2019-08-24 16:40:35,933 - hetero_ne_guest.py[line:167] - INFO: Remote the embedding of common node to arbiter!"
"2019-08-24 16:40:36,437 - hetero_ne_guest.py[line:176] - INFO: Get the aggregated embedding of common node from arbiter!"
"2019-08-24 16:40:36,439 - hetero_ne_guest.py[line:181] - INFO: Iter 7, horizontally feaderated learning loss: 1.373444879681361"
"2019-08-24 16:40:36,439 - hetero_ne_guest.py[line:188] - INFO: Enter the vertically federated learning:"
"2019-08-24 16:40:36,439 - hetero_ne_guest.py[line:193] - INFO: batch:0"
"2019-08-24 16:40:38,274 - hetero_ne_guest.py[line:229] - INFO: Get host_forward from host"
"2019-08-24 16:40:38,951 - hetero_ne_guest.py[line:249] - INFO: Remote host_gradient to arbiter"
"2019-08-24 16:40:39,351 - hetero_ne_guest.py[line:265] - INFO: Remote guest_gradient to arbiter"
"2019-08-24 16:40:39,653 - hetero_ne_guest.py[line:274] - INFO: Get optim_guest_gradient from arbiter"
"2019-08-24 16:40:39,653 - hetero_ne_guest.py[line:277] - INFO: Update node embedding"
"2019-08-24 16:40:39,808 - hetero_ne_guest.py[line:296] - INFO: Remote loss to arbiter"
"2019-08-24 16:40:40,802 - hetero_ne_guest.py[line:340] - INFO: Get is_stop flag from arbiter:False"
"2019-08-24 16:40:40,802 - hetero_ne_guest.py[line:133] - INFO: iter:8"
"2019-08-24 16:40:40,802 - hetero_ne_guest.py[line:139] - INFO: Enter the horizontally federated learning procedure:"
"2019-08-24 16:40:47,587 - hetero_ne_guest.py[line:167] - INFO: Remote the embedding of common node to arbiter!"
"2019-08-24 16:40:47,789 - hetero_ne_guest.py[line:176] - INFO: Get the aggregated embedding of common node from arbiter!"
"2019-08-24 16:40:47,791 - hetero_ne_guest.py[line:181] - INFO: Iter 8, horizontally feaderated learning loss: 1.3699222383426664"
"2019-08-24 16:40:47,791 - hetero_ne_guest.py[line:188] - INFO: Enter the vertically federated learning:"
"2019-08-24 16:40:47,791 - hetero_ne_guest.py[line:193] - INFO: batch:0"
"2019-08-24 16:40:49,922 - hetero_ne_guest.py[line:229] - INFO: Get host_forward from host"
"2019-08-24 16:40:50,650 - hetero_ne_guest.py[line:249] - INFO: Remote host_gradient to arbiter"
"2019-08-24 16:40:51,058 - hetero_ne_guest.py[line:265] - INFO: Remote guest_gradient to arbiter"
"2019-08-24 16:40:51,360 - hetero_ne_guest.py[line:274] - INFO: Get optim_guest_gradient from arbiter"
"2019-08-24 16:40:51,360 - hetero_ne_guest.py[line:277] - INFO: Update node embedding"
"2019-08-24 16:40:51,729 - hetero_ne_guest.py[line:296] - INFO: Remote loss to arbiter"
"2019-08-24 16:40:52,669 - hetero_ne_guest.py[line:340] - INFO: Get is_stop flag from arbiter:False"
"2019-08-24 16:40:52,669 - hetero_ne_guest.py[line:133] - INFO: iter:9"
"2019-08-24 16:40:52,670 - hetero_ne_guest.py[line:139] - INFO: Enter the horizontally federated learning procedure:"
"2019-08-24 16:41:00,107 - hetero_ne_guest.py[line:167] - INFO: Remote the embedding of common node to arbiter!"
"2019-08-24 16:41:00,310 - hetero_ne_guest.py[line:176] - INFO: Get the aggregated embedding of common node from arbiter!"
"2019-08-24 16:41:00,311 - hetero_ne_guest.py[line:181] - INFO: Iter 9, horizontally feaderated learning loss: 1.3669873716849819"
"2019-08-24 16:41:00,312 - hetero_ne_guest.py[line:188] - INFO: Enter the vertically federated learning:"
"2019-08-24 16:41:00,312 - hetero_ne_guest.py[line:193] - INFO: batch:0"
"2019-08-24 16:41:02,133 - hetero_ne_guest.py[line:229] - INFO: Get host_forward from host"
"2019-08-24 16:41:03,257 - hetero_ne_guest.py[line:249] - INFO: Remote host_gradient to arbiter"
"2019-08-24 16:41:04,046 - hetero_ne_guest.py[line:265] - INFO: Remote guest_gradient to arbiter"
"2019-08-24 16:41:04,248 - hetero_ne_guest.py[line:274] - INFO: Get optim_guest_gradient from arbiter"
"2019-08-24 16:41:04,248 - hetero_ne_guest.py[line:277] - INFO: Update node embedding"
"2019-08-24 16:41:04,395 - hetero_ne_guest.py[line:296] - INFO: Remote loss to arbiter"
"2019-08-24 16:41:05,267 - hetero_ne_guest.py[line:340] - INFO: Get is_stop flag from arbiter:False"
"2019-08-24 16:41:05,268 - hetero_ne_guest.py[line:133] - INFO: iter:10"
"2019-08-24 16:41:05,268 - hetero_ne_guest.py[line:139] - INFO: Enter the horizontally federated learning procedure:"
"2019-08-24 16:41:11,152 - hetero_ne_guest.py[line:167] - INFO: Remote the embedding of common node to arbiter!"
"2019-08-24 16:41:11,354 - hetero_ne_guest.py[line:176] - INFO: Get the aggregated embedding of common node from arbiter!"
"2019-08-24 16:41:11,356 - hetero_ne_guest.py[line:181] - INFO: Iter 10, horizontally feaderated learning loss: 1.3645361823446045"
"2019-08-24 16:41:11,356 - hetero_ne_guest.py[line:188] - INFO: Enter the vertically federated learning:"
"2019-08-24 16:41:11,356 - hetero_ne_guest.py[line:193] - INFO: batch:0"
"2019-08-24 16:41:13,489 - hetero_ne_guest.py[line:229] - INFO: Get host_forward from host"
"2019-08-24 16:41:13,921 - hetero_ne_guest.py[line:249] - INFO: Remote host_gradient to arbiter"
"2019-08-24 16:41:15,257 - hetero_ne_guest.py[line:265] - INFO: Remote guest_gradient to arbiter"
"2019-08-24 16:41:15,559 - hetero_ne_guest.py[line:274] - INFO: Get optim_guest_gradient from arbiter"
"2019-08-24 16:41:15,560 - hetero_ne_guest.py[line:277] - INFO: Update node embedding"
"2019-08-24 16:41:15,672 - hetero_ne_guest.py[line:296] - INFO: Remote loss to arbiter"
"2019-08-24 16:41:16,650 - hetero_ne_guest.py[line:340] - INFO: Get is_stop flag from arbiter:False"
"2019-08-24 16:41:16,650 - hetero_ne_guest.py[line:133] - INFO: iter:11"
"2019-08-24 16:41:16,650 - hetero_ne_guest.py[line:139] - INFO: Enter the horizontally federated learning procedure:"
"2019-08-24 16:41:23,028 - hetero_ne_guest.py[line:167] - INFO: Remote the embedding of common node to arbiter!"
"2019-08-24 16:41:23,230 - hetero_ne_guest.py[line:176] - INFO: Get the aggregated embedding of common node from arbiter!"
"2019-08-24 16:41:23,232 - hetero_ne_guest.py[line:181] - INFO: Iter 11, horizontally feaderated learning loss: 1.3624824348687936"
"2019-08-24 16:41:23,232 - hetero_ne_guest.py[line:188] - INFO: Enter the vertically federated learning:"
"2019-08-24 16:41:23,232 - hetero_ne_guest.py[line:193] - INFO: batch:0"
"2019-08-24 16:41:25,032 - hetero_ne_guest.py[line:229] - INFO: Get host_forward from host"
"2019-08-24 16:41:25,397 - hetero_ne_guest.py[line:249] - INFO: Remote host_gradient to arbiter"
"2019-08-24 16:41:26,662 - hetero_ne_guest.py[line:265] - INFO: Remote guest_gradient to arbiter"
"2019-08-24 16:41:26,864 - hetero_ne_guest.py[line:274] - INFO: Get optim_guest_gradient from arbiter"
"2019-08-24 16:41:26,864 - hetero_ne_guest.py[line:277] - INFO: Update node embedding"
"2019-08-24 16:41:27,327 - hetero_ne_guest.py[line:296] - INFO: Remote loss to arbiter"
"2019-08-24 16:41:28,106 - hetero_ne_guest.py[line:340] - INFO: Get is_stop flag from arbiter:False"
"2019-08-24 16:41:28,106 - hetero_ne_guest.py[line:133] - INFO: iter:12"
"2019-08-24 16:41:28,106 - hetero_ne_guest.py[line:139] - INFO: Enter the horizontally federated learning procedure:"
"2019-08-24 16:41:35,137 - hetero_ne_guest.py[line:167] - INFO: Remote the embedding of common node to arbiter!"
"2019-08-24 16:41:35,339 - hetero_ne_guest.py[line:176] - INFO: Get the aggregated embedding of common node from arbiter!"
"2019-08-24 16:41:35,341 - hetero_ne_guest.py[line:181] - INFO: Iter 12, horizontally feaderated learning loss: 1.3607544061403487"
"2019-08-24 16:41:35,341 - hetero_ne_guest.py[line:188] - INFO: Enter the vertically federated learning:"
"2019-08-24 16:41:35,341 - hetero_ne_guest.py[line:193] - INFO: batch:0"
"2019-08-24 16:41:37,279 - hetero_ne_guest.py[line:229] - INFO: Get host_forward from host"
"2019-08-24 16:41:37,629 - hetero_ne_guest.py[line:249] - INFO: Remote host_gradient to arbiter"
"2019-08-24 16:41:38,349 - hetero_ne_guest.py[line:265] - INFO: Remote guest_gradient to arbiter"
"2019-08-24 16:41:38,651 - hetero_ne_guest.py[line:274] - INFO: Get optim_guest_gradient from arbiter"
"2019-08-24 16:41:38,651 - hetero_ne_guest.py[line:277] - INFO: Update node embedding"
"2019-08-24 16:41:38,795 - hetero_ne_guest.py[line:296] - INFO: Remote loss to arbiter"
"2019-08-24 16:41:40,921 - hetero_ne_guest.py[line:340] - INFO: Get is_stop flag from arbiter:False"
"2019-08-24 16:41:40,921 - hetero_ne_guest.py[line:133] - INFO: iter:13"
"2019-08-24 16:41:40,921 - hetero_ne_guest.py[line:139] - INFO: Enter the horizontally federated learning procedure:"
"2019-08-24 16:41:46,516 - hetero_ne_guest.py[line:167] - INFO: Remote the embedding of common node to arbiter!"
"2019-08-24 16:41:46,718 - hetero_ne_guest.py[line:176] - INFO: Get the aggregated embedding of common node from arbiter!"
"2019-08-24 16:41:46,720 - hetero_ne_guest.py[line:181] - INFO: Iter 13, horizontally feaderated learning loss: 1.359292284337591"
"2019-08-24 16:41:46,720 - hetero_ne_guest.py[line:188] - INFO: Enter the vertically federated learning:"
"2019-08-24 16:41:46,720 - hetero_ne_guest.py[line:193] - INFO: batch:0"
"2019-08-24 16:41:48,720 - hetero_ne_guest.py[line:229] - INFO: Get host_forward from host"
"2019-08-24 16:41:49,033 - hetero_ne_guest.py[line:249] - INFO: Remote host_gradient to arbiter"
"2019-08-24 16:41:49,780 - hetero_ne_guest.py[line:265] - INFO: Remote guest_gradient to arbiter"
"2019-08-24 16:41:49,982 - hetero_ne_guest.py[line:274] - INFO: Get optim_guest_gradient from arbiter"
"2019-08-24 16:41:49,982 - hetero_ne_guest.py[line:277] - INFO: Update node embedding"
"2019-08-24 16:41:50,071 - hetero_ne_guest.py[line:296] - INFO: Remote loss to arbiter"
"2019-08-24 16:41:52,400 - hetero_ne_guest.py[line:340] - INFO: Get is_stop flag from arbiter:False"
"2019-08-24 16:41:52,400 - hetero_ne_guest.py[line:133] - INFO: iter:14"
"2019-08-24 16:41:52,400 - hetero_ne_guest.py[line:139] - INFO: Enter the horizontally federated learning procedure:"
"2019-08-24 16:41:57,039 - hetero_ne_guest.py[line:167] - INFO: Remote the embedding of common node to arbiter!"
"2019-08-24 16:41:57,240 - hetero_ne_guest.py[line:176] - INFO: Get the aggregated embedding of common node from arbiter!"
"2019-08-24 16:41:57,242 - hetero_ne_guest.py[line:181] - INFO: Iter 14, horizontally feaderated learning loss: 1.3580461159859678"
"2019-08-24 16:41:57,242 - hetero_ne_guest.py[line:188] - INFO: Enter the vertically federated learning:"
"2019-08-24 16:41:57,242 - hetero_ne_guest.py[line:193] - INFO: batch:0"
"2019-08-24 16:41:59,339 - hetero_ne_guest.py[line:229] - INFO: Get host_forward from host"
"2019-08-24 16:42:00,135 - hetero_ne_guest.py[line:249] - INFO: Remote host_gradient to arbiter"
"2019-08-24 16:42:00,517 - hetero_ne_guest.py[line:265] - INFO: Remote guest_gradient to arbiter"
"2019-08-24 16:42:00,719 - hetero_ne_guest.py[line:274] - INFO: Get optim_guest_gradient from arbiter"
"2019-08-24 16:42:00,719 - hetero_ne_guest.py[line:277] - INFO: Update node embedding"
"2019-08-24 16:42:01,139 - hetero_ne_guest.py[line:296] - INFO: Remote loss to arbiter"
"2019-08-24 16:42:02,020 - hetero_ne_guest.py[line:340] - INFO: Get is_stop flag from arbiter:False"
"2019-08-24 16:42:02,020 - hetero_ne_guest.py[line:133] - INFO: iter:15"
"2019-08-24 16:42:02,020 - hetero_ne_guest.py[line:139] - INFO: Enter the horizontally federated learning procedure:"
"2019-08-24 16:42:10,138 - hetero_ne_guest.py[line:167] - INFO: Remote the embedding of common node to arbiter!"
"2019-08-24 16:42:10,340 - hetero_ne_guest.py[line:176] - INFO: Get the aggregated embedding of common node from arbiter!"
"2019-08-24 16:42:10,342 - hetero_ne_guest.py[line:181] - INFO: Iter 15, horizontally feaderated learning loss: 1.3569741613872623"
"2019-08-24 16:42:10,342 - hetero_ne_guest.py[line:188] - INFO: Enter the vertically federated learning:"
"2019-08-24 16:42:10,343 - hetero_ne_guest.py[line:193] - INFO: batch:0"
"2019-08-24 16:42:12,632 - hetero_ne_guest.py[line:229] - INFO: Get host_forward from host"
"2019-08-24 16:42:13,061 - hetero_ne_guest.py[line:249] - INFO: Remote host_gradient to arbiter"
"2019-08-24 16:42:13,766 - hetero_ne_guest.py[line:265] - INFO: Remote guest_gradient to arbiter"
"2019-08-24 16:42:13,968 - hetero_ne_guest.py[line:274] - INFO: Get optim_guest_gradient from arbiter"
"2019-08-24 16:42:13,968 - hetero_ne_guest.py[line:277] - INFO: Update node embedding"
"2019-08-24 16:42:14,448 - hetero_ne_guest.py[line:296] - INFO: Remote loss to arbiter"
"2019-08-24 16:42:15,310 - hetero_ne_guest.py[line:340] - INFO: Get is_stop flag from arbiter:False"
"2019-08-24 16:42:15,310 - hetero_ne_guest.py[line:133] - INFO: iter:16"
"2019-08-24 16:42:15,311 - hetero_ne_guest.py[line:139] - INFO: Enter the horizontally federated learning procedure:"
"2019-08-24 16:42:21,380 - hetero_ne_guest.py[line:167] - INFO: Remote the embedding of common node to arbiter!"
"2019-08-24 16:42:21,582 - hetero_ne_guest.py[line:176] - INFO: Get the aggregated embedding of common node from arbiter!"
"2019-08-24 16:42:21,584 - hetero_ne_guest.py[line:181] - INFO: Iter 16, horizontally feaderated learning loss: 1.3560415596298863"
"2019-08-24 16:42:21,584 - hetero_ne_guest.py[line:188] - INFO: Enter the vertically federated learning:"
"2019-08-24 16:42:21,584 - hetero_ne_guest.py[line:193] - INFO: batch:0"
"2019-08-24 16:42:23,598 - hetero_ne_guest.py[line:229] - INFO: Get host_forward from host"
"2019-08-24 16:42:24,548 - hetero_ne_guest.py[line:249] - INFO: Remote host_gradient to arbiter"
"2019-08-24 16:42:25,386 - hetero_ne_guest.py[line:265] - INFO: Remote guest_gradient to arbiter"
"2019-08-24 16:42:25,589 - hetero_ne_guest.py[line:274] - INFO: Get optim_guest_gradient from arbiter"
"2019-08-24 16:42:25,589 - hetero_ne_guest.py[line:277] - INFO: Update node embedding"
"2019-08-24 16:42:25,716 - hetero_ne_guest.py[line:296] - INFO: Remote loss to arbiter"
"2019-08-24 16:42:27,084 - hetero_ne_guest.py[line:340] - INFO: Get is_stop flag from arbiter:False"
"2019-08-24 16:42:27,084 - hetero_ne_guest.py[line:133] - INFO: iter:17"
"2019-08-24 16:42:27,084 - hetero_ne_guest.py[line:139] - INFO: Enter the horizontally federated learning procedure:"
"2019-08-24 16:42:32,695 - hetero_ne_guest.py[line:167] - INFO: Remote the embedding of common node to arbiter!"
"2019-08-24 16:42:32,897 - hetero_ne_guest.py[line:176] - INFO: Get the aggregated embedding of common node from arbiter!"
"2019-08-24 16:42:32,899 - hetero_ne_guest.py[line:181] - INFO: Iter 17, horizontally feaderated learning loss: 1.3552192323362553"
"2019-08-24 16:42:32,899 - hetero_ne_guest.py[line:188] - INFO: Enter the vertically federated learning:"
"2019-08-24 16:42:32,899 - hetero_ne_guest.py[line:193] - INFO: batch:0"
"2019-08-24 16:42:35,042 - hetero_ne_guest.py[line:229] - INFO: Get host_forward from host"
"2019-08-24 16:42:35,968 - hetero_ne_guest.py[line:249] - INFO: Remote host_gradient to arbiter"
"2019-08-24 16:42:36,772 - hetero_ne_guest.py[line:265] - INFO: Remote guest_gradient to arbiter"
"2019-08-24 16:42:36,974 - hetero_ne_guest.py[line:274] - INFO: Get optim_guest_gradient from arbiter"
"2019-08-24 16:42:36,974 - hetero_ne_guest.py[line:277] - INFO: Update node embedding"
"2019-08-24 16:42:37,128 - hetero_ne_guest.py[line:296] - INFO: Remote loss to arbiter"
"2019-08-24 16:42:38,187 - hetero_ne_guest.py[line:340] - INFO: Get is_stop flag from arbiter:False"
"2019-08-24 16:42:38,187 - hetero_ne_guest.py[line:133] - INFO: iter:18"
"2019-08-24 16:42:38,188 - hetero_ne_guest.py[line:139] - INFO: Enter the horizontally federated learning procedure:"
"2019-08-24 16:42:45,429 - hetero_ne_guest.py[line:167] - INFO: Remote the embedding of common node to arbiter!"
"2019-08-24 16:42:45,531 - hetero_ne_guest.py[line:176] - INFO: Get the aggregated embedding of common node from arbiter!"
"2019-08-24 16:42:45,533 - hetero_ne_guest.py[line:181] - INFO: Iter 18, horizontally feaderated learning loss: 1.3544829746262395"
"2019-08-24 16:42:45,533 - hetero_ne_guest.py[line:188] - INFO: Enter the vertically federated learning:"
"2019-08-24 16:42:45,533 - hetero_ne_guest.py[line:193] - INFO: batch:0"
"2019-08-24 16:42:47,497 - hetero_ne_guest.py[line:229] - INFO: Get host_forward from host"
"2019-08-24 16:42:47,826 - hetero_ne_guest.py[line:249] - INFO: Remote host_gradient to arbiter"
"2019-08-24 16:42:49,492 - hetero_ne_guest.py[line:265] - INFO: Remote guest_gradient to arbiter"
"2019-08-24 16:42:49,695 - hetero_ne_guest.py[line:274] - INFO: Get optim_guest_gradient from arbiter"
"2019-08-24 16:42:49,695 - hetero_ne_guest.py[line:277] - INFO: Update node embedding"
"2019-08-24 16:42:50,226 - hetero_ne_guest.py[line:296] - INFO: Remote loss to arbiter"
"2019-08-24 16:42:51,132 - hetero_ne_guest.py[line:340] - INFO: Get is_stop flag from arbiter:False"
"2019-08-24 16:42:51,132 - hetero_ne_guest.py[line:133] - INFO: iter:19"
"2019-08-24 16:42:51,132 - hetero_ne_guest.py[line:139] - INFO: Enter the horizontally federated learning procedure:"
"2019-08-24 16:42:57,220 - hetero_ne_guest.py[line:167] - INFO: Remote the embedding of common node to arbiter!"
"2019-08-24 16:42:57,421 - hetero_ne_guest.py[line:176] - INFO: Get the aggregated embedding of common node from arbiter!"
"2019-08-24 16:42:57,423 - hetero_ne_guest.py[line:181] - INFO: Iter 19, horizontally feaderated learning loss: 1.3538126952726315"
"2019-08-24 16:42:57,423 - hetero_ne_guest.py[line:188] - INFO: Enter the vertically federated learning:"
"2019-08-24 16:42:57,424 - hetero_ne_guest.py[line:193] - INFO: batch:0"
"2019-08-24 16:42:59,205 - hetero_ne_guest.py[line:229] - INFO: Get host_forward from host"
"2019-08-24 16:42:59,881 - hetero_ne_guest.py[line:249] - INFO: Remote host_gradient to arbiter"
"2019-08-24 16:43:01,386 - hetero_ne_guest.py[line:265] - INFO: Remote guest_gradient to arbiter"
"2019-08-24 16:43:01,890 - hetero_ne_guest.py[line:274] - INFO: Get optim_guest_gradient from arbiter"
"2019-08-24 16:43:01,890 - hetero_ne_guest.py[line:277] - INFO: Update node embedding"
"2019-08-24 16:43:01,970 - hetero_ne_guest.py[line:296] - INFO: Remote loss to arbiter"
"2019-08-24 16:43:02,852 - hetero_ne_guest.py[line:340] - INFO: Get is_stop flag from arbiter:False"
"2019-08-24 16:43:05,179 - hetero_ne_guest.py[line:352] - INFO: Reach max iter 20, train model finish!"
