"2019-08-24 16:39:04,531 - workflow.py[line:863] - DEBUG: The job id is hetero_network_embedding_example_standalone_20190824163859"
"2019-08-24 16:39:04,533 - workflow.py[line:865] - DEBUG: Finish eggroll and federation init"
"2019-08-24 16:39:04,533 - workflow.py[line:819] - DEBUG: finish init pipeline"
"2019-08-24 16:39:04,533 - workflow.py[line:912] - INFO: 42 samples in guest"
"2019-08-24 16:39:04,536 - workflow.py[line:863] - DEBUG: The job id is hetero_network_embedding_example_standalone_20190824163859"
"2019-08-24 16:39:04,536 - workflow.py[line:210] - DEBUG: Enter guest network embedding function"
"2019-08-24 16:39:04,536 - workflow.py[line:211] - DEBUG: Start intersection before network embedding"
"2019-08-24 16:39:04,536 - workflow.py[line:316] - INFO: need_intersect: true!"
"2019-08-24 16:39:04,537 - workflow.py[line:320] - INFO: Start intersection!"
"2019-08-24 16:39:04,538 - workflow.py[line:865] - DEBUG: Finish eggroll and federation init"
"2019-08-24 16:39:04,538 - workflow.py[line:819] - DEBUG: finish init pipeline"
"2019-08-24 16:39:04,538 - workflow.py[line:214] - INFO: arbiter"
"2019-08-24 16:39:04,538 - workflow.py[line:215] - INFO: max iter: 20"
"2019-08-24 16:39:04,548 - workflow.py[line:863] - DEBUG: The job id is hetero_network_embedding_example_standalone_20190824163859"
"2019-08-24 16:39:04,549 - workflow.py[line:865] - DEBUG: Finish eggroll and federation init"
"2019-08-24 16:39:04,550 - workflow.py[line:819] - DEBUG: finish init pipeline"
"2019-08-24 16:39:04,550 - workflow.py[line:912] - INFO: 42 samples in host"
"2019-08-24 16:39:04,552 - workflow.py[line:210] - DEBUG: Enter host network embedding function"
"2019-08-24 16:39:04,552 - workflow.py[line:211] - DEBUG: Start intersection before network embedding"
"2019-08-24 16:39:04,552 - workflow.py[line:316] - INFO: need_intersect: true!"
"2019-08-24 16:39:04,553 - workflow.py[line:320] - INFO: Start intersection!"
"2019-08-24 16:39:05,406 - workflow.py[line:331] - INFO: finish intersection!"
"2019-08-24 16:39:05,406 - workflow.py[line:214] - INFO: guest"
"2019-08-24 16:39:05,406 - workflow.py[line:215] - INFO: max iter: 20"
"2019-08-24 16:39:05,423 - workflow.py[line:331] - INFO: finish intersection!"
"2019-08-24 16:39:05,423 - workflow.py[line:214] - INFO: host"
"2019-08-24 16:39:05,423 - workflow.py[line:215] - INFO: max iter: 20"
"2019-08-24 16:43:02,827 - workflow.py[line:922] - DEBUG: arbiter"
"2019-08-24 16:43:02,827 - workflow.py[line:923] - INFO: Network_embedding_finish"
"2019-08-24 16:43:05,120 - workflow.py[line:922] - DEBUG: host"
"2019-08-24 16:43:05,120 - workflow.py[line:923] - INFO: Network_embedding_finish"
"2019-08-24 16:43:05,180 - workflow.py[line:922] - DEBUG: guest"
"2019-08-24 16:43:05,180 - workflow.py[line:923] - INFO: Network_embedding_finish"
