"2019-08-24 09:46:21,576 - federation.py[line:124] - DEBUG: [REMOTE] Sent hetero_network_embedding_example_standalone_20190824094616-HeteroNETransferVariable.paillier_pubkey-HeteroNETransferVariable.paillier_pubkey.0-arbiter-10000-host-9999"
"2019-08-24 09:46:21,837 - federation.py[line:124] - DEBUG: [REMOTE] Sent hetero_network_embedding_example_standalone_20190824094616-HeteroNETransferVariable.paillier_pubkey-HeteroNETransferVariable.paillier_pubkey.0-arbiter-10000-guest-10000"
"2019-08-24 09:46:21,837 - federation.py[line:145] - DEBUG: [GET] arbiter 10000 getting remote object HeteroNETransferVariable.batch_info.0 from guest [10000]"
"2019-08-24 09:46:21,851 - federation.py[line:124] - DEBUG: [REMOTE] Sent hetero_network_embedding_example_standalone_20190824094616-RawIntersectTransferVariable.send_ids_host-RawIntersectTransferVariable.send_ids_host.embedding0-host-9999-guest-10000"
"2019-08-24 09:46:21,851 - federation.py[line:145] - DEBUG: [GET] host 9999 getting remote object RawIntersectTransferVariable.intersect_ids_guest.embedding0 from guest [10000]"
"2019-08-24 09:46:21,906 - federation.py[line:145] - DEBUG: [GET] guest 10000 getting remote object RawIntersectTransferVariable.send_ids_host.embedding0 from host [9999]"
"2019-08-24 09:46:21,907 - federation.py[line:46] - DEBUG: [GET] Got hetero_network_embedding_example_standalone_20190824094616-RawIntersectTransferVariable.send_ids_host-RawIntersectTransferVariable.send_ids_host.embedding0-host-9999-guest-10000 type Table"
"2019-08-24 09:46:22,040 - federation.py[line:124] - DEBUG: [REMOTE] Sent hetero_network_embedding_example_standalone_20190824094616-RawIntersectTransferVariable.intersect_ids_guest-RawIntersectTransferVariable.intersect_ids_guest.embedding0-guest-10000-host-9999"
"2019-08-24 09:46:22,053 - federation.py[line:46] - DEBUG: [GET] Got hetero_network_embedding_example_standalone_20190824094616-RawIntersectTransferVariable.intersect_ids_guest-RawIntersectTransferVariable.intersect_ids_guest.embedding0-guest-10000-host-9999 type Table"
"2019-08-24 09:46:23,138 - federation.py[line:145] - DEBUG: [GET] host 9999 getting remote object HeteroNETransferVariable.paillier_pubkey.0 from arbiter [10000]"
"2019-08-24 09:46:23,139 - federation.py[line:46] - DEBUG: [GET] Got hetero_network_embedding_example_standalone_20190824094616-HeteroNETransferVariable.paillier_pubkey-HeteroNETransferVariable.paillier_pubkey.0-arbiter-10000-host-9999 type Object"
"2019-08-24 09:46:23,426 - federation.py[line:145] - DEBUG: [GET] guest 10000 getting remote object HeteroNETransferVariable.paillier_pubkey.0 from arbiter [10000]"
"2019-08-24 09:46:23,427 - federation.py[line:46] - DEBUG: [GET] Got hetero_network_embedding_example_standalone_20190824094616-HeteroNETransferVariable.paillier_pubkey-HeteroNETransferVariable.paillier_pubkey.0-arbiter-10000-guest-10000 type Object"
"2019-08-24 09:46:41,731 - federation.py[line:145] - DEBUG: [GET] host 9999 getting remote object HeteroNETransferVariable.batch_info.0 from guest [10000]"
"2019-08-24 09:46:43,096 - federation.py[line:124] - DEBUG: [REMOTE] Sent hetero_network_embedding_example_standalone_20190824094616-HeteroNETransferVariable.batch_info-HeteroNETransferVariable.batch_info.0-guest-10000-host-9999"
"2019-08-24 09:46:43,132 - federation.py[line:124] - DEBUG: [REMOTE] Sent hetero_network_embedding_example_standalone_20190824094616-HeteroNETransferVariable.batch_info-HeteroNETransferVariable.batch_info.0-guest-10000-arbiter-10000"
"2019-08-24 09:46:43,138 - federation.py[line:46] - DEBUG: [GET] Got hetero_network_embedding_example_standalone_20190824094616-HeteroNETransferVariable.batch_info-HeteroNETransferVariable.batch_info.0-guest-10000-host-9999 type Object"
"2019-08-24 09:46:43,223 - federation.py[line:46] - DEBUG: [GET] Got hetero_network_embedding_example_standalone_20190824094616-HeteroNETransferVariable.batch_info-HeteroNETransferVariable.batch_info.0-guest-10000-arbiter-10000 type Object"
"2019-08-24 09:46:43,224 - federation.py[line:145] - DEBUG: [GET] arbiter 10000 getting remote object HeteroNETransferVariable.host_common_embedding.0.0 from host [9999]"
"2019-08-24 09:48:54,342 - federation.py[line:124] - DEBUG: [REMOTE] Sent hetero_network_embedding_example_standalone_20190824094616-HeteroNETransferVariable.host_common_embedding-HeteroNETransferVariable.host_common_embedding.0.0-host-9999-arbiter-10000"
"2019-08-24 09:48:54,343 - federation.py[line:145] - DEBUG: [GET] host 9999 getting remote object HeteroNETransferVariable.common_embedding.0.0 from arbiter [10000]"
"2019-08-24 09:48:54,372 - federation.py[line:46] - DEBUG: [GET] Got hetero_network_embedding_example_standalone_20190824094616-HeteroNETransferVariable.host_common_embedding-HeteroNETransferVariable.host_common_embedding.0.0-host-9999-arbiter-10000 type Table"
"2019-08-24 09:48:54,375 - federation.py[line:145] - DEBUG: [GET] arbiter 10000 getting remote object HeteroNETransferVariable.guest_common_embedding.0.0 from guest [10000]"
"2019-08-24 09:48:54,523 - federation.py[line:124] - DEBUG: [REMOTE] Sent hetero_network_embedding_example_standalone_20190824094616-HeteroNETransferVariable.guest_common_embedding-HeteroNETransferVariable.guest_common_embedding.0.0-guest-10000-arbiter-10000"
"2019-08-24 09:48:54,523 - federation.py[line:145] - DEBUG: [GET] guest 10000 getting remote object HeteroNETransferVariable.common_embedding.0.0 from arbiter [10000]"
"2019-08-24 09:48:54,576 - federation.py[line:46] - DEBUG: [GET] Got hetero_network_embedding_example_standalone_20190824094616-HeteroNETransferVariable.guest_common_embedding-HeteroNETransferVariable.guest_common_embedding.0.0-guest-10000-arbiter-10000 type Table"
"2019-08-24 09:48:54,662 - federation.py[line:124] - DEBUG: [REMOTE] Sent hetero_network_embedding_example_standalone_20190824094616-HeteroNETransferVariable.common_embedding-HeteroNETransferVariable.common_embedding.0.0-arbiter-10000-host-9999"
"2019-08-24 09:48:54,680 - federation.py[line:124] - DEBUG: [REMOTE] Sent hetero_network_embedding_example_standalone_20190824094616-HeteroNETransferVariable.common_embedding-HeteroNETransferVariable.common_embedding.0.0-arbiter-10000-guest-10000"
"2019-08-24 09:48:54,680 - federation.py[line:145] - DEBUG: [GET] arbiter 10000 getting remote object HeteroNETransferVariable.host_gradient.0.0.0 from guest [10000]"
"2019-08-24 09:48:54,725 - federation.py[line:46] - DEBUG: [GET] Got hetero_network_embedding_example_standalone_20190824094616-HeteroNETransferVariable.common_embedding-HeteroNETransferVariable.common_embedding.0.0-arbiter-10000-guest-10000 type Table"
"2019-08-24 09:48:54,745 - federation.py[line:46] - DEBUG: [GET] Got hetero_network_embedding_example_standalone_20190824094616-HeteroNETransferVariable.common_embedding-HeteroNETransferVariable.common_embedding.0.0-arbiter-10000-host-9999 type Table"
