"2019-08-24 09:46:22,707 - hetero_ne_host.py[line:47] - INFO: Enter hetero_ne host"
"2019-08-24 09:46:22,707 - hetero_ne_host.py[line:49] - INFO: Host party has 2319 nodes"
"2019-08-24 09:46:23,134 - hetero_ne_host.py[line:52] - INFO: Transform input data to train instance"
"2019-08-24 09:46:23,139 - hetero_ne_host.py[line:59] - INFO: Get Publick key from arbiter:<PaillierPublicKey 143be15a9c>"
"2019-08-24 09:46:23,139 - hetero_ne_host.py[line:64] - INFO: Generate mini-batch for local instances in guest"
"2019-08-24 09:46:43,140 - hetero_ne_host.py[line:72] - INFO: Get batch_info from guest: {'batch_size': 1024, 'batch_num': 5}"
"2019-08-24 09:46:43,140 - hetero_ne_host.py[line:86] - INFO: Start initilize model."
"2019-08-24 09:46:43,140 - hetero_ne_host.py[line:93] - INFO: iter: 0"
"2019-08-24 09:46:43,140 - hetero_ne_host.py[line:99] - INFO: Horizontally learning"
"2019-08-24 09:46:43,145 - hetero_ne_host.py[line:102] - INFO: Local batch data count:1024"
"2019-08-24 09:46:48,844 - hetero_ne_host.py[line:115] - INFO: gradient count:1024"
"2019-08-24 09:46:48,850 - hetero_ne_host.py[line:102] - INFO: Local batch data count:1024"
"2019-08-24 09:46:56,134 - hetero_ne_host.py[line:115] - INFO: gradient count:1024"
"2019-08-24 09:46:56,139 - hetero_ne_host.py[line:102] - INFO: Local batch data count:1024"
"2019-08-24 09:47:03,683 - hetero_ne_host.py[line:115] - INFO: gradient count:1024"
"2019-08-24 09:47:03,689 - hetero_ne_host.py[line:102] - INFO: Local batch data count:1024"
"2019-08-24 09:47:10,487 - hetero_ne_host.py[line:115] - INFO: gradient count:1024"
"2019-08-24 09:47:10,491 - hetero_ne_host.py[line:102] - INFO: Local batch data count:1024"
"2019-08-24 09:47:15,899 - hetero_ne_host.py[line:115] - INFO: gradient count:1024"
"2019-08-24 09:47:15,903 - hetero_ne_host.py[line:102] - INFO: Local batch data count:1024"
"2019-08-24 09:47:22,211 - hetero_ne_host.py[line:115] - INFO: gradient count:1024"
"2019-08-24 09:47:22,216 - hetero_ne_host.py[line:102] - INFO: Local batch data count:1024"
"2019-08-24 09:47:27,557 - hetero_ne_host.py[line:115] - INFO: gradient count:1024"
"2019-08-24 09:47:27,562 - hetero_ne_host.py[line:102] - INFO: Local batch data count:1024"
"2019-08-24 09:47:33,206 - hetero_ne_host.py[line:115] - INFO: gradient count:1024"
"2019-08-24 09:47:33,210 - hetero_ne_host.py[line:102] - INFO: Local batch data count:1024"
"2019-08-24 09:47:39,541 - hetero_ne_host.py[line:115] - INFO: gradient count:1024"
"2019-08-24 09:47:39,545 - hetero_ne_host.py[line:102] - INFO: Local batch data count:1024"
"2019-08-24 09:47:46,665 - hetero_ne_host.py[line:115] - INFO: gradient count:1024"
"2019-08-24 09:47:46,671 - hetero_ne_host.py[line:102] - INFO: Local batch data count:1024"
"2019-08-24 09:47:53,456 - hetero_ne_host.py[line:115] - INFO: gradient count:1024"
"2019-08-24 09:47:53,461 - hetero_ne_host.py[line:102] - INFO: Local batch data count:1024"
"2019-08-24 09:48:02,090 - hetero_ne_host.py[line:115] - INFO: gradient count:1024"
"2019-08-24 09:48:02,094 - hetero_ne_host.py[line:102] - INFO: Local batch data count:1024"
"2019-08-24 09:48:09,101 - hetero_ne_host.py[line:115] - INFO: gradient count:1024"
"2019-08-24 09:48:09,105 - hetero_ne_host.py[line:102] - INFO: Local batch data count:1024"
"2019-08-24 09:48:15,794 - hetero_ne_host.py[line:115] - INFO: gradient count:1024"
"2019-08-24 09:48:15,800 - hetero_ne_host.py[line:102] - INFO: Local batch data count:1024"
"2019-08-24 09:48:21,510 - hetero_ne_host.py[line:115] - INFO: gradient count:1024"
"2019-08-24 09:48:21,515 - hetero_ne_host.py[line:102] - INFO: Local batch data count:1024"
"2019-08-24 09:48:27,371 - hetero_ne_host.py[line:115] - INFO: gradient count:1024"
"2019-08-24 09:48:27,375 - hetero_ne_host.py[line:102] - INFO: Local batch data count:1024"
"2019-08-24 09:48:34,499 - hetero_ne_host.py[line:115] - INFO: gradient count:1024"
"2019-08-24 09:48:34,503 - hetero_ne_host.py[line:102] - INFO: Local batch data count:1024"
"2019-08-24 09:48:41,106 - hetero_ne_host.py[line:115] - INFO: gradient count:1024"
"2019-08-24 09:48:41,111 - hetero_ne_host.py[line:102] - INFO: Local batch data count:1024"
"2019-08-24 09:48:47,717 - hetero_ne_host.py[line:115] - INFO: gradient count:1024"
"2019-08-24 09:48:47,722 - hetero_ne_host.py[line:102] - INFO: Local batch data count:638"
"2019-08-24 09:48:54,209 - hetero_ne_host.py[line:115] - INFO: gradient count:638"
