"2019-08-24 09:46:23,139 - hetero_ne_guest.py[line:68] - INFO: samples number:4440"
"2019-08-24 09:46:23,139 - hetero_ne_guest.py[line:69] - INFO: Enter hetero_ne_guest fit"
"2019-08-24 09:46:23,139 - hetero_ne_guest.py[line:71] - INFO: Guest party has 2358 nodes"
"2019-08-24 09:46:23,426 - hetero_ne_guest.py[line:74] - INFO: Transform input data to train instance"
"2019-08-24 09:46:23,427 - hetero_ne_guest.py[line:81] - INFO: Get public_key from arbiter:<PaillierPublicKey 143be15a9c>"
"2019-08-24 09:46:23,427 - hetero_ne_guest.py[line:85] - INFO: Generate mini-batch from input data"
"2019-08-24 09:46:25,321 - hetero_ne_guest.py[line:89] - INFO: samples number:4440"
"2019-08-24 09:46:25,321 - hetero_ne_guest.py[line:97] - INFO: Generate mini-batch for local instances in guest"
"2019-08-24 09:46:43,018 - hetero_ne_guest.py[line:104] - INFO: batch_info:{'batch_size': 1024, 'batch_num': 5}"
"2019-08-24 09:46:43,096 - hetero_ne_guest.py[line:110] - INFO: Remote batch_info to Host"
"2019-08-24 09:46:43,132 - hetero_ne_guest.py[line:117] - INFO: Remote batch_info to Arbiter"
"2019-08-24 09:46:43,132 - hetero_ne_guest.py[line:124] - INFO: Start initialize model."
"2019-08-24 09:46:43,132 - hetero_ne_guest.py[line:126] - INFO: Embedding shape=(2358, 5)"
"2019-08-24 09:46:43,132 - hetero_ne_guest.py[line:133] - INFO: iter:0"
"2019-08-24 09:46:43,137 - hetero_ne_guest.py[line:142] - INFO: Local batch data count:1024"
"2019-08-24 09:46:48,856 - hetero_ne_guest.py[line:155] - INFO: gradient count:1024"
"2019-08-24 09:46:48,861 - hetero_ne_guest.py[line:142] - INFO: Local batch data count:1024"
"2019-08-24 09:46:56,128 - hetero_ne_guest.py[line:155] - INFO: gradient count:1024"
"2019-08-24 09:46:56,133 - hetero_ne_guest.py[line:142] - INFO: Local batch data count:1024"
"2019-08-24 09:47:03,675 - hetero_ne_guest.py[line:155] - INFO: gradient count:1024"
"2019-08-24 09:47:03,685 - hetero_ne_guest.py[line:142] - INFO: Local batch data count:1024"
"2019-08-24 09:47:10,526 - hetero_ne_guest.py[line:155] - INFO: gradient count:1024"
"2019-08-24 09:47:10,531 - hetero_ne_guest.py[line:142] - INFO: Local batch data count:1024"
"2019-08-24 09:47:15,908 - hetero_ne_guest.py[line:155] - INFO: gradient count:1024"
"2019-08-24 09:47:15,912 - hetero_ne_guest.py[line:142] - INFO: Local batch data count:1024"
"2019-08-24 09:47:21,727 - hetero_ne_guest.py[line:155] - INFO: gradient count:1024"
"2019-08-24 09:47:21,731 - hetero_ne_guest.py[line:142] - INFO: Local batch data count:1024"
"2019-08-24 09:47:27,538 - hetero_ne_guest.py[line:155] - INFO: gradient count:1024"
"2019-08-24 09:47:27,543 - hetero_ne_guest.py[line:142] - INFO: Local batch data count:1024"
"2019-08-24 09:47:33,241 - hetero_ne_guest.py[line:155] - INFO: gradient count:1024"
"2019-08-24 09:47:33,245 - hetero_ne_guest.py[line:142] - INFO: Local batch data count:1024"
"2019-08-24 09:47:39,534 - hetero_ne_guest.py[line:155] - INFO: gradient count:1024"
"2019-08-24 09:47:39,539 - hetero_ne_guest.py[line:142] - INFO: Local batch data count:1024"
"2019-08-24 09:47:46,667 - hetero_ne_guest.py[line:155] - INFO: gradient count:1024"
"2019-08-24 09:47:46,673 - hetero_ne_guest.py[line:142] - INFO: Local batch data count:1024"
"2019-08-24 09:47:53,447 - hetero_ne_guest.py[line:155] - INFO: gradient count:1024"
"2019-08-24 09:47:53,451 - hetero_ne_guest.py[line:142] - INFO: Local batch data count:1024"
"2019-08-24 09:48:01,995 - hetero_ne_guest.py[line:155] - INFO: gradient count:1024"
"2019-08-24 09:48:02,000 - hetero_ne_guest.py[line:142] - INFO: Local batch data count:1024"
"2019-08-24 09:48:09,084 - hetero_ne_guest.py[line:155] - INFO: gradient count:1024"
"2019-08-24 09:48:09,089 - hetero_ne_guest.py[line:142] - INFO: Local batch data count:1024"
"2019-08-24 09:48:15,769 - hetero_ne_guest.py[line:155] - INFO: gradient count:1024"
"2019-08-24 09:48:15,774 - hetero_ne_guest.py[line:142] - INFO: Local batch data count:1024"
"2019-08-24 09:48:21,470 - hetero_ne_guest.py[line:155] - INFO: gradient count:1024"
"2019-08-24 09:48:21,475 - hetero_ne_guest.py[line:142] - INFO: Local batch data count:1024"
"2019-08-24 09:48:27,359 - hetero_ne_guest.py[line:155] - INFO: gradient count:1024"
"2019-08-24 09:48:27,364 - hetero_ne_guest.py[line:142] - INFO: Local batch data count:1024"
"2019-08-24 09:48:34,504 - hetero_ne_guest.py[line:155] - INFO: gradient count:1024"
"2019-08-24 09:48:34,509 - hetero_ne_guest.py[line:142] - INFO: Local batch data count:1024"
"2019-08-24 09:48:41,074 - hetero_ne_guest.py[line:155] - INFO: gradient count:1024"
"2019-08-24 09:48:41,079 - hetero_ne_guest.py[line:142] - INFO: Local batch data count:1024"
"2019-08-24 09:48:47,766 - hetero_ne_guest.py[line:155] - INFO: gradient count:1024"
"2019-08-24 09:48:47,771 - hetero_ne_guest.py[line:142] - INFO: Local batch data count:680"
"2019-08-24 09:48:54,479 - hetero_ne_guest.py[line:155] - INFO: gradient count:680"
