"2019-08-24 09:46:21,129 - workflow.py[line:863] - DEBUG: The job id is hetero_network_embedding_example_standalone_20190824094616"
"2019-08-24 09:46:21,131 - workflow.py[line:865] - DEBUG: Finish eggroll and federation init"
"2019-08-24 09:46:21,131 - workflow.py[line:819] - DEBUG: finish init pipeline"
"2019-08-24 09:46:21,132 - workflow.py[line:912] - INFO: 4440 samples in host"
"2019-08-24 09:46:21,182 - workflow.py[line:210] - DEBUG: Enter host network embedding function"
"2019-08-24 09:46:21,183 - workflow.py[line:211] - DEBUG: Start intersection before network embedding"
"2019-08-24 09:46:21,184 - workflow.py[line:316] - INFO: need_intersect: true!"
"2019-08-24 09:46:21,184 - workflow.py[line:320] - INFO: Start intersection!"
"2019-08-24 09:46:21,348 - workflow.py[line:863] - DEBUG: The job id is hetero_network_embedding_example_standalone_20190824094616"
"2019-08-24 09:46:21,363 - workflow.py[line:865] - DEBUG: Finish eggroll and federation init"
"2019-08-24 09:46:21,363 - workflow.py[line:819] - DEBUG: finish init pipeline"
"2019-08-24 09:46:21,363 - workflow.py[line:214] - INFO: arbiter"
"2019-08-24 09:46:21,363 - workflow.py[line:215] - INFO: max iter: 1"
"2019-08-24 09:46:21,443 - workflow.py[line:863] - DEBUG: The job id is hetero_network_embedding_example_standalone_20190824094616"
"2019-08-24 09:46:21,445 - workflow.py[line:865] - DEBUG: Finish eggroll and federation init"
"2019-08-24 09:46:21,445 - workflow.py[line:819] - DEBUG: finish init pipeline"
"2019-08-24 09:46:21,446 - workflow.py[line:912] - INFO: 4440 samples in guest"
"2019-08-24 09:46:21,474 - workflow.py[line:210] - DEBUG: Enter guest network embedding function"
"2019-08-24 09:46:21,474 - workflow.py[line:211] - DEBUG: Start intersection before network embedding"
"2019-08-24 09:46:21,474 - workflow.py[line:316] - INFO: need_intersect: true!"
"2019-08-24 09:46:21,475 - workflow.py[line:320] - INFO: Start intersection!"
"2019-08-24 09:46:22,707 - workflow.py[line:331] - INFO: finish intersection!"
"2019-08-24 09:46:22,707 - workflow.py[line:214] - INFO: host"
"2019-08-24 09:46:22,707 - workflow.py[line:215] - INFO: max iter: 1"
"2019-08-24 09:46:23,138 - workflow.py[line:331] - INFO: finish intersection!"
"2019-08-24 09:46:23,138 - workflow.py[line:214] - INFO: guest"
"2019-08-24 09:46:23,139 - workflow.py[line:215] - INFO: max iter: 1"
