"2019-08-22 13:20:03,430 - workflow.py[line:862] - DEBUG: The job id is hetero_network_embedding_example_standalone_20190822131956"
"2019-08-22 13:20:03,432 - workflow.py[line:864] - DEBUG: Finish eggroll and federation init"
"2019-08-22 13:20:03,432 - workflow.py[line:818] - DEBUG: finish init pipeline"
"2019-08-22 13:20:03,432 - workflow.py[line:214] - INFO: arbiter"
"2019-08-22 13:20:03,430 - workflow.py[line:862] - DEBUG: The job id is hetero_network_embedding_example_standalone_20190822131956"
"2019-08-22 13:20:03,435 - workflow.py[line:864] - DEBUG: Finish eggroll and federation init"
"2019-08-22 13:20:03,435 - workflow.py[line:818] - DEBUG: finish init pipeline"
"2019-08-22 13:20:03,437 - workflow.py[line:862] - DEBUG: The job id is hetero_network_embedding_example_standalone_20190822131956"
"2019-08-22 13:20:03,439 - workflow.py[line:864] - DEBUG: Finish eggroll and federation init"
"2019-08-22 13:20:03,440 - workflow.py[line:818] - DEBUG: finish init pipeline"
"2019-08-22 13:20:03,520 - workflow.py[line:909] - INFO: 0 samples in guest"
"2019-08-22 13:20:03,521 - workflow.py[line:210] - DEBUG: Enter guest network embedding function"
"2019-08-22 13:20:03,521 - workflow.py[line:211] - DEBUG: Start intersection before network embedding"
"2019-08-22 13:20:03,521 - workflow.py[line:315] - INFO: need_intersect: true!"
"2019-08-22 13:20:03,521 - workflow.py[line:319] - INFO: Start intersection!"
"2019-08-22 13:20:03,537 - workflow.py[line:909] - INFO: 0 samples in host"
"2019-08-22 13:20:03,538 - workflow.py[line:210] - DEBUG: Enter host network embedding function"
"2019-08-22 13:20:03,538 - workflow.py[line:211] - DEBUG: Start intersection before network embedding"
"2019-08-22 13:20:03,538 - workflow.py[line:315] - INFO: need_intersect: true!"
"2019-08-22 13:20:03,538 - workflow.py[line:319] - INFO: Start intersection!"
