"2019-08-24 13:47:31,235 - hetero_ne_host.py[line:47] - INFO: Enter hetero_ne host"
"2019-08-24 13:47:31,235 - hetero_ne_host.py[line:49] - INFO: Host party has 2319 nodes"
"2019-08-24 13:47:31,517 - hetero_ne_host.py[line:52] - INFO: Transform input data to train instance"
"2019-08-24 13:47:31,519 - hetero_ne_host.py[line:59] - INFO: Get Publick key from arbiter:<PaillierPublicKey 1f7f0d7675>"
"2019-08-24 13:47:31,519 - hetero_ne_host.py[line:64] - INFO: Generate mini-batch for local instances in guest"
"2019-08-24 13:47:55,270 - hetero_ne_host.py[line:72] - INFO: Get batch_info from guest: {'batch_size': 1024, 'batch_num': 5}"
"2019-08-24 13:47:55,270 - hetero_ne_host.py[line:86] - INFO: Start initilize model."
"2019-08-24 13:47:55,270 - hetero_ne_host.py[line:93] - INFO: iter: 0"
"2019-08-24 13:47:55,270 - hetero_ne_host.py[line:99] - INFO: Horizontally learning"
"2019-08-24 13:47:55,276 - hetero_ne_host.py[line:102] - INFO: Local batch data count:1024"
"2019-08-24 13:48:00,918 - hetero_ne_host.py[line:115] - INFO: gradient count:1024"
"2019-08-24 13:48:00,923 - hetero_ne_host.py[line:102] - INFO: Local batch data count:1024"
"2019-08-24 13:48:08,312 - hetero_ne_host.py[line:115] - INFO: gradient count:1024"
"2019-08-24 13:48:08,317 - hetero_ne_host.py[line:102] - INFO: Local batch data count:1024"
"2019-08-24 13:48:14,360 - hetero_ne_host.py[line:115] - INFO: gradient count:1024"
"2019-08-24 13:48:14,364 - hetero_ne_host.py[line:102] - INFO: Local batch data count:1024"
"2019-08-24 13:48:20,924 - hetero_ne_host.py[line:115] - INFO: gradient count:1024"
"2019-08-24 13:48:20,929 - hetero_ne_host.py[line:102] - INFO: Local batch data count:1024"
"2019-08-24 13:48:27,638 - hetero_ne_host.py[line:115] - INFO: gradient count:1024"
"2019-08-24 13:48:27,642 - hetero_ne_host.py[line:102] - INFO: Local batch data count:1024"
"2019-08-24 13:48:33,549 - hetero_ne_host.py[line:115] - INFO: gradient count:1024"
"2019-08-24 13:48:33,555 - hetero_ne_host.py[line:102] - INFO: Local batch data count:1024"
"2019-08-24 13:48:41,045 - hetero_ne_host.py[line:115] - INFO: gradient count:1024"
"2019-08-24 13:48:41,050 - hetero_ne_host.py[line:102] - INFO: Local batch data count:1024"
"2019-08-24 13:48:47,260 - hetero_ne_host.py[line:115] - INFO: gradient count:1024"
"2019-08-24 13:48:47,266 - hetero_ne_host.py[line:102] - INFO: Local batch data count:1024"
"2019-08-24 13:48:54,060 - hetero_ne_host.py[line:115] - INFO: gradient count:1024"
"2019-08-24 13:48:54,064 - hetero_ne_host.py[line:102] - INFO: Local batch data count:1024"
"2019-08-24 13:49:00,562 - hetero_ne_host.py[line:115] - INFO: gradient count:1024"
"2019-08-24 13:49:00,568 - hetero_ne_host.py[line:102] - INFO: Local batch data count:1024"
"2019-08-24 13:49:07,347 - hetero_ne_host.py[line:115] - INFO: gradient count:1024"
"2019-08-24 13:49:07,352 - hetero_ne_host.py[line:102] - INFO: Local batch data count:1024"
"2019-08-24 13:49:15,828 - hetero_ne_host.py[line:115] - INFO: gradient count:1024"
"2019-08-24 13:49:15,834 - hetero_ne_host.py[line:102] - INFO: Local batch data count:1024"
"2019-08-24 13:49:22,232 - hetero_ne_host.py[line:115] - INFO: gradient count:1024"
"2019-08-24 13:49:22,237 - hetero_ne_host.py[line:102] - INFO: Local batch data count:1024"
"2019-08-24 13:49:28,889 - hetero_ne_host.py[line:115] - INFO: gradient count:1024"
"2019-08-24 13:49:28,894 - hetero_ne_host.py[line:102] - INFO: Local batch data count:1024"
"2019-08-24 13:49:35,214 - hetero_ne_host.py[line:115] - INFO: gradient count:1024"
"2019-08-24 13:49:35,218 - hetero_ne_host.py[line:102] - INFO: Local batch data count:1024"
"2019-08-24 13:49:41,576 - hetero_ne_host.py[line:115] - INFO: gradient count:1024"
"2019-08-24 13:49:41,581 - hetero_ne_host.py[line:102] - INFO: Local batch data count:1024"
"2019-08-24 13:49:49,058 - hetero_ne_host.py[line:115] - INFO: gradient count:1024"
"2019-08-24 13:49:49,063 - hetero_ne_host.py[line:102] - INFO: Local batch data count:1024"
"2019-08-24 13:49:56,226 - hetero_ne_host.py[line:115] - INFO: gradient count:1024"
"2019-08-24 13:49:56,232 - hetero_ne_host.py[line:102] - INFO: Local batch data count:1024"
"2019-08-24 13:50:04,600 - hetero_ne_host.py[line:115] - INFO: gradient count:1024"
"2019-08-24 13:50:04,605 - hetero_ne_host.py[line:102] - INFO: Local batch data count:1024"
"2019-08-24 13:50:12,569 - hetero_ne_host.py[line:115] - INFO: gradient count:1024"
"2019-08-24 13:50:12,574 - hetero_ne_host.py[line:102] - INFO: Local batch data count:1024"
"2019-08-24 13:50:21,176 - hetero_ne_host.py[line:115] - INFO: gradient count:1024"
"2019-08-24 13:50:21,181 - hetero_ne_host.py[line:102] - INFO: Local batch data count:1024"
"2019-08-24 13:50:32,430 - hetero_ne_host.py[line:115] - INFO: gradient count:1024"
"2019-08-24 13:50:32,434 - hetero_ne_host.py[line:102] - INFO: Local batch data count:392"
"2019-08-24 13:50:40,180 - hetero_ne_host.py[line:115] - INFO: gradient count:392"
"2019-08-24 13:50:40,999 - hetero_ne_host.py[line:139] - INFO: Iter 0, Local loss: 1.618057809644289"
"2019-08-24 13:50:40,999 - hetero_ne_host.py[line:146] - INFO: batch:0"
"2019-08-24 13:50:41,201 - hetero_ne_host.py[line:159] - INFO: Get batch_index from Guest"
"2019-08-24 13:50:41,523 - hetero_ne_host.py[line:172] - INFO: batch_data_inst size:1024"
"2019-08-24 13:50:58,900 - hetero_ne_host.py[line:187] - INFO: Remote host_forward to guest"
"2019-08-24 13:51:01,712 - hetero_ne_host.py[line:197] - INFO: Get optim_host_gradient from arbiter"
"2019-08-24 13:51:02,098 - hetero_ne_host.py[line:200] - INFO: update_model"
"2019-08-24 13:51:02,213 - hetero_ne_host.py[line:146] - INFO: batch:1"
"2019-08-24 13:51:02,616 - hetero_ne_host.py[line:159] - INFO: Get batch_index from Guest"
"2019-08-24 13:51:02,982 - hetero_ne_host.py[line:172] - INFO: batch_data_inst size:1024"
"2019-08-24 13:51:20,380 - hetero_ne_host.py[line:187] - INFO: Remote host_forward to guest"
"2019-08-24 13:51:22,692 - hetero_ne_host.py[line:197] - INFO: Get optim_host_gradient from arbiter"
"2019-08-24 13:51:23,142 - hetero_ne_host.py[line:200] - INFO: update_model"
"2019-08-24 13:51:23,282 - hetero_ne_host.py[line:146] - INFO: batch:2"
"2019-08-24 13:51:23,584 - hetero_ne_host.py[line:159] - INFO: Get batch_index from Guest"
"2019-08-24 13:51:24,077 - hetero_ne_host.py[line:172] - INFO: batch_data_inst size:1024"
"2019-08-24 13:51:41,428 - hetero_ne_host.py[line:187] - INFO: Remote host_forward to guest"
"2019-08-24 13:51:43,537 - hetero_ne_host.py[line:197] - INFO: Get optim_host_gradient from arbiter"
"2019-08-24 13:51:43,905 - hetero_ne_host.py[line:200] - INFO: update_model"
"2019-08-24 13:51:44,160 - hetero_ne_host.py[line:146] - INFO: batch:3"
"2019-08-24 13:51:44,764 - hetero_ne_host.py[line:159] - INFO: Get batch_index from Guest"
"2019-08-24 13:51:44,989 - hetero_ne_host.py[line:172] - INFO: batch_data_inst size:1024"
"2019-08-24 13:52:02,997 - hetero_ne_host.py[line:187] - INFO: Remote host_forward to guest"
"2019-08-24 13:52:05,307 - hetero_ne_host.py[line:197] - INFO: Get optim_host_gradient from arbiter"
"2019-08-24 13:52:05,819 - hetero_ne_host.py[line:200] - INFO: update_model"
"2019-08-24 13:52:05,947 - hetero_ne_host.py[line:146] - INFO: batch:4"
"2019-08-24 13:52:06,249 - hetero_ne_host.py[line:159] - INFO: Get batch_index from Guest"
"2019-08-24 13:52:06,580 - hetero_ne_host.py[line:172] - INFO: batch_data_inst size:344"
"2019-08-24 13:52:13,187 - hetero_ne_host.py[line:187] - INFO: Remote host_forward to guest"
"2019-08-24 13:52:14,995 - hetero_ne_host.py[line:197] - INFO: Get optim_host_gradient from arbiter"
"2019-08-24 13:52:15,146 - hetero_ne_host.py[line:200] - INFO: update_model"
"2019-08-24 13:52:16,528 - hetero_ne_host.py[line:244] - INFO: Get is_stop flag from arbiter:False"
"2019-08-24 13:52:16,529 - hetero_ne_host.py[line:250] - INFO: Reach max iter 1, train mode finish!"
"2019-08-24 13:53:53,936 - hetero_ne_host.py[line:256] - INFO: Reach max iter 1, train model finish!"
