"2019-08-24 13:47:29,627 - hetero_ne_arbiter.py[line:54] - INFO: Enter hetero_ne_arbiter fit"
"2019-08-24 13:47:29,652 - hetero_ne_arbiter.py[line:61] - INFO: public_key: <PaillierPublicKey 1f7f0d7675>"
"2019-08-24 13:47:29,765 - hetero_ne_arbiter.py[line:69] - INFO: remote publick_key to host"
"2019-08-24 13:47:29,966 - hetero_ne_arbiter.py[line:76] - INFO: remote public_key to guest"
"2019-08-24 13:47:55,283 - hetero_ne_arbiter.py[line:81] - INFO: Get batch_info from guest: {'batch_size': 1024, 'batch_num': 5}"
"2019-08-24 13:47:55,283 - hetero_ne_arbiter.py[line:88] - INFO: iter: 0"
"2019-08-24 13:50:40,995 - hetero_ne_arbiter.py[line:129] - INFO: Iter 0, horizontally learning finish"
"2019-08-24 13:50:40,995 - hetero_ne_arbiter.py[line:137] - INFO: batch: 0"
"2019-08-24 13:51:00,478 - hetero_ne_arbiter.py[line:145] - INFO: Get host_gradient from GUEST"
"2019-08-24 13:51:01,283 - hetero_ne_arbiter.py[line:152] - INFO: Get guest_gradient from GUEST"
"2019-08-24 13:51:01,652 - hetero_ne_arbiter.py[line:170] - INFO: host gradients number: 1024"
"2019-08-24 13:51:01,652 - hetero_ne_arbiter.py[line:171] - INFO: guest gradients number: 1024"
"2019-08-24 13:51:01,678 - hetero_ne_arbiter.py[line:182] - INFO: Remote host_optim_gradient to Host"
"2019-08-24 13:51:01,714 - hetero_ne_arbiter.py[line:193] - INFO: Remote guest_optim_gradient to Guest"
"2019-08-24 13:51:02,418 - hetero_ne_arbiter.py[line:208] - INFO: Get loss from guest: 0.6453297565979212"
"2019-08-24 13:51:02,418 - hetero_ne_arbiter.py[line:137] - INFO: batch: 1"
"2019-08-24 13:51:21,588 - hetero_ne_arbiter.py[line:145] - INFO: Get host_gradient from GUEST"
"2019-08-24 13:51:22,393 - hetero_ne_arbiter.py[line:152] - INFO: Get guest_gradient from GUEST"
"2019-08-24 13:51:22,648 - hetero_ne_arbiter.py[line:170] - INFO: host gradients number: 1024"
"2019-08-24 13:51:22,648 - hetero_ne_arbiter.py[line:171] - INFO: guest gradients number: 1024"
"2019-08-24 13:51:22,680 - hetero_ne_arbiter.py[line:182] - INFO: Remote host_optim_gradient to Host"
"2019-08-24 13:51:22,715 - hetero_ne_arbiter.py[line:193] - INFO: Remote guest_optim_gradient to Guest"
"2019-08-24 13:51:23,318 - hetero_ne_arbiter.py[line:208] - INFO: Get loss from guest: 1.56950112222793"
"2019-08-24 13:51:23,318 - hetero_ne_arbiter.py[line:137] - INFO: batch: 2"
"2019-08-24 13:51:42,306 - hetero_ne_arbiter.py[line:145] - INFO: Get host_gradient from GUEST"
"2019-08-24 13:51:43,211 - hetero_ne_arbiter.py[line:152] - INFO: Get guest_gradient from GUEST"
"2019-08-24 13:51:43,458 - hetero_ne_arbiter.py[line:170] - INFO: host gradients number: 1024"
"2019-08-24 13:51:43,459 - hetero_ne_arbiter.py[line:171] - INFO: guest gradients number: 1024"
"2019-08-24 13:51:43,490 - hetero_ne_arbiter.py[line:182] - INFO: Remote host_optim_gradient to Host"
"2019-08-24 13:51:43,513 - hetero_ne_arbiter.py[line:193] - INFO: Remote guest_optim_gradient to Guest"
"2019-08-24 13:51:44,217 - hetero_ne_arbiter.py[line:208] - INFO: Get loss from guest: 1.5470091924924558"
"2019-08-24 13:51:44,217 - hetero_ne_arbiter.py[line:137] - INFO: batch: 3"
"2019-08-24 13:52:04,012 - hetero_ne_arbiter.py[line:145] - INFO: Get host_gradient from GUEST"
"2019-08-24 13:52:05,017 - hetero_ne_arbiter.py[line:152] - INFO: Get guest_gradient from GUEST"
"2019-08-24 13:52:05,252 - hetero_ne_arbiter.py[line:170] - INFO: host gradients number: 1024"
"2019-08-24 13:52:05,253 - hetero_ne_arbiter.py[line:171] - INFO: guest gradients number: 1024"
"2019-08-24 13:52:05,277 - hetero_ne_arbiter.py[line:182] - INFO: Remote host_optim_gradient to Host"
"2019-08-24 13:52:05,294 - hetero_ne_arbiter.py[line:193] - INFO: Remote guest_optim_gradient to Guest"
"2019-08-24 13:52:05,997 - hetero_ne_arbiter.py[line:208] - INFO: Get loss from guest: 1.4933685363449447"
"2019-08-24 13:52:05,998 - hetero_ne_arbiter.py[line:137] - INFO: batch: 4"
"2019-08-24 13:52:13,824 - hetero_ne_arbiter.py[line:145] - INFO: Get host_gradient from GUEST"
"2019-08-24 13:52:14,729 - hetero_ne_arbiter.py[line:152] - INFO: Get guest_gradient from GUEST"
"2019-08-24 13:52:14,898 - hetero_ne_arbiter.py[line:170] - INFO: host gradients number: 344"
"2019-08-24 13:52:14,898 - hetero_ne_arbiter.py[line:171] - INFO: guest gradients number: 344"
"2019-08-24 13:52:14,920 - hetero_ne_arbiter.py[line:182] - INFO: Remote host_optim_gradient to Host"
"2019-08-24 13:52:14,949 - hetero_ne_arbiter.py[line:193] - INFO: Remote guest_optim_gradient to Guest"
"2019-08-24 13:52:15,552 - hetero_ne_arbiter.py[line:208] - INFO: Get loss from guest: 1.4411879939287715"
"2019-08-24 13:52:15,552 - hetero_ne_arbiter.py[line:215] - INFO: iter loss: 1.3392793203184046"
"2019-08-24 13:52:16,507 - hetero_ne_arbiter.py[line:268] - INFO: Remote is_stop to host: False"
"2019-08-24 13:52:16,531 - hetero_ne_arbiter.py[line:278] - INFO: Remote is_stop to guest: False"
"2019-08-24 13:52:16,531 - hetero_ne_arbiter.py[line:284] - INFO: Reach max iter 1 or convergence, train model finish!"
