"2019-08-24 13:47:31,009 - hetero_ne_guest.py[line:68] - INFO: samples number:4440"
"2019-08-24 13:47:31,009 - hetero_ne_guest.py[line:69] - INFO: Enter network embedding procedure:"
"2019-08-24 13:47:31,009 - hetero_ne_guest.py[line:71] - INFO: Bank A has 2358 nodes"
"2019-08-24 13:47:31,244 - hetero_ne_guest.py[line:74] - INFO: Transform input data to train instance"
"2019-08-24 13:47:31,245 - hetero_ne_guest.py[line:81] - INFO: Get public_key from arbiter:<PaillierPublicKey 1f7f0d7675>"
"2019-08-24 13:47:31,245 - hetero_ne_guest.py[line:85] - INFO: Generate mini-batch from input data"
"2019-08-24 13:47:33,247 - hetero_ne_guest.py[line:89] - INFO: samples number:4440"
"2019-08-24 13:47:33,247 - hetero_ne_guest.py[line:97] - INFO: Generate mini-batch for local instances in guest"
"2019-08-24 13:47:55,201 - hetero_ne_guest.py[line:104] - INFO: batch_info:{'batch_size': 1024, 'batch_num': 5}"
"2019-08-24 13:47:55,240 - hetero_ne_guest.py[line:110] - INFO: Remote batch_info to Host"
"2019-08-24 13:47:55,278 - hetero_ne_guest.py[line:117] - INFO: Remote batch_info to Arbiter"
"2019-08-24 13:47:55,278 - hetero_ne_guest.py[line:124] - INFO: Start initialize model."
"2019-08-24 13:47:55,278 - hetero_ne_guest.py[line:126] - INFO: Embedding shape=(2358, 5)"
"2019-08-24 13:47:55,278 - hetero_ne_guest.py[line:133] - INFO: iter:0"
"2019-08-24 13:47:55,278 - hetero_ne_guest.py[line:139] - INFO: Enter the horizontally federated learning procedure:"
"2019-08-24 13:50:40,539 - hetero_ne_guest.py[line:167] - INFO: Remote the embedding of common node to arbiter!"
"2019-08-24 13:50:41,043 - hetero_ne_guest.py[line:176] - INFO: Get the aggregated embedding of common node from arbiter!"
"2019-08-24 13:50:41,110 - hetero_ne_guest.py[line:181] - INFO: Iter 0, horizontally feaderated learning loss: 1.5169768414775893"
"2019-08-24 13:50:41,110 - hetero_ne_guest.py[line:188] - INFO: Enter the vertically federated learning:"
"2019-08-24 13:50:41,110 - hetero_ne_guest.py[line:193] - INFO: batch:0"
"2019-08-24 13:50:41,110 - hetero_ne_guest.py[line:197] - INFO: remote mini-batch index to Host"
"2019-08-24 13:50:58,976 - hetero_ne_guest.py[line:229] - INFO: Get host_forward from host"
"2019-08-24 13:51:00,392 - hetero_ne_guest.py[line:249] - INFO: Remote host_gradient to arbiter"
"2019-08-24 13:51:01,292 - hetero_ne_guest.py[line:265] - INFO: Remote guest_gradient to arbiter"
"2019-08-24 13:51:01,795 - hetero_ne_guest.py[line:274] - INFO: Get optim_guest_gradient from arbiter"
"2019-08-24 13:51:01,795 - hetero_ne_guest.py[line:277] - INFO: Update node embedding"
"2019-08-24 13:51:02,332 - hetero_ne_guest.py[line:296] - INFO: Remote loss to arbiter"
"2019-08-24 13:51:02,568 - hetero_ne_guest.py[line:193] - INFO: batch:1"
"2019-08-24 13:51:02,569 - hetero_ne_guest.py[line:197] - INFO: remote mini-batch index to Host"
"2019-08-24 13:51:20,448 - hetero_ne_guest.py[line:229] - INFO: Get host_forward from host"
"2019-08-24 13:51:21,556 - hetero_ne_guest.py[line:249] - INFO: Remote host_gradient to arbiter"
"2019-08-24 13:51:22,362 - hetero_ne_guest.py[line:265] - INFO: Remote guest_gradient to arbiter"
"2019-08-24 13:51:22,765 - hetero_ne_guest.py[line:274] - INFO: Get optim_guest_gradient from arbiter"
"2019-08-24 13:51:22,765 - hetero_ne_guest.py[line:277] - INFO: Update node embedding"
"2019-08-24 13:51:23,294 - hetero_ne_guest.py[line:296] - INFO: Remote loss to arbiter"
"2019-08-24 13:51:23,534 - hetero_ne_guest.py[line:193] - INFO: batch:2"
"2019-08-24 13:51:23,535 - hetero_ne_guest.py[line:197] - INFO: remote mini-batch index to Host"
"2019-08-24 13:51:41,436 - hetero_ne_guest.py[line:229] - INFO: Get host_forward from host"
"2019-08-24 13:51:42,311 - hetero_ne_guest.py[line:249] - INFO: Remote host_gradient to arbiter"
"2019-08-24 13:51:43,181 - hetero_ne_guest.py[line:265] - INFO: Remote guest_gradient to arbiter"
"2019-08-24 13:51:43,583 - hetero_ne_guest.py[line:274] - INFO: Get optim_guest_gradient from arbiter"
"2019-08-24 13:51:43,583 - hetero_ne_guest.py[line:277] - INFO: Update node embedding"
"2019-08-24 13:51:44,172 - hetero_ne_guest.py[line:296] - INFO: Remote loss to arbiter"
"2019-08-24 13:51:44,412 - hetero_ne_guest.py[line:193] - INFO: batch:3"
"2019-08-24 13:51:44,413 - hetero_ne_guest.py[line:197] - INFO: remote mini-batch index to Host"
"2019-08-24 13:52:03,082 - hetero_ne_guest.py[line:229] - INFO: Get host_forward from host"
"2019-08-24 13:52:04,010 - hetero_ne_guest.py[line:249] - INFO: Remote host_gradient to arbiter"
"2019-08-24 13:52:04,942 - hetero_ne_guest.py[line:265] - INFO: Remote guest_gradient to arbiter"
"2019-08-24 13:52:05,345 - hetero_ne_guest.py[line:274] - INFO: Get optim_guest_gradient from arbiter"
"2019-08-24 13:52:05,345 - hetero_ne_guest.py[line:277] - INFO: Update node embedding"
"2019-08-24 13:52:05,959 - hetero_ne_guest.py[line:296] - INFO: Remote loss to arbiter"
"2019-08-24 13:52:06,199 - hetero_ne_guest.py[line:193] - INFO: batch:4"
"2019-08-24 13:52:06,200 - hetero_ne_guest.py[line:197] - INFO: remote mini-batch index to Host"
"2019-08-24 13:52:13,270 - hetero_ne_guest.py[line:229] - INFO: Get host_forward from host"
"2019-08-24 13:52:13,832 - hetero_ne_guest.py[line:249] - INFO: Remote host_gradient to arbiter"
"2019-08-24 13:52:14,675 - hetero_ne_guest.py[line:265] - INFO: Remote guest_gradient to arbiter"
"2019-08-24 13:52:14,977 - hetero_ne_guest.py[line:274] - INFO: Get optim_guest_gradient from arbiter"
"2019-08-24 13:52:14,977 - hetero_ne_guest.py[line:277] - INFO: Update node embedding"
"2019-08-24 13:52:15,507 - hetero_ne_guest.py[line:296] - INFO: Remote loss to arbiter"
"2019-08-24 13:52:16,599 - hetero_ne_guest.py[line:340] - INFO: Get is_stop flag from arbiter:False"
"2019-08-24 13:53:55,153 - hetero_ne_guest.py[line:352] - INFO: Reach max iter 1, train model finish!"
