"2019-08-24 13:47:29,625 - workflow.py[line:863] - DEBUG: The job id is hetero_network_embedding_example_standalone_20190824134725"
"2019-08-24 13:47:29,625 - workflow.py[line:863] - DEBUG: The job id is hetero_network_embedding_example_standalone_20190824134725"
"2019-08-24 13:47:29,625 - workflow.py[line:863] - DEBUG: The job id is hetero_network_embedding_example_standalone_20190824134725"
"2019-08-24 13:47:29,626 - workflow.py[line:865] - DEBUG: Finish eggroll and federation init"
"2019-08-24 13:47:29,626 - workflow.py[line:865] - DEBUG: Finish eggroll and federation init"
"2019-08-24 13:47:29,626 - workflow.py[line:865] - DEBUG: Finish eggroll and federation init"
"2019-08-24 13:47:29,627 - workflow.py[line:819] - DEBUG: finish init pipeline"
"2019-08-24 13:47:29,627 - workflow.py[line:819] - DEBUG: finish init pipeline"
"2019-08-24 13:47:29,627 - workflow.py[line:819] - DEBUG: finish init pipeline"
"2019-08-24 13:47:29,627 - workflow.py[line:214] - INFO: arbiter"
"2019-08-24 13:47:29,627 - workflow.py[line:215] - INFO: max iter: 1"
"2019-08-24 13:47:29,627 - workflow.py[line:912] - INFO: 4440 samples in guest"
"2019-08-24 13:47:29,627 - workflow.py[line:912] - INFO: 4440 samples in host"
"2019-08-24 13:47:29,653 - workflow.py[line:210] - DEBUG: Enter guest network embedding function"
"2019-08-24 13:47:29,653 - workflow.py[line:210] - DEBUG: Enter host network embedding function"
"2019-08-24 13:47:29,653 - workflow.py[line:211] - DEBUG: Start intersection before network embedding"
"2019-08-24 13:47:29,653 - workflow.py[line:211] - DEBUG: Start intersection before network embedding"
"2019-08-24 13:47:29,653 - workflow.py[line:316] - INFO: need_intersect: true!"
"2019-08-24 13:47:29,653 - workflow.py[line:316] - INFO: need_intersect: true!"
"2019-08-24 13:47:29,654 - workflow.py[line:320] - INFO: Start intersection!"
"2019-08-24 13:47:29,654 - workflow.py[line:320] - INFO: Start intersection!"
"2019-08-24 13:47:31,008 - workflow.py[line:331] - INFO: finish intersection!"
"2019-08-24 13:47:31,008 - workflow.py[line:214] - INFO: guest"
"2019-08-24 13:47:31,008 - workflow.py[line:215] - INFO: max iter: 1"
"2019-08-24 13:47:31,234 - workflow.py[line:331] - INFO: finish intersection!"
"2019-08-24 13:47:31,235 - workflow.py[line:214] - INFO: host"
"2019-08-24 13:47:31,235 - workflow.py[line:215] - INFO: max iter: 1"
"2019-08-24 13:52:16,531 - workflow.py[line:922] - DEBUG: arbiter"
"2019-08-24 13:52:16,531 - workflow.py[line:923] - INFO: Network_embedding_finish"
"2019-08-24 13:53:53,937 - workflow.py[line:922] - DEBUG: host"
"2019-08-24 13:53:53,937 - workflow.py[line:923] - INFO: Network_embedding_finish"
"2019-08-24 13:53:55,156 - workflow.py[line:922] - DEBUG: guest"
"2019-08-24 13:53:55,156 - workflow.py[line:923] - INFO: Network_embedding_finish"
