"2019-08-22 08:07:49,124 - federation.py[line:124] - DEBUG: [REMOTE] Sent hetero_network_embedding_example_standalone_20190822080744-HeteroNETransferVariable.paillier_pubkey-HeteroNETransferVariable.paillier_pubkey.0-arbiter-10000-host-9999"
"2019-08-22 08:07:49,374 - federation.py[line:124] - DEBUG: [REMOTE] Sent hetero_network_embedding_example_standalone_20190822080744-HeteroNETransferVariable.paillier_pubkey-HeteroNETransferVariable.paillier_pubkey.0-arbiter-10000-guest-10000"
"2019-08-22 08:07:49,375 - federation.py[line:145] - DEBUG: [GET] arbiter 10000 getting remote object HeteroNETransferVariable.batch_info.0 from guest [10000]"
"2019-08-22 08:07:55,387 - federation.py[line:145] - DEBUG: [GET] guest 10000 getting remote object RawIntersectTransferVariable.send_ids_host.embedding0 from host [9999]"
"2019-08-22 08:07:55,417 - federation.py[line:124] - DEBUG: [REMOTE] Sent hetero_network_embedding_example_standalone_20190822080744-RawIntersectTransferVariable.send_ids_host-RawIntersectTransferVariable.send_ids_host.embedding0-host-9999-guest-10000"
"2019-08-22 08:07:55,417 - federation.py[line:145] - DEBUG: [GET] host 9999 getting remote object RawIntersectTransferVariable.intersect_ids_guest.embedding0 from guest [10000]"
"2019-08-22 08:07:55,489 - federation.py[line:46] - DEBUG: [GET] Got hetero_network_embedding_example_standalone_20190822080744-RawIntersectTransferVariable.send_ids_host-RawIntersectTransferVariable.send_ids_host.embedding0-host-9999-guest-10000 type Table"
"2019-08-22 08:07:55,792 - federation.py[line:124] - DEBUG: [REMOTE] Sent hetero_network_embedding_example_standalone_20190822080744-RawIntersectTransferVariable.intersect_ids_guest-RawIntersectTransferVariable.intersect_ids_guest.embedding0-guest-10000-host-9999"
"2019-08-22 08:07:55,820 - federation.py[line:46] - DEBUG: [GET] Got hetero_network_embedding_example_standalone_20190822080744-RawIntersectTransferVariable.intersect_ids_guest-RawIntersectTransferVariable.intersect_ids_guest.embedding0-guest-10000-host-9999 type Table"
"2019-08-22 08:08:02,951 - federation.py[line:145] - DEBUG: [GET] guest 10000 getting remote object HeteroNETransferVariable.paillier_pubkey.0 from arbiter [10000]"
"2019-08-22 08:08:02,951 - federation.py[line:46] - DEBUG: [GET] Got hetero_network_embedding_example_standalone_20190822080744-HeteroNETransferVariable.paillier_pubkey-HeteroNETransferVariable.paillier_pubkey.0-arbiter-10000-guest-10000 type Object"
"2019-08-22 08:08:03,035 - federation.py[line:145] - DEBUG: [GET] host 9999 getting remote object HeteroNETransferVariable.paillier_pubkey.0 from arbiter [10000]"
"2019-08-22 08:08:03,036 - federation.py[line:46] - DEBUG: [GET] Got hetero_network_embedding_example_standalone_20190822080744-HeteroNETransferVariable.paillier_pubkey-HeteroNETransferVariable.paillier_pubkey.0-arbiter-10000-host-9999 type Object"
"2019-08-22 08:08:03,036 - federation.py[line:145] - DEBUG: [GET] host 9999 getting remote object HeteroNETransferVariable.batch_info.0 from guest [10000]"
"2019-08-22 08:08:13,921 - federation.py[line:124] - DEBUG: [REMOTE] Sent hetero_network_embedding_example_standalone_20190822080744-HeteroNETransferVariable.batch_info-HeteroNETransferVariable.batch_info.0-guest-10000-host-9999"
"2019-08-22 08:08:13,966 - federation.py[line:124] - DEBUG: [REMOTE] Sent hetero_network_embedding_example_standalone_20190822080744-HeteroNETransferVariable.batch_info-HeteroNETransferVariable.batch_info.0-guest-10000-arbiter-10000"
"2019-08-22 08:08:13,974 - federation.py[line:46] - DEBUG: [GET] Got hetero_network_embedding_example_standalone_20190822080744-HeteroNETransferVariable.batch_info-HeteroNETransferVariable.batch_info.0-guest-10000-arbiter-10000 type Object"
"2019-08-22 08:08:13,975 - federation.py[line:145] - DEBUG: [GET] arbiter 10000 getting remote object HeteroNETransferVariable.host_gradient.0.0.0 from guest [10000]"
"2019-08-22 08:08:13,979 - federation.py[line:46] - DEBUG: [GET] Got hetero_network_embedding_example_standalone_20190822080744-HeteroNETransferVariable.batch_info-HeteroNETransferVariable.batch_info.0-guest-10000-host-9999 type Object"
"2019-08-22 08:08:13,981 - federation.py[line:145] - DEBUG: [GET] host 9999 getting remote object HeteroNETransferVariable.batch_data_index.0.0.0 from guest [10000]"
"2019-08-22 08:08:13,995 - federation.py[line:124] - DEBUG: [REMOTE] Sent hetero_network_embedding_example_standalone_20190822080744-HeteroNETransferVariable.batch_data_index-HeteroNETransferVariable.batch_data_index.0.0.0-guest-10000-host-9999"
"2019-08-22 08:08:14,082 - federation.py[line:46] - DEBUG: [GET] Got hetero_network_embedding_example_standalone_20190822080744-HeteroNETransferVariable.batch_data_index-HeteroNETransferVariable.batch_data_index.0.0.0-guest-10000-host-9999 type Table"
"2019-08-22 08:08:22,244 - federation.py[line:124] - DEBUG: [REMOTE] Sent hetero_network_embedding_example_standalone_20190822080744-HeteroNETransferVariable.host_forward_dict-HeteroNETransferVariable.host_forward_dict.0.0.0-host-9999-guest-10000"
"2019-08-22 08:08:22,244 - federation.py[line:145] - DEBUG: [GET] host 9999 getting remote object HeteroNETransferVariable.host_optim_gradient.0.0.0 from arbiter [10000]"
"2019-08-22 08:08:22,245 - federation.py[line:145] - DEBUG: [GET] guest 10000 getting remote object HeteroNETransferVariable.host_forward_dict.0.0.0 from host [9999]"
"2019-08-22 08:08:22,246 - federation.py[line:46] - DEBUG: [GET] Got hetero_network_embedding_example_standalone_20190822080744-HeteroNETransferVariable.host_forward_dict-HeteroNETransferVariable.host_forward_dict.0.0.0-host-9999-guest-10000 type Table"
"2019-08-22 08:08:23,745 - federation.py[line:124] - DEBUG: [REMOTE] Sent hetero_network_embedding_example_standalone_20190822080744-HeteroNETransferVariable.fore_gradient-HeteroNETransferVariable.fore_gradient.0.0.0-guest-10000-arbiter-10000"
