"2019-08-24 16:32:39,927 - federation.py[line:124] - DEBUG: [REMOTE] Sent hetero_network_embedding_example_standalone_20190824163235-HeteroNETransferVariable.paillier_pubkey-HeteroNETransferVariable.paillier_pubkey.0-arbiter-10000-host-9999"
"2019-08-24 16:32:39,983 - federation.py[line:145] - DEBUG: [GET] guest 10000 getting remote object RawIntersectTransferVariable.send_ids_host.embedding0 from host [9999]"
"2019-08-24 16:32:40,220 - federation.py[line:124] - DEBUG: [REMOTE] Sent hetero_network_embedding_example_standalone_20190824163235-HeteroNETransferVariable.paillier_pubkey-HeteroNETransferVariable.paillier_pubkey.0-arbiter-10000-guest-10000"
"2019-08-24 16:32:40,221 - federation.py[line:145] - DEBUG: [GET] arbiter 10000 getting remote object HeteroNETransferVariable.batch_info.0 from guest [10000]"
"2019-08-24 16:32:40,224 - federation.py[line:124] - DEBUG: [REMOTE] Sent hetero_network_embedding_example_standalone_20190824163235-RawIntersectTransferVariable.send_ids_host-RawIntersectTransferVariable.send_ids_host.embedding0-host-9999-guest-10000"
"2019-08-24 16:32:40,225 - federation.py[line:145] - DEBUG: [GET] host 9999 getting remote object RawIntersectTransferVariable.intersect_ids_guest.embedding0 from guest [10000]"
"2019-08-24 16:32:40,286 - federation.py[line:46] - DEBUG: [GET] Got hetero_network_embedding_example_standalone_20190824163235-RawIntersectTransferVariable.send_ids_host-RawIntersectTransferVariable.send_ids_host.embedding0-host-9999-guest-10000 type Table"
"2019-08-24 16:32:40,363 - federation.py[line:124] - DEBUG: [REMOTE] Sent hetero_network_embedding_example_standalone_20190824163235-RawIntersectTransferVariable.intersect_ids_guest-RawIntersectTransferVariable.intersect_ids_guest.embedding0-guest-10000-host-9999"
"2019-08-24 16:32:40,426 - federation.py[line:46] - DEBUG: [GET] Got hetero_network_embedding_example_standalone_20190824163235-RawIntersectTransferVariable.intersect_ids_guest-RawIntersectTransferVariable.intersect_ids_guest.embedding0-guest-10000-host-9999 type Table"
"2019-08-24 16:32:40,594 - federation.py[line:145] - DEBUG: [GET] guest 10000 getting remote object HeteroNETransferVariable.paillier_pubkey.0 from arbiter [10000]"
"2019-08-24 16:32:40,595 - federation.py[line:46] - DEBUG: [GET] Got hetero_network_embedding_example_standalone_20190824163235-HeteroNETransferVariable.paillier_pubkey-HeteroNETransferVariable.paillier_pubkey.0-arbiter-10000-guest-10000 type Object"
"2019-08-24 16:32:40,929 - federation.py[line:145] - DEBUG: [GET] host 9999 getting remote object HeteroNETransferVariable.paillier_pubkey.0 from arbiter [10000]"
"2019-08-24 16:32:40,929 - federation.py[line:46] - DEBUG: [GET] Got hetero_network_embedding_example_standalone_20190824163235-HeteroNETransferVariable.paillier_pubkey-HeteroNETransferVariable.paillier_pubkey.0-arbiter-10000-host-9999 type Object"
"2019-08-24 16:32:42,312 - federation.py[line:145] - DEBUG: [GET] host 9999 getting remote object HeteroNETransferVariable.batch_info.0 from guest [10000]"
"2019-08-24 16:32:42,413 - federation.py[line:46] - DEBUG: [GET] Got hetero_network_embedding_example_standalone_20190824163235-HeteroNETransferVariable.batch_info-HeteroNETransferVariable.batch_info.0-guest-10000-host-9999 type Object"
"2019-08-24 16:32:42,419 - federation.py[line:124] - DEBUG: [REMOTE] Sent hetero_network_embedding_example_standalone_20190824163235-HeteroNETransferVariable.batch_info-HeteroNETransferVariable.batch_info.0-guest-10000-host-9999"
"2019-08-24 16:32:42,670 - federation.py[line:124] - DEBUG: [REMOTE] Sent hetero_network_embedding_example_standalone_20190824163235-HeteroNETransferVariable.batch_info-HeteroNETransferVariable.batch_info.0-guest-10000-arbiter-10000"
"2019-08-24 16:32:42,731 - federation.py[line:46] - DEBUG: [GET] Got hetero_network_embedding_example_standalone_20190824163235-HeteroNETransferVariable.batch_info-HeteroNETransferVariable.batch_info.0-guest-10000-arbiter-10000 type Object"
"2019-08-24 16:32:42,732 - federation.py[line:145] - DEBUG: [GET] arbiter 10000 getting remote object HeteroNETransferVariable.host_common_embedding.0.0.0 from host [9999]"
"2019-08-24 16:32:47,928 - federation.py[line:124] - DEBUG: [REMOTE] Sent hetero_network_embedding_example_standalone_20190824163235-HeteroNETransferVariable.host_common_embedding-HeteroNETransferVariable.host_common_embedding.0.0.0-host-9999-arbiter-10000"
"2019-08-24 16:32:47,928 - federation.py[line:145] - DEBUG: [GET] host 9999 getting remote object HeteroNETransferVariable.common_embedding.0.0.0 from arbiter [10000]"
"2019-08-24 16:32:47,954 - federation.py[line:46] - DEBUG: [GET] Got hetero_network_embedding_example_standalone_20190824163235-HeteroNETransferVariable.host_common_embedding-HeteroNETransferVariable.host_common_embedding.0.0.0-host-9999-arbiter-10000 type Table"
"2019-08-24 16:32:47,955 - federation.py[line:145] - DEBUG: [GET] arbiter 10000 getting remote object HeteroNETransferVariable.guest_common_embedding.0.0.0 from guest [10000]"
"2019-08-24 16:32:48,046 - federation.py[line:124] - DEBUG: [REMOTE] Sent hetero_network_embedding_example_standalone_20190824163235-HeteroNETransferVariable.guest_common_embedding-HeteroNETransferVariable.guest_common_embedding.0.0.0-guest-10000-arbiter-10000"
"2019-08-24 16:32:48,047 - federation.py[line:145] - DEBUG: [GET] guest 10000 getting remote object HeteroNETransferVariable.common_embedding.0.0.0 from arbiter [10000]"
"2019-08-24 16:32:48,055 - federation.py[line:46] - DEBUG: [GET] Got hetero_network_embedding_example_standalone_20190824163235-HeteroNETransferVariable.guest_common_embedding-HeteroNETransferVariable.guest_common_embedding.0.0.0-guest-10000-arbiter-10000 type Table"
"2019-08-24 16:32:48,163 - federation.py[line:124] - DEBUG: [REMOTE] Sent hetero_network_embedding_example_standalone_20190824163235-HeteroNETransferVariable.common_embedding-HeteroNETransferVariable.common_embedding.0.0.0-arbiter-10000-host-9999"
"2019-08-24 16:32:48,189 - federation.py[line:124] - DEBUG: [REMOTE] Sent hetero_network_embedding_example_standalone_20190824163235-HeteroNETransferVariable.common_embedding-HeteroNETransferVariable.common_embedding.0.0.0-arbiter-10000-guest-10000"
"2019-08-24 16:32:48,190 - federation.py[line:145] - DEBUG: [GET] arbiter 10000 getting remote object HeteroNETransferVariable.host_gradient.0.0.0 from guest [10000]"
"2019-08-24 16:32:48,230 - federation.py[line:46] - DEBUG: [GET] Got hetero_network_embedding_example_standalone_20190824163235-HeteroNETransferVariable.common_embedding-HeteroNETransferVariable.common_embedding.0.0.0-arbiter-10000-host-9999 type Table"
"2019-08-24 16:32:48,233 - federation.py[line:145] - DEBUG: [GET] host 9999 getting remote object HeteroNETransferVariable.batch_data_index.0.0.0 from guest [10000]"
"2019-08-24 16:32:48,248 - federation.py[line:46] - DEBUG: [GET] Got hetero_network_embedding_example_standalone_20190824163235-HeteroNETransferVariable.common_embedding-HeteroNETransferVariable.common_embedding.0.0.0-arbiter-10000-guest-10000 type Table"
"2019-08-24 16:32:48,304 - federation.py[line:124] - DEBUG: [REMOTE] Sent hetero_network_embedding_example_standalone_20190824163235-HeteroNETransferVariable.batch_data_index-HeteroNETransferVariable.batch_data_index.0.0.0-guest-10000-host-9999"
"2019-08-24 16:32:48,333 - federation.py[line:46] - DEBUG: [GET] Got hetero_network_embedding_example_standalone_20190824163235-HeteroNETransferVariable.batch_data_index-HeteroNETransferVariable.batch_data_index.0.0.0-guest-10000-host-9999 type Table"
"2019-08-24 16:32:49,759 - federation.py[line:145] - DEBUG: [GET] guest 10000 getting remote object HeteroNETransferVariable.host_forward_dict.0.0.0 from host [9999]"
"2019-08-24 16:32:49,925 - federation.py[line:124] - DEBUG: [REMOTE] Sent hetero_network_embedding_example_standalone_20190824163235-HeteroNETransferVariable.host_forward_dict-HeteroNETransferVariable.host_forward_dict.0.0.0-host-9999-guest-10000"
"2019-08-24 16:32:49,926 - federation.py[line:145] - DEBUG: [GET] host 9999 getting remote object HeteroNETransferVariable.host_optim_gradient.0.0.0 from arbiter [10000]"
"2019-08-24 16:32:49,961 - federation.py[line:46] - DEBUG: [GET] Got hetero_network_embedding_example_standalone_20190824163235-HeteroNETransferVariable.host_forward_dict-HeteroNETransferVariable.host_forward_dict.0.0.0-host-9999-guest-10000 type Table"
"2019-08-24 16:32:50,507 - federation.py[line:124] - DEBUG: [REMOTE] Sent hetero_network_embedding_example_standalone_20190824163235-HeteroNETransferVariable.host_gradient-HeteroNETransferVariable.host_gradient.0.0.0-guest-10000-arbiter-10000"
"2019-08-24 16:32:50,600 - federation.py[line:46] - DEBUG: [GET] Got hetero_network_embedding_example_standalone_20190824163235-HeteroNETransferVariable.host_gradient-HeteroNETransferVariable.host_gradient.0.0.0-guest-10000-arbiter-10000 type Table"
"2019-08-24 16:32:50,601 - federation.py[line:145] - DEBUG: [GET] arbiter 10000 getting remote object HeteroNETransferVariable.guest_gradient.0.0.0 from guest [10000]"
"2019-08-24 16:32:51,390 - federation.py[line:124] - DEBUG: [REMOTE] Sent hetero_network_embedding_example_standalone_20190824163235-HeteroNETransferVariable.guest_gradient-HeteroNETransferVariable.guest_gradient.0.0.0-guest-10000-arbiter-10000"
"2019-08-24 16:32:51,391 - federation.py[line:145] - DEBUG: [GET] guest 10000 getting remote object HeteroNETransferVariable.guest_optim_gradient.0.0.0 from arbiter [10000]"
"2019-08-24 16:32:51,404 - federation.py[line:46] - DEBUG: [GET] Got hetero_network_embedding_example_standalone_20190824163235-HeteroNETransferVariable.guest_gradient-HeteroNETransferVariable.guest_gradient.0.0.0-guest-10000-arbiter-10000 type Table"
"2019-08-24 16:32:51,539 - federation.py[line:124] - DEBUG: [REMOTE] Sent hetero_network_embedding_example_standalone_20190824163235-HeteroNETransferVariable.host_optim_gradient-HeteroNETransferVariable.host_optim_gradient.0.0.0-arbiter-10000-host-9999"
"2019-08-24 16:32:51,560 - federation.py[line:124] - DEBUG: [REMOTE] Sent hetero_network_embedding_example_standalone_20190824163235-HeteroNETransferVariable.guest_optim_gradient-HeteroNETransferVariable.guest_optim_gradient.0.0.0-arbiter-10000-guest-10000"
"2019-08-24 16:32:51,560 - federation.py[line:145] - DEBUG: [GET] arbiter 10000 getting remote object HeteroNETransferVariable.loss.0.0.0 from guest [10000]"
"2019-08-24 16:32:51,592 - federation.py[line:46] - DEBUG: [GET] Got hetero_network_embedding_example_standalone_20190824163235-HeteroNETransferVariable.guest_optim_gradient-HeteroNETransferVariable.guest_optim_gradient.0.0.0-arbiter-10000-guest-10000 type Table"
"2019-08-24 16:32:51,633 - federation.py[line:46] - DEBUG: [GET] Got hetero_network_embedding_example_standalone_20190824163235-HeteroNETransferVariable.host_optim_gradient-HeteroNETransferVariable.host_optim_gradient.0.0.0-arbiter-10000-host-9999 type Table"
"2019-08-24 16:32:51,734 - federation.py[line:124] - DEBUG: [REMOTE] Sent hetero_network_embedding_example_standalone_20190824163235-HeteroNETransferVariable.loss-HeteroNETransferVariable.loss.0.0.0-guest-10000-arbiter-10000"
"2019-08-24 16:32:51,761 - federation.py[line:46] - DEBUG: [GET] Got hetero_network_embedding_example_standalone_20190824163235-HeteroNETransferVariable.loss-HeteroNETransferVariable.loss.0.0.0-guest-10000-arbiter-10000 type Object"
"2019-08-24 16:32:51,762 - federation.py[line:145] - DEBUG: [GET] arbiter 10000 getting remote object HeteroNETransferVariable.host_common_embedding.0.0.1 from host [9999]"
"2019-08-24 16:32:51,863 - federation.py[line:46] - DEBUG: [GET] Got hetero_network_embedding_example_standalone_20190824163235-HeteroNETransferVariable.host_common_embedding-HeteroNETransferVariable.host_common_embedding.0.0.1-host-9999-arbiter-10000 type Table"
"2019-08-24 16:32:51,868 - federation.py[line:124] - DEBUG: [REMOTE] Sent hetero_network_embedding_example_standalone_20190824163235-HeteroNETransferVariable.host_common_embedding-HeteroNETransferVariable.host_common_embedding.0.0.1-host-9999-arbiter-10000"
"2019-08-24 16:32:51,869 - federation.py[line:145] - DEBUG: [GET] host 9999 getting remote object HeteroNETransferVariable.common_embedding.0.0.1 from arbiter [10000]"
"2019-08-24 16:32:51,869 - federation.py[line:145] - DEBUG: [GET] arbiter 10000 getting remote object HeteroNETransferVariable.guest_common_embedding.0.0.1 from guest [10000]"
"2019-08-24 16:32:52,371 - federation.py[line:46] - DEBUG: [GET] Got hetero_network_embedding_example_standalone_20190824163235-HeteroNETransferVariable.guest_common_embedding-HeteroNETransferVariable.guest_common_embedding.0.0.1-guest-10000-arbiter-10000 type Table"
"2019-08-24 16:32:52,377 - federation.py[line:124] - DEBUG: [REMOTE] Sent hetero_network_embedding_example_standalone_20190824163235-HeteroNETransferVariable.guest_common_embedding-HeteroNETransferVariable.guest_common_embedding.0.0.1-guest-10000-arbiter-10000"
"2019-08-24 16:32:52,377 - federation.py[line:145] - DEBUG: [GET] guest 10000 getting remote object HeteroNETransferVariable.common_embedding.0.0.1 from arbiter [10000]"
"2019-08-24 16:32:52,415 - federation.py[line:124] - DEBUG: [REMOTE] Sent hetero_network_embedding_example_standalone_20190824163235-HeteroNETransferVariable.common_embedding-HeteroNETransferVariable.common_embedding.0.0.1-arbiter-10000-host-9999"
"2019-08-24 16:32:52,436 - federation.py[line:124] - DEBUG: [REMOTE] Sent hetero_network_embedding_example_standalone_20190824163235-HeteroNETransferVariable.common_embedding-HeteroNETransferVariable.common_embedding.0.0.1-arbiter-10000-guest-10000"
"2019-08-24 16:32:52,472 - federation.py[line:46] - DEBUG: [GET] Got hetero_network_embedding_example_standalone_20190824163235-HeteroNETransferVariable.common_embedding-HeteroNETransferVariable.common_embedding.0.0.1-arbiter-10000-host-9999 type Table"
"2019-08-24 16:32:52,474 - federation.py[line:145] - DEBUG: [GET] host 9999 getting remote object HeteroNETransferVariable.is_stopped.0.0 from arbiter [10000]"
"2019-08-24 16:32:52,479 - federation.py[line:46] - DEBUG: [GET] Got hetero_network_embedding_example_standalone_20190824163235-HeteroNETransferVariable.common_embedding-HeteroNETransferVariable.common_embedding.0.0.1-arbiter-10000-guest-10000 type Table"
"2019-08-24 16:32:52,481 - federation.py[line:145] - DEBUG: [GET] guest 10000 getting remote object HeteroNETransferVariable.is_stopped.0.0 from arbiter [10000]"
"2019-08-24 16:32:52,489 - federation.py[line:124] - DEBUG: [REMOTE] Sent hetero_network_embedding_example_standalone_20190824163235-HeteroNETransferVariable.is_stopped-HeteroNETransferVariable.is_stopped.0.0-arbiter-10000-host-9999"
"2019-08-24 16:32:52,546 - federation.py[line:124] - DEBUG: [REMOTE] Sent hetero_network_embedding_example_standalone_20190824163235-HeteroNETransferVariable.is_stopped-HeteroNETransferVariable.is_stopped.0.0-arbiter-10000-guest-10000"
"2019-08-24 16:32:52,547 - federation.py[line:145] - DEBUG: [GET] arbiter 10000 getting remote object HeteroNETransferVariable.host_common_embedding.0.1.0 from host [9999]"
"2019-08-24 16:32:52,575 - federation.py[line:46] - DEBUG: [GET] Got hetero_network_embedding_example_standalone_20190824163235-HeteroNETransferVariable.is_stopped-HeteroNETransferVariable.is_stopped.0.0-arbiter-10000-host-9999 type Object"
"2019-08-24 16:32:52,583 - federation.py[line:46] - DEBUG: [GET] Got hetero_network_embedding_example_standalone_20190824163235-HeteroNETransferVariable.is_stopped-HeteroNETransferVariable.is_stopped.0.0-arbiter-10000-guest-10000 type Object"
"2019-08-24 16:32:57,801 - federation.py[line:124] - DEBUG: [REMOTE] Sent hetero_network_embedding_example_standalone_20190824163235-HeteroNETransferVariable.host_common_embedding-HeteroNETransferVariable.host_common_embedding.0.1.0-host-9999-arbiter-10000"
"2019-08-24 16:32:57,802 - federation.py[line:145] - DEBUG: [GET] host 9999 getting remote object HeteroNETransferVariable.common_embedding.0.1.0 from arbiter [10000]"
"2019-08-24 16:32:57,869 - federation.py[line:46] - DEBUG: [GET] Got hetero_network_embedding_example_standalone_20190824163235-HeteroNETransferVariable.host_common_embedding-HeteroNETransferVariable.host_common_embedding.0.1.0-host-9999-arbiter-10000 type Table"
"2019-08-24 16:32:57,869 - federation.py[line:145] - DEBUG: [GET] arbiter 10000 getting remote object HeteroNETransferVariable.guest_common_embedding.0.1.0 from guest [10000]"
"2019-08-24 16:32:59,376 - federation.py[line:46] - DEBUG: [GET] Got hetero_network_embedding_example_standalone_20190824163235-HeteroNETransferVariable.guest_common_embedding-HeteroNETransferVariable.guest_common_embedding.0.1.0-guest-10000-arbiter-10000 type Table"
"2019-08-24 16:32:59,390 - federation.py[line:124] - DEBUG: [REMOTE] Sent hetero_network_embedding_example_standalone_20190824163235-HeteroNETransferVariable.guest_common_embedding-HeteroNETransferVariable.guest_common_embedding.0.1.0-guest-10000-arbiter-10000"
"2019-08-24 16:32:59,391 - federation.py[line:145] - DEBUG: [GET] guest 10000 getting remote object HeteroNETransferVariable.common_embedding.0.1.0 from arbiter [10000]"
"2019-08-24 16:33:00,011 - federation.py[line:124] - DEBUG: [REMOTE] Sent hetero_network_embedding_example_standalone_20190824163235-HeteroNETransferVariable.common_embedding-HeteroNETransferVariable.common_embedding.0.1.0-arbiter-10000-host-9999"
"2019-08-24 16:33:00,012 - federation.py[line:46] - DEBUG: [GET] Got hetero_network_embedding_example_standalone_20190824163235-HeteroNETransferVariable.common_embedding-HeteroNETransferVariable.common_embedding.0.1.0-arbiter-10000-host-9999 type Table"
"2019-08-24 16:33:00,297 - federation.py[line:46] - DEBUG: [GET] Got hetero_network_embedding_example_standalone_20190824163235-HeteroNETransferVariable.common_embedding-HeteroNETransferVariable.common_embedding.0.1.0-arbiter-10000-guest-10000 type Table"
"2019-08-24 16:33:00,364 - federation.py[line:124] - DEBUG: [REMOTE] Sent hetero_network_embedding_example_standalone_20190824163235-HeteroNETransferVariable.common_embedding-HeteroNETransferVariable.common_embedding.0.1.0-arbiter-10000-guest-10000"
"2019-08-24 16:33:00,365 - federation.py[line:145] - DEBUG: [GET] arbiter 10000 getting remote object HeteroNETransferVariable.host_gradient.0.1.0 from guest [10000]"
"2019-08-24 16:33:03,545 - federation.py[line:145] - DEBUG: [GET] guest 10000 getting remote object HeteroNETransferVariable.host_forward_dict.0.1.0 from host [9999]"
"2019-08-24 16:33:03,635 - federation.py[line:124] - DEBUG: [REMOTE] Sent hetero_network_embedding_example_standalone_20190824163235-HeteroNETransferVariable.host_forward_dict-HeteroNETransferVariable.host_forward_dict.0.1.0-host-9999-guest-10000"
"2019-08-24 16:33:03,635 - federation.py[line:145] - DEBUG: [GET] host 9999 getting remote object HeteroNETransferVariable.host_optim_gradient.0.1.0 from arbiter [10000]"
"2019-08-24 16:33:03,646 - federation.py[line:46] - DEBUG: [GET] Got hetero_network_embedding_example_standalone_20190824163235-HeteroNETransferVariable.host_forward_dict-HeteroNETransferVariable.host_forward_dict.0.1.0-host-9999-guest-10000 type Table"
"2019-08-24 16:33:04,354 - federation.py[line:124] - DEBUG: [REMOTE] Sent hetero_network_embedding_example_standalone_20190824163235-HeteroNETransferVariable.host_gradient-HeteroNETransferVariable.host_gradient.0.1.0-guest-10000-arbiter-10000"
"2019-08-24 16:33:04,381 - federation.py[line:46] - DEBUG: [GET] Got hetero_network_embedding_example_standalone_20190824163235-HeteroNETransferVariable.host_gradient-HeteroNETransferVariable.host_gradient.0.1.0-guest-10000-arbiter-10000 type Table"
"2019-08-24 16:33:04,381 - federation.py[line:145] - DEBUG: [GET] arbiter 10000 getting remote object HeteroNETransferVariable.guest_gradient.0.1.0 from guest [10000]"
"2019-08-24 16:33:04,848 - federation.py[line:124] - DEBUG: [REMOTE] Sent hetero_network_embedding_example_standalone_20190824163235-HeteroNETransferVariable.guest_gradient-HeteroNETransferVariable.guest_gradient.0.1.0-guest-10000-arbiter-10000"
"2019-08-24 16:33:04,849 - federation.py[line:145] - DEBUG: [GET] guest 10000 getting remote object HeteroNETransferVariable.guest_optim_gradient.0.1.0 from arbiter [10000]"
"2019-08-24 16:33:04,884 - federation.py[line:46] - DEBUG: [GET] Got hetero_network_embedding_example_standalone_20190824163235-HeteroNETransferVariable.guest_gradient-HeteroNETransferVariable.guest_gradient.0.1.0-guest-10000-arbiter-10000 type Table"
"2019-08-24 16:33:05,383 - federation.py[line:124] - DEBUG: [REMOTE] Sent hetero_network_embedding_example_standalone_20190824163235-HeteroNETransferVariable.host_optim_gradient-HeteroNETransferVariable.host_optim_gradient.0.1.0-arbiter-10000-host-9999"
"2019-08-24 16:33:05,392 - federation.py[line:124] - DEBUG: [REMOTE] Sent hetero_network_embedding_example_standalone_20190824163235-HeteroNETransferVariable.guest_optim_gradient-HeteroNETransferVariable.guest_optim_gradient.0.1.0-arbiter-10000-guest-10000"
"2019-08-24 16:33:05,392 - federation.py[line:145] - DEBUG: [GET] arbiter 10000 getting remote object HeteroNETransferVariable.loss.0.1.0 from guest [10000]"
"2019-08-24 16:33:05,443 - federation.py[line:46] - DEBUG: [GET] Got hetero_network_embedding_example_standalone_20190824163235-HeteroNETransferVariable.host_optim_gradient-HeteroNETransferVariable.host_optim_gradient.0.1.0-arbiter-10000-host-9999 type Table"
"2019-08-24 16:33:05,452 - federation.py[line:46] - DEBUG: [GET] Got hetero_network_embedding_example_standalone_20190824163235-HeteroNETransferVariable.guest_optim_gradient-HeteroNETransferVariable.guest_optim_gradient.0.1.0-arbiter-10000-guest-10000 type Table"
"2019-08-24 16:33:05,634 - federation.py[line:124] - DEBUG: [REMOTE] Sent hetero_network_embedding_example_standalone_20190824163235-HeteroNETransferVariable.loss-HeteroNETransferVariable.loss.0.1.0-guest-10000-arbiter-10000"
"2019-08-24 16:33:05,693 - federation.py[line:46] - DEBUG: [GET] Got hetero_network_embedding_example_standalone_20190824163235-HeteroNETransferVariable.loss-HeteroNETransferVariable.loss.0.1.0-guest-10000-arbiter-10000 type Object"
"2019-08-24 16:33:05,694 - federation.py[line:145] - DEBUG: [GET] arbiter 10000 getting remote object HeteroNETransferVariable.host_common_embedding.0.1.1 from host [9999]"
"2019-08-24 16:33:05,769 - federation.py[line:124] - DEBUG: [REMOTE] Sent hetero_network_embedding_example_standalone_20190824163235-HeteroNETransferVariable.host_common_embedding-HeteroNETransferVariable.host_common_embedding.0.1.1-host-9999-arbiter-10000"
"2019-08-24 16:33:05,769 - federation.py[line:145] - DEBUG: [GET] host 9999 getting remote object HeteroNETransferVariable.common_embedding.0.1.1 from arbiter [10000]"
"2019-08-24 16:33:05,795 - federation.py[line:46] - DEBUG: [GET] Got hetero_network_embedding_example_standalone_20190824163235-HeteroNETransferVariable.host_common_embedding-HeteroNETransferVariable.host_common_embedding.0.1.1-host-9999-arbiter-10000 type Table"
"2019-08-24 16:33:05,795 - federation.py[line:145] - DEBUG: [GET] arbiter 10000 getting remote object HeteroNETransferVariable.guest_common_embedding.0.1.1 from guest [10000]"
"2019-08-24 16:33:06,520 - federation.py[line:124] - DEBUG: [REMOTE] Sent hetero_network_embedding_example_standalone_20190824163235-HeteroNETransferVariable.guest_common_embedding-HeteroNETransferVariable.guest_common_embedding.0.1.1-guest-10000-arbiter-10000"
"2019-08-24 16:33:06,521 - federation.py[line:145] - DEBUG: [GET] guest 10000 getting remote object HeteroNETransferVariable.common_embedding.0.1.1 from arbiter [10000]"
"2019-08-24 16:33:06,599 - federation.py[line:46] - DEBUG: [GET] Got hetero_network_embedding_example_standalone_20190824163235-HeteroNETransferVariable.guest_common_embedding-HeteroNETransferVariable.guest_common_embedding.0.1.1-guest-10000-arbiter-10000 type Table"
"2019-08-24 16:33:06,673 - federation.py[line:124] - DEBUG: [REMOTE] Sent hetero_network_embedding_example_standalone_20190824163235-HeteroNETransferVariable.common_embedding-HeteroNETransferVariable.common_embedding.0.1.1-arbiter-10000-host-9999"
"2019-08-24 16:33:06,675 - federation.py[line:46] - DEBUG: [GET] Got hetero_network_embedding_example_standalone_20190824163235-HeteroNETransferVariable.common_embedding-HeteroNETransferVariable.common_embedding.0.1.1-arbiter-10000-host-9999 type Table"
"2019-08-24 16:33:06,679 - federation.py[line:145] - DEBUG: [GET] host 9999 getting remote object HeteroNETransferVariable.is_stopped.0.1 from arbiter [10000]"
"2019-08-24 16:33:06,690 - federation.py[line:124] - DEBUG: [REMOTE] Sent hetero_network_embedding_example_standalone_20190824163235-HeteroNETransferVariable.common_embedding-HeteroNETransferVariable.common_embedding.0.1.1-arbiter-10000-guest-10000"
"2019-08-24 16:33:06,722 - federation.py[line:124] - DEBUG: [REMOTE] Sent hetero_network_embedding_example_standalone_20190824163235-HeteroNETransferVariable.is_stopped-HeteroNETransferVariable.is_stopped.0.1-arbiter-10000-host-9999"
"2019-08-24 16:33:06,722 - federation.py[line:46] - DEBUG: [GET] Got hetero_network_embedding_example_standalone_20190824163235-HeteroNETransferVariable.common_embedding-HeteroNETransferVariable.common_embedding.0.1.1-arbiter-10000-guest-10000 type Table"
"2019-08-24 16:33:06,724 - federation.py[line:145] - DEBUG: [GET] guest 10000 getting remote object HeteroNETransferVariable.is_stopped.0.1 from arbiter [10000]"
"2019-08-24 16:33:06,766 - federation.py[line:124] - DEBUG: [REMOTE] Sent hetero_network_embedding_example_standalone_20190824163235-HeteroNETransferVariable.is_stopped-HeteroNETransferVariable.is_stopped.0.1-arbiter-10000-guest-10000"
"2019-08-24 16:33:06,767 - federation.py[line:145] - DEBUG: [GET] arbiter 10000 getting remote object HeteroNETransferVariable.host_common_embedding.0.2.0 from host [9999]"
"2019-08-24 16:33:06,780 - federation.py[line:46] - DEBUG: [GET] Got hetero_network_embedding_example_standalone_20190824163235-HeteroNETransferVariable.is_stopped-HeteroNETransferVariable.is_stopped.0.1-arbiter-10000-host-9999 type Object"
"2019-08-24 16:33:06,828 - federation.py[line:46] - DEBUG: [GET] Got hetero_network_embedding_example_standalone_20190824163235-HeteroNETransferVariable.is_stopped-HeteroNETransferVariable.is_stopped.0.1-arbiter-10000-guest-10000 type Object"
"2019-08-24 16:33:11,748 - federation.py[line:124] - DEBUG: [REMOTE] Sent hetero_network_embedding_example_standalone_20190824163235-HeteroNETransferVariable.host_common_embedding-HeteroNETransferVariable.host_common_embedding.0.2.0-host-9999-arbiter-10000"
"2019-08-24 16:33:11,748 - federation.py[line:145] - DEBUG: [GET] host 9999 getting remote object HeteroNETransferVariable.common_embedding.0.2.0 from arbiter [10000]"
"2019-08-24 16:33:11,788 - federation.py[line:46] - DEBUG: [GET] Got hetero_network_embedding_example_standalone_20190824163235-HeteroNETransferVariable.host_common_embedding-HeteroNETransferVariable.host_common_embedding.0.2.0-host-9999-arbiter-10000 type Table"
"2019-08-24 16:33:11,788 - federation.py[line:145] - DEBUG: [GET] arbiter 10000 getting remote object HeteroNETransferVariable.guest_common_embedding.0.2.0 from guest [10000]"
"2019-08-24 16:33:11,890 - federation.py[line:46] - DEBUG: [GET] Got hetero_network_embedding_example_standalone_20190824163235-HeteroNETransferVariable.guest_common_embedding-HeteroNETransferVariable.guest_common_embedding.0.2.0-guest-10000-arbiter-10000 type Table"
"2019-08-24 16:33:11,891 - federation.py[line:124] - DEBUG: [REMOTE] Sent hetero_network_embedding_example_standalone_20190824163235-HeteroNETransferVariable.guest_common_embedding-HeteroNETransferVariable.guest_common_embedding.0.2.0-guest-10000-arbiter-10000"
"2019-08-24 16:33:11,892 - federation.py[line:145] - DEBUG: [GET] guest 10000 getting remote object HeteroNETransferVariable.common_embedding.0.2.0 from arbiter [10000]"
"2019-08-24 16:33:12,190 - federation.py[line:124] - DEBUG: [REMOTE] Sent hetero_network_embedding_example_standalone_20190824163235-HeteroNETransferVariable.common_embedding-HeteroNETransferVariable.common_embedding.0.2.0-arbiter-10000-host-9999"
"2019-08-24 16:33:12,202 - federation.py[line:124] - DEBUG: [REMOTE] Sent hetero_network_embedding_example_standalone_20190824163235-HeteroNETransferVariable.common_embedding-HeteroNETransferVariable.common_embedding.0.2.0-arbiter-10000-guest-10000"
"2019-08-24 16:33:12,203 - federation.py[line:145] - DEBUG: [GET] arbiter 10000 getting remote object HeteroNETransferVariable.host_gradient.0.2.0 from guest [10000]"
"2019-08-24 16:33:12,251 - federation.py[line:46] - DEBUG: [GET] Got hetero_network_embedding_example_standalone_20190824163235-HeteroNETransferVariable.common_embedding-HeteroNETransferVariable.common_embedding.0.2.0-arbiter-10000-host-9999 type Table"
"2019-08-24 16:33:12,294 - federation.py[line:46] - DEBUG: [GET] Got hetero_network_embedding_example_standalone_20190824163235-HeteroNETransferVariable.common_embedding-HeteroNETransferVariable.common_embedding.0.2.0-arbiter-10000-guest-10000 type Table"
"2019-08-24 16:33:13,815 - federation.py[line:145] - DEBUG: [GET] guest 10000 getting remote object HeteroNETransferVariable.host_forward_dict.0.2.0 from host [9999]"
"2019-08-24 16:33:13,859 - federation.py[line:124] - DEBUG: [REMOTE] Sent hetero_network_embedding_example_standalone_20190824163235-HeteroNETransferVariable.host_forward_dict-HeteroNETransferVariable.host_forward_dict.0.2.0-host-9999-guest-10000"
"2019-08-24 16:33:13,860 - federation.py[line:145] - DEBUG: [GET] host 9999 getting remote object HeteroNETransferVariable.host_optim_gradient.0.2.0 from arbiter [10000]"
"2019-08-24 16:33:13,916 - federation.py[line:46] - DEBUG: [GET] Got hetero_network_embedding_example_standalone_20190824163235-HeteroNETransferVariable.host_forward_dict-HeteroNETransferVariable.host_forward_dict.0.2.0-host-9999-guest-10000 type Table"
"2019-08-24 16:33:14,512 - federation.py[line:46] - DEBUG: [GET] Got hetero_network_embedding_example_standalone_20190824163235-HeteroNETransferVariable.host_gradient-HeteroNETransferVariable.host_gradient.0.2.0-guest-10000-arbiter-10000 type Table"
"2019-08-24 16:33:14,513 - federation.py[line:145] - DEBUG: [GET] arbiter 10000 getting remote object HeteroNETransferVariable.guest_gradient.0.2.0 from guest [10000]"
"2019-08-24 16:33:14,513 - federation.py[line:124] - DEBUG: [REMOTE] Sent hetero_network_embedding_example_standalone_20190824163235-HeteroNETransferVariable.host_gradient-HeteroNETransferVariable.host_gradient.0.2.0-guest-10000-arbiter-10000"
"2019-08-24 16:33:15,226 - federation.py[line:124] - DEBUG: [REMOTE] Sent hetero_network_embedding_example_standalone_20190824163235-HeteroNETransferVariable.guest_gradient-HeteroNETransferVariable.guest_gradient.0.2.0-guest-10000-arbiter-10000"
"2019-08-24 16:33:15,226 - federation.py[line:145] - DEBUG: [GET] guest 10000 getting remote object HeteroNETransferVariable.guest_optim_gradient.0.2.0 from arbiter [10000]"
"2019-08-24 16:33:15,316 - federation.py[line:46] - DEBUG: [GET] Got hetero_network_embedding_example_standalone_20190824163235-HeteroNETransferVariable.guest_gradient-HeteroNETransferVariable.guest_gradient.0.2.0-guest-10000-arbiter-10000 type Table"
"2019-08-24 16:33:15,411 - federation.py[line:124] - DEBUG: [REMOTE] Sent hetero_network_embedding_example_standalone_20190824163235-HeteroNETransferVariable.host_optim_gradient-HeteroNETransferVariable.host_optim_gradient.0.2.0-arbiter-10000-host-9999"
"2019-08-24 16:33:15,422 - federation.py[line:124] - DEBUG: [REMOTE] Sent hetero_network_embedding_example_standalone_20190824163235-HeteroNETransferVariable.guest_optim_gradient-HeteroNETransferVariable.guest_optim_gradient.0.2.0-arbiter-10000-guest-10000"
"2019-08-24 16:33:15,422 - federation.py[line:145] - DEBUG: [GET] arbiter 10000 getting remote object HeteroNETransferVariable.loss.0.2.0 from guest [10000]"
"2019-08-24 16:33:15,428 - federation.py[line:46] - DEBUG: [GET] Got hetero_network_embedding_example_standalone_20190824163235-HeteroNETransferVariable.guest_optim_gradient-HeteroNETransferVariable.guest_optim_gradient.0.2.0-arbiter-10000-guest-10000 type Table"
"2019-08-24 16:33:15,467 - federation.py[line:46] - DEBUG: [GET] Got hetero_network_embedding_example_standalone_20190824163235-HeteroNETransferVariable.host_optim_gradient-HeteroNETransferVariable.host_optim_gradient.0.2.0-arbiter-10000-host-9999 type Table"
"2019-08-24 16:33:15,584 - federation.py[line:124] - DEBUG: [REMOTE] Sent hetero_network_embedding_example_standalone_20190824163235-HeteroNETransferVariable.loss-HeteroNETransferVariable.loss.0.2.0-guest-10000-arbiter-10000"
"2019-08-24 16:33:15,623 - federation.py[line:46] - DEBUG: [GET] Got hetero_network_embedding_example_standalone_20190824163235-HeteroNETransferVariable.loss-HeteroNETransferVariable.loss.0.2.0-guest-10000-arbiter-10000 type Object"
"2019-08-24 16:33:15,624 - federation.py[line:145] - DEBUG: [GET] arbiter 10000 getting remote object HeteroNETransferVariable.host_common_embedding.0.2.1 from host [9999]"
"2019-08-24 16:33:15,723 - federation.py[line:124] - DEBUG: [REMOTE] Sent hetero_network_embedding_example_standalone_20190824163235-HeteroNETransferVariable.host_common_embedding-HeteroNETransferVariable.host_common_embedding.0.2.1-host-9999-arbiter-10000"
"2019-08-24 16:33:15,723 - federation.py[line:145] - DEBUG: [GET] host 9999 getting remote object HeteroNETransferVariable.common_embedding.0.2.1 from arbiter [10000]"
"2019-08-24 16:33:15,725 - federation.py[line:46] - DEBUG: [GET] Got hetero_network_embedding_example_standalone_20190824163235-HeteroNETransferVariable.host_common_embedding-HeteroNETransferVariable.host_common_embedding.0.2.1-host-9999-arbiter-10000 type Table"
"2019-08-24 16:33:15,725 - federation.py[line:145] - DEBUG: [GET] arbiter 10000 getting remote object HeteroNETransferVariable.guest_common_embedding.0.2.1 from guest [10000]"
"2019-08-24 16:33:16,251 - federation.py[line:124] - DEBUG: [REMOTE] Sent hetero_network_embedding_example_standalone_20190824163235-HeteroNETransferVariable.guest_common_embedding-HeteroNETransferVariable.guest_common_embedding.0.2.1-guest-10000-arbiter-10000"
"2019-08-24 16:33:16,251 - federation.py[line:145] - DEBUG: [GET] guest 10000 getting remote object HeteroNETransferVariable.common_embedding.0.2.1 from arbiter [10000]"
"2019-08-24 16:33:16,328 - federation.py[line:46] - DEBUG: [GET] Got hetero_network_embedding_example_standalone_20190824163235-HeteroNETransferVariable.guest_common_embedding-HeteroNETransferVariable.guest_common_embedding.0.2.1-guest-10000-arbiter-10000 type Table"
"2019-08-24 16:33:16,405 - federation.py[line:124] - DEBUG: [REMOTE] Sent hetero_network_embedding_example_standalone_20190824163235-HeteroNETransferVariable.common_embedding-HeteroNETransferVariable.common_embedding.0.2.1-arbiter-10000-host-9999"
"2019-08-24 16:33:16,413 - federation.py[line:124] - DEBUG: [REMOTE] Sent hetero_network_embedding_example_standalone_20190824163235-HeteroNETransferVariable.common_embedding-HeteroNETransferVariable.common_embedding.0.2.1-arbiter-10000-guest-10000"
"2019-08-24 16:33:16,427 - federation.py[line:46] - DEBUG: [GET] Got hetero_network_embedding_example_standalone_20190824163235-HeteroNETransferVariable.common_embedding-HeteroNETransferVariable.common_embedding.0.2.1-arbiter-10000-host-9999 type Table"
"2019-08-24 16:33:16,429 - federation.py[line:145] - DEBUG: [GET] host 9999 getting remote object HeteroNETransferVariable.is_stopped.0.2 from arbiter [10000]"
"2019-08-24 16:33:16,444 - federation.py[line:124] - DEBUG: [REMOTE] Sent hetero_network_embedding_example_standalone_20190824163235-HeteroNETransferVariable.is_stopped-HeteroNETransferVariable.is_stopped.0.2-arbiter-10000-host-9999"
"2019-08-24 16:33:16,453 - federation.py[line:46] - DEBUG: [GET] Got hetero_network_embedding_example_standalone_20190824163235-HeteroNETransferVariable.common_embedding-HeteroNETransferVariable.common_embedding.0.2.1-arbiter-10000-guest-10000 type Table"
"2019-08-24 16:33:16,455 - federation.py[line:145] - DEBUG: [GET] guest 10000 getting remote object HeteroNETransferVariable.is_stopped.0.2 from arbiter [10000]"
"2019-08-24 16:33:16,472 - federation.py[line:124] - DEBUG: [REMOTE] Sent hetero_network_embedding_example_standalone_20190824163235-HeteroNETransferVariable.is_stopped-HeteroNETransferVariable.is_stopped.0.2-arbiter-10000-guest-10000"
"2019-08-24 16:33:16,472 - federation.py[line:145] - DEBUG: [GET] arbiter 10000 getting remote object HeteroNETransferVariable.host_common_embedding.0.3.0 from host [9999]"
"2019-08-24 16:33:16,530 - federation.py[line:46] - DEBUG: [GET] Got hetero_network_embedding_example_standalone_20190824163235-HeteroNETransferVariable.is_stopped-HeteroNETransferVariable.is_stopped.0.2-arbiter-10000-host-9999 type Object"
"2019-08-24 16:33:16,556 - federation.py[line:46] - DEBUG: [GET] Got hetero_network_embedding_example_standalone_20190824163235-HeteroNETransferVariable.is_stopped-HeteroNETransferVariable.is_stopped.0.2-arbiter-10000-guest-10000 type Object"
"2019-08-24 16:33:25,333 - federation.py[line:124] - DEBUG: [REMOTE] Sent hetero_network_embedding_example_standalone_20190824163235-HeteroNETransferVariable.guest_common_embedding-HeteroNETransferVariable.guest_common_embedding.0.3.0-guest-10000-arbiter-10000"
"2019-08-24 16:33:25,333 - federation.py[line:145] - DEBUG: [GET] guest 10000 getting remote object HeteroNETransferVariable.common_embedding.0.3.0 from arbiter [10000]"
"2019-08-24 16:33:25,352 - federation.py[line:124] - DEBUG: [REMOTE] Sent hetero_network_embedding_example_standalone_20190824163235-HeteroNETransferVariable.host_common_embedding-HeteroNETransferVariable.host_common_embedding.0.3.0-host-9999-arbiter-10000"
"2019-08-24 16:33:25,352 - federation.py[line:145] - DEBUG: [GET] host 9999 getting remote object HeteroNETransferVariable.common_embedding.0.3.0 from arbiter [10000]"
"2019-08-24 16:33:25,409 - federation.py[line:46] - DEBUG: [GET] Got hetero_network_embedding_example_standalone_20190824163235-HeteroNETransferVariable.host_common_embedding-HeteroNETransferVariable.host_common_embedding.0.3.0-host-9999-arbiter-10000 type Table"
"2019-08-24 16:33:25,410 - federation.py[line:145] - DEBUG: [GET] arbiter 10000 getting remote object HeteroNETransferVariable.guest_common_embedding.0.3.0 from guest [10000]"
"2019-08-24 16:33:25,410 - federation.py[line:46] - DEBUG: [GET] Got hetero_network_embedding_example_standalone_20190824163235-HeteroNETransferVariable.guest_common_embedding-HeteroNETransferVariable.guest_common_embedding.0.3.0-guest-10000-arbiter-10000 type Table"
"2019-08-24 16:33:25,494 - federation.py[line:124] - DEBUG: [REMOTE] Sent hetero_network_embedding_example_standalone_20190824163235-HeteroNETransferVariable.common_embedding-HeteroNETransferVariable.common_embedding.0.3.0-arbiter-10000-host-9999"
"2019-08-24 16:33:25,505 - federation.py[line:124] - DEBUG: [REMOTE] Sent hetero_network_embedding_example_standalone_20190824163235-HeteroNETransferVariable.common_embedding-HeteroNETransferVariable.common_embedding.0.3.0-arbiter-10000-guest-10000"
"2019-08-24 16:33:25,505 - federation.py[line:145] - DEBUG: [GET] arbiter 10000 getting remote object HeteroNETransferVariable.host_gradient.0.3.0 from guest [10000]"
"2019-08-24 16:33:25,535 - federation.py[line:46] - DEBUG: [GET] Got hetero_network_embedding_example_standalone_20190824163235-HeteroNETransferVariable.common_embedding-HeteroNETransferVariable.common_embedding.0.3.0-arbiter-10000-guest-10000 type Table"
"2019-08-24 16:33:25,554 - federation.py[line:46] - DEBUG: [GET] Got hetero_network_embedding_example_standalone_20190824163235-HeteroNETransferVariable.common_embedding-HeteroNETransferVariable.common_embedding.0.3.0-arbiter-10000-host-9999 type Table"
"2019-08-24 16:33:27,112 - federation.py[line:145] - DEBUG: [GET] guest 10000 getting remote object HeteroNETransferVariable.host_forward_dict.0.3.0 from host [9999]"
"2019-08-24 16:33:27,113 - federation.py[line:46] - DEBUG: [GET] Got hetero_network_embedding_example_standalone_20190824163235-HeteroNETransferVariable.host_forward_dict-HeteroNETransferVariable.host_forward_dict.0.3.0-host-9999-guest-10000 type Table"
"2019-08-24 16:33:27,125 - federation.py[line:124] - DEBUG: [REMOTE] Sent hetero_network_embedding_example_standalone_20190824163235-HeteroNETransferVariable.host_forward_dict-HeteroNETransferVariable.host_forward_dict.0.3.0-host-9999-guest-10000"
"2019-08-24 16:33:27,126 - federation.py[line:145] - DEBUG: [GET] host 9999 getting remote object HeteroNETransferVariable.host_optim_gradient.0.3.0 from arbiter [10000]"
"2019-08-24 16:33:27,777 - federation.py[line:124] - DEBUG: [REMOTE] Sent hetero_network_embedding_example_standalone_20190824163235-HeteroNETransferVariable.host_gradient-HeteroNETransferVariable.host_gradient.0.3.0-guest-10000-arbiter-10000"
"2019-08-24 16:33:27,815 - federation.py[line:46] - DEBUG: [GET] Got hetero_network_embedding_example_standalone_20190824163235-HeteroNETransferVariable.host_gradient-HeteroNETransferVariable.host_gradient.0.3.0-guest-10000-arbiter-10000 type Table"
"2019-08-24 16:33:27,815 - federation.py[line:145] - DEBUG: [GET] arbiter 10000 getting remote object HeteroNETransferVariable.guest_gradient.0.3.0 from guest [10000]"
"2019-08-24 16:33:28,280 - federation.py[line:124] - DEBUG: [REMOTE] Sent hetero_network_embedding_example_standalone_20190824163235-HeteroNETransferVariable.guest_gradient-HeteroNETransferVariable.guest_gradient.0.3.0-guest-10000-arbiter-10000"
"2019-08-24 16:33:28,280 - federation.py[line:145] - DEBUG: [GET] guest 10000 getting remote object HeteroNETransferVariable.guest_optim_gradient.0.3.0 from arbiter [10000]"
"2019-08-24 16:33:28,317 - federation.py[line:46] - DEBUG: [GET] Got hetero_network_embedding_example_standalone_20190824163235-HeteroNETransferVariable.guest_gradient-HeteroNETransferVariable.guest_gradient.0.3.0-guest-10000-arbiter-10000 type Table"
"2019-08-24 16:33:28,791 - federation.py[line:124] - DEBUG: [REMOTE] Sent hetero_network_embedding_example_standalone_20190824163235-HeteroNETransferVariable.host_optim_gradient-HeteroNETransferVariable.host_optim_gradient.0.3.0-arbiter-10000-host-9999"
"2019-08-24 16:33:28,799 - federation.py[line:124] - DEBUG: [REMOTE] Sent hetero_network_embedding_example_standalone_20190824163235-HeteroNETransferVariable.guest_optim_gradient-HeteroNETransferVariable.guest_optim_gradient.0.3.0-arbiter-10000-guest-10000"
"2019-08-24 16:33:28,799 - federation.py[line:145] - DEBUG: [GET] arbiter 10000 getting remote object HeteroNETransferVariable.loss.0.3.0 from guest [10000]"
"2019-08-24 16:33:28,834 - federation.py[line:46] - DEBUG: [GET] Got hetero_network_embedding_example_standalone_20190824163235-HeteroNETransferVariable.host_optim_gradient-HeteroNETransferVariable.host_optim_gradient.0.3.0-arbiter-10000-host-9999 type Table"
"2019-08-24 16:33:28,883 - federation.py[line:46] - DEBUG: [GET] Got hetero_network_embedding_example_standalone_20190824163235-HeteroNETransferVariable.guest_optim_gradient-HeteroNETransferVariable.guest_optim_gradient.0.3.0-arbiter-10000-guest-10000 type Table"
"2019-08-24 16:33:28,971 - federation.py[line:124] - DEBUG: [REMOTE] Sent hetero_network_embedding_example_standalone_20190824163235-HeteroNETransferVariable.loss-HeteroNETransferVariable.loss.0.3.0-guest-10000-arbiter-10000"
"2019-08-24 16:33:29,000 - federation.py[line:46] - DEBUG: [GET] Got hetero_network_embedding_example_standalone_20190824163235-HeteroNETransferVariable.loss-HeteroNETransferVariable.loss.0.3.0-guest-10000-arbiter-10000 type Object"
"2019-08-24 16:33:29,001 - federation.py[line:145] - DEBUG: [GET] arbiter 10000 getting remote object HeteroNETransferVariable.host_common_embedding.0.3.1 from host [9999]"
"2019-08-24 16:33:29,061 - federation.py[line:124] - DEBUG: [REMOTE] Sent hetero_network_embedding_example_standalone_20190824163235-HeteroNETransferVariable.host_common_embedding-HeteroNETransferVariable.host_common_embedding.0.3.1-host-9999-arbiter-10000"
"2019-08-24 16:33:29,062 - federation.py[line:145] - DEBUG: [GET] host 9999 getting remote object HeteroNETransferVariable.common_embedding.0.3.1 from arbiter [10000]"
"2019-08-24 16:33:29,102 - federation.py[line:46] - DEBUG: [GET] Got hetero_network_embedding_example_standalone_20190824163235-HeteroNETransferVariable.host_common_embedding-HeteroNETransferVariable.host_common_embedding.0.3.1-host-9999-arbiter-10000 type Table"
"2019-08-24 16:33:29,102 - federation.py[line:145] - DEBUG: [GET] arbiter 10000 getting remote object HeteroNETransferVariable.guest_common_embedding.0.3.1 from guest [10000]"
"2019-08-24 16:33:29,750 - federation.py[line:124] - DEBUG: [REMOTE] Sent hetero_network_embedding_example_standalone_20190824163235-HeteroNETransferVariable.guest_common_embedding-HeteroNETransferVariable.guest_common_embedding.0.3.1-guest-10000-arbiter-10000"
"2019-08-24 16:33:29,751 - federation.py[line:145] - DEBUG: [GET] guest 10000 getting remote object HeteroNETransferVariable.common_embedding.0.3.1 from arbiter [10000]"
"2019-08-24 16:33:29,805 - federation.py[line:46] - DEBUG: [GET] Got hetero_network_embedding_example_standalone_20190824163235-HeteroNETransferVariable.guest_common_embedding-HeteroNETransferVariable.guest_common_embedding.0.3.1-guest-10000-arbiter-10000 type Table"
"2019-08-24 16:33:29,891 - federation.py[line:124] - DEBUG: [REMOTE] Sent hetero_network_embedding_example_standalone_20190824163235-HeteroNETransferVariable.common_embedding-HeteroNETransferVariable.common_embedding.0.3.1-arbiter-10000-host-9999"
"2019-08-24 16:33:29,899 - federation.py[line:124] - DEBUG: [REMOTE] Sent hetero_network_embedding_example_standalone_20190824163235-HeteroNETransferVariable.common_embedding-HeteroNETransferVariable.common_embedding.0.3.1-arbiter-10000-guest-10000"
"2019-08-24 16:33:29,925 - federation.py[line:124] - DEBUG: [REMOTE] Sent hetero_network_embedding_example_standalone_20190824163235-HeteroNETransferVariable.is_stopped-HeteroNETransferVariable.is_stopped.0.3-arbiter-10000-host-9999"
"2019-08-24 16:33:29,952 - federation.py[line:46] - DEBUG: [GET] Got hetero_network_embedding_example_standalone_20190824163235-HeteroNETransferVariable.common_embedding-HeteroNETransferVariable.common_embedding.0.3.1-arbiter-10000-guest-10000 type Table"
"2019-08-24 16:33:29,955 - federation.py[line:145] - DEBUG: [GET] guest 10000 getting remote object HeteroNETransferVariable.is_stopped.0.3 from arbiter [10000]"
"2019-08-24 16:33:29,955 - federation.py[line:46] - DEBUG: [GET] Got hetero_network_embedding_example_standalone_20190824163235-HeteroNETransferVariable.is_stopped-HeteroNETransferVariable.is_stopped.0.3-arbiter-10000-guest-10000 type Object"
"2019-08-24 16:33:29,960 - federation.py[line:124] - DEBUG: [REMOTE] Sent hetero_network_embedding_example_standalone_20190824163235-HeteroNETransferVariable.is_stopped-HeteroNETransferVariable.is_stopped.0.3-arbiter-10000-guest-10000"
"2019-08-24 16:33:29,960 - federation.py[line:145] - DEBUG: [GET] arbiter 10000 getting remote object HeteroNETransferVariable.host_common_embedding.0.4.0 from host [9999]"
"2019-08-24 16:33:29,967 - federation.py[line:46] - DEBUG: [GET] Got hetero_network_embedding_example_standalone_20190824163235-HeteroNETransferVariable.common_embedding-HeteroNETransferVariable.common_embedding.0.3.1-arbiter-10000-host-9999 type Table"
"2019-08-24 16:33:29,970 - federation.py[line:145] - DEBUG: [GET] host 9999 getting remote object HeteroNETransferVariable.is_stopped.0.3 from arbiter [10000]"
"2019-08-24 16:33:29,971 - federation.py[line:46] - DEBUG: [GET] Got hetero_network_embedding_example_standalone_20190824163235-HeteroNETransferVariable.is_stopped-HeteroNETransferVariable.is_stopped.0.3-arbiter-10000-host-9999 type Object"
"2019-08-24 16:33:36,287 - federation.py[line:124] - DEBUG: [REMOTE] Sent hetero_network_embedding_example_standalone_20190824163235-HeteroNETransferVariable.host_common_embedding-HeteroNETransferVariable.host_common_embedding.0.4.0-host-9999-arbiter-10000"
"2019-08-24 16:33:36,287 - federation.py[line:145] - DEBUG: [GET] host 9999 getting remote object HeteroNETransferVariable.common_embedding.0.4.0 from arbiter [10000]"
"2019-08-24 16:33:36,288 - federation.py[line:46] - DEBUG: [GET] Got hetero_network_embedding_example_standalone_20190824163235-HeteroNETransferVariable.host_common_embedding-HeteroNETransferVariable.host_common_embedding.0.4.0-host-9999-arbiter-10000 type Table"
"2019-08-24 16:33:36,289 - federation.py[line:145] - DEBUG: [GET] arbiter 10000 getting remote object HeteroNETransferVariable.guest_common_embedding.0.4.0 from guest [10000]"
"2019-08-24 16:33:36,289 - federation.py[line:46] - DEBUG: [GET] Got hetero_network_embedding_example_standalone_20190824163235-HeteroNETransferVariable.guest_common_embedding-HeteroNETransferVariable.guest_common_embedding.0.4.0-guest-10000-arbiter-10000 type Table"
"2019-08-24 16:33:36,299 - federation.py[line:124] - DEBUG: [REMOTE] Sent hetero_network_embedding_example_standalone_20190824163235-HeteroNETransferVariable.guest_common_embedding-HeteroNETransferVariable.guest_common_embedding.0.4.0-guest-10000-arbiter-10000"
"2019-08-24 16:33:36,299 - federation.py[line:145] - DEBUG: [GET] guest 10000 getting remote object HeteroNETransferVariable.common_embedding.0.4.0 from arbiter [10000]"
"2019-08-24 16:33:36,378 - federation.py[line:124] - DEBUG: [REMOTE] Sent hetero_network_embedding_example_standalone_20190824163235-HeteroNETransferVariable.common_embedding-HeteroNETransferVariable.common_embedding.0.4.0-arbiter-10000-host-9999"
"2019-08-24 16:33:36,390 - federation.py[line:46] - DEBUG: [GET] Got hetero_network_embedding_example_standalone_20190824163235-HeteroNETransferVariable.common_embedding-HeteroNETransferVariable.common_embedding.0.4.0-arbiter-10000-host-9999 type Table"
"2019-08-24 16:33:36,457 - federation.py[line:124] - DEBUG: [REMOTE] Sent hetero_network_embedding_example_standalone_20190824163235-HeteroNETransferVariable.common_embedding-HeteroNETransferVariable.common_embedding.0.4.0-arbiter-10000-guest-10000"
"2019-08-24 16:33:36,458 - federation.py[line:145] - DEBUG: [GET] arbiter 10000 getting remote object HeteroNETransferVariable.host_gradient.0.4.0 from guest [10000]"
"2019-08-24 16:33:36,501 - federation.py[line:46] - DEBUG: [GET] Got hetero_network_embedding_example_standalone_20190824163235-HeteroNETransferVariable.common_embedding-HeteroNETransferVariable.common_embedding.0.4.0-arbiter-10000-guest-10000 type Table"
"2019-08-24 16:33:38,329 - federation.py[line:124] - DEBUG: [REMOTE] Sent hetero_network_embedding_example_standalone_20190824163235-HeteroNETransferVariable.host_forward_dict-HeteroNETransferVariable.host_forward_dict.0.4.0-host-9999-guest-10000"
"2019-08-24 16:33:38,330 - federation.py[line:145] - DEBUG: [GET] host 9999 getting remote object HeteroNETransferVariable.host_optim_gradient.0.4.0 from arbiter [10000]"
"2019-08-24 16:33:38,396 - federation.py[line:145] - DEBUG: [GET] guest 10000 getting remote object HeteroNETransferVariable.host_forward_dict.0.4.0 from host [9999]"
"2019-08-24 16:33:38,397 - federation.py[line:46] - DEBUG: [GET] Got hetero_network_embedding_example_standalone_20190824163235-HeteroNETransferVariable.host_forward_dict-HeteroNETransferVariable.host_forward_dict.0.4.0-host-9999-guest-10000 type Table"
"2019-08-24 16:33:38,732 - federation.py[line:124] - DEBUG: [REMOTE] Sent hetero_network_embedding_example_standalone_20190824163235-HeteroNETransferVariable.host_gradient-HeteroNETransferVariable.host_gradient.0.4.0-guest-10000-arbiter-10000"
"2019-08-24 16:33:38,769 - federation.py[line:46] - DEBUG: [GET] Got hetero_network_embedding_example_standalone_20190824163235-HeteroNETransferVariable.host_gradient-HeteroNETransferVariable.host_gradient.0.4.0-guest-10000-arbiter-10000 type Table"
"2019-08-24 16:33:38,770 - federation.py[line:145] - DEBUG: [GET] arbiter 10000 getting remote object HeteroNETransferVariable.guest_gradient.0.4.0 from guest [10000]"
"2019-08-24 16:33:39,492 - federation.py[line:124] - DEBUG: [REMOTE] Sent hetero_network_embedding_example_standalone_20190824163235-HeteroNETransferVariable.guest_gradient-HeteroNETransferVariable.guest_gradient.0.4.0-guest-10000-arbiter-10000"
"2019-08-24 16:33:39,492 - federation.py[line:145] - DEBUG: [GET] guest 10000 getting remote object HeteroNETransferVariable.guest_optim_gradient.0.4.0 from arbiter [10000]"
"2019-08-24 16:33:39,573 - federation.py[line:46] - DEBUG: [GET] Got hetero_network_embedding_example_standalone_20190824163235-HeteroNETransferVariable.guest_gradient-HeteroNETransferVariable.guest_gradient.0.4.0-guest-10000-arbiter-10000 type Table"
"2019-08-24 16:33:39,676 - federation.py[line:124] - DEBUG: [REMOTE] Sent hetero_network_embedding_example_standalone_20190824163235-HeteroNETransferVariable.host_optim_gradient-HeteroNETransferVariable.host_optim_gradient.0.4.0-arbiter-10000-host-9999"
"2019-08-24 16:33:39,687 - federation.py[line:124] - DEBUG: [REMOTE] Sent hetero_network_embedding_example_standalone_20190824163235-HeteroNETransferVariable.guest_optim_gradient-HeteroNETransferVariable.guest_optim_gradient.0.4.0-arbiter-10000-guest-10000"
"2019-08-24 16:33:39,688 - federation.py[line:145] - DEBUG: [GET] arbiter 10000 getting remote object HeteroNETransferVariable.loss.0.4.0 from guest [10000]"
"2019-08-24 16:33:39,693 - federation.py[line:46] - DEBUG: [GET] Got hetero_network_embedding_example_standalone_20190824163235-HeteroNETransferVariable.guest_optim_gradient-HeteroNETransferVariable.guest_optim_gradient.0.4.0-arbiter-10000-guest-10000 type Table"
"2019-08-24 16:33:39,736 - federation.py[line:46] - DEBUG: [GET] Got hetero_network_embedding_example_standalone_20190824163235-HeteroNETransferVariable.host_optim_gradient-HeteroNETransferVariable.host_optim_gradient.0.4.0-arbiter-10000-host-9999 type Table"
"2019-08-24 16:33:39,821 - federation.py[line:124] - DEBUG: [REMOTE] Sent hetero_network_embedding_example_standalone_20190824163235-HeteroNETransferVariable.loss-HeteroNETransferVariable.loss.0.4.0-guest-10000-arbiter-10000"
"2019-08-24 16:33:39,889 - federation.py[line:46] - DEBUG: [GET] Got hetero_network_embedding_example_standalone_20190824163235-HeteroNETransferVariable.loss-HeteroNETransferVariable.loss.0.4.0-guest-10000-arbiter-10000 type Object"
"2019-08-24 16:33:39,890 - federation.py[line:145] - DEBUG: [GET] arbiter 10000 getting remote object HeteroNETransferVariable.host_common_embedding.0.4.1 from host [9999]"
"2019-08-24 16:33:40,330 - federation.py[line:124] - DEBUG: [REMOTE] Sent hetero_network_embedding_example_standalone_20190824163235-HeteroNETransferVariable.host_common_embedding-HeteroNETransferVariable.host_common_embedding.0.4.1-host-9999-arbiter-10000"
"2019-08-24 16:33:40,331 - federation.py[line:145] - DEBUG: [GET] host 9999 getting remote object HeteroNETransferVariable.common_embedding.0.4.1 from arbiter [10000]"
"2019-08-24 16:33:40,392 - federation.py[line:46] - DEBUG: [GET] Got hetero_network_embedding_example_standalone_20190824163235-HeteroNETransferVariable.host_common_embedding-HeteroNETransferVariable.host_common_embedding.0.4.1-host-9999-arbiter-10000 type Table"
"2019-08-24 16:33:40,392 - federation.py[line:145] - DEBUG: [GET] arbiter 10000 getting remote object HeteroNETransferVariable.guest_common_embedding.0.4.1 from guest [10000]"
"2019-08-24 16:33:40,517 - federation.py[line:124] - DEBUG: [REMOTE] Sent hetero_network_embedding_example_standalone_20190824163235-HeteroNETransferVariable.guest_common_embedding-HeteroNETransferVariable.guest_common_embedding.0.4.1-guest-10000-arbiter-10000"
"2019-08-24 16:33:40,517 - federation.py[line:145] - DEBUG: [GET] guest 10000 getting remote object HeteroNETransferVariable.common_embedding.0.4.1 from arbiter [10000]"
"2019-08-24 16:33:40,593 - federation.py[line:46] - DEBUG: [GET] Got hetero_network_embedding_example_standalone_20190824163235-HeteroNETransferVariable.guest_common_embedding-HeteroNETransferVariable.guest_common_embedding.0.4.1-guest-10000-arbiter-10000 type Table"
"2019-08-24 16:33:40,679 - federation.py[line:124] - DEBUG: [REMOTE] Sent hetero_network_embedding_example_standalone_20190824163235-HeteroNETransferVariable.common_embedding-HeteroNETransferVariable.common_embedding.0.4.1-arbiter-10000-host-9999"
"2019-08-24 16:33:40,699 - federation.py[line:124] - DEBUG: [REMOTE] Sent hetero_network_embedding_example_standalone_20190824163235-HeteroNETransferVariable.common_embedding-HeteroNETransferVariable.common_embedding.0.4.1-arbiter-10000-guest-10000"
"2019-08-24 16:33:40,719 - federation.py[line:46] - DEBUG: [GET] Got hetero_network_embedding_example_standalone_20190824163235-HeteroNETransferVariable.common_embedding-HeteroNETransferVariable.common_embedding.0.4.1-arbiter-10000-guest-10000 type Table"
"2019-08-24 16:33:40,721 - federation.py[line:145] - DEBUG: [GET] guest 10000 getting remote object HeteroNETransferVariable.is_stopped.0.4 from arbiter [10000]"
"2019-08-24 16:33:40,733 - federation.py[line:46] - DEBUG: [GET] Got hetero_network_embedding_example_standalone_20190824163235-HeteroNETransferVariable.common_embedding-HeteroNETransferVariable.common_embedding.0.4.1-arbiter-10000-host-9999 type Table"
"2019-08-24 16:33:40,735 - federation.py[line:145] - DEBUG: [GET] host 9999 getting remote object HeteroNETransferVariable.is_stopped.0.4 from arbiter [10000]"
"2019-08-24 16:33:40,736 - federation.py[line:46] - DEBUG: [GET] Got hetero_network_embedding_example_standalone_20190824163235-HeteroNETransferVariable.is_stopped-HeteroNETransferVariable.is_stopped.0.4-arbiter-10000-host-9999 type Object"
"2019-08-24 16:33:40,744 - federation.py[line:124] - DEBUG: [REMOTE] Sent hetero_network_embedding_example_standalone_20190824163235-HeteroNETransferVariable.is_stopped-HeteroNETransferVariable.is_stopped.0.4-arbiter-10000-host-9999"
"2019-08-24 16:33:40,811 - federation.py[line:124] - DEBUG: [REMOTE] Sent hetero_network_embedding_example_standalone_20190824163235-HeteroNETransferVariable.is_stopped-HeteroNETransferVariable.is_stopped.0.4-arbiter-10000-guest-10000"
"2019-08-24 16:33:40,822 - federation.py[line:46] - DEBUG: [GET] Got hetero_network_embedding_example_standalone_20190824163235-HeteroNETransferVariable.is_stopped-HeteroNETransferVariable.is_stopped.0.4-arbiter-10000-guest-10000 type Object"
