"2019-08-24 16:32:40,504 - hetero_ne_guest.py[line:68] - INFO: samples number:42"
"2019-08-24 16:32:40,505 - hetero_ne_guest.py[line:69] - INFO: Enter network embedding procedure:"
"2019-08-24 16:32:40,505 - hetero_ne_guest.py[line:71] - INFO: Bank A has 31 nodes"
"2019-08-24 16:32:40,594 - hetero_ne_guest.py[line:74] - INFO: Transform input data to train instance"
"2019-08-24 16:32:40,595 - hetero_ne_guest.py[line:81] - INFO: Get public_key from arbiter:<PaillierPublicKey 1a27ce815c>"
"2019-08-24 16:32:40,595 - hetero_ne_guest.py[line:85] - INFO: Generate mini-batch from input data"
"2019-08-24 16:32:41,081 - hetero_ne_guest.py[line:89] - INFO: samples number:42"
"2019-08-24 16:32:41,081 - hetero_ne_guest.py[line:97] - INFO: Generate mini-batch for local instances in guest"
"2019-08-24 16:32:42,363 - hetero_ne_guest.py[line:104] - INFO: batch_info:{'batch_size': 1024, 'batch_num': 1}"
"2019-08-24 16:32:42,419 - hetero_ne_guest.py[line:110] - INFO: Remote batch_info to Host"
"2019-08-24 16:32:42,670 - hetero_ne_guest.py[line:117] - INFO: Remote batch_info to Arbiter"
"2019-08-24 16:32:42,670 - hetero_ne_guest.py[line:124] - INFO: Start initialize model."
"2019-08-24 16:32:42,671 - hetero_ne_guest.py[line:126] - INFO: Embedding shape=(31, 5)"
"2019-08-24 16:32:42,671 - hetero_ne_guest.py[line:133] - INFO: iter:0"
"2019-08-24 16:32:42,671 - hetero_ne_guest.py[line:139] - INFO: Enter the horizontally federated learning procedure:"
"2019-08-24 16:32:48,046 - hetero_ne_guest.py[line:167] - INFO: Remote the embedding of common node to arbiter!"
"2019-08-24 16:32:48,248 - hetero_ne_guest.py[line:176] - INFO: Get the aggregated embedding of common node from arbiter!"
"2019-08-24 16:32:48,250 - hetero_ne_guest.py[line:181] - INFO: Iter 0, horizontally feaderated learning loss: 1.393986688300455"
"2019-08-24 16:32:48,250 - hetero_ne_guest.py[line:188] - INFO: Enter the vertically federated learning:"
"2019-08-24 16:32:48,250 - hetero_ne_guest.py[line:193] - INFO: batch:0"
"2019-08-24 16:32:48,250 - hetero_ne_guest.py[line:197] - INFO: remote mini-batch index to Host"
"2019-08-24 16:32:49,961 - hetero_ne_guest.py[line:229] - INFO: Get host_forward from host"
"2019-08-24 16:32:50,507 - hetero_ne_guest.py[line:249] - INFO: Remote host_gradient to arbiter"
"2019-08-24 16:32:51,391 - hetero_ne_guest.py[line:265] - INFO: Remote guest_gradient to arbiter"
"2019-08-24 16:32:51,593 - hetero_ne_guest.py[line:274] - INFO: Get optim_guest_gradient from arbiter"
"2019-08-24 16:32:51,593 - hetero_ne_guest.py[line:277] - INFO: Update node embedding"
"2019-08-24 16:32:51,734 - hetero_ne_guest.py[line:296] - INFO: Remote loss to arbiter"
"2019-08-24 16:32:52,584 - hetero_ne_guest.py[line:340] - INFO: Get is_stop flag from arbiter:False"
"2019-08-24 16:32:52,584 - hetero_ne_guest.py[line:133] - INFO: iter:1"
"2019-08-24 16:32:52,584 - hetero_ne_guest.py[line:139] - INFO: Enter the horizontally federated learning procedure:"
"2019-08-24 16:32:59,390 - hetero_ne_guest.py[line:167] - INFO: Remote the embedding of common node to arbiter!"
"2019-08-24 16:33:00,297 - hetero_ne_guest.py[line:176] - INFO: Get the aggregated embedding of common node from arbiter!"
"2019-08-24 16:33:00,299 - hetero_ne_guest.py[line:181] - INFO: Iter 1, horizontally feaderated learning loss: 1.350350999390568"
"2019-08-24 16:33:00,299 - hetero_ne_guest.py[line:188] - INFO: Enter the vertically federated learning:"
"2019-08-24 16:33:00,299 - hetero_ne_guest.py[line:193] - INFO: batch:0"
"2019-08-24 16:33:03,647 - hetero_ne_guest.py[line:229] - INFO: Get host_forward from host"
"2019-08-24 16:33:04,354 - hetero_ne_guest.py[line:249] - INFO: Remote host_gradient to arbiter"
"2019-08-24 16:33:04,849 - hetero_ne_guest.py[line:265] - INFO: Remote guest_gradient to arbiter"
"2019-08-24 16:33:05,452 - hetero_ne_guest.py[line:274] - INFO: Get optim_guest_gradient from arbiter"
"2019-08-24 16:33:05,452 - hetero_ne_guest.py[line:277] - INFO: Update node embedding"
"2019-08-24 16:33:05,635 - hetero_ne_guest.py[line:296] - INFO: Remote loss to arbiter"
"2019-08-24 16:33:06,828 - hetero_ne_guest.py[line:340] - INFO: Get is_stop flag from arbiter:False"
"2019-08-24 16:33:06,828 - hetero_ne_guest.py[line:133] - INFO: iter:2"
"2019-08-24 16:33:06,829 - hetero_ne_guest.py[line:139] - INFO: Enter the horizontally federated learning procedure:"
"2019-08-24 16:33:11,891 - hetero_ne_guest.py[line:167] - INFO: Remote the embedding of common node to arbiter!"
"2019-08-24 16:33:12,294 - hetero_ne_guest.py[line:176] - INFO: Get the aggregated embedding of common node from arbiter!"
"2019-08-24 16:33:12,296 - hetero_ne_guest.py[line:181] - INFO: Iter 2, horizontally feaderated learning loss: 1.3443781561045562"
"2019-08-24 16:33:12,296 - hetero_ne_guest.py[line:188] - INFO: Enter the vertically federated learning:"
"2019-08-24 16:33:12,296 - hetero_ne_guest.py[line:193] - INFO: batch:0"
"2019-08-24 16:33:13,918 - hetero_ne_guest.py[line:229] - INFO: Get host_forward from host"
"2019-08-24 16:33:14,513 - hetero_ne_guest.py[line:249] - INFO: Remote host_gradient to arbiter"
"2019-08-24 16:33:15,226 - hetero_ne_guest.py[line:265] - INFO: Remote guest_gradient to arbiter"
"2019-08-24 16:33:15,428 - hetero_ne_guest.py[line:274] - INFO: Get optim_guest_gradient from arbiter"
"2019-08-24 16:33:15,428 - hetero_ne_guest.py[line:277] - INFO: Update node embedding"
"2019-08-24 16:33:15,584 - hetero_ne_guest.py[line:296] - INFO: Remote loss to arbiter"
"2019-08-24 16:33:16,557 - hetero_ne_guest.py[line:340] - INFO: Get is_stop flag from arbiter:False"
"2019-08-24 16:33:16,557 - hetero_ne_guest.py[line:133] - INFO: iter:3"
"2019-08-24 16:33:16,557 - hetero_ne_guest.py[line:139] - INFO: Enter the horizontally federated learning procedure:"
"2019-08-24 16:33:25,333 - hetero_ne_guest.py[line:167] - INFO: Remote the embedding of common node to arbiter!"
"2019-08-24 16:33:25,535 - hetero_ne_guest.py[line:176] - INFO: Get the aggregated embedding of common node from arbiter!"
"2019-08-24 16:33:25,537 - hetero_ne_guest.py[line:181] - INFO: Iter 3, horizontally feaderated learning loss: 1.339419697861408"
"2019-08-24 16:33:25,537 - hetero_ne_guest.py[line:188] - INFO: Enter the vertically federated learning:"
"2019-08-24 16:33:25,537 - hetero_ne_guest.py[line:193] - INFO: batch:0"
"2019-08-24 16:33:27,114 - hetero_ne_guest.py[line:229] - INFO: Get host_forward from host"
"2019-08-24 16:33:27,777 - hetero_ne_guest.py[line:249] - INFO: Remote host_gradient to arbiter"
"2019-08-24 16:33:28,280 - hetero_ne_guest.py[line:265] - INFO: Remote guest_gradient to arbiter"
"2019-08-24 16:33:28,883 - hetero_ne_guest.py[line:274] - INFO: Get optim_guest_gradient from arbiter"
"2019-08-24 16:33:28,883 - hetero_ne_guest.py[line:277] - INFO: Update node embedding"
"2019-08-24 16:33:28,971 - hetero_ne_guest.py[line:296] - INFO: Remote loss to arbiter"
"2019-08-24 16:33:29,956 - hetero_ne_guest.py[line:340] - INFO: Get is_stop flag from arbiter:False"
"2019-08-24 16:33:29,956 - hetero_ne_guest.py[line:133] - INFO: iter:4"
"2019-08-24 16:33:29,956 - hetero_ne_guest.py[line:139] - INFO: Enter the horizontally federated learning procedure:"
"2019-08-24 16:33:36,299 - hetero_ne_guest.py[line:167] - INFO: Remote the embedding of common node to arbiter!"
"2019-08-24 16:33:36,501 - hetero_ne_guest.py[line:176] - INFO: Get the aggregated embedding of common node from arbiter!"
"2019-08-24 16:33:36,503 - hetero_ne_guest.py[line:181] - INFO: Iter 4, horizontally feaderated learning loss: 1.335301346369216"
"2019-08-24 16:33:36,503 - hetero_ne_guest.py[line:188] - INFO: Enter the vertically federated learning:"
"2019-08-24 16:33:36,503 - hetero_ne_guest.py[line:193] - INFO: batch:0"
"2019-08-24 16:33:38,398 - hetero_ne_guest.py[line:229] - INFO: Get host_forward from host"
"2019-08-24 16:33:38,732 - hetero_ne_guest.py[line:249] - INFO: Remote host_gradient to arbiter"
"2019-08-24 16:33:39,492 - hetero_ne_guest.py[line:265] - INFO: Remote guest_gradient to arbiter"
"2019-08-24 16:33:39,694 - hetero_ne_guest.py[line:274] - INFO: Get optim_guest_gradient from arbiter"
"2019-08-24 16:33:39,694 - hetero_ne_guest.py[line:277] - INFO: Update node embedding"
"2019-08-24 16:33:39,821 - hetero_ne_guest.py[line:296] - INFO: Remote loss to arbiter"
"2019-08-24 16:33:40,823 - hetero_ne_guest.py[line:340] - INFO: Get is_stop flag from arbiter:False"
"2019-08-24 16:33:42,972 - hetero_ne_guest.py[line:352] - INFO: Reach max iter 5, train model finish!"
