"2019-08-24 16:32:39,781 - hetero_ne_arbiter.py[line:54] - INFO: Enter hetero_ne_arbiter fit"
"2019-08-24 16:32:39,797 - hetero_ne_arbiter.py[line:61] - INFO: public_key: <PaillierPublicKey 1a27ce815c>"
"2019-08-24 16:32:39,927 - hetero_ne_arbiter.py[line:69] - INFO: remote publick_key to host"
"2019-08-24 16:32:40,220 - hetero_ne_arbiter.py[line:76] - INFO: remote public_key to guest"
"2019-08-24 16:32:42,732 - hetero_ne_arbiter.py[line:81] - INFO: Get batch_info from guest: {'batch_size': 1024, 'batch_num': 1}"
"2019-08-24 16:32:42,732 - hetero_ne_arbiter.py[line:88] - INFO: iter: 0"
"2019-08-24 16:32:48,189 - hetero_ne_arbiter.py[line:129] - INFO: Iter 0, horizontally learning finish"
"2019-08-24 16:32:48,190 - hetero_ne_arbiter.py[line:137] - INFO: batch: 0"
"2019-08-24 16:32:50,600 - hetero_ne_arbiter.py[line:145] - INFO: Get host_gradient from GUEST"
"2019-08-24 16:32:51,405 - hetero_ne_arbiter.py[line:152] - INFO: Get guest_gradient from GUEST"
"2019-08-24 16:32:51,519 - hetero_ne_arbiter.py[line:170] - INFO: host gradients number: 42"
"2019-08-24 16:32:51,519 - hetero_ne_arbiter.py[line:171] - INFO: guest gradients number: 42"
"2019-08-24 16:32:51,539 - hetero_ne_arbiter.py[line:182] - INFO: Remote host_optim_gradient to Host"
"2019-08-24 16:32:51,560 - hetero_ne_arbiter.py[line:193] - INFO: Remote guest_optim_gradient to Guest"
"2019-08-24 16:32:51,762 - hetero_ne_arbiter.py[line:208] - INFO: Get loss from guest: 1.1339823307704173"
"2019-08-24 16:32:51,762 - hetero_ne_arbiter.py[line:215] - INFO: iter loss: 1.1339823307704173"
"2019-08-24 16:32:52,489 - hetero_ne_arbiter.py[line:268] - INFO: Remote is_stop to host: False"
"2019-08-24 16:32:52,546 - hetero_ne_arbiter.py[line:278] - INFO: Remote is_stop to guest: False"
"2019-08-24 16:32:52,546 - hetero_ne_arbiter.py[line:88] - INFO: iter: 1"
"2019-08-24 16:33:00,364 - hetero_ne_arbiter.py[line:129] - INFO: Iter 1, horizontally learning finish"
"2019-08-24 16:33:00,364 - hetero_ne_arbiter.py[line:137] - INFO: batch: 0"
"2019-08-24 16:33:04,381 - hetero_ne_arbiter.py[line:145] - INFO: Get host_gradient from GUEST"
"2019-08-24 16:33:04,884 - hetero_ne_arbiter.py[line:152] - INFO: Get guest_gradient from GUEST"
"2019-08-24 16:33:05,369 - hetero_ne_arbiter.py[line:170] - INFO: host gradients number: 42"
"2019-08-24 16:33:05,370 - hetero_ne_arbiter.py[line:171] - INFO: guest gradients number: 42"
"2019-08-24 16:33:05,383 - hetero_ne_arbiter.py[line:182] - INFO: Remote host_optim_gradient to Host"
"2019-08-24 16:33:05,392 - hetero_ne_arbiter.py[line:193] - INFO: Remote guest_optim_gradient to Guest"
"2019-08-24 16:33:05,694 - hetero_ne_arbiter.py[line:208] - INFO: Get loss from guest: 1.0563151898241605"
"2019-08-24 16:33:05,694 - hetero_ne_arbiter.py[line:215] - INFO: iter loss: 1.0563151898241605"
"2019-08-24 16:33:06,722 - hetero_ne_arbiter.py[line:268] - INFO: Remote is_stop to host: False"
"2019-08-24 16:33:06,767 - hetero_ne_arbiter.py[line:278] - INFO: Remote is_stop to guest: False"
"2019-08-24 16:33:06,767 - hetero_ne_arbiter.py[line:88] - INFO: iter: 2"
"2019-08-24 16:33:12,202 - hetero_ne_arbiter.py[line:129] - INFO: Iter 2, horizontally learning finish"
"2019-08-24 16:33:12,203 - hetero_ne_arbiter.py[line:137] - INFO: batch: 0"
"2019-08-24 16:33:14,512 - hetero_ne_arbiter.py[line:145] - INFO: Get host_gradient from GUEST"
"2019-08-24 16:33:15,317 - hetero_ne_arbiter.py[line:152] - INFO: Get guest_gradient from GUEST"
"2019-08-24 16:33:15,393 - hetero_ne_arbiter.py[line:170] - INFO: host gradients number: 42"
"2019-08-24 16:33:15,393 - hetero_ne_arbiter.py[line:171] - INFO: guest gradients number: 42"
"2019-08-24 16:33:15,411 - hetero_ne_arbiter.py[line:182] - INFO: Remote host_optim_gradient to Host"
"2019-08-24 16:33:15,422 - hetero_ne_arbiter.py[line:193] - INFO: Remote guest_optim_gradient to Guest"
"2019-08-24 16:33:15,624 - hetero_ne_arbiter.py[line:208] - INFO: Get loss from guest: 0.9900608987803"
"2019-08-24 16:33:15,624 - hetero_ne_arbiter.py[line:215] - INFO: iter loss: 0.9900608987803"
"2019-08-24 16:33:16,444 - hetero_ne_arbiter.py[line:268] - INFO: Remote is_stop to host: False"
"2019-08-24 16:33:16,472 - hetero_ne_arbiter.py[line:278] - INFO: Remote is_stop to guest: False"
"2019-08-24 16:33:16,472 - hetero_ne_arbiter.py[line:88] - INFO: iter: 3"
"2019-08-24 16:33:25,505 - hetero_ne_arbiter.py[line:129] - INFO: Iter 3, horizontally learning finish"
"2019-08-24 16:33:25,505 - hetero_ne_arbiter.py[line:137] - INFO: batch: 0"
"2019-08-24 16:33:27,815 - hetero_ne_arbiter.py[line:145] - INFO: Get host_gradient from GUEST"
"2019-08-24 16:33:28,318 - hetero_ne_arbiter.py[line:152] - INFO: Get guest_gradient from GUEST"
"2019-08-24 16:33:28,781 - hetero_ne_arbiter.py[line:170] - INFO: host gradients number: 42"
"2019-08-24 16:33:28,782 - hetero_ne_arbiter.py[line:171] - INFO: guest gradients number: 42"
"2019-08-24 16:33:28,791 - hetero_ne_arbiter.py[line:182] - INFO: Remote host_optim_gradient to Host"
"2019-08-24 16:33:28,799 - hetero_ne_arbiter.py[line:193] - INFO: Remote guest_optim_gradient to Guest"
"2019-08-24 16:33:29,001 - hetero_ne_arbiter.py[line:208] - INFO: Get loss from guest: 0.9331334652243216"
"2019-08-24 16:33:29,001 - hetero_ne_arbiter.py[line:215] - INFO: iter loss: 0.9331334652243216"
"2019-08-24 16:33:29,925 - hetero_ne_arbiter.py[line:268] - INFO: Remote is_stop to host: False"
"2019-08-24 16:33:29,960 - hetero_ne_arbiter.py[line:278] - INFO: Remote is_stop to guest: False"
"2019-08-24 16:33:29,960 - hetero_ne_arbiter.py[line:88] - INFO: iter: 4"
"2019-08-24 16:33:36,457 - hetero_ne_arbiter.py[line:129] - INFO: Iter 4, horizontally learning finish"
"2019-08-24 16:33:36,457 - hetero_ne_arbiter.py[line:137] - INFO: batch: 0"
"2019-08-24 16:33:38,770 - hetero_ne_arbiter.py[line:145] - INFO: Get host_gradient from GUEST"
"2019-08-24 16:33:39,573 - hetero_ne_arbiter.py[line:152] - INFO: Get guest_gradient from GUEST"
"2019-08-24 16:33:39,665 - hetero_ne_arbiter.py[line:170] - INFO: host gradients number: 42"
"2019-08-24 16:33:39,666 - hetero_ne_arbiter.py[line:171] - INFO: guest gradients number: 42"
"2019-08-24 16:33:39,676 - hetero_ne_arbiter.py[line:182] - INFO: Remote host_optim_gradient to Host"
"2019-08-24 16:33:39,688 - hetero_ne_arbiter.py[line:193] - INFO: Remote guest_optim_gradient to Guest"
"2019-08-24 16:33:39,889 - hetero_ne_arbiter.py[line:208] - INFO: Get loss from guest: 0.8839151922147253"
"2019-08-24 16:33:39,889 - hetero_ne_arbiter.py[line:215] - INFO: iter loss: 0.8839151922147253"
"2019-08-24 16:33:40,744 - hetero_ne_arbiter.py[line:268] - INFO: Remote is_stop to host: False"
"2019-08-24 16:33:40,812 - hetero_ne_arbiter.py[line:278] - INFO: Remote is_stop to guest: False"
"2019-08-24 16:33:40,812 - hetero_ne_arbiter.py[line:284] - INFO: Reach max iter 5 or convergence, train model finish!"
