"2019-08-24 16:32:39,779 - workflow.py[line:863] - DEBUG: The job id is hetero_network_embedding_example_standalone_20190824163235"
"2019-08-24 16:32:39,779 - workflow.py[line:863] - DEBUG: The job id is hetero_network_embedding_example_standalone_20190824163235"
"2019-08-24 16:32:39,779 - workflow.py[line:863] - DEBUG: The job id is hetero_network_embedding_example_standalone_20190824163235"
"2019-08-24 16:32:39,780 - workflow.py[line:865] - DEBUG: Finish eggroll and federation init"
"2019-08-24 16:32:39,781 - workflow.py[line:819] - DEBUG: finish init pipeline"
"2019-08-24 16:32:39,781 - workflow.py[line:865] - DEBUG: Finish eggroll and federation init"
"2019-08-24 16:32:39,781 - workflow.py[line:865] - DEBUG: Finish eggroll and federation init"
"2019-08-24 16:32:39,781 - workflow.py[line:819] - DEBUG: finish init pipeline"
"2019-08-24 16:32:39,781 - workflow.py[line:819] - DEBUG: finish init pipeline"
"2019-08-24 16:32:39,781 - workflow.py[line:214] - INFO: arbiter"
"2019-08-24 16:32:39,781 - workflow.py[line:215] - INFO: max iter: 5"
"2019-08-24 16:32:39,781 - workflow.py[line:912] - INFO: 42 samples in guest"
"2019-08-24 16:32:39,782 - workflow.py[line:912] - INFO: 42 samples in host"
"2019-08-24 16:32:39,783 - workflow.py[line:210] - DEBUG: Enter guest network embedding function"
"2019-08-24 16:32:39,783 - workflow.py[line:211] - DEBUG: Start intersection before network embedding"
"2019-08-24 16:32:39,783 - workflow.py[line:316] - INFO: need_intersect: true!"
"2019-08-24 16:32:39,783 - workflow.py[line:320] - INFO: Start intersection!"
"2019-08-24 16:32:39,784 - workflow.py[line:210] - DEBUG: Enter host network embedding function"
"2019-08-24 16:32:39,784 - workflow.py[line:211] - DEBUG: Start intersection before network embedding"
"2019-08-24 16:32:39,784 - workflow.py[line:316] - INFO: need_intersect: true!"
"2019-08-24 16:32:39,784 - workflow.py[line:320] - INFO: Start intersection!"
"2019-08-24 16:32:40,504 - workflow.py[line:331] - INFO: finish intersection!"
"2019-08-24 16:32:40,504 - workflow.py[line:214] - INFO: guest"
"2019-08-24 16:32:40,504 - workflow.py[line:215] - INFO: max iter: 5"
"2019-08-24 16:32:40,898 - workflow.py[line:331] - INFO: finish intersection!"
"2019-08-24 16:32:40,898 - workflow.py[line:214] - INFO: host"
"2019-08-24 16:32:40,898 - workflow.py[line:215] - INFO: max iter: 5"
"2019-08-24 16:33:40,812 - workflow.py[line:922] - DEBUG: arbiter"
"2019-08-24 16:33:40,812 - workflow.py[line:923] - INFO: Network_embedding_finish"
"2019-08-24 16:33:42,959 - workflow.py[line:922] - DEBUG: host"
"2019-08-24 16:33:42,959 - workflow.py[line:923] - INFO: Network_embedding_finish"
"2019-08-24 16:33:42,972 - workflow.py[line:922] - DEBUG: guest"
"2019-08-24 16:33:42,972 - workflow.py[line:923] - INFO: Network_embedding_finish"
