"2019-08-24 09:17:12,515 - federation.py[line:145] - DEBUG: [GET] guest 10000 getting remote object RawIntersectTransferVariable.send_ids_host.embedding0 from host [9999]"
"2019-08-24 09:17:12,955 - federation.py[line:124] - DEBUG: [REMOTE] Sent hetero_network_embedding_example_standalone_20190824091707-HeteroNETransferVariable.paillier_pubkey-HeteroNETransferVariable.paillier_pubkey.0-arbiter-10000-host-9999"
"2019-08-24 09:17:12,961 - federation.py[line:124] - DEBUG: [REMOTE] Sent hetero_network_embedding_example_standalone_20190824091707-RawIntersectTransferVariable.send_ids_host-RawIntersectTransferVariable.send_ids_host.embedding0-host-9999-guest-10000"
"2019-08-24 09:17:12,962 - federation.py[line:145] - DEBUG: [GET] host 9999 getting remote object RawIntersectTransferVariable.intersect_ids_guest.embedding0 from guest [10000]"
"2019-08-24 09:17:13,018 - federation.py[line:46] - DEBUG: [GET] Got hetero_network_embedding_example_standalone_20190824091707-RawIntersectTransferVariable.send_ids_host-RawIntersectTransferVariable.send_ids_host.embedding0-host-9999-guest-10000 type Table"
"2019-08-24 09:17:13,035 - federation.py[line:124] - DEBUG: [REMOTE] Sent hetero_network_embedding_example_standalone_20190824091707-HeteroNETransferVariable.paillier_pubkey-HeteroNETransferVariable.paillier_pubkey.0-arbiter-10000-guest-10000"
"2019-08-24 09:17:13,036 - federation.py[line:145] - DEBUG: [GET] arbiter 10000 getting remote object HeteroNETransferVariable.batch_info.0 from guest [10000]"
"2019-08-24 09:17:13,538 - federation.py[line:124] - DEBUG: [REMOTE] Sent hetero_network_embedding_example_standalone_20190824091707-RawIntersectTransferVariable.intersect_ids_guest-RawIntersectTransferVariable.intersect_ids_guest.embedding0-guest-10000-host-9999"
"2019-08-24 09:17:13,566 - federation.py[line:46] - DEBUG: [GET] Got hetero_network_embedding_example_standalone_20190824091707-RawIntersectTransferVariable.intersect_ids_guest-RawIntersectTransferVariable.intersect_ids_guest.embedding0-guest-10000-host-9999 type Table"
"2019-08-24 09:17:15,823 - federation.py[line:145] - DEBUG: [GET] guest 10000 getting remote object HeteroNETransferVariable.paillier_pubkey.0 from arbiter [10000]"
"2019-08-24 09:17:15,823 - federation.py[line:46] - DEBUG: [GET] Got hetero_network_embedding_example_standalone_20190824091707-HeteroNETransferVariable.paillier_pubkey-HeteroNETransferVariable.paillier_pubkey.0-arbiter-10000-guest-10000 type Object"
"2019-08-24 09:17:16,441 - federation.py[line:145] - DEBUG: [GET] host 9999 getting remote object HeteroNETransferVariable.paillier_pubkey.0 from arbiter [10000]"
"2019-08-24 09:17:16,441 - federation.py[line:46] - DEBUG: [GET] Got hetero_network_embedding_example_standalone_20190824091707-HeteroNETransferVariable.paillier_pubkey-HeteroNETransferVariable.paillier_pubkey.0-arbiter-10000-host-9999 type Object"
"2019-08-24 09:20:09,123 - federation.py[line:145] - DEBUG: [GET] host 9999 getting remote object HeteroNETransferVariable.batch_info.0 from guest [10000]"
"2019-08-24 09:20:11,233 - federation.py[line:46] - DEBUG: [GET] Got hetero_network_embedding_example_standalone_20190824091707-HeteroNETransferVariable.batch_info-HeteroNETransferVariable.batch_info.0-guest-10000-host-9999 type Object"
"2019-08-24 09:20:11,304 - federation.py[line:124] - DEBUG: [REMOTE] Sent hetero_network_embedding_example_standalone_20190824091707-HeteroNETransferVariable.batch_info-HeteroNETransferVariable.batch_info.0-guest-10000-host-9999"
"2019-08-24 09:20:11,708 - federation.py[line:124] - DEBUG: [REMOTE] Sent hetero_network_embedding_example_standalone_20190824091707-HeteroNETransferVariable.batch_info-HeteroNETransferVariable.batch_info.0-guest-10000-arbiter-10000"
"2019-08-24 09:20:11,741 - federation.py[line:46] - DEBUG: [GET] Got hetero_network_embedding_example_standalone_20190824091707-HeteroNETransferVariable.batch_info-HeteroNETransferVariable.batch_info.0-guest-10000-arbiter-10000 type Object"
"2019-08-24 09:20:11,742 - federation.py[line:145] - DEBUG: [GET] arbiter 10000 getting remote object HeteroNETransferVariable.host_common_embedding.0.0 from host [9999]"
"2019-08-24 09:35:19,084 - federation.py[line:124] - DEBUG: [REMOTE] Sent hetero_network_embedding_example_standalone_20190824091707-HeteroNETransferVariable.host_common_embedding-HeteroNETransferVariable.host_common_embedding.0.0-host-9999-arbiter-10000"
"2019-08-24 09:35:19,084 - federation.py[line:145] - DEBUG: [GET] host 9999 getting remote object HeteroNETransferVariable.common_embedding.0.0 from host [9999]"
"2019-08-24 09:35:19,148 - federation.py[line:46] - DEBUG: [GET] Got hetero_network_embedding_example_standalone_20190824091707-HeteroNETransferVariable.host_common_embedding-HeteroNETransferVariable.host_common_embedding.0.0-host-9999-arbiter-10000 type Table"
"2019-08-24 09:35:19,149 - federation.py[line:145] - DEBUG: [GET] arbiter 10000 getting remote object HeteroNETransferVariable.guest_common_embedding.0.0 from guest [10000]"
"2019-08-24 09:35:26,073 - federation.py[line:124] - DEBUG: [REMOTE] Sent hetero_network_embedding_example_standalone_20190824091707-HeteroNETransferVariable.guest_common_embedding-HeteroNETransferVariable.guest_common_embedding.0.0-guest-10000-arbiter-10000"
"2019-08-24 09:35:26,073 - federation.py[line:145] - DEBUG: [GET] guest 10000 getting remote object HeteroNETransferVariable.common_embedding.0.0 from host [9999]"
"2019-08-24 09:35:26,099 - federation.py[line:46] - DEBUG: [GET] Got hetero_network_embedding_example_standalone_20190824091707-HeteroNETransferVariable.guest_common_embedding-HeteroNETransferVariable.guest_common_embedding.0.0-guest-10000-arbiter-10000 type Table"
