"2019-08-24 09:17:15,819 - hetero_ne_host.py[line:47] - INFO: Enter hetero_ne host"
"2019-08-24 09:17:15,819 - hetero_ne_host.py[line:49] - INFO: Host party has 2319 nodes"
"2019-08-24 09:17:16,441 - hetero_ne_host.py[line:52] - INFO: Transform input data to train instance"
"2019-08-24 09:17:16,442 - hetero_ne_host.py[line:59] - INFO: Get Publick key from arbiter:<PaillierPublicKey 1fb1e61196>"
"2019-08-24 09:17:16,442 - hetero_ne_host.py[line:64] - INFO: Generate mini-batch for local instances in guest"
"2019-08-24 09:20:11,233 - hetero_ne_host.py[line:72] - INFO: Get batch_info from guest: {'batch_size': 1024, 'batch_num': 5}"
"2019-08-24 09:20:11,234 - hetero_ne_host.py[line:86] - INFO: Start initilize model."
"2019-08-24 09:20:11,234 - hetero_ne_host.py[line:93] - INFO: iter: 0"
"2019-08-24 09:20:11,234 - hetero_ne_host.py[line:99] - INFO: Horizontally learning"
"2019-08-24 09:20:11,238 - hetero_ne_host.py[line:102] - INFO: Local batch data count:1024"
"2019-08-24 09:20:21,526 - hetero_ne_host.py[line:115] - INFO: gradient count:1024"
"2019-08-24 09:20:21,531 - hetero_ne_host.py[line:102] - INFO: Local batch data count:1024"
"2019-08-24 09:20:29,993 - hetero_ne_host.py[line:115] - INFO: gradient count:1024"
"2019-08-24 09:20:29,998 - hetero_ne_host.py[line:102] - INFO: Local batch data count:1024"
"2019-08-24 09:20:37,414 - hetero_ne_host.py[line:115] - INFO: gradient count:1024"
"2019-08-24 09:20:37,418 - hetero_ne_host.py[line:102] - INFO: Local batch data count:1024"
"2019-08-24 09:20:45,011 - hetero_ne_host.py[line:115] - INFO: gradient count:1024"
"2019-08-24 09:20:45,016 - hetero_ne_host.py[line:102] - INFO: Local batch data count:1024"
"2019-08-24 09:20:51,977 - hetero_ne_host.py[line:115] - INFO: gradient count:1024"
"2019-08-24 09:20:51,982 - hetero_ne_host.py[line:102] - INFO: Local batch data count:1024"
"2019-08-24 09:20:59,435 - hetero_ne_host.py[line:115] - INFO: gradient count:1024"
"2019-08-24 09:20:59,439 - hetero_ne_host.py[line:102] - INFO: Local batch data count:1024"
"2019-08-24 09:21:07,923 - hetero_ne_host.py[line:115] - INFO: gradient count:1024"
"2019-08-24 09:21:07,928 - hetero_ne_host.py[line:102] - INFO: Local batch data count:1024"
"2019-08-24 09:21:15,296 - hetero_ne_host.py[line:115] - INFO: gradient count:1024"
"2019-08-24 09:21:15,301 - hetero_ne_host.py[line:102] - INFO: Local batch data count:1024"
"2019-08-24 09:21:24,832 - hetero_ne_host.py[line:115] - INFO: gradient count:1024"
"2019-08-24 09:21:24,836 - hetero_ne_host.py[line:102] - INFO: Local batch data count:1024"
"2019-08-24 09:21:33,103 - hetero_ne_host.py[line:115] - INFO: gradient count:1024"
"2019-08-24 09:21:33,108 - hetero_ne_host.py[line:102] - INFO: Local batch data count:1024"
"2019-08-24 09:21:43,006 - hetero_ne_host.py[line:115] - INFO: gradient count:1024"
"2019-08-24 09:21:43,010 - hetero_ne_host.py[line:102] - INFO: Local batch data count:1024"
"2019-08-24 09:21:51,363 - hetero_ne_host.py[line:115] - INFO: gradient count:1024"
"2019-08-24 09:21:51,368 - hetero_ne_host.py[line:102] - INFO: Local batch data count:1024"
"2019-08-24 09:21:59,344 - hetero_ne_host.py[line:115] - INFO: gradient count:1024"
"2019-08-24 09:21:59,349 - hetero_ne_host.py[line:102] - INFO: Local batch data count:1024"
"2019-08-24 09:22:07,550 - hetero_ne_host.py[line:115] - INFO: gradient count:1024"
"2019-08-24 09:22:07,555 - hetero_ne_host.py[line:102] - INFO: Local batch data count:1024"
"2019-08-24 09:22:16,263 - hetero_ne_host.py[line:115] - INFO: gradient count:1024"
"2019-08-24 09:22:16,268 - hetero_ne_host.py[line:102] - INFO: Local batch data count:1024"
"2019-08-24 09:22:25,009 - hetero_ne_host.py[line:115] - INFO: gradient count:1024"
"2019-08-24 09:22:25,014 - hetero_ne_host.py[line:102] - INFO: Local batch data count:1024"
"2019-08-24 09:22:35,975 - hetero_ne_host.py[line:115] - INFO: gradient count:1024"
"2019-08-24 09:22:35,980 - hetero_ne_host.py[line:102] - INFO: Local batch data count:1024"
"2019-08-24 09:22:45,588 - hetero_ne_host.py[line:115] - INFO: gradient count:1024"
"2019-08-24 09:22:45,593 - hetero_ne_host.py[line:102] - INFO: Local batch data count:1024"
"2019-08-24 09:22:53,511 - hetero_ne_host.py[line:115] - INFO: gradient count:1024"
"2019-08-24 09:22:53,515 - hetero_ne_host.py[line:102] - INFO: Local batch data count:1024"
"2019-08-24 09:23:03,456 - hetero_ne_host.py[line:115] - INFO: gradient count:1024"
"2019-08-24 09:23:03,461 - hetero_ne_host.py[line:102] - INFO: Local batch data count:1024"
"2019-08-24 09:23:11,531 - hetero_ne_host.py[line:115] - INFO: gradient count:1024"
"2019-08-24 09:23:11,536 - hetero_ne_host.py[line:102] - INFO: Local batch data count:1024"
"2019-08-24 09:23:20,630 - hetero_ne_host.py[line:115] - INFO: gradient count:1024"
"2019-08-24 09:23:20,634 - hetero_ne_host.py[line:102] - INFO: Local batch data count:1024"
"2019-08-24 09:23:29,143 - hetero_ne_host.py[line:115] - INFO: gradient count:1024"
"2019-08-24 09:23:29,147 - hetero_ne_host.py[line:102] - INFO: Local batch data count:1024"
"2019-08-24 09:23:36,436 - hetero_ne_host.py[line:115] - INFO: gradient count:1024"
"2019-08-24 09:23:36,441 - hetero_ne_host.py[line:102] - INFO: Local batch data count:1024"
"2019-08-24 09:23:46,555 - hetero_ne_host.py[line:115] - INFO: gradient count:1024"
"2019-08-24 09:23:46,560 - hetero_ne_host.py[line:102] - INFO: Local batch data count:1024"
"2019-08-24 09:23:56,947 - hetero_ne_host.py[line:115] - INFO: gradient count:1024"
"2019-08-24 09:23:56,951 - hetero_ne_host.py[line:102] - INFO: Local batch data count:1024"
"2019-08-24 09:24:05,371 - hetero_ne_host.py[line:115] - INFO: gradient count:1024"
"2019-08-24 09:24:05,403 - hetero_ne_host.py[line:102] - INFO: Local batch data count:1024"
"2019-08-24 09:24:14,201 - hetero_ne_host.py[line:115] - INFO: gradient count:1024"
"2019-08-24 09:24:14,516 - hetero_ne_host.py[line:102] - INFO: Local batch data count:1024"
"2019-08-24 09:24:23,883 - hetero_ne_host.py[line:115] - INFO: gradient count:1024"
"2019-08-24 09:24:24,467 - hetero_ne_host.py[line:102] - INFO: Local batch data count:1024"
"2019-08-24 09:24:33,841 - hetero_ne_host.py[line:115] - INFO: gradient count:1024"
"2019-08-24 09:24:33,953 - hetero_ne_host.py[line:102] - INFO: Local batch data count:1024"
"2019-08-24 09:24:42,702 - hetero_ne_host.py[line:115] - INFO: gradient count:1024"
"2019-08-24 09:24:42,821 - hetero_ne_host.py[line:102] - INFO: Local batch data count:1024"
"2019-08-24 09:24:51,089 - hetero_ne_host.py[line:115] - INFO: gradient count:1024"
"2019-08-24 09:24:51,184 - hetero_ne_host.py[line:102] - INFO: Local batch data count:1024"
"2019-08-24 09:24:59,947 - hetero_ne_host.py[line:115] - INFO: gradient count:1024"
"2019-08-24 09:25:00,194 - hetero_ne_host.py[line:102] - INFO: Local batch data count:1024"
"2019-08-24 09:25:09,474 - hetero_ne_host.py[line:115] - INFO: gradient count:1024"
"2019-08-24 09:25:10,095 - hetero_ne_host.py[line:102] - INFO: Local batch data count:1024"
"2019-08-24 09:25:20,207 - hetero_ne_host.py[line:115] - INFO: gradient count:1024"
"2019-08-24 09:25:20,428 - hetero_ne_host.py[line:102] - INFO: Local batch data count:1024"
"2019-08-24 09:25:30,970 - hetero_ne_host.py[line:115] - INFO: gradient count:1024"
"2019-08-24 09:25:31,310 - hetero_ne_host.py[line:102] - INFO: Local batch data count:1024"
"2019-08-24 09:25:40,680 - hetero_ne_host.py[line:115] - INFO: gradient count:1024"
"2019-08-24 09:25:41,269 - hetero_ne_host.py[line:102] - INFO: Local batch data count:1024"
"2019-08-24 09:25:51,556 - hetero_ne_host.py[line:115] - INFO: gradient count:1024"
"2019-08-24 09:25:51,774 - hetero_ne_host.py[line:102] - INFO: Local batch data count:1024"
"2019-08-24 09:25:59,737 - hetero_ne_host.py[line:115] - INFO: gradient count:1024"
"2019-08-24 09:26:00,046 - hetero_ne_host.py[line:102] - INFO: Local batch data count:1024"
"2019-08-24 09:26:10,550 - hetero_ne_host.py[line:115] - INFO: gradient count:1024"
"2019-08-24 09:26:10,850 - hetero_ne_host.py[line:102] - INFO: Local batch data count:1024"
"2019-08-24 09:26:21,063 - hetero_ne_host.py[line:115] - INFO: gradient count:1024"
"2019-08-24 09:26:21,333 - hetero_ne_host.py[line:102] - INFO: Local batch data count:1024"
"2019-08-24 09:26:31,100 - hetero_ne_host.py[line:115] - INFO: gradient count:1024"
"2019-08-24 09:26:31,537 - hetero_ne_host.py[line:102] - INFO: Local batch data count:1024"
"2019-08-24 09:26:42,980 - hetero_ne_host.py[line:115] - INFO: gradient count:1024"
"2019-08-24 09:26:43,169 - hetero_ne_host.py[line:102] - INFO: Local batch data count:1024"
"2019-08-24 09:26:52,342 - hetero_ne_host.py[line:115] - INFO: gradient count:1024"
"2019-08-24 09:26:52,583 - hetero_ne_host.py[line:102] - INFO: Local batch data count:1024"
"2019-08-24 09:27:01,400 - hetero_ne_host.py[line:115] - INFO: gradient count:1024"
"2019-08-24 09:27:01,602 - hetero_ne_host.py[line:102] - INFO: Local batch data count:1024"
"2019-08-24 09:27:13,625 - hetero_ne_host.py[line:115] - INFO: gradient count:1024"
"2019-08-24 09:27:13,879 - hetero_ne_host.py[line:102] - INFO: Local batch data count:1024"
"2019-08-24 09:27:22,881 - hetero_ne_host.py[line:115] - INFO: gradient count:1024"
"2019-08-24 09:27:23,120 - hetero_ne_host.py[line:102] - INFO: Local batch data count:1024"
"2019-08-24 09:27:32,233 - hetero_ne_host.py[line:115] - INFO: gradient count:1024"
"2019-08-24 09:27:32,828 - hetero_ne_host.py[line:102] - INFO: Local batch data count:1024"
"2019-08-24 09:27:43,364 - hetero_ne_host.py[line:115] - INFO: gradient count:1024"
"2019-08-24 09:27:43,452 - hetero_ne_host.py[line:102] - INFO: Local batch data count:1024"
"2019-08-24 09:27:51,664 - hetero_ne_host.py[line:115] - INFO: gradient count:1024"
"2019-08-24 09:27:51,845 - hetero_ne_host.py[line:102] - INFO: Local batch data count:1024"
"2019-08-24 09:28:00,866 - hetero_ne_host.py[line:115] - INFO: gradient count:1024"
"2019-08-24 09:28:01,106 - hetero_ne_host.py[line:102] - INFO: Local batch data count:1024"
"2019-08-24 09:28:09,359 - hetero_ne_host.py[line:115] - INFO: gradient count:1024"
"2019-08-24 09:28:09,590 - hetero_ne_host.py[line:102] - INFO: Local batch data count:1024"
"2019-08-24 09:28:19,444 - hetero_ne_host.py[line:115] - INFO: gradient count:1024"
"2019-08-24 09:28:19,839 - hetero_ne_host.py[line:102] - INFO: Local batch data count:1024"
"2019-08-24 09:28:29,849 - hetero_ne_host.py[line:115] - INFO: gradient count:1024"
"2019-08-24 09:28:30,426 - hetero_ne_host.py[line:102] - INFO: Local batch data count:1024"
"2019-08-24 09:28:39,343 - hetero_ne_host.py[line:115] - INFO: gradient count:1024"
"2019-08-24 09:28:39,442 - hetero_ne_host.py[line:102] - INFO: Local batch data count:1024"
"2019-08-24 09:28:48,370 - hetero_ne_host.py[line:115] - INFO: gradient count:1024"
"2019-08-24 09:28:48,588 - hetero_ne_host.py[line:102] - INFO: Local batch data count:1024"
"2019-08-24 09:28:56,820 - hetero_ne_host.py[line:115] - INFO: gradient count:1024"
"2019-08-24 09:28:57,069 - hetero_ne_host.py[line:102] - INFO: Local batch data count:1024"
"2019-08-24 09:29:05,707 - hetero_ne_host.py[line:115] - INFO: gradient count:1024"
"2019-08-24 09:29:05,812 - hetero_ne_host.py[line:102] - INFO: Local batch data count:1024"
"2019-08-24 09:29:14,054 - hetero_ne_host.py[line:115] - INFO: gradient count:1024"
"2019-08-24 09:29:14,385 - hetero_ne_host.py[line:102] - INFO: Local batch data count:1024"
"2019-08-24 09:29:24,604 - hetero_ne_host.py[line:115] - INFO: gradient count:1024"
"2019-08-24 09:29:25,262 - hetero_ne_host.py[line:102] - INFO: Local batch data count:1024"
"2019-08-24 09:29:33,514 - hetero_ne_host.py[line:115] - INFO: gradient count:1024"
"2019-08-24 09:29:33,808 - hetero_ne_host.py[line:102] - INFO: Local batch data count:1024"
"2019-08-24 09:29:41,749 - hetero_ne_host.py[line:115] - INFO: gradient count:1024"
"2019-08-24 09:29:42,015 - hetero_ne_host.py[line:102] - INFO: Local batch data count:1024"
"2019-08-24 09:29:50,548 - hetero_ne_host.py[line:115] - INFO: gradient count:1024"
"2019-08-24 09:29:50,732 - hetero_ne_host.py[line:102] - INFO: Local batch data count:1024"
"2019-08-24 09:30:00,772 - hetero_ne_host.py[line:115] - INFO: gradient count:1024"
"2019-08-24 09:30:01,042 - hetero_ne_host.py[line:102] - INFO: Local batch data count:1024"
"2019-08-24 09:30:12,441 - hetero_ne_host.py[line:115] - INFO: gradient count:1024"
"2019-08-24 09:30:12,730 - hetero_ne_host.py[line:102] - INFO: Local batch data count:1024"
"2019-08-24 09:30:20,332 - hetero_ne_host.py[line:115] - INFO: gradient count:1024"
"2019-08-24 09:30:20,509 - hetero_ne_host.py[line:102] - INFO: Local batch data count:1024"
"2019-08-24 09:30:28,690 - hetero_ne_host.py[line:115] - INFO: gradient count:1024"
"2019-08-24 09:30:28,849 - hetero_ne_host.py[line:102] - INFO: Local batch data count:1024"
"2019-08-24 09:30:37,670 - hetero_ne_host.py[line:115] - INFO: gradient count:1024"
"2019-08-24 09:30:37,936 - hetero_ne_host.py[line:102] - INFO: Local batch data count:1024"
"2019-08-24 09:30:46,894 - hetero_ne_host.py[line:115] - INFO: gradient count:1024"
"2019-08-24 09:30:47,388 - hetero_ne_host.py[line:102] - INFO: Local batch data count:1024"
"2019-08-24 09:30:56,584 - hetero_ne_host.py[line:115] - INFO: gradient count:1024"
"2019-08-24 09:30:56,829 - hetero_ne_host.py[line:102] - INFO: Local batch data count:1024"
"2019-08-24 09:31:04,400 - hetero_ne_host.py[line:115] - INFO: gradient count:1024"
"2019-08-24 09:31:04,517 - hetero_ne_host.py[line:102] - INFO: Local batch data count:1024"
"2019-08-24 09:31:11,716 - hetero_ne_host.py[line:115] - INFO: gradient count:1024"
"2019-08-24 09:31:11,807 - hetero_ne_host.py[line:102] - INFO: Local batch data count:1024"
"2019-08-24 09:31:18,537 - hetero_ne_host.py[line:115] - INFO: gradient count:1024"
"2019-08-24 09:31:18,550 - hetero_ne_host.py[line:102] - INFO: Local batch data count:1024"
"2019-08-24 09:31:25,878 - hetero_ne_host.py[line:115] - INFO: gradient count:1024"
"2019-08-24 09:31:26,071 - hetero_ne_host.py[line:102] - INFO: Local batch data count:1024"
"2019-08-24 09:31:33,011 - hetero_ne_host.py[line:115] - INFO: gradient count:1024"
"2019-08-24 09:31:33,116 - hetero_ne_host.py[line:102] - INFO: Local batch data count:1024"
"2019-08-24 09:31:40,718 - hetero_ne_host.py[line:115] - INFO: gradient count:1024"
"2019-08-24 09:31:40,830 - hetero_ne_host.py[line:102] - INFO: Local batch data count:1024"
"2019-08-24 09:31:47,389 - hetero_ne_host.py[line:115] - INFO: gradient count:1024"
"2019-08-24 09:31:47,548 - hetero_ne_host.py[line:102] - INFO: Local batch data count:1024"
"2019-08-24 09:31:54,152 - hetero_ne_host.py[line:115] - INFO: gradient count:1024"
"2019-08-24 09:31:54,443 - hetero_ne_host.py[line:102] - INFO: Local batch data count:1024"
"2019-08-24 09:32:00,445 - hetero_ne_host.py[line:115] - INFO: gradient count:1024"
"2019-08-24 09:32:00,720 - hetero_ne_host.py[line:102] - INFO: Local batch data count:1024"
"2019-08-24 09:32:07,349 - hetero_ne_host.py[line:115] - INFO: gradient count:1024"
"2019-08-24 09:32:07,501 - hetero_ne_host.py[line:102] - INFO: Local batch data count:1024"
"2019-08-24 09:32:15,120 - hetero_ne_host.py[line:115] - INFO: gradient count:1024"
"2019-08-24 09:32:15,326 - hetero_ne_host.py[line:102] - INFO: Local batch data count:1024"
"2019-08-24 09:32:21,911 - hetero_ne_host.py[line:115] - INFO: gradient count:1024"
"2019-08-24 09:32:22,070 - hetero_ne_host.py[line:102] - INFO: Local batch data count:1024"
"2019-08-24 09:32:28,942 - hetero_ne_host.py[line:115] - INFO: gradient count:1024"
"2019-08-24 09:32:29,131 - hetero_ne_host.py[line:102] - INFO: Local batch data count:1024"
"2019-08-24 09:32:35,587 - hetero_ne_host.py[line:115] - INFO: gradient count:1024"
"2019-08-24 09:32:35,861 - hetero_ne_host.py[line:102] - INFO: Local batch data count:1024"
"2019-08-24 09:32:42,856 - hetero_ne_host.py[line:115] - INFO: gradient count:1024"
"2019-08-24 09:32:43,091 - hetero_ne_host.py[line:102] - INFO: Local batch data count:1024"
"2019-08-24 09:32:49,843 - hetero_ne_host.py[line:115] - INFO: gradient count:1024"
"2019-08-24 09:32:49,899 - hetero_ne_host.py[line:102] - INFO: Local batch data count:1024"
"2019-08-24 09:32:56,302 - hetero_ne_host.py[line:115] - INFO: gradient count:1024"
"2019-08-24 09:32:56,677 - hetero_ne_host.py[line:102] - INFO: Local batch data count:1024"
"2019-08-24 09:33:02,983 - hetero_ne_host.py[line:115] - INFO: gradient count:1024"
"2019-08-24 09:33:03,198 - hetero_ne_host.py[line:102] - INFO: Local batch data count:1024"
"2019-08-24 09:33:10,429 - hetero_ne_host.py[line:115] - INFO: gradient count:1024"
"2019-08-24 09:33:10,598 - hetero_ne_host.py[line:102] - INFO: Local batch data count:1024"
"2019-08-24 09:33:17,115 - hetero_ne_host.py[line:115] - INFO: gradient count:1024"
"2019-08-24 09:33:17,244 - hetero_ne_host.py[line:102] - INFO: Local batch data count:1024"
"2019-08-24 09:33:24,819 - hetero_ne_host.py[line:115] - INFO: gradient count:1024"
"2019-08-24 09:33:25,237 - hetero_ne_host.py[line:102] - INFO: Local batch data count:1024"
"2019-08-24 09:33:32,976 - hetero_ne_host.py[line:115] - INFO: gradient count:1024"
"2019-08-24 09:33:33,094 - hetero_ne_host.py[line:102] - INFO: Local batch data count:1024"
"2019-08-24 09:33:39,105 - hetero_ne_host.py[line:115] - INFO: gradient count:1024"
"2019-08-24 09:33:39,624 - hetero_ne_host.py[line:102] - INFO: Local batch data count:1024"
"2019-08-24 09:33:44,987 - hetero_ne_host.py[line:115] - INFO: gradient count:1024"
"2019-08-24 09:33:45,537 - hetero_ne_host.py[line:102] - INFO: Local batch data count:1024"
"2019-08-24 09:33:52,006 - hetero_ne_host.py[line:115] - INFO: gradient count:1024"
"2019-08-24 09:33:52,641 - hetero_ne_host.py[line:102] - INFO: Local batch data count:1024"
"2019-08-24 09:34:02,266 - hetero_ne_host.py[line:115] - INFO: gradient count:1024"
"2019-08-24 09:34:02,855 - hetero_ne_host.py[line:102] - INFO: Local batch data count:1024"
"2019-08-24 09:34:11,059 - hetero_ne_host.py[line:115] - INFO: gradient count:1024"
"2019-08-24 09:34:11,157 - hetero_ne_host.py[line:102] - INFO: Local batch data count:1024"
"2019-08-24 09:34:17,697 - hetero_ne_host.py[line:115] - INFO: gradient count:1024"
"2019-08-24 09:34:17,766 - hetero_ne_host.py[line:102] - INFO: Local batch data count:1024"
"2019-08-24 09:34:24,397 - hetero_ne_host.py[line:115] - INFO: gradient count:1024"
"2019-08-24 09:34:24,584 - hetero_ne_host.py[line:102] - INFO: Local batch data count:1024"
"2019-08-24 09:34:32,260 - hetero_ne_host.py[line:115] - INFO: gradient count:1024"
"2019-08-24 09:34:32,571 - hetero_ne_host.py[line:102] - INFO: Local batch data count:1024"
"2019-08-24 09:34:38,075 - hetero_ne_host.py[line:115] - INFO: gradient count:1024"
"2019-08-24 09:34:38,154 - hetero_ne_host.py[line:102] - INFO: Local batch data count:1024"
"2019-08-24 09:34:44,845 - hetero_ne_host.py[line:115] - INFO: gradient count:1024"
"2019-08-24 09:34:45,029 - hetero_ne_host.py[line:102] - INFO: Local batch data count:1024"
"2019-08-24 09:34:52,230 - hetero_ne_host.py[line:115] - INFO: gradient count:1024"
"2019-08-24 09:34:52,412 - hetero_ne_host.py[line:102] - INFO: Local batch data count:1024"
"2019-08-24 09:34:58,960 - hetero_ne_host.py[line:115] - INFO: gradient count:1024"
"2019-08-24 09:34:59,200 - hetero_ne_host.py[line:102] - INFO: Local batch data count:1024"
"2019-08-24 09:35:05,917 - hetero_ne_host.py[line:115] - INFO: gradient count:1024"
"2019-08-24 09:35:05,988 - hetero_ne_host.py[line:102] - INFO: Local batch data count:1024"
"2019-08-24 09:35:12,467 - hetero_ne_host.py[line:115] - INFO: gradient count:1024"
"2019-08-24 09:35:12,553 - hetero_ne_host.py[line:102] - INFO: Local batch data count:668"
"2019-08-24 09:35:18,823 - hetero_ne_host.py[line:115] - INFO: gradient count:668"
