"2019-08-24 09:17:15,501 - hetero_ne_guest.py[line:68] - INFO: samples number:4440"
"2019-08-24 09:17:15,501 - hetero_ne_guest.py[line:69] - INFO: Enter hetero_ne_guest fit"
"2019-08-24 09:17:15,502 - hetero_ne_guest.py[line:71] - INFO: Guest party has 2358 nodes"
"2019-08-24 09:17:15,822 - hetero_ne_guest.py[line:74] - INFO: Transform input data to train instance"
"2019-08-24 09:17:15,824 - hetero_ne_guest.py[line:81] - INFO: Get public_key from arbiter:<PaillierPublicKey 1fb1e61196>"
"2019-08-24 09:17:15,824 - hetero_ne_guest.py[line:85] - INFO: Generate mini-batch from input data"
"2019-08-24 09:17:18,798 - hetero_ne_guest.py[line:89] - INFO: samples number:4440"
"2019-08-24 09:17:18,798 - hetero_ne_guest.py[line:97] - INFO: Generate mini-batch for local instances in guest"
"2019-08-24 09:20:11,055 - hetero_ne_guest.py[line:104] - INFO: batch_info:{'batch_size': 1024, 'batch_num': 5}"
"2019-08-24 09:20:11,304 - hetero_ne_guest.py[line:110] - INFO: Remote batch_info to Host"
"2019-08-24 09:20:11,708 - hetero_ne_guest.py[line:117] - INFO: Remote batch_info to Arbiter"
"2019-08-24 09:20:11,708 - hetero_ne_guest.py[line:124] - INFO: Start initialize model."
"2019-08-24 09:20:11,709 - hetero_ne_guest.py[line:126] - INFO: Embedding shape=(2358, 5)"
"2019-08-24 09:20:11,709 - hetero_ne_guest.py[line:133] - INFO: iter:0"
"2019-08-24 09:20:11,713 - hetero_ne_guest.py[line:142] - INFO: Local batch data count:1024"
"2019-08-24 09:20:21,543 - hetero_ne_guest.py[line:155] - INFO: gradient count:1024"
"2019-08-24 09:20:21,548 - hetero_ne_guest.py[line:142] - INFO: Local batch data count:1024"
"2019-08-24 09:20:29,954 - hetero_ne_guest.py[line:155] - INFO: gradient count:1024"
"2019-08-24 09:20:29,960 - hetero_ne_guest.py[line:142] - INFO: Local batch data count:1024"
"2019-08-24 09:20:37,221 - hetero_ne_guest.py[line:155] - INFO: gradient count:1024"
"2019-08-24 09:20:37,226 - hetero_ne_guest.py[line:142] - INFO: Local batch data count:1024"
"2019-08-24 09:20:44,564 - hetero_ne_guest.py[line:155] - INFO: gradient count:1024"
"2019-08-24 09:20:44,569 - hetero_ne_guest.py[line:142] - INFO: Local batch data count:1024"
"2019-08-24 09:20:51,522 - hetero_ne_guest.py[line:155] - INFO: gradient count:1024"
"2019-08-24 09:20:51,527 - hetero_ne_guest.py[line:142] - INFO: Local batch data count:1024"
"2019-08-24 09:20:58,914 - hetero_ne_guest.py[line:155] - INFO: gradient count:1024"
"2019-08-24 09:20:58,918 - hetero_ne_guest.py[line:142] - INFO: Local batch data count:1024"
"2019-08-24 09:21:07,046 - hetero_ne_guest.py[line:155] - INFO: gradient count:1024"
"2019-08-24 09:21:07,051 - hetero_ne_guest.py[line:142] - INFO: Local batch data count:1024"
"2019-08-24 09:21:14,810 - hetero_ne_guest.py[line:155] - INFO: gradient count:1024"
"2019-08-24 09:21:14,815 - hetero_ne_guest.py[line:142] - INFO: Local batch data count:1024"
"2019-08-24 09:21:23,487 - hetero_ne_guest.py[line:155] - INFO: gradient count:1024"
"2019-08-24 09:21:23,491 - hetero_ne_guest.py[line:142] - INFO: Local batch data count:1024"
"2019-08-24 09:21:31,957 - hetero_ne_guest.py[line:155] - INFO: gradient count:1024"
"2019-08-24 09:21:31,962 - hetero_ne_guest.py[line:142] - INFO: Local batch data count:1024"
"2019-08-24 09:21:41,928 - hetero_ne_guest.py[line:155] - INFO: gradient count:1024"
"2019-08-24 09:21:41,932 - hetero_ne_guest.py[line:142] - INFO: Local batch data count:1024"
"2019-08-24 09:21:50,075 - hetero_ne_guest.py[line:155] - INFO: gradient count:1024"
"2019-08-24 09:21:50,080 - hetero_ne_guest.py[line:142] - INFO: Local batch data count:1024"
"2019-08-24 09:21:58,396 - hetero_ne_guest.py[line:155] - INFO: gradient count:1024"
"2019-08-24 09:21:58,402 - hetero_ne_guest.py[line:142] - INFO: Local batch data count:1024"
"2019-08-24 09:22:06,522 - hetero_ne_guest.py[line:155] - INFO: gradient count:1024"
"2019-08-24 09:22:06,526 - hetero_ne_guest.py[line:142] - INFO: Local batch data count:1024"
"2019-08-24 09:22:15,368 - hetero_ne_guest.py[line:155] - INFO: gradient count:1024"
"2019-08-24 09:22:15,372 - hetero_ne_guest.py[line:142] - INFO: Local batch data count:1024"
"2019-08-24 09:22:24,074 - hetero_ne_guest.py[line:155] - INFO: gradient count:1024"
"2019-08-24 09:22:24,079 - hetero_ne_guest.py[line:142] - INFO: Local batch data count:1024"
"2019-08-24 09:22:33,321 - hetero_ne_guest.py[line:155] - INFO: gradient count:1024"
"2019-08-24 09:22:33,326 - hetero_ne_guest.py[line:142] - INFO: Local batch data count:1024"
"2019-08-24 09:22:42,380 - hetero_ne_guest.py[line:155] - INFO: gradient count:1024"
"2019-08-24 09:22:42,384 - hetero_ne_guest.py[line:142] - INFO: Local batch data count:1024"
"2019-08-24 09:22:52,519 - hetero_ne_guest.py[line:155] - INFO: gradient count:1024"
"2019-08-24 09:22:52,524 - hetero_ne_guest.py[line:142] - INFO: Local batch data count:1024"
"2019-08-24 09:23:01,739 - hetero_ne_guest.py[line:155] - INFO: gradient count:1024"
"2019-08-24 09:23:01,745 - hetero_ne_guest.py[line:142] - INFO: Local batch data count:1024"
"2019-08-24 09:23:10,985 - hetero_ne_guest.py[line:155] - INFO: gradient count:1024"
"2019-08-24 09:23:10,990 - hetero_ne_guest.py[line:142] - INFO: Local batch data count:1024"
"2019-08-24 09:23:19,867 - hetero_ne_guest.py[line:155] - INFO: gradient count:1024"
"2019-08-24 09:23:19,872 - hetero_ne_guest.py[line:142] - INFO: Local batch data count:1024"
"2019-08-24 09:23:28,176 - hetero_ne_guest.py[line:155] - INFO: gradient count:1024"
"2019-08-24 09:23:28,180 - hetero_ne_guest.py[line:142] - INFO: Local batch data count:1024"
"2019-08-24 09:23:36,099 - hetero_ne_guest.py[line:155] - INFO: gradient count:1024"
"2019-08-24 09:23:36,103 - hetero_ne_guest.py[line:142] - INFO: Local batch data count:1024"
"2019-08-24 09:23:45,789 - hetero_ne_guest.py[line:155] - INFO: gradient count:1024"
"2019-08-24 09:23:45,794 - hetero_ne_guest.py[line:142] - INFO: Local batch data count:1024"
"2019-08-24 09:23:56,588 - hetero_ne_guest.py[line:155] - INFO: gradient count:1024"
"2019-08-24 09:23:56,593 - hetero_ne_guest.py[line:142] - INFO: Local batch data count:1024"
"2019-08-24 09:24:05,351 - hetero_ne_guest.py[line:155] - INFO: gradient count:1024"
"2019-08-24 09:24:05,356 - hetero_ne_guest.py[line:142] - INFO: Local batch data count:1024"
"2019-08-24 09:24:13,971 - hetero_ne_guest.py[line:155] - INFO: gradient count:1024"
"2019-08-24 09:24:14,198 - hetero_ne_guest.py[line:142] - INFO: Local batch data count:1024"
"2019-08-24 09:24:23,337 - hetero_ne_guest.py[line:155] - INFO: gradient count:1024"
"2019-08-24 09:24:23,644 - hetero_ne_guest.py[line:142] - INFO: Local batch data count:1024"
"2019-08-24 09:24:33,376 - hetero_ne_guest.py[line:155] - INFO: gradient count:1024"
"2019-08-24 09:24:33,673 - hetero_ne_guest.py[line:142] - INFO: Local batch data count:1024"
"2019-08-24 09:24:42,362 - hetero_ne_guest.py[line:155] - INFO: gradient count:1024"
"2019-08-24 09:24:42,512 - hetero_ne_guest.py[line:142] - INFO: Local batch data count:1024"
"2019-08-24 09:24:50,554 - hetero_ne_guest.py[line:155] - INFO: gradient count:1024"
"2019-08-24 09:24:50,742 - hetero_ne_guest.py[line:142] - INFO: Local batch data count:1024"
"2019-08-24 09:24:59,359 - hetero_ne_guest.py[line:155] - INFO: gradient count:1024"
"2019-08-24 09:24:59,575 - hetero_ne_guest.py[line:142] - INFO: Local batch data count:1024"
"2019-08-24 09:25:08,711 - hetero_ne_guest.py[line:155] - INFO: gradient count:1024"
"2019-08-24 09:25:09,248 - hetero_ne_guest.py[line:142] - INFO: Local batch data count:1024"
"2019-08-24 09:25:19,914 - hetero_ne_guest.py[line:155] - INFO: gradient count:1024"
"2019-08-24 09:25:20,042 - hetero_ne_guest.py[line:142] - INFO: Local batch data count:1024"
"2019-08-24 09:25:30,628 - hetero_ne_guest.py[line:155] - INFO: gradient count:1024"
"2019-08-24 09:25:30,903 - hetero_ne_guest.py[line:142] - INFO: Local batch data count:1024"
"2019-08-24 09:25:40,538 - hetero_ne_guest.py[line:155] - INFO: gradient count:1024"
"2019-08-24 09:25:40,966 - hetero_ne_guest.py[line:142] - INFO: Local batch data count:1024"
"2019-08-24 09:25:51,644 - hetero_ne_guest.py[line:155] - INFO: gradient count:1024"
"2019-08-24 09:25:51,942 - hetero_ne_guest.py[line:142] - INFO: Local batch data count:1024"
"2019-08-24 09:26:00,188 - hetero_ne_guest.py[line:155] - INFO: gradient count:1024"
"2019-08-24 09:26:00,438 - hetero_ne_guest.py[line:142] - INFO: Local batch data count:1024"
"2019-08-24 09:26:11,336 - hetero_ne_guest.py[line:155] - INFO: gradient count:1024"
"2019-08-24 09:26:11,751 - hetero_ne_guest.py[line:142] - INFO: Local batch data count:1024"
"2019-08-24 09:26:21,451 - hetero_ne_guest.py[line:155] - INFO: gradient count:1024"
"2019-08-24 09:26:21,671 - hetero_ne_guest.py[line:142] - INFO: Local batch data count:1024"
"2019-08-24 09:26:31,703 - hetero_ne_guest.py[line:155] - INFO: gradient count:1024"
"2019-08-24 09:26:32,382 - hetero_ne_guest.py[line:142] - INFO: Local batch data count:1024"
"2019-08-24 09:26:43,319 - hetero_ne_guest.py[line:155] - INFO: gradient count:1024"
"2019-08-24 09:26:43,514 - hetero_ne_guest.py[line:142] - INFO: Local batch data count:1024"
"2019-08-24 09:26:52,924 - hetero_ne_guest.py[line:155] - INFO: gradient count:1024"
"2019-08-24 09:26:53,048 - hetero_ne_guest.py[line:142] - INFO: Local batch data count:1024"
"2019-08-24 09:27:03,192 - hetero_ne_guest.py[line:155] - INFO: gradient count:1024"
"2019-08-24 09:27:03,901 - hetero_ne_guest.py[line:142] - INFO: Local batch data count:1024"
"2019-08-24 09:27:14,018 - hetero_ne_guest.py[line:155] - INFO: gradient count:1024"
"2019-08-24 09:27:14,201 - hetero_ne_guest.py[line:142] - INFO: Local batch data count:1024"
"2019-08-24 09:27:23,303 - hetero_ne_guest.py[line:155] - INFO: gradient count:1024"
"2019-08-24 09:27:23,438 - hetero_ne_guest.py[line:142] - INFO: Local batch data count:1024"
"2019-08-24 09:27:33,713 - hetero_ne_guest.py[line:155] - INFO: gradient count:1024"
"2019-08-24 09:27:34,308 - hetero_ne_guest.py[line:142] - INFO: Local batch data count:1024"
"2019-08-24 09:27:44,018 - hetero_ne_guest.py[line:155] - INFO: gradient count:1024"
"2019-08-24 09:27:44,202 - hetero_ne_guest.py[line:142] - INFO: Local batch data count:1024"
"2019-08-24 09:27:52,534 - hetero_ne_guest.py[line:155] - INFO: gradient count:1024"
"2019-08-24 09:27:52,743 - hetero_ne_guest.py[line:142] - INFO: Local batch data count:1024"
"2019-08-24 09:28:01,215 - hetero_ne_guest.py[line:155] - INFO: gradient count:1024"
"2019-08-24 09:28:01,468 - hetero_ne_guest.py[line:142] - INFO: Local batch data count:1024"
"2019-08-24 09:28:09,934 - hetero_ne_guest.py[line:155] - INFO: gradient count:1024"
"2019-08-24 09:28:10,179 - hetero_ne_guest.py[line:142] - INFO: Local batch data count:1024"
"2019-08-24 09:28:19,628 - hetero_ne_guest.py[line:155] - INFO: gradient count:1024"
"2019-08-24 09:28:20,117 - hetero_ne_guest.py[line:142] - INFO: Local batch data count:1024"
"2019-08-24 09:28:31,060 - hetero_ne_guest.py[line:155] - INFO: gradient count:1024"
"2019-08-24 09:28:31,315 - hetero_ne_guest.py[line:142] - INFO: Local batch data count:1024"
"2019-08-24 09:28:39,800 - hetero_ne_guest.py[line:155] - INFO: gradient count:1024"
"2019-08-24 09:28:40,089 - hetero_ne_guest.py[line:142] - INFO: Local batch data count:1024"
"2019-08-24 09:28:48,901 - hetero_ne_guest.py[line:155] - INFO: gradient count:1024"
"2019-08-24 09:28:49,310 - hetero_ne_guest.py[line:142] - INFO: Local batch data count:1024"
"2019-08-24 09:28:57,450 - hetero_ne_guest.py[line:155] - INFO: gradient count:1024"
"2019-08-24 09:28:57,755 - hetero_ne_guest.py[line:142] - INFO: Local batch data count:1024"
"2019-08-24 09:29:06,485 - hetero_ne_guest.py[line:155] - INFO: gradient count:1024"
"2019-08-24 09:29:06,685 - hetero_ne_guest.py[line:142] - INFO: Local batch data count:1024"
"2019-08-24 09:29:17,418 - hetero_ne_guest.py[line:155] - INFO: gradient count:1024"
"2019-08-24 09:29:17,934 - hetero_ne_guest.py[line:142] - INFO: Local batch data count:1024"
"2019-08-24 09:29:26,567 - hetero_ne_guest.py[line:155] - INFO: gradient count:1024"
"2019-08-24 09:29:26,665 - hetero_ne_guest.py[line:142] - INFO: Local batch data count:1024"
"2019-08-24 09:29:34,664 - hetero_ne_guest.py[line:155] - INFO: gradient count:1024"
"2019-08-24 09:29:34,887 - hetero_ne_guest.py[line:142] - INFO: Local batch data count:1024"
"2019-08-24 09:29:42,861 - hetero_ne_guest.py[line:155] - INFO: gradient count:1024"
"2019-08-24 09:29:43,099 - hetero_ne_guest.py[line:142] - INFO: Local batch data count:1024"
"2019-08-24 09:29:52,050 - hetero_ne_guest.py[line:155] - INFO: gradient count:1024"
"2019-08-24 09:29:52,868 - hetero_ne_guest.py[line:142] - INFO: Local batch data count:1024"
"2019-08-24 09:30:04,350 - hetero_ne_guest.py[line:155] - INFO: gradient count:1024"
"2019-08-24 09:30:04,849 - hetero_ne_guest.py[line:142] - INFO: Local batch data count:1024"
"2019-08-24 09:30:13,869 - hetero_ne_guest.py[line:155] - INFO: gradient count:1024"
"2019-08-24 09:30:14,050 - hetero_ne_guest.py[line:142] - INFO: Local batch data count:1024"
"2019-08-24 09:30:21,751 - hetero_ne_guest.py[line:155] - INFO: gradient count:1024"
"2019-08-24 09:30:22,019 - hetero_ne_guest.py[line:142] - INFO: Local batch data count:1024"
"2019-08-24 09:30:30,905 - hetero_ne_guest.py[line:155] - INFO: gradient count:1024"
"2019-08-24 09:30:31,116 - hetero_ne_guest.py[line:142] - INFO: Local batch data count:1024"
"2019-08-24 09:30:41,478 - hetero_ne_guest.py[line:155] - INFO: gradient count:1024"
"2019-08-24 09:30:41,740 - hetero_ne_guest.py[line:142] - INFO: Local batch data count:1024"
"2019-08-24 09:30:49,984 - hetero_ne_guest.py[line:155] - INFO: gradient count:1024"
"2019-08-24 09:30:50,211 - hetero_ne_guest.py[line:142] - INFO: Local batch data count:1024"
"2019-08-24 09:30:58,357 - hetero_ne_guest.py[line:155] - INFO: gradient count:1024"
"2019-08-24 09:30:58,481 - hetero_ne_guest.py[line:142] - INFO: Local batch data count:1024"
"2019-08-24 09:31:05,721 - hetero_ne_guest.py[line:155] - INFO: gradient count:1024"
"2019-08-24 09:31:06,036 - hetero_ne_guest.py[line:142] - INFO: Local batch data count:1024"
"2019-08-24 09:31:13,218 - hetero_ne_guest.py[line:155] - INFO: gradient count:1024"
"2019-08-24 09:31:13,328 - hetero_ne_guest.py[line:142] - INFO: Local batch data count:1024"
"2019-08-24 09:31:20,673 - hetero_ne_guest.py[line:155] - INFO: gradient count:1024"
"2019-08-24 09:31:20,755 - hetero_ne_guest.py[line:142] - INFO: Local batch data count:1024"
"2019-08-24 09:31:28,050 - hetero_ne_guest.py[line:155] - INFO: gradient count:1024"
"2019-08-24 09:31:28,183 - hetero_ne_guest.py[line:142] - INFO: Local batch data count:1024"
"2019-08-24 09:31:34,688 - hetero_ne_guest.py[line:155] - INFO: gradient count:1024"
"2019-08-24 09:31:35,010 - hetero_ne_guest.py[line:142] - INFO: Local batch data count:1024"
"2019-08-24 09:31:42,577 - hetero_ne_guest.py[line:155] - INFO: gradient count:1024"
"2019-08-24 09:31:42,724 - hetero_ne_guest.py[line:142] - INFO: Local batch data count:1024"
"2019-08-24 09:31:49,497 - hetero_ne_guest.py[line:155] - INFO: gradient count:1024"
"2019-08-24 09:31:49,811 - hetero_ne_guest.py[line:142] - INFO: Local batch data count:1024"
"2019-08-24 09:31:56,035 - hetero_ne_guest.py[line:155] - INFO: gradient count:1024"
"2019-08-24 09:31:56,259 - hetero_ne_guest.py[line:142] - INFO: Local batch data count:1024"
"2019-08-24 09:32:02,094 - hetero_ne_guest.py[line:155] - INFO: gradient count:1024"
"2019-08-24 09:32:02,386 - hetero_ne_guest.py[line:142] - INFO: Local batch data count:1024"
"2019-08-24 09:32:09,471 - hetero_ne_guest.py[line:155] - INFO: gradient count:1024"
"2019-08-24 09:32:09,570 - hetero_ne_guest.py[line:142] - INFO: Local batch data count:1024"
"2019-08-24 09:32:17,030 - hetero_ne_guest.py[line:155] - INFO: gradient count:1024"
"2019-08-24 09:32:17,370 - hetero_ne_guest.py[line:142] - INFO: Local batch data count:1024"
"2019-08-24 09:32:24,028 - hetero_ne_guest.py[line:155] - INFO: gradient count:1024"
"2019-08-24 09:32:24,571 - hetero_ne_guest.py[line:142] - INFO: Local batch data count:1024"
"2019-08-24 09:32:31,074 - hetero_ne_guest.py[line:155] - INFO: gradient count:1024"
"2019-08-24 09:32:31,596 - hetero_ne_guest.py[line:142] - INFO: Local batch data count:1024"
"2019-08-24 09:32:39,557 - hetero_ne_guest.py[line:155] - INFO: gradient count:1024"
"2019-08-24 09:32:39,646 - hetero_ne_guest.py[line:142] - INFO: Local batch data count:1024"
"2019-08-24 09:32:46,573 - hetero_ne_guest.py[line:155] - INFO: gradient count:1024"
"2019-08-24 09:32:46,767 - hetero_ne_guest.py[line:142] - INFO: Local batch data count:1024"
"2019-08-24 09:32:53,248 - hetero_ne_guest.py[line:155] - INFO: gradient count:1024"
"2019-08-24 09:32:53,488 - hetero_ne_guest.py[line:142] - INFO: Local batch data count:1024"
"2019-08-24 09:33:00,205 - hetero_ne_guest.py[line:155] - INFO: gradient count:1024"
"2019-08-24 09:33:00,332 - hetero_ne_guest.py[line:142] - INFO: Local batch data count:1024"
"2019-08-24 09:33:07,486 - hetero_ne_guest.py[line:155] - INFO: gradient count:1024"
"2019-08-24 09:33:07,615 - hetero_ne_guest.py[line:142] - INFO: Local batch data count:1024"
"2019-08-24 09:33:13,552 - hetero_ne_guest.py[line:155] - INFO: gradient count:1024"
"2019-08-24 09:33:13,699 - hetero_ne_guest.py[line:142] - INFO: Local batch data count:1024"
"2019-08-24 09:33:21,102 - hetero_ne_guest.py[line:155] - INFO: gradient count:1024"
"2019-08-24 09:33:21,259 - hetero_ne_guest.py[line:142] - INFO: Local batch data count:1024"
"2019-08-24 09:33:28,962 - hetero_ne_guest.py[line:155] - INFO: gradient count:1024"
"2019-08-24 09:33:29,091 - hetero_ne_guest.py[line:142] - INFO: Local batch data count:1024"
"2019-08-24 09:33:35,711 - hetero_ne_guest.py[line:155] - INFO: gradient count:1024"
"2019-08-24 09:33:35,980 - hetero_ne_guest.py[line:142] - INFO: Local batch data count:1024"
"2019-08-24 09:33:42,231 - hetero_ne_guest.py[line:155] - INFO: gradient count:1024"
"2019-08-24 09:33:42,398 - hetero_ne_guest.py[line:142] - INFO: Local batch data count:1024"
"2019-08-24 09:33:49,546 - hetero_ne_guest.py[line:155] - INFO: gradient count:1024"
"2019-08-24 09:33:49,742 - hetero_ne_guest.py[line:142] - INFO: Local batch data count:1024"
"2019-08-24 09:33:56,611 - hetero_ne_guest.py[line:155] - INFO: gradient count:1024"
"2019-08-24 09:33:56,716 - hetero_ne_guest.py[line:142] - INFO: Local batch data count:1024"
"2019-08-24 09:34:06,737 - hetero_ne_guest.py[line:155] - INFO: gradient count:1024"
"2019-08-24 09:34:06,802 - hetero_ne_guest.py[line:142] - INFO: Local batch data count:1024"
"2019-08-24 09:34:14,001 - hetero_ne_guest.py[line:155] - INFO: gradient count:1024"
"2019-08-24 09:34:14,140 - hetero_ne_guest.py[line:142] - INFO: Local batch data count:1024"
"2019-08-24 09:34:21,146 - hetero_ne_guest.py[line:155] - INFO: gradient count:1024"
"2019-08-24 09:34:21,826 - hetero_ne_guest.py[line:142] - INFO: Local batch data count:1024"
"2019-08-24 09:34:28,984 - hetero_ne_guest.py[line:155] - INFO: gradient count:1024"
"2019-08-24 09:34:29,614 - hetero_ne_guest.py[line:142] - INFO: Local batch data count:1024"
"2019-08-24 09:34:35,717 - hetero_ne_guest.py[line:155] - INFO: gradient count:1024"
"2019-08-24 09:34:35,800 - hetero_ne_guest.py[line:142] - INFO: Local batch data count:1024"
"2019-08-24 09:34:42,193 - hetero_ne_guest.py[line:155] - INFO: gradient count:1024"
"2019-08-24 09:34:42,242 - hetero_ne_guest.py[line:142] - INFO: Local batch data count:1024"
"2019-08-24 09:34:49,391 - hetero_ne_guest.py[line:155] - INFO: gradient count:1024"
"2019-08-24 09:34:49,549 - hetero_ne_guest.py[line:142] - INFO: Local batch data count:1024"
"2019-08-24 09:34:55,970 - hetero_ne_guest.py[line:155] - INFO: gradient count:1024"
"2019-08-24 09:34:56,143 - hetero_ne_guest.py[line:142] - INFO: Local batch data count:1024"
"2019-08-24 09:35:03,320 - hetero_ne_guest.py[line:155] - INFO: gradient count:1024"
"2019-08-24 09:35:03,357 - hetero_ne_guest.py[line:142] - INFO: Local batch data count:1024"
"2019-08-24 09:35:10,061 - hetero_ne_guest.py[line:155] - INFO: gradient count:1024"
"2019-08-24 09:35:10,165 - hetero_ne_guest.py[line:142] - INFO: Local batch data count:1024"
"2019-08-24 09:35:16,482 - hetero_ne_guest.py[line:155] - INFO: gradient count:1024"
"2019-08-24 09:35:16,567 - hetero_ne_guest.py[line:142] - INFO: Local batch data count:1024"
"2019-08-24 09:35:22,153 - hetero_ne_guest.py[line:155] - INFO: gradient count:1024"
"2019-08-24 09:35:22,183 - hetero_ne_guest.py[line:142] - INFO: Local batch data count:850"
"2019-08-24 09:35:25,981 - hetero_ne_guest.py[line:155] - INFO: gradient count:850"
