"2019-08-24 09:17:11,735 - workflow.py[line:863] - DEBUG: The job id is hetero_network_embedding_example_standalone_20190824091707"
"2019-08-24 09:17:11,737 - workflow.py[line:865] - DEBUG: Finish eggroll and federation init"
"2019-08-24 09:17:11,737 - workflow.py[line:819] - DEBUG: finish init pipeline"
"2019-08-24 09:17:11,737 - workflow.py[line:912] - INFO: 4440 samples in guest"
"2019-08-24 09:17:11,769 - workflow.py[line:210] - DEBUG: Enter guest network embedding function"
"2019-08-24 09:17:11,769 - workflow.py[line:211] - DEBUG: Start intersection before network embedding"
"2019-08-24 09:17:11,769 - workflow.py[line:316] - INFO: need_intersect: true!"
"2019-08-24 09:17:11,769 - workflow.py[line:320] - INFO: Start intersection!"
"2019-08-24 09:17:12,225 - workflow.py[line:863] - DEBUG: The job id is hetero_network_embedding_example_standalone_20190824091707"
"2019-08-24 09:17:12,227 - workflow.py[line:865] - DEBUG: Finish eggroll and federation init"
"2019-08-24 09:17:12,227 - workflow.py[line:819] - DEBUG: finish init pipeline"
"2019-08-24 09:17:12,227 - workflow.py[line:912] - INFO: 4440 samples in host"
"2019-08-24 09:17:12,254 - workflow.py[line:210] - DEBUG: Enter host network embedding function"
"2019-08-24 09:17:12,254 - workflow.py[line:211] - DEBUG: Start intersection before network embedding"
"2019-08-24 09:17:12,254 - workflow.py[line:316] - INFO: need_intersect: true!"
"2019-08-24 09:17:12,255 - workflow.py[line:320] - INFO: Start intersection!"
"2019-08-24 09:17:12,695 - workflow.py[line:863] - DEBUG: The job id is hetero_network_embedding_example_standalone_20190824091707"
"2019-08-24 09:17:12,696 - workflow.py[line:865] - DEBUG: Finish eggroll and federation init"
"2019-08-24 09:17:12,696 - workflow.py[line:819] - DEBUG: finish init pipeline"
"2019-08-24 09:17:12,696 - workflow.py[line:214] - INFO: arbiter"
"2019-08-24 09:17:12,697 - workflow.py[line:215] - INFO: max iter: 1"
"2019-08-24 09:17:15,501 - workflow.py[line:331] - INFO: finish intersection!"
"2019-08-24 09:17:15,501 - workflow.py[line:214] - INFO: guest"
"2019-08-24 09:17:15,501 - workflow.py[line:215] - INFO: max iter: 1"
"2019-08-24 09:17:15,819 - workflow.py[line:331] - INFO: finish intersection!"
"2019-08-24 09:17:15,819 - workflow.py[line:214] - INFO: host"
"2019-08-24 09:17:15,819 - workflow.py[line:215] - INFO: max iter: 1"
