"2019-08-24 09:14:14,606 - hetero_ne_guest.py[line:68] - INFO: samples number:4440"
"2019-08-24 09:14:14,606 - hetero_ne_guest.py[line:69] - INFO: Enter hetero_ne_guest fit"
"2019-08-24 09:14:14,607 - hetero_ne_guest.py[line:71] - INFO: Guest party has 2358 nodes"
"2019-08-24 09:14:14,931 - hetero_ne_guest.py[line:74] - INFO: Transform input data to train instance"
"2019-08-24 09:14:14,932 - hetero_ne_guest.py[line:81] - INFO: Get public_key from arbiter:<PaillierPublicKey 1c2f77f393>"
"2019-08-24 09:14:14,932 - hetero_ne_guest.py[line:85] - INFO: Generate mini-batch from input data"
"2019-08-24 09:14:17,249 - hetero_ne_guest.py[line:89] - INFO: samples number:4440"
"2019-08-24 09:14:17,249 - hetero_ne_guest.py[line:97] - INFO: Generate mini-batch for local instances in guest"
"2019-08-24 09:16:08,818 - hetero_ne_guest.py[line:104] - INFO: batch_info:{'batch_size': 1024, 'batch_num': 5}"
"2019-08-24 09:16:08,865 - hetero_ne_guest.py[line:110] - INFO: Remote batch_info to Host"
"2019-08-24 09:16:08,902 - hetero_ne_guest.py[line:117] - INFO: Remote batch_info to Arbiter"
"2019-08-24 09:16:08,902 - hetero_ne_guest.py[line:124] - INFO: Start initialize model."
"2019-08-24 09:16:08,902 - hetero_ne_guest.py[line:126] - INFO: Embedding shape=(2358, 5)"
"2019-08-24 09:16:08,902 - hetero_ne_guest.py[line:133] - INFO: iter:0"
"2019-08-24 09:16:08,907 - hetero_ne_guest.py[line:142] - INFO: Local batch data count:1024"
"2019-08-24 09:16:15,477 - hetero_ne_guest.py[line:155] - INFO: gradient count:1024"
"2019-08-24 09:16:15,482 - hetero_ne_guest.py[line:142] - INFO: Local batch data count:1024"
"2019-08-24 09:16:19,071 - hetero_ne_guest.py[line:155] - INFO: gradient count:1024"
"2019-08-24 09:16:19,075 - hetero_ne_guest.py[line:142] - INFO: Local batch data count:1024"
"2019-08-24 09:16:23,707 - hetero_ne_guest.py[line:155] - INFO: gradient count:1024"
"2019-08-24 09:16:23,712 - hetero_ne_guest.py[line:142] - INFO: Local batch data count:1024"
"2019-08-24 09:16:29,217 - hetero_ne_guest.py[line:155] - INFO: gradient count:1024"
"2019-08-24 09:16:29,221 - hetero_ne_guest.py[line:142] - INFO: Local batch data count:1024"
"2019-08-24 09:16:33,808 - hetero_ne_guest.py[line:155] - INFO: gradient count:1024"
"2019-08-24 09:16:33,812 - hetero_ne_guest.py[line:142] - INFO: Local batch data count:1024"
"2019-08-24 09:16:37,826 - hetero_ne_guest.py[line:155] - INFO: gradient count:1024"
"2019-08-24 09:16:37,831 - hetero_ne_guest.py[line:142] - INFO: Local batch data count:1024"
"2019-08-24 09:16:42,104 - hetero_ne_guest.py[line:155] - INFO: gradient count:1024"
"2019-08-24 09:16:42,109 - hetero_ne_guest.py[line:142] - INFO: Local batch data count:1024"
"2019-08-24 09:16:47,234 - hetero_ne_guest.py[line:155] - INFO: gradient count:1024"
"2019-08-24 09:16:47,240 - hetero_ne_guest.py[line:142] - INFO: Local batch data count:1024"
"2019-08-24 09:16:52,137 - hetero_ne_guest.py[line:155] - INFO: gradient count:1024"
"2019-08-24 09:16:52,142 - hetero_ne_guest.py[line:142] - INFO: Local batch data count:1024"
"2019-08-24 09:16:57,720 - hetero_ne_guest.py[line:155] - INFO: gradient count:1024"
"2019-08-24 09:16:57,726 - hetero_ne_guest.py[line:142] - INFO: Local batch data count:1024"
"2019-08-24 09:17:01,908 - hetero_ne_guest.py[line:155] - INFO: gradient count:1024"
"2019-08-24 09:17:01,913 - hetero_ne_guest.py[line:142] - INFO: Local batch data count:1024"
"2019-08-24 09:17:06,430 - hetero_ne_guest.py[line:155] - INFO: gradient count:1024"
"2019-08-24 09:17:06,434 - hetero_ne_guest.py[line:142] - INFO: Local batch data count:1024"
"2019-08-24 09:17:11,032 - hetero_ne_guest.py[line:155] - INFO: gradient count:1024"
"2019-08-24 09:17:11,038 - hetero_ne_guest.py[line:142] - INFO: Local batch data count:1024"
"2019-08-24 09:17:19,030 - hetero_ne_guest.py[line:155] - INFO: gradient count:1024"
"2019-08-24 09:17:19,035 - hetero_ne_guest.py[line:142] - INFO: Local batch data count:1024"
"2019-08-24 09:17:26,341 - hetero_ne_guest.py[line:155] - INFO: gradient count:1024"
"2019-08-24 09:17:26,346 - hetero_ne_guest.py[line:142] - INFO: Local batch data count:1024"
"2019-08-24 09:17:35,007 - hetero_ne_guest.py[line:155] - INFO: gradient count:1024"
"2019-08-24 09:17:35,011 - hetero_ne_guest.py[line:142] - INFO: Local batch data count:1024"
"2019-08-24 09:17:42,149 - hetero_ne_guest.py[line:155] - INFO: gradient count:1024"
"2019-08-24 09:17:42,154 - hetero_ne_guest.py[line:142] - INFO: Local batch data count:1024"
"2019-08-24 09:17:49,440 - hetero_ne_guest.py[line:155] - INFO: gradient count:1024"
"2019-08-24 09:17:49,444 - hetero_ne_guest.py[line:142] - INFO: Local batch data count:1024"
"2019-08-24 09:17:55,786 - hetero_ne_guest.py[line:155] - INFO: gradient count:1024"
"2019-08-24 09:17:55,791 - hetero_ne_guest.py[line:142] - INFO: Local batch data count:1024"
"2019-08-24 09:18:01,244 - hetero_ne_guest.py[line:155] - INFO: gradient count:1024"
"2019-08-24 09:18:01,249 - hetero_ne_guest.py[line:142] - INFO: Local batch data count:1024"
"2019-08-24 09:18:11,412 - hetero_ne_guest.py[line:155] - INFO: gradient count:1024"
"2019-08-24 09:18:11,417 - hetero_ne_guest.py[line:142] - INFO: Local batch data count:1024"
"2019-08-24 09:18:18,425 - hetero_ne_guest.py[line:155] - INFO: gradient count:1024"
"2019-08-24 09:18:18,429 - hetero_ne_guest.py[line:142] - INFO: Local batch data count:1024"
"2019-08-24 09:18:25,661 - hetero_ne_guest.py[line:155] - INFO: gradient count:1024"
"2019-08-24 09:18:25,666 - hetero_ne_guest.py[line:142] - INFO: Local batch data count:1024"
"2019-08-24 09:18:33,287 - hetero_ne_guest.py[line:155] - INFO: gradient count:1024"
"2019-08-24 09:18:33,292 - hetero_ne_guest.py[line:142] - INFO: Local batch data count:1024"
"2019-08-24 09:18:39,028 - hetero_ne_guest.py[line:155] - INFO: gradient count:1024"
"2019-08-24 09:18:39,032 - hetero_ne_guest.py[line:142] - INFO: Local batch data count:1024"
"2019-08-24 09:18:47,112 - hetero_ne_guest.py[line:155] - INFO: gradient count:1024"
"2019-08-24 09:18:47,117 - hetero_ne_guest.py[line:142] - INFO: Local batch data count:1024"
"2019-08-24 09:18:54,072 - hetero_ne_guest.py[line:155] - INFO: gradient count:1024"
"2019-08-24 09:18:54,077 - hetero_ne_guest.py[line:142] - INFO: Local batch data count:1024"
"2019-08-24 09:19:01,381 - hetero_ne_guest.py[line:155] - INFO: gradient count:1024"
"2019-08-24 09:19:01,385 - hetero_ne_guest.py[line:142] - INFO: Local batch data count:1024"
"2019-08-24 09:19:08,122 - hetero_ne_guest.py[line:155] - INFO: gradient count:1024"
"2019-08-24 09:19:08,127 - hetero_ne_guest.py[line:142] - INFO: Local batch data count:1024"
"2019-08-24 09:19:15,391 - hetero_ne_guest.py[line:155] - INFO: gradient count:1024"
"2019-08-24 09:19:15,396 - hetero_ne_guest.py[line:142] - INFO: Local batch data count:1024"
"2019-08-24 09:19:23,044 - hetero_ne_guest.py[line:155] - INFO: gradient count:1024"
"2019-08-24 09:19:23,049 - hetero_ne_guest.py[line:142] - INFO: Local batch data count:1024"
"2019-08-24 09:19:29,712 - hetero_ne_guest.py[line:155] - INFO: gradient count:1024"
"2019-08-24 09:19:29,716 - hetero_ne_guest.py[line:142] - INFO: Local batch data count:1024"
"2019-08-24 09:19:36,824 - hetero_ne_guest.py[line:155] - INFO: gradient count:1024"
"2019-08-24 09:19:36,828 - hetero_ne_guest.py[line:142] - INFO: Local batch data count:1024"
"2019-08-24 09:19:43,691 - hetero_ne_guest.py[line:155] - INFO: gradient count:1024"
"2019-08-24 09:19:43,695 - hetero_ne_guest.py[line:142] - INFO: Local batch data count:1024"
"2019-08-24 09:19:50,890 - hetero_ne_guest.py[line:155] - INFO: gradient count:1024"
"2019-08-24 09:19:50,895 - hetero_ne_guest.py[line:142] - INFO: Local batch data count:1024"
"2019-08-24 09:19:58,272 - hetero_ne_guest.py[line:155] - INFO: gradient count:1024"
"2019-08-24 09:19:58,278 - hetero_ne_guest.py[line:142] - INFO: Local batch data count:1024"
"2019-08-24 09:20:05,122 - hetero_ne_guest.py[line:155] - INFO: gradient count:1024"
"2019-08-24 09:20:05,127 - hetero_ne_guest.py[line:142] - INFO: Local batch data count:1024"
"2019-08-24 09:20:11,053 - hetero_ne_guest.py[line:155] - INFO: gradient count:1024"
"2019-08-24 09:20:11,058 - hetero_ne_guest.py[line:142] - INFO: Local batch data count:1024"
"2019-08-24 09:20:21,499 - hetero_ne_guest.py[line:155] - INFO: gradient count:1024"
"2019-08-24 09:20:21,504 - hetero_ne_guest.py[line:142] - INFO: Local batch data count:1024"
"2019-08-24 09:20:29,936 - hetero_ne_guest.py[line:155] - INFO: gradient count:1024"
"2019-08-24 09:20:29,941 - hetero_ne_guest.py[line:142] - INFO: Local batch data count:1024"
"2019-08-24 09:20:36,852 - hetero_ne_guest.py[line:155] - INFO: gradient count:1024"
"2019-08-24 09:20:36,857 - hetero_ne_guest.py[line:142] - INFO: Local batch data count:1024"
"2019-08-24 09:20:44,432 - hetero_ne_guest.py[line:155] - INFO: gradient count:1024"
"2019-08-24 09:20:44,436 - hetero_ne_guest.py[line:142] - INFO: Local batch data count:1024"
"2019-08-24 09:20:51,555 - hetero_ne_guest.py[line:155] - INFO: gradient count:1024"
"2019-08-24 09:20:51,560 - hetero_ne_guest.py[line:142] - INFO: Local batch data count:1024"
"2019-08-24 09:20:58,731 - hetero_ne_guest.py[line:155] - INFO: gradient count:1024"
"2019-08-24 09:20:58,736 - hetero_ne_guest.py[line:142] - INFO: Local batch data count:1024"
"2019-08-24 09:21:06,898 - hetero_ne_guest.py[line:155] - INFO: gradient count:1024"
"2019-08-24 09:21:06,903 - hetero_ne_guest.py[line:142] - INFO: Local batch data count:1024"
"2019-08-24 09:21:14,289 - hetero_ne_guest.py[line:155] - INFO: gradient count:1024"
"2019-08-24 09:21:14,294 - hetero_ne_guest.py[line:142] - INFO: Local batch data count:1024"
"2019-08-24 09:21:22,319 - hetero_ne_guest.py[line:155] - INFO: gradient count:1024"
"2019-08-24 09:21:22,324 - hetero_ne_guest.py[line:142] - INFO: Local batch data count:1024"
"2019-08-24 09:21:31,301 - hetero_ne_guest.py[line:155] - INFO: gradient count:1024"
"2019-08-24 09:21:31,306 - hetero_ne_guest.py[line:142] - INFO: Local batch data count:1024"
"2019-08-24 09:21:41,472 - hetero_ne_guest.py[line:155] - INFO: gradient count:1024"
"2019-08-24 09:21:41,616 - hetero_ne_guest.py[line:142] - INFO: Local batch data count:1024"
"2019-08-24 09:21:49,635 - hetero_ne_guest.py[line:155] - INFO: gradient count:1024"
"2019-08-24 09:21:49,903 - hetero_ne_guest.py[line:142] - INFO: Local batch data count:1024"
"2019-08-24 09:21:58,343 - hetero_ne_guest.py[line:155] - INFO: gradient count:1024"
"2019-08-24 09:21:58,383 - hetero_ne_guest.py[line:142] - INFO: Local batch data count:1024"
"2019-08-24 09:22:06,496 - hetero_ne_guest.py[line:155] - INFO: gradient count:1024"
"2019-08-24 09:22:06,702 - hetero_ne_guest.py[line:142] - INFO: Local batch data count:1024"
"2019-08-24 09:22:15,437 - hetero_ne_guest.py[line:155] - INFO: gradient count:1024"
"2019-08-24 09:22:15,701 - hetero_ne_guest.py[line:142] - INFO: Local batch data count:1024"
"2019-08-24 09:22:24,494 - hetero_ne_guest.py[line:155] - INFO: gradient count:1024"
"2019-08-24 09:22:24,657 - hetero_ne_guest.py[line:142] - INFO: Local batch data count:1024"
"2019-08-24 09:22:35,182 - hetero_ne_guest.py[line:155] - INFO: gradient count:1024"
"2019-08-24 09:22:35,523 - hetero_ne_guest.py[line:142] - INFO: Local batch data count:1024"
"2019-08-24 09:22:45,465 - hetero_ne_guest.py[line:155] - INFO: gradient count:1024"
"2019-08-24 09:22:45,713 - hetero_ne_guest.py[line:142] - INFO: Local batch data count:1024"
"2019-08-24 09:22:53,946 - hetero_ne_guest.py[line:155] - INFO: gradient count:1024"
"2019-08-24 09:22:54,180 - hetero_ne_guest.py[line:142] - INFO: Local batch data count:1024"
"2019-08-24 09:23:04,459 - hetero_ne_guest.py[line:155] - INFO: gradient count:1024"
"2019-08-24 09:23:04,592 - hetero_ne_guest.py[line:142] - INFO: Local batch data count:1024"
"2019-08-24 09:23:12,890 - hetero_ne_guest.py[line:155] - INFO: gradient count:1024"
"2019-08-24 09:23:13,077 - hetero_ne_guest.py[line:142] - INFO: Local batch data count:1024"
"2019-08-24 09:23:22,095 - hetero_ne_guest.py[line:155] - INFO: gradient count:1024"
"2019-08-24 09:23:22,577 - hetero_ne_guest.py[line:142] - INFO: Local batch data count:1024"
"2019-08-24 09:23:32,442 - hetero_ne_guest.py[line:155] - INFO: gradient count:1024"
"2019-08-24 09:23:32,776 - hetero_ne_guest.py[line:142] - INFO: Local batch data count:1024"
"2019-08-24 09:23:41,047 - hetero_ne_guest.py[line:155] - INFO: gradient count:1024"
"2019-08-24 09:23:41,153 - hetero_ne_guest.py[line:142] - INFO: Local batch data count:1024"
"2019-08-24 09:23:51,227 - hetero_ne_guest.py[line:155] - INFO: gradient count:1024"
"2019-08-24 09:23:51,398 - hetero_ne_guest.py[line:142] - INFO: Local batch data count:1024"
"2019-08-24 09:24:00,108 - hetero_ne_guest.py[line:155] - INFO: gradient count:1024"
"2019-08-24 09:24:00,331 - hetero_ne_guest.py[line:142] - INFO: Local batch data count:1024"
"2019-08-24 09:24:08,667 - hetero_ne_guest.py[line:155] - INFO: gradient count:1024"
"2019-08-24 09:24:08,890 - hetero_ne_guest.py[line:142] - INFO: Local batch data count:1024"
"2019-08-24 09:24:19,431 - hetero_ne_guest.py[line:155] - INFO: gradient count:1024"
"2019-08-24 09:24:19,569 - hetero_ne_guest.py[line:142] - INFO: Local batch data count:1024"
"2019-08-24 09:24:28,706 - hetero_ne_guest.py[line:155] - INFO: gradient count:1024"
"2019-08-24 09:24:28,884 - hetero_ne_guest.py[line:142] - INFO: Local batch data count:1024"
"2019-08-24 09:24:37,373 - hetero_ne_guest.py[line:155] - INFO: gradient count:1024"
"2019-08-24 09:24:37,576 - hetero_ne_guest.py[line:142] - INFO: Local batch data count:1024"
"2019-08-24 09:24:45,799 - hetero_ne_guest.py[line:155] - INFO: gradient count:1024"
"2019-08-24 09:24:46,052 - hetero_ne_guest.py[line:142] - INFO: Local batch data count:1024"
"2019-08-24 09:24:56,074 - hetero_ne_guest.py[line:155] - INFO: gradient count:1024"
"2019-08-24 09:24:56,167 - hetero_ne_guest.py[line:142] - INFO: Local batch data count:1024"
"2019-08-24 09:25:04,713 - hetero_ne_guest.py[line:155] - INFO: gradient count:1024"
"2019-08-24 09:25:04,766 - hetero_ne_guest.py[line:142] - INFO: Local batch data count:1024"
"2019-08-24 09:25:13,825 - hetero_ne_guest.py[line:155] - INFO: gradient count:1024"
"2019-08-24 09:25:14,094 - hetero_ne_guest.py[line:142] - INFO: Local batch data count:1024"
"2019-08-24 09:25:23,339 - hetero_ne_guest.py[line:155] - INFO: gradient count:1024"
"2019-08-24 09:25:23,716 - hetero_ne_guest.py[line:142] - INFO: Local batch data count:1024"
"2019-08-24 09:25:36,251 - hetero_ne_guest.py[line:155] - INFO: gradient count:1024"
"2019-08-24 09:25:36,427 - hetero_ne_guest.py[line:142] - INFO: Local batch data count:1024"
"2019-08-24 09:25:45,627 - hetero_ne_guest.py[line:155] - INFO: gradient count:1024"
"2019-08-24 09:25:45,843 - hetero_ne_guest.py[line:142] - INFO: Local batch data count:1024"
"2019-08-24 09:25:54,548 - hetero_ne_guest.py[line:155] - INFO: gradient count:1024"
"2019-08-24 09:25:54,771 - hetero_ne_guest.py[line:142] - INFO: Local batch data count:1024"
"2019-08-24 09:26:05,064 - hetero_ne_guest.py[line:155] - INFO: gradient count:1024"
"2019-08-24 09:26:05,381 - hetero_ne_guest.py[line:142] - INFO: Local batch data count:1024"
"2019-08-24 09:26:14,487 - hetero_ne_guest.py[line:155] - INFO: gradient count:1024"
"2019-08-24 09:26:14,614 - hetero_ne_guest.py[line:142] - INFO: Local batch data count:1024"
"2019-08-24 09:26:24,844 - hetero_ne_guest.py[line:155] - INFO: gradient count:1024"
"2019-08-24 09:26:25,660 - hetero_ne_guest.py[line:142] - INFO: Local batch data count:1024"
"2019-08-24 09:26:36,518 - hetero_ne_guest.py[line:155] - INFO: gradient count:1024"
"2019-08-24 09:26:36,775 - hetero_ne_guest.py[line:142] - INFO: Local batch data count:1024"
"2019-08-24 09:26:45,424 - hetero_ne_guest.py[line:155] - INFO: gradient count:1024"
"2019-08-24 09:26:45,651 - hetero_ne_guest.py[line:142] - INFO: Local batch data count:1024"
"2019-08-24 09:26:55,048 - hetero_ne_guest.py[line:155] - INFO: gradient count:1024"
"2019-08-24 09:26:55,674 - hetero_ne_guest.py[line:142] - INFO: Local batch data count:1024"
"2019-08-24 09:27:05,077 - hetero_ne_guest.py[line:155] - INFO: gradient count:1024"
"2019-08-24 09:27:05,269 - hetero_ne_guest.py[line:142] - INFO: Local batch data count:1024"
"2019-08-24 09:27:15,478 - hetero_ne_guest.py[line:155] - INFO: gradient count:1024"
"2019-08-24 09:27:15,790 - hetero_ne_guest.py[line:142] - INFO: Local batch data count:1024"
"2019-08-24 09:27:24,566 - hetero_ne_guest.py[line:155] - INFO: gradient count:1024"
"2019-08-24 09:27:24,747 - hetero_ne_guest.py[line:142] - INFO: Local batch data count:1024"
"2019-08-24 09:27:35,665 - hetero_ne_guest.py[line:155] - INFO: gradient count:1024"
"2019-08-24 09:27:35,900 - hetero_ne_guest.py[line:142] - INFO: Local batch data count:1024"
"2019-08-24 09:27:45,064 - hetero_ne_guest.py[line:155] - INFO: gradient count:1024"
"2019-08-24 09:27:45,388 - hetero_ne_guest.py[line:142] - INFO: Local batch data count:1024"
"2019-08-24 09:27:53,577 - hetero_ne_guest.py[line:155] - INFO: gradient count:1024"
"2019-08-24 09:27:53,677 - hetero_ne_guest.py[line:142] - INFO: Local batch data count:1024"
"2019-08-24 09:28:02,401 - hetero_ne_guest.py[line:155] - INFO: gradient count:1024"
"2019-08-24 09:28:02,611 - hetero_ne_guest.py[line:142] - INFO: Local batch data count:1024"
"2019-08-24 09:28:12,075 - hetero_ne_guest.py[line:155] - INFO: gradient count:1024"
"2019-08-24 09:28:12,367 - hetero_ne_guest.py[line:142] - INFO: Local batch data count:1024"
"2019-08-24 09:28:21,756 - hetero_ne_guest.py[line:155] - INFO: gradient count:1024"
"2019-08-24 09:28:22,405 - hetero_ne_guest.py[line:142] - INFO: Local batch data count:1024"
"2019-08-24 09:28:31,506 - hetero_ne_guest.py[line:155] - INFO: gradient count:1024"
"2019-08-24 09:28:31,620 - hetero_ne_guest.py[line:142] - INFO: Local batch data count:1024"
"2019-08-24 09:28:39,937 - hetero_ne_guest.py[line:155] - INFO: gradient count:1024"
"2019-08-24 09:28:40,001 - hetero_ne_guest.py[line:142] - INFO: Local batch data count:1024"
"2019-08-24 09:28:48,941 - hetero_ne_guest.py[line:155] - INFO: gradient count:1024"
"2019-08-24 09:28:49,310 - hetero_ne_guest.py[line:142] - INFO: Local batch data count:1024"
"2019-08-24 09:28:57,275 - hetero_ne_guest.py[line:155] - INFO: gradient count:1024"
"2019-08-24 09:28:57,333 - hetero_ne_guest.py[line:142] - INFO: Local batch data count:1024"
"2019-08-24 09:29:05,708 - hetero_ne_guest.py[line:155] - INFO: gradient count:1024"
"2019-08-24 09:29:05,825 - hetero_ne_guest.py[line:142] - INFO: Local batch data count:1024"
"2019-08-24 09:29:14,225 - hetero_ne_guest.py[line:155] - INFO: gradient count:1024"
"2019-08-24 09:29:14,742 - hetero_ne_guest.py[line:142] - INFO: Local batch data count:1024"
"2019-08-24 09:29:25,395 - hetero_ne_guest.py[line:155] - INFO: gradient count:1024"
"2019-08-24 09:29:25,937 - hetero_ne_guest.py[line:142] - INFO: Local batch data count:1024"
"2019-08-24 09:29:33,999 - hetero_ne_guest.py[line:155] - INFO: gradient count:1024"
"2019-08-24 09:29:34,108 - hetero_ne_guest.py[line:142] - INFO: Local batch data count:1024"
"2019-08-24 09:29:42,167 - hetero_ne_guest.py[line:155] - INFO: gradient count:1024"
"2019-08-24 09:29:42,257 - hetero_ne_guest.py[line:142] - INFO: Local batch data count:1024"
"2019-08-24 09:29:51,122 - hetero_ne_guest.py[line:155] - INFO: gradient count:1024"
"2019-08-24 09:29:51,217 - hetero_ne_guest.py[line:142] - INFO: Local batch data count:1024"
"2019-08-24 09:30:01,520 - hetero_ne_guest.py[line:155] - INFO: gradient count:1024"
"2019-08-24 09:30:01,741 - hetero_ne_guest.py[line:142] - INFO: Local batch data count:1024"
"2019-08-24 09:30:13,124 - hetero_ne_guest.py[line:155] - INFO: gradient count:1024"
"2019-08-24 09:30:13,172 - hetero_ne_guest.py[line:142] - INFO: Local batch data count:1024"
"2019-08-24 09:30:21,006 - hetero_ne_guest.py[line:155] - INFO: gradient count:1024"
"2019-08-24 09:30:21,270 - hetero_ne_guest.py[line:142] - INFO: Local batch data count:1024"
"2019-08-24 09:30:29,484 - hetero_ne_guest.py[line:155] - INFO: gradient count:1024"
"2019-08-24 09:30:29,739 - hetero_ne_guest.py[line:142] - INFO: Local batch data count:1024"
"2019-08-24 09:30:38,601 - hetero_ne_guest.py[line:155] - INFO: gradient count:1024"
"2019-08-24 09:30:38,861 - hetero_ne_guest.py[line:142] - INFO: Local batch data count:1024"
"2019-08-24 09:30:48,818 - hetero_ne_guest.py[line:155] - INFO: gradient count:1024"
"2019-08-24 09:30:48,971 - hetero_ne_guest.py[line:142] - INFO: Local batch data count:850"
"2019-08-24 09:30:56,995 - hetero_ne_guest.py[line:155] - INFO: gradient count:850"
