"2019-08-24 09:14:12,710 - workflow.py[line:863] - DEBUG: The job id is hetero_network_embedding_example_standalone_20190824091407"
"2019-08-24 09:14:12,710 - workflow.py[line:863] - DEBUG: The job id is hetero_network_embedding_example_standalone_20190824091407"
"2019-08-24 09:14:12,712 - workflow.py[line:865] - DEBUG: Finish eggroll and federation init"
"2019-08-24 09:14:12,712 - workflow.py[line:819] - DEBUG: finish init pipeline"
"2019-08-24 09:14:12,712 - workflow.py[line:865] - DEBUG: Finish eggroll and federation init"
"2019-08-24 09:14:12,712 - workflow.py[line:819] - DEBUG: finish init pipeline"
"2019-08-24 09:14:12,712 - workflow.py[line:214] - INFO: arbiter"
"2019-08-24 09:14:12,712 - workflow.py[line:215] - INFO: max iter: 1"
"2019-08-24 09:14:12,712 - workflow.py[line:912] - INFO: 4440 samples in guest"
"2019-08-24 09:14:12,711 - workflow.py[line:863] - DEBUG: The job id is hetero_network_embedding_example_standalone_20190824091407"
"2019-08-24 09:14:12,714 - workflow.py[line:865] - DEBUG: Finish eggroll and federation init"
"2019-08-24 09:14:12,714 - workflow.py[line:819] - DEBUG: finish init pipeline"
"2019-08-24 09:14:12,715 - workflow.py[line:912] - INFO: 4440 samples in host"
"2019-08-24 09:14:12,739 - workflow.py[line:210] - DEBUG: Enter guest network embedding function"
"2019-08-24 09:14:12,739 - workflow.py[line:211] - DEBUG: Start intersection before network embedding"
"2019-08-24 09:14:12,739 - workflow.py[line:316] - INFO: need_intersect: true!"
"2019-08-24 09:14:12,740 - workflow.py[line:320] - INFO: Start intersection!"
"2019-08-24 09:14:12,745 - workflow.py[line:210] - DEBUG: Enter host network embedding function"
"2019-08-24 09:14:12,745 - workflow.py[line:211] - DEBUG: Start intersection before network embedding"
"2019-08-24 09:14:12,746 - workflow.py[line:316] - INFO: need_intersect: true!"
"2019-08-24 09:14:12,746 - workflow.py[line:320] - INFO: Start intersection!"
"2019-08-24 09:14:14,606 - workflow.py[line:331] - INFO: finish intersection!"
"2019-08-24 09:14:14,606 - workflow.py[line:214] - INFO: guest"
"2019-08-24 09:14:14,606 - workflow.py[line:215] - INFO: max iter: 1"
"2019-08-24 09:14:14,921 - workflow.py[line:331] - INFO: finish intersection!"
"2019-08-24 09:14:14,921 - workflow.py[line:214] - INFO: host"
"2019-08-24 09:14:14,921 - workflow.py[line:215] - INFO: max iter: 1"
