"2019-08-22 07:35:50,748 - workflow.py[line:862] - DEBUG: The job id is hetero_network_embedding_example_standalone_20190822073546"
"2019-08-22 07:35:50,748 - workflow.py[line:862] - DEBUG: The job id is hetero_network_embedding_example_standalone_20190822073546"
"2019-08-22 07:35:50,749 - workflow.py[line:864] - DEBUG: Finish eggroll and federation init"
"2019-08-22 07:35:50,749 - workflow.py[line:818] - DEBUG: finish init pipeline"
"2019-08-22 07:35:50,750 - workflow.py[line:864] - DEBUG: Finish eggroll and federation init"
"2019-08-22 07:35:50,750 - workflow.py[line:818] - DEBUG: finish init pipeline"
"2019-08-22 07:35:50,751 - workflow.py[line:905] - INFO: 4440 samples in guest"
"2019-08-22 07:35:50,752 - workflow.py[line:905] - INFO: 4440 samples in host"
"2019-08-22 07:35:50,756 - workflow.py[line:210] - DEBUG: Enter guest network embedding function"
"2019-08-22 07:35:50,756 - workflow.py[line:211] - DEBUG: Start intersection before network embedding"
"2019-08-22 07:35:50,756 - workflow.py[line:315] - INFO: need_intersect: true!"
"2019-08-22 07:35:50,757 - workflow.py[line:319] - INFO: Start intersection!"
"2019-08-22 07:35:50,757 - workflow.py[line:210] - DEBUG: Enter host network embedding function"
"2019-08-22 07:35:50,758 - workflow.py[line:211] - DEBUG: Start intersection before network embedding"
"2019-08-22 07:35:50,758 - workflow.py[line:315] - INFO: need_intersect: true!"
"2019-08-22 07:35:50,758 - workflow.py[line:319] - INFO: Start intersection!"
"2019-08-22 07:35:50,927 - workflow.py[line:862] - DEBUG: The job id is hetero_network_embedding_example_standalone_20190822073546"
"2019-08-22 07:35:50,929 - workflow.py[line:864] - DEBUG: Finish eggroll and federation init"
"2019-08-22 07:35:50,929 - workflow.py[line:818] - DEBUG: finish init pipeline"
"2019-08-22 07:35:50,929 - workflow.py[line:214] - INFO: arbiter"
"2019-08-22 07:35:57,616 - workflow.py[line:330] - INFO: finish intersection!"
"2019-08-22 07:35:57,616 - workflow.py[line:214] - INFO: host"
"2019-08-22 07:35:57,622 - workflow.py[line:330] - INFO: finish intersection!"
"2019-08-22 07:35:57,622 - workflow.py[line:214] - INFO: guest"
