"2019-08-22 08:57:10,082 - workflow.py[line:862] - DEBUG: The job id is hetero_network_embedding_example_standalone_20190822085658"
"2019-08-22 08:57:10,082 - workflow.py[line:862] - DEBUG: The job id is hetero_network_embedding_example_standalone_20190822085658"
"2019-08-22 08:57:10,082 - workflow.py[line:862] - DEBUG: The job id is hetero_network_embedding_example_standalone_20190822085658"
"2019-08-22 08:57:10,137 - workflow.py[line:864] - DEBUG: Finish eggroll and federation init"
"2019-08-22 08:57:10,137 - workflow.py[line:864] - DEBUG: Finish eggroll and federation init"
"2019-08-22 08:57:10,137 - workflow.py[line:864] - DEBUG: Finish eggroll and federation init"
"2019-08-22 08:57:10,137 - workflow.py[line:818] - DEBUG: finish init pipeline"
"2019-08-22 08:57:10,137 - workflow.py[line:818] - DEBUG: finish init pipeline"
"2019-08-22 08:57:10,137 - workflow.py[line:818] - DEBUG: finish init pipeline"
"2019-08-22 08:57:10,137 - workflow.py[line:214] - INFO: arbiter"
"2019-08-22 08:57:10,203 - workflow.py[line:909] - INFO: 4440 samples in guest"
"2019-08-22 08:57:10,371 - workflow.py[line:909] - INFO: 4440 samples in host"
"2019-08-22 08:57:10,499 - workflow.py[line:210] - DEBUG: Enter guest network embedding function"
"2019-08-22 08:57:10,499 - workflow.py[line:211] - DEBUG: Start intersection before network embedding"
"2019-08-22 08:57:10,499 - workflow.py[line:315] - INFO: need_intersect: true!"
"2019-08-22 08:57:10,500 - workflow.py[line:319] - INFO: Start intersection!"
"2019-08-22 08:57:10,501 - workflow.py[line:210] - DEBUG: Enter host network embedding function"
"2019-08-22 08:57:10,502 - workflow.py[line:211] - DEBUG: Start intersection before network embedding"
"2019-08-22 08:57:10,502 - workflow.py[line:315] - INFO: need_intersect: true!"
"2019-08-22 08:57:10,502 - workflow.py[line:319] - INFO: Start intersection!"
"2019-08-22 08:57:46,665 - workflow.py[line:330] - INFO: finish intersection!"
"2019-08-22 08:57:46,665 - workflow.py[line:214] - INFO: host"
"2019-08-22 08:57:46,675 - workflow.py[line:330] - INFO: finish intersection!"
"2019-08-22 08:57:46,675 - workflow.py[line:214] - INFO: guest"
