"2019-08-22 03:11:54,053 - log_utils.py[line:104] - INFO: id:guest_0_0, value: (0, 99, 1)"
"2019-08-22 03:11:54,054 - log_utils.py[line:104] - INFO: id:guest_0_1, value: (0, 931, 1)"
"2019-08-22 03:11:54,054 - log_utils.py[line:104] - INFO: id:guest_0_2, value: (0, 99, 1)"
"2019-08-22 03:11:54,054 - log_utils.py[line:104] - INFO: id:guest_0_3, value: (0, 931, 1)"
"2019-08-22 03:11:54,054 - log_utils.py[line:104] - INFO: id:guest_0_4, value: (0, 99, 1)"
"2019-08-22 03:11:54,054 - log_utils.py[line:104] - INFO: id:guest_0_5, value: (0, 99, 1)"
"2019-08-22 03:11:54,054 - log_utils.py[line:104] - INFO: id:guest_0_7, value: (0, 99, 1)"
"2019-08-22 03:11:54,054 - log_utils.py[line:104] - INFO: id:guest_0_8, value: (0, 931, 1)"
"2019-08-22 03:11:54,054 - log_utils.py[line:104] - INFO: id:guest_0_9, value: (0, 99, 1)"
"2019-08-22 03:11:54,055 - log_utils.py[line:104] - INFO: id:guest_1_0, value: (1, 732, 1)"
"2019-08-22 03:11:54,055 - log_utils.py[line:104] - INFO: id:guest_1_1, value: (1, 905, 1)"
"2019-08-22 03:11:54,055 - neighbors_sampling.py[line:132] - INFO: The number of local positive pairs: 18478"
"2019-08-22 03:11:54,055 - neighbors_sampling.py[line:135] - INFO: Negative samples num: 5"
"2019-08-22 03:11:54,099 - log_utils.py[line:104] - INFO: id:host_0_0, value: (0, 784, 1)"
"2019-08-22 03:11:54,100 - log_utils.py[line:104] - INFO: id:host_0_1, value: (0, 540, 1)"
"2019-08-22 03:11:54,100 - log_utils.py[line:104] - INFO: id:host_0_2, value: (0, 784, 1)"
"2019-08-22 03:11:54,100 - log_utils.py[line:104] - INFO: id:host_0_3, value: (0, 540, 1)"
"2019-08-22 03:11:54,100 - log_utils.py[line:104] - INFO: id:host_0_4, value: (0, 784, 1)"
"2019-08-22 03:11:54,100 - log_utils.py[line:104] - INFO: id:host_0_5, value: (0, 514, 1)"
"2019-08-22 03:11:54,100 - log_utils.py[line:104] - INFO: id:host_0_6, value: (0, 323, 1)"
"2019-08-22 03:11:54,100 - log_utils.py[line:104] - INFO: id:host_0_7, value: (0, 514, 1)"
"2019-08-22 03:11:54,100 - log_utils.py[line:104] - INFO: id:host_0_9, value: (0, 381, 1)"
"2019-08-22 03:11:54,100 - log_utils.py[line:104] - INFO: id:host_1_0, value: (1, 1937, 1)"
"2019-08-22 03:11:54,101 - log_utils.py[line:104] - INFO: id:host_1_1, value: (1, 1212, 1)"
"2019-08-22 03:11:54,101 - neighbors_sampling.py[line:132] - INFO: The number of local positive pairs: 18206"
"2019-08-22 03:11:54,101 - neighbors_sampling.py[line:135] - INFO: Negative samples num: 5"
"2019-08-22 03:11:59,520 - log_utils.py[line:104] - INFO: id:guest_0_0_negative_0, value: (0, 1086, -1)"
"2019-08-22 03:11:59,520 - log_utils.py[line:104] - INFO: id:guest_0_0_negative_1, value: (0, 1741, -1)"
"2019-08-22 03:11:59,520 - log_utils.py[line:104] - INFO: id:guest_0_0_negative_2, value: (0, 2212, -1)"
"2019-08-22 03:11:59,520 - log_utils.py[line:104] - INFO: id:guest_0_0_negative_3, value: (0, 471, -1)"
"2019-08-22 03:11:59,520 - log_utils.py[line:104] - INFO: id:guest_0_0_negative_4, value: (0, 1401, -1)"
"2019-08-22 03:11:59,520 - log_utils.py[line:104] - INFO: id:guest_0_1_negative_0, value: (0, 617, -1)"
"2019-08-22 03:11:59,521 - log_utils.py[line:104] - INFO: id:guest_0_1_negative_1, value: (0, 1910, -1)"
"2019-08-22 03:11:59,521 - log_utils.py[line:104] - INFO: id:guest_0_1_negative_2, value: (0, 1706, -1)"
"2019-08-22 03:11:59,521 - log_utils.py[line:104] - INFO: id:guest_0_1_negative_3, value: (0, 574, -1)"
"2019-08-22 03:11:59,521 - log_utils.py[line:104] - INFO: id:guest_0_1_negative_4, value: (0, 1160, -1)"
"2019-08-22 03:11:59,521 - log_utils.py[line:104] - INFO: id:guest_0_2_negative_0, value: (0, 2914, -1)"
"2019-08-22 03:11:59,522 - neighbors_sampling.py[line:104] - INFO: distribution len: 2358, max:(390, 0.004777391792522355)"
"2019-08-22 03:11:59,522 - neighbors_sampling.py[line:137] - INFO: The number of local negative pairs: 92390"
"2019-08-22 03:11:59,765 - log_utils.py[line:104] - INFO: id:host_0_0_negative_0, value: (0, 348, -1)"
"2019-08-22 03:11:59,765 - log_utils.py[line:104] - INFO: id:host_0_0_negative_1, value: (0, 700, -1)"
"2019-08-22 03:11:59,765 - log_utils.py[line:104] - INFO: id:host_0_0_negative_2, value: (0, 1542, -1)"
"2019-08-22 03:11:59,765 - log_utils.py[line:104] - INFO: id:host_0_0_negative_3, value: (0, 1213, -1)"
"2019-08-22 03:11:59,765 - log_utils.py[line:104] - INFO: id:host_0_0_negative_4, value: (0, 702, -1)"
"2019-08-22 03:11:59,769 - log_utils.py[line:104] - INFO: id:host_0_1_negative_0, value: (0, 208, -1)"
"2019-08-22 03:11:59,769 - log_utils.py[line:104] - INFO: id:host_0_1_negative_1, value: (0, 573, -1)"
"2019-08-22 03:11:59,769 - log_utils.py[line:104] - INFO: id:host_0_1_negative_2, value: (0, 1600, -1)"
"2019-08-22 03:11:59,769 - log_utils.py[line:104] - INFO: id:host_0_1_negative_3, value: (0, 1818, -1)"
"2019-08-22 03:11:59,769 - log_utils.py[line:104] - INFO: id:host_0_1_negative_4, value: (0, 2455, -1)"
"2019-08-22 03:11:59,769 - log_utils.py[line:104] - INFO: id:host_0_2_negative_0, value: (0, 1406, -1)"
"2019-08-22 03:11:59,770 - neighbors_sampling.py[line:104] - INFO: distribution len: 2319, max:(390, 0.0053644794497539165)"
"2019-08-22 03:11:59,771 - neighbors_sampling.py[line:137] - INFO: The number of local negative pairs: 91030"
"2019-08-22 03:12:00,248 - neighbors_sampling.py[line:141] - INFO: The number of total local pairs: 110868"
"2019-08-22 03:12:00,663 - neighbors_sampling.py[line:141] - INFO: The number of total local pairs: 109236"
"2019-08-22 03:12:26,528 - neighbors_sampling.py[line:283] - INFO: Generate the distributed host samples for guest"
"2019-08-22 03:12:26,531 - neighbors_sampling.py[line:246] - INFO: Generate the distributed host samples for host"
"2019-08-22 03:12:26,717 - neighbors_sampling.py[line:290] - INFO: Remote numbers to host"
"2019-08-22 03:12:26,738 - neighbors_sampling.py[line:250] - INFO: Get numbers from guest"
"2019-08-22 03:12:26,969 - neighbors_sampling.py[line:198] - INFO: bridge_instances count:244"
"2019-08-22 03:12:27,989 - neighbors_sampling.py[line:206] - INFO: sample_ids_instances count:244"
"2019-08-22 03:12:27,993 - neighbors_sampling.py[line:254] - INFO: distributed_instances count:740"
"2019-08-22 03:12:28,038 - neighbors_sampling.py[line:261] - INFO: Remote generated distributed samples' id to guest"
"2019-08-22 03:12:28,039 - neighbors_sampling.py[line:283] - INFO: Generate the distributed guest samples for host"
"2019-08-22 03:12:28,124 - neighbors_sampling.py[line:295] - INFO: Get generated distributed samples' id from host"
"2019-08-22 03:12:28,354 - neighbors_sampling.py[line:290] - INFO: Remote numbers to guest"
"2019-08-22 03:12:28,682 - neighbors_sampling.py[line:300] - INFO: The number of host distributed_instances:740"
"2019-08-22 03:12:28,682 - neighbors_sampling.py[line:246] - INFO: Generate the distributed guest samples for guest"
"2019-08-22 03:12:28,684 - neighbors_sampling.py[line:250] - INFO: Get numbers from host"
"2019-08-22 03:12:28,843 - neighbors_sampling.py[line:198] - INFO: bridge_instances count:244"
"2019-08-22 03:12:29,765 - neighbors_sampling.py[line:206] - INFO: sample_ids_instances count:244"
"2019-08-22 03:12:29,770 - neighbors_sampling.py[line:254] - INFO: distributed_instances count:740"
"2019-08-22 03:12:29,817 - neighbors_sampling.py[line:261] - INFO: Remote generated distributed samples' id to host"
"2019-08-22 03:12:29,862 - neighbors_sampling.py[line:295] - INFO: Get generated distributed samples' id from guest"
"2019-08-22 03:12:30,380 - neighbors_sampling.py[line:300] - INFO: The number of guest distributed_instances:740"
"2019-08-22 03:12:34,353 - neighbors_sampling.py[line:333] - INFO: Remote the distributed negative instances id to guest from host"
"2019-08-22 03:12:34,353 - neighbors_sampling.py[line:334] - INFO: Distributed negative instances count: 3700"
"2019-08-22 03:12:34,353 - log_utils.py[line:104] - INFO: id:host_25_0_0_negative_0, value: 357"
"2019-08-22 03:12:34,353 - log_utils.py[line:104] - INFO: id:host_25_0_0_negative_1, value: 357"
"2019-08-22 03:12:34,353 - log_utils.py[line:104] - INFO: id:host_25_0_0_negative_2, value: 357"
"2019-08-22 03:12:34,353 - log_utils.py[line:104] - INFO: id:host_25_0_0_negative_3, value: 357"
"2019-08-22 03:12:34,353 - log_utils.py[line:104] - INFO: id:host_25_0_0_negative_4, value: 357"
"2019-08-22 03:12:34,354 - log_utils.py[line:104] - INFO: id:host_35_0_0_negative_0, value: 92"
"2019-08-22 03:12:34,354 - log_utils.py[line:104] - INFO: id:host_35_0_0_negative_1, value: 92"
"2019-08-22 03:12:34,354 - log_utils.py[line:104] - INFO: id:host_35_0_0_negative_2, value: 92"
"2019-08-22 03:12:34,354 - log_utils.py[line:104] - INFO: id:host_35_0_0_negative_3, value: 92"
"2019-08-22 03:12:34,354 - log_utils.py[line:104] - INFO: id:host_35_0_0_negative_4, value: 92"
"2019-08-22 03:12:34,354 - log_utils.py[line:104] - INFO: id:host_40_0_0_negative_0, value: 849"
"2019-08-22 03:12:34,437 - neighbors_sampling.py[line:355] - INFO: Get distributed nagative samples from host"
"2019-08-22 03:12:34,437 - neighbors_sampling.py[line:357] - INFO: id:host_25_0_0_negative_0"
"2019-08-22 03:12:34,437 - neighbors_sampling.py[line:357] - INFO: id:host_25_0_0_negative_1"
"2019-08-22 03:12:34,437 - neighbors_sampling.py[line:357] - INFO: id:host_25_0_0_negative_2"
"2019-08-22 03:12:34,437 - neighbors_sampling.py[line:357] - INFO: id:host_25_0_0_negative_3"
"2019-08-22 03:12:34,437 - neighbors_sampling.py[line:357] - INFO: id:host_25_0_0_negative_4"
"2019-08-22 03:12:34,438 - neighbors_sampling.py[line:357] - INFO: id:host_35_0_0_negative_0"
"2019-08-22 03:12:34,438 - neighbors_sampling.py[line:357] - INFO: id:host_35_0_0_negative_1"
"2019-08-22 03:12:34,438 - neighbors_sampling.py[line:357] - INFO: id:host_35_0_0_negative_2"
"2019-08-22 03:12:34,438 - neighbors_sampling.py[line:357] - INFO: id:host_35_0_0_negative_3"
"2019-08-22 03:12:34,438 - neighbors_sampling.py[line:357] - INFO: id:host_35_0_0_negative_4"
"2019-08-22 03:13:34,581 - log_utils.py[line:104] - INFO: id:host_25_0_0_negative_0, value: (1834, -1)"
"2019-08-22 03:13:34,581 - log_utils.py[line:104] - INFO: id:host_25_0_0_negative_1, value: (979, -1)"
"2019-08-22 03:13:34,582 - log_utils.py[line:104] - INFO: id:host_25_0_0_negative_2, value: (1230, -1)"
"2019-08-22 03:13:34,582 - log_utils.py[line:104] - INFO: id:host_25_0_0_negative_3, value: (444, -1)"
"2019-08-22 03:13:34,582 - log_utils.py[line:104] - INFO: id:host_25_0_0_negative_4, value: (1262, -1)"
"2019-08-22 03:13:34,582 - log_utils.py[line:104] - INFO: id:host_35_0_0_negative_0, value: (1608, -1)"
"2019-08-22 03:13:38,273 - neighbors_sampling.py[line:333] - INFO: Remote the distributed negative instances id to host from guest"
"2019-08-22 03:13:38,273 - neighbors_sampling.py[line:334] - INFO: Distributed negative instances count: 3700"
"2019-08-22 03:13:38,273 - log_utils.py[line:104] - INFO: id:guest_25_0_0_negative_0, value: 683"
"2019-08-22 03:13:38,273 - log_utils.py[line:104] - INFO: id:guest_25_0_0_negative_1, value: 683"
"2019-08-22 03:13:38,273 - log_utils.py[line:104] - INFO: id:guest_25_0_0_negative_2, value: 683"
"2019-08-22 03:13:38,273 - log_utils.py[line:104] - INFO: id:guest_25_0_0_negative_3, value: 683"
"2019-08-22 03:13:38,273 - log_utils.py[line:104] - INFO: id:guest_25_0_0_negative_4, value: 683"
"2019-08-22 03:13:38,273 - log_utils.py[line:104] - INFO: id:guest_35_0_0_negative_0, value: 500"
"2019-08-22 03:13:38,273 - log_utils.py[line:104] - INFO: id:guest_35_0_0_negative_1, value: 500"
"2019-08-22 03:13:38,274 - log_utils.py[line:104] - INFO: id:guest_35_0_0_negative_2, value: 500"
"2019-08-22 03:13:38,274 - log_utils.py[line:104] - INFO: id:guest_35_0_0_negative_3, value: 500"
"2019-08-22 03:13:38,274 - log_utils.py[line:104] - INFO: id:guest_35_0_0_negative_4, value: 500"
"2019-08-22 03:13:38,274 - log_utils.py[line:104] - INFO: id:guest_40_0_0_negative_0, value: 480"
"2019-08-22 03:13:38,302 - neighbors_sampling.py[line:355] - INFO: Get distributed nagative samples from guest"
"2019-08-22 03:13:38,302 - neighbors_sampling.py[line:357] - INFO: id:guest_25_0_0_negative_0"
"2019-08-22 03:13:38,303 - neighbors_sampling.py[line:357] - INFO: id:guest_25_0_0_negative_1"
"2019-08-22 03:13:38,303 - neighbors_sampling.py[line:357] - INFO: id:guest_25_0_0_negative_2"
"2019-08-22 03:13:38,303 - neighbors_sampling.py[line:357] - INFO: id:guest_25_0_0_negative_3"
"2019-08-22 03:13:38,303 - neighbors_sampling.py[line:357] - INFO: id:guest_25_0_0_negative_4"
"2019-08-22 03:13:38,303 - neighbors_sampling.py[line:357] - INFO: id:guest_35_0_0_negative_0"
"2019-08-22 03:13:38,303 - neighbors_sampling.py[line:357] - INFO: id:guest_35_0_0_negative_1"
"2019-08-22 03:13:38,303 - neighbors_sampling.py[line:357] - INFO: id:guest_35_0_0_negative_2"
"2019-08-22 03:13:38,303 - neighbors_sampling.py[line:357] - INFO: id:guest_35_0_0_negative_3"
"2019-08-22 03:13:38,303 - neighbors_sampling.py[line:357] - INFO: id:guest_35_0_0_negative_4"
"2019-08-22 03:14:41,178 - log_utils.py[line:104] - INFO: id:guest_25_0_0_negative_0, value: (1479, -1)"
"2019-08-22 03:14:41,178 - log_utils.py[line:104] - INFO: id:guest_25_0_0_negative_1, value: (1540, -1)"
"2019-08-22 03:14:41,178 - log_utils.py[line:104] - INFO: id:guest_25_0_0_negative_2, value: (1251, -1)"
"2019-08-22 03:14:41,178 - log_utils.py[line:104] - INFO: id:guest_25_0_0_negative_3, value: (1615, -1)"
"2019-08-22 03:14:41,178 - log_utils.py[line:104] - INFO: id:guest_25_0_0_negative_4, value: (1550, -1)"
"2019-08-22 03:14:41,178 - log_utils.py[line:104] - INFO: id:guest_35_0_0_negative_0, value: (509, -1)"
