"2019-08-22 03:11:49,918 - workflow.py[line:861] - DEBUG: The job id is neighbors_sampling_example_standalone_20190822031143"
"2019-08-22 03:11:49,918 - workflow.py[line:861] - DEBUG: The job id is neighbors_sampling_example_standalone_20190822031143"
"2019-08-22 03:11:49,940 - workflow.py[line:863] - DEBUG: Finish eggroll and federation init"
"2019-08-22 03:11:49,940 - workflow.py[line:863] - DEBUG: Finish eggroll and federation init"
"2019-08-22 03:11:49,940 - workflow.py[line:817] - DEBUG: finish init pipeline"
"2019-08-22 03:11:49,940 - workflow.py[line:817] - DEBUG: finish init pipeline"
"2019-08-22 03:11:49,940 - workflow.py[line:911] - DEBUG: In running function, enter neighbors sampling"
"2019-08-22 03:11:49,940 - workflow.py[line:911] - DEBUG: In running function, enter neighbors sampling"
"2019-08-22 03:11:49,940 - workflow.py[line:915] - DEBUG: [Neighbors sampling]Input table:citeseer_host_neighbors_sampling_neighbors_sampling_example_standalone_20190822031143, input namespace:example_data_namespace"
"2019-08-22 03:11:49,940 - workflow.py[line:915] - DEBUG: [Neighbors sampling]Input table:citeseer_guest_neighbors_sampling_neighbors_sampling_example_standalone_20190822031143, input namespace:example_data_namespace"
"2019-08-22 03:11:49,940 - workflow.py[line:792] - DEBUG: mode is fit"
"2019-08-22 03:11:49,940 - workflow.py[line:792] - DEBUG: mode is fit"
"2019-08-22 03:11:51,710 - workflow.py[line:921] - INFO: Obtain adjlist for each node for guest!"
"2019-08-22 03:11:51,710 - workflow.py[line:922] - INFO: There are 2358 nodes in guest"
"2019-08-22 03:11:51,710 - workflow.py[line:925] - INFO: Map node to id:"
"2019-08-22 03:11:51,724 - workflow.py[line:921] - INFO: Obtain adjlist for each node for host!"
"2019-08-22 03:11:51,724 - workflow.py[line:922] - INFO: There are 2319 nodes in host"
"2019-08-22 03:11:51,724 - workflow.py[line:925] - INFO: Map node to id:"
"2019-08-22 03:11:51,756 - workflow.py[line:936] - INFO: Enter the procedure of local neighbors sampling:"
"2019-08-22 03:11:51,769 - workflow.py[line:936] - INFO: Enter the procedure of local neighbors sampling:"
"2019-08-22 03:12:05,072 - workflow.py[line:942] - INFO: Local sampling samples count for host is 109236"
"2019-08-22 03:12:05,072 - workflow.py[line:943] - INFO: Local sampling results for host saved in namespace: neighbors_samples/local_samples, name: host"
"2019-08-22 03:12:05,072 - workflow.py[line:946] - INFO: Enter the procedure of distributed neighbors sampling:"
"2019-08-22 03:12:05,072 - workflow.py[line:947] - INFO: Alignment nodes from two parties:"
"2019-08-22 03:12:05,072 - workflow.py[line:314] - INFO: need_intersect: true!"
"2019-08-22 03:12:05,073 - workflow.py[line:318] - INFO: Start intersection!"
"2019-08-22 03:12:05,609 - workflow.py[line:942] - INFO: Local sampling samples count for guest is 110868"
"2019-08-22 03:12:05,609 - workflow.py[line:943] - INFO: Local sampling results for guest saved in namespace: neighbors_samples/local_samples, name: guest"
"2019-08-22 03:12:05,610 - workflow.py[line:946] - INFO: Enter the procedure of distributed neighbors sampling:"
"2019-08-22 03:12:05,610 - workflow.py[line:947] - INFO: Alignment nodes from two parties:"
"2019-08-22 03:12:05,610 - workflow.py[line:314] - INFO: need_intersect: true!"
"2019-08-22 03:12:05,610 - workflow.py[line:318] - INFO: Start intersection!"
"2019-08-22 03:12:16,613 - workflow.py[line:329] - INFO: finish intersection!"
"2019-08-22 03:12:16,622 - workflow.py[line:950] - INFO: The number of common nodes: 1413"
"2019-08-22 03:12:16,672 - workflow.py[line:329] - INFO: finish intersection!"
"2019-08-22 03:12:16,681 - workflow.py[line:950] - INFO: The number of common nodes: 1413"
"2019-08-22 03:12:17,296 - workflow.py[line:314] - INFO: need_intersect: true!"
"2019-08-22 03:12:17,297 - workflow.py[line:318] - INFO: Start intersection!"
"2019-08-22 03:12:17,543 - workflow.py[line:314] - INFO: need_intersect: true!"
"2019-08-22 03:12:17,544 - workflow.py[line:318] - INFO: Start intersection!"
"2019-08-22 03:12:26,515 - workflow.py[line:329] - INFO: finish intersection!"
"2019-08-22 03:12:26,519 - workflow.py[line:329] - INFO: finish intersection!"
"2019-08-22 03:12:26,526 - workflow.py[line:955] - INFO: The number of bridge nodes: 244"
"2019-08-22 03:12:26,526 - log_utils.py[line:102] - INFO: id: 25, value: [683]"
"2019-08-22 03:12:26,527 - log_utils.py[line:102] - INFO: id: 35, value: [500]"
"2019-08-22 03:12:26,527 - log_utils.py[line:102] - INFO: id: 40, value: [480, 177, 148]"
"2019-08-22 03:12:26,527 - log_utils.py[line:102] - INFO: id: 57, value: [1536]"
"2019-08-22 03:12:26,527 - log_utils.py[line:102] - INFO: id: 86, value: [626]"
"2019-08-22 03:12:26,527 - log_utils.py[line:102] - INFO: id: 96, value: [997]"
"2019-08-22 03:12:26,529 - workflow.py[line:955] - INFO: The number of bridge nodes: 244"
"2019-08-22 03:12:26,530 - log_utils.py[line:102] - INFO: id: 25, value: [357]"
"2019-08-22 03:12:26,530 - log_utils.py[line:102] - INFO: id: 35, value: [92]"
"2019-08-22 03:12:26,530 - log_utils.py[line:102] - INFO: id: 40, value: [849]"
"2019-08-22 03:12:26,530 - log_utils.py[line:102] - INFO: id: 57, value: [1981]"
"2019-08-22 03:12:26,530 - log_utils.py[line:102] - INFO: id: 86, value: [585]"
"2019-08-22 03:12:26,530 - log_utils.py[line:102] - INFO: id: 96, value: [913]"
"2019-08-22 03:13:39,991 - workflow.py[line:970] - INFO: Distributed sampling target results for host saved in namespace: neighbors_samples/distributed_samples/guest, name: target"
"2019-08-22 03:13:41,328 - workflow.py[line:978] - INFO: Distributed sampling anchor results for guest saved in namespace: neighbors_samples/distributed_samples/guest, name: anchor"
"2019-08-22 03:14:42,266 - workflow.py[line:970] - INFO: Distributed sampling target results for guest saved in namespace: neighbors_samples/distributed_samples/host, name: target"
"2019-08-22 03:14:43,056 - workflow.py[line:978] - INFO: Distributed sampling anchor results for host saved in namespace: neighbors_samples/distributed_samples/host, name: anchor"
"2019-08-22 03:14:43,056 - workflow.py[line:981] - INFO: Neighbors_sampling_finish"
