"2019-08-22 07:43:31,728 - status_tracer_decorator.py[line:73] - INFO: job status is failed"
"2019-08-22 07:43:31,730 - status_tracer_decorator.py[line:74] - INFO: Traceback (most recent call last):
  File "/fate/workflow/status_tracer_decorator.py", line 69, in wrapper
    res = func(self, *args, **kwargs)
  File "/fate/workflow/workflow.py", line 913, in run
    self.network_embedding(data_instances, node2id)
  File "/fate/workflow/workflow.py", line 213, in network_embedding
    data_instances = self.intersrect(data_instances, intersect_flowid)
AttributeError: 'NEGuestWorkFLow' object has no attribute 'intersrect'
"
"2019-08-22 07:43:31,732 - status_tracer_decorator.py[line:59] - INFO: fail to post status failed"
"2019-08-22 07:43:31,932 - status_tracer_decorator.py[line:73] - INFO: job status is failed"
"2019-08-22 07:43:31,933 - status_tracer_decorator.py[line:74] - INFO: Traceback (most recent call last):
  File "/fate/workflow/status_tracer_decorator.py", line 69, in wrapper
    res = func(self, *args, **kwargs)
  File "/fate/workflow/workflow.py", line 913, in run
    self.network_embedding(data_instances, node2id)
  File "/fate/workflow/workflow.py", line 213, in network_embedding
    data_instances = self.intersrect(data_instances, intersect_flowid)
AttributeError: 'NEHostWorkFlow' object has no attribute 'intersrect'
"
"2019-08-22 07:43:31,934 - status_tracer_decorator.py[line:59] - INFO: fail to post status failed"
