"2019-08-24 08:34:07,871 - workflow.py[line:863] - DEBUG: The job id is hetero_network_embedding_example_standalone_20190824083403"
"2019-08-24 08:34:07,872 - workflow.py[line:863] - DEBUG: The job id is hetero_network_embedding_example_standalone_20190824083403"
"2019-08-24 08:34:07,873 - workflow.py[line:865] - DEBUG: Finish eggroll and federation init"
"2019-08-24 08:34:07,873 - workflow.py[line:819] - DEBUG: finish init pipeline"
"2019-08-24 08:34:07,874 - workflow.py[line:912] - INFO: 4440 samples in host"
"2019-08-24 08:34:07,874 - workflow.py[line:865] - DEBUG: Finish eggroll and federation init"
"2019-08-24 08:34:07,874 - workflow.py[line:819] - DEBUG: finish init pipeline"
"2019-08-24 08:34:07,874 - workflow.py[line:214] - INFO: arbiter"
"2019-08-24 08:34:07,874 - workflow.py[line:215] - INFO: max iter: 20"
"2019-08-24 08:34:07,898 - workflow.py[line:863] - DEBUG: The job id is hetero_network_embedding_example_standalone_20190824083403"
"2019-08-24 08:34:07,899 - workflow.py[line:865] - DEBUG: Finish eggroll and federation init"
"2019-08-24 08:34:07,899 - workflow.py[line:819] - DEBUG: finish init pipeline"
"2019-08-24 08:34:07,900 - workflow.py[line:912] - INFO: 4440 samples in guest"
"2019-08-24 08:34:07,928 - workflow.py[line:210] - DEBUG: Enter guest network embedding function"
"2019-08-24 08:34:07,928 - workflow.py[line:210] - DEBUG: Enter host network embedding function"
"2019-08-24 08:34:07,928 - workflow.py[line:211] - DEBUG: Start intersection before network embedding"
"2019-08-24 08:34:07,929 - workflow.py[line:211] - DEBUG: Start intersection before network embedding"
"2019-08-24 08:34:07,929 - workflow.py[line:316] - INFO: need_intersect: true!"
"2019-08-24 08:34:07,929 - workflow.py[line:316] - INFO: need_intersect: true!"
"2019-08-24 08:34:07,929 - workflow.py[line:320] - INFO: Start intersection!"
"2019-08-24 08:34:07,929 - workflow.py[line:320] - INFO: Start intersection!"
"2019-08-24 08:34:09,392 - workflow.py[line:331] - INFO: finish intersection!"
"2019-08-24 08:34:09,392 - workflow.py[line:214] - INFO: guest"
"2019-08-24 08:34:09,392 - workflow.py[line:215] - INFO: max iter: 20"
"2019-08-24 08:34:09,404 - workflow.py[line:331] - INFO: finish intersection!"
"2019-08-24 08:34:09,404 - workflow.py[line:214] - INFO: host"
"2019-08-24 08:34:09,404 - workflow.py[line:215] - INFO: max iter: 20"
