"2019-08-24 16:24:36,850 - federation.py[line:145] - DEBUG: [GET] guest 10000 getting remote object RawIntersectTransferVariable.send_ids_host.neigh_sam_intersect_0 from host [9999]"
"2019-08-24 16:24:36,908 - federation.py[line:124] - DEBUG: [REMOTE] Sent neighbors_sampling_example_standalone_20190824162421-RawIntersectTransferVariable.send_ids_host-RawIntersectTransferVariable.send_ids_host.neigh_sam_intersect_0-host-9999-guest-10000"
"2019-08-24 16:24:36,908 - federation.py[line:145] - DEBUG: [GET] host 9999 getting remote object RawIntersectTransferVariable.intersect_ids_guest.neigh_sam_intersect_0 from guest [10000]"
"2019-08-24 16:24:36,952 - federation.py[line:46] - DEBUG: [GET] Got neighbors_sampling_example_standalone_20190824162421-RawIntersectTransferVariable.send_ids_host-RawIntersectTransferVariable.send_ids_host.neigh_sam_intersect_0-host-9999-guest-10000 type Table"
"2019-08-24 16:24:37,101 - federation.py[line:124] - DEBUG: [REMOTE] Sent neighbors_sampling_example_standalone_20190824162421-RawIntersectTransferVariable.intersect_ids_guest-RawIntersectTransferVariable.intersect_ids_guest.neigh_sam_intersect_0-guest-10000-host-9999"
"2019-08-24 16:24:37,111 - federation.py[line:46] - DEBUG: [GET] Got neighbors_sampling_example_standalone_20190824162421-RawIntersectTransferVariable.intersect_ids_guest-RawIntersectTransferVariable.intersect_ids_guest.neigh_sam_intersect_0-guest-10000-host-9999 type Table"
"2019-08-24 16:24:40,337 - federation.py[line:145] - DEBUG: [GET] guest 10000 getting remote object RawIntersectTransferVariable.send_ids_host.neigh_sam_intersect_1 from host [9999]"
"2019-08-24 16:24:40,355 - federation.py[line:124] - DEBUG: [REMOTE] Sent neighbors_sampling_example_standalone_20190824162421-RawIntersectTransferVariable.send_ids_host-RawIntersectTransferVariable.send_ids_host.neigh_sam_intersect_1-host-9999-guest-10000"
"2019-08-24 16:24:40,355 - federation.py[line:145] - DEBUG: [GET] host 9999 getting remote object RawIntersectTransferVariable.intersect_ids_guest.neigh_sam_intersect_1 from guest [10000]"
"2019-08-24 16:24:40,439 - federation.py[line:46] - DEBUG: [GET] Got neighbors_sampling_example_standalone_20190824162421-RawIntersectTransferVariable.send_ids_host-RawIntersectTransferVariable.send_ids_host.neigh_sam_intersect_1-host-9999-guest-10000 type Table"
"2019-08-24 16:24:40,553 - federation.py[line:124] - DEBUG: [REMOTE] Sent neighbors_sampling_example_standalone_20190824162421-RawIntersectTransferVariable.intersect_ids_guest-RawIntersectTransferVariable.intersect_ids_guest.neigh_sam_intersect_1-guest-10000-host-9999"
"2019-08-24 16:24:40,559 - federation.py[line:46] - DEBUG: [GET] Got neighbors_sampling_example_standalone_20190824162421-RawIntersectTransferVariable.intersect_ids_guest-RawIntersectTransferVariable.intersect_ids_guest.neigh_sam_intersect_1-guest-10000-host-9999 type Table"
"2019-08-24 16:24:41,152 - federation.py[line:145] - DEBUG: [GET] host 9999 getting remote object NeighborsSamplingTransferVariable.guest_number.0 from guest [10000]"
"2019-08-24 16:24:41,455 - federation.py[line:46] - DEBUG: [GET] Got neighbors_sampling_example_standalone_20190824162421-NeighborsSamplingTransferVariable.guest_number-NeighborsSamplingTransferVariable.guest_number.0-guest-10000-host-9999 type Table"
"2019-08-24 16:24:41,456 - federation.py[line:124] - DEBUG: [REMOTE] Sent neighbors_sampling_example_standalone_20190824162421-NeighborsSamplingTransferVariable.guest_number-NeighborsSamplingTransferVariable.guest_number.0-guest-10000-host-9999"
"2019-08-24 16:24:41,456 - federation.py[line:145] - DEBUG: [GET] guest 10000 getting remote object NeighborsSamplingTransferVariable.host_sample_ids.0 from host [9999]"
"2019-08-24 16:24:41,996 - federation.py[line:124] - DEBUG: [REMOTE] Sent neighbors_sampling_example_standalone_20190824162421-NeighborsSamplingTransferVariable.host_sample_ids-NeighborsSamplingTransferVariable.host_sample_ids.0-host-9999-guest-10000"
"2019-08-24 16:24:42,060 - federation.py[line:46] - DEBUG: [GET] Got neighbors_sampling_example_standalone_20190824162421-NeighborsSamplingTransferVariable.host_sample_ids-NeighborsSamplingTransferVariable.host_sample_ids.0-host-9999-guest-10000 type Table"
"2019-08-24 16:24:42,370 - federation.py[line:124] - DEBUG: [REMOTE] Sent neighbors_sampling_example_standalone_20190824162421-NeighborsSamplingTransferVariable.host_number-NeighborsSamplingTransferVariable.host_number.0-host-9999-guest-10000"
"2019-08-24 16:24:42,370 - federation.py[line:145] - DEBUG: [GET] host 9999 getting remote object NeighborsSamplingTransferVariable.guest_sample_ids.0 from guest [10000]"
"2019-08-24 16:24:42,396 - federation.py[line:145] - DEBUG: [GET] guest 10000 getting remote object NeighborsSamplingTransferVariable.host_number.0 from host [9999]"
"2019-08-24 16:24:42,397 - federation.py[line:46] - DEBUG: [GET] Got neighbors_sampling_example_standalone_20190824162421-NeighborsSamplingTransferVariable.host_number-NeighborsSamplingTransferVariable.host_number.0-host-9999-guest-10000 type Table"
"2019-08-24 16:24:42,927 - federation.py[line:124] - DEBUG: [REMOTE] Sent neighbors_sampling_example_standalone_20190824162421-NeighborsSamplingTransferVariable.guest_sample_ids-NeighborsSamplingTransferVariable.guest_sample_ids.0-guest-10000-host-9999"
"2019-08-24 16:24:42,928 - federation.py[line:145] - DEBUG: [GET] guest 10000 getting remote object NeighborsSamplingTransferVariable.host_neg_samp_ids.0 from host [9999]"
"2019-08-24 16:24:42,974 - federation.py[line:46] - DEBUG: [GET] Got neighbors_sampling_example_standalone_20190824162421-NeighborsSamplingTransferVariable.guest_sample_ids-NeighborsSamplingTransferVariable.guest_sample_ids.0-guest-10000-host-9999 type Table"
"2019-08-24 16:24:43,898 - federation.py[line:124] - DEBUG: [REMOTE] Sent neighbors_sampling_example_standalone_20190824162421-NeighborsSamplingTransferVariable.host_neg_samp_ids-NeighborsSamplingTransferVariable.host_neg_samp_ids.0-host-9999-guest-10000"
"2019-08-24 16:24:43,900 - federation.py[line:145] - DEBUG: [GET] host 9999 getting remote object NeighborsSamplingTransferVariable.guest_neg_samp_ids.0 from guest [10000]"
"2019-08-24 16:24:43,934 - federation.py[line:46] - DEBUG: [GET] Got neighbors_sampling_example_standalone_20190824162421-NeighborsSamplingTransferVariable.host_neg_samp_ids-NeighborsSamplingTransferVariable.host_neg_samp_ids.0-host-9999-guest-10000 type Object"
"2019-08-24 16:24:46,687 - federation.py[line:124] - DEBUG: [REMOTE] Sent neighbors_sampling_example_standalone_20190824162421-NeighborsSamplingTransferVariable.guest_neg_samp_ids-NeighborsSamplingTransferVariable.guest_neg_samp_ids.0-guest-10000-host-9999"
"2019-08-24 16:24:46,713 - federation.py[line:46] - DEBUG: [GET] Got neighbors_sampling_example_standalone_20190824162421-NeighborsSamplingTransferVariable.guest_neg_samp_ids-NeighborsSamplingTransferVariable.guest_neg_samp_ids.0-guest-10000-host-9999 type Object"
