"2019-08-24 16:24:31,833 - log_utils.py[line:104] - INFO: id:host_1_0, value: (1, 6, 1)"
"2019-08-24 16:24:31,833 - log_utils.py[line:104] - INFO: id:host_1_1, value: (1, 11, 1)"
"2019-08-24 16:24:31,833 - log_utils.py[line:104] - INFO: id:host_2_0, value: (2, 31, 1)"
"2019-08-24 16:24:31,833 - log_utils.py[line:104] - INFO: id:host_3_0, value: (3, 28, 1)"
"2019-08-24 16:24:31,834 - log_utils.py[line:104] - INFO: id:host_3_1, value: (3, 24, 1)"
"2019-08-24 16:24:31,834 - log_utils.py[line:104] - INFO: id:host_4_0, value: (4, 14, 1)"
"2019-08-24 16:24:31,834 - log_utils.py[line:104] - INFO: id:host_5_0, value: (5, 11, 1)"
"2019-08-24 16:24:31,834 - log_utils.py[line:104] - INFO: id:host_5_1, value: (5, 6, 1)"
"2019-08-24 16:24:31,834 - log_utils.py[line:104] - INFO: id:host_6_0, value: (6, 11, 1)"
"2019-08-24 16:24:31,834 - log_utils.py[line:104] - INFO: id:host_6_1, value: (6, 5, 1)"
"2019-08-24 16:24:31,834 - log_utils.py[line:104] - INFO: id:host_7_0, value: (7, 1, 1)"
"2019-08-24 16:24:31,834 - neighbors_sampling.py[line:132] - INFO: The number of local positive pairs: 50"
"2019-08-24 16:24:31,834 - neighbors_sampling.py[line:135] - INFO: Negative samples num: 5"
"2019-08-24 16:24:31,856 - log_utils.py[line:104] - INFO: id:guest_1_0, value: (1, 12, 1)"
"2019-08-24 16:24:31,856 - log_utils.py[line:104] - INFO: id:guest_2_0, value: (2, 4, 1)"
"2019-08-24 16:24:31,857 - log_utils.py[line:104] - INFO: id:guest_2_1, value: (2, 3, 1)"
"2019-08-24 16:24:31,857 - log_utils.py[line:104] - INFO: id:guest_3_0, value: (3, 14, 1)"
"2019-08-24 16:24:31,857 - log_utils.py[line:104] - INFO: id:guest_4_0, value: (4, 13, 1)"
"2019-08-24 16:24:31,857 - log_utils.py[line:104] - INFO: id:guest_5_0, value: (5, 7, 1)"
"2019-08-24 16:24:31,857 - log_utils.py[line:104] - INFO: id:guest_6_0, value: (6, 7, 1)"
"2019-08-24 16:24:31,857 - log_utils.py[line:104] - INFO: id:guest_6_1, value: (6, 5, 1)"
"2019-08-24 16:24:31,857 - log_utils.py[line:104] - INFO: id:guest_7_0, value: (7, 5, 1)"
"2019-08-24 16:24:31,857 - log_utils.py[line:104] - INFO: id:guest_9_0, value: (9, 34, 1)"
"2019-08-24 16:24:31,857 - log_utils.py[line:104] - INFO: id:guest_9_1, value: (9, 20, 1)"
"2019-08-24 16:24:31,858 - neighbors_sampling.py[line:132] - INFO: The number of local positive pairs: 47"
"2019-08-24 16:24:31,858 - neighbors_sampling.py[line:135] - INFO: Negative samples num: 5"
"2019-08-24 16:24:34,253 - log_utils.py[line:104] - INFO: id:host_1_0_negative_0, value: (1, 1, -1)"
"2019-08-24 16:24:34,254 - log_utils.py[line:104] - INFO: id:host_1_0_negative_1, value: (1, 21, -1)"
"2019-08-24 16:24:34,254 - log_utils.py[line:104] - INFO: id:host_1_0_negative_2, value: (1, 10, -1)"
"2019-08-24 16:24:34,254 - log_utils.py[line:104] - INFO: id:host_1_0_negative_3, value: (1, 33, -1)"
"2019-08-24 16:24:34,254 - log_utils.py[line:104] - INFO: id:host_1_0_negative_4, value: (1, 10, -1)"
"2019-08-24 16:24:34,254 - log_utils.py[line:104] - INFO: id:host_1_1_negative_0, value: (1, 8, -1)"
"2019-08-24 16:24:34,254 - log_utils.py[line:104] - INFO: id:host_1_1_negative_1, value: (1, 24, -1)"
"2019-08-24 16:24:34,254 - log_utils.py[line:104] - INFO: id:host_1_1_negative_2, value: (1, 3, -1)"
"2019-08-24 16:24:34,254 - log_utils.py[line:104] - INFO: id:host_1_1_negative_3, value: (1, 3, -1)"
"2019-08-24 16:24:34,254 - log_utils.py[line:104] - INFO: id:host_1_1_negative_4, value: (1, 24, -1)"
"2019-08-24 16:24:34,254 - log_utils.py[line:104] - INFO: id:host_2_0_negative_0, value: (2, 11, -1)"
"2019-08-24 16:24:34,255 - neighbors_sampling.py[line:104] - INFO: distribution len: 30, max:(1, 0.08960454010181915)"
"2019-08-24 16:24:34,255 - neighbors_sampling.py[line:137] - INFO: The number of local negative pairs: 250"
"2019-08-24 16:24:34,320 - log_utils.py[line:104] - INFO: id:guest_1_0_negative_0, value: (1, 7, -1)"
"2019-08-24 16:24:34,320 - log_utils.py[line:104] - INFO: id:guest_1_0_negative_1, value: (1, 7, -1)"
"2019-08-24 16:24:34,320 - log_utils.py[line:104] - INFO: id:guest_1_0_negative_2, value: (1, 29, -1)"
"2019-08-24 16:24:34,320 - log_utils.py[line:104] - INFO: id:guest_1_0_negative_3, value: (1, 1, -1)"
"2019-08-24 16:24:34,321 - log_utils.py[line:104] - INFO: id:guest_1_0_negative_4, value: (1, 10, -1)"
"2019-08-24 16:24:34,321 - log_utils.py[line:104] - INFO: id:guest_2_0_negative_0, value: (2, 25, -1)"
"2019-08-24 16:24:34,321 - log_utils.py[line:104] - INFO: id:guest_2_0_negative_1, value: (2, 10, -1)"
"2019-08-24 16:24:34,321 - log_utils.py[line:104] - INFO: id:guest_2_0_negative_2, value: (2, 33, -1)"
"2019-08-24 16:24:34,321 - log_utils.py[line:104] - INFO: id:guest_2_0_negative_3, value: (2, 1, -1)"
"2019-08-24 16:24:34,321 - log_utils.py[line:104] - INFO: id:guest_2_0_negative_4, value: (2, 2, -1)"
"2019-08-24 16:24:34,321 - log_utils.py[line:104] - INFO: id:guest_2_1_negative_0, value: (2, 1, -1)"
"2019-08-24 16:24:34,321 - neighbors_sampling.py[line:104] - INFO: distribution len: 31, max:(34, 0.08048076312700077)"
"2019-08-24 16:24:34,321 - neighbors_sampling.py[line:137] - INFO: The number of local negative pairs: 235"
"2019-08-24 16:24:34,743 - log_utils.py[line:104] - INFO: id:guest_1_0, value: (1, 12, 1)"
"2019-08-24 16:24:34,743 - log_utils.py[line:104] - INFO: id:host_1_0, value: (1, 6, 1)"
"2019-08-24 16:24:34,743 - log_utils.py[line:104] - INFO: id:guest_2_0, value: (2, 4, 1)"
"2019-08-24 16:24:34,743 - log_utils.py[line:104] - INFO: id:host_1_1, value: (1, 11, 1)"
"2019-08-24 16:24:34,743 - log_utils.py[line:104] - INFO: id:guest_2_1, value: (2, 3, 1)"
"2019-08-24 16:24:34,743 - log_utils.py[line:104] - INFO: id:host_2_0, value: (2, 31, 1)"
"2019-08-24 16:24:34,743 - log_utils.py[line:104] - INFO: id:guest_3_0, value: (3, 14, 1)"
"2019-08-24 16:24:34,743 - log_utils.py[line:104] - INFO: id:host_3_0, value: (3, 28, 1)"
"2019-08-24 16:24:34,743 - log_utils.py[line:104] - INFO: id:guest_1_0_negative_0, value: (1, 7, -1)"
"2019-08-24 16:24:34,743 - log_utils.py[line:104] - INFO: id:host_1_0_negative_0, value: (1, 1, -1)"
"2019-08-24 16:24:34,743 - log_utils.py[line:104] - INFO: id:guest_1_0_negative_1, value: (1, 7, -1)"
"2019-08-24 16:24:34,743 - log_utils.py[line:104] - INFO: id:host_1_0_negative_1, value: (1, 21, -1)"
"2019-08-24 16:24:34,743 - log_utils.py[line:104] - INFO: id:guest_1_0_negative_2, value: (1, 29, -1)"
"2019-08-24 16:24:34,744 - log_utils.py[line:104] - INFO: id:host_1_0_negative_2, value: (1, 10, -1)"
"2019-08-24 16:24:34,744 - log_utils.py[line:104] - INFO: id:guest_1_0_negative_3, value: (1, 1, -1)"
"2019-08-24 16:24:34,744 - log_utils.py[line:104] - INFO: id:host_1_0_negative_3, value: (1, 33, -1)"
"2019-08-24 16:24:34,746 - neighbors_sampling.py[line:145] - INFO: The number of total local pairs: 282"
"2019-08-24 16:24:34,746 - neighbors_sampling.py[line:145] - INFO: The number of total local pairs: 300"
"2019-08-24 16:24:41,152 - neighbors_sampling.py[line:250] - INFO: Generate the distributed host samples for host"
"2019-08-24 16:24:41,164 - neighbors_sampling.py[line:287] - INFO: Generate the distributed host samples for guest"
"2019-08-24 16:24:41,455 - neighbors_sampling.py[line:254] - INFO: Get numbers from guest"
"2019-08-24 16:24:41,456 - neighbors_sampling.py[line:294] - INFO: Remote numbers to host"
"2019-08-24 16:24:41,661 - neighbors_sampling.py[line:202] - INFO: bridge_instances count:3"
"2019-08-24 16:24:41,954 - neighbors_sampling.py[line:210] - INFO: sample_ids_instances count:3"
"2019-08-24 16:24:41,958 - neighbors_sampling.py[line:258] - INFO: distributed_instances count:7"
"2019-08-24 16:24:41,997 - neighbors_sampling.py[line:265] - INFO: Remote generated distributed samples' id to guest"
"2019-08-24 16:24:41,998 - neighbors_sampling.py[line:287] - INFO: Generate the distributed guest samples for host"
"2019-08-24 16:24:42,061 - neighbors_sampling.py[line:299] - INFO: Get generated distributed samples' id from host"
"2019-08-24 16:24:42,370 - neighbors_sampling.py[line:294] - INFO: Remote numbers to guest"
"2019-08-24 16:24:42,395 - neighbors_sampling.py[line:304] - INFO: The number of host distributed_instances:7"
"2019-08-24 16:24:42,395 - neighbors_sampling.py[line:250] - INFO: Generate the distributed guest samples for guest"
"2019-08-24 16:24:42,397 - neighbors_sampling.py[line:254] - INFO: Get numbers from host"
"2019-08-24 16:24:42,492 - neighbors_sampling.py[line:202] - INFO: bridge_instances count:3"
"2019-08-24 16:24:42,865 - neighbors_sampling.py[line:210] - INFO: sample_ids_instances count:3"
"2019-08-24 16:24:42,870 - neighbors_sampling.py[line:258] - INFO: distributed_instances count:7"
"2019-08-24 16:24:42,928 - neighbors_sampling.py[line:265] - INFO: Remote generated distributed samples' id to host"
"2019-08-24 16:24:42,974 - neighbors_sampling.py[line:299] - INFO: Get generated distributed samples' id from guest"
"2019-08-24 16:24:43,467 - neighbors_sampling.py[line:304] - INFO: The number of guest distributed_instances:7"
"2019-08-24 16:24:43,898 - neighbors_sampling.py[line:337] - INFO: Remote the distributed negative instances id to guest from host"
"2019-08-24 16:24:43,898 - neighbors_sampling.py[line:338] - INFO: Distributed negative instances count: 35"
"2019-08-24 16:24:43,898 - log_utils.py[line:104] - INFO: id:host_1_0_0_negative_0, value: 8"
"2019-08-24 16:24:43,898 - log_utils.py[line:104] - INFO: id:host_1_0_0_negative_1, value: 8"
"2019-08-24 16:24:43,899 - log_utils.py[line:104] - INFO: id:host_1_0_0_negative_2, value: 8"
"2019-08-24 16:24:43,899 - log_utils.py[line:104] - INFO: id:host_1_0_0_negative_3, value: 8"
"2019-08-24 16:24:43,899 - log_utils.py[line:104] - INFO: id:host_1_0_0_negative_4, value: 8"
"2019-08-24 16:24:43,899 - log_utils.py[line:104] - INFO: id:host_33_0_0_negative_0, value: 21"
"2019-08-24 16:24:43,899 - log_utils.py[line:104] - INFO: id:host_33_0_0_negative_1, value: 21"
"2019-08-24 16:24:43,899 - log_utils.py[line:104] - INFO: id:host_33_0_0_negative_2, value: 21"
"2019-08-24 16:24:43,899 - log_utils.py[line:104] - INFO: id:host_33_0_0_negative_3, value: 21"
"2019-08-24 16:24:43,899 - log_utils.py[line:104] - INFO: id:host_33_0_0_negative_4, value: 21"
"2019-08-24 16:24:43,899 - log_utils.py[line:104] - INFO: id:host_33_1_0_negative_0, value: 23"
"2019-08-24 16:24:43,935 - neighbors_sampling.py[line:359] - INFO: Get distributed nagative samples from host"
"2019-08-24 16:24:43,935 - neighbors_sampling.py[line:361] - INFO: id:host_1_0_0_negative_0"
"2019-08-24 16:24:43,936 - neighbors_sampling.py[line:361] - INFO: id:host_1_0_0_negative_1"
"2019-08-24 16:24:43,936 - neighbors_sampling.py[line:361] - INFO: id:host_1_0_0_negative_2"
"2019-08-24 16:24:43,936 - neighbors_sampling.py[line:361] - INFO: id:host_1_0_0_negative_3"
"2019-08-24 16:24:43,936 - neighbors_sampling.py[line:361] - INFO: id:host_1_0_0_negative_4"
"2019-08-24 16:24:43,936 - neighbors_sampling.py[line:361] - INFO: id:host_33_0_0_negative_0"
"2019-08-24 16:24:43,936 - neighbors_sampling.py[line:361] - INFO: id:host_33_0_0_negative_1"
"2019-08-24 16:24:43,936 - neighbors_sampling.py[line:361] - INFO: id:host_33_0_0_negative_2"
"2019-08-24 16:24:43,936 - neighbors_sampling.py[line:361] - INFO: id:host_33_0_0_negative_3"
"2019-08-24 16:24:43,936 - neighbors_sampling.py[line:361] - INFO: id:host_33_0_0_negative_4"
"2019-08-24 16:24:46,050 - log_utils.py[line:104] - INFO: id:host_1_0_0_negative_0, value: (33, -1)"
"2019-08-24 16:24:46,050 - log_utils.py[line:104] - INFO: id:host_1_0_0_negative_1, value: (9, -1)"
"2019-08-24 16:24:46,050 - log_utils.py[line:104] - INFO: id:host_1_0_0_negative_2, value: (6, -1)"
"2019-08-24 16:24:46,050 - log_utils.py[line:104] - INFO: id:host_1_0_0_negative_3, value: (15, -1)"
"2019-08-24 16:24:46,050 - log_utils.py[line:104] - INFO: id:host_1_0_0_negative_4, value: (15, -1)"
"2019-08-24 16:24:46,050 - log_utils.py[line:104] - INFO: id:host_33_0_0_negative_0, value: (15, -1)"
"2019-08-24 16:24:46,687 - neighbors_sampling.py[line:337] - INFO: Remote the distributed negative instances id to host from guest"
"2019-08-24 16:24:46,687 - neighbors_sampling.py[line:338] - INFO: Distributed negative instances count: 35"
"2019-08-24 16:24:46,687 - log_utils.py[line:104] - INFO: id:guest_1_0_0_negative_0, value: 12"
"2019-08-24 16:24:46,687 - log_utils.py[line:104] - INFO: id:guest_1_0_0_negative_1, value: 12"
"2019-08-24 16:24:46,687 - log_utils.py[line:104] - INFO: id:guest_1_0_0_negative_2, value: 12"
"2019-08-24 16:24:46,687 - log_utils.py[line:104] - INFO: id:guest_1_0_0_negative_3, value: 12"
"2019-08-24 16:24:46,688 - log_utils.py[line:104] - INFO: id:guest_1_0_0_negative_4, value: 12"
"2019-08-24 16:24:46,688 - log_utils.py[line:104] - INFO: id:guest_33_0_0_negative_0, value: 15"
"2019-08-24 16:24:46,688 - log_utils.py[line:104] - INFO: id:guest_33_0_0_negative_1, value: 15"
"2019-08-24 16:24:46,688 - log_utils.py[line:104] - INFO: id:guest_33_0_0_negative_2, value: 15"
"2019-08-24 16:24:46,688 - log_utils.py[line:104] - INFO: id:guest_33_0_0_negative_3, value: 15"
"2019-08-24 16:24:46,688 - log_utils.py[line:104] - INFO: id:guest_33_0_0_negative_4, value: 15"
"2019-08-24 16:24:46,688 - log_utils.py[line:104] - INFO: id:guest_33_0_1_negative_0, value: 15"
"2019-08-24 16:24:46,714 - neighbors_sampling.py[line:359] - INFO: Get distributed nagative samples from guest"
"2019-08-24 16:24:46,714 - neighbors_sampling.py[line:361] - INFO: id:guest_1_0_0_negative_0"
"2019-08-24 16:24:46,714 - neighbors_sampling.py[line:361] - INFO: id:guest_1_0_0_negative_1"
"2019-08-24 16:24:46,714 - neighbors_sampling.py[line:361] - INFO: id:guest_1_0_0_negative_2"
"2019-08-24 16:24:46,714 - neighbors_sampling.py[line:361] - INFO: id:guest_1_0_0_negative_3"
"2019-08-24 16:24:46,714 - neighbors_sampling.py[line:361] - INFO: id:guest_1_0_0_negative_4"
"2019-08-24 16:24:46,714 - neighbors_sampling.py[line:361] - INFO: id:guest_33_0_0_negative_0"
"2019-08-24 16:24:46,714 - neighbors_sampling.py[line:361] - INFO: id:guest_33_0_0_negative_1"
"2019-08-24 16:24:46,714 - neighbors_sampling.py[line:361] - INFO: id:guest_33_0_0_negative_2"
"2019-08-24 16:24:46,714 - neighbors_sampling.py[line:361] - INFO: id:guest_33_0_0_negative_3"
"2019-08-24 16:24:46,715 - neighbors_sampling.py[line:361] - INFO: id:guest_33_0_0_negative_4"
"2019-08-24 16:24:49,161 - log_utils.py[line:104] - INFO: id:guest_1_0_0_negative_0, value: (14, -1)"
"2019-08-24 16:24:49,161 - log_utils.py[line:104] - INFO: id:guest_1_0_0_negative_1, value: (3, -1)"
"2019-08-24 16:24:49,161 - log_utils.py[line:104] - INFO: id:guest_1_0_0_negative_2, value: (19, -1)"
"2019-08-24 16:24:49,161 - log_utils.py[line:104] - INFO: id:guest_1_0_0_negative_3, value: (2, -1)"
"2019-08-24 16:24:49,161 - log_utils.py[line:104] - INFO: id:guest_1_0_0_negative_4, value: (4, -1)"
"2019-08-24 16:24:49,161 - log_utils.py[line:104] - INFO: id:guest_33_0_0_negative_0, value: (33, -1)"
