"2019-08-24 16:24:41,151 - neighbors_sampling_host.py[line:23] - INFO: bridge_instances count:3"
"2019-08-24 16:24:41,152 - neighbors_sampling_host.py[line:24] - INFO: Enter distributed neighbors sampling for guest"
"2019-08-24 16:24:41,997 - neighbors_sampling_host.py[line:29] - INFO: display top 6 host_distributed_instances_anchor:"
"2019-08-24 16:24:41,997 - log_utils.py[line:104] - INFO: id:host_1_0_0, value: 8"
"2019-08-24 16:24:41,997 - log_utils.py[line:104] - INFO: id:host_33_0_0, value: 21"
"2019-08-24 16:24:41,997 - log_utils.py[line:104] - INFO: id:host_33_1_0, value: 23"
"2019-08-24 16:24:41,997 - log_utils.py[line:104] - INFO: id:host_34_0_0, value: 21"
"2019-08-24 16:24:41,997 - log_utils.py[line:104] - INFO: id:host_34_0_1, value: 21"
"2019-08-24 16:24:41,997 - log_utils.py[line:104] - INFO: id:host_34_1_0, value: 23"
"2019-08-24 16:24:43,467 - neighbors_sampling_host.py[line:35] - INFO: display top 6 guest_distributed_instances_target:"
"2019-08-24 16:24:43,467 - log_utils.py[line:104] - INFO: id:guest_1_0_0, value: (8, 1)"
"2019-08-24 16:24:43,467 - log_utils.py[line:104] - INFO: id:guest_33_0_0, value: (21, 1)"
"2019-08-24 16:24:43,467 - log_utils.py[line:104] - INFO: id:guest_33_0_1, value: (23, 1)"
"2019-08-24 16:24:43,467 - log_utils.py[line:104] - INFO: id:guest_34_0_0, value: (21, 1)"
"2019-08-24 16:24:43,467 - log_utils.py[line:104] - INFO: id:guest_34_0_1, value: (23, 1)"
"2019-08-24 16:24:43,468 - log_utils.py[line:104] - INFO: id:guest_34_1_0, value: (21, 1)"
"2019-08-24 16:24:49,290 - neighbors_sampling_host.py[line:46] - INFO: distributed_instances_target count: 42"
"2019-08-24 16:24:49,420 - neighbors_sampling_host.py[line:49] - INFO: distributed_instances_target count: 42"
"2019-08-24 16:24:49,425 - log_utils.py[line:104] - INFO: id:host_1_0_0, value: 8"
"2019-08-24 16:24:49,425 - log_utils.py[line:104] - INFO: id:host_33_0_0, value: 21"
"2019-08-24 16:24:49,425 - log_utils.py[line:104] - INFO: id:host_33_1_0, value: 23"
"2019-08-24 16:24:49,425 - log_utils.py[line:104] - INFO: id:host_34_0_0, value: 21"
"2019-08-24 16:24:49,425 - log_utils.py[line:104] - INFO: id:host_34_0_1, value: 21"
"2019-08-24 16:24:49,425 - log_utils.py[line:104] - INFO: id:host_34_1_0, value: 23"
"2019-08-24 16:24:49,430 - log_utils.py[line:104] - INFO: id:host_1_0_0_negative_0, value: 8"
"2019-08-24 16:24:49,430 - log_utils.py[line:104] - INFO: id:host_1_0_0_negative_1, value: 8"
"2019-08-24 16:24:49,430 - log_utils.py[line:104] - INFO: id:host_1_0_0_negative_2, value: 8"
"2019-08-24 16:24:49,430 - log_utils.py[line:104] - INFO: id:host_1_0_0_negative_3, value: 8"
"2019-08-24 16:24:49,430 - log_utils.py[line:104] - INFO: id:host_1_0_0_negative_4, value: 8"
"2019-08-24 16:24:49,431 - log_utils.py[line:104] - INFO: id:host_33_0_0_negative_0, value: 21"
