"2019-08-24 16:24:28,535 - workflow.py[line:863] - DEBUG: The job id is neighbors_sampling_example_standalone_20190824162421"
"2019-08-24 16:24:28,535 - workflow.py[line:863] - DEBUG: The job id is neighbors_sampling_example_standalone_20190824162421"
"2019-08-24 16:24:28,585 - workflow.py[line:865] - DEBUG: Finish eggroll and federation init"
"2019-08-24 16:24:28,585 - workflow.py[line:865] - DEBUG: Finish eggroll and federation init"
"2019-08-24 16:24:28,585 - workflow.py[line:819] - DEBUG: finish init pipeline"
"2019-08-24 16:24:28,585 - workflow.py[line:819] - DEBUG: finish init pipeline"
"2019-08-24 16:24:28,585 - workflow.py[line:926] - DEBUG: In running function, enter neighbors sampling"
"2019-08-24 16:24:28,585 - workflow.py[line:926] - DEBUG: In running function, enter neighbors sampling"
"2019-08-24 16:24:28,585 - workflow.py[line:930] - DEBUG: [Neighbors sampling]Input table:karate_host_neighbors_sampling_neighbors_sampling_example_standalone_20190824162421, input namespace:example_data_namespace"
"2019-08-24 16:24:28,585 - workflow.py[line:930] - DEBUG: [Neighbors sampling]Input table:karate_guest_neighbors_sampling_neighbors_sampling_example_standalone_20190824162421, input namespace:example_data_namespace"
"2019-08-24 16:24:28,585 - workflow.py[line:794] - DEBUG: mode is fit"
"2019-08-24 16:24:28,585 - workflow.py[line:794] - DEBUG: mode is fit"
"2019-08-24 16:24:30,054 - workflow.py[line:940] - INFO: Obtain adjlist for each node for Bank B!"
"2019-08-24 16:24:30,055 - workflow.py[line:942] - INFO: There are 31 nodes in Bank B"
"2019-08-24 16:24:30,055 - workflow.py[line:945] - INFO: Map node to id:"
"2019-08-24 16:24:30,064 - workflow.py[line:940] - INFO: Obtain adjlist for each node for Bank A!"
"2019-08-24 16:24:30,064 - workflow.py[line:942] - INFO: There are 30 nodes in Bank A"
"2019-08-24 16:24:30,064 - workflow.py[line:945] - INFO: Map node to id:"
"2019-08-24 16:24:30,930 - workflow.py[line:956] - INFO: Enter the procedure of local neighbors sampling:"
"2019-08-24 16:24:30,964 - workflow.py[line:956] - INFO: Enter the procedure of local neighbors sampling:"
"2019-08-24 16:24:35,053 - workflow.py[line:962] - INFO: Local sampling samples count for guest is 282"
"2019-08-24 16:24:35,053 - workflow.py[line:962] - INFO: Local sampling samples count for host is 300"
"2019-08-24 16:24:35,053 - workflow.py[line:963] - INFO: Local sampling results for guest saved in namespace: neighbors_samples/local_samples, name: guest"
"2019-08-24 16:24:35,053 - workflow.py[line:963] - INFO: Local sampling results for host saved in namespace: neighbors_samples/local_samples, name: host"
"2019-08-24 16:24:35,053 - workflow.py[line:966] - INFO: Enter the procedure of distributed neighbors sampling:"
"2019-08-24 16:24:35,053 - workflow.py[line:966] - INFO: Enter the procedure of distributed neighbors sampling:"
"2019-08-24 16:24:35,053 - workflow.py[line:968] - INFO: Alignment nodes from two parties:"
"2019-08-24 16:24:35,053 - workflow.py[line:968] - INFO: Alignment nodes from two parties:"
"2019-08-24 16:24:35,053 - workflow.py[line:316] - INFO: need_intersect: true!"
"2019-08-24 16:24:35,053 - workflow.py[line:316] - INFO: need_intersect: true!"
"2019-08-24 16:24:35,054 - workflow.py[line:320] - INFO: Start intersection!"
"2019-08-24 16:24:35,054 - workflow.py[line:320] - INFO: Start intersection!"
"2019-08-24 16:24:39,010 - workflow.py[line:331] - INFO: finish intersection!"
"2019-08-24 16:24:39,020 - workflow.py[line:976] - INFO: The number of common nodes: 27"
"2019-08-24 16:24:39,029 - workflow.py[line:331] - INFO: finish intersection!"
"2019-08-24 16:24:39,075 - workflow.py[line:976] - INFO: The number of common nodes: 27"
"2019-08-24 16:24:39,523 - workflow.py[line:316] - INFO: need_intersect: true!"
"2019-08-24 16:24:39,524 - workflow.py[line:320] - INFO: Start intersection!"
"2019-08-24 16:24:39,531 - workflow.py[line:316] - INFO: need_intersect: true!"
"2019-08-24 16:24:39,532 - workflow.py[line:320] - INFO: Start intersection!"
"2019-08-24 16:24:41,142 - workflow.py[line:331] - INFO: finish intersection!"
"2019-08-24 16:24:41,151 - workflow.py[line:981] - INFO: The number of bridge nodes: 3"
"2019-08-24 16:24:41,155 - workflow.py[line:331] - INFO: finish intersection!"
"2019-08-24 16:24:41,164 - workflow.py[line:981] - INFO: The number of bridge nodes: 3"
"2019-08-24 16:24:47,388 - workflow.py[line:996] - INFO: Distributed sampling target results for host saved in namespace: neighbors_samples/distributed_samples/guest, name: target"
"2019-08-24 16:24:47,763 - workflow.py[line:1004] - INFO: Distributed sampling anchor results for guest saved in namespace: neighbors_samples/distributed_samples/guest, name: anchor"
"2019-08-24 16:24:49,849 - workflow.py[line:996] - INFO: Distributed sampling target results for guest saved in namespace: neighbors_samples/distributed_samples/host, name: target"
"2019-08-24 16:24:49,870 - workflow.py[line:1004] - INFO: Distributed sampling anchor results for host saved in namespace: neighbors_samples/distributed_samples/host, name: anchor"
"2019-08-24 16:24:49,870 - workflow.py[line:1007] - INFO: Neighbors_sampling_finish"
