"2019-08-24 08:53:11,588 - federation.py[line:124] - DEBUG: [REMOTE] Sent neighbors_sampling_example_standalone_20190824085210-RawIntersectTransferVariable.send_ids_host-RawIntersectTransferVariable.send_ids_host.neigh_sam_intersect_0-host-9999-guest-10000"
"2019-08-24 08:53:11,589 - federation.py[line:145] - DEBUG: [GET] host 9999 getting remote object RawIntersectTransferVariable.intersect_ids_guest.neigh_sam_intersect_0 from guest [10000]"
"2019-08-24 08:53:11,688 - federation.py[line:145] - DEBUG: [GET] guest 10000 getting remote object RawIntersectTransferVariable.send_ids_host.neigh_sam_intersect_0 from host [9999]"
"2019-08-24 08:53:11,689 - federation.py[line:46] - DEBUG: [GET] Got neighbors_sampling_example_standalone_20190824085210-RawIntersectTransferVariable.send_ids_host-RawIntersectTransferVariable.send_ids_host.neigh_sam_intersect_0-host-9999-guest-10000 type Table"
"2019-08-24 08:53:12,002 - federation.py[line:124] - DEBUG: [REMOTE] Sent neighbors_sampling_example_standalone_20190824085210-RawIntersectTransferVariable.intersect_ids_guest-RawIntersectTransferVariable.intersect_ids_guest.neigh_sam_intersect_0-guest-10000-host-9999"
"2019-08-24 08:53:12,092 - federation.py[line:46] - DEBUG: [GET] Got neighbors_sampling_example_standalone_20190824085210-RawIntersectTransferVariable.intersect_ids_guest-RawIntersectTransferVariable.intersect_ids_guest.neigh_sam_intersect_0-guest-10000-host-9999 type Table"
"2019-08-24 08:53:21,827 - federation.py[line:145] - DEBUG: [GET] guest 10000 getting remote object RawIntersectTransferVariable.send_ids_host.neigh_sam_intersect_1 from host [9999]"
"2019-08-24 08:53:21,895 - federation.py[line:124] - DEBUG: [REMOTE] Sent neighbors_sampling_example_standalone_20190824085210-RawIntersectTransferVariable.send_ids_host-RawIntersectTransferVariable.send_ids_host.neigh_sam_intersect_1-host-9999-guest-10000"
"2019-08-24 08:53:21,895 - federation.py[line:145] - DEBUG: [GET] host 9999 getting remote object RawIntersectTransferVariable.intersect_ids_guest.neigh_sam_intersect_1 from guest [10000]"
"2019-08-24 08:53:21,929 - federation.py[line:46] - DEBUG: [GET] Got neighbors_sampling_example_standalone_20190824085210-RawIntersectTransferVariable.send_ids_host-RawIntersectTransferVariable.send_ids_host.neigh_sam_intersect_1-host-9999-guest-10000 type Table"
"2019-08-24 08:53:22,131 - federation.py[line:124] - DEBUG: [REMOTE] Sent neighbors_sampling_example_standalone_20190824085210-RawIntersectTransferVariable.intersect_ids_guest-RawIntersectTransferVariable.intersect_ids_guest.neigh_sam_intersect_1-guest-10000-host-9999"
"2019-08-24 08:53:22,197 - federation.py[line:46] - DEBUG: [GET] Got neighbors_sampling_example_standalone_20190824085210-RawIntersectTransferVariable.intersect_ids_guest-RawIntersectTransferVariable.intersect_ids_guest.neigh_sam_intersect_1-guest-10000-host-9999 type Table"
"2019-08-24 08:53:26,000 - federation.py[line:145] - DEBUG: [GET] host 9999 getting remote object NeighborsSamplingTransferVariable.guest_number.0 from guest [10000]"
"2019-08-24 08:53:26,124 - federation.py[line:124] - DEBUG: [REMOTE] Sent neighbors_sampling_example_standalone_20190824085210-NeighborsSamplingTransferVariable.guest_number-NeighborsSamplingTransferVariable.guest_number.0-guest-10000-host-9999"
"2019-08-24 08:53:26,124 - federation.py[line:145] - DEBUG: [GET] guest 10000 getting remote object NeighborsSamplingTransferVariable.host_sample_ids.0 from host [9999]"
"2019-08-24 08:53:26,202 - federation.py[line:46] - DEBUG: [GET] Got neighbors_sampling_example_standalone_20190824085210-NeighborsSamplingTransferVariable.guest_number-NeighborsSamplingTransferVariable.guest_number.0-guest-10000-host-9999 type Table"
"2019-08-24 08:53:29,475 - federation.py[line:124] - DEBUG: [REMOTE] Sent neighbors_sampling_example_standalone_20190824085210-NeighborsSamplingTransferVariable.host_sample_ids-NeighborsSamplingTransferVariable.host_sample_ids.0-host-9999-guest-10000"
"2019-08-24 08:53:29,540 - federation.py[line:46] - DEBUG: [GET] Got neighbors_sampling_example_standalone_20190824085210-NeighborsSamplingTransferVariable.host_sample_ids-NeighborsSamplingTransferVariable.host_sample_ids.0-host-9999-guest-10000 type Table"
"2019-08-24 08:53:29,872 - federation.py[line:124] - DEBUG: [REMOTE] Sent neighbors_sampling_example_standalone_20190824085210-NeighborsSamplingTransferVariable.host_number-NeighborsSamplingTransferVariable.host_number.0-host-9999-guest-10000"
"2019-08-24 08:53:29,873 - federation.py[line:145] - DEBUG: [GET] host 9999 getting remote object NeighborsSamplingTransferVariable.guest_sample_ids.0 from guest [10000]"
"2019-08-24 08:53:30,239 - federation.py[line:145] - DEBUG: [GET] guest 10000 getting remote object NeighborsSamplingTransferVariable.host_number.0 from host [9999]"
"2019-08-24 08:53:30,240 - federation.py[line:46] - DEBUG: [GET] Got neighbors_sampling_example_standalone_20190824085210-NeighborsSamplingTransferVariable.host_number-NeighborsSamplingTransferVariable.host_number.0-host-9999-guest-10000 type Table"
"2019-08-24 08:53:31,280 - federation.py[line:46] - DEBUG: [GET] Got neighbors_sampling_example_standalone_20190824085210-NeighborsSamplingTransferVariable.guest_sample_ids-NeighborsSamplingTransferVariable.guest_sample_ids.0-guest-10000-host-9999 type Table"
"2019-08-24 08:53:31,287 - federation.py[line:124] - DEBUG: [REMOTE] Sent neighbors_sampling_example_standalone_20190824085210-NeighborsSamplingTransferVariable.guest_sample_ids-NeighborsSamplingTransferVariable.guest_sample_ids.0-guest-10000-host-9999"
"2019-08-24 08:53:31,289 - federation.py[line:145] - DEBUG: [GET] guest 10000 getting remote object NeighborsSamplingTransferVariable.host_neg_samp_ids.0 from host [9999]"
"2019-08-24 08:53:35,606 - federation.py[line:46] - DEBUG: [GET] Got neighbors_sampling_example_standalone_20190824085210-NeighborsSamplingTransferVariable.host_neg_samp_ids-NeighborsSamplingTransferVariable.host_neg_samp_ids.0-host-9999-guest-10000 type Object"
"2019-08-24 08:53:35,609 - federation.py[line:124] - DEBUG: [REMOTE] Sent neighbors_sampling_example_standalone_20190824085210-NeighborsSamplingTransferVariable.host_neg_samp_ids-NeighborsSamplingTransferVariable.host_neg_samp_ids.0-host-9999-guest-10000"
"2019-08-24 08:53:35,611 - federation.py[line:145] - DEBUG: [GET] host 9999 getting remote object NeighborsSamplingTransferVariable.guest_neg_samp_ids.0 from guest [10000]"
"2019-08-24 08:54:46,681 - federation.py[line:124] - DEBUG: [REMOTE] Sent neighbors_sampling_example_standalone_20190824085210-NeighborsSamplingTransferVariable.guest_neg_samp_ids-NeighborsSamplingTransferVariable.guest_neg_samp_ids.0-guest-10000-host-9999"
"2019-08-24 08:54:46,690 - federation.py[line:46] - DEBUG: [GET] Got neighbors_sampling_example_standalone_20190824085210-NeighborsSamplingTransferVariable.guest_neg_samp_ids-NeighborsSamplingTransferVariable.guest_neg_samp_ids.0-guest-10000-host-9999 type Object"
