"2019-08-24 08:52:54,735 - log_utils.py[line:104] - INFO: id:host_0_0, value: (0, 514, 1)"
"2019-08-24 08:52:54,735 - log_utils.py[line:104] - INFO: id:host_0_1, value: (0, 868, 1)"
"2019-08-24 08:52:54,735 - log_utils.py[line:104] - INFO: id:host_0_2, value: (0, 632, 1)"
"2019-08-24 08:52:54,735 - log_utils.py[line:104] - INFO: id:host_0_3, value: (0, 868, 1)"
"2019-08-24 08:52:54,735 - log_utils.py[line:104] - INFO: id:host_0_4, value: (0, 677, 1)"
"2019-08-24 08:52:54,735 - log_utils.py[line:104] - INFO: id:host_0_5, value: (0, 381, 1)"
"2019-08-24 08:52:54,735 - log_utils.py[line:104] - INFO: id:host_0_6, value: (0, 713, 1)"
"2019-08-24 08:52:54,736 - log_utils.py[line:104] - INFO: id:host_0_7, value: (0, 381, 1)"
"2019-08-24 08:52:54,736 - log_utils.py[line:104] - INFO: id:host_0_8, value: (0, 713, 1)"
"2019-08-24 08:52:54,736 - log_utils.py[line:104] - INFO: id:host_0_9, value: (0, 381, 1)"
"2019-08-24 08:52:54,736 - log_utils.py[line:104] - INFO: id:host_1_0, value: (1, 153, 1)"
"2019-08-24 08:52:54,736 - neighbors_sampling.py[line:132] - INFO: The number of local positive pairs: 18202"
"2019-08-24 08:52:54,736 - neighbors_sampling.py[line:135] - INFO: Negative samples num: 5"
"2019-08-24 08:52:56,487 - log_utils.py[line:104] - INFO: id:guest_0_0, value: (0, 99, 1)"
"2019-08-24 08:52:56,487 - log_utils.py[line:104] - INFO: id:guest_0_2, value: (0, 99, 1)"
"2019-08-24 08:52:56,487 - log_utils.py[line:104] - INFO: id:guest_0_3, value: (0, 931, 1)"
"2019-08-24 08:52:56,487 - log_utils.py[line:104] - INFO: id:guest_0_4, value: (0, 99, 1)"
"2019-08-24 08:52:56,488 - log_utils.py[line:104] - INFO: id:guest_0_5, value: (0, 99, 1)"
"2019-08-24 08:52:56,488 - log_utils.py[line:104] - INFO: id:guest_0_7, value: (0, 99, 1)"
"2019-08-24 08:52:56,488 - log_utils.py[line:104] - INFO: id:guest_0_9, value: (0, 99, 1)"
"2019-08-24 08:52:56,488 - log_utils.py[line:104] - INFO: id:guest_1_0, value: (1, 732, 1)"
"2019-08-24 08:52:56,488 - log_utils.py[line:104] - INFO: id:guest_1_1, value: (1, 266, 1)"
"2019-08-24 08:52:56,488 - log_utils.py[line:104] - INFO: id:guest_1_2, value: (1, 2081, 1)"
"2019-08-24 08:52:56,488 - log_utils.py[line:104] - INFO: id:guest_1_3, value: (1, 1305, 1)"
"2019-08-24 08:52:56,488 - neighbors_sampling.py[line:132] - INFO: The number of local positive pairs: 18403"
"2019-08-24 08:52:56,488 - neighbors_sampling.py[line:135] - INFO: Negative samples num: 5"
"2019-08-24 08:53:01,521 - log_utils.py[line:104] - INFO: id:host_0_0_negative_0, value: (0, 853, -1)"
"2019-08-24 08:53:01,521 - log_utils.py[line:104] - INFO: id:host_0_0_negative_1, value: (0, 3286, -1)"
"2019-08-24 08:53:01,521 - log_utils.py[line:104] - INFO: id:host_0_0_negative_2, value: (0, 2987, -1)"
"2019-08-24 08:53:01,522 - log_utils.py[line:104] - INFO: id:host_0_0_negative_3, value: (0, 326, -1)"
"2019-08-24 08:53:01,522 - log_utils.py[line:104] - INFO: id:host_0_0_negative_4, value: (0, 729, -1)"
"2019-08-24 08:53:01,522 - log_utils.py[line:104] - INFO: id:host_0_1_negative_0, value: (0, 1251, -1)"
"2019-08-24 08:53:01,522 - log_utils.py[line:104] - INFO: id:host_0_1_negative_1, value: (0, 483, -1)"
"2019-08-24 08:53:01,522 - log_utils.py[line:104] - INFO: id:host_0_1_negative_2, value: (0, 504, -1)"
"2019-08-24 08:53:01,522 - log_utils.py[line:104] - INFO: id:host_0_1_negative_3, value: (0, 1980, -1)"
"2019-08-24 08:53:01,522 - log_utils.py[line:104] - INFO: id:host_0_1_negative_4, value: (0, 380, -1)"
"2019-08-24 08:53:01,522 - log_utils.py[line:104] - INFO: id:host_0_2_negative_0, value: (0, 3275, -1)"
"2019-08-24 08:53:01,523 - neighbors_sampling.py[line:104] - INFO: distribution len: 2319, max:(390, 0.0053644794497539165)"
"2019-08-24 08:53:01,525 - neighbors_sampling.py[line:137] - INFO: The number of local negative pairs: 91010"
"2019-08-24 08:53:02,208 - log_utils.py[line:104] - INFO: id:guest_0_0_negative_0, value: (0, 3014, -1)"
"2019-08-24 08:53:02,208 - log_utils.py[line:104] - INFO: id:guest_0_0_negative_1, value: (0, 1125, -1)"
"2019-08-24 08:53:02,208 - log_utils.py[line:104] - INFO: id:guest_0_0_negative_2, value: (0, 1761, -1)"
"2019-08-24 08:53:02,208 - log_utils.py[line:104] - INFO: id:guest_0_0_negative_3, value: (0, 3069, -1)"
"2019-08-24 08:53:02,208 - log_utils.py[line:104] - INFO: id:guest_0_0_negative_4, value: (0, 54, -1)"
"2019-08-24 08:53:02,208 - log_utils.py[line:104] - INFO: id:guest_0_2_negative_0, value: (0, 1028, -1)"
"2019-08-24 08:53:02,208 - log_utils.py[line:104] - INFO: id:guest_0_2_negative_1, value: (0, 1931, -1)"
"2019-08-24 08:53:02,208 - log_utils.py[line:104] - INFO: id:guest_0_2_negative_2, value: (0, 1729, -1)"
"2019-08-24 08:53:02,208 - log_utils.py[line:104] - INFO: id:guest_0_2_negative_3, value: (0, 683, -1)"
"2019-08-24 08:53:02,208 - log_utils.py[line:104] - INFO: id:guest_0_2_negative_4, value: (0, 3085, -1)"
"2019-08-24 08:53:02,209 - log_utils.py[line:104] - INFO: id:guest_0_3_negative_0, value: (0, 35, -1)"
"2019-08-24 08:53:02,209 - neighbors_sampling.py[line:104] - INFO: distribution len: 2358, max:(390, 0.004777391792522355)"
"2019-08-24 08:53:02,210 - neighbors_sampling.py[line:137] - INFO: The number of local negative pairs: 92015"
"2019-08-24 08:53:02,374 - neighbors_sampling.py[line:141] - INFO: The number of total local pairs: 109212"
"2019-08-24 08:53:02,774 - neighbors_sampling.py[line:141] - INFO: The number of total local pairs: 110418"
"2019-08-24 08:53:25,984 - neighbors_sampling.py[line:283] - INFO: Generate the distributed host samples for guest"
"2019-08-24 08:53:25,999 - neighbors_sampling.py[line:246] - INFO: Generate the distributed host samples for host"
"2019-08-24 08:53:26,124 - neighbors_sampling.py[line:290] - INFO: Remote numbers to host"
"2019-08-24 08:53:26,202 - neighbors_sampling.py[line:250] - INFO: Get numbers from guest"
"2019-08-24 08:53:28,626 - neighbors_sampling.py[line:198] - INFO: bridge_instances count:244"
"2019-08-24 08:53:29,433 - neighbors_sampling.py[line:206] - INFO: sample_ids_instances count:244"
"2019-08-24 08:53:29,437 - neighbors_sampling.py[line:254] - INFO: distributed_instances count:740"
"2019-08-24 08:53:29,475 - neighbors_sampling.py[line:261] - INFO: Remote generated distributed samples' id to guest"
"2019-08-24 08:53:29,476 - neighbors_sampling.py[line:283] - INFO: Generate the distributed guest samples for host"
"2019-08-24 08:53:29,540 - neighbors_sampling.py[line:295] - INFO: Get generated distributed samples' id from host"
"2019-08-24 08:53:29,873 - neighbors_sampling.py[line:290] - INFO: Remote numbers to guest"
"2019-08-24 08:53:30,238 - neighbors_sampling.py[line:300] - INFO: The number of host distributed_instances:740"
"2019-08-24 08:53:30,239 - neighbors_sampling.py[line:246] - INFO: Generate the distributed guest samples for guest"
"2019-08-24 08:53:30,240 - neighbors_sampling.py[line:250] - INFO: Get numbers from host"
"2019-08-24 08:53:30,388 - neighbors_sampling.py[line:198] - INFO: bridge_instances count:244"
"2019-08-24 08:53:31,226 - neighbors_sampling.py[line:206] - INFO: sample_ids_instances count:244"
"2019-08-24 08:53:31,230 - neighbors_sampling.py[line:254] - INFO: distributed_instances count:740"
"2019-08-24 08:53:31,280 - neighbors_sampling.py[line:295] - INFO: Get generated distributed samples' id from guest"
"2019-08-24 08:53:31,288 - neighbors_sampling.py[line:261] - INFO: Remote generated distributed samples' id to host"
"2019-08-24 08:53:31,792 - neighbors_sampling.py[line:300] - INFO: The number of guest distributed_instances:740"
"2019-08-24 08:53:35,608 - neighbors_sampling.py[line:355] - INFO: Get distributed nagative samples from host"
"2019-08-24 08:53:35,608 - neighbors_sampling.py[line:357] - INFO: id:host_25_0_0_negative_0"
"2019-08-24 08:53:35,608 - neighbors_sampling.py[line:357] - INFO: id:host_25_0_0_negative_1"
"2019-08-24 08:53:35,608 - neighbors_sampling.py[line:357] - INFO: id:host_25_0_0_negative_2"
"2019-08-24 08:53:35,608 - neighbors_sampling.py[line:357] - INFO: id:host_25_0_0_negative_3"
"2019-08-24 08:53:35,608 - neighbors_sampling.py[line:357] - INFO: id:host_25_0_0_negative_4"
"2019-08-24 08:53:35,608 - neighbors_sampling.py[line:357] - INFO: id:host_35_0_0_negative_0"
"2019-08-24 08:53:35,608 - neighbors_sampling.py[line:357] - INFO: id:host_35_0_0_negative_1"
"2019-08-24 08:53:35,609 - neighbors_sampling.py[line:357] - INFO: id:host_35_0_0_negative_2"
"2019-08-24 08:53:35,609 - neighbors_sampling.py[line:357] - INFO: id:host_35_0_0_negative_3"
"2019-08-24 08:53:35,609 - neighbors_sampling.py[line:357] - INFO: id:host_35_0_0_negative_4"
"2019-08-24 08:53:35,609 - neighbors_sampling.py[line:333] - INFO: Remote the distributed negative instances id to guest from host"
"2019-08-24 08:53:35,610 - neighbors_sampling.py[line:334] - INFO: Distributed negative instances count: 3700"
"2019-08-24 08:53:35,610 - log_utils.py[line:104] - INFO: id:host_25_0_0_negative_0, value: 357"
"2019-08-24 08:53:35,610 - log_utils.py[line:104] - INFO: id:host_25_0_0_negative_1, value: 357"
"2019-08-24 08:53:35,610 - log_utils.py[line:104] - INFO: id:host_25_0_0_negative_2, value: 357"
"2019-08-24 08:53:35,610 - log_utils.py[line:104] - INFO: id:host_25_0_0_negative_3, value: 357"
"2019-08-24 08:53:35,610 - log_utils.py[line:104] - INFO: id:host_25_0_0_negative_4, value: 357"
"2019-08-24 08:53:35,610 - log_utils.py[line:104] - INFO: id:host_35_0_0_negative_0, value: 92"
"2019-08-24 08:53:35,610 - log_utils.py[line:104] - INFO: id:host_35_0_0_negative_1, value: 92"
"2019-08-24 08:53:35,610 - log_utils.py[line:104] - INFO: id:host_35_0_0_negative_2, value: 92"
"2019-08-24 08:53:35,611 - log_utils.py[line:104] - INFO: id:host_35_0_0_negative_3, value: 92"
"2019-08-24 08:53:35,611 - log_utils.py[line:104] - INFO: id:host_35_0_0_negative_4, value: 92"
"2019-08-24 08:53:35,611 - log_utils.py[line:104] - INFO: id:host_40_0_0_negative_0, value: 849"
"2019-08-24 08:54:40,565 - log_utils.py[line:104] - INFO: id:host_25_0_0_negative_0, value: (3188, -1)"
"2019-08-24 08:54:40,565 - log_utils.py[line:104] - INFO: id:host_25_0_0_negative_1, value: (2539, -1)"
"2019-08-24 08:54:40,565 - log_utils.py[line:104] - INFO: id:host_25_0_0_negative_2, value: (699, -1)"
"2019-08-24 08:54:40,565 - log_utils.py[line:104] - INFO: id:host_25_0_0_negative_3, value: (2830, -1)"
"2019-08-24 08:54:40,565 - log_utils.py[line:104] - INFO: id:host_25_0_0_negative_4, value: (683, -1)"
"2019-08-24 08:54:40,566 - log_utils.py[line:104] - INFO: id:host_35_0_0_negative_0, value: (1602, -1)"
"2019-08-24 08:54:46,681 - neighbors_sampling.py[line:333] - INFO: Remote the distributed negative instances id to host from guest"
"2019-08-24 08:54:46,681 - neighbors_sampling.py[line:334] - INFO: Distributed negative instances count: 3700"
"2019-08-24 08:54:46,681 - log_utils.py[line:104] - INFO: id:guest_25_0_0_negative_0, value: 683"
"2019-08-24 08:54:46,681 - log_utils.py[line:104] - INFO: id:guest_25_0_0_negative_1, value: 683"
"2019-08-24 08:54:46,681 - log_utils.py[line:104] - INFO: id:guest_25_0_0_negative_2, value: 683"
"2019-08-24 08:54:46,682 - log_utils.py[line:104] - INFO: id:guest_25_0_0_negative_3, value: 683"
"2019-08-24 08:54:46,682 - log_utils.py[line:104] - INFO: id:guest_25_0_0_negative_4, value: 683"
"2019-08-24 08:54:46,682 - log_utils.py[line:104] - INFO: id:guest_35_0_0_negative_0, value: 500"
"2019-08-24 08:54:46,682 - log_utils.py[line:104] - INFO: id:guest_35_0_0_negative_1, value: 500"
"2019-08-24 08:54:46,682 - log_utils.py[line:104] - INFO: id:guest_35_0_0_negative_2, value: 500"
"2019-08-24 08:54:46,682 - log_utils.py[line:104] - INFO: id:guest_35_0_0_negative_3, value: 500"
"2019-08-24 08:54:46,682 - log_utils.py[line:104] - INFO: id:guest_35_0_0_negative_4, value: 500"
"2019-08-24 08:54:46,682 - log_utils.py[line:104] - INFO: id:guest_40_0_0_negative_0, value: 480"
"2019-08-24 08:54:46,691 - neighbors_sampling.py[line:355] - INFO: Get distributed nagative samples from guest"
"2019-08-24 08:54:46,692 - neighbors_sampling.py[line:357] - INFO: id:guest_25_0_0_negative_0"
"2019-08-24 08:54:46,692 - neighbors_sampling.py[line:357] - INFO: id:guest_25_0_0_negative_1"
"2019-08-24 08:54:46,692 - neighbors_sampling.py[line:357] - INFO: id:guest_25_0_0_negative_2"
"2019-08-24 08:54:46,692 - neighbors_sampling.py[line:357] - INFO: id:guest_25_0_0_negative_3"
"2019-08-24 08:54:46,692 - neighbors_sampling.py[line:357] - INFO: id:guest_25_0_0_negative_4"
"2019-08-24 08:54:46,692 - neighbors_sampling.py[line:357] - INFO: id:guest_35_0_0_negative_0"
"2019-08-24 08:54:46,692 - neighbors_sampling.py[line:357] - INFO: id:guest_35_0_0_negative_1"
"2019-08-24 08:54:46,692 - neighbors_sampling.py[line:357] - INFO: id:guest_35_0_0_negative_2"
"2019-08-24 08:54:46,692 - neighbors_sampling.py[line:357] - INFO: id:guest_35_0_0_negative_3"
"2019-08-24 08:54:46,692 - neighbors_sampling.py[line:357] - INFO: id:guest_35_0_0_negative_4"
"2019-08-24 08:56:53,723 - log_utils.py[line:104] - INFO: id:guest_25_0_0_negative_0, value: (1996, -1)"
"2019-08-24 08:56:53,723 - log_utils.py[line:104] - INFO: id:guest_25_0_0_negative_1, value: (739, -1)"
"2019-08-24 08:56:53,723 - log_utils.py[line:104] - INFO: id:guest_25_0_0_negative_2, value: (1589, -1)"
"2019-08-24 08:56:53,723 - log_utils.py[line:104] - INFO: id:guest_25_0_0_negative_3, value: (2865, -1)"
"2019-08-24 08:56:53,723 - log_utils.py[line:104] - INFO: id:guest_25_0_0_negative_4, value: (1244, -1)"
"2019-08-24 08:56:53,723 - log_utils.py[line:104] - INFO: id:guest_35_0_0_negative_0, value: (957, -1)"
