"2019-08-24 08:52:15,158 - workflow.py[line:863] - DEBUG: The job id is neighbors_sampling_example_standalone_20190824085210"
"2019-08-24 08:52:15,159 - workflow.py[line:863] - DEBUG: The job id is neighbors_sampling_example_standalone_20190824085210"
"2019-08-24 08:52:15,160 - workflow.py[line:865] - DEBUG: Finish eggroll and federation init"
"2019-08-24 08:52:15,160 - workflow.py[line:819] - DEBUG: finish init pipeline"
"2019-08-24 08:52:15,160 - workflow.py[line:865] - DEBUG: Finish eggroll and federation init"
"2019-08-24 08:52:15,160 - workflow.py[line:925] - DEBUG: In running function, enter neighbors sampling"
"2019-08-24 08:52:15,160 - workflow.py[line:819] - DEBUG: finish init pipeline"
"2019-08-24 08:52:15,161 - workflow.py[line:929] - DEBUG: [Neighbors sampling]Input table:citeseer_host_neighbors_sampling_neighbors_sampling_example_standalone_20190824085210, input namespace:example_data_namespace"
"2019-08-24 08:52:15,161 - workflow.py[line:925] - DEBUG: In running function, enter neighbors sampling"
"2019-08-24 08:52:15,161 - workflow.py[line:929] - DEBUG: [Neighbors sampling]Input table:citeseer_guest_neighbors_sampling_neighbors_sampling_example_standalone_20190824085210, input namespace:example_data_namespace"
"2019-08-24 08:52:15,161 - workflow.py[line:794] - DEBUG: mode is fit"
"2019-08-24 08:52:15,161 - workflow.py[line:794] - DEBUG: mode is fit"
"2019-08-24 08:52:16,584 - workflow.py[line:935] - INFO: Obtain adjlist for each node for guest!"
"2019-08-24 08:52:16,585 - workflow.py[line:936] - INFO: There are 2358 nodes in guest"
"2019-08-24 08:52:16,585 - workflow.py[line:939] - INFO: Map node to id:"
"2019-08-24 08:52:16,595 - workflow.py[line:935] - INFO: Obtain adjlist for each node for host!"
"2019-08-24 08:52:16,596 - workflow.py[line:936] - INFO: There are 2319 nodes in host"
"2019-08-24 08:52:16,596 - workflow.py[line:939] - INFO: Map node to id:"
"2019-08-24 08:52:52,944 - log_utils.py[line:104] - INFO: id:0, value: 0"
"2019-08-24 08:52:52,945 - log_utils.py[line:104] - INFO: id:1, value: 1"
"2019-08-24 08:52:52,945 - log_utils.py[line:104] - INFO: id:5, value: 2"
"2019-08-24 08:52:52,945 - log_utils.py[line:104] - INFO: id:6, value: 3"
"2019-08-24 08:52:52,945 - log_utils.py[line:104] - INFO: id:7, value: 4"
"2019-08-24 08:52:52,945 - log_utils.py[line:104] - INFO: id:8, value: 5"
"2019-08-24 08:52:52,945 - workflow.py[line:950] - INFO: Enter the procedure of local neighbors sampling:"
"2019-08-24 08:52:53,636 - log_utils.py[line:104] - INFO: id:0, value: 0"
"2019-08-24 08:52:53,636 - log_utils.py[line:104] - INFO: id:1, value: 1"
"2019-08-24 08:52:53,636 - log_utils.py[line:104] - INFO: id:2, value: 2"
"2019-08-24 08:52:53,636 - log_utils.py[line:104] - INFO: id:3, value: 3"
"2019-08-24 08:52:53,636 - log_utils.py[line:104] - INFO: id:4, value: 4"
"2019-08-24 08:52:53,636 - log_utils.py[line:104] - INFO: id:5, value: 5"
"2019-08-24 08:52:53,637 - workflow.py[line:950] - INFO: Enter the procedure of local neighbors sampling:"
"2019-08-24 08:53:05,851 - workflow.py[line:956] - INFO: Local sampling samples count for host is 109212"
"2019-08-24 08:53:05,852 - workflow.py[line:957] - INFO: Local sampling results for host saved in namespace: neighbors_samples/local_samples, name: host"
"2019-08-24 08:53:05,852 - workflow.py[line:960] - INFO: Enter the procedure of distributed neighbors sampling:"
"2019-08-24 08:53:05,852 - workflow.py[line:961] - INFO: Alignment nodes from two parties:"
"2019-08-24 08:53:05,852 - workflow.py[line:316] - INFO: need_intersect: true!"
"2019-08-24 08:53:05,852 - workflow.py[line:320] - INFO: Start intersection!"
"2019-08-24 08:53:06,532 - workflow.py[line:956] - INFO: Local sampling samples count for guest is 110418"
"2019-08-24 08:53:06,532 - workflow.py[line:957] - INFO: Local sampling results for guest saved in namespace: neighbors_samples/local_samples, name: guest"
"2019-08-24 08:53:06,532 - workflow.py[line:960] - INFO: Enter the procedure of distributed neighbors sampling:"
"2019-08-24 08:53:06,532 - workflow.py[line:961] - INFO: Alignment nodes from two parties:"
"2019-08-24 08:53:06,532 - workflow.py[line:316] - INFO: need_intersect: true!"
"2019-08-24 08:53:06,533 - workflow.py[line:320] - INFO: Start intersection!"
"2019-08-24 08:53:16,520 - workflow.py[line:331] - INFO: finish intersection!"
"2019-08-24 08:53:16,529 - workflow.py[line:969] - INFO: The number of common nodes: 1413"
"2019-08-24 08:53:16,578 - workflow.py[line:331] - INFO: finish intersection!"
"2019-08-24 08:53:16,808 - workflow.py[line:969] - INFO: The number of common nodes: 1413"
"2019-08-24 08:53:17,430 - workflow.py[line:316] - INFO: need_intersect: true!"
"2019-08-24 08:53:17,430 - workflow.py[line:320] - INFO: Start intersection!"
"2019-08-24 08:53:17,531 - workflow.py[line:316] - INFO: need_intersect: true!"
"2019-08-24 08:53:17,532 - workflow.py[line:320] - INFO: Start intersection!"
"2019-08-24 08:53:25,972 - workflow.py[line:331] - INFO: finish intersection!"
"2019-08-24 08:53:25,982 - workflow.py[line:974] - INFO: The number of bridge nodes: 244"
"2019-08-24 08:53:25,983 - log_utils.py[line:102] - INFO: id: 25, value: [683]"
"2019-08-24 08:53:25,983 - log_utils.py[line:102] - INFO: id: 35, value: [500]"
"2019-08-24 08:53:25,983 - log_utils.py[line:102] - INFO: id: 40, value: [480, 177, 148]"
"2019-08-24 08:53:25,983 - log_utils.py[line:102] - INFO: id: 57, value: [1536]"
"2019-08-24 08:53:25,983 - log_utils.py[line:102] - INFO: id: 86, value: [626]"
"2019-08-24 08:53:25,983 - log_utils.py[line:102] - INFO: id: 96, value: [997]"
"2019-08-24 08:53:25,988 - workflow.py[line:331] - INFO: finish intersection!"
"2019-08-24 08:53:25,998 - workflow.py[line:974] - INFO: The number of bridge nodes: 244"
"2019-08-24 08:53:25,998 - log_utils.py[line:102] - INFO: id: 25, value: [357]"
"2019-08-24 08:53:25,998 - log_utils.py[line:102] - INFO: id: 35, value: [92]"
"2019-08-24 08:53:25,999 - log_utils.py[line:102] - INFO: id: 40, value: [849]"
"2019-08-24 08:53:25,999 - log_utils.py[line:102] - INFO: id: 57, value: [1981]"
"2019-08-24 08:53:25,999 - log_utils.py[line:102] - INFO: id: 86, value: [585]"
"2019-08-24 08:53:25,999 - log_utils.py[line:102] - INFO: id: 96, value: [913]"
"2019-08-24 08:54:47,789 - workflow.py[line:989] - INFO: Distributed sampling target results for host saved in namespace: neighbors_samples/distributed_samples/guest, name: target"
"2019-08-24 08:54:48,660 - workflow.py[line:997] - INFO: Distributed sampling anchor results for guest saved in namespace: neighbors_samples/distributed_samples/guest, name: anchor"
"2019-08-24 08:56:54,912 - workflow.py[line:989] - INFO: Distributed sampling target results for guest saved in namespace: neighbors_samples/distributed_samples/host, name: target"
"2019-08-24 08:56:55,190 - workflow.py[line:997] - INFO: Distributed sampling anchor results for host saved in namespace: neighbors_samples/distributed_samples/host, name: anchor"
"2019-08-24 08:56:55,190 - workflow.py[line:1000] - INFO: Neighbors_sampling_finish"
