"2019-08-24 15:10:02,084 - hetero_ne_host.py[line:47] - INFO: Enter hetero_ne host"
"2019-08-24 15:10:02,084 - hetero_ne_host.py[line:49] - INFO: Host party has 2319 nodes"
"2019-08-24 15:10:02,501 - hetero_ne_host.py[line:52] - INFO: Transform input data to train instance"
"2019-08-24 15:10:02,502 - hetero_ne_host.py[line:59] - INFO: Get Publick key from arbiter:<PaillierPublicKey 2b7b8ba5e4>"
"2019-08-24 15:10:02,502 - hetero_ne_host.py[line:64] - INFO: Generate mini-batch for local instances in guest"
"2019-08-24 15:10:24,354 - hetero_ne_host.py[line:72] - INFO: Get batch_info from guest: {'batch_size': 1024, 'batch_num': 5}"
"2019-08-24 15:10:24,354 - hetero_ne_host.py[line:86] - INFO: Start initilize model."
"2019-08-24 15:10:24,354 - hetero_ne_host.py[line:93] - INFO: iter: 0"
"2019-08-24 15:10:24,354 - hetero_ne_host.py[line:99] - INFO: Horizontally learning"
"2019-08-24 15:10:24,359 - hetero_ne_host.py[line:102] - INFO: Local batch data count:1024"
"2019-08-24 15:10:30,255 - hetero_ne_host.py[line:115] - INFO: gradient count:1024"
"2019-08-24 15:10:30,262 - hetero_ne_host.py[line:102] - INFO: Local batch data count:1024"
"2019-08-24 15:10:40,317 - hetero_ne_host.py[line:115] - INFO: gradient count:1024"
"2019-08-24 15:10:40,322 - hetero_ne_host.py[line:102] - INFO: Local batch data count:1024"
"2019-08-24 15:10:46,573 - hetero_ne_host.py[line:115] - INFO: gradient count:1024"
"2019-08-24 15:10:46,578 - hetero_ne_host.py[line:102] - INFO: Local batch data count:1024"
"2019-08-24 15:10:52,769 - hetero_ne_host.py[line:115] - INFO: gradient count:1024"
"2019-08-24 15:10:52,774 - hetero_ne_host.py[line:102] - INFO: Local batch data count:1024"
"2019-08-24 15:10:59,106 - hetero_ne_host.py[line:115] - INFO: gradient count:1024"
"2019-08-24 15:10:59,111 - hetero_ne_host.py[line:102] - INFO: Local batch data count:1024"
"2019-08-24 15:11:05,608 - hetero_ne_host.py[line:115] - INFO: gradient count:1024"
"2019-08-24 15:11:05,612 - hetero_ne_host.py[line:102] - INFO: Local batch data count:1024"
"2019-08-24 15:11:13,651 - hetero_ne_host.py[line:115] - INFO: gradient count:1024"
"2019-08-24 15:11:13,655 - hetero_ne_host.py[line:102] - INFO: Local batch data count:1024"
"2019-08-24 15:11:20,730 - hetero_ne_host.py[line:115] - INFO: gradient count:1024"
"2019-08-24 15:11:20,735 - hetero_ne_host.py[line:102] - INFO: Local batch data count:1024"
"2019-08-24 15:11:27,717 - hetero_ne_host.py[line:115] - INFO: gradient count:1024"
"2019-08-24 15:11:27,722 - hetero_ne_host.py[line:102] - INFO: Local batch data count:1024"
"2019-08-24 15:11:34,509 - hetero_ne_host.py[line:115] - INFO: gradient count:1024"
"2019-08-24 15:11:34,514 - hetero_ne_host.py[line:102] - INFO: Local batch data count:1024"
"2019-08-24 15:11:40,994 - hetero_ne_host.py[line:115] - INFO: gradient count:1024"
"2019-08-24 15:11:40,998 - hetero_ne_host.py[line:102] - INFO: Local batch data count:1024"
"2019-08-24 15:11:48,773 - hetero_ne_host.py[line:115] - INFO: gradient count:1024"
"2019-08-24 15:11:48,778 - hetero_ne_host.py[line:102] - INFO: Local batch data count:1024"
"2019-08-24 15:11:55,321 - hetero_ne_host.py[line:115] - INFO: gradient count:1024"
"2019-08-24 15:11:55,327 - hetero_ne_host.py[line:102] - INFO: Local batch data count:1024"
"2019-08-24 15:12:02,303 - hetero_ne_host.py[line:115] - INFO: gradient count:1024"
"2019-08-24 15:12:02,307 - hetero_ne_host.py[line:102] - INFO: Local batch data count:1024"
"2019-08-24 15:12:09,228 - hetero_ne_host.py[line:115] - INFO: gradient count:1024"
"2019-08-24 15:12:09,233 - hetero_ne_host.py[line:102] - INFO: Local batch data count:1024"
"2019-08-24 15:12:15,897 - hetero_ne_host.py[line:115] - INFO: gradient count:1024"
"2019-08-24 15:12:15,902 - hetero_ne_host.py[line:102] - INFO: Local batch data count:1024"
"2019-08-24 15:12:25,141 - hetero_ne_host.py[line:115] - INFO: gradient count:1024"
"2019-08-24 15:12:25,146 - hetero_ne_host.py[line:102] - INFO: Local batch data count:1024"
"2019-08-24 15:12:31,366 - hetero_ne_host.py[line:115] - INFO: gradient count:1024"
"2019-08-24 15:12:31,370 - hetero_ne_host.py[line:102] - INFO: Local batch data count:1024"
"2019-08-24 15:12:38,033 - hetero_ne_host.py[line:115] - INFO: gradient count:1024"
"2019-08-24 15:12:38,037 - hetero_ne_host.py[line:102] - INFO: Local batch data count:1024"
"2019-08-24 15:12:45,198 - hetero_ne_host.py[line:115] - INFO: gradient count:1024"
"2019-08-24 15:12:45,203 - hetero_ne_host.py[line:102] - INFO: Local batch data count:1024"
"2019-08-24 15:12:51,989 - hetero_ne_host.py[line:115] - INFO: gradient count:1024"
"2019-08-24 15:12:51,993 - hetero_ne_host.py[line:102] - INFO: Local batch data count:1024"
"2019-08-24 15:13:00,410 - hetero_ne_host.py[line:115] - INFO: gradient count:1024"
"2019-08-24 15:13:00,415 - hetero_ne_host.py[line:102] - INFO: Local batch data count:392"
"2019-08-24 15:13:06,638 - hetero_ne_host.py[line:115] - INFO: gradient count:392"
"2019-08-24 15:13:07,343 - hetero_ne_host.py[line:139] - INFO: Iter 0, Local loss: 1.31063465919113"
"2019-08-24 15:13:07,343 - hetero_ne_host.py[line:146] - INFO: batch:0"
"2019-08-24 15:13:07,545 - hetero_ne_host.py[line:159] - INFO: Get batch_index from Guest"
"2019-08-24 15:13:07,775 - hetero_ne_host.py[line:172] - INFO: batch_data_inst size:1024"
"2019-08-24 15:13:25,817 - hetero_ne_host.py[line:187] - INFO: Remote host_forward to guest"
"2019-08-24 15:13:28,127 - hetero_ne_host.py[line:197] - INFO: Get optim_host_gradient from arbiter"
"2019-08-24 15:13:28,464 - hetero_ne_host.py[line:200] - INFO: update_model"
"2019-08-24 15:13:28,602 - hetero_ne_host.py[line:146] - INFO: batch:1"
"2019-08-24 15:13:28,905 - hetero_ne_host.py[line:159] - INFO: Get batch_index from Guest"
"2019-08-24 15:13:29,241 - hetero_ne_host.py[line:172] - INFO: batch_data_inst size:1024"
"2019-08-24 15:13:46,208 - hetero_ne_host.py[line:187] - INFO: Remote host_forward to guest"
"2019-08-24 15:13:49,023 - hetero_ne_host.py[line:197] - INFO: Get optim_host_gradient from arbiter"
"2019-08-24 15:13:49,334 - hetero_ne_host.py[line:200] - INFO: update_model"
"2019-08-24 15:13:49,450 - hetero_ne_host.py[line:146] - INFO: batch:2"
"2019-08-24 15:13:49,853 - hetero_ne_host.py[line:159] - INFO: Get batch_index from Guest"
"2019-08-24 15:13:50,316 - hetero_ne_host.py[line:172] - INFO: batch_data_inst size:1024"
"2019-08-24 15:14:08,071 - hetero_ne_host.py[line:187] - INFO: Remote host_forward to guest"
"2019-08-24 15:14:09,980 - hetero_ne_host.py[line:197] - INFO: Get optim_host_gradient from arbiter"
"2019-08-24 15:14:10,254 - hetero_ne_host.py[line:200] - INFO: update_model"
"2019-08-24 15:14:10,386 - hetero_ne_host.py[line:146] - INFO: batch:3"
"2019-08-24 15:14:10,588 - hetero_ne_host.py[line:159] - INFO: Get batch_index from Guest"
"2019-08-24 15:14:10,981 - hetero_ne_host.py[line:172] - INFO: batch_data_inst size:1024"
"2019-08-24 15:14:28,205 - hetero_ne_host.py[line:187] - INFO: Remote host_forward to guest"
"2019-08-24 15:14:31,017 - hetero_ne_host.py[line:197] - INFO: Get optim_host_gradient from arbiter"
"2019-08-24 15:14:31,410 - hetero_ne_host.py[line:200] - INFO: update_model"
"2019-08-24 15:14:31,547 - hetero_ne_host.py[line:146] - INFO: batch:4"
"2019-08-24 15:14:31,867 - hetero_ne_host.py[line:159] - INFO: Get batch_index from Guest"
"2019-08-24 15:14:32,137 - hetero_ne_host.py[line:172] - INFO: batch_data_inst size:344"
"2019-08-24 15:14:39,110 - hetero_ne_host.py[line:187] - INFO: Remote host_forward to guest"
"2019-08-24 15:14:40,919 - hetero_ne_host.py[line:197] - INFO: Get optim_host_gradient from arbiter"
"2019-08-24 15:14:41,084 - hetero_ne_host.py[line:200] - INFO: update_model"
"2019-08-24 15:14:42,325 - hetero_ne_host.py[line:244] - INFO: Get is_stop flag from arbiter:False"
"2019-08-24 15:14:42,325 - hetero_ne_host.py[line:250] - INFO: Reach max iter 1, train mode finish!"
"2019-08-24 15:16:16,857 - hetero_ne_host.py[line:256] - INFO: Reach max iter 1, train model finish!"
