"2019-08-24 15:09:59,949 - hetero_ne_arbiter.py[line:54] - INFO: Enter hetero_ne_arbiter fit"
"2019-08-24 15:09:59,963 - hetero_ne_arbiter.py[line:61] - INFO: public_key: <PaillierPublicKey 2b7b8ba5e4>"
"2019-08-24 15:10:00,041 - hetero_ne_arbiter.py[line:69] - INFO: remote publick_key to host"
"2019-08-24 15:10:00,076 - hetero_ne_arbiter.py[line:76] - INFO: remote public_key to guest"
"2019-08-24 15:10:24,373 - hetero_ne_arbiter.py[line:81] - INFO: Get batch_info from guest: {'batch_size': 1024, 'batch_num': 5}"
"2019-08-24 15:10:24,373 - hetero_ne_arbiter.py[line:88] - INFO: iter: 0"
"2019-08-24 15:13:07,303 - hetero_ne_arbiter.py[line:129] - INFO: Iter 0, horizontally learning finish"
"2019-08-24 15:13:07,303 - hetero_ne_arbiter.py[line:137] - INFO: batch: 0"
"2019-08-24 15:13:26,784 - hetero_ne_arbiter.py[line:145] - INFO: Get host_gradient from GUEST"
"2019-08-24 15:13:27,789 - hetero_ne_arbiter.py[line:152] - INFO: Get guest_gradient from GUEST"
"2019-08-24 15:13:28,006 - hetero_ne_arbiter.py[line:170] - INFO: host gradients number: 1024"
"2019-08-24 15:13:28,007 - hetero_ne_arbiter.py[line:171] - INFO: guest gradients number: 1024"
"2019-08-24 15:13:28,042 - hetero_ne_arbiter.py[line:182] - INFO: Remote host_optim_gradient to Host"
"2019-08-24 15:13:28,074 - hetero_ne_arbiter.py[line:193] - INFO: Remote guest_optim_gradient to Guest"
"2019-08-24 15:13:28,678 - hetero_ne_arbiter.py[line:208] - INFO: Get loss from guest: 0.6555202592365875"
"2019-08-24 15:13:28,678 - hetero_ne_arbiter.py[line:137] - INFO: batch: 1"
"2019-08-24 15:13:47,947 - hetero_ne_arbiter.py[line:145] - INFO: Get host_gradient from GUEST"
"2019-08-24 15:13:48,652 - hetero_ne_arbiter.py[line:152] - INFO: Get guest_gradient from GUEST"
"2019-08-24 15:13:48,976 - hetero_ne_arbiter.py[line:170] - INFO: host gradients number: 1024"
"2019-08-24 15:13:48,976 - hetero_ne_arbiter.py[line:171] - INFO: guest gradients number: 1024"
"2019-08-24 15:13:49,005 - hetero_ne_arbiter.py[line:182] - INFO: Remote host_optim_gradient to Host"
"2019-08-24 15:13:49,019 - hetero_ne_arbiter.py[line:193] - INFO: Remote guest_optim_gradient to Guest"
"2019-08-24 15:13:49,623 - hetero_ne_arbiter.py[line:208] - INFO: Get loss from guest: 1.538730747232975"
"2019-08-24 15:13:49,623 - hetero_ne_arbiter.py[line:137] - INFO: batch: 2"
"2019-08-24 15:14:08,788 - hetero_ne_arbiter.py[line:145] - INFO: Get host_gradient from GUEST"
"2019-08-24 15:14:09,492 - hetero_ne_arbiter.py[line:152] - INFO: Get guest_gradient from GUEST"
"2019-08-24 15:14:09,875 - hetero_ne_arbiter.py[line:170] - INFO: host gradients number: 1024"
"2019-08-24 15:14:09,876 - hetero_ne_arbiter.py[line:171] - INFO: guest gradients number: 1024"
"2019-08-24 15:14:09,907 - hetero_ne_arbiter.py[line:182] - INFO: Remote host_optim_gradient to Host"
"2019-08-24 15:14:09,942 - hetero_ne_arbiter.py[line:193] - INFO: Remote guest_optim_gradient to Guest"
"2019-08-24 15:14:10,444 - hetero_ne_arbiter.py[line:208] - INFO: Get loss from guest: 1.5099625049375005"
"2019-08-24 15:14:10,444 - hetero_ne_arbiter.py[line:137] - INFO: batch: 3"
"2019-08-24 15:14:29,909 - hetero_ne_arbiter.py[line:145] - INFO: Get host_gradient from GUEST"
"2019-08-24 15:14:30,713 - hetero_ne_arbiter.py[line:152] - INFO: Get guest_gradient from GUEST"
"2019-08-24 15:14:30,961 - hetero_ne_arbiter.py[line:170] - INFO: host gradients number: 1024"
"2019-08-24 15:14:30,961 - hetero_ne_arbiter.py[line:171] - INFO: guest gradients number: 1024"
"2019-08-24 15:14:30,995 - hetero_ne_arbiter.py[line:182] - INFO: Remote host_optim_gradient to Host"
"2019-08-24 15:14:31,017 - hetero_ne_arbiter.py[line:193] - INFO: Remote guest_optim_gradient to Guest"
"2019-08-24 15:14:31,621 - hetero_ne_arbiter.py[line:208] - INFO: Get loss from guest: 1.5414171643803378"
"2019-08-24 15:14:31,621 - hetero_ne_arbiter.py[line:137] - INFO: batch: 4"
"2019-08-24 15:14:39,860 - hetero_ne_arbiter.py[line:145] - INFO: Get host_gradient from GUEST"
"2019-08-24 15:14:40,664 - hetero_ne_arbiter.py[line:152] - INFO: Get guest_gradient from GUEST"
"2019-08-24 15:14:40,843 - hetero_ne_arbiter.py[line:170] - INFO: host gradients number: 344"
"2019-08-24 15:14:40,844 - hetero_ne_arbiter.py[line:171] - INFO: guest gradients number: 344"
"2019-08-24 15:14:40,860 - hetero_ne_arbiter.py[line:182] - INFO: Remote host_optim_gradient to Host"
"2019-08-24 15:14:40,893 - hetero_ne_arbiter.py[line:193] - INFO: Remote guest_optim_gradient to Guest"
"2019-08-24 15:14:41,296 - hetero_ne_arbiter.py[line:208] - INFO: Get loss from guest: 1.4350284065136072"
"2019-08-24 15:14:41,296 - hetero_ne_arbiter.py[line:215] - INFO: iter loss: 1.3361318164602018"
"2019-08-24 15:14:42,274 - hetero_ne_arbiter.py[line:268] - INFO: Remote is_stop to host: False"
"2019-08-24 15:14:42,579 - hetero_ne_arbiter.py[line:278] - INFO: Remote is_stop to guest: False"
"2019-08-24 15:14:42,580 - hetero_ne_arbiter.py[line:284] - INFO: Reach max iter 1 or convergence, train model finish!"
