"2019-08-24 15:10:01,782 - hetero_ne_guest.py[line:68] - INFO: samples number:4440"
"2019-08-24 15:10:01,782 - hetero_ne_guest.py[line:69] - INFO: Enter network embedding procedure:"
"2019-08-24 15:10:01,782 - hetero_ne_guest.py[line:71] - INFO: Bank A has 2358 nodes"
"2019-08-24 15:10:02,095 - hetero_ne_guest.py[line:74] - INFO: Transform input data to train instance"
"2019-08-24 15:10:02,096 - hetero_ne_guest.py[line:81] - INFO: Get public_key from arbiter:<PaillierPublicKey 2b7b8ba5e4>"
"2019-08-24 15:10:02,097 - hetero_ne_guest.py[line:85] - INFO: Generate mini-batch from input data"
"2019-08-24 15:10:04,150 - hetero_ne_guest.py[line:89] - INFO: samples number:4440"
"2019-08-24 15:10:04,150 - hetero_ne_guest.py[line:97] - INFO: Generate mini-batch for local instances in guest"
"2019-08-24 15:10:24,222 - hetero_ne_guest.py[line:104] - INFO: batch_info:{'batch_size': 1024, 'batch_num': 5}"
"2019-08-24 15:10:24,263 - hetero_ne_guest.py[line:110] - INFO: Remote batch_info to Host"
"2019-08-24 15:10:24,308 - hetero_ne_guest.py[line:117] - INFO: Remote batch_info to Arbiter"
"2019-08-24 15:10:24,309 - hetero_ne_guest.py[line:124] - INFO: Start initialize model."
"2019-08-24 15:10:24,309 - hetero_ne_guest.py[line:126] - INFO: Embedding shape=(2358, 5)"
"2019-08-24 15:10:24,309 - hetero_ne_guest.py[line:133] - INFO: iter:0"
"2019-08-24 15:10:24,309 - hetero_ne_guest.py[line:139] - INFO: Enter the horizontally federated learning procedure:"
"2019-08-24 15:13:07,090 - hetero_ne_guest.py[line:167] - INFO: Remote the embedding of common node to arbiter!"
"2019-08-24 15:13:07,393 - hetero_ne_guest.py[line:176] - INFO: Get the aggregated embedding of common node from arbiter!"
"2019-08-24 15:13:07,462 - hetero_ne_guest.py[line:181] - INFO: Iter 0, horizontally feaderated learning loss: 1.2976235026809717"
"2019-08-24 15:13:07,462 - hetero_ne_guest.py[line:188] - INFO: Enter the vertically federated learning:"
"2019-08-24 15:13:07,462 - hetero_ne_guest.py[line:193] - INFO: batch:0"
"2019-08-24 15:13:07,462 - hetero_ne_guest.py[line:197] - INFO: remote mini-batch index to Host"
"2019-08-24 15:13:25,909 - hetero_ne_guest.py[line:229] - INFO: Get host_forward from host"
"2019-08-24 15:13:26,699 - hetero_ne_guest.py[line:249] - INFO: Remote host_gradient to arbiter"
"2019-08-24 15:13:27,766 - hetero_ne_guest.py[line:265] - INFO: Remote guest_gradient to arbiter"
"2019-08-24 15:13:28,070 - hetero_ne_guest.py[line:274] - INFO: Get optim_guest_gradient from arbiter"
"2019-08-24 15:13:28,070 - hetero_ne_guest.py[line:277] - INFO: Update node embedding"
"2019-08-24 15:13:28,606 - hetero_ne_guest.py[line:296] - INFO: Remote loss to arbiter"
"2019-08-24 15:13:28,819 - hetero_ne_guest.py[line:193] - INFO: batch:1"
"2019-08-24 15:13:28,819 - hetero_ne_guest.py[line:197] - INFO: remote mini-batch index to Host"
"2019-08-24 15:13:46,848 - hetero_ne_guest.py[line:229] - INFO: Get host_forward from host"
"2019-08-24 15:13:47,878 - hetero_ne_guest.py[line:249] - INFO: Remote host_gradient to arbiter"
"2019-08-24 15:13:48,597 - hetero_ne_guest.py[line:265] - INFO: Remote guest_gradient to arbiter"
"2019-08-24 15:13:49,100 - hetero_ne_guest.py[line:274] - INFO: Get optim_guest_gradient from arbiter"
"2019-08-24 15:13:49,100 - hetero_ne_guest.py[line:277] - INFO: Update node embedding"
"2019-08-24 15:13:49,564 - hetero_ne_guest.py[line:296] - INFO: Remote loss to arbiter"
"2019-08-24 15:13:49,774 - hetero_ne_guest.py[line:193] - INFO: batch:2"
"2019-08-24 15:13:49,774 - hetero_ne_guest.py[line:197] - INFO: remote mini-batch index to Host"
"2019-08-24 15:14:07,677 - hetero_ne_guest.py[line:229] - INFO: Get host_forward from host"
"2019-08-24 15:14:08,730 - hetero_ne_guest.py[line:249] - INFO: Remote host_gradient to arbiter"
"2019-08-24 15:14:09,473 - hetero_ne_guest.py[line:265] - INFO: Remote guest_gradient to arbiter"
"2019-08-24 15:14:09,976 - hetero_ne_guest.py[line:274] - INFO: Get optim_guest_gradient from arbiter"
"2019-08-24 15:14:09,976 - hetero_ne_guest.py[line:277] - INFO: Update node embedding"
"2019-08-24 15:14:10,378 - hetero_ne_guest.py[line:296] - INFO: Remote loss to arbiter"
"2019-08-24 15:14:10,560 - hetero_ne_guest.py[line:193] - INFO: batch:3"
"2019-08-24 15:14:10,560 - hetero_ne_guest.py[line:197] - INFO: remote mini-batch index to Host"
"2019-08-24 15:14:28,755 - hetero_ne_guest.py[line:229] - INFO: Get host_forward from host"
"2019-08-24 15:14:29,830 - hetero_ne_guest.py[line:249] - INFO: Remote host_gradient to arbiter"
"2019-08-24 15:14:30,636 - hetero_ne_guest.py[line:265] - INFO: Remote guest_gradient to arbiter"
"2019-08-24 15:14:31,038 - hetero_ne_guest.py[line:274] - INFO: Get optim_guest_gradient from arbiter"
"2019-08-24 15:14:31,039 - hetero_ne_guest.py[line:277] - INFO: Update node embedding"
"2019-08-24 15:14:31,551 - hetero_ne_guest.py[line:296] - INFO: Remote loss to arbiter"
"2019-08-24 15:14:31,794 - hetero_ne_guest.py[line:193] - INFO: batch:4"
"2019-08-24 15:14:31,795 - hetero_ne_guest.py[line:197] - INFO: remote mini-batch index to Host"
"2019-08-24 15:14:39,188 - hetero_ne_guest.py[line:229] - INFO: Get host_forward from host"
"2019-08-24 15:14:39,805 - hetero_ne_guest.py[line:249] - INFO: Remote host_gradient to arbiter"
"2019-08-24 15:14:40,577 - hetero_ne_guest.py[line:265] - INFO: Remote guest_gradient to arbiter"
"2019-08-24 15:14:40,980 - hetero_ne_guest.py[line:274] - INFO: Get optim_guest_gradient from arbiter"
"2019-08-24 15:14:40,980 - hetero_ne_guest.py[line:277] - INFO: Update node embedding"
"2019-08-24 15:14:41,228 - hetero_ne_guest.py[line:296] - INFO: Remote loss to arbiter"
"2019-08-24 15:14:42,613 - hetero_ne_guest.py[line:340] - INFO: Get is_stop flag from arbiter:False"
"2019-08-24 15:16:18,324 - hetero_ne_guest.py[line:352] - INFO: Reach max iter 1, train model finish!"
