"2019-08-24 15:09:59,930 - workflow.py[line:863] - DEBUG: The job id is hetero_network_embedding_example_standalone_20190824150954"
"2019-08-24 15:09:59,930 - workflow.py[line:863] - DEBUG: The job id is hetero_network_embedding_example_standalone_20190824150954"
"2019-08-24 15:09:59,933 - workflow.py[line:865] - DEBUG: Finish eggroll and federation init"
"2019-08-24 15:09:59,933 - workflow.py[line:819] - DEBUG: finish init pipeline"
"2019-08-24 15:09:59,933 - workflow.py[line:865] - DEBUG: Finish eggroll and federation init"
"2019-08-24 15:09:59,933 - workflow.py[line:819] - DEBUG: finish init pipeline"
"2019-08-24 15:09:59,933 - workflow.py[line:912] - INFO: 4440 samples in guest"
"2019-08-24 15:09:59,934 - workflow.py[line:912] - INFO: 4440 samples in host"
"2019-08-24 15:09:59,947 - workflow.py[line:863] - DEBUG: The job id is hetero_network_embedding_example_standalone_20190824150954"
"2019-08-24 15:09:59,948 - workflow.py[line:865] - DEBUG: Finish eggroll and federation init"
"2019-08-24 15:09:59,948 - workflow.py[line:819] - DEBUG: finish init pipeline"
"2019-08-24 15:09:59,949 - workflow.py[line:214] - INFO: arbiter"
"2019-08-24 15:09:59,949 - workflow.py[line:215] - INFO: max iter: 1"
"2019-08-24 15:09:59,961 - workflow.py[line:210] - DEBUG: Enter guest network embedding function"
"2019-08-24 15:09:59,961 - workflow.py[line:211] - DEBUG: Start intersection before network embedding"
"2019-08-24 15:09:59,962 - workflow.py[line:316] - INFO: need_intersect: true!"
"2019-08-24 15:09:59,962 - workflow.py[line:320] - INFO: Start intersection!"
"2019-08-24 15:09:59,963 - workflow.py[line:210] - DEBUG: Enter host network embedding function"
"2019-08-24 15:09:59,963 - workflow.py[line:211] - DEBUG: Start intersection before network embedding"
"2019-08-24 15:09:59,964 - workflow.py[line:316] - INFO: need_intersect: true!"
"2019-08-24 15:09:59,964 - workflow.py[line:320] - INFO: Start intersection!"
"2019-08-24 15:10:01,781 - workflow.py[line:331] - INFO: finish intersection!"
"2019-08-24 15:10:01,782 - workflow.py[line:214] - INFO: guest"
"2019-08-24 15:10:01,782 - workflow.py[line:215] - INFO: max iter: 1"
"2019-08-24 15:10:02,083 - workflow.py[line:331] - INFO: finish intersection!"
"2019-08-24 15:10:02,083 - workflow.py[line:214] - INFO: host"
"2019-08-24 15:10:02,084 - workflow.py[line:215] - INFO: max iter: 1"
"2019-08-24 15:14:42,580 - workflow.py[line:922] - DEBUG: arbiter"
"2019-08-24 15:14:42,580 - workflow.py[line:923] - INFO: Network_embedding_finish"
"2019-08-24 15:16:16,859 - workflow.py[line:922] - DEBUG: host"
"2019-08-24 15:16:16,859 - workflow.py[line:923] - INFO: Network_embedding_finish"
"2019-08-24 15:16:18,326 - workflow.py[line:922] - DEBUG: guest"
"2019-08-24 15:16:18,326 - workflow.py[line:923] - INFO: Network_embedding_finish"
