"2019-08-24 10:10:03,487 - federation.py[line:124] - DEBUG: [REMOTE] Sent hetero_network_embedding_example_standalone_20190824100958-HeteroNETransferVariable.paillier_pubkey-HeteroNETransferVariable.paillier_pubkey.0-arbiter-10000-host-9999"
"2019-08-24 10:10:03,753 - federation.py[line:145] - DEBUG: [GET] guest 10000 getting remote object RawIntersectTransferVariable.send_ids_host.embedding0 from host [9999]"
"2019-08-24 10:10:03,775 - federation.py[line:124] - DEBUG: [REMOTE] Sent hetero_network_embedding_example_standalone_20190824100958-HeteroNETransferVariable.paillier_pubkey-HeteroNETransferVariable.paillier_pubkey.0-arbiter-10000-guest-10000"
"2019-08-24 10:10:03,775 - federation.py[line:145] - DEBUG: [GET] arbiter 10000 getting remote object HeteroNETransferVariable.batch_info.0 from guest [10000]"
"2019-08-24 10:10:03,787 - federation.py[line:124] - DEBUG: [REMOTE] Sent hetero_network_embedding_example_standalone_20190824100958-RawIntersectTransferVariable.send_ids_host-RawIntersectTransferVariable.send_ids_host.embedding0-host-9999-guest-10000"
"2019-08-24 10:10:03,787 - federation.py[line:145] - DEBUG: [GET] host 9999 getting remote object RawIntersectTransferVariable.intersect_ids_guest.embedding0 from guest [10000]"
"2019-08-24 10:10:03,855 - federation.py[line:46] - DEBUG: [GET] Got hetero_network_embedding_example_standalone_20190824100958-RawIntersectTransferVariable.send_ids_host-RawIntersectTransferVariable.send_ids_host.embedding0-host-9999-guest-10000 type Table"
"2019-08-24 10:10:04,158 - federation.py[line:124] - DEBUG: [REMOTE] Sent hetero_network_embedding_example_standalone_20190824100958-RawIntersectTransferVariable.intersect_ids_guest-RawIntersectTransferVariable.intersect_ids_guest.embedding0-guest-10000-host-9999"
"2019-08-24 10:10:04,190 - federation.py[line:46] - DEBUG: [GET] Got hetero_network_embedding_example_standalone_20190824100958-RawIntersectTransferVariable.intersect_ids_guest-RawIntersectTransferVariable.intersect_ids_guest.embedding0-guest-10000-host-9999 type Table"
"2019-08-24 10:10:05,155 - federation.py[line:145] - DEBUG: [GET] guest 10000 getting remote object HeteroNETransferVariable.paillier_pubkey.0 from arbiter [10000]"
"2019-08-24 10:10:05,156 - federation.py[line:46] - DEBUG: [GET] Got hetero_network_embedding_example_standalone_20190824100958-HeteroNETransferVariable.paillier_pubkey-HeteroNETransferVariable.paillier_pubkey.0-arbiter-10000-guest-10000 type Object"
"2019-08-24 10:10:05,678 - federation.py[line:145] - DEBUG: [GET] host 9999 getting remote object HeteroNETransferVariable.paillier_pubkey.0 from arbiter [10000]"
"2019-08-24 10:10:05,678 - federation.py[line:46] - DEBUG: [GET] Got hetero_network_embedding_example_standalone_20190824100958-HeteroNETransferVariable.paillier_pubkey-HeteroNETransferVariable.paillier_pubkey.0-arbiter-10000-host-9999 type Object"
"2019-08-24 10:10:24,022 - federation.py[line:145] - DEBUG: [GET] host 9999 getting remote object HeteroNETransferVariable.batch_info.0 from guest [10000]"
"2019-08-24 10:10:24,982 - federation.py[line:124] - DEBUG: [REMOTE] Sent hetero_network_embedding_example_standalone_20190824100958-HeteroNETransferVariable.batch_info-HeteroNETransferVariable.batch_info.0-guest-10000-host-9999"
"2019-08-24 10:10:25,017 - federation.py[line:124] - DEBUG: [REMOTE] Sent hetero_network_embedding_example_standalone_20190824100958-HeteroNETransferVariable.batch_info-HeteroNETransferVariable.batch_info.0-guest-10000-arbiter-10000"
"2019-08-24 10:10:25,027 - federation.py[line:46] - DEBUG: [GET] Got hetero_network_embedding_example_standalone_20190824100958-HeteroNETransferVariable.batch_info-HeteroNETransferVariable.batch_info.0-guest-10000-host-9999 type Object"
"2019-08-24 10:10:25,068 - federation.py[line:46] - DEBUG: [GET] Got hetero_network_embedding_example_standalone_20190824100958-HeteroNETransferVariable.batch_info-HeteroNETransferVariable.batch_info.0-guest-10000-arbiter-10000 type Object"
"2019-08-24 10:10:25,083 - federation.py[line:145] - DEBUG: [GET] arbiter 10000 getting remote object HeteroNETransferVariable.host_common_embedding.0.0 from host [9999]"
"2019-08-24 10:12:41,081 - federation.py[line:124] - DEBUG: [REMOTE] Sent hetero_network_embedding_example_standalone_20190824100958-HeteroNETransferVariable.host_common_embedding-HeteroNETransferVariable.host_common_embedding.0.0-host-9999-arbiter-10000"
"2019-08-24 10:12:41,081 - federation.py[line:145] - DEBUG: [GET] host 9999 getting remote object HeteroNETransferVariable.common_embedding.0.0 from arbiter [10000]"
"2019-08-24 10:12:41,131 - federation.py[line:46] - DEBUG: [GET] Got hetero_network_embedding_example_standalone_20190824100958-HeteroNETransferVariable.host_common_embedding-HeteroNETransferVariable.host_common_embedding.0.0-host-9999-arbiter-10000 type Table"
"2019-08-24 10:12:41,132 - federation.py[line:145] - DEBUG: [GET] arbiter 10000 getting remote object HeteroNETransferVariable.guest_common_embedding.0.0 from guest [10000]"
"2019-08-24 10:12:41,668 - federation.py[line:124] - DEBUG: [REMOTE] Sent hetero_network_embedding_example_standalone_20190824100958-HeteroNETransferVariable.guest_common_embedding-HeteroNETransferVariable.guest_common_embedding.0.0-guest-10000-arbiter-10000"
"2019-08-24 10:12:41,668 - federation.py[line:145] - DEBUG: [GET] guest 10000 getting remote object HeteroNETransferVariable.common_embedding.0.0 from arbiter [10000]"
"2019-08-24 10:12:41,735 - federation.py[line:46] - DEBUG: [GET] Got hetero_network_embedding_example_standalone_20190824100958-HeteroNETransferVariable.guest_common_embedding-HeteroNETransferVariable.guest_common_embedding.0.0-guest-10000-arbiter-10000 type Table"
"2019-08-24 10:12:41,970 - federation.py[line:124] - DEBUG: [REMOTE] Sent hetero_network_embedding_example_standalone_20190824100958-HeteroNETransferVariable.common_embedding-HeteroNETransferVariable.common_embedding.0.0-arbiter-10000-host-9999"
"2019-08-24 10:12:41,985 - federation.py[line:124] - DEBUG: [REMOTE] Sent hetero_network_embedding_example_standalone_20190824100958-HeteroNETransferVariable.common_embedding-HeteroNETransferVariable.common_embedding.0.0-arbiter-10000-guest-10000"
"2019-08-24 10:12:41,985 - federation.py[line:145] - DEBUG: [GET] arbiter 10000 getting remote object HeteroNETransferVariable.host_gradient.0.0.0 from guest [10000]"
"2019-08-24 10:12:41,986 - federation.py[line:46] - DEBUG: [GET] Got hetero_network_embedding_example_standalone_20190824100958-HeteroNETransferVariable.common_embedding-HeteroNETransferVariable.common_embedding.0.0-arbiter-10000-host-9999 type Table"
"2019-08-24 10:12:42,057 - federation.py[line:145] - DEBUG: [GET] host 9999 getting remote object HeteroNETransferVariable.batch_data_index.0.0.0 from guest [10000]"
"2019-08-24 10:12:42,071 - federation.py[line:46] - DEBUG: [GET] Got hetero_network_embedding_example_standalone_20190824100958-HeteroNETransferVariable.common_embedding-HeteroNETransferVariable.common_embedding.0.0-arbiter-10000-guest-10000 type Table"
"2019-08-24 10:12:42,258 - federation.py[line:46] - DEBUG: [GET] Got hetero_network_embedding_example_standalone_20190824100958-HeteroNETransferVariable.batch_data_index-HeteroNETransferVariable.batch_data_index.0.0.0-guest-10000-host-9999 type Table"
"2019-08-24 10:12:42,276 - federation.py[line:124] - DEBUG: [REMOTE] Sent hetero_network_embedding_example_standalone_20190824100958-HeteroNETransferVariable.batch_data_index-HeteroNETransferVariable.batch_data_index.0.0.0-guest-10000-host-9999"
"2019-08-24 10:12:59,778 - federation.py[line:145] - DEBUG: [GET] guest 10000 getting remote object HeteroNETransferVariable.host_forward_dict.0.0.0 from host [9999]"
"2019-08-24 10:12:59,798 - federation.py[line:124] - DEBUG: [REMOTE] Sent hetero_network_embedding_example_standalone_20190824100958-HeteroNETransferVariable.host_forward_dict-HeteroNETransferVariable.host_forward_dict.0.0.0-host-9999-guest-10000"
"2019-08-24 10:12:59,799 - federation.py[line:145] - DEBUG: [GET] host 9999 getting remote object HeteroNETransferVariable.host_optim_gradient.0.0.0 from arbiter [10000]"
"2019-08-24 10:12:59,879 - federation.py[line:46] - DEBUG: [GET] Got hetero_network_embedding_example_standalone_20190824100958-HeteroNETransferVariable.host_forward_dict-HeteroNETransferVariable.host_forward_dict.0.0.0-host-9999-guest-10000 type Table"
"2019-08-24 10:13:00,650 - federation.py[line:46] - DEBUG: [GET] Got hetero_network_embedding_example_standalone_20190824100958-HeteroNETransferVariable.host_gradient-HeteroNETransferVariable.host_gradient.0.0.0-guest-10000-arbiter-10000 type Table"
"2019-08-24 10:13:00,650 - federation.py[line:124] - DEBUG: [REMOTE] Sent hetero_network_embedding_example_standalone_20190824100958-HeteroNETransferVariable.host_gradient-HeteroNETransferVariable.host_gradient.0.0.0-guest-10000-arbiter-10000"
"2019-08-24 10:13:00,651 - federation.py[line:145] - DEBUG: [GET] arbiter 10000 getting remote object HeteroNETransferVariable.guest_gradient.0.0.0 from guest [10000]"
"2019-08-24 10:13:02,358 - federation.py[line:46] - DEBUG: [GET] Got hetero_network_embedding_example_standalone_20190824100958-HeteroNETransferVariable.guest_gradient-HeteroNETransferVariable.guest_gradient.0.0.0-guest-10000-arbiter-10000 type Table"
"2019-08-24 10:13:02,616 - federation.py[line:124] - DEBUG: [REMOTE] Sent hetero_network_embedding_example_standalone_20190824100958-HeteroNETransferVariable.guest_gradient-HeteroNETransferVariable.guest_gradient.0.0.0-guest-10000-arbiter-10000"
"2019-08-24 10:13:02,616 - federation.py[line:145] - DEBUG: [GET] guest 10000 getting remote object HeteroNETransferVariable.guest_optim_gradient.0.0.0 from arbiter [10000]"
"2019-08-24 10:13:03,202 - federation.py[line:124] - DEBUG: [REMOTE] Sent hetero_network_embedding_example_standalone_20190824100958-HeteroNETransferVariable.host_optim_gradient-HeteroNETransferVariable.host_optim_gradient.0.0.0-arbiter-10000-host-9999"
"2019-08-24 10:13:03,214 - federation.py[line:46] - DEBUG: [GET] Got hetero_network_embedding_example_standalone_20190824100958-HeteroNETransferVariable.host_optim_gradient-HeteroNETransferVariable.host_optim_gradient.0.0.0-arbiter-10000-host-9999 type Table"
"2019-08-24 10:13:03,228 - federation.py[line:124] - DEBUG: [REMOTE] Sent hetero_network_embedding_example_standalone_20190824100958-HeteroNETransferVariable.guest_optim_gradient-HeteroNETransferVariable.guest_optim_gradient.0.0.0-arbiter-10000-guest-10000"
"2019-08-24 10:13:03,229 - federation.py[line:145] - DEBUG: [GET] arbiter 10000 getting remote object HeteroNETransferVariable.loss.0.0.0 from guest [10000]"
"2019-08-24 10:13:03,320 - federation.py[line:46] - DEBUG: [GET] Got hetero_network_embedding_example_standalone_20190824100958-HeteroNETransferVariable.guest_optim_gradient-HeteroNETransferVariable.guest_optim_gradient.0.0.0-arbiter-10000-guest-10000 type Table"
"2019-08-24 10:13:03,789 - federation.py[line:145] - DEBUG: [GET] host 9999 getting remote object HeteroNETransferVariable.batch_data_index.0.0.1 from guest [10000]"
"2019-08-24 10:13:03,884 - federation.py[line:124] - DEBUG: [REMOTE] Sent hetero_network_embedding_example_standalone_20190824100958-HeteroNETransferVariable.loss-HeteroNETransferVariable.loss.0.0.0-guest-10000-arbiter-10000"
"2019-08-24 10:13:03,932 - federation.py[line:46] - DEBUG: [GET] Got hetero_network_embedding_example_standalone_20190824100958-HeteroNETransferVariable.loss-HeteroNETransferVariable.loss.0.0.0-guest-10000-arbiter-10000 type Object"
"2019-08-24 10:13:03,933 - federation.py[line:145] - DEBUG: [GET] arbiter 10000 getting remote object HeteroNETransferVariable.host_gradient.0.0.1 from guest [10000]"
"2019-08-24 10:13:04,123 - federation.py[line:124] - DEBUG: [REMOTE] Sent hetero_network_embedding_example_standalone_20190824100958-HeteroNETransferVariable.batch_data_index-HeteroNETransferVariable.batch_data_index.0.0.1-guest-10000-host-9999"
"2019-08-24 10:13:04,191 - federation.py[line:46] - DEBUG: [GET] Got hetero_network_embedding_example_standalone_20190824100958-HeteroNETransferVariable.batch_data_index-HeteroNETransferVariable.batch_data_index.0.0.1-guest-10000-host-9999 type Table"
"2019-08-24 10:13:21,960 - federation.py[line:145] - DEBUG: [GET] guest 10000 getting remote object HeteroNETransferVariable.host_forward_dict.0.0.1 from host [9999]"
"2019-08-24 10:13:21,989 - federation.py[line:124] - DEBUG: [REMOTE] Sent hetero_network_embedding_example_standalone_20190824100958-HeteroNETransferVariable.host_forward_dict-HeteroNETransferVariable.host_forward_dict.0.0.1-host-9999-guest-10000"
"2019-08-24 10:13:21,989 - federation.py[line:145] - DEBUG: [GET] host 9999 getting remote object HeteroNETransferVariable.host_optim_gradient.0.0.1 from arbiter [10000]"
"2019-08-24 10:13:22,061 - federation.py[line:46] - DEBUG: [GET] Got hetero_network_embedding_example_standalone_20190824100958-HeteroNETransferVariable.host_forward_dict-HeteroNETransferVariable.host_forward_dict.0.0.1-host-9999-guest-10000 type Table"
"2019-08-24 10:13:22,890 - federation.py[line:124] - DEBUG: [REMOTE] Sent hetero_network_embedding_example_standalone_20190824100958-HeteroNETransferVariable.host_gradient-HeteroNETransferVariable.host_gradient.0.0.1-guest-10000-arbiter-10000"
"2019-08-24 10:13:22,898 - federation.py[line:46] - DEBUG: [GET] Got hetero_network_embedding_example_standalone_20190824100958-HeteroNETransferVariable.host_gradient-HeteroNETransferVariable.host_gradient.0.0.1-guest-10000-arbiter-10000 type Table"
"2019-08-24 10:13:22,899 - federation.py[line:145] - DEBUG: [GET] arbiter 10000 getting remote object HeteroNETransferVariable.guest_gradient.0.0.1 from guest [10000]"
"2019-08-24 10:13:23,980 - federation.py[line:124] - DEBUG: [REMOTE] Sent hetero_network_embedding_example_standalone_20190824100958-HeteroNETransferVariable.guest_gradient-HeteroNETransferVariable.guest_gradient.0.0.1-guest-10000-arbiter-10000"
"2019-08-24 10:13:23,981 - federation.py[line:145] - DEBUG: [GET] guest 10000 getting remote object HeteroNETransferVariable.guest_optim_gradient.0.0.1 from arbiter [10000]"
"2019-08-24 10:13:24,012 - federation.py[line:46] - DEBUG: [GET] Got hetero_network_embedding_example_standalone_20190824100958-HeteroNETransferVariable.guest_gradient-HeteroNETransferVariable.guest_gradient.0.0.1-guest-10000-arbiter-10000 type Table"
"2019-08-24 10:13:24,347 - federation.py[line:124] - DEBUG: [REMOTE] Sent hetero_network_embedding_example_standalone_20190824100958-HeteroNETransferVariable.host_optim_gradient-HeteroNETransferVariable.host_optim_gradient.0.0.1-arbiter-10000-host-9999"
"2019-08-24 10:13:24,376 - federation.py[line:124] - DEBUG: [REMOTE] Sent hetero_network_embedding_example_standalone_20190824100958-HeteroNETransferVariable.guest_optim_gradient-HeteroNETransferVariable.guest_optim_gradient.0.0.1-arbiter-10000-guest-10000"
"2019-08-24 10:13:24,377 - federation.py[line:145] - DEBUG: [GET] arbiter 10000 getting remote object HeteroNETransferVariable.loss.0.0.1 from guest [10000]"
"2019-08-24 10:13:24,383 - federation.py[line:46] - DEBUG: [GET] Got hetero_network_embedding_example_standalone_20190824100958-HeteroNETransferVariable.guest_optim_gradient-HeteroNETransferVariable.guest_optim_gradient.0.0.1-arbiter-10000-guest-10000 type Table"
"2019-08-24 10:13:24,404 - federation.py[line:46] - DEBUG: [GET] Got hetero_network_embedding_example_standalone_20190824100958-HeteroNETransferVariable.host_optim_gradient-HeteroNETransferVariable.host_optim_gradient.0.0.1-arbiter-10000-host-9999 type Table"
"2019-08-24 10:13:24,844 - federation.py[line:145] - DEBUG: [GET] host 9999 getting remote object HeteroNETransferVariable.batch_data_index.0.0.2 from guest [10000]"
"2019-08-24 10:13:24,850 - federation.py[line:124] - DEBUG: [REMOTE] Sent hetero_network_embedding_example_standalone_20190824100958-HeteroNETransferVariable.loss-HeteroNETransferVariable.loss.0.0.1-guest-10000-arbiter-10000"
"2019-08-24 10:13:24,884 - federation.py[line:46] - DEBUG: [GET] Got hetero_network_embedding_example_standalone_20190824100958-HeteroNETransferVariable.loss-HeteroNETransferVariable.loss.0.0.1-guest-10000-arbiter-10000 type Object"
"2019-08-24 10:13:24,885 - federation.py[line:145] - DEBUG: [GET] arbiter 10000 getting remote object HeteroNETransferVariable.host_gradient.0.0.2 from guest [10000]"
"2019-08-24 10:13:25,447 - federation.py[line:46] - DEBUG: [GET] Got hetero_network_embedding_example_standalone_20190824100958-HeteroNETransferVariable.batch_data_index-HeteroNETransferVariable.batch_data_index.0.0.2-guest-10000-host-9999 type Table"
"2019-08-24 10:13:25,448 - federation.py[line:124] - DEBUG: [REMOTE] Sent hetero_network_embedding_example_standalone_20190824100958-HeteroNETransferVariable.batch_data_index-HeteroNETransferVariable.batch_data_index.0.0.2-guest-10000-host-9999"
"2019-08-24 10:13:42,711 - federation.py[line:124] - DEBUG: [REMOTE] Sent hetero_network_embedding_example_standalone_20190824100958-HeteroNETransferVariable.host_forward_dict-HeteroNETransferVariable.host_forward_dict.0.0.2-host-9999-guest-10000"
"2019-08-24 10:13:42,712 - federation.py[line:145] - DEBUG: [GET] host 9999 getting remote object HeteroNETransferVariable.host_optim_gradient.0.0.2 from arbiter [10000]"
"2019-08-24 10:13:43,336 - federation.py[line:145] - DEBUG: [GET] guest 10000 getting remote object HeteroNETransferVariable.host_forward_dict.0.0.2 from host [9999]"
"2019-08-24 10:13:43,336 - federation.py[line:46] - DEBUG: [GET] Got hetero_network_embedding_example_standalone_20190824100958-HeteroNETransferVariable.host_forward_dict-HeteroNETransferVariable.host_forward_dict.0.0.2-host-9999-guest-10000 type Table"
"2019-08-24 10:13:44,250 - federation.py[line:46] - DEBUG: [GET] Got hetero_network_embedding_example_standalone_20190824100958-HeteroNETransferVariable.host_gradient-HeteroNETransferVariable.host_gradient.0.0.2-guest-10000-arbiter-10000 type Table"
"2019-08-24 10:13:44,251 - federation.py[line:145] - DEBUG: [GET] arbiter 10000 getting remote object HeteroNETransferVariable.guest_gradient.0.0.2 from guest [10000]"
"2019-08-24 10:13:44,256 - federation.py[line:124] - DEBUG: [REMOTE] Sent hetero_network_embedding_example_standalone_20190824100958-HeteroNETransferVariable.host_gradient-HeteroNETransferVariable.host_gradient.0.0.2-guest-10000-arbiter-10000"
"2019-08-24 10:13:45,102 - federation.py[line:124] - DEBUG: [REMOTE] Sent hetero_network_embedding_example_standalone_20190824100958-HeteroNETransferVariable.guest_gradient-HeteroNETransferVariable.guest_gradient.0.0.2-guest-10000-arbiter-10000"
"2019-08-24 10:13:45,102 - federation.py[line:145] - DEBUG: [GET] guest 10000 getting remote object HeteroNETransferVariable.guest_optim_gradient.0.0.2 from arbiter [10000]"
"2019-08-24 10:13:45,156 - federation.py[line:46] - DEBUG: [GET] Got hetero_network_embedding_example_standalone_20190824100958-HeteroNETransferVariable.guest_gradient-HeteroNETransferVariable.guest_gradient.0.0.2-guest-10000-arbiter-10000 type Table"
"2019-08-24 10:13:45,553 - federation.py[line:124] - DEBUG: [REMOTE] Sent hetero_network_embedding_example_standalone_20190824100958-HeteroNETransferVariable.host_optim_gradient-HeteroNETransferVariable.host_optim_gradient.0.0.2-arbiter-10000-host-9999"
"2019-08-24 10:13:45,582 - federation.py[line:124] - DEBUG: [REMOTE] Sent hetero_network_embedding_example_standalone_20190824100958-HeteroNETransferVariable.guest_optim_gradient-HeteroNETransferVariable.guest_optim_gradient.0.0.2-arbiter-10000-guest-10000"
"2019-08-24 10:13:45,582 - federation.py[line:145] - DEBUG: [GET] arbiter 10000 getting remote object HeteroNETransferVariable.loss.0.0.2 from guest [10000]"
"2019-08-24 10:13:45,605 - federation.py[line:46] - DEBUG: [GET] Got hetero_network_embedding_example_standalone_20190824100958-HeteroNETransferVariable.guest_optim_gradient-HeteroNETransferVariable.guest_optim_gradient.0.0.2-arbiter-10000-guest-10000 type Table"
"2019-08-24 10:13:45,624 - federation.py[line:46] - DEBUG: [GET] Got hetero_network_embedding_example_standalone_20190824100958-HeteroNETransferVariable.host_optim_gradient-HeteroNETransferVariable.host_optim_gradient.0.0.2-arbiter-10000-host-9999 type Table"
"2019-08-24 10:13:46,068 - federation.py[line:124] - DEBUG: [REMOTE] Sent hetero_network_embedding_example_standalone_20190824100958-HeteroNETransferVariable.loss-HeteroNETransferVariable.loss.0.0.2-guest-10000-arbiter-10000"
"2019-08-24 10:13:46,069 - federation.py[line:145] - DEBUG: [GET] host 9999 getting remote object HeteroNETransferVariable.batch_data_index.0.0.3 from guest [10000]"
"2019-08-24 10:13:46,085 - federation.py[line:46] - DEBUG: [GET] Got hetero_network_embedding_example_standalone_20190824100958-HeteroNETransferVariable.loss-HeteroNETransferVariable.loss.0.0.2-guest-10000-arbiter-10000 type Object"
"2019-08-24 10:13:46,086 - federation.py[line:145] - DEBUG: [GET] arbiter 10000 getting remote object HeteroNETransferVariable.host_gradient.0.0.3 from guest [10000]"
"2019-08-24 10:13:46,332 - federation.py[line:124] - DEBUG: [REMOTE] Sent hetero_network_embedding_example_standalone_20190824100958-HeteroNETransferVariable.batch_data_index-HeteroNETransferVariable.batch_data_index.0.0.3-guest-10000-host-9999"
"2019-08-24 10:13:46,370 - federation.py[line:46] - DEBUG: [GET] Got hetero_network_embedding_example_standalone_20190824100958-HeteroNETransferVariable.batch_data_index-HeteroNETransferVariable.batch_data_index.0.0.3-guest-10000-host-9999 type Table"
"2019-08-24 10:14:03,741 - federation.py[line:124] - DEBUG: [REMOTE] Sent hetero_network_embedding_example_standalone_20190824100958-HeteroNETransferVariable.host_forward_dict-HeteroNETransferVariable.host_forward_dict.0.0.3-host-9999-guest-10000"
"2019-08-24 10:14:03,742 - federation.py[line:145] - DEBUG: [GET] host 9999 getting remote object HeteroNETransferVariable.host_optim_gradient.0.0.3 from arbiter [10000]"
"2019-08-24 10:14:04,366 - federation.py[line:145] - DEBUG: [GET] guest 10000 getting remote object HeteroNETransferVariable.host_forward_dict.0.0.3 from host [9999]"
"2019-08-24 10:14:04,366 - federation.py[line:46] - DEBUG: [GET] Got hetero_network_embedding_example_standalone_20190824100958-HeteroNETransferVariable.host_forward_dict-HeteroNETransferVariable.host_forward_dict.0.0.3-host-9999-guest-10000 type Table"
"2019-08-24 10:14:05,398 - federation.py[line:124] - DEBUG: [REMOTE] Sent hetero_network_embedding_example_standalone_20190824100958-HeteroNETransferVariable.host_gradient-HeteroNETransferVariable.host_gradient.0.0.3-guest-10000-arbiter-10000"
"2019-08-24 10:14:05,448 - federation.py[line:46] - DEBUG: [GET] Got hetero_network_embedding_example_standalone_20190824100958-HeteroNETransferVariable.host_gradient-HeteroNETransferVariable.host_gradient.0.0.3-guest-10000-arbiter-10000 type Table"
"2019-08-24 10:14:05,449 - federation.py[line:145] - DEBUG: [GET] arbiter 10000 getting remote object HeteroNETransferVariable.guest_gradient.0.0.3 from guest [10000]"
"2019-08-24 10:14:06,514 - federation.py[line:124] - DEBUG: [REMOTE] Sent hetero_network_embedding_example_standalone_20190824100958-HeteroNETransferVariable.guest_gradient-HeteroNETransferVariable.guest_gradient.0.0.3-guest-10000-arbiter-10000"
"2019-08-24 10:14:06,514 - federation.py[line:145] - DEBUG: [GET] guest 10000 getting remote object HeteroNETransferVariable.guest_optim_gradient.0.0.3 from arbiter [10000]"
"2019-08-24 10:14:06,553 - federation.py[line:46] - DEBUG: [GET] Got hetero_network_embedding_example_standalone_20190824100958-HeteroNETransferVariable.guest_gradient-HeteroNETransferVariable.guest_gradient.0.0.3-guest-10000-arbiter-10000 type Table"
"2019-08-24 10:14:06,777 - federation.py[line:124] - DEBUG: [REMOTE] Sent hetero_network_embedding_example_standalone_20190824100958-HeteroNETransferVariable.host_optim_gradient-HeteroNETransferVariable.host_optim_gradient.0.0.3-arbiter-10000-host-9999"
"2019-08-24 10:14:06,803 - federation.py[line:124] - DEBUG: [REMOTE] Sent hetero_network_embedding_example_standalone_20190824100958-HeteroNETransferVariable.guest_optim_gradient-HeteroNETransferVariable.guest_optim_gradient.0.0.3-arbiter-10000-guest-10000"
"2019-08-24 10:14:06,804 - federation.py[line:145] - DEBUG: [GET] arbiter 10000 getting remote object HeteroNETransferVariable.loss.0.0.3 from guest [10000]"
"2019-08-24 10:14:06,816 - federation.py[line:46] - DEBUG: [GET] Got hetero_network_embedding_example_standalone_20190824100958-HeteroNETransferVariable.guest_optim_gradient-HeteroNETransferVariable.guest_optim_gradient.0.0.3-arbiter-10000-guest-10000 type Table"
"2019-08-24 10:14:06,853 - federation.py[line:46] - DEBUG: [GET] Got hetero_network_embedding_example_standalone_20190824100958-HeteroNETransferVariable.host_optim_gradient-HeteroNETransferVariable.host_optim_gradient.0.0.3-arbiter-10000-host-9999 type Table"
"2019-08-24 10:14:07,291 - federation.py[line:124] - DEBUG: [REMOTE] Sent hetero_network_embedding_example_standalone_20190824100958-HeteroNETransferVariable.loss-HeteroNETransferVariable.loss.0.0.3-guest-10000-arbiter-10000"
"2019-08-24 10:14:07,306 - federation.py[line:46] - DEBUG: [GET] Got hetero_network_embedding_example_standalone_20190824100958-HeteroNETransferVariable.loss-HeteroNETransferVariable.loss.0.0.3-guest-10000-arbiter-10000 type Object"
"2019-08-24 10:14:07,307 - federation.py[line:145] - DEBUG: [GET] arbiter 10000 getting remote object HeteroNETransferVariable.host_gradient.0.0.4 from guest [10000]"
"2019-08-24 10:14:07,357 - federation.py[line:145] - DEBUG: [GET] host 9999 getting remote object HeteroNETransferVariable.batch_data_index.0.0.4 from guest [10000]"
"2019-08-24 10:14:07,544 - federation.py[line:124] - DEBUG: [REMOTE] Sent hetero_network_embedding_example_standalone_20190824100958-HeteroNETransferVariable.batch_data_index-HeteroNETransferVariable.batch_data_index.0.0.4-guest-10000-host-9999"
"2019-08-24 10:14:07,559 - federation.py[line:46] - DEBUG: [GET] Got hetero_network_embedding_example_standalone_20190824100958-HeteroNETransferVariable.batch_data_index-HeteroNETransferVariable.batch_data_index.0.0.4-guest-10000-host-9999 type Table"
"2019-08-24 10:14:14,731 - federation.py[line:124] - DEBUG: [REMOTE] Sent hetero_network_embedding_example_standalone_20190824100958-HeteroNETransferVariable.host_forward_dict-HeteroNETransferVariable.host_forward_dict.0.0.4-host-9999-guest-10000"
"2019-08-24 10:14:14,739 - federation.py[line:145] - DEBUG: [GET] host 9999 getting remote object HeteroNETransferVariable.host_optim_gradient.0.0.4 from arbiter [10000]"
"2019-08-24 10:14:14,790 - federation.py[line:145] - DEBUG: [GET] guest 10000 getting remote object HeteroNETransferVariable.host_forward_dict.0.0.4 from host [9999]"
"2019-08-24 10:14:14,790 - federation.py[line:46] - DEBUG: [GET] Got hetero_network_embedding_example_standalone_20190824100958-HeteroNETransferVariable.host_forward_dict-HeteroNETransferVariable.host_forward_dict.0.0.4-host-9999-guest-10000 type Table"
"2019-08-24 10:14:15,756 - federation.py[line:124] - DEBUG: [REMOTE] Sent hetero_network_embedding_example_standalone_20190824100958-HeteroNETransferVariable.host_gradient-HeteroNETransferVariable.host_gradient.0.0.4-guest-10000-arbiter-10000"
"2019-08-24 10:14:15,836 - federation.py[line:46] - DEBUG: [GET] Got hetero_network_embedding_example_standalone_20190824100958-HeteroNETransferVariable.host_gradient-HeteroNETransferVariable.host_gradient.0.0.4-guest-10000-arbiter-10000 type Table"
"2019-08-24 10:14:15,837 - federation.py[line:145] - DEBUG: [GET] arbiter 10000 getting remote object HeteroNETransferVariable.guest_gradient.0.0.4 from guest [10000]"
"2019-08-24 10:14:16,636 - federation.py[line:124] - DEBUG: [REMOTE] Sent hetero_network_embedding_example_standalone_20190824100958-HeteroNETransferVariable.guest_gradient-HeteroNETransferVariable.guest_gradient.0.0.4-guest-10000-arbiter-10000"
"2019-08-24 10:14:16,637 - federation.py[line:145] - DEBUG: [GET] guest 10000 getting remote object HeteroNETransferVariable.guest_optim_gradient.0.0.4 from arbiter [10000]"
"2019-08-24 10:14:16,640 - federation.py[line:46] - DEBUG: [GET] Got hetero_network_embedding_example_standalone_20190824100958-HeteroNETransferVariable.guest_gradient-HeteroNETransferVariable.guest_gradient.0.0.4-guest-10000-arbiter-10000 type Table"
"2019-08-24 10:14:16,809 - federation.py[line:124] - DEBUG: [REMOTE] Sent hetero_network_embedding_example_standalone_20190824100958-HeteroNETransferVariable.host_optim_gradient-HeteroNETransferVariable.host_optim_gradient.0.0.4-arbiter-10000-host-9999"
"2019-08-24 10:14:16,825 - federation.py[line:124] - DEBUG: [REMOTE] Sent hetero_network_embedding_example_standalone_20190824100958-HeteroNETransferVariable.guest_optim_gradient-HeteroNETransferVariable.guest_optim_gradient.0.0.4-arbiter-10000-guest-10000"
"2019-08-24 10:14:16,826 - federation.py[line:145] - DEBUG: [GET] arbiter 10000 getting remote object HeteroNETransferVariable.loss.0.0.4 from guest [10000]"
"2019-08-24 10:14:16,838 - federation.py[line:46] - DEBUG: [GET] Got hetero_network_embedding_example_standalone_20190824100958-HeteroNETransferVariable.guest_optim_gradient-HeteroNETransferVariable.guest_optim_gradient.0.0.4-arbiter-10000-guest-10000 type Table"
"2019-08-24 10:14:16,848 - federation.py[line:46] - DEBUG: [GET] Got hetero_network_embedding_example_standalone_20190824100958-HeteroNETransferVariable.host_optim_gradient-HeteroNETransferVariable.host_optim_gradient.0.0.4-arbiter-10000-host-9999 type Table"
"2019-08-24 10:14:17,078 - federation.py[line:124] - DEBUG: [REMOTE] Sent hetero_network_embedding_example_standalone_20190824100958-HeteroNETransferVariable.loss-HeteroNETransferVariable.loss.0.0.4-guest-10000-arbiter-10000"
"2019-08-24 10:14:17,101 - federation.py[line:145] - DEBUG: [GET] host 9999 getting remote object HeteroNETransferVariable.is_stopped.0.0 from arbiter [10000]"
"2019-08-24 10:14:17,127 - federation.py[line:46] - DEBUG: [GET] Got hetero_network_embedding_example_standalone_20190824100958-HeteroNETransferVariable.loss-HeteroNETransferVariable.loss.0.0.4-guest-10000-arbiter-10000 type Object"
"2019-08-24 10:14:17,395 - federation.py[line:124] - DEBUG: [REMOTE] Sent hetero_network_embedding_example_standalone_20190824100958-HeteroNETransferVariable.is_stopped-HeteroNETransferVariable.is_stopped.0.0-arbiter-10000-host-9999"
"2019-08-24 10:14:17,402 - federation.py[line:46] - DEBUG: [GET] Got hetero_network_embedding_example_standalone_20190824100958-HeteroNETransferVariable.is_stopped-HeteroNETransferVariable.is_stopped.0.0-arbiter-10000-host-9999 type Object"
"2019-08-24 10:14:17,420 - federation.py[line:124] - DEBUG: [REMOTE] Sent hetero_network_embedding_example_standalone_20190824100958-HeteroNETransferVariable.is_stopped-HeteroNETransferVariable.is_stopped.0.0-arbiter-10000-guest-10000"
"2019-08-24 10:14:17,566 - federation.py[line:145] - DEBUG: [GET] guest 10000 getting remote object HeteroNETransferVariable.is_stopped.0.0 from arbiter [10000]"
"2019-08-24 10:14:17,567 - federation.py[line:46] - DEBUG: [GET] Got hetero_network_embedding_example_standalone_20190824100958-HeteroNETransferVariable.is_stopped-HeteroNETransferVariable.is_stopped.0.0-arbiter-10000-guest-10000 type Object"
