"2019-08-24 10:10:04,942 - hetero_ne_guest.py[line:68] - INFO: samples number:4440"
"2019-08-24 10:10:04,942 - hetero_ne_guest.py[line:69] - INFO: Enter hetero_ne_guest fit"
"2019-08-24 10:10:04,942 - hetero_ne_guest.py[line:71] - INFO: Guest party has 2358 nodes"
"2019-08-24 10:10:05,155 - hetero_ne_guest.py[line:74] - INFO: Transform input data to train instance"
"2019-08-24 10:10:05,156 - hetero_ne_guest.py[line:81] - INFO: Get public_key from arbiter:<PaillierPublicKey 47f3612c0a>"
"2019-08-24 10:10:05,156 - hetero_ne_guest.py[line:85] - INFO: Generate mini-batch from input data"
"2019-08-24 10:10:07,412 - hetero_ne_guest.py[line:89] - INFO: samples number:4440"
"2019-08-24 10:10:07,412 - hetero_ne_guest.py[line:97] - INFO: Generate mini-batch for local instances in guest"
"2019-08-24 10:10:24,953 - hetero_ne_guest.py[line:104] - INFO: batch_info:{'batch_size': 1024, 'batch_num': 5}"
"2019-08-24 10:10:24,982 - hetero_ne_guest.py[line:110] - INFO: Remote batch_info to Host"
"2019-08-24 10:10:25,017 - hetero_ne_guest.py[line:117] - INFO: Remote batch_info to Arbiter"
"2019-08-24 10:10:25,017 - hetero_ne_guest.py[line:124] - INFO: Start initialize model."
"2019-08-24 10:10:25,017 - hetero_ne_guest.py[line:126] - INFO: Embedding shape=(2358, 5)"
"2019-08-24 10:10:25,017 - hetero_ne_guest.py[line:133] - INFO: iter:0"
"2019-08-24 10:10:25,023 - hetero_ne_guest.py[line:142] - INFO: Local batch data count:1024"
"2019-08-24 10:10:33,440 - hetero_ne_guest.py[line:155] - INFO: gradient count:1024"
"2019-08-24 10:10:33,445 - hetero_ne_guest.py[line:142] - INFO: Local batch data count:1024"
"2019-08-24 10:10:38,866 - hetero_ne_guest.py[line:155] - INFO: gradient count:1024"
"2019-08-24 10:10:38,871 - hetero_ne_guest.py[line:142] - INFO: Local batch data count:1024"
"2019-08-24 10:10:45,437 - hetero_ne_guest.py[line:155] - INFO: gradient count:1024"
"2019-08-24 10:10:45,442 - hetero_ne_guest.py[line:142] - INFO: Local batch data count:1024"
"2019-08-24 10:10:52,281 - hetero_ne_guest.py[line:155] - INFO: gradient count:1024"
"2019-08-24 10:10:52,285 - hetero_ne_guest.py[line:142] - INFO: Local batch data count:1024"
"2019-08-24 10:10:58,676 - hetero_ne_guest.py[line:155] - INFO: gradient count:1024"
"2019-08-24 10:10:58,680 - hetero_ne_guest.py[line:142] - INFO: Local batch data count:1024"
"2019-08-24 10:11:06,397 - hetero_ne_guest.py[line:155] - INFO: gradient count:1024"
"2019-08-24 10:11:06,402 - hetero_ne_guest.py[line:142] - INFO: Local batch data count:1024"
"2019-08-24 10:11:13,964 - hetero_ne_guest.py[line:155] - INFO: gradient count:1024"
"2019-08-24 10:11:13,968 - hetero_ne_guest.py[line:142] - INFO: Local batch data count:1024"
"2019-08-24 10:11:20,508 - hetero_ne_guest.py[line:155] - INFO: gradient count:1024"
"2019-08-24 10:11:20,513 - hetero_ne_guest.py[line:142] - INFO: Local batch data count:1024"
"2019-08-24 10:11:26,971 - hetero_ne_guest.py[line:155] - INFO: gradient count:1024"
"2019-08-24 10:11:26,976 - hetero_ne_guest.py[line:142] - INFO: Local batch data count:1024"
"2019-08-24 10:11:33,728 - hetero_ne_guest.py[line:155] - INFO: gradient count:1024"
"2019-08-24 10:11:33,733 - hetero_ne_guest.py[line:142] - INFO: Local batch data count:1024"
"2019-08-24 10:11:42,599 - hetero_ne_guest.py[line:155] - INFO: gradient count:1024"
"2019-08-24 10:11:42,604 - hetero_ne_guest.py[line:142] - INFO: Local batch data count:1024"
"2019-08-24 10:11:49,487 - hetero_ne_guest.py[line:155] - INFO: gradient count:1024"
"2019-08-24 10:11:49,492 - hetero_ne_guest.py[line:142] - INFO: Local batch data count:1024"
"2019-08-24 10:11:56,075 - hetero_ne_guest.py[line:155] - INFO: gradient count:1024"
"2019-08-24 10:11:56,080 - hetero_ne_guest.py[line:142] - INFO: Local batch data count:1024"
"2019-08-24 10:12:02,209 - hetero_ne_guest.py[line:155] - INFO: gradient count:1024"
"2019-08-24 10:12:02,214 - hetero_ne_guest.py[line:142] - INFO: Local batch data count:1024"
"2019-08-24 10:12:08,728 - hetero_ne_guest.py[line:155] - INFO: gradient count:1024"
"2019-08-24 10:12:08,733 - hetero_ne_guest.py[line:142] - INFO: Local batch data count:1024"
"2019-08-24 10:12:15,517 - hetero_ne_guest.py[line:155] - INFO: gradient count:1024"
"2019-08-24 10:12:15,521 - hetero_ne_guest.py[line:142] - INFO: Local batch data count:1024"
"2019-08-24 10:12:22,162 - hetero_ne_guest.py[line:155] - INFO: gradient count:1024"
"2019-08-24 10:12:22,166 - hetero_ne_guest.py[line:142] - INFO: Local batch data count:1024"
"2019-08-24 10:12:29,183 - hetero_ne_guest.py[line:155] - INFO: gradient count:1024"
"2019-08-24 10:12:29,188 - hetero_ne_guest.py[line:142] - INFO: Local batch data count:1024"
"2019-08-24 10:12:35,651 - hetero_ne_guest.py[line:155] - INFO: gradient count:1024"
"2019-08-24 10:12:35,656 - hetero_ne_guest.py[line:142] - INFO: Local batch data count:680"
"2019-08-24 10:12:41,540 - hetero_ne_guest.py[line:155] - INFO: gradient count:680"
"2019-08-24 10:12:42,206 - hetero_ne_guest.py[line:177] - INFO: Iter 0, Local loss: 1.556982256180305"
"2019-08-24 10:12:42,206 - hetero_ne_guest.py[line:188] - INFO: batch:0"
"2019-08-24 10:12:42,206 - hetero_ne_guest.py[line:192] - INFO: remote mini-batch index to Host"
"2019-08-24 10:12:59,879 - hetero_ne_guest.py[line:224] - INFO: Get host_forward from host"
"2019-08-24 10:13:00,651 - hetero_ne_guest.py[line:244] - INFO: Remote host_gradient to arbiter"
"2019-08-24 10:13:02,616 - hetero_ne_guest.py[line:260] - INFO: Remote guest_gradient to arbiter"
"2019-08-24 10:13:03,320 - hetero_ne_guest.py[line:269] - INFO: Get optim_guest_gradient from arbiter"
"2019-08-24 10:13:03,320 - hetero_ne_guest.py[line:272] - INFO: update node embedding"
"2019-08-24 10:13:03,884 - hetero_ne_guest.py[line:291] - INFO: Remote loss to arbiter"
"2019-08-24 10:13:04,090 - hetero_ne_guest.py[line:188] - INFO: batch:1"
"2019-08-24 10:13:04,090 - hetero_ne_guest.py[line:192] - INFO: remote mini-batch index to Host"
"2019-08-24 10:13:22,062 - hetero_ne_guest.py[line:224] - INFO: Get host_forward from host"
"2019-08-24 10:13:22,890 - hetero_ne_guest.py[line:244] - INFO: Remote host_gradient to arbiter"
"2019-08-24 10:13:23,981 - hetero_ne_guest.py[line:260] - INFO: Remote guest_gradient to arbiter"
"2019-08-24 10:13:24,383 - hetero_ne_guest.py[line:269] - INFO: Get optim_guest_gradient from arbiter"
"2019-08-24 10:13:24,383 - hetero_ne_guest.py[line:272] - INFO: update node embedding"
"2019-08-24 10:13:24,850 - hetero_ne_guest.py[line:291] - INFO: Remote loss to arbiter"
"2019-08-24 10:13:25,435 - hetero_ne_guest.py[line:188] - INFO: batch:2"
"2019-08-24 10:13:25,435 - hetero_ne_guest.py[line:192] - INFO: remote mini-batch index to Host"
"2019-08-24 10:13:43,337 - hetero_ne_guest.py[line:224] - INFO: Get host_forward from host"
"2019-08-24 10:13:44,256 - hetero_ne_guest.py[line:244] - INFO: Remote host_gradient to arbiter"
"2019-08-24 10:13:45,102 - hetero_ne_guest.py[line:260] - INFO: Remote guest_gradient to arbiter"
"2019-08-24 10:13:45,605 - hetero_ne_guest.py[line:269] - INFO: Get optim_guest_gradient from arbiter"
"2019-08-24 10:13:45,605 - hetero_ne_guest.py[line:272] - INFO: update node embedding"
"2019-08-24 10:13:46,068 - hetero_ne_guest.py[line:291] - INFO: Remote loss to arbiter"
"2019-08-24 10:13:46,300 - hetero_ne_guest.py[line:188] - INFO: batch:3"
"2019-08-24 10:13:46,301 - hetero_ne_guest.py[line:192] - INFO: remote mini-batch index to Host"
"2019-08-24 10:14:04,367 - hetero_ne_guest.py[line:224] - INFO: Get host_forward from host"
"2019-08-24 10:14:05,398 - hetero_ne_guest.py[line:244] - INFO: Remote host_gradient to arbiter"
"2019-08-24 10:14:06,514 - hetero_ne_guest.py[line:260] - INFO: Remote guest_gradient to arbiter"
"2019-08-24 10:14:06,817 - hetero_ne_guest.py[line:269] - INFO: Get optim_guest_gradient from arbiter"
"2019-08-24 10:14:06,817 - hetero_ne_guest.py[line:272] - INFO: update node embedding"
"2019-08-24 10:14:07,291 - hetero_ne_guest.py[line:291] - INFO: Remote loss to arbiter"
"2019-08-24 10:14:07,522 - hetero_ne_guest.py[line:188] - INFO: batch:4"
"2019-08-24 10:14:07,522 - hetero_ne_guest.py[line:192] - INFO: remote mini-batch index to Host"
"2019-08-24 10:14:14,790 - hetero_ne_guest.py[line:224] - INFO: Get host_forward from host"
"2019-08-24 10:14:15,756 - hetero_ne_guest.py[line:244] - INFO: Remote host_gradient to arbiter"
"2019-08-24 10:14:16,637 - hetero_ne_guest.py[line:260] - INFO: Remote guest_gradient to arbiter"
"2019-08-24 10:14:16,838 - hetero_ne_guest.py[line:269] - INFO: Get optim_guest_gradient from arbiter"
"2019-08-24 10:14:16,838 - hetero_ne_guest.py[line:272] - INFO: update node embedding"
"2019-08-24 10:14:17,078 - hetero_ne_guest.py[line:291] - INFO: Remote loss to arbiter"
"2019-08-24 10:14:17,568 - hetero_ne_guest.py[line:312] - INFO: Get is_stop flag from arbiter:False"
"2019-08-24 10:16:03,212 - hetero_ne_guest.py[line:324] - INFO: Reach max iter 1, train model finish!"
