"2019-08-24 10:10:05,143 - hetero_ne_host.py[line:47] - INFO: Enter hetero_ne host"
"2019-08-24 10:10:05,144 - hetero_ne_host.py[line:49] - INFO: Host party has 2319 nodes"
"2019-08-24 10:10:05,677 - hetero_ne_host.py[line:52] - INFO: Transform input data to train instance"
"2019-08-24 10:10:05,678 - hetero_ne_host.py[line:59] - INFO: Get Publick key from arbiter:<PaillierPublicKey 47f3612c0a>"
"2019-08-24 10:10:05,679 - hetero_ne_host.py[line:64] - INFO: Generate mini-batch for local instances in guest"
"2019-08-24 10:10:25,028 - hetero_ne_host.py[line:72] - INFO: Get batch_info from guest: {'batch_size': 1024, 'batch_num': 5}"
"2019-08-24 10:10:25,028 - hetero_ne_host.py[line:86] - INFO: Start initilize model."
"2019-08-24 10:10:25,028 - hetero_ne_host.py[line:93] - INFO: iter: 0"
"2019-08-24 10:10:25,029 - hetero_ne_host.py[line:99] - INFO: Horizontally learning"
"2019-08-24 10:10:25,034 - hetero_ne_host.py[line:102] - INFO: Local batch data count:1024"
"2019-08-24 10:10:33,433 - hetero_ne_host.py[line:115] - INFO: gradient count:1024"
"2019-08-24 10:10:33,438 - hetero_ne_host.py[line:102] - INFO: Local batch data count:1024"
"2019-08-24 10:10:38,859 - hetero_ne_host.py[line:115] - INFO: gradient count:1024"
"2019-08-24 10:10:38,864 - hetero_ne_host.py[line:102] - INFO: Local batch data count:1024"
"2019-08-24 10:10:45,410 - hetero_ne_host.py[line:115] - INFO: gradient count:1024"
"2019-08-24 10:10:45,414 - hetero_ne_host.py[line:102] - INFO: Local batch data count:1024"
"2019-08-24 10:10:52,276 - hetero_ne_host.py[line:115] - INFO: gradient count:1024"
"2019-08-24 10:10:52,281 - hetero_ne_host.py[line:102] - INFO: Local batch data count:1024"
"2019-08-24 10:10:58,586 - hetero_ne_host.py[line:115] - INFO: gradient count:1024"
"2019-08-24 10:10:58,591 - hetero_ne_host.py[line:102] - INFO: Local batch data count:1024"
"2019-08-24 10:11:06,403 - hetero_ne_host.py[line:115] - INFO: gradient count:1024"
"2019-08-24 10:11:06,407 - hetero_ne_host.py[line:102] - INFO: Local batch data count:1024"
"2019-08-24 10:11:13,591 - hetero_ne_host.py[line:115] - INFO: gradient count:1024"
"2019-08-24 10:11:13,595 - hetero_ne_host.py[line:102] - INFO: Local batch data count:1024"
"2019-08-24 10:11:20,369 - hetero_ne_host.py[line:115] - INFO: gradient count:1024"
"2019-08-24 10:11:20,373 - hetero_ne_host.py[line:102] - INFO: Local batch data count:1024"
"2019-08-24 10:11:26,635 - hetero_ne_host.py[line:115] - INFO: gradient count:1024"
"2019-08-24 10:11:26,639 - hetero_ne_host.py[line:102] - INFO: Local batch data count:1024"
"2019-08-24 10:11:33,289 - hetero_ne_host.py[line:115] - INFO: gradient count:1024"
"2019-08-24 10:11:33,294 - hetero_ne_host.py[line:102] - INFO: Local batch data count:1024"
"2019-08-24 10:11:41,966 - hetero_ne_host.py[line:115] - INFO: gradient count:1024"
"2019-08-24 10:11:41,971 - hetero_ne_host.py[line:102] - INFO: Local batch data count:1024"
"2019-08-24 10:11:48,749 - hetero_ne_host.py[line:115] - INFO: gradient count:1024"
"2019-08-24 10:11:48,753 - hetero_ne_host.py[line:102] - INFO: Local batch data count:1024"
"2019-08-24 10:11:55,284 - hetero_ne_host.py[line:115] - INFO: gradient count:1024"
"2019-08-24 10:11:55,289 - hetero_ne_host.py[line:102] - INFO: Local batch data count:1024"
"2019-08-24 10:12:01,568 - hetero_ne_host.py[line:115] - INFO: gradient count:1024"
"2019-08-24 10:12:01,572 - hetero_ne_host.py[line:102] - INFO: Local batch data count:1024"
"2019-08-24 10:12:08,280 - hetero_ne_host.py[line:115] - INFO: gradient count:1024"
"2019-08-24 10:12:08,285 - hetero_ne_host.py[line:102] - INFO: Local batch data count:1024"
"2019-08-24 10:12:15,192 - hetero_ne_host.py[line:115] - INFO: gradient count:1024"
"2019-08-24 10:12:15,197 - hetero_ne_host.py[line:102] - INFO: Local batch data count:1024"
"2019-08-24 10:12:21,819 - hetero_ne_host.py[line:115] - INFO: gradient count:1024"
"2019-08-24 10:12:21,823 - hetero_ne_host.py[line:102] - INFO: Local batch data count:1024"
"2019-08-24 10:12:28,706 - hetero_ne_host.py[line:115] - INFO: gradient count:1024"
"2019-08-24 10:12:28,710 - hetero_ne_host.py[line:102] - INFO: Local batch data count:1024"
"2019-08-24 10:12:34,937 - hetero_ne_host.py[line:115] - INFO: gradient count:1024"
"2019-08-24 10:12:34,941 - hetero_ne_host.py[line:102] - INFO: Local batch data count:638"
"2019-08-24 10:12:40,836 - hetero_ne_host.py[line:115] - INFO: gradient count:638"
"2019-08-24 10:12:42,056 - hetero_ne_host.py[line:137] - INFO: Iter 0, Local loss: 1.535223176357299"
"2019-08-24 10:12:42,057 - hetero_ne_host.py[line:144] - INFO: batch:0"
"2019-08-24 10:12:42,259 - hetero_ne_host.py[line:157] - INFO: Get batch_index from Guest"
"2019-08-24 10:12:42,488 - hetero_ne_host.py[line:170] - INFO: batch_data_inst size:1024"
"2019-08-24 10:12:59,798 - hetero_ne_host.py[line:185] - INFO: Remote host_forward to guest"
"2019-08-24 10:13:03,214 - hetero_ne_host.py[line:195] - INFO: Get optim_host_gradient from arbiter"
"2019-08-24 10:13:03,347 - hetero_ne_host.py[line:198] - INFO: update_model"
"2019-08-24 10:13:03,788 - hetero_ne_host.py[line:144] - INFO: batch:1"
"2019-08-24 10:13:04,191 - hetero_ne_host.py[line:157] - INFO: Get batch_index from Guest"
"2019-08-24 10:13:04,494 - hetero_ne_host.py[line:170] - INFO: batch_data_inst size:1024"
"2019-08-24 10:13:21,989 - hetero_ne_host.py[line:185] - INFO: Remote host_forward to guest"
"2019-08-24 10:13:24,404 - hetero_ne_host.py[line:195] - INFO: Get optim_host_gradient from arbiter"
"2019-08-24 10:13:24,568 - hetero_ne_host.py[line:198] - INFO: update_model"
"2019-08-24 10:13:24,843 - hetero_ne_host.py[line:144] - INFO: batch:2"
"2019-08-24 10:13:25,447 - hetero_ne_host.py[line:157] - INFO: Get batch_index from Guest"
"2019-08-24 10:13:25,600 - hetero_ne_host.py[line:170] - INFO: batch_data_inst size:1024"
"2019-08-24 10:13:42,712 - hetero_ne_host.py[line:185] - INFO: Remote host_forward to guest"
"2019-08-24 10:13:45,624 - hetero_ne_host.py[line:195] - INFO: Get optim_host_gradient from arbiter"
"2019-08-24 10:13:45,822 - hetero_ne_host.py[line:198] - INFO: update_model"
"2019-08-24 10:13:46,068 - hetero_ne_host.py[line:144] - INFO: batch:3"
"2019-08-24 10:13:46,371 - hetero_ne_host.py[line:157] - INFO: Get batch_index from Guest"
"2019-08-24 10:13:46,759 - hetero_ne_host.py[line:170] - INFO: batch_data_inst size:1024"
"2019-08-24 10:14:03,741 - hetero_ne_host.py[line:185] - INFO: Remote host_forward to guest"
"2019-08-24 10:14:06,854 - hetero_ne_host.py[line:195] - INFO: Get optim_host_gradient from arbiter"
"2019-08-24 10:14:07,264 - hetero_ne_host.py[line:198] - INFO: update_model"
"2019-08-24 10:14:07,357 - hetero_ne_host.py[line:144] - INFO: batch:4"
"2019-08-24 10:14:07,559 - hetero_ne_host.py[line:157] - INFO: Get batch_index from Guest"
"2019-08-24 10:14:07,887 - hetero_ne_host.py[line:170] - INFO: batch_data_inst size:344"
"2019-08-24 10:14:14,731 - hetero_ne_host.py[line:185] - INFO: Remote host_forward to guest"
"2019-08-24 10:14:16,848 - hetero_ne_host.py[line:195] - INFO: Get optim_host_gradient from arbiter"
"2019-08-24 10:14:16,966 - hetero_ne_host.py[line:198] - INFO: update_model"
"2019-08-24 10:14:17,403 - hetero_ne_host.py[line:215] - INFO: Get is_stop flag from arbiter:[False]"
"2019-08-24 10:14:17,403 - hetero_ne_host.py[line:219] - INFO: Reach max iter 1, train mode finish!"
"2019-08-24 10:16:00,526 - hetero_ne_host.py[line:226] - INFO: Reach max iter 1, train model finish!"
