"2019-08-24 10:10:03,261 - hetero_ne_arbiter.py[line:54] - INFO: Enter hetero_ne_arbiter fit"
"2019-08-24 10:10:03,276 - hetero_ne_arbiter.py[line:61] - INFO: public_key: <PaillierPublicKey 47f3612c0a>"
"2019-08-24 10:10:03,488 - hetero_ne_arbiter.py[line:69] - INFO: remote publick_key to host"
"2019-08-24 10:10:03,775 - hetero_ne_arbiter.py[line:76] - INFO: remote public_key to guest"
"2019-08-24 10:10:25,082 - hetero_ne_arbiter.py[line:81] - INFO: Get batch_info from guest: {'batch_size': 1024, 'batch_num': 5}"
"2019-08-24 10:10:25,083 - hetero_ne_arbiter.py[line:88] - INFO: iter: 0"
"2019-08-24 10:12:41,985 - hetero_ne_arbiter.py[line:125] - INFO: Iter 0, horizontally learning finish"
"2019-08-24 10:12:41,985 - hetero_ne_arbiter.py[line:133] - INFO: batch: 0"
"2019-08-24 10:13:00,650 - hetero_ne_arbiter.py[line:141] - INFO: Get host_gradient from GUEST"
"2019-08-24 10:13:02,359 - hetero_ne_arbiter.py[line:148] - INFO: Get guest_gradient from GUEST"
"2019-08-24 10:13:03,179 - hetero_ne_arbiter.py[line:166] - INFO: host gradients number: 1024"
"2019-08-24 10:13:03,179 - hetero_ne_arbiter.py[line:167] - INFO: guest gradients number: 1024"
"2019-08-24 10:13:03,202 - hetero_ne_arbiter.py[line:178] - INFO: Remote host_optim_gradient to Host"
"2019-08-24 10:13:03,228 - hetero_ne_arbiter.py[line:189] - INFO: Remote guest_optim_gradient to Guest"
"2019-08-24 10:13:03,932 - hetero_ne_arbiter.py[line:204] - INFO: Get loss from guest: 0.6466944548695251"
"2019-08-24 10:13:03,932 - hetero_ne_arbiter.py[line:133] - INFO: batch: 1"
"2019-08-24 10:13:22,899 - hetero_ne_arbiter.py[line:141] - INFO: Get host_gradient from GUEST"
"2019-08-24 10:13:24,013 - hetero_ne_arbiter.py[line:148] - INFO: Get guest_gradient from GUEST"
"2019-08-24 10:13:24,327 - hetero_ne_arbiter.py[line:166] - INFO: host gradients number: 1024"
"2019-08-24 10:13:24,327 - hetero_ne_arbiter.py[line:167] - INFO: guest gradients number: 1024"
"2019-08-24 10:13:24,347 - hetero_ne_arbiter.py[line:178] - INFO: Remote host_optim_gradient to Host"
"2019-08-24 10:13:24,376 - hetero_ne_arbiter.py[line:189] - INFO: Remote guest_optim_gradient to Guest"
"2019-08-24 10:13:24,885 - hetero_ne_arbiter.py[line:204] - INFO: Get loss from guest: 1.5418751841920377"
"2019-08-24 10:13:24,885 - hetero_ne_arbiter.py[line:133] - INFO: batch: 2"
"2019-08-24 10:13:44,251 - hetero_ne_arbiter.py[line:141] - INFO: Get host_gradient from GUEST"
"2019-08-24 10:13:45,156 - hetero_ne_arbiter.py[line:148] - INFO: Get guest_gradient from GUEST"
"2019-08-24 10:13:45,535 - hetero_ne_arbiter.py[line:166] - INFO: host gradients number: 1024"
"2019-08-24 10:13:45,535 - hetero_ne_arbiter.py[line:167] - INFO: guest gradients number: 1024"
"2019-08-24 10:13:45,553 - hetero_ne_arbiter.py[line:178] - INFO: Remote host_optim_gradient to Host"
"2019-08-24 10:13:45,582 - hetero_ne_arbiter.py[line:189] - INFO: Remote guest_optim_gradient to Guest"
"2019-08-24 10:13:46,085 - hetero_ne_arbiter.py[line:204] - INFO: Get loss from guest: 1.5129738136932576"
"2019-08-24 10:13:46,085 - hetero_ne_arbiter.py[line:133] - INFO: batch: 3"
"2019-08-24 10:14:05,449 - hetero_ne_arbiter.py[line:141] - INFO: Get host_gradient from GUEST"
"2019-08-24 10:14:06,554 - hetero_ne_arbiter.py[line:148] - INFO: Get guest_gradient from GUEST"
"2019-08-24 10:14:06,758 - hetero_ne_arbiter.py[line:166] - INFO: host gradients number: 1024"
"2019-08-24 10:14:06,758 - hetero_ne_arbiter.py[line:167] - INFO: guest gradients number: 1024"
"2019-08-24 10:14:06,777 - hetero_ne_arbiter.py[line:178] - INFO: Remote host_optim_gradient to Host"
"2019-08-24 10:14:06,804 - hetero_ne_arbiter.py[line:189] - INFO: Remote guest_optim_gradient to Guest"
"2019-08-24 10:14:07,307 - hetero_ne_arbiter.py[line:204] - INFO: Get loss from guest: 1.5420306827945547"
"2019-08-24 10:14:07,307 - hetero_ne_arbiter.py[line:133] - INFO: batch: 4"
"2019-08-24 10:14:15,837 - hetero_ne_arbiter.py[line:141] - INFO: Get host_gradient from GUEST"
"2019-08-24 10:14:16,641 - hetero_ne_arbiter.py[line:148] - INFO: Get guest_gradient from GUEST"
"2019-08-24 10:14:16,791 - hetero_ne_arbiter.py[line:166] - INFO: host gradients number: 344"
"2019-08-24 10:14:16,791 - hetero_ne_arbiter.py[line:167] - INFO: guest gradients number: 344"
"2019-08-24 10:14:16,809 - hetero_ne_arbiter.py[line:178] - INFO: Remote host_optim_gradient to Host"
"2019-08-24 10:14:16,825 - hetero_ne_arbiter.py[line:189] - INFO: Remote guest_optim_gradient to Guest"
"2019-08-24 10:14:17,128 - hetero_ne_arbiter.py[line:204] - INFO: Get loss from guest: 1.465825055248404"
"2019-08-24 10:14:17,128 - hetero_ne_arbiter.py[line:211] - INFO: iter loss: 1.3418798381595558"
"2019-08-24 10:14:17,395 - hetero_ne_arbiter.py[line:223] - INFO: Remote is_stop to host: False"
"2019-08-24 10:14:17,420 - hetero_ne_arbiter.py[line:233] - INFO: Remote is_stop to guest: False"
"2019-08-24 10:14:17,420 - hetero_ne_arbiter.py[line:239] - INFO: Reach max iter 1 or convergence, train model finish!"
