"2019-08-24 10:10:03,109 - workflow.py[line:863] - DEBUG: The job id is hetero_network_embedding_example_standalone_20190824100958"
"2019-08-24 10:10:03,111 - workflow.py[line:863] - DEBUG: The job id is hetero_network_embedding_example_standalone_20190824100958"
"2019-08-24 10:10:03,111 - workflow.py[line:865] - DEBUG: Finish eggroll and federation init"
"2019-08-24 10:10:03,111 - workflow.py[line:819] - DEBUG: finish init pipeline"
"2019-08-24 10:10:03,112 - workflow.py[line:912] - INFO: 4440 samples in guest"
"2019-08-24 10:10:03,112 - workflow.py[line:865] - DEBUG: Finish eggroll and federation init"
"2019-08-24 10:10:03,112 - workflow.py[line:819] - DEBUG: finish init pipeline"
"2019-08-24 10:10:03,113 - workflow.py[line:912] - INFO: 4440 samples in host"
"2019-08-24 10:10:03,139 - workflow.py[line:210] - DEBUG: Enter host network embedding function"
"2019-08-24 10:10:03,139 - workflow.py[line:211] - DEBUG: Start intersection before network embedding"
"2019-08-24 10:10:03,139 - workflow.py[line:316] - INFO: need_intersect: true!"
"2019-08-24 10:10:03,139 - workflow.py[line:320] - INFO: Start intersection!"
"2019-08-24 10:10:03,142 - workflow.py[line:210] - DEBUG: Enter guest network embedding function"
"2019-08-24 10:10:03,142 - workflow.py[line:211] - DEBUG: Start intersection before network embedding"
"2019-08-24 10:10:03,143 - workflow.py[line:316] - INFO: need_intersect: true!"
"2019-08-24 10:10:03,144 - workflow.py[line:320] - INFO: Start intersection!"
"2019-08-24 10:10:03,259 - workflow.py[line:863] - DEBUG: The job id is hetero_network_embedding_example_standalone_20190824100958"
"2019-08-24 10:10:03,260 - workflow.py[line:865] - DEBUG: Finish eggroll and federation init"
"2019-08-24 10:10:03,260 - workflow.py[line:819] - DEBUG: finish init pipeline"
"2019-08-24 10:10:03,260 - workflow.py[line:214] - INFO: arbiter"
"2019-08-24 10:10:03,261 - workflow.py[line:215] - INFO: max iter: 1"
"2019-08-24 10:10:04,941 - workflow.py[line:331] - INFO: finish intersection!"
"2019-08-24 10:10:04,941 - workflow.py[line:214] - INFO: guest"
"2019-08-24 10:10:04,941 - workflow.py[line:215] - INFO: max iter: 1"
"2019-08-24 10:10:05,143 - workflow.py[line:331] - INFO: finish intersection!"
"2019-08-24 10:10:05,143 - workflow.py[line:214] - INFO: host"
"2019-08-24 10:10:05,143 - workflow.py[line:215] - INFO: max iter: 1"
"2019-08-24 10:14:17,420 - workflow.py[line:922] - DEBUG: arbiter"
"2019-08-24 10:14:17,421 - workflow.py[line:923] - INFO: Network_embedding_finish"
"2019-08-24 10:16:00,527 - workflow.py[line:922] - DEBUG: host"
"2019-08-24 10:16:00,527 - workflow.py[line:923] - INFO: Network_embedding_finish"
"2019-08-24 10:16:03,214 - workflow.py[line:922] - DEBUG: guest"
"2019-08-24 10:16:03,215 - workflow.py[line:923] - INFO: Network_embedding_finish"
