"2019-08-24 13:44:52,145 - federation.py[line:124] - DEBUG: [REMOTE] Sent neighbors_sampling_example_standalone_20190824134404-RawIntersectTransferVariable.send_ids_host-RawIntersectTransferVariable.send_ids_host.neigh_sam_intersect_0-host-9999-guest-10000"
"2019-08-24 13:44:52,146 - federation.py[line:145] - DEBUG: [GET] host 9999 getting remote object RawIntersectTransferVariable.intersect_ids_guest.neigh_sam_intersect_0 from guest [10000]"
"2019-08-24 13:44:53,240 - federation.py[line:145] - DEBUG: [GET] guest 10000 getting remote object RawIntersectTransferVariable.send_ids_host.neigh_sam_intersect_0 from host [9999]"
"2019-08-24 13:44:53,241 - federation.py[line:46] - DEBUG: [GET] Got neighbors_sampling_example_standalone_20190824134404-RawIntersectTransferVariable.send_ids_host-RawIntersectTransferVariable.send_ids_host.neigh_sam_intersect_0-host-9999-guest-10000 type Table"
"2019-08-24 13:44:53,427 - federation.py[line:124] - DEBUG: [REMOTE] Sent neighbors_sampling_example_standalone_20190824134404-RawIntersectTransferVariable.intersect_ids_guest-RawIntersectTransferVariable.intersect_ids_guest.neigh_sam_intersect_0-guest-10000-host-9999"
"2019-08-24 13:44:53,452 - federation.py[line:46] - DEBUG: [GET] Got neighbors_sampling_example_standalone_20190824134404-RawIntersectTransferVariable.intersect_ids_guest-RawIntersectTransferVariable.intersect_ids_guest.neigh_sam_intersect_0-guest-10000-host-9999 type Table"
"2019-08-24 13:45:02,926 - federation.py[line:145] - DEBUG: [GET] guest 10000 getting remote object RawIntersectTransferVariable.send_ids_host.neigh_sam_intersect_1 from host [9999]"
"2019-08-24 13:45:03,329 - federation.py[line:46] - DEBUG: [GET] Got neighbors_sampling_example_standalone_20190824134404-RawIntersectTransferVariable.send_ids_host-RawIntersectTransferVariable.send_ids_host.neigh_sam_intersect_1-host-9999-guest-10000 type Table"
"2019-08-24 13:45:03,335 - federation.py[line:124] - DEBUG: [REMOTE] Sent neighbors_sampling_example_standalone_20190824134404-RawIntersectTransferVariable.send_ids_host-RawIntersectTransferVariable.send_ids_host.neigh_sam_intersect_1-host-9999-guest-10000"
"2019-08-24 13:45:03,336 - federation.py[line:145] - DEBUG: [GET] host 9999 getting remote object RawIntersectTransferVariable.intersect_ids_guest.neigh_sam_intersect_1 from guest [10000]"
"2019-08-24 13:45:03,549 - federation.py[line:124] - DEBUG: [REMOTE] Sent neighbors_sampling_example_standalone_20190824134404-RawIntersectTransferVariable.intersect_ids_guest-RawIntersectTransferVariable.intersect_ids_guest.neigh_sam_intersect_1-guest-10000-host-9999"
"2019-08-24 13:45:03,639 - federation.py[line:46] - DEBUG: [GET] Got neighbors_sampling_example_standalone_20190824134404-RawIntersectTransferVariable.intersect_ids_guest-RawIntersectTransferVariable.intersect_ids_guest.neigh_sam_intersect_1-guest-10000-host-9999 type Table"
"2019-08-24 13:45:06,816 - federation.py[line:145] - DEBUG: [GET] host 9999 getting remote object NeighborsSamplingTransferVariable.guest_number.0 from guest [10000]"
"2019-08-24 13:45:07,208 - federation.py[line:124] - DEBUG: [REMOTE] Sent neighbors_sampling_example_standalone_20190824134404-NeighborsSamplingTransferVariable.guest_number-NeighborsSamplingTransferVariable.guest_number.0-guest-10000-host-9999"
"2019-08-24 13:45:07,209 - federation.py[line:145] - DEBUG: [GET] guest 10000 getting remote object NeighborsSamplingTransferVariable.host_sample_ids.0 from host [9999]"
"2019-08-24 13:45:07,218 - federation.py[line:46] - DEBUG: [GET] Got neighbors_sampling_example_standalone_20190824134404-NeighborsSamplingTransferVariable.guest_number-NeighborsSamplingTransferVariable.guest_number.0-guest-10000-host-9999 type Table"
"2019-08-24 13:45:08,404 - federation.py[line:124] - DEBUG: [REMOTE] Sent neighbors_sampling_example_standalone_20190824134404-NeighborsSamplingTransferVariable.host_sample_ids-NeighborsSamplingTransferVariable.host_sample_ids.0-host-9999-guest-10000"
"2019-08-24 13:45:08,414 - federation.py[line:46] - DEBUG: [GET] Got neighbors_sampling_example_standalone_20190824134404-NeighborsSamplingTransferVariable.host_sample_ids-NeighborsSamplingTransferVariable.host_sample_ids.0-host-9999-guest-10000 type Table"
"2019-08-24 13:45:08,881 - federation.py[line:124] - DEBUG: [REMOTE] Sent neighbors_sampling_example_standalone_20190824134404-NeighborsSamplingTransferVariable.host_number-NeighborsSamplingTransferVariable.host_number.0-host-9999-guest-10000"
"2019-08-24 13:45:08,881 - federation.py[line:145] - DEBUG: [GET] host 9999 getting remote object NeighborsSamplingTransferVariable.guest_sample_ids.0 from guest [10000]"
"2019-08-24 13:45:09,161 - federation.py[line:145] - DEBUG: [GET] guest 10000 getting remote object NeighborsSamplingTransferVariable.host_number.0 from host [9999]"
"2019-08-24 13:45:09,162 - federation.py[line:46] - DEBUG: [GET] Got neighbors_sampling_example_standalone_20190824134404-NeighborsSamplingTransferVariable.host_number-NeighborsSamplingTransferVariable.host_number.0-host-9999-guest-10000 type Table"
"2019-08-24 13:45:11,729 - federation.py[line:124] - DEBUG: [REMOTE] Sent neighbors_sampling_example_standalone_20190824134404-NeighborsSamplingTransferVariable.guest_sample_ids-NeighborsSamplingTransferVariable.guest_sample_ids.0-guest-10000-host-9999"
"2019-08-24 13:45:11,730 - federation.py[line:145] - DEBUG: [GET] guest 10000 getting remote object NeighborsSamplingTransferVariable.host_neg_samp_ids.0 from host [9999]"
"2019-08-24 13:45:11,796 - federation.py[line:46] - DEBUG: [GET] Got neighbors_sampling_example_standalone_20190824134404-NeighborsSamplingTransferVariable.guest_sample_ids-NeighborsSamplingTransferVariable.guest_sample_ids.0-guest-10000-host-9999 type Table"
"2019-08-24 13:45:16,561 - federation.py[line:124] - DEBUG: [REMOTE] Sent neighbors_sampling_example_standalone_20190824134404-NeighborsSamplingTransferVariable.host_neg_samp_ids-NeighborsSamplingTransferVariable.host_neg_samp_ids.0-host-9999-guest-10000"
"2019-08-24 13:45:16,563 - federation.py[line:145] - DEBUG: [GET] host 9999 getting remote object NeighborsSamplingTransferVariable.guest_neg_samp_ids.0 from guest [10000]"
"2019-08-24 13:45:16,653 - federation.py[line:46] - DEBUG: [GET] Got neighbors_sampling_example_standalone_20190824134404-NeighborsSamplingTransferVariable.host_neg_samp_ids-NeighborsSamplingTransferVariable.host_neg_samp_ids.0-host-9999-guest-10000 type Object"
"2019-08-24 13:46:10,111 - federation.py[line:124] - DEBUG: [REMOTE] Sent neighbors_sampling_example_standalone_20190824134404-NeighborsSamplingTransferVariable.guest_neg_samp_ids-NeighborsSamplingTransferVariable.guest_neg_samp_ids.0-guest-10000-host-9999"
"2019-08-24 13:46:10,200 - federation.py[line:46] - DEBUG: [GET] Got neighbors_sampling_example_standalone_20190824134404-NeighborsSamplingTransferVariable.guest_neg_samp_ids-NeighborsSamplingTransferVariable.guest_neg_samp_ids.0-guest-10000-host-9999 type Object"
