"2019-08-24 13:44:37,489 - log_utils.py[line:104] - INFO: id:host_0_0, value: (0, 585, 1)"
"2019-08-24 13:44:37,489 - log_utils.py[line:104] - INFO: id:host_0_1, value: (0, 86, 1)"
"2019-08-24 13:44:37,489 - log_utils.py[line:104] - INFO: id:host_1_0, value: (1, 153, 1)"
"2019-08-24 13:44:37,489 - log_utils.py[line:104] - INFO: id:host_1_1, value: (1, 714, 1)"
"2019-08-24 13:44:37,489 - log_utils.py[line:104] - INFO: id:host_5_0, value: (5, 916, 1)"
"2019-08-24 13:44:37,490 - log_utils.py[line:104] - INFO: id:host_5_1, value: (5, 274, 1)"
"2019-08-24 13:44:37,490 - log_utils.py[line:104] - INFO: id:host_6_0, value: (6, 682, 1)"
"2019-08-24 13:44:37,490 - log_utils.py[line:104] - INFO: id:host_6_1, value: (6, 643, 1)"
"2019-08-24 13:44:37,490 - log_utils.py[line:104] - INFO: id:host_7_0, value: (7, 390, 1)"
"2019-08-24 13:44:37,490 - log_utils.py[line:104] - INFO: id:host_7_1, value: (7, 153, 1)"
"2019-08-24 13:44:37,490 - log_utils.py[line:104] - INFO: id:host_8_0, value: (8, 1986, 1)"
"2019-08-24 13:44:37,490 - neighbors_sampling.py[line:132] - INFO: The number of local positive pairs: 3325"
"2019-08-24 13:44:37,490 - neighbors_sampling.py[line:135] - INFO: Negative samples num: 5"
"2019-08-24 13:44:39,851 - log_utils.py[line:104] - INFO: id:guest_0_0, value: (0, 954, 1)"
"2019-08-24 13:44:39,851 - log_utils.py[line:104] - INFO: id:guest_0_1, value: (0, 379, 1)"
"2019-08-24 13:44:39,851 - log_utils.py[line:104] - INFO: id:guest_1_0, value: (1, 732, 1)"
"2019-08-24 13:44:39,851 - log_utils.py[line:104] - INFO: id:guest_1_1, value: (1, 266, 1)"
"2019-08-24 13:44:39,851 - log_utils.py[line:104] - INFO: id:guest_2_0, value: (2, 962, 1)"
"2019-08-24 13:44:39,851 - log_utils.py[line:104] - INFO: id:guest_3_0, value: (3, 634, 1)"
"2019-08-24 13:44:39,852 - log_utils.py[line:104] - INFO: id:guest_3_1, value: (3, 749, 1)"
"2019-08-24 13:44:39,852 - log_utils.py[line:104] - INFO: id:guest_4_0, value: (4, 588, 1)"
"2019-08-24 13:44:39,852 - log_utils.py[line:104] - INFO: id:guest_4_1, value: (4, 739, 1)"
"2019-08-24 13:44:39,852 - log_utils.py[line:104] - INFO: id:guest_5_0, value: (5, 63, 1)"
"2019-08-24 13:44:39,852 - log_utils.py[line:104] - INFO: id:guest_5_1, value: (5, 916, 1)"
"2019-08-24 13:44:39,852 - neighbors_sampling.py[line:132] - INFO: The number of local positive pairs: 3331"
"2019-08-24 13:44:39,852 - neighbors_sampling.py[line:135] - INFO: Negative samples num: 5"
"2019-08-24 13:44:44,368 - log_utils.py[line:104] - INFO: id:host_0_0_negative_0, value: (0, 2868, -1)"
"2019-08-24 13:44:44,368 - log_utils.py[line:104] - INFO: id:host_0_0_negative_1, value: (0, 1845, -1)"
"2019-08-24 13:44:44,368 - log_utils.py[line:104] - INFO: id:host_0_0_negative_2, value: (0, 1673, -1)"
"2019-08-24 13:44:44,368 - log_utils.py[line:104] - INFO: id:host_0_0_negative_3, value: (0, 1132, -1)"
"2019-08-24 13:44:44,368 - log_utils.py[line:104] - INFO: id:host_0_0_negative_4, value: (0, 919, -1)"
"2019-08-24 13:44:44,368 - log_utils.py[line:104] - INFO: id:host_0_1_negative_0, value: (0, 655, -1)"
"2019-08-24 13:44:44,368 - log_utils.py[line:104] - INFO: id:host_0_1_negative_1, value: (0, 291, -1)"
"2019-08-24 13:44:44,368 - log_utils.py[line:104] - INFO: id:host_0_1_negative_2, value: (0, 1449, -1)"
"2019-08-24 13:44:44,368 - log_utils.py[line:104] - INFO: id:host_0_1_negative_3, value: (0, 55, -1)"
"2019-08-24 13:44:44,368 - log_utils.py[line:104] - INFO: id:host_0_1_negative_4, value: (0, 1985, -1)"
"2019-08-24 13:44:44,368 - log_utils.py[line:104] - INFO: id:host_1_0_negative_0, value: (1, 899, -1)"
"2019-08-24 13:44:44,369 - neighbors_sampling.py[line:104] - INFO: distribution len: 2319, max:(390, 0.0053644794497539165)"
"2019-08-24 13:44:44,369 - neighbors_sampling.py[line:137] - INFO: The number of local negative pairs: 16625"
"2019-08-24 13:44:44,710 - log_utils.py[line:104] - INFO: id:host_0_0, value: (0, 585, 1)"
"2019-08-24 13:44:44,710 - log_utils.py[line:104] - INFO: id:host_0_1, value: (0, 86, 1)"
"2019-08-24 13:44:44,710 - log_utils.py[line:104] - INFO: id:host_1_0, value: (1, 153, 1)"
"2019-08-24 13:44:44,710 - log_utils.py[line:104] - INFO: id:host_1_1, value: (1, 714, 1)"
"2019-08-24 13:44:44,711 - log_utils.py[line:104] - INFO: id:host_0_0_negative_0, value: (0, 2868, -1)"
"2019-08-24 13:44:44,711 - log_utils.py[line:104] - INFO: id:host_0_0_negative_1, value: (0, 1845, -1)"
"2019-08-24 13:44:44,711 - log_utils.py[line:104] - INFO: id:host_0_0_negative_2, value: (0, 1673, -1)"
"2019-08-24 13:44:44,711 - log_utils.py[line:104] - INFO: id:host_0_0_negative_3, value: (0, 1132, -1)"
"2019-08-24 13:44:44,713 - neighbors_sampling.py[line:145] - INFO: The number of total local pairs: 19950"
"2019-08-24 13:44:45,577 - log_utils.py[line:104] - INFO: id:guest_0_0_negative_0, value: (0, 182, -1)"
"2019-08-24 13:44:45,577 - log_utils.py[line:104] - INFO: id:guest_0_0_negative_1, value: (0, 996, -1)"
"2019-08-24 13:44:45,577 - log_utils.py[line:104] - INFO: id:guest_0_0_negative_2, value: (0, 565, -1)"
"2019-08-24 13:44:45,577 - log_utils.py[line:104] - INFO: id:guest_0_0_negative_3, value: (0, 1891, -1)"
"2019-08-24 13:44:45,578 - log_utils.py[line:104] - INFO: id:guest_0_0_negative_4, value: (0, 1604, -1)"
"2019-08-24 13:44:45,578 - log_utils.py[line:104] - INFO: id:guest_0_1_negative_0, value: (0, 1816, -1)"
"2019-08-24 13:44:45,578 - log_utils.py[line:104] - INFO: id:guest_0_1_negative_1, value: (0, 1682, -1)"
"2019-08-24 13:44:45,578 - log_utils.py[line:104] - INFO: id:guest_0_1_negative_2, value: (0, 1386, -1)"
"2019-08-24 13:44:45,578 - log_utils.py[line:104] - INFO: id:guest_0_1_negative_3, value: (0, 788, -1)"
"2019-08-24 13:44:45,578 - log_utils.py[line:104] - INFO: id:guest_0_1_negative_4, value: (0, 1918, -1)"
"2019-08-24 13:44:45,578 - log_utils.py[line:104] - INFO: id:guest_1_0_negative_0, value: (1, 2418, -1)"
"2019-08-24 13:44:45,579 - neighbors_sampling.py[line:104] - INFO: distribution len: 2358, max:(390, 0.004777391792522355)"
"2019-08-24 13:44:45,579 - neighbors_sampling.py[line:137] - INFO: The number of local negative pairs: 16655"
"2019-08-24 13:44:46,107 - log_utils.py[line:104] - INFO: id:guest_0_0, value: (0, 954, 1)"
"2019-08-24 13:44:46,107 - log_utils.py[line:104] - INFO: id:guest_0_1, value: (0, 379, 1)"
"2019-08-24 13:44:46,107 - log_utils.py[line:104] - INFO: id:guest_1_0, value: (1, 732, 1)"
"2019-08-24 13:44:46,107 - log_utils.py[line:104] - INFO: id:guest_1_1, value: (1, 266, 1)"
"2019-08-24 13:44:46,108 - log_utils.py[line:104] - INFO: id:guest_0_0_negative_0, value: (0, 182, -1)"
"2019-08-24 13:44:46,108 - log_utils.py[line:104] - INFO: id:guest_0_0_negative_1, value: (0, 996, -1)"
"2019-08-24 13:44:46,108 - log_utils.py[line:104] - INFO: id:guest_0_0_negative_2, value: (0, 565, -1)"
"2019-08-24 13:44:46,108 - log_utils.py[line:104] - INFO: id:guest_0_0_negative_3, value: (0, 1891, -1)"
"2019-08-24 13:44:46,110 - neighbors_sampling.py[line:145] - INFO: The number of total local pairs: 19986"
"2019-08-24 13:45:06,815 - neighbors_sampling.py[line:250] - INFO: Generate the distributed host samples for host"
"2019-08-24 13:45:06,815 - neighbors_sampling.py[line:287] - INFO: Generate the distributed host samples for guest"
"2019-08-24 13:45:07,209 - neighbors_sampling.py[line:294] - INFO: Remote numbers to host"
"2019-08-24 13:45:07,218 - neighbors_sampling.py[line:254] - INFO: Get numbers from guest"
"2019-08-24 13:45:07,425 - neighbors_sampling.py[line:202] - INFO: bridge_instances count:244"
"2019-08-24 13:45:08,354 - neighbors_sampling.py[line:210] - INFO: sample_ids_instances count:244"
"2019-08-24 13:45:08,358 - neighbors_sampling.py[line:258] - INFO: distributed_instances count:740"
"2019-08-24 13:45:08,405 - neighbors_sampling.py[line:265] - INFO: Remote generated distributed samples' id to guest"
"2019-08-24 13:45:08,405 - neighbors_sampling.py[line:287] - INFO: Generate the distributed guest samples for host"
"2019-08-24 13:45:08,415 - neighbors_sampling.py[line:299] - INFO: Get generated distributed samples' id from host"
"2019-08-24 13:45:08,881 - neighbors_sampling.py[line:294] - INFO: Remote numbers to guest"
"2019-08-24 13:45:09,160 - neighbors_sampling.py[line:304] - INFO: The number of host distributed_instances:740"
"2019-08-24 13:45:09,161 - neighbors_sampling.py[line:250] - INFO: Generate the distributed guest samples for guest"
"2019-08-24 13:45:09,162 - neighbors_sampling.py[line:254] - INFO: Get numbers from host"
"2019-08-24 13:45:09,343 - neighbors_sampling.py[line:202] - INFO: bridge_instances count:244"
"2019-08-24 13:45:11,685 - neighbors_sampling.py[line:210] - INFO: sample_ids_instances count:244"
"2019-08-24 13:45:11,690 - neighbors_sampling.py[line:258] - INFO: distributed_instances count:740"
"2019-08-24 13:45:11,730 - neighbors_sampling.py[line:265] - INFO: Remote generated distributed samples' id to host"
"2019-08-24 13:45:11,797 - neighbors_sampling.py[line:299] - INFO: Get generated distributed samples' id from guest"
"2019-08-24 13:45:12,332 - neighbors_sampling.py[line:304] - INFO: The number of guest distributed_instances:740"
"2019-08-24 13:45:16,561 - neighbors_sampling.py[line:337] - INFO: Remote the distributed negative instances id to guest from host"
"2019-08-24 13:45:16,561 - neighbors_sampling.py[line:338] - INFO: Distributed negative instances count: 3700"
"2019-08-24 13:45:16,562 - log_utils.py[line:104] - INFO: id:host_25_0_0_negative_0, value: 357"
"2019-08-24 13:45:16,562 - log_utils.py[line:104] - INFO: id:host_25_0_0_negative_1, value: 357"
"2019-08-24 13:45:16,562 - log_utils.py[line:104] - INFO: id:host_25_0_0_negative_2, value: 357"
"2019-08-24 13:45:16,562 - log_utils.py[line:104] - INFO: id:host_25_0_0_negative_3, value: 357"
"2019-08-24 13:45:16,562 - log_utils.py[line:104] - INFO: id:host_25_0_0_negative_4, value: 357"
"2019-08-24 13:45:16,562 - log_utils.py[line:104] - INFO: id:host_35_0_0_negative_0, value: 92"
"2019-08-24 13:45:16,562 - log_utils.py[line:104] - INFO: id:host_35_0_0_negative_1, value: 92"
"2019-08-24 13:45:16,562 - log_utils.py[line:104] - INFO: id:host_35_0_0_negative_2, value: 92"
"2019-08-24 13:45:16,562 - log_utils.py[line:104] - INFO: id:host_35_0_0_negative_3, value: 92"
"2019-08-24 13:45:16,562 - log_utils.py[line:104] - INFO: id:host_35_0_0_negative_4, value: 92"
"2019-08-24 13:45:16,562 - log_utils.py[line:104] - INFO: id:host_40_0_0_negative_0, value: 849"
"2019-08-24 13:45:16,654 - neighbors_sampling.py[line:359] - INFO: Get distributed nagative samples from host"
"2019-08-24 13:45:16,654 - neighbors_sampling.py[line:361] - INFO: id:host_25_0_0_negative_0"
"2019-08-24 13:45:16,654 - neighbors_sampling.py[line:361] - INFO: id:host_25_0_0_negative_1"
"2019-08-24 13:45:16,655 - neighbors_sampling.py[line:361] - INFO: id:host_25_0_0_negative_2"
"2019-08-24 13:45:16,655 - neighbors_sampling.py[line:361] - INFO: id:host_25_0_0_negative_3"
"2019-08-24 13:45:16,655 - neighbors_sampling.py[line:361] - INFO: id:host_25_0_0_negative_4"
"2019-08-24 13:45:16,655 - neighbors_sampling.py[line:361] - INFO: id:host_35_0_0_negative_0"
"2019-08-24 13:45:16,655 - neighbors_sampling.py[line:361] - INFO: id:host_35_0_0_negative_1"
"2019-08-24 13:45:16,655 - neighbors_sampling.py[line:361] - INFO: id:host_35_0_0_negative_2"
"2019-08-24 13:45:16,655 - neighbors_sampling.py[line:361] - INFO: id:host_35_0_0_negative_3"
"2019-08-24 13:45:16,655 - neighbors_sampling.py[line:361] - INFO: id:host_35_0_0_negative_4"
"2019-08-24 13:46:06,483 - log_utils.py[line:104] - INFO: id:host_25_0_0_negative_0, value: (2634, -1)"
"2019-08-24 13:46:06,484 - log_utils.py[line:104] - INFO: id:host_25_0_0_negative_1, value: (804, -1)"
"2019-08-24 13:46:06,484 - log_utils.py[line:104] - INFO: id:host_25_0_0_negative_2, value: (1729, -1)"
"2019-08-24 13:46:06,484 - log_utils.py[line:104] - INFO: id:host_25_0_0_negative_3, value: (1674, -1)"
"2019-08-24 13:46:06,484 - log_utils.py[line:104] - INFO: id:host_25_0_0_negative_4, value: (616, -1)"
"2019-08-24 13:46:06,484 - log_utils.py[line:104] - INFO: id:host_35_0_0_negative_0, value: (1086, -1)"
"2019-08-24 13:46:10,111 - neighbors_sampling.py[line:337] - INFO: Remote the distributed negative instances id to host from guest"
"2019-08-24 13:46:10,111 - neighbors_sampling.py[line:338] - INFO: Distributed negative instances count: 3700"
"2019-08-24 13:46:10,111 - log_utils.py[line:104] - INFO: id:guest_25_0_0_negative_0, value: 683"
"2019-08-24 13:46:10,111 - log_utils.py[line:104] - INFO: id:guest_25_0_0_negative_1, value: 683"
"2019-08-24 13:46:10,111 - log_utils.py[line:104] - INFO: id:guest_25_0_0_negative_2, value: 683"
"2019-08-24 13:46:10,111 - log_utils.py[line:104] - INFO: id:guest_25_0_0_negative_3, value: 683"
"2019-08-24 13:46:10,112 - log_utils.py[line:104] - INFO: id:guest_25_0_0_negative_4, value: 683"
"2019-08-24 13:46:10,112 - log_utils.py[line:104] - INFO: id:guest_35_0_0_negative_0, value: 500"
"2019-08-24 13:46:10,112 - log_utils.py[line:104] - INFO: id:guest_35_0_0_negative_1, value: 500"
"2019-08-24 13:46:10,112 - log_utils.py[line:104] - INFO: id:guest_35_0_0_negative_2, value: 500"
"2019-08-24 13:46:10,112 - log_utils.py[line:104] - INFO: id:guest_35_0_0_negative_3, value: 500"
"2019-08-24 13:46:10,112 - log_utils.py[line:104] - INFO: id:guest_35_0_0_negative_4, value: 500"
"2019-08-24 13:46:10,112 - log_utils.py[line:104] - INFO: id:guest_40_0_0_negative_0, value: 480"
"2019-08-24 13:46:10,201 - neighbors_sampling.py[line:359] - INFO: Get distributed nagative samples from guest"
"2019-08-24 13:46:10,201 - neighbors_sampling.py[line:361] - INFO: id:guest_25_0_0_negative_0"
"2019-08-24 13:46:10,201 - neighbors_sampling.py[line:361] - INFO: id:guest_25_0_0_negative_1"
"2019-08-24 13:46:10,201 - neighbors_sampling.py[line:361] - INFO: id:guest_25_0_0_negative_2"
"2019-08-24 13:46:10,201 - neighbors_sampling.py[line:361] - INFO: id:guest_25_0_0_negative_3"
"2019-08-24 13:46:10,201 - neighbors_sampling.py[line:361] - INFO: id:guest_25_0_0_negative_4"
"2019-08-24 13:46:10,201 - neighbors_sampling.py[line:361] - INFO: id:guest_35_0_0_negative_0"
"2019-08-24 13:46:10,201 - neighbors_sampling.py[line:361] - INFO: id:guest_35_0_0_negative_1"
"2019-08-24 13:46:10,202 - neighbors_sampling.py[line:361] - INFO: id:guest_35_0_0_negative_2"
"2019-08-24 13:46:10,202 - neighbors_sampling.py[line:361] - INFO: id:guest_35_0_0_negative_3"
"2019-08-24 13:46:10,202 - neighbors_sampling.py[line:361] - INFO: id:guest_35_0_0_negative_4"
