"2019-08-24 13:44:08,514 - workflow.py[line:863] - DEBUG: The job id is neighbors_sampling_example_standalone_20190824134404"
"2019-08-24 13:44:08,514 - workflow.py[line:863] - DEBUG: The job id is neighbors_sampling_example_standalone_20190824134404"
"2019-08-24 13:44:08,516 - workflow.py[line:865] - DEBUG: Finish eggroll and federation init"
"2019-08-24 13:44:08,516 - workflow.py[line:819] - DEBUG: finish init pipeline"
"2019-08-24 13:44:08,516 - workflow.py[line:865] - DEBUG: Finish eggroll and federation init"
"2019-08-24 13:44:08,516 - workflow.py[line:926] - DEBUG: In running function, enter neighbors sampling"
"2019-08-24 13:44:08,516 - workflow.py[line:819] - DEBUG: finish init pipeline"
"2019-08-24 13:44:08,516 - workflow.py[line:930] - DEBUG: [Neighbors sampling]Input table:citeseer_guest_neighbors_sampling_neighbors_sampling_example_standalone_20190824134404, input namespace:example_data_namespace"
"2019-08-24 13:44:08,516 - workflow.py[line:926] - DEBUG: In running function, enter neighbors sampling"
"2019-08-24 13:44:08,516 - workflow.py[line:794] - DEBUG: mode is fit"
"2019-08-24 13:44:08,516 - workflow.py[line:930] - DEBUG: [Neighbors sampling]Input table:citeseer_host_neighbors_sampling_neighbors_sampling_example_standalone_20190824134404, input namespace:example_data_namespace"
"2019-08-24 13:44:08,516 - workflow.py[line:794] - DEBUG: mode is fit"
"2019-08-24 13:44:10,364 - workflow.py[line:940] - INFO: Obtain adjlist for each node for Bank B!"
"2019-08-24 13:44:10,364 - workflow.py[line:940] - INFO: Obtain adjlist for each node for Bank A!"
"2019-08-24 13:44:10,364 - workflow.py[line:942] - INFO: There are 2358 nodes in Bank B"
"2019-08-24 13:44:10,364 - workflow.py[line:945] - INFO: Map node to id:"
"2019-08-24 13:44:10,364 - workflow.py[line:942] - INFO: There are 2319 nodes in Bank A"
"2019-08-24 13:44:10,364 - workflow.py[line:945] - INFO: Map node to id:"
"2019-08-24 13:44:36,159 - workflow.py[line:956] - INFO: Enter the procedure of local neighbors sampling:"
"2019-08-24 13:44:37,606 - workflow.py[line:956] - INFO: Enter the procedure of local neighbors sampling:"
"2019-08-24 13:44:46,112 - workflow.py[line:962] - INFO: Local sampling samples count for host is 19950"
"2019-08-24 13:44:46,113 - workflow.py[line:963] - INFO: Local sampling results for host saved in namespace: neighbors_samples/local_samples, name: host"
"2019-08-24 13:44:46,113 - workflow.py[line:966] - INFO: Enter the procedure of distributed neighbors sampling:"
"2019-08-24 13:44:46,113 - workflow.py[line:968] - INFO: Alignment nodes from two parties:"
"2019-08-24 13:44:46,113 - workflow.py[line:316] - INFO: need_intersect: true!"
"2019-08-24 13:44:46,113 - workflow.py[line:320] - INFO: Start intersection!"
"2019-08-24 13:44:47,578 - workflow.py[line:962] - INFO: Local sampling samples count for guest is 19986"
"2019-08-24 13:44:47,578 - workflow.py[line:963] - INFO: Local sampling results for guest saved in namespace: neighbors_samples/local_samples, name: guest"
"2019-08-24 13:44:47,578 - workflow.py[line:966] - INFO: Enter the procedure of distributed neighbors sampling:"
"2019-08-24 13:44:47,578 - workflow.py[line:968] - INFO: Alignment nodes from two parties:"
"2019-08-24 13:44:47,578 - workflow.py[line:316] - INFO: need_intersect: true!"
"2019-08-24 13:44:47,579 - workflow.py[line:320] - INFO: Start intersection!"
"2019-08-24 13:44:57,838 - workflow.py[line:331] - INFO: finish intersection!"
"2019-08-24 13:44:57,846 - workflow.py[line:976] - INFO: The number of common nodes: 1413"
"2019-08-24 13:44:57,893 - workflow.py[line:331] - INFO: finish intersection!"
"2019-08-24 13:44:58,242 - workflow.py[line:976] - INFO: The number of common nodes: 1413"
"2019-08-24 13:44:58,645 - workflow.py[line:316] - INFO: need_intersect: true!"
"2019-08-24 13:44:58,646 - workflow.py[line:320] - INFO: Start intersection!"
"2019-08-24 13:44:59,040 - workflow.py[line:316] - INFO: need_intersect: true!"
"2019-08-24 13:44:59,040 - workflow.py[line:320] - INFO: Start intersection!"
"2019-08-24 13:45:06,805 - workflow.py[line:331] - INFO: finish intersection!"
"2019-08-24 13:45:06,805 - workflow.py[line:331] - INFO: finish intersection!"
"2019-08-24 13:45:06,815 - workflow.py[line:981] - INFO: The number of bridge nodes: 244"
"2019-08-24 13:45:06,815 - workflow.py[line:981] - INFO: The number of bridge nodes: 244"
"2019-08-24 13:46:11,140 - workflow.py[line:996] - INFO: Distributed sampling target results for host saved in namespace: neighbors_samples/distributed_samples/guest, name: target"
"2019-08-24 13:46:11,924 - workflow.py[line:1004] - INFO: Distributed sampling anchor results for guest saved in namespace: neighbors_samples/distributed_samples/guest, name: anchor"
