"2019-08-22 13:27:12,944 - federation.py[line:124] - DEBUG: [REMOTE] Sent hetero_network_embedding_example_standalone_20190822132707-HeteroNETransferVariable.paillier_pubkey-HeteroNETransferVariable.paillier_pubkey.0-arbiter-10000-host-9999"
"2019-08-22 13:27:13,039 - federation.py[line:124] - DEBUG: [REMOTE] Sent hetero_network_embedding_example_standalone_20190822132707-HeteroNETransferVariable.paillier_pubkey-HeteroNETransferVariable.paillier_pubkey.0-arbiter-10000-guest-10000"
"2019-08-22 13:27:13,040 - federation.py[line:145] - DEBUG: [GET] arbiter 10000 getting remote object HeteroNETransferVariable.batch_info.0 from guest [10000]"
"2019-08-22 13:27:13,779 - federation.py[line:145] - DEBUG: [GET] guest 10000 getting remote object RawIntersectTransferVariable.send_ids_host.embedding0 from host [9999]"
"2019-08-22 13:27:13,792 - federation.py[line:124] - DEBUG: [REMOTE] Sent hetero_network_embedding_example_standalone_20190822132707-RawIntersectTransferVariable.send_ids_host-RawIntersectTransferVariable.send_ids_host.embedding0-host-9999-guest-10000"
"2019-08-22 13:27:13,793 - federation.py[line:145] - DEBUG: [GET] host 9999 getting remote object RawIntersectTransferVariable.intersect_ids_guest.embedding0 from guest [10000]"
"2019-08-22 13:27:13,881 - federation.py[line:46] - DEBUG: [GET] Got hetero_network_embedding_example_standalone_20190822132707-RawIntersectTransferVariable.send_ids_host-RawIntersectTransferVariable.send_ids_host.embedding0-host-9999-guest-10000 type Table"
"2019-08-22 13:27:13,983 - federation.py[line:124] - DEBUG: [REMOTE] Sent hetero_network_embedding_example_standalone_20190822132707-RawIntersectTransferVariable.intersect_ids_guest-RawIntersectTransferVariable.intersect_ids_guest.embedding0-guest-10000-host-9999"
"2019-08-22 13:27:13,995 - federation.py[line:46] - DEBUG: [GET] Got hetero_network_embedding_example_standalone_20190822132707-RawIntersectTransferVariable.intersect_ids_guest-RawIntersectTransferVariable.intersect_ids_guest.embedding0-guest-10000-host-9999 type Table"
"2019-08-22 13:27:14,768 - federation.py[line:145] - DEBUG: [GET] guest 10000 getting remote object HeteroNETransferVariable.paillier_pubkey.0 from arbiter [10000]"
"2019-08-22 13:27:14,769 - federation.py[line:46] - DEBUG: [GET] Got hetero_network_embedding_example_standalone_20190822132707-HeteroNETransferVariable.paillier_pubkey-HeteroNETransferVariable.paillier_pubkey.0-arbiter-10000-guest-10000 type Object"
"2019-08-22 13:27:14,978 - federation.py[line:145] - DEBUG: [GET] host 9999 getting remote object HeteroNETransferVariable.paillier_pubkey.0 from arbiter [10000]"
"2019-08-22 13:27:14,979 - federation.py[line:46] - DEBUG: [GET] Got hetero_network_embedding_example_standalone_20190822132707-HeteroNETransferVariable.paillier_pubkey-HeteroNETransferVariable.paillier_pubkey.0-arbiter-10000-host-9999 type Object"
"2019-08-22 13:27:14,979 - federation.py[line:145] - DEBUG: [GET] host 9999 getting remote object HeteroNETransferVariable.batch_info.0 from guest [10000]"
"2019-08-22 13:27:17,768 - federation.py[line:124] - DEBUG: [REMOTE] Sent hetero_network_embedding_example_standalone_20190822132707-HeteroNETransferVariable.batch_info-HeteroNETransferVariable.batch_info.0-guest-10000-host-9999"
"2019-08-22 13:27:17,792 - federation.py[line:46] - DEBUG: [GET] Got hetero_network_embedding_example_standalone_20190822132707-HeteroNETransferVariable.batch_info-HeteroNETransferVariable.batch_info.0-guest-10000-host-9999 type Object"
"2019-08-22 13:27:17,794 - federation.py[line:145] - DEBUG: [GET] host 9999 getting remote object HeteroNETransferVariable.batch_data_index.0.0.0 from guest [10000]"
"2019-08-22 13:27:17,803 - federation.py[line:124] - DEBUG: [REMOTE] Sent hetero_network_embedding_example_standalone_20190822132707-HeteroNETransferVariable.batch_info-HeteroNETransferVariable.batch_info.0-guest-10000-arbiter-10000"
"2019-08-22 13:27:17,825 - federation.py[line:124] - DEBUG: [REMOTE] Sent hetero_network_embedding_example_standalone_20190822132707-HeteroNETransferVariable.batch_data_index-HeteroNETransferVariable.batch_data_index.0.0.0-guest-10000-host-9999"
"2019-08-22 13:27:17,869 - federation.py[line:46] - DEBUG: [GET] Got hetero_network_embedding_example_standalone_20190822132707-HeteroNETransferVariable.batch_info-HeteroNETransferVariable.batch_info.0-guest-10000-arbiter-10000 type Object"
"2019-08-22 13:27:17,869 - federation.py[line:145] - DEBUG: [GET] arbiter 10000 getting remote object HeteroNETransferVariable.host_gradient.0.0.0 from guest [10000]"
"2019-08-22 13:27:17,895 - federation.py[line:46] - DEBUG: [GET] Got hetero_network_embedding_example_standalone_20190822132707-HeteroNETransferVariable.batch_data_index-HeteroNETransferVariable.batch_data_index.0.0.0-guest-10000-host-9999 type Table"
"2019-08-22 13:27:28,225 - federation.py[line:145] - DEBUG: [GET] guest 10000 getting remote object HeteroNETransferVariable.host_forward_dict.0.0.0 from host [9999]"
"2019-08-22 13:27:28,262 - federation.py[line:124] - DEBUG: [REMOTE] Sent hetero_network_embedding_example_standalone_20190822132707-HeteroNETransferVariable.host_forward_dict-HeteroNETransferVariable.host_forward_dict.0.0.0-host-9999-guest-10000"
"2019-08-22 13:27:28,263 - federation.py[line:145] - DEBUG: [GET] host 9999 getting remote object HeteroNETransferVariable.host_optim_gradient.0.0.0 from arbiter [10000]"
"2019-08-22 13:27:28,326 - federation.py[line:46] - DEBUG: [GET] Got hetero_network_embedding_example_standalone_20190822132707-HeteroNETransferVariable.host_forward_dict-HeteroNETransferVariable.host_forward_dict.0.0.0-host-9999-guest-10000 type Table"
"2019-08-22 13:27:28,841 - federation.py[line:124] - DEBUG: [REMOTE] Sent hetero_network_embedding_example_standalone_20190822132707-HeteroNETransferVariable.host_gradient-HeteroNETransferVariable.host_gradient.0.0.0-guest-10000-arbiter-10000"
"2019-08-22 13:27:28,857 - federation.py[line:46] - DEBUG: [GET] Got hetero_network_embedding_example_standalone_20190822132707-HeteroNETransferVariable.host_gradient-HeteroNETransferVariable.host_gradient.0.0.0-guest-10000-arbiter-10000 type Table"
"2019-08-22 13:27:28,858 - federation.py[line:145] - DEBUG: [GET] arbiter 10000 getting remote object HeteroNETransferVariable.guest_gradient.0.0.0 from guest [10000]"
"2019-08-22 13:27:29,472 - federation.py[line:124] - DEBUG: [REMOTE] Sent hetero_network_embedding_example_standalone_20190822132707-HeteroNETransferVariable.guest_gradient-HeteroNETransferVariable.guest_gradient.0.0.0-guest-10000-arbiter-10000"
"2019-08-22 13:27:29,472 - federation.py[line:145] - DEBUG: [GET] guest 10000 getting remote object HeteroNETransferVariable.guest_optim_gradient.0.0.0 from arbiter [10000]"
"2019-08-22 13:27:29,561 - federation.py[line:46] - DEBUG: [GET] Got hetero_network_embedding_example_standalone_20190822132707-HeteroNETransferVariable.guest_gradient-HeteroNETransferVariable.guest_gradient.0.0.0-guest-10000-arbiter-10000 type Table"
"2019-08-22 13:27:29,758 - federation.py[line:124] - DEBUG: [REMOTE] Sent hetero_network_embedding_example_standalone_20190822132707-HeteroNETransferVariable.host_optim_gradient-HeteroNETransferVariable.host_optim_gradient.0.0.0-arbiter-10000-host-9999"
"2019-08-22 13:27:29,770 - federation.py[line:46] - DEBUG: [GET] Got hetero_network_embedding_example_standalone_20190822132707-HeteroNETransferVariable.host_optim_gradient-HeteroNETransferVariable.host_optim_gradient.0.0.0-arbiter-10000-host-9999 type Table"
"2019-08-22 13:27:29,774 - federation.py[line:46] - DEBUG: [GET] Got hetero_network_embedding_example_standalone_20190822132707-HeteroNETransferVariable.guest_optim_gradient-HeteroNETransferVariable.guest_optim_gradient.0.0.0-arbiter-10000-guest-10000 type Table"
"2019-08-22 13:27:29,779 - federation.py[line:124] - DEBUG: [REMOTE] Sent hetero_network_embedding_example_standalone_20190822132707-HeteroNETransferVariable.guest_optim_gradient-HeteroNETransferVariable.guest_optim_gradient.0.0.0-arbiter-10000-guest-10000"
"2019-08-22 13:27:29,779 - federation.py[line:145] - DEBUG: [GET] arbiter 10000 getting remote object HeteroNETransferVariable.loss.0.0.0 from guest [10000]"
"2019-08-22 13:27:29,988 - federation.py[line:145] - DEBUG: [GET] host 9999 getting remote object HeteroNETransferVariable.batch_data_index.0.0.1 from guest [10000]"
"2019-08-22 13:27:30,004 - federation.py[line:124] - DEBUG: [REMOTE] Sent hetero_network_embedding_example_standalone_20190822132707-HeteroNETransferVariable.loss-HeteroNETransferVariable.loss.0.0.0-guest-10000-arbiter-10000"
"2019-08-22 13:27:30,081 - federation.py[line:46] - DEBUG: [GET] Got hetero_network_embedding_example_standalone_20190822132707-HeteroNETransferVariable.loss-HeteroNETransferVariable.loss.0.0.0-guest-10000-arbiter-10000 type Object"
"2019-08-22 13:27:30,082 - federation.py[line:145] - DEBUG: [GET] arbiter 10000 getting remote object HeteroNETransferVariable.host_gradient.0.0.1 from guest [10000]"
"2019-08-22 13:27:30,629 - federation.py[line:124] - DEBUG: [REMOTE] Sent hetero_network_embedding_example_standalone_20190822132707-HeteroNETransferVariable.batch_data_index-HeteroNETransferVariable.batch_data_index.0.0.1-guest-10000-host-9999"
"2019-08-22 13:27:30,691 - federation.py[line:46] - DEBUG: [GET] Got hetero_network_embedding_example_standalone_20190822132707-HeteroNETransferVariable.batch_data_index-HeteroNETransferVariable.batch_data_index.0.0.1-guest-10000-host-9999 type Table"
"2019-08-22 13:27:39,908 - federation.py[line:145] - DEBUG: [GET] guest 10000 getting remote object HeteroNETransferVariable.host_forward_dict.0.0.1 from host [9999]"
"2019-08-22 13:27:40,334 - federation.py[line:124] - DEBUG: [REMOTE] Sent hetero_network_embedding_example_standalone_20190822132707-HeteroNETransferVariable.host_forward_dict-HeteroNETransferVariable.host_forward_dict.0.0.1-host-9999-guest-10000"
"2019-08-22 13:27:40,335 - federation.py[line:145] - DEBUG: [GET] host 9999 getting remote object HeteroNETransferVariable.host_optim_gradient.0.0.1 from arbiter [10000]"
"2019-08-22 13:27:40,411 - federation.py[line:46] - DEBUG: [GET] Got hetero_network_embedding_example_standalone_20190822132707-HeteroNETransferVariable.host_forward_dict-HeteroNETransferVariable.host_forward_dict.0.0.1-host-9999-guest-10000 type Table"
"2019-08-22 13:27:40,876 - federation.py[line:124] - DEBUG: [REMOTE] Sent hetero_network_embedding_example_standalone_20190822132707-HeteroNETransferVariable.host_gradient-HeteroNETransferVariable.host_gradient.0.0.1-guest-10000-arbiter-10000"
"2019-08-22 13:27:40,947 - federation.py[line:46] - DEBUG: [GET] Got hetero_network_embedding_example_standalone_20190822132707-HeteroNETransferVariable.host_gradient-HeteroNETransferVariable.host_gradient.0.0.1-guest-10000-arbiter-10000 type Table"
"2019-08-22 13:27:40,948 - federation.py[line:145] - DEBUG: [GET] arbiter 10000 getting remote object HeteroNETransferVariable.guest_gradient.0.0.1 from guest [10000]"
"2019-08-22 13:27:41,405 - federation.py[line:124] - DEBUG: [REMOTE] Sent hetero_network_embedding_example_standalone_20190822132707-HeteroNETransferVariable.guest_gradient-HeteroNETransferVariable.guest_gradient.0.0.1-guest-10000-arbiter-10000"
"2019-08-22 13:27:41,405 - federation.py[line:145] - DEBUG: [GET] guest 10000 getting remote object HeteroNETransferVariable.guest_optim_gradient.0.0.1 from arbiter [10000]"
"2019-08-22 13:27:41,451 - federation.py[line:46] - DEBUG: [GET] Got hetero_network_embedding_example_standalone_20190822132707-HeteroNETransferVariable.guest_gradient-HeteroNETransferVariable.guest_gradient.0.0.1-guest-10000-arbiter-10000 type Table"
"2019-08-22 13:27:41,649 - federation.py[line:124] - DEBUG: [REMOTE] Sent hetero_network_embedding_example_standalone_20190822132707-HeteroNETransferVariable.host_optim_gradient-HeteroNETransferVariable.host_optim_gradient.0.0.1-arbiter-10000-host-9999"
"2019-08-22 13:27:41,676 - federation.py[line:124] - DEBUG: [REMOTE] Sent hetero_network_embedding_example_standalone_20190822132707-HeteroNETransferVariable.guest_optim_gradient-HeteroNETransferVariable.guest_optim_gradient.0.0.1-arbiter-10000-guest-10000"
"2019-08-22 13:27:41,676 - federation.py[line:145] - DEBUG: [GET] arbiter 10000 getting remote object HeteroNETransferVariable.loss.0.0.1 from guest [10000]"
"2019-08-22 13:27:41,707 - federation.py[line:46] - DEBUG: [GET] Got hetero_network_embedding_example_standalone_20190822132707-HeteroNETransferVariable.guest_optim_gradient-HeteroNETransferVariable.guest_optim_gradient.0.0.1-arbiter-10000-guest-10000 type Table"
"2019-08-22 13:27:41,741 - federation.py[line:46] - DEBUG: [GET] Got hetero_network_embedding_example_standalone_20190822132707-HeteroNETransferVariable.host_optim_gradient-HeteroNETransferVariable.host_optim_gradient.0.0.1-arbiter-10000-host-9999 type Table"
"2019-08-22 13:27:41,949 - federation.py[line:124] - DEBUG: [REMOTE] Sent hetero_network_embedding_example_standalone_20190822132707-HeteroNETransferVariable.loss-HeteroNETransferVariable.loss.0.0.1-guest-10000-arbiter-10000"
"2019-08-22 13:27:41,950 - federation.py[line:145] - DEBUG: [GET] host 9999 getting remote object HeteroNETransferVariable.batch_data_index.0.0.2 from guest [10000]"
"2019-08-22 13:27:41,978 - federation.py[line:46] - DEBUG: [GET] Got hetero_network_embedding_example_standalone_20190822132707-HeteroNETransferVariable.loss-HeteroNETransferVariable.loss.0.0.1-guest-10000-arbiter-10000 type Object"
"2019-08-22 13:27:41,978 - federation.py[line:145] - DEBUG: [GET] arbiter 10000 getting remote object HeteroNETransferVariable.host_gradient.0.0.2 from guest [10000]"
"2019-08-22 13:27:42,477 - federation.py[line:124] - DEBUG: [REMOTE] Sent hetero_network_embedding_example_standalone_20190822132707-HeteroNETransferVariable.batch_data_index-HeteroNETransferVariable.batch_data_index.0.0.2-guest-10000-host-9999"
"2019-08-22 13:27:42,562 - federation.py[line:46] - DEBUG: [GET] Got hetero_network_embedding_example_standalone_20190822132707-HeteroNETransferVariable.batch_data_index-HeteroNETransferVariable.batch_data_index.0.0.2-guest-10000-host-9999 type Table"
"2019-08-22 13:27:51,951 - federation.py[line:145] - DEBUG: [GET] guest 10000 getting remote object HeteroNETransferVariable.host_forward_dict.0.0.2 from host [9999]"
"2019-08-22 13:27:51,974 - federation.py[line:124] - DEBUG: [REMOTE] Sent hetero_network_embedding_example_standalone_20190822132707-HeteroNETransferVariable.host_forward_dict-HeteroNETransferVariable.host_forward_dict.0.0.2-host-9999-guest-10000"
"2019-08-22 13:27:51,974 - federation.py[line:145] - DEBUG: [GET] host 9999 getting remote object HeteroNETransferVariable.host_optim_gradient.0.0.2 from arbiter [10000]"
"2019-08-22 13:27:52,052 - federation.py[line:46] - DEBUG: [GET] Got hetero_network_embedding_example_standalone_20190822132707-HeteroNETransferVariable.host_forward_dict-HeteroNETransferVariable.host_forward_dict.0.0.2-host-9999-guest-10000 type Table"
"2019-08-22 13:27:52,546 - federation.py[line:124] - DEBUG: [REMOTE] Sent hetero_network_embedding_example_standalone_20190822132707-HeteroNETransferVariable.host_gradient-HeteroNETransferVariable.host_gradient.0.0.2-guest-10000-arbiter-10000"
"2019-08-22 13:27:52,633 - federation.py[line:46] - DEBUG: [GET] Got hetero_network_embedding_example_standalone_20190822132707-HeteroNETransferVariable.host_gradient-HeteroNETransferVariable.host_gradient.0.0.2-guest-10000-arbiter-10000 type Table"
"2019-08-22 13:27:52,634 - federation.py[line:145] - DEBUG: [GET] arbiter 10000 getting remote object HeteroNETransferVariable.guest_gradient.0.0.2 from guest [10000]"
"2019-08-22 13:27:53,060 - federation.py[line:124] - DEBUG: [REMOTE] Sent hetero_network_embedding_example_standalone_20190822132707-HeteroNETransferVariable.guest_gradient-HeteroNETransferVariable.guest_gradient.0.0.2-guest-10000-arbiter-10000"
"2019-08-22 13:27:53,060 - federation.py[line:145] - DEBUG: [GET] guest 10000 getting remote object HeteroNETransferVariable.guest_optim_gradient.0.0.2 from arbiter [10000]"
"2019-08-22 13:27:53,137 - federation.py[line:46] - DEBUG: [GET] Got hetero_network_embedding_example_standalone_20190822132707-HeteroNETransferVariable.guest_gradient-HeteroNETransferVariable.guest_gradient.0.0.2-guest-10000-arbiter-10000 type Table"
"2019-08-22 13:27:53,290 - federation.py[line:124] - DEBUG: [REMOTE] Sent hetero_network_embedding_example_standalone_20190822132707-HeteroNETransferVariable.host_optim_gradient-HeteroNETransferVariable.host_optim_gradient.0.0.2-arbiter-10000-host-9999"
"2019-08-22 13:27:53,316 - federation.py[line:124] - DEBUG: [REMOTE] Sent hetero_network_embedding_example_standalone_20190822132707-HeteroNETransferVariable.guest_optim_gradient-HeteroNETransferVariable.guest_optim_gradient.0.0.2-arbiter-10000-guest-10000"
"2019-08-22 13:27:53,316 - federation.py[line:145] - DEBUG: [GET] arbiter 10000 getting remote object HeteroNETransferVariable.loss.0.0.2 from guest [10000]"
"2019-08-22 13:27:53,362 - federation.py[line:46] - DEBUG: [GET] Got hetero_network_embedding_example_standalone_20190822132707-HeteroNETransferVariable.guest_optim_gradient-HeteroNETransferVariable.guest_optim_gradient.0.0.2-arbiter-10000-guest-10000 type Table"
"2019-08-22 13:27:53,380 - federation.py[line:46] - DEBUG: [GET] Got hetero_network_embedding_example_standalone_20190822132707-HeteroNETransferVariable.host_optim_gradient-HeteroNETransferVariable.host_optim_gradient.0.0.2-arbiter-10000-host-9999 type Table"
"2019-08-22 13:27:53,567 - federation.py[line:124] - DEBUG: [REMOTE] Sent hetero_network_embedding_example_standalone_20190822132707-HeteroNETransferVariable.loss-HeteroNETransferVariable.loss.0.0.2-guest-10000-arbiter-10000"
"2019-08-22 13:27:53,580 - federation.py[line:145] - DEBUG: [GET] host 9999 getting remote object HeteroNETransferVariable.batch_data_index.0.0.3 from guest [10000]"
"2019-08-22 13:27:53,618 - federation.py[line:46] - DEBUG: [GET] Got hetero_network_embedding_example_standalone_20190822132707-HeteroNETransferVariable.loss-HeteroNETransferVariable.loss.0.0.2-guest-10000-arbiter-10000 type Object"
"2019-08-22 13:27:53,619 - federation.py[line:145] - DEBUG: [GET] arbiter 10000 getting remote object HeteroNETransferVariable.host_gradient.0.0.3 from guest [10000]"
"2019-08-22 13:27:53,825 - federation.py[line:124] - DEBUG: [REMOTE] Sent hetero_network_embedding_example_standalone_20190822132707-HeteroNETransferVariable.batch_data_index-HeteroNETransferVariable.batch_data_index.0.0.3-guest-10000-host-9999"
"2019-08-22 13:27:53,882 - federation.py[line:46] - DEBUG: [GET] Got hetero_network_embedding_example_standalone_20190822132707-HeteroNETransferVariable.batch_data_index-HeteroNETransferVariable.batch_data_index.0.0.3-guest-10000-host-9999 type Table"
"2019-08-22 13:28:03,861 - federation.py[line:124] - DEBUG: [REMOTE] Sent hetero_network_embedding_example_standalone_20190822132707-HeteroNETransferVariable.host_forward_dict-HeteroNETransferVariable.host_forward_dict.0.0.3-host-9999-guest-10000"
"2019-08-22 13:28:03,861 - federation.py[line:145] - DEBUG: [GET] host 9999 getting remote object HeteroNETransferVariable.host_optim_gradient.0.0.3 from arbiter [10000]"
"2019-08-22 13:28:04,272 - federation.py[line:145] - DEBUG: [GET] guest 10000 getting remote object HeteroNETransferVariable.host_forward_dict.0.0.3 from host [9999]"
"2019-08-22 13:28:04,273 - federation.py[line:46] - DEBUG: [GET] Got hetero_network_embedding_example_standalone_20190822132707-HeteroNETransferVariable.host_forward_dict-HeteroNETransferVariable.host_forward_dict.0.0.3-host-9999-guest-10000 type Table"
"2019-08-22 13:28:04,791 - federation.py[line:124] - DEBUG: [REMOTE] Sent hetero_network_embedding_example_standalone_20190822132707-HeteroNETransferVariable.host_gradient-HeteroNETransferVariable.host_gradient.0.0.3-guest-10000-arbiter-10000"
"2019-08-22 13:28:04,810 - federation.py[line:46] - DEBUG: [GET] Got hetero_network_embedding_example_standalone_20190822132707-HeteroNETransferVariable.host_gradient-HeteroNETransferVariable.host_gradient.0.0.3-guest-10000-arbiter-10000 type Table"
"2019-08-22 13:28:04,811 - federation.py[line:145] - DEBUG: [GET] arbiter 10000 getting remote object HeteroNETransferVariable.guest_gradient.0.0.3 from guest [10000]"
"2019-08-22 13:28:05,430 - federation.py[line:124] - DEBUG: [REMOTE] Sent hetero_network_embedding_example_standalone_20190822132707-HeteroNETransferVariable.guest_gradient-HeteroNETransferVariable.guest_gradient.0.0.3-guest-10000-arbiter-10000"
"2019-08-22 13:28:05,431 - federation.py[line:145] - DEBUG: [GET] guest 10000 getting remote object HeteroNETransferVariable.guest_optim_gradient.0.0.3 from arbiter [10000]"
"2019-08-22 13:28:05,514 - federation.py[line:46] - DEBUG: [GET] Got hetero_network_embedding_example_standalone_20190822132707-HeteroNETransferVariable.guest_gradient-HeteroNETransferVariable.guest_gradient.0.0.3-guest-10000-arbiter-10000 type Table"
"2019-08-22 13:28:05,669 - federation.py[line:124] - DEBUG: [REMOTE] Sent hetero_network_embedding_example_standalone_20190822132707-HeteroNETransferVariable.host_optim_gradient-HeteroNETransferVariable.host_optim_gradient.0.0.3-arbiter-10000-host-9999"
"2019-08-22 13:28:05,672 - federation.py[line:46] - DEBUG: [GET] Got hetero_network_embedding_example_standalone_20190822132707-HeteroNETransferVariable.host_optim_gradient-HeteroNETransferVariable.host_optim_gradient.0.0.3-arbiter-10000-host-9999 type Table"
"2019-08-22 13:28:05,690 - federation.py[line:124] - DEBUG: [REMOTE] Sent hetero_network_embedding_example_standalone_20190822132707-HeteroNETransferVariable.guest_optim_gradient-HeteroNETransferVariable.guest_optim_gradient.0.0.3-arbiter-10000-guest-10000"
"2019-08-22 13:28:05,691 - federation.py[line:145] - DEBUG: [GET] arbiter 10000 getting remote object HeteroNETransferVariable.loss.0.0.3 from guest [10000]"
"2019-08-22 13:28:05,733 - federation.py[line:46] - DEBUG: [GET] Got hetero_network_embedding_example_standalone_20190822132707-HeteroNETransferVariable.guest_optim_gradient-HeteroNETransferVariable.guest_optim_gradient.0.0.3-arbiter-10000-guest-10000 type Table"
"2019-08-22 13:28:05,830 - federation.py[line:145] - DEBUG: [GET] host 9999 getting remote object HeteroNETransferVariable.batch_data_index.0.0.4 from guest [10000]"
"2019-08-22 13:28:05,924 - federation.py[line:124] - DEBUG: [REMOTE] Sent hetero_network_embedding_example_standalone_20190822132707-HeteroNETransferVariable.loss-HeteroNETransferVariable.loss.0.0.3-guest-10000-arbiter-10000"
"2019-08-22 13:28:05,992 - federation.py[line:46] - DEBUG: [GET] Got hetero_network_embedding_example_standalone_20190822132707-HeteroNETransferVariable.loss-HeteroNETransferVariable.loss.0.0.3-guest-10000-arbiter-10000 type Object"
"2019-08-22 13:28:05,993 - federation.py[line:145] - DEBUG: [GET] arbiter 10000 getting remote object HeteroNETransferVariable.host_gradient.0.0.4 from guest [10000]"
"2019-08-22 13:28:06,248 - federation.py[line:124] - DEBUG: [REMOTE] Sent hetero_network_embedding_example_standalone_20190822132707-HeteroNETransferVariable.batch_data_index-HeteroNETransferVariable.batch_data_index.0.0.4-guest-10000-host-9999"
"2019-08-22 13:28:06,332 - federation.py[line:46] - DEBUG: [GET] Got hetero_network_embedding_example_standalone_20190822132707-HeteroNETransferVariable.batch_data_index-HeteroNETransferVariable.batch_data_index.0.0.4-guest-10000-host-9999 type Table"
"2019-08-22 13:28:15,474 - federation.py[line:145] - DEBUG: [GET] guest 10000 getting remote object HeteroNETransferVariable.host_forward_dict.0.0.4 from host [9999]"
"2019-08-22 13:28:16,176 - federation.py[line:124] - DEBUG: [REMOTE] Sent hetero_network_embedding_example_standalone_20190822132707-HeteroNETransferVariable.host_forward_dict-HeteroNETransferVariable.host_forward_dict.0.0.4-host-9999-guest-10000"
"2019-08-22 13:28:16,176 - federation.py[line:145] - DEBUG: [GET] host 9999 getting remote object HeteroNETransferVariable.host_optim_gradient.0.0.4 from arbiter [10000]"
"2019-08-22 13:28:16,177 - federation.py[line:46] - DEBUG: [GET] Got hetero_network_embedding_example_standalone_20190822132707-HeteroNETransferVariable.host_forward_dict-HeteroNETransferVariable.host_forward_dict.0.0.4-host-9999-guest-10000 type Table"
"2019-08-22 13:28:16,802 - federation.py[line:124] - DEBUG: [REMOTE] Sent hetero_network_embedding_example_standalone_20190822132707-HeteroNETransferVariable.host_gradient-HeteroNETransferVariable.host_gradient.0.0.4-guest-10000-arbiter-10000"
"2019-08-22 13:28:16,844 - federation.py[line:46] - DEBUG: [GET] Got hetero_network_embedding_example_standalone_20190822132707-HeteroNETransferVariable.host_gradient-HeteroNETransferVariable.host_gradient.0.0.4-guest-10000-arbiter-10000 type Table"
"2019-08-22 13:28:16,845 - federation.py[line:145] - DEBUG: [GET] arbiter 10000 getting remote object HeteroNETransferVariable.guest_gradient.0.0.4 from guest [10000]"
"2019-08-22 13:28:17,471 - federation.py[line:124] - DEBUG: [REMOTE] Sent hetero_network_embedding_example_standalone_20190822132707-HeteroNETransferVariable.guest_gradient-HeteroNETransferVariable.guest_gradient.0.0.4-guest-10000-arbiter-10000"
"2019-08-22 13:28:17,472 - federation.py[line:145] - DEBUG: [GET] guest 10000 getting remote object HeteroNETransferVariable.guest_optim_gradient.0.0.4 from arbiter [10000]"
"2019-08-22 13:28:17,548 - federation.py[line:46] - DEBUG: [GET] Got hetero_network_embedding_example_standalone_20190822132707-HeteroNETransferVariable.guest_gradient-HeteroNETransferVariable.guest_gradient.0.0.4-guest-10000-arbiter-10000 type Table"
"2019-08-22 13:28:17,672 - federation.py[line:124] - DEBUG: [REMOTE] Sent hetero_network_embedding_example_standalone_20190822132707-HeteroNETransferVariable.host_optim_gradient-HeteroNETransferVariable.host_optim_gradient.0.0.4-arbiter-10000-host-9999"
"2019-08-22 13:28:17,683 - federation.py[line:124] - DEBUG: [REMOTE] Sent hetero_network_embedding_example_standalone_20190822132707-HeteroNETransferVariable.guest_optim_gradient-HeteroNETransferVariable.guest_optim_gradient.0.0.4-arbiter-10000-guest-10000"
"2019-08-22 13:28:17,683 - federation.py[line:46] - DEBUG: [GET] Got hetero_network_embedding_example_standalone_20190822132707-HeteroNETransferVariable.host_optim_gradient-HeteroNETransferVariable.host_optim_gradient.0.0.4-arbiter-10000-host-9999 type Table"
"2019-08-22 13:28:17,683 - federation.py[line:145] - DEBUG: [GET] arbiter 10000 getting remote object HeteroNETransferVariable.loss.0.0.4 from guest [10000]"
"2019-08-22 13:28:17,774 - federation.py[line:46] - DEBUG: [GET] Got hetero_network_embedding_example_standalone_20190822132707-HeteroNETransferVariable.guest_optim_gradient-HeteroNETransferVariable.guest_optim_gradient.0.0.4-arbiter-10000-guest-10000 type Table"
"2019-08-22 13:28:18,179 - federation.py[line:145] - DEBUG: [GET] host 9999 getting remote object HeteroNETransferVariable.batch_data_index.0.0.5 from guest [10000]"
"2019-08-22 13:28:18,286 - federation.py[line:46] - DEBUG: [GET] Got hetero_network_embedding_example_standalone_20190822132707-HeteroNETransferVariable.loss-HeteroNETransferVariable.loss.0.0.4-guest-10000-arbiter-10000 type Object"
"2019-08-22 13:28:18,287 - federation.py[line:145] - DEBUG: [GET] arbiter 10000 getting remote object HeteroNETransferVariable.host_gradient.0.0.5 from guest [10000]"
"2019-08-22 13:28:18,324 - federation.py[line:124] - DEBUG: [REMOTE] Sent hetero_network_embedding_example_standalone_20190822132707-HeteroNETransferVariable.loss-HeteroNETransferVariable.loss.0.0.4-guest-10000-arbiter-10000"
"2019-08-22 13:28:19,577 - federation.py[line:124] - DEBUG: [REMOTE] Sent hetero_network_embedding_example_standalone_20190822132707-HeteroNETransferVariable.batch_data_index-HeteroNETransferVariable.batch_data_index.0.0.5-guest-10000-host-9999"
"2019-08-22 13:28:19,585 - federation.py[line:46] - DEBUG: [GET] Got hetero_network_embedding_example_standalone_20190822132707-HeteroNETransferVariable.batch_data_index-HeteroNETransferVariable.batch_data_index.0.0.5-guest-10000-host-9999 type Table"
"2019-08-22 13:28:29,644 - federation.py[line:145] - DEBUG: [GET] guest 10000 getting remote object HeteroNETransferVariable.host_forward_dict.0.0.5 from host [9999]"
"2019-08-22 13:28:29,660 - federation.py[line:124] - DEBUG: [REMOTE] Sent hetero_network_embedding_example_standalone_20190822132707-HeteroNETransferVariable.host_forward_dict-HeteroNETransferVariable.host_forward_dict.0.0.5-host-9999-guest-10000"
"2019-08-22 13:28:29,660 - federation.py[line:145] - DEBUG: [GET] host 9999 getting remote object HeteroNETransferVariable.host_optim_gradient.0.0.5 from arbiter [10000]"
"2019-08-22 13:28:29,746 - federation.py[line:46] - DEBUG: [GET] Got hetero_network_embedding_example_standalone_20190822132707-HeteroNETransferVariable.host_forward_dict-HeteroNETransferVariable.host_forward_dict.0.0.5-host-9999-guest-10000 type Table"
"2019-08-22 13:28:30,257 - federation.py[line:124] - DEBUG: [REMOTE] Sent hetero_network_embedding_example_standalone_20190822132707-HeteroNETransferVariable.host_gradient-HeteroNETransferVariable.host_gradient.0.0.5-guest-10000-arbiter-10000"
"2019-08-22 13:28:30,264 - federation.py[line:46] - DEBUG: [GET] Got hetero_network_embedding_example_standalone_20190822132707-HeteroNETransferVariable.host_gradient-HeteroNETransferVariable.host_gradient.0.0.5-guest-10000-arbiter-10000 type Table"
"2019-08-22 13:28:30,265 - federation.py[line:145] - DEBUG: [GET] arbiter 10000 getting remote object HeteroNETransferVariable.guest_gradient.0.0.5 from guest [10000]"
"2019-08-22 13:28:30,836 - federation.py[line:124] - DEBUG: [REMOTE] Sent hetero_network_embedding_example_standalone_20190822132707-HeteroNETransferVariable.guest_gradient-HeteroNETransferVariable.guest_gradient.0.0.5-guest-10000-arbiter-10000"
"2019-08-22 13:28:30,837 - federation.py[line:145] - DEBUG: [GET] guest 10000 getting remote object HeteroNETransferVariable.guest_optim_gradient.0.0.5 from arbiter [10000]"
"2019-08-22 13:28:30,867 - federation.py[line:46] - DEBUG: [GET] Got hetero_network_embedding_example_standalone_20190822132707-HeteroNETransferVariable.guest_gradient-HeteroNETransferVariable.guest_gradient.0.0.5-guest-10000-arbiter-10000 type Table"
"2019-08-22 13:28:31,074 - federation.py[line:124] - DEBUG: [REMOTE] Sent hetero_network_embedding_example_standalone_20190822132707-HeteroNETransferVariable.host_optim_gradient-HeteroNETransferVariable.host_optim_gradient.0.0.5-arbiter-10000-host-9999"
"2019-08-22 13:28:31,091 - federation.py[line:124] - DEBUG: [REMOTE] Sent hetero_network_embedding_example_standalone_20190822132707-HeteroNETransferVariable.guest_optim_gradient-HeteroNETransferVariable.guest_optim_gradient.0.0.5-arbiter-10000-guest-10000"
"2019-08-22 13:28:31,091 - federation.py[line:145] - DEBUG: [GET] arbiter 10000 getting remote object HeteroNETransferVariable.loss.0.0.5 from guest [10000]"
"2019-08-22 13:28:31,138 - federation.py[line:46] - DEBUG: [GET] Got hetero_network_embedding_example_standalone_20190822132707-HeteroNETransferVariable.guest_optim_gradient-HeteroNETransferVariable.guest_optim_gradient.0.0.5-arbiter-10000-guest-10000 type Table"
"2019-08-22 13:28:31,167 - federation.py[line:46] - DEBUG: [GET] Got hetero_network_embedding_example_standalone_20190822132707-HeteroNETransferVariable.host_optim_gradient-HeteroNETransferVariable.host_optim_gradient.0.0.5-arbiter-10000-host-9999 type Table"
"2019-08-22 13:28:31,333 - federation.py[line:145] - DEBUG: [GET] host 9999 getting remote object HeteroNETransferVariable.batch_data_index.0.0.6 from guest [10000]"
"2019-08-22 13:28:31,343 - federation.py[line:124] - DEBUG: [REMOTE] Sent hetero_network_embedding_example_standalone_20190822132707-HeteroNETransferVariable.loss-HeteroNETransferVariable.loss.0.0.5-guest-10000-arbiter-10000"
"2019-08-22 13:28:31,392 - federation.py[line:46] - DEBUG: [GET] Got hetero_network_embedding_example_standalone_20190822132707-HeteroNETransferVariable.loss-HeteroNETransferVariable.loss.0.0.5-guest-10000-arbiter-10000 type Object"
"2019-08-22 13:28:31,393 - federation.py[line:145] - DEBUG: [GET] arbiter 10000 getting remote object HeteroNETransferVariable.host_gradient.0.0.6 from guest [10000]"
"2019-08-22 13:28:31,659 - federation.py[line:124] - DEBUG: [REMOTE] Sent hetero_network_embedding_example_standalone_20190822132707-HeteroNETransferVariable.batch_data_index-HeteroNETransferVariable.batch_data_index.0.0.6-guest-10000-host-9999"
"2019-08-22 13:28:31,735 - federation.py[line:46] - DEBUG: [GET] Got hetero_network_embedding_example_standalone_20190822132707-HeteroNETransferVariable.batch_data_index-HeteroNETransferVariable.batch_data_index.0.0.6-guest-10000-host-9999 type Table"
"2019-08-22 13:28:41,818 - federation.py[line:145] - DEBUG: [GET] guest 10000 getting remote object HeteroNETransferVariable.host_forward_dict.0.0.6 from host [9999]"
"2019-08-22 13:28:42,110 - federation.py[line:124] - DEBUG: [REMOTE] Sent hetero_network_embedding_example_standalone_20190822132707-HeteroNETransferVariable.host_forward_dict-HeteroNETransferVariable.host_forward_dict.0.0.6-host-9999-guest-10000"
"2019-08-22 13:28:42,110 - federation.py[line:145] - DEBUG: [GET] host 9999 getting remote object HeteroNETransferVariable.host_optim_gradient.0.0.6 from arbiter [10000]"
"2019-08-22 13:28:42,121 - federation.py[line:46] - DEBUG: [GET] Got hetero_network_embedding_example_standalone_20190822132707-HeteroNETransferVariable.host_forward_dict-HeteroNETransferVariable.host_forward_dict.0.0.6-host-9999-guest-10000 type Table"
"2019-08-22 13:28:42,692 - federation.py[line:124] - DEBUG: [REMOTE] Sent hetero_network_embedding_example_standalone_20190822132707-HeteroNETransferVariable.host_gradient-HeteroNETransferVariable.host_gradient.0.0.6-guest-10000-arbiter-10000"
"2019-08-22 13:28:42,718 - federation.py[line:46] - DEBUG: [GET] Got hetero_network_embedding_example_standalone_20190822132707-HeteroNETransferVariable.host_gradient-HeteroNETransferVariable.host_gradient.0.0.6-guest-10000-arbiter-10000 type Table"
"2019-08-22 13:28:42,718 - federation.py[line:145] - DEBUG: [GET] arbiter 10000 getting remote object HeteroNETransferVariable.guest_gradient.0.0.6 from guest [10000]"
"2019-08-22 13:28:43,251 - federation.py[line:124] - DEBUG: [REMOTE] Sent hetero_network_embedding_example_standalone_20190822132707-HeteroNETransferVariable.guest_gradient-HeteroNETransferVariable.guest_gradient.0.0.6-guest-10000-arbiter-10000"
"2019-08-22 13:28:43,252 - federation.py[line:145] - DEBUG: [GET] guest 10000 getting remote object HeteroNETransferVariable.guest_optim_gradient.0.0.6 from arbiter [10000]"
"2019-08-22 13:28:43,321 - federation.py[line:46] - DEBUG: [GET] Got hetero_network_embedding_example_standalone_20190822132707-HeteroNETransferVariable.guest_gradient-HeteroNETransferVariable.guest_gradient.0.0.6-guest-10000-arbiter-10000 type Table"
"2019-08-22 13:28:43,571 - federation.py[line:124] - DEBUG: [REMOTE] Sent hetero_network_embedding_example_standalone_20190822132707-HeteroNETransferVariable.host_optim_gradient-HeteroNETransferVariable.host_optim_gradient.0.0.6-arbiter-10000-host-9999"
"2019-08-22 13:28:43,582 - federation.py[line:124] - DEBUG: [REMOTE] Sent hetero_network_embedding_example_standalone_20190822132707-HeteroNETransferVariable.guest_optim_gradient-HeteroNETransferVariable.guest_optim_gradient.0.0.6-arbiter-10000-guest-10000"
"2019-08-22 13:28:43,582 - federation.py[line:145] - DEBUG: [GET] arbiter 10000 getting remote object HeteroNETransferVariable.loss.0.0.6 from guest [10000]"
"2019-08-22 13:28:43,616 - federation.py[line:46] - DEBUG: [GET] Got hetero_network_embedding_example_standalone_20190822132707-HeteroNETransferVariable.host_optim_gradient-HeteroNETransferVariable.host_optim_gradient.0.0.6-arbiter-10000-host-9999 type Table"
"2019-08-22 13:28:43,653 - federation.py[line:46] - DEBUG: [GET] Got hetero_network_embedding_example_standalone_20190822132707-HeteroNETransferVariable.guest_optim_gradient-HeteroNETransferVariable.guest_optim_gradient.0.0.6-arbiter-10000-guest-10000 type Table"
"2019-08-22 13:28:43,828 - federation.py[line:124] - DEBUG: [REMOTE] Sent hetero_network_embedding_example_standalone_20190822132707-HeteroNETransferVariable.loss-HeteroNETransferVariable.loss.0.0.6-guest-10000-arbiter-10000"
"2019-08-22 13:28:43,828 - federation.py[line:145] - DEBUG: [GET] host 9999 getting remote object HeteroNETransferVariable.batch_data_index.0.0.7 from guest [10000]"
"2019-08-22 13:28:43,883 - federation.py[line:46] - DEBUG: [GET] Got hetero_network_embedding_example_standalone_20190822132707-HeteroNETransferVariable.loss-HeteroNETransferVariable.loss.0.0.6-guest-10000-arbiter-10000 type Object"
"2019-08-22 13:28:43,884 - federation.py[line:145] - DEBUG: [GET] arbiter 10000 getting remote object HeteroNETransferVariable.host_gradient.0.0.7 from guest [10000]"
"2019-08-22 13:28:44,125 - federation.py[line:124] - DEBUG: [REMOTE] Sent hetero_network_embedding_example_standalone_20190822132707-HeteroNETransferVariable.batch_data_index-HeteroNETransferVariable.batch_data_index.0.0.7-guest-10000-host-9999"
"2019-08-22 13:28:44,130 - federation.py[line:46] - DEBUG: [GET] Got hetero_network_embedding_example_standalone_20190822132707-HeteroNETransferVariable.batch_data_index-HeteroNETransferVariable.batch_data_index.0.0.7-guest-10000-host-9999 type Table"
"2019-08-22 13:28:53,839 - federation.py[line:145] - DEBUG: [GET] guest 10000 getting remote object HeteroNETransferVariable.host_forward_dict.0.0.7 from host [9999]"
"2019-08-22 13:28:53,857 - federation.py[line:124] - DEBUG: [REMOTE] Sent hetero_network_embedding_example_standalone_20190822132707-HeteroNETransferVariable.host_forward_dict-HeteroNETransferVariable.host_forward_dict.0.0.7-host-9999-guest-10000"
"2019-08-22 13:28:53,857 - federation.py[line:145] - DEBUG: [GET] host 9999 getting remote object HeteroNETransferVariable.host_optim_gradient.0.0.7 from arbiter [10000]"
"2019-08-22 13:28:53,940 - federation.py[line:46] - DEBUG: [GET] Got hetero_network_embedding_example_standalone_20190822132707-HeteroNETransferVariable.host_forward_dict-HeteroNETransferVariable.host_forward_dict.0.0.7-host-9999-guest-10000 type Table"
"2019-08-22 13:28:54,473 - federation.py[line:124] - DEBUG: [REMOTE] Sent hetero_network_embedding_example_standalone_20190822132707-HeteroNETransferVariable.host_gradient-HeteroNETransferVariable.host_gradient.0.0.7-guest-10000-arbiter-10000"
"2019-08-22 13:28:54,543 - federation.py[line:46] - DEBUG: [GET] Got hetero_network_embedding_example_standalone_20190822132707-HeteroNETransferVariable.host_gradient-HeteroNETransferVariable.host_gradient.0.0.7-guest-10000-arbiter-10000 type Table"
"2019-08-22 13:28:54,543 - federation.py[line:145] - DEBUG: [GET] arbiter 10000 getting remote object HeteroNETransferVariable.guest_gradient.0.0.7 from guest [10000]"
"2019-08-22 13:28:55,045 - federation.py[line:46] - DEBUG: [GET] Got hetero_network_embedding_example_standalone_20190822132707-HeteroNETransferVariable.guest_gradient-HeteroNETransferVariable.guest_gradient.0.0.7-guest-10000-arbiter-10000 type Table"
"2019-08-22 13:28:55,047 - federation.py[line:124] - DEBUG: [REMOTE] Sent hetero_network_embedding_example_standalone_20190822132707-HeteroNETransferVariable.guest_gradient-HeteroNETransferVariable.guest_gradient.0.0.7-guest-10000-arbiter-10000"
"2019-08-22 13:28:55,047 - federation.py[line:145] - DEBUG: [GET] guest 10000 getting remote object HeteroNETransferVariable.guest_optim_gradient.0.0.7 from arbiter [10000]"
"2019-08-22 13:28:55,280 - federation.py[line:124] - DEBUG: [REMOTE] Sent hetero_network_embedding_example_standalone_20190822132707-HeteroNETransferVariable.host_optim_gradient-HeteroNETransferVariable.host_optim_gradient.0.0.7-arbiter-10000-host-9999"
"2019-08-22 13:28:55,302 - federation.py[line:124] - DEBUG: [REMOTE] Sent hetero_network_embedding_example_standalone_20190822132707-HeteroNETransferVariable.guest_optim_gradient-HeteroNETransferVariable.guest_optim_gradient.0.0.7-arbiter-10000-guest-10000"
"2019-08-22 13:28:55,303 - federation.py[line:145] - DEBUG: [GET] arbiter 10000 getting remote object HeteroNETransferVariable.loss.0.0.7 from guest [10000]"
"2019-08-22 13:28:55,349 - federation.py[line:46] - DEBUG: [GET] Got hetero_network_embedding_example_standalone_20190822132707-HeteroNETransferVariable.guest_optim_gradient-HeteroNETransferVariable.guest_optim_gradient.0.0.7-arbiter-10000-guest-10000 type Table"
"2019-08-22 13:28:55,364 - federation.py[line:46] - DEBUG: [GET] Got hetero_network_embedding_example_standalone_20190822132707-HeteroNETransferVariable.host_optim_gradient-HeteroNETransferVariable.host_optim_gradient.0.0.7-arbiter-10000-host-9999 type Table"
"2019-08-22 13:28:55,580 - federation.py[line:124] - DEBUG: [REMOTE] Sent hetero_network_embedding_example_standalone_20190822132707-HeteroNETransferVariable.loss-HeteroNETransferVariable.loss.0.0.7-guest-10000-arbiter-10000"
"2019-08-22 13:28:55,603 - federation.py[line:145] - DEBUG: [GET] host 9999 getting remote object HeteroNETransferVariable.batch_data_index.0.0.8 from guest [10000]"
"2019-08-22 13:28:55,604 - federation.py[line:46] - DEBUG: [GET] Got hetero_network_embedding_example_standalone_20190822132707-HeteroNETransferVariable.loss-HeteroNETransferVariable.loss.0.0.7-guest-10000-arbiter-10000 type Object"
"2019-08-22 13:28:55,604 - federation.py[line:145] - DEBUG: [GET] arbiter 10000 getting remote object HeteroNETransferVariable.host_gradient.0.0.8 from guest [10000]"
"2019-08-22 13:28:56,081 - federation.py[line:124] - DEBUG: [REMOTE] Sent hetero_network_embedding_example_standalone_20190822132707-HeteroNETransferVariable.batch_data_index-HeteroNETransferVariable.batch_data_index.0.0.8-guest-10000-host-9999"
"2019-08-22 13:28:56,105 - federation.py[line:46] - DEBUG: [GET] Got hetero_network_embedding_example_standalone_20190822132707-HeteroNETransferVariable.batch_data_index-HeteroNETransferVariable.batch_data_index.0.0.8-guest-10000-host-9999 type Table"
"2019-08-22 13:29:05,195 - federation.py[line:145] - DEBUG: [GET] guest 10000 getting remote object HeteroNETransferVariable.host_forward_dict.0.0.8 from host [9999]"
"2019-08-22 13:29:05,469 - federation.py[line:124] - DEBUG: [REMOTE] Sent hetero_network_embedding_example_standalone_20190822132707-HeteroNETransferVariable.host_forward_dict-HeteroNETransferVariable.host_forward_dict.0.0.8-host-9999-guest-10000"
"2019-08-22 13:29:05,469 - federation.py[line:145] - DEBUG: [GET] host 9999 getting remote object HeteroNETransferVariable.host_optim_gradient.0.0.8 from arbiter [10000]"
"2019-08-22 13:29:05,498 - federation.py[line:46] - DEBUG: [GET] Got hetero_network_embedding_example_standalone_20190822132707-HeteroNETransferVariable.host_forward_dict-HeteroNETransferVariable.host_forward_dict.0.0.8-host-9999-guest-10000 type Table"
"2019-08-22 13:29:06,110 - federation.py[line:124] - DEBUG: [REMOTE] Sent hetero_network_embedding_example_standalone_20190822132707-HeteroNETransferVariable.host_gradient-HeteroNETransferVariable.host_gradient.0.0.8-guest-10000-arbiter-10000"
"2019-08-22 13:29:06,158 - federation.py[line:46] - DEBUG: [GET] Got hetero_network_embedding_example_standalone_20190822132707-HeteroNETransferVariable.host_gradient-HeteroNETransferVariable.host_gradient.0.0.8-guest-10000-arbiter-10000 type Table"
"2019-08-22 13:29:06,158 - federation.py[line:145] - DEBUG: [GET] arbiter 10000 getting remote object HeteroNETransferVariable.guest_gradient.0.0.8 from guest [10000]"
"2019-08-22 13:29:06,584 - federation.py[line:124] - DEBUG: [REMOTE] Sent hetero_network_embedding_example_standalone_20190822132707-HeteroNETransferVariable.guest_gradient-HeteroNETransferVariable.guest_gradient.0.0.8-guest-10000-arbiter-10000"
"2019-08-22 13:29:06,584 - federation.py[line:145] - DEBUG: [GET] guest 10000 getting remote object HeteroNETransferVariable.guest_optim_gradient.0.0.8 from arbiter [10000]"
"2019-08-22 13:29:06,661 - federation.py[line:46] - DEBUG: [GET] Got hetero_network_embedding_example_standalone_20190822132707-HeteroNETransferVariable.guest_gradient-HeteroNETransferVariable.guest_gradient.0.0.8-guest-10000-arbiter-10000 type Table"
"2019-08-22 13:29:06,814 - federation.py[line:124] - DEBUG: [REMOTE] Sent hetero_network_embedding_example_standalone_20190822132707-HeteroNETransferVariable.host_optim_gradient-HeteroNETransferVariable.host_optim_gradient.0.0.8-arbiter-10000-host-9999"
"2019-08-22 13:29:06,825 - federation.py[line:124] - DEBUG: [REMOTE] Sent hetero_network_embedding_example_standalone_20190822132707-HeteroNETransferVariable.guest_optim_gradient-HeteroNETransferVariable.guest_optim_gradient.0.0.8-arbiter-10000-guest-10000"
"2019-08-22 13:29:06,826 - federation.py[line:145] - DEBUG: [GET] arbiter 10000 getting remote object HeteroNETransferVariable.loss.0.0.8 from guest [10000]"
"2019-08-22 13:29:06,875 - federation.py[line:46] - DEBUG: [GET] Got hetero_network_embedding_example_standalone_20190822132707-HeteroNETransferVariable.host_optim_gradient-HeteroNETransferVariable.host_optim_gradient.0.0.8-arbiter-10000-host-9999 type Table"
"2019-08-22 13:29:06,886 - federation.py[line:46] - DEBUG: [GET] Got hetero_network_embedding_example_standalone_20190822132707-HeteroNETransferVariable.guest_optim_gradient-HeteroNETransferVariable.guest_optim_gradient.0.0.8-arbiter-10000-guest-10000 type Table"
"2019-08-22 13:29:07,079 - federation.py[line:145] - DEBUG: [GET] host 9999 getting remote object HeteroNETransferVariable.batch_data_index.0.0.9 from guest [10000]"
"2019-08-22 13:29:07,088 - federation.py[line:124] - DEBUG: [REMOTE] Sent hetero_network_embedding_example_standalone_20190822132707-HeteroNETransferVariable.loss-HeteroNETransferVariable.loss.0.0.8-guest-10000-arbiter-10000"
"2019-08-22 13:29:07,127 - federation.py[line:46] - DEBUG: [GET] Got hetero_network_embedding_example_standalone_20190822132707-HeteroNETransferVariable.loss-HeteroNETransferVariable.loss.0.0.8-guest-10000-arbiter-10000 type Object"
"2019-08-22 13:29:07,128 - federation.py[line:145] - DEBUG: [GET] arbiter 10000 getting remote object HeteroNETransferVariable.host_gradient.0.0.9 from guest [10000]"
"2019-08-22 13:29:07,402 - federation.py[line:124] - DEBUG: [REMOTE] Sent hetero_network_embedding_example_standalone_20190822132707-HeteroNETransferVariable.batch_data_index-HeteroNETransferVariable.batch_data_index.0.0.9-guest-10000-host-9999"
"2019-08-22 13:29:07,480 - federation.py[line:46] - DEBUG: [GET] Got hetero_network_embedding_example_standalone_20190822132707-HeteroNETransferVariable.batch_data_index-HeteroNETransferVariable.batch_data_index.0.0.9-guest-10000-host-9999 type Table"
"2019-08-22 13:29:16,815 - federation.py[line:145] - DEBUG: [GET] guest 10000 getting remote object HeteroNETransferVariable.host_forward_dict.0.0.9 from host [9999]"
"2019-08-22 13:29:17,100 - federation.py[line:124] - DEBUG: [REMOTE] Sent hetero_network_embedding_example_standalone_20190822132707-HeteroNETransferVariable.host_forward_dict-HeteroNETransferVariable.host_forward_dict.0.0.9-host-9999-guest-10000"
"2019-08-22 13:29:17,100 - federation.py[line:145] - DEBUG: [GET] host 9999 getting remote object HeteroNETransferVariable.host_optim_gradient.0.0.9 from arbiter [10000]"
"2019-08-22 13:29:17,116 - federation.py[line:46] - DEBUG: [GET] Got hetero_network_embedding_example_standalone_20190822132707-HeteroNETransferVariable.host_forward_dict-HeteroNETransferVariable.host_forward_dict.0.0.9-host-9999-guest-10000 type Table"
"2019-08-22 13:29:17,661 - federation.py[line:124] - DEBUG: [REMOTE] Sent hetero_network_embedding_example_standalone_20190822132707-HeteroNETransferVariable.host_gradient-HeteroNETransferVariable.host_gradient.0.0.9-guest-10000-arbiter-10000"
"2019-08-22 13:29:17,682 - federation.py[line:46] - DEBUG: [GET] Got hetero_network_embedding_example_standalone_20190822132707-HeteroNETransferVariable.host_gradient-HeteroNETransferVariable.host_gradient.0.0.9-guest-10000-arbiter-10000 type Table"
"2019-08-22 13:29:17,683 - federation.py[line:145] - DEBUG: [GET] arbiter 10000 getting remote object HeteroNETransferVariable.guest_gradient.0.0.9 from guest [10000]"
"2019-08-22 13:29:18,200 - federation.py[line:124] - DEBUG: [REMOTE] Sent hetero_network_embedding_example_standalone_20190822132707-HeteroNETransferVariable.guest_gradient-HeteroNETransferVariable.guest_gradient.0.0.9-guest-10000-arbiter-10000"
"2019-08-22 13:29:18,201 - federation.py[line:145] - DEBUG: [GET] guest 10000 getting remote object HeteroNETransferVariable.guest_optim_gradient.0.0.9 from arbiter [10000]"
"2019-08-22 13:29:18,286 - federation.py[line:46] - DEBUG: [GET] Got hetero_network_embedding_example_standalone_20190822132707-HeteroNETransferVariable.guest_gradient-HeteroNETransferVariable.guest_gradient.0.0.9-guest-10000-arbiter-10000 type Table"
"2019-08-22 13:29:18,478 - federation.py[line:124] - DEBUG: [REMOTE] Sent hetero_network_embedding_example_standalone_20190822132707-HeteroNETransferVariable.host_optim_gradient-HeteroNETransferVariable.host_optim_gradient.0.0.9-arbiter-10000-host-9999"
"2019-08-22 13:29:18,502 - federation.py[line:124] - DEBUG: [REMOTE] Sent hetero_network_embedding_example_standalone_20190822132707-HeteroNETransferVariable.guest_optim_gradient-HeteroNETransferVariable.guest_optim_gradient.0.0.9-arbiter-10000-guest-10000"
"2019-08-22 13:29:18,502 - federation.py[line:145] - DEBUG: [GET] arbiter 10000 getting remote object HeteroNETransferVariable.loss.0.0.9 from guest [10000]"
"2019-08-22 13:29:18,502 - federation.py[line:46] - DEBUG: [GET] Got hetero_network_embedding_example_standalone_20190822132707-HeteroNETransferVariable.guest_optim_gradient-HeteroNETransferVariable.guest_optim_gradient.0.0.9-arbiter-10000-guest-10000 type Table"
"2019-08-22 13:29:18,506 - federation.py[line:46] - DEBUG: [GET] Got hetero_network_embedding_example_standalone_20190822132707-HeteroNETransferVariable.host_optim_gradient-HeteroNETransferVariable.host_optim_gradient.0.0.9-arbiter-10000-host-9999 type Table"
"2019-08-22 13:29:18,759 - federation.py[line:145] - DEBUG: [GET] host 9999 getting remote object HeteroNETransferVariable.batch_data_index.0.0.10 from guest [10000]"
"2019-08-22 13:29:18,781 - federation.py[line:124] - DEBUG: [REMOTE] Sent hetero_network_embedding_example_standalone_20190822132707-HeteroNETransferVariable.loss-HeteroNETransferVariable.loss.0.0.9-guest-10000-arbiter-10000"
"2019-08-22 13:29:18,803 - federation.py[line:46] - DEBUG: [GET] Got hetero_network_embedding_example_standalone_20190822132707-HeteroNETransferVariable.loss-HeteroNETransferVariable.loss.0.0.9-guest-10000-arbiter-10000 type Object"
"2019-08-22 13:29:18,804 - federation.py[line:145] - DEBUG: [GET] arbiter 10000 getting remote object HeteroNETransferVariable.host_gradient.0.0.10 from guest [10000]"
"2019-08-22 13:29:19,214 - federation.py[line:124] - DEBUG: [REMOTE] Sent hetero_network_embedding_example_standalone_20190822132707-HeteroNETransferVariable.batch_data_index-HeteroNETransferVariable.batch_data_index.0.0.10-guest-10000-host-9999"
"2019-08-22 13:29:19,262 - federation.py[line:46] - DEBUG: [GET] Got hetero_network_embedding_example_standalone_20190822132707-HeteroNETransferVariable.batch_data_index-HeteroNETransferVariable.batch_data_index.0.0.10-guest-10000-host-9999 type Table"
"2019-08-22 13:29:28,999 - federation.py[line:145] - DEBUG: [GET] guest 10000 getting remote object HeteroNETransferVariable.host_forward_dict.0.0.10 from host [9999]"
"2019-08-22 13:29:29,010 - federation.py[line:124] - DEBUG: [REMOTE] Sent hetero_network_embedding_example_standalone_20190822132707-HeteroNETransferVariable.host_forward_dict-HeteroNETransferVariable.host_forward_dict.0.0.10-host-9999-guest-10000"
"2019-08-22 13:29:29,010 - federation.py[line:145] - DEBUG: [GET] host 9999 getting remote object HeteroNETransferVariable.host_optim_gradient.0.0.10 from arbiter [10000]"
"2019-08-22 13:29:29,100 - federation.py[line:46] - DEBUG: [GET] Got hetero_network_embedding_example_standalone_20190822132707-HeteroNETransferVariable.host_forward_dict-HeteroNETransferVariable.host_forward_dict.0.0.10-host-9999-guest-10000 type Table"
"2019-08-22 13:29:29,688 - federation.py[line:124] - DEBUG: [REMOTE] Sent hetero_network_embedding_example_standalone_20190822132707-HeteroNETransferVariable.host_gradient-HeteroNETransferVariable.host_gradient.0.0.10-guest-10000-arbiter-10000"
"2019-08-22 13:29:29,765 - federation.py[line:46] - DEBUG: [GET] Got hetero_network_embedding_example_standalone_20190822132707-HeteroNETransferVariable.host_gradient-HeteroNETransferVariable.host_gradient.0.0.10-guest-10000-arbiter-10000 type Table"
"2019-08-22 13:29:29,765 - federation.py[line:145] - DEBUG: [GET] arbiter 10000 getting remote object HeteroNETransferVariable.guest_gradient.0.0.10 from guest [10000]"
"2019-08-22 13:29:30,221 - federation.py[line:124] - DEBUG: [REMOTE] Sent hetero_network_embedding_example_standalone_20190822132707-HeteroNETransferVariable.guest_gradient-HeteroNETransferVariable.guest_gradient.0.0.10-guest-10000-arbiter-10000"
"2019-08-22 13:29:30,221 - federation.py[line:145] - DEBUG: [GET] guest 10000 getting remote object HeteroNETransferVariable.guest_optim_gradient.0.0.10 from arbiter [10000]"
"2019-08-22 13:29:30,268 - federation.py[line:46] - DEBUG: [GET] Got hetero_network_embedding_example_standalone_20190822132707-HeteroNETransferVariable.guest_gradient-HeteroNETransferVariable.guest_gradient.0.0.10-guest-10000-arbiter-10000 type Table"
"2019-08-22 13:29:30,466 - federation.py[line:124] - DEBUG: [REMOTE] Sent hetero_network_embedding_example_standalone_20190822132707-HeteroNETransferVariable.host_optim_gradient-HeteroNETransferVariable.host_optim_gradient.0.0.10-arbiter-10000-host-9999"
"2019-08-22 13:29:30,489 - federation.py[line:124] - DEBUG: [REMOTE] Sent hetero_network_embedding_example_standalone_20190822132707-HeteroNETransferVariable.guest_optim_gradient-HeteroNETransferVariable.guest_optim_gradient.0.0.10-arbiter-10000-guest-10000"
"2019-08-22 13:29:30,489 - federation.py[line:145] - DEBUG: [GET] arbiter 10000 getting remote object HeteroNETransferVariable.loss.0.0.10 from guest [10000]"
"2019-08-22 13:29:30,517 - federation.py[line:46] - DEBUG: [GET] Got hetero_network_embedding_example_standalone_20190822132707-HeteroNETransferVariable.host_optim_gradient-HeteroNETransferVariable.host_optim_gradient.0.0.10-arbiter-10000-host-9999 type Table"
"2019-08-22 13:29:30,523 - federation.py[line:46] - DEBUG: [GET] Got hetero_network_embedding_example_standalone_20190822132707-HeteroNETransferVariable.guest_optim_gradient-HeteroNETransferVariable.guest_optim_gradient.0.0.10-arbiter-10000-guest-10000 type Table"
"2019-08-22 13:29:30,747 - federation.py[line:145] - DEBUG: [GET] host 9999 getting remote object HeteroNETransferVariable.batch_data_index.0.0.11 from guest [10000]"
"2019-08-22 13:29:30,769 - federation.py[line:124] - DEBUG: [REMOTE] Sent hetero_network_embedding_example_standalone_20190822132707-HeteroNETransferVariable.loss-HeteroNETransferVariable.loss.0.0.10-guest-10000-arbiter-10000"
"2019-08-22 13:29:30,791 - federation.py[line:46] - DEBUG: [GET] Got hetero_network_embedding_example_standalone_20190822132707-HeteroNETransferVariable.loss-HeteroNETransferVariable.loss.0.0.10-guest-10000-arbiter-10000 type Object"
"2019-08-22 13:29:30,792 - federation.py[line:145] - DEBUG: [GET] arbiter 10000 getting remote object HeteroNETransferVariable.host_gradient.0.0.11 from guest [10000]"
"2019-08-22 13:29:31,202 - federation.py[line:124] - DEBUG: [REMOTE] Sent hetero_network_embedding_example_standalone_20190822132707-HeteroNETransferVariable.batch_data_index-HeteroNETransferVariable.batch_data_index.0.0.11-guest-10000-host-9999"
"2019-08-22 13:29:31,250 - federation.py[line:46] - DEBUG: [GET] Got hetero_network_embedding_example_standalone_20190822132707-HeteroNETransferVariable.batch_data_index-HeteroNETransferVariable.batch_data_index.0.0.11-guest-10000-host-9999 type Table"
"2019-08-22 13:29:40,191 - federation.py[line:124] - DEBUG: [REMOTE] Sent hetero_network_embedding_example_standalone_20190822132707-HeteroNETransferVariable.host_forward_dict-HeteroNETransferVariable.host_forward_dict.0.0.11-host-9999-guest-10000"
"2019-08-22 13:29:40,191 - federation.py[line:145] - DEBUG: [GET] host 9999 getting remote object HeteroNETransferVariable.host_optim_gradient.0.0.11 from arbiter [10000]"
"2019-08-22 13:29:40,722 - federation.py[line:145] - DEBUG: [GET] guest 10000 getting remote object HeteroNETransferVariable.host_forward_dict.0.0.11 from host [9999]"
"2019-08-22 13:29:40,723 - federation.py[line:46] - DEBUG: [GET] Got hetero_network_embedding_example_standalone_20190822132707-HeteroNETransferVariable.host_forward_dict-HeteroNETransferVariable.host_forward_dict.0.0.11-host-9999-guest-10000 type Table"
"2019-08-22 13:29:41,288 - federation.py[line:124] - DEBUG: [REMOTE] Sent hetero_network_embedding_example_standalone_20190822132707-HeteroNETransferVariable.host_gradient-HeteroNETransferVariable.host_gradient.0.0.11-guest-10000-arbiter-10000"
"2019-08-22 13:29:41,332 - federation.py[line:46] - DEBUG: [GET] Got hetero_network_embedding_example_standalone_20190822132707-HeteroNETransferVariable.host_gradient-HeteroNETransferVariable.host_gradient.0.0.11-guest-10000-arbiter-10000 type Table"
"2019-08-22 13:29:41,332 - federation.py[line:145] - DEBUG: [GET] arbiter 10000 getting remote object HeteroNETransferVariable.guest_gradient.0.0.11 from guest [10000]"
"2019-08-22 13:29:41,887 - federation.py[line:124] - DEBUG: [REMOTE] Sent hetero_network_embedding_example_standalone_20190822132707-HeteroNETransferVariable.guest_gradient-HeteroNETransferVariable.guest_gradient.0.0.11-guest-10000-arbiter-10000"
"2019-08-22 13:29:41,887 - federation.py[line:145] - DEBUG: [GET] guest 10000 getting remote object HeteroNETransferVariable.guest_optim_gradient.0.0.11 from arbiter [10000]"
"2019-08-22 13:29:41,935 - federation.py[line:46] - DEBUG: [GET] Got hetero_network_embedding_example_standalone_20190822132707-HeteroNETransferVariable.guest_gradient-HeteroNETransferVariable.guest_gradient.0.0.11-guest-10000-arbiter-10000 type Table"
"2019-08-22 13:29:42,120 - federation.py[line:124] - DEBUG: [REMOTE] Sent hetero_network_embedding_example_standalone_20190822132707-HeteroNETransferVariable.host_optim_gradient-HeteroNETransferVariable.host_optim_gradient.0.0.11-arbiter-10000-host-9999"
"2019-08-22 13:29:42,142 - federation.py[line:124] - DEBUG: [REMOTE] Sent hetero_network_embedding_example_standalone_20190822132707-HeteroNETransferVariable.guest_optim_gradient-HeteroNETransferVariable.guest_optim_gradient.0.0.11-arbiter-10000-guest-10000"
"2019-08-22 13:29:42,143 - federation.py[line:145] - DEBUG: [GET] arbiter 10000 getting remote object HeteroNETransferVariable.loss.0.0.11 from guest [10000]"
"2019-08-22 13:29:42,189 - federation.py[line:46] - DEBUG: [GET] Got hetero_network_embedding_example_standalone_20190822132707-HeteroNETransferVariable.guest_optim_gradient-HeteroNETransferVariable.guest_optim_gradient.0.0.11-arbiter-10000-guest-10000 type Table"
"2019-08-22 13:29:42,200 - federation.py[line:46] - DEBUG: [GET] Got hetero_network_embedding_example_standalone_20190822132707-HeteroNETransferVariable.host_optim_gradient-HeteroNETransferVariable.host_optim_gradient.0.0.11-arbiter-10000-host-9999 type Table"
"2019-08-22 13:29:42,423 - federation.py[line:124] - DEBUG: [REMOTE] Sent hetero_network_embedding_example_standalone_20190822132707-HeteroNETransferVariable.loss-HeteroNETransferVariable.loss.0.0.11-guest-10000-arbiter-10000"
"2019-08-22 13:29:42,443 - federation.py[line:145] - DEBUG: [GET] host 9999 getting remote object HeteroNETransferVariable.batch_data_index.0.0.12 from guest [10000]"
"2019-08-22 13:29:42,444 - federation.py[line:46] - DEBUG: [GET] Got hetero_network_embedding_example_standalone_20190822132707-HeteroNETransferVariable.loss-HeteroNETransferVariable.loss.0.0.11-guest-10000-arbiter-10000 type Object"
"2019-08-22 13:29:42,445 - federation.py[line:145] - DEBUG: [GET] arbiter 10000 getting remote object HeteroNETransferVariable.host_gradient.0.0.12 from guest [10000]"
"2019-08-22 13:29:42,973 - federation.py[line:124] - DEBUG: [REMOTE] Sent hetero_network_embedding_example_standalone_20190822132707-HeteroNETransferVariable.batch_data_index-HeteroNETransferVariable.batch_data_index.0.0.12-guest-10000-host-9999"
"2019-08-22 13:29:43,046 - federation.py[line:46] - DEBUG: [GET] Got hetero_network_embedding_example_standalone_20190822132707-HeteroNETransferVariable.batch_data_index-HeteroNETransferVariable.batch_data_index.0.0.12-guest-10000-host-9999 type Table"
"2019-08-22 13:29:52,194 - federation.py[line:145] - DEBUG: [GET] guest 10000 getting remote object HeteroNETransferVariable.host_forward_dict.0.0.12 from host [9999]"
"2019-08-22 13:29:52,220 - federation.py[line:124] - DEBUG: [REMOTE] Sent hetero_network_embedding_example_standalone_20190822132707-HeteroNETransferVariable.host_forward_dict-HeteroNETransferVariable.host_forward_dict.0.0.12-host-9999-guest-10000"
"2019-08-22 13:29:52,220 - federation.py[line:145] - DEBUG: [GET] host 9999 getting remote object HeteroNETransferVariable.host_optim_gradient.0.0.12 from arbiter [10000]"
"2019-08-22 13:29:52,295 - federation.py[line:46] - DEBUG: [GET] Got hetero_network_embedding_example_standalone_20190822132707-HeteroNETransferVariable.host_forward_dict-HeteroNETransferVariable.host_forward_dict.0.0.12-host-9999-guest-10000 type Table"
"2019-08-22 13:29:52,886 - federation.py[line:124] - DEBUG: [REMOTE] Sent hetero_network_embedding_example_standalone_20190822132707-HeteroNETransferVariable.host_gradient-HeteroNETransferVariable.host_gradient.0.0.12-guest-10000-arbiter-10000"
"2019-08-22 13:29:52,891 - federation.py[line:46] - DEBUG: [GET] Got hetero_network_embedding_example_standalone_20190822132707-HeteroNETransferVariable.host_gradient-HeteroNETransferVariable.host_gradient.0.0.12-guest-10000-arbiter-10000 type Table"
"2019-08-22 13:29:52,891 - federation.py[line:145] - DEBUG: [GET] arbiter 10000 getting remote object HeteroNETransferVariable.guest_gradient.0.0.12 from guest [10000]"
"2019-08-22 13:29:53,456 - federation.py[line:124] - DEBUG: [REMOTE] Sent hetero_network_embedding_example_standalone_20190822132707-HeteroNETransferVariable.guest_gradient-HeteroNETransferVariable.guest_gradient.0.0.12-guest-10000-arbiter-10000"
"2019-08-22 13:29:53,456 - federation.py[line:145] - DEBUG: [GET] guest 10000 getting remote object HeteroNETransferVariable.guest_optim_gradient.0.0.12 from arbiter [10000]"
"2019-08-22 13:29:53,494 - federation.py[line:46] - DEBUG: [GET] Got hetero_network_embedding_example_standalone_20190822132707-HeteroNETransferVariable.guest_gradient-HeteroNETransferVariable.guest_gradient.0.0.12-guest-10000-arbiter-10000 type Table"
"2019-08-22 13:29:53,689 - federation.py[line:124] - DEBUG: [REMOTE] Sent hetero_network_embedding_example_standalone_20190822132707-HeteroNETransferVariable.host_optim_gradient-HeteroNETransferVariable.host_optim_gradient.0.0.12-arbiter-10000-host-9999"
"2019-08-22 13:29:53,711 - federation.py[line:124] - DEBUG: [REMOTE] Sent hetero_network_embedding_example_standalone_20190822132707-HeteroNETransferVariable.guest_optim_gradient-HeteroNETransferVariable.guest_optim_gradient.0.0.12-arbiter-10000-guest-10000"
"2019-08-22 13:29:53,712 - federation.py[line:145] - DEBUG: [GET] arbiter 10000 getting remote object HeteroNETransferVariable.loss.0.0.12 from guest [10000]"
"2019-08-22 13:29:53,727 - federation.py[line:46] - DEBUG: [GET] Got hetero_network_embedding_example_standalone_20190822132707-HeteroNETransferVariable.host_optim_gradient-HeteroNETransferVariable.host_optim_gradient.0.0.12-arbiter-10000-host-9999 type Table"
"2019-08-22 13:29:53,758 - federation.py[line:46] - DEBUG: [GET] Got hetero_network_embedding_example_standalone_20190822132707-HeteroNETransferVariable.guest_optim_gradient-HeteroNETransferVariable.guest_optim_gradient.0.0.12-arbiter-10000-guest-10000 type Table"
"2019-08-22 13:29:53,989 - federation.py[line:124] - DEBUG: [REMOTE] Sent hetero_network_embedding_example_standalone_20190822132707-HeteroNETransferVariable.loss-HeteroNETransferVariable.loss.0.0.12-guest-10000-arbiter-10000"
"2019-08-22 13:29:53,990 - federation.py[line:145] - DEBUG: [GET] host 9999 getting remote object HeteroNETransferVariable.batch_data_index.0.0.13 from guest [10000]"
"2019-08-22 13:29:54,013 - federation.py[line:46] - DEBUG: [GET] Got hetero_network_embedding_example_standalone_20190822132707-HeteroNETransferVariable.loss-HeteroNETransferVariable.loss.0.0.12-guest-10000-arbiter-10000 type Object"
"2019-08-22 13:29:54,014 - federation.py[line:145] - DEBUG: [GET] arbiter 10000 getting remote object HeteroNETransferVariable.host_gradient.0.0.13 from guest [10000]"
"2019-08-22 13:29:54,488 - federation.py[line:124] - DEBUG: [REMOTE] Sent hetero_network_embedding_example_standalone_20190822132707-HeteroNETransferVariable.batch_data_index-HeteroNETransferVariable.batch_data_index.0.0.13-guest-10000-host-9999"
"2019-08-22 13:29:54,492 - federation.py[line:46] - DEBUG: [GET] Got hetero_network_embedding_example_standalone_20190822132707-HeteroNETransferVariable.batch_data_index-HeteroNETransferVariable.batch_data_index.0.0.13-guest-10000-host-9999 type Table"
"2019-08-22 13:30:03,621 - federation.py[line:145] - DEBUG: [GET] guest 10000 getting remote object HeteroNETransferVariable.host_forward_dict.0.0.13 from host [9999]"
"2019-08-22 13:30:04,124 - federation.py[line:46] - DEBUG: [GET] Got hetero_network_embedding_example_standalone_20190822132707-HeteroNETransferVariable.host_forward_dict-HeteroNETransferVariable.host_forward_dict.0.0.13-host-9999-guest-10000 type Table"
"2019-08-22 13:30:04,129 - federation.py[line:124] - DEBUG: [REMOTE] Sent hetero_network_embedding_example_standalone_20190822132707-HeteroNETransferVariable.host_forward_dict-HeteroNETransferVariable.host_forward_dict.0.0.13-host-9999-guest-10000"
"2019-08-22 13:30:04,130 - federation.py[line:145] - DEBUG: [GET] host 9999 getting remote object HeteroNETransferVariable.host_optim_gradient.0.0.13 from arbiter [10000]"
"2019-08-22 13:30:04,735 - federation.py[line:124] - DEBUG: [REMOTE] Sent hetero_network_embedding_example_standalone_20190822132707-HeteroNETransferVariable.host_gradient-HeteroNETransferVariable.host_gradient.0.0.13-guest-10000-arbiter-10000"
"2019-08-22 13:30:04,767 - federation.py[line:46] - DEBUG: [GET] Got hetero_network_embedding_example_standalone_20190822132707-HeteroNETransferVariable.host_gradient-HeteroNETransferVariable.host_gradient.0.0.13-guest-10000-arbiter-10000 type Table"
"2019-08-22 13:30:04,768 - federation.py[line:145] - DEBUG: [GET] arbiter 10000 getting remote object HeteroNETransferVariable.guest_gradient.0.0.13 from guest [10000]"
"2019-08-22 13:30:05,448 - federation.py[line:124] - DEBUG: [REMOTE] Sent hetero_network_embedding_example_standalone_20190822132707-HeteroNETransferVariable.guest_gradient-HeteroNETransferVariable.guest_gradient.0.0.13-guest-10000-arbiter-10000"
"2019-08-22 13:30:05,449 - federation.py[line:145] - DEBUG: [GET] guest 10000 getting remote object HeteroNETransferVariable.guest_optim_gradient.0.0.13 from arbiter [10000]"
"2019-08-22 13:30:05,471 - federation.py[line:46] - DEBUG: [GET] Got hetero_network_embedding_example_standalone_20190822132707-HeteroNETransferVariable.guest_gradient-HeteroNETransferVariable.guest_gradient.0.0.13-guest-10000-arbiter-10000 type Table"
"2019-08-22 13:30:05,671 - federation.py[line:124] - DEBUG: [REMOTE] Sent hetero_network_embedding_example_standalone_20190822132707-HeteroNETransferVariable.host_optim_gradient-HeteroNETransferVariable.host_optim_gradient.0.0.13-arbiter-10000-host-9999"
"2019-08-22 13:30:05,687 - federation.py[line:124] - DEBUG: [REMOTE] Sent hetero_network_embedding_example_standalone_20190822132707-HeteroNETransferVariable.guest_optim_gradient-HeteroNETransferVariable.guest_optim_gradient.0.0.13-arbiter-10000-guest-10000"
"2019-08-22 13:30:05,688 - federation.py[line:145] - DEBUG: [GET] arbiter 10000 getting remote object HeteroNETransferVariable.loss.0.0.13 from guest [10000]"
"2019-08-22 13:30:05,736 - federation.py[line:46] - DEBUG: [GET] Got hetero_network_embedding_example_standalone_20190822132707-HeteroNETransferVariable.host_optim_gradient-HeteroNETransferVariable.host_optim_gradient.0.0.13-arbiter-10000-host-9999 type Table"
"2019-08-22 13:30:05,751 - federation.py[line:46] - DEBUG: [GET] Got hetero_network_embedding_example_standalone_20190822132707-HeteroNETransferVariable.guest_optim_gradient-HeteroNETransferVariable.guest_optim_gradient.0.0.13-arbiter-10000-guest-10000 type Table"
"2019-08-22 13:30:05,923 - federation.py[line:145] - DEBUG: [GET] host 9999 getting remote object HeteroNETransferVariable.batch_data_index.0.0.14 from guest [10000]"
"2019-08-22 13:30:05,944 - federation.py[line:124] - DEBUG: [REMOTE] Sent hetero_network_embedding_example_standalone_20190822132707-HeteroNETransferVariable.loss-HeteroNETransferVariable.loss.0.0.13-guest-10000-arbiter-10000"
"2019-08-22 13:30:05,989 - federation.py[line:46] - DEBUG: [GET] Got hetero_network_embedding_example_standalone_20190822132707-HeteroNETransferVariable.loss-HeteroNETransferVariable.loss.0.0.13-guest-10000-arbiter-10000 type Object"
"2019-08-22 13:30:05,990 - federation.py[line:145] - DEBUG: [GET] arbiter 10000 getting remote object HeteroNETransferVariable.host_gradient.0.0.14 from guest [10000]"
"2019-08-22 13:30:06,473 - federation.py[line:124] - DEBUG: [REMOTE] Sent hetero_network_embedding_example_standalone_20190822132707-HeteroNETransferVariable.batch_data_index-HeteroNETransferVariable.batch_data_index.0.0.14-guest-10000-host-9999"
"2019-08-22 13:30:06,526 - federation.py[line:46] - DEBUG: [GET] Got hetero_network_embedding_example_standalone_20190822132707-HeteroNETransferVariable.batch_data_index-HeteroNETransferVariable.batch_data_index.0.0.14-guest-10000-host-9999 type Table"
"2019-08-22 13:30:15,668 - federation.py[line:145] - DEBUG: [GET] guest 10000 getting remote object HeteroNETransferVariable.host_forward_dict.0.0.14 from host [9999]"
"2019-08-22 13:30:15,690 - federation.py[line:124] - DEBUG: [REMOTE] Sent hetero_network_embedding_example_standalone_20190822132707-HeteroNETransferVariable.host_forward_dict-HeteroNETransferVariable.host_forward_dict.0.0.14-host-9999-guest-10000"
"2019-08-22 13:30:15,690 - federation.py[line:145] - DEBUG: [GET] host 9999 getting remote object HeteroNETransferVariable.host_optim_gradient.0.0.14 from arbiter [10000]"
"2019-08-22 13:30:15,769 - federation.py[line:46] - DEBUG: [GET] Got hetero_network_embedding_example_standalone_20190822132707-HeteroNETransferVariable.host_forward_dict-HeteroNETransferVariable.host_forward_dict.0.0.14-host-9999-guest-10000 type Table"
"2019-08-22 13:30:16,462 - federation.py[line:124] - DEBUG: [REMOTE] Sent hetero_network_embedding_example_standalone_20190822132707-HeteroNETransferVariable.host_gradient-HeteroNETransferVariable.host_gradient.0.0.14-guest-10000-arbiter-10000"
"2019-08-22 13:30:16,535 - federation.py[line:46] - DEBUG: [GET] Got hetero_network_embedding_example_standalone_20190822132707-HeteroNETransferVariable.host_gradient-HeteroNETransferVariable.host_gradient.0.0.14-guest-10000-arbiter-10000 type Table"
"2019-08-22 13:30:16,535 - federation.py[line:145] - DEBUG: [GET] arbiter 10000 getting remote object HeteroNETransferVariable.guest_gradient.0.0.14 from guest [10000]"
"2019-08-22 13:30:16,987 - federation.py[line:124] - DEBUG: [REMOTE] Sent hetero_network_embedding_example_standalone_20190822132707-HeteroNETransferVariable.guest_gradient-HeteroNETransferVariable.guest_gradient.0.0.14-guest-10000-arbiter-10000"
"2019-08-22 13:30:16,987 - federation.py[line:145] - DEBUG: [GET] guest 10000 getting remote object HeteroNETransferVariable.guest_optim_gradient.0.0.14 from arbiter [10000]"
"2019-08-22 13:30:17,038 - federation.py[line:46] - DEBUG: [GET] Got hetero_network_embedding_example_standalone_20190822132707-HeteroNETransferVariable.guest_gradient-HeteroNETransferVariable.guest_gradient.0.0.14-guest-10000-arbiter-10000 type Table"
"2019-08-22 13:30:17,254 - federation.py[line:124] - DEBUG: [REMOTE] Sent hetero_network_embedding_example_standalone_20190822132707-HeteroNETransferVariable.host_optim_gradient-HeteroNETransferVariable.host_optim_gradient.0.0.14-arbiter-10000-host-9999"
"2019-08-22 13:30:17,276 - federation.py[line:124] - DEBUG: [REMOTE] Sent hetero_network_embedding_example_standalone_20190822132707-HeteroNETransferVariable.guest_optim_gradient-HeteroNETransferVariable.guest_optim_gradient.0.0.14-arbiter-10000-guest-10000"
"2019-08-22 13:30:17,276 - federation.py[line:145] - DEBUG: [GET] arbiter 10000 getting remote object HeteroNETransferVariable.loss.0.0.14 from guest [10000]"
"2019-08-22 13:30:17,289 - federation.py[line:46] - DEBUG: [GET] Got hetero_network_embedding_example_standalone_20190822132707-HeteroNETransferVariable.guest_optim_gradient-HeteroNETransferVariable.guest_optim_gradient.0.0.14-arbiter-10000-guest-10000 type Table"
"2019-08-22 13:30:17,297 - federation.py[line:46] - DEBUG: [GET] Got hetero_network_embedding_example_standalone_20190822132707-HeteroNETransferVariable.host_optim_gradient-HeteroNETransferVariable.host_optim_gradient.0.0.14-arbiter-10000-host-9999 type Table"
"2019-08-22 13:30:17,571 - federation.py[line:145] - DEBUG: [GET] host 9999 getting remote object HeteroNETransferVariable.batch_data_index.0.0.15 from guest [10000]"
"2019-08-22 13:30:17,577 - federation.py[line:124] - DEBUG: [REMOTE] Sent hetero_network_embedding_example_standalone_20190822132707-HeteroNETransferVariable.loss-HeteroNETransferVariable.loss.0.0.14-guest-10000-arbiter-10000"
"2019-08-22 13:30:17,578 - federation.py[line:46] - DEBUG: [GET] Got hetero_network_embedding_example_standalone_20190822132707-HeteroNETransferVariable.loss-HeteroNETransferVariable.loss.0.0.14-guest-10000-arbiter-10000 type Object"
"2019-08-22 13:30:17,578 - federation.py[line:145] - DEBUG: [GET] arbiter 10000 getting remote object HeteroNETransferVariable.host_gradient.0.0.15 from guest [10000]"
"2019-08-22 13:30:18,066 - federation.py[line:124] - DEBUG: [REMOTE] Sent hetero_network_embedding_example_standalone_20190822132707-HeteroNETransferVariable.batch_data_index-HeteroNETransferVariable.batch_data_index.0.0.15-guest-10000-host-9999"
"2019-08-22 13:30:18,074 - federation.py[line:46] - DEBUG: [GET] Got hetero_network_embedding_example_standalone_20190822132707-HeteroNETransferVariable.batch_data_index-HeteroNETransferVariable.batch_data_index.0.0.15-guest-10000-host-9999 type Table"
"2019-08-22 13:30:27,212 - federation.py[line:145] - DEBUG: [GET] guest 10000 getting remote object HeteroNETransferVariable.host_forward_dict.0.0.15 from host [9999]"
"2019-08-22 13:30:27,502 - federation.py[line:124] - DEBUG: [REMOTE] Sent hetero_network_embedding_example_standalone_20190822132707-HeteroNETransferVariable.host_forward_dict-HeteroNETransferVariable.host_forward_dict.0.0.15-host-9999-guest-10000"
"2019-08-22 13:30:27,502 - federation.py[line:145] - DEBUG: [GET] host 9999 getting remote object HeteroNETransferVariable.host_optim_gradient.0.0.15 from arbiter [10000]"
"2019-08-22 13:30:27,513 - federation.py[line:46] - DEBUG: [GET] Got hetero_network_embedding_example_standalone_20190822132707-HeteroNETransferVariable.host_forward_dict-HeteroNETransferVariable.host_forward_dict.0.0.15-host-9999-guest-10000 type Table"
"2019-08-22 13:30:28,096 - federation.py[line:124] - DEBUG: [REMOTE] Sent hetero_network_embedding_example_standalone_20190822132707-HeteroNETransferVariable.host_gradient-HeteroNETransferVariable.host_gradient.0.0.15-guest-10000-arbiter-10000"
"2019-08-22 13:30:28,119 - federation.py[line:46] - DEBUG: [GET] Got hetero_network_embedding_example_standalone_20190822132707-HeteroNETransferVariable.host_gradient-HeteroNETransferVariable.host_gradient.0.0.15-guest-10000-arbiter-10000 type Table"
"2019-08-22 13:30:28,120 - federation.py[line:145] - DEBUG: [GET] arbiter 10000 getting remote object HeteroNETransferVariable.guest_gradient.0.0.15 from guest [10000]"
"2019-08-22 13:30:28,621 - federation.py[line:124] - DEBUG: [REMOTE] Sent hetero_network_embedding_example_standalone_20190822132707-HeteroNETransferVariable.guest_gradient-HeteroNETransferVariable.guest_gradient.0.0.15-guest-10000-arbiter-10000"
"2019-08-22 13:30:28,622 - federation.py[line:145] - DEBUG: [GET] guest 10000 getting remote object HeteroNETransferVariable.guest_optim_gradient.0.0.15 from arbiter [10000]"
"2019-08-22 13:30:28,622 - federation.py[line:46] - DEBUG: [GET] Got hetero_network_embedding_example_standalone_20190822132707-HeteroNETransferVariable.guest_gradient-HeteroNETransferVariable.guest_gradient.0.0.15-guest-10000-arbiter-10000 type Table"
"2019-08-22 13:30:28,821 - federation.py[line:124] - DEBUG: [REMOTE] Sent hetero_network_embedding_example_standalone_20190822132707-HeteroNETransferVariable.host_optim_gradient-HeteroNETransferVariable.host_optim_gradient.0.0.15-arbiter-10000-host-9999"
"2019-08-22 13:30:28,844 - federation.py[line:124] - DEBUG: [REMOTE] Sent hetero_network_embedding_example_standalone_20190822132707-HeteroNETransferVariable.guest_optim_gradient-HeteroNETransferVariable.guest_optim_gradient.0.0.15-arbiter-10000-guest-10000"
"2019-08-22 13:30:28,844 - federation.py[line:145] - DEBUG: [GET] arbiter 10000 getting remote object HeteroNETransferVariable.loss.0.0.15 from guest [10000]"
"2019-08-22 13:30:28,908 - federation.py[line:46] - DEBUG: [GET] Got hetero_network_embedding_example_standalone_20190822132707-HeteroNETransferVariable.host_optim_gradient-HeteroNETransferVariable.host_optim_gradient.0.0.15-arbiter-10000-host-9999 type Table"
"2019-08-22 13:30:28,923 - federation.py[line:46] - DEBUG: [GET] Got hetero_network_embedding_example_standalone_20190822132707-HeteroNETransferVariable.guest_optim_gradient-HeteroNETransferVariable.guest_optim_gradient.0.0.15-arbiter-10000-guest-10000 type Table"
"2019-08-22 13:30:29,154 - federation.py[line:145] - DEBUG: [GET] host 9999 getting remote object HeteroNETransferVariable.batch_data_index.0.0.16 from guest [10000]"
"2019-08-22 13:30:29,175 - federation.py[line:124] - DEBUG: [REMOTE] Sent hetero_network_embedding_example_standalone_20190822132707-HeteroNETransferVariable.loss-HeteroNETransferVariable.loss.0.0.15-guest-10000-arbiter-10000"
"2019-08-22 13:30:29,246 - federation.py[line:46] - DEBUG: [GET] Got hetero_network_embedding_example_standalone_20190822132707-HeteroNETransferVariable.loss-HeteroNETransferVariable.loss.0.0.15-guest-10000-arbiter-10000 type Object"
"2019-08-22 13:30:29,247 - federation.py[line:145] - DEBUG: [GET] arbiter 10000 getting remote object HeteroNETransferVariable.host_gradient.0.0.16 from guest [10000]"
"2019-08-22 13:30:29,718 - federation.py[line:124] - DEBUG: [REMOTE] Sent hetero_network_embedding_example_standalone_20190822132707-HeteroNETransferVariable.batch_data_index-HeteroNETransferVariable.batch_data_index.0.0.16-guest-10000-host-9999"
"2019-08-22 13:30:29,757 - federation.py[line:46] - DEBUG: [GET] Got hetero_network_embedding_example_standalone_20190822132707-HeteroNETransferVariable.batch_data_index-HeteroNETransferVariable.batch_data_index.0.0.16-guest-10000-host-9999 type Table"
"2019-08-22 13:30:40,168 - federation.py[line:145] - DEBUG: [GET] guest 10000 getting remote object HeteroNETransferVariable.host_forward_dict.0.0.16 from host [9999]"
"2019-08-22 13:30:40,340 - federation.py[line:124] - DEBUG: [REMOTE] Sent hetero_network_embedding_example_standalone_20190822132707-HeteroNETransferVariable.host_forward_dict-HeteroNETransferVariable.host_forward_dict.0.0.16-host-9999-guest-10000"
"2019-08-22 13:30:40,341 - federation.py[line:145] - DEBUG: [GET] host 9999 getting remote object HeteroNETransferVariable.host_optim_gradient.0.0.16 from arbiter [10000]"
"2019-08-22 13:30:40,370 - federation.py[line:46] - DEBUG: [GET] Got hetero_network_embedding_example_standalone_20190822132707-HeteroNETransferVariable.host_forward_dict-HeteroNETransferVariable.host_forward_dict.0.0.16-host-9999-guest-10000 type Table"
"2019-08-22 13:30:41,294 - federation.py[line:46] - DEBUG: [GET] Got hetero_network_embedding_example_standalone_20190822132707-HeteroNETransferVariable.host_gradient-HeteroNETransferVariable.host_gradient.0.0.16-guest-10000-arbiter-10000 type Table"
"2019-08-22 13:30:41,295 - federation.py[line:145] - DEBUG: [GET] arbiter 10000 getting remote object HeteroNETransferVariable.guest_gradient.0.0.16 from guest [10000]"
"2019-08-22 13:30:41,340 - federation.py[line:124] - DEBUG: [REMOTE] Sent hetero_network_embedding_example_standalone_20190822132707-HeteroNETransferVariable.host_gradient-HeteroNETransferVariable.host_gradient.0.0.16-guest-10000-arbiter-10000"
"2019-08-22 13:30:42,536 - federation.py[line:124] - DEBUG: [REMOTE] Sent hetero_network_embedding_example_standalone_20190822132707-HeteroNETransferVariable.guest_gradient-HeteroNETransferVariable.guest_gradient.0.0.16-guest-10000-arbiter-10000"
"2019-08-22 13:30:42,536 - federation.py[line:145] - DEBUG: [GET] guest 10000 getting remote object HeteroNETransferVariable.guest_optim_gradient.0.0.16 from arbiter [10000]"
"2019-08-22 13:30:42,601 - federation.py[line:46] - DEBUG: [GET] Got hetero_network_embedding_example_standalone_20190822132707-HeteroNETransferVariable.guest_gradient-HeteroNETransferVariable.guest_gradient.0.0.16-guest-10000-arbiter-10000 type Table"
"2019-08-22 13:30:42,752 - federation.py[line:46] - DEBUG: [GET] Got hetero_network_embedding_example_standalone_20190822132707-HeteroNETransferVariable.host_optim_gradient-HeteroNETransferVariable.host_optim_gradient.0.0.16-arbiter-10000-host-9999 type Table"
"2019-08-22 13:30:42,757 - federation.py[line:124] - DEBUG: [REMOTE] Sent hetero_network_embedding_example_standalone_20190822132707-HeteroNETransferVariable.host_optim_gradient-HeteroNETransferVariable.host_optim_gradient.0.0.16-arbiter-10000-host-9999"
"2019-08-22 13:30:42,775 - federation.py[line:124] - DEBUG: [REMOTE] Sent hetero_network_embedding_example_standalone_20190822132707-HeteroNETransferVariable.guest_optim_gradient-HeteroNETransferVariable.guest_optim_gradient.0.0.16-arbiter-10000-guest-10000"
"2019-08-22 13:30:42,775 - federation.py[line:145] - DEBUG: [GET] arbiter 10000 getting remote object HeteroNETransferVariable.loss.0.0.16 from guest [10000]"
"2019-08-22 13:30:42,838 - federation.py[line:46] - DEBUG: [GET] Got hetero_network_embedding_example_standalone_20190822132707-HeteroNETransferVariable.guest_optim_gradient-HeteroNETransferVariable.guest_optim_gradient.0.0.16-arbiter-10000-guest-10000 type Table"
"2019-08-22 13:30:42,999 - federation.py[line:145] - DEBUG: [GET] host 9999 getting remote object HeteroNETransferVariable.batch_data_index.0.0.17 from guest [10000]"
"2019-08-22 13:30:43,031 - federation.py[line:124] - DEBUG: [REMOTE] Sent hetero_network_embedding_example_standalone_20190822132707-HeteroNETransferVariable.loss-HeteroNETransferVariable.loss.0.0.16-guest-10000-arbiter-10000"
"2019-08-22 13:30:43,077 - federation.py[line:46] - DEBUG: [GET] Got hetero_network_embedding_example_standalone_20190822132707-HeteroNETransferVariable.loss-HeteroNETransferVariable.loss.0.0.16-guest-10000-arbiter-10000 type Object"
"2019-08-22 13:30:43,078 - federation.py[line:145] - DEBUG: [GET] arbiter 10000 getting remote object HeteroNETransferVariable.host_gradient.0.0.17 from guest [10000]"
"2019-08-22 13:30:43,517 - federation.py[line:124] - DEBUG: [REMOTE] Sent hetero_network_embedding_example_standalone_20190822132707-HeteroNETransferVariable.batch_data_index-HeteroNETransferVariable.batch_data_index.0.0.17-guest-10000-host-9999"
"2019-08-22 13:30:43,602 - federation.py[line:46] - DEBUG: [GET] Got hetero_network_embedding_example_standalone_20190822132707-HeteroNETransferVariable.batch_data_index-HeteroNETransferVariable.batch_data_index.0.0.17-guest-10000-host-9999 type Table"
"2019-08-22 13:30:47,132 - federation.py[line:145] - DEBUG: [GET] guest 10000 getting remote object HeteroNETransferVariable.host_forward_dict.0.0.17 from host [9999]"
"2019-08-22 13:30:48,292 - federation.py[line:124] - DEBUG: [REMOTE] Sent hetero_network_embedding_example_standalone_20190822132707-HeteroNETransferVariable.host_forward_dict-HeteroNETransferVariable.host_forward_dict.0.0.17-host-9999-guest-10000"
"2019-08-22 13:30:48,293 - federation.py[line:145] - DEBUG: [GET] host 9999 getting remote object HeteroNETransferVariable.host_optim_gradient.0.0.17 from arbiter [10000]"
"2019-08-22 13:30:48,338 - federation.py[line:46] - DEBUG: [GET] Got hetero_network_embedding_example_standalone_20190822132707-HeteroNETransferVariable.host_forward_dict-HeteroNETransferVariable.host_forward_dict.0.0.17-host-9999-guest-10000 type Table"
"2019-08-22 13:30:49,165 - federation.py[line:124] - DEBUG: [REMOTE] Sent hetero_network_embedding_example_standalone_20190822132707-HeteroNETransferVariable.host_gradient-HeteroNETransferVariable.host_gradient.0.0.17-guest-10000-arbiter-10000"
"2019-08-22 13:30:49,202 - federation.py[line:46] - DEBUG: [GET] Got hetero_network_embedding_example_standalone_20190822132707-HeteroNETransferVariable.host_gradient-HeteroNETransferVariable.host_gradient.0.0.17-guest-10000-arbiter-10000 type Table"
"2019-08-22 13:30:49,203 - federation.py[line:145] - DEBUG: [GET] arbiter 10000 getting remote object HeteroNETransferVariable.guest_gradient.0.0.17 from guest [10000]"
"2019-08-22 13:30:49,697 - federation.py[line:124] - DEBUG: [REMOTE] Sent hetero_network_embedding_example_standalone_20190822132707-HeteroNETransferVariable.guest_gradient-HeteroNETransferVariable.guest_gradient.0.0.17-guest-10000-arbiter-10000"
"2019-08-22 13:30:49,697 - federation.py[line:145] - DEBUG: [GET] guest 10000 getting remote object HeteroNETransferVariable.guest_optim_gradient.0.0.17 from arbiter [10000]"
"2019-08-22 13:30:49,705 - federation.py[line:46] - DEBUG: [GET] Got hetero_network_embedding_example_standalone_20190822132707-HeteroNETransferVariable.guest_gradient-HeteroNETransferVariable.guest_gradient.0.0.17-guest-10000-arbiter-10000 type Table"
"2019-08-22 13:30:49,900 - federation.py[line:46] - DEBUG: [GET] Got hetero_network_embedding_example_standalone_20190822132707-HeteroNETransferVariable.host_optim_gradient-HeteroNETransferVariable.host_optim_gradient.0.0.17-arbiter-10000-host-9999 type Table"
"2019-08-22 13:30:49,911 - federation.py[line:124] - DEBUG: [REMOTE] Sent hetero_network_embedding_example_standalone_20190822132707-HeteroNETransferVariable.host_optim_gradient-HeteroNETransferVariable.host_optim_gradient.0.0.17-arbiter-10000-host-9999"
"2019-08-22 13:30:50,000 - federation.py[line:46] - DEBUG: [GET] Got hetero_network_embedding_example_standalone_20190822132707-HeteroNETransferVariable.guest_optim_gradient-HeteroNETransferVariable.guest_optim_gradient.0.0.17-arbiter-10000-guest-10000 type Table"
"2019-08-22 13:30:50,108 - federation.py[line:124] - DEBUG: [REMOTE] Sent hetero_network_embedding_example_standalone_20190822132707-HeteroNETransferVariable.guest_optim_gradient-HeteroNETransferVariable.guest_optim_gradient.0.0.17-arbiter-10000-guest-10000"
"2019-08-22 13:30:50,109 - federation.py[line:145] - DEBUG: [GET] arbiter 10000 getting remote object HeteroNETransferVariable.loss.0.0.17 from guest [10000]"
"2019-08-22 13:30:50,247 - federation.py[line:145] - DEBUG: [GET] host 9999 getting remote object HeteroNETransferVariable.is_stopped.0.0 from arbiter [10000]"
"2019-08-22 13:30:50,275 - federation.py[line:124] - DEBUG: [REMOTE] Sent hetero_network_embedding_example_standalone_20190822132707-HeteroNETransferVariable.loss-HeteroNETransferVariable.loss.0.0.17-guest-10000-arbiter-10000"
"2019-08-22 13:30:50,310 - federation.py[line:46] - DEBUG: [GET] Got hetero_network_embedding_example_standalone_20190822132707-HeteroNETransferVariable.loss-HeteroNETransferVariable.loss.0.0.17-guest-10000-arbiter-10000 type Object"
"2019-08-22 13:30:50,421 - federation.py[line:124] - DEBUG: [REMOTE] Sent hetero_network_embedding_example_standalone_20190822132707-HeteroNETransferVariable.is_stopped-HeteroNETransferVariable.is_stopped.0.0-arbiter-10000-host-9999"
"2019-08-22 13:30:50,449 - federation.py[line:46] - DEBUG: [GET] Got hetero_network_embedding_example_standalone_20190822132707-HeteroNETransferVariable.is_stopped-HeteroNETransferVariable.is_stopped.0.0-arbiter-10000-host-9999 type Object"
"2019-08-22 13:30:50,783 - federation.py[line:124] - DEBUG: [REMOTE] Sent hetero_network_embedding_example_standalone_20190822132707-HeteroNETransferVariable.is_stopped-HeteroNETransferVariable.is_stopped.0.0-arbiter-10000-guest-10000"
"2019-08-22 13:30:50,784 - federation.py[line:145] - DEBUG: [GET] arbiter 10000 getting remote object HeteroNETransferVariable.host_gradient.0.1.0 from guest [10000]"
"2019-08-22 13:30:50,886 - federation.py[line:145] - DEBUG: [GET] guest 10000 getting remote object HeteroNETransferVariable.is_stopped.0.0 from arbiter [10000]"
"2019-08-22 13:30:50,887 - federation.py[line:46] - DEBUG: [GET] Got hetero_network_embedding_example_standalone_20190822132707-HeteroNETransferVariable.is_stopped-HeteroNETransferVariable.is_stopped.0.0-arbiter-10000-guest-10000 type Object"
"2019-08-22 13:31:00,011 - federation.py[line:145] - DEBUG: [GET] guest 10000 getting remote object HeteroNETransferVariable.host_forward_dict.0.1.0 from host [9999]"
