"2019-08-22 13:27:12,834 - hetero_ne_arbiter.py[line:54] - INFO: Enter hetero_ne_arbiter fit"
"2019-08-22 13:27:12,853 - hetero_ne_arbiter.py[line:61] - INFO: public_key: <PaillierPublicKey 35045b5bbb>"
"2019-08-22 13:27:12,950 - hetero_ne_arbiter.py[line:69] - INFO: remote publick_key to host"
"2019-08-22 13:27:13,039 - hetero_ne_arbiter.py[line:76] - INFO: remote public_key to guest"
"2019-08-22 13:27:17,869 - hetero_ne_arbiter.py[line:81] - INFO: Get batch_info from guest: {'batch_size': 256, 'batch_num': 18}"
"2019-08-22 13:27:17,869 - hetero_ne_arbiter.py[line:88] - INFO: iter: 0"
"2019-08-22 13:27:17,869 - hetero_ne_arbiter.py[line:93] - INFO: batch: 0"
"2019-08-22 13:27:28,857 - hetero_ne_arbiter.py[line:101] - INFO: Get host_gradient from GUEST"
"2019-08-22 13:27:29,562 - hetero_ne_arbiter.py[line:108] - INFO: Get guest_gradient from GUEST"
"2019-08-22 13:27:29,736 - hetero_ne_arbiter.py[line:126] - INFO: host gradients number: 256"
"2019-08-22 13:27:29,737 - hetero_ne_arbiter.py[line:127] - INFO: guest gradients number: 256"
"2019-08-22 13:27:29,758 - hetero_ne_arbiter.py[line:138] - INFO: Remote host_optim_gradient to Host"
"2019-08-22 13:27:29,779 - hetero_ne_arbiter.py[line:149] - INFO: Remote guest_optim_gradient to Guest"
"2019-08-22 13:27:30,082 - hetero_ne_arbiter.py[line:164] - INFO: Get loss from guest: 0.28323418558033575"
"2019-08-22 13:27:30,082 - hetero_ne_arbiter.py[line:93] - INFO: batch: 1"
"2019-08-22 13:27:40,948 - hetero_ne_arbiter.py[line:101] - INFO: Get host_gradient from GUEST"
"2019-08-22 13:27:41,451 - hetero_ne_arbiter.py[line:108] - INFO: Get guest_gradient from GUEST"
"2019-08-22 13:27:41,626 - hetero_ne_arbiter.py[line:126] - INFO: host gradients number: 256"
"2019-08-22 13:27:41,626 - hetero_ne_arbiter.py[line:127] - INFO: guest gradients number: 256"
"2019-08-22 13:27:41,650 - hetero_ne_arbiter.py[line:138] - INFO: Remote host_optim_gradient to Host"
"2019-08-22 13:27:41,676 - hetero_ne_arbiter.py[line:149] - INFO: Remote guest_optim_gradient to Guest"
"2019-08-22 13:27:41,978 - hetero_ne_arbiter.py[line:164] - INFO: Get loss from guest: 0.2872257162338815"
"2019-08-22 13:27:41,978 - hetero_ne_arbiter.py[line:93] - INFO: batch: 2"
"2019-08-22 13:27:52,634 - hetero_ne_arbiter.py[line:101] - INFO: Get host_gradient from GUEST"
"2019-08-22 13:27:53,137 - hetero_ne_arbiter.py[line:108] - INFO: Get guest_gradient from GUEST"
"2019-08-22 13:27:53,269 - hetero_ne_arbiter.py[line:126] - INFO: host gradients number: 256"
"2019-08-22 13:27:53,269 - hetero_ne_arbiter.py[line:127] - INFO: guest gradients number: 256"
"2019-08-22 13:27:53,291 - hetero_ne_arbiter.py[line:138] - INFO: Remote host_optim_gradient to Host"
"2019-08-22 13:27:53,316 - hetero_ne_arbiter.py[line:149] - INFO: Remote guest_optim_gradient to Guest"
"2019-08-22 13:27:53,619 - hetero_ne_arbiter.py[line:164] - INFO: Get loss from guest: 0.6236240980607194"
"2019-08-22 13:27:53,619 - hetero_ne_arbiter.py[line:93] - INFO: batch: 3"
"2019-08-22 13:28:04,811 - hetero_ne_arbiter.py[line:101] - INFO: Get host_gradient from GUEST"
"2019-08-22 13:28:05,515 - hetero_ne_arbiter.py[line:108] - INFO: Get guest_gradient from GUEST"
"2019-08-22 13:28:05,652 - hetero_ne_arbiter.py[line:126] - INFO: host gradients number: 256"
"2019-08-22 13:28:05,652 - hetero_ne_arbiter.py[line:127] - INFO: guest gradients number: 256"
"2019-08-22 13:28:05,670 - hetero_ne_arbiter.py[line:138] - INFO: Remote host_optim_gradient to Host"
"2019-08-22 13:28:05,690 - hetero_ne_arbiter.py[line:149] - INFO: Remote guest_optim_gradient to Guest"
"2019-08-22 13:28:05,992 - hetero_ne_arbiter.py[line:164] - INFO: Get loss from guest: 2.494335182733351"
"2019-08-22 13:28:05,992 - hetero_ne_arbiter.py[line:93] - INFO: batch: 4"
"2019-08-22 13:28:16,845 - hetero_ne_arbiter.py[line:101] - INFO: Get host_gradient from GUEST"
"2019-08-22 13:28:17,548 - hetero_ne_arbiter.py[line:108] - INFO: Get guest_gradient from GUEST"
"2019-08-22 13:28:17,657 - hetero_ne_arbiter.py[line:126] - INFO: host gradients number: 256"
"2019-08-22 13:28:17,657 - hetero_ne_arbiter.py[line:127] - INFO: guest gradients number: 256"
"2019-08-22 13:28:17,672 - hetero_ne_arbiter.py[line:138] - INFO: Remote host_optim_gradient to Host"
"2019-08-22 13:28:17,683 - hetero_ne_arbiter.py[line:149] - INFO: Remote guest_optim_gradient to Guest"
"2019-08-22 13:28:18,287 - hetero_ne_arbiter.py[line:164] - INFO: Get loss from guest: 2.6908377698001638"
"2019-08-22 13:28:18,287 - hetero_ne_arbiter.py[line:93] - INFO: batch: 5"
"2019-08-22 13:28:30,264 - hetero_ne_arbiter.py[line:101] - INFO: Get host_gradient from GUEST"
"2019-08-22 13:28:30,867 - hetero_ne_arbiter.py[line:108] - INFO: Get guest_gradient from GUEST"
"2019-08-22 13:28:31,048 - hetero_ne_arbiter.py[line:126] - INFO: host gradients number: 256"
"2019-08-22 13:28:31,048 - hetero_ne_arbiter.py[line:127] - INFO: guest gradients number: 256"
"2019-08-22 13:28:31,074 - hetero_ne_arbiter.py[line:138] - INFO: Remote host_optim_gradient to Host"
"2019-08-22 13:28:31,091 - hetero_ne_arbiter.py[line:149] - INFO: Remote guest_optim_gradient to Guest"
"2019-08-22 13:28:31,393 - hetero_ne_arbiter.py[line:164] - INFO: Get loss from guest: 2.94710543102561"
"2019-08-22 13:28:31,393 - hetero_ne_arbiter.py[line:93] - INFO: batch: 6"
"2019-08-22 13:28:42,718 - hetero_ne_arbiter.py[line:101] - INFO: Get host_gradient from GUEST"
"2019-08-22 13:28:43,321 - hetero_ne_arbiter.py[line:108] - INFO: Get guest_gradient from GUEST"
"2019-08-22 13:28:43,560 - hetero_ne_arbiter.py[line:126] - INFO: host gradients number: 256"
"2019-08-22 13:28:43,560 - hetero_ne_arbiter.py[line:127] - INFO: guest gradients number: 256"
"2019-08-22 13:28:43,571 - hetero_ne_arbiter.py[line:138] - INFO: Remote host_optim_gradient to Host"
"2019-08-22 13:28:43,582 - hetero_ne_arbiter.py[line:149] - INFO: Remote guest_optim_gradient to Guest"
"2019-08-22 13:28:43,884 - hetero_ne_arbiter.py[line:164] - INFO: Get loss from guest: 2.8420971818845353"
"2019-08-22 13:28:43,884 - hetero_ne_arbiter.py[line:93] - INFO: batch: 7"
"2019-08-22 13:28:54,543 - hetero_ne_arbiter.py[line:101] - INFO: Get host_gradient from GUEST"
"2019-08-22 13:28:55,046 - hetero_ne_arbiter.py[line:108] - INFO: Get guest_gradient from GUEST"
"2019-08-22 13:28:55,246 - hetero_ne_arbiter.py[line:126] - INFO: host gradients number: 256"
"2019-08-22 13:28:55,246 - hetero_ne_arbiter.py[line:127] - INFO: guest gradients number: 256"
"2019-08-22 13:28:55,280 - hetero_ne_arbiter.py[line:138] - INFO: Remote host_optim_gradient to Host"
"2019-08-22 13:28:55,302 - hetero_ne_arbiter.py[line:149] - INFO: Remote guest_optim_gradient to Guest"
"2019-08-22 13:28:55,604 - hetero_ne_arbiter.py[line:164] - INFO: Get loss from guest: 2.5715611148060997"
"2019-08-22 13:28:55,604 - hetero_ne_arbiter.py[line:93] - INFO: batch: 8"
"2019-08-22 13:29:06,158 - hetero_ne_arbiter.py[line:101] - INFO: Get host_gradient from GUEST"
"2019-08-22 13:29:06,661 - hetero_ne_arbiter.py[line:108] - INFO: Get guest_gradient from GUEST"
"2019-08-22 13:29:06,799 - hetero_ne_arbiter.py[line:126] - INFO: host gradients number: 256"
"2019-08-22 13:29:06,800 - hetero_ne_arbiter.py[line:127] - INFO: guest gradients number: 256"
"2019-08-22 13:29:06,814 - hetero_ne_arbiter.py[line:138] - INFO: Remote host_optim_gradient to Host"
"2019-08-22 13:29:06,825 - hetero_ne_arbiter.py[line:149] - INFO: Remote guest_optim_gradient to Guest"
"2019-08-22 13:29:07,128 - hetero_ne_arbiter.py[line:164] - INFO: Get loss from guest: 2.957265451716667"
"2019-08-22 13:29:07,128 - hetero_ne_arbiter.py[line:93] - INFO: batch: 9"
"2019-08-22 13:29:17,683 - hetero_ne_arbiter.py[line:101] - INFO: Get host_gradient from GUEST"
"2019-08-22 13:29:18,286 - hetero_ne_arbiter.py[line:108] - INFO: Get guest_gradient from GUEST"
"2019-08-22 13:29:18,456 - hetero_ne_arbiter.py[line:126] - INFO: host gradients number: 256"
"2019-08-22 13:29:18,457 - hetero_ne_arbiter.py[line:127] - INFO: guest gradients number: 256"
"2019-08-22 13:29:18,478 - hetero_ne_arbiter.py[line:138] - INFO: Remote host_optim_gradient to Host"
"2019-08-22 13:29:18,502 - hetero_ne_arbiter.py[line:149] - INFO: Remote guest_optim_gradient to Guest"
"2019-08-22 13:29:18,804 - hetero_ne_arbiter.py[line:164] - INFO: Get loss from guest: 2.5325100529252316"
"2019-08-22 13:29:18,804 - hetero_ne_arbiter.py[line:93] - INFO: batch: 10"
"2019-08-22 13:29:29,765 - hetero_ne_arbiter.py[line:101] - INFO: Get host_gradient from GUEST"
"2019-08-22 13:29:30,269 - hetero_ne_arbiter.py[line:108] - INFO: Get guest_gradient from GUEST"
"2019-08-22 13:29:30,443 - hetero_ne_arbiter.py[line:126] - INFO: host gradients number: 256"
"2019-08-22 13:29:30,444 - hetero_ne_arbiter.py[line:127] - INFO: guest gradients number: 256"
"2019-08-22 13:29:30,467 - hetero_ne_arbiter.py[line:138] - INFO: Remote host_optim_gradient to Host"
"2019-08-22 13:29:30,489 - hetero_ne_arbiter.py[line:149] - INFO: Remote guest_optim_gradient to Guest"
"2019-08-22 13:29:30,791 - hetero_ne_arbiter.py[line:164] - INFO: Get loss from guest: 2.5079941375366386"
"2019-08-22 13:29:30,791 - hetero_ne_arbiter.py[line:93] - INFO: batch: 11"
"2019-08-22 13:29:41,332 - hetero_ne_arbiter.py[line:101] - INFO: Get host_gradient from GUEST"
"2019-08-22 13:29:41,935 - hetero_ne_arbiter.py[line:108] - INFO: Get guest_gradient from GUEST"
"2019-08-22 13:29:42,098 - hetero_ne_arbiter.py[line:126] - INFO: host gradients number: 256"
"2019-08-22 13:29:42,099 - hetero_ne_arbiter.py[line:127] - INFO: guest gradients number: 256"
"2019-08-22 13:29:42,120 - hetero_ne_arbiter.py[line:138] - INFO: Remote host_optim_gradient to Host"
"2019-08-22 13:29:42,143 - hetero_ne_arbiter.py[line:149] - INFO: Remote guest_optim_gradient to Guest"
"2019-08-22 13:29:42,445 - hetero_ne_arbiter.py[line:164] - INFO: Get loss from guest: 2.686456392029115"
"2019-08-22 13:29:42,445 - hetero_ne_arbiter.py[line:93] - INFO: batch: 12"
"2019-08-22 13:29:52,891 - hetero_ne_arbiter.py[line:101] - INFO: Get host_gradient from GUEST"
"2019-08-22 13:29:53,494 - hetero_ne_arbiter.py[line:108] - INFO: Get guest_gradient from GUEST"
"2019-08-22 13:29:53,667 - hetero_ne_arbiter.py[line:126] - INFO: host gradients number: 256"
"2019-08-22 13:29:53,668 - hetero_ne_arbiter.py[line:127] - INFO: guest gradients number: 256"
"2019-08-22 13:29:53,689 - hetero_ne_arbiter.py[line:138] - INFO: Remote host_optim_gradient to Host"
"2019-08-22 13:29:53,711 - hetero_ne_arbiter.py[line:149] - INFO: Remote guest_optim_gradient to Guest"
"2019-08-22 13:29:54,014 - hetero_ne_arbiter.py[line:164] - INFO: Get loss from guest: 2.78306960979113"
"2019-08-22 13:29:54,014 - hetero_ne_arbiter.py[line:93] - INFO: batch: 13"
"2019-08-22 13:30:04,767 - hetero_ne_arbiter.py[line:101] - INFO: Get host_gradient from GUEST"
"2019-08-22 13:30:05,471 - hetero_ne_arbiter.py[line:108] - INFO: Get guest_gradient from GUEST"
"2019-08-22 13:30:05,654 - hetero_ne_arbiter.py[line:126] - INFO: host gradients number: 256"
"2019-08-22 13:30:05,655 - hetero_ne_arbiter.py[line:127] - INFO: guest gradients number: 256"
"2019-08-22 13:30:05,671 - hetero_ne_arbiter.py[line:138] - INFO: Remote host_optim_gradient to Host"
"2019-08-22 13:30:05,687 - hetero_ne_arbiter.py[line:149] - INFO: Remote guest_optim_gradient to Guest"
"2019-08-22 13:30:05,990 - hetero_ne_arbiter.py[line:164] - INFO: Get loss from guest: 2.712203175506084"
"2019-08-22 13:30:05,990 - hetero_ne_arbiter.py[line:93] - INFO: batch: 14"
"2019-08-22 13:30:16,535 - hetero_ne_arbiter.py[line:101] - INFO: Get host_gradient from GUEST"
"2019-08-22 13:30:17,038 - hetero_ne_arbiter.py[line:108] - INFO: Get guest_gradient from GUEST"
"2019-08-22 13:30:17,222 - hetero_ne_arbiter.py[line:126] - INFO: host gradients number: 256"
"2019-08-22 13:30:17,222 - hetero_ne_arbiter.py[line:127] - INFO: guest gradients number: 256"
"2019-08-22 13:30:17,254 - hetero_ne_arbiter.py[line:138] - INFO: Remote host_optim_gradient to Host"
"2019-08-22 13:30:17,276 - hetero_ne_arbiter.py[line:149] - INFO: Remote guest_optim_gradient to Guest"
"2019-08-22 13:30:17,578 - hetero_ne_arbiter.py[line:164] - INFO: Get loss from guest: 2.726355549281833"
"2019-08-22 13:30:17,578 - hetero_ne_arbiter.py[line:93] - INFO: batch: 15"
"2019-08-22 13:30:28,120 - hetero_ne_arbiter.py[line:101] - INFO: Get host_gradient from GUEST"
"2019-08-22 13:30:28,622 - hetero_ne_arbiter.py[line:108] - INFO: Get guest_gradient from GUEST"
"2019-08-22 13:30:28,790 - hetero_ne_arbiter.py[line:126] - INFO: host gradients number: 256"
"2019-08-22 13:30:28,790 - hetero_ne_arbiter.py[line:127] - INFO: guest gradients number: 256"
"2019-08-22 13:30:28,822 - hetero_ne_arbiter.py[line:138] - INFO: Remote host_optim_gradient to Host"
"2019-08-22 13:30:28,844 - hetero_ne_arbiter.py[line:149] - INFO: Remote guest_optim_gradient to Guest"
"2019-08-22 13:30:29,246 - hetero_ne_arbiter.py[line:164] - INFO: Get loss from guest: 2.610581941289676"
"2019-08-22 13:30:29,246 - hetero_ne_arbiter.py[line:93] - INFO: batch: 16"
"2019-08-22 13:30:41,295 - hetero_ne_arbiter.py[line:101] - INFO: Get host_gradient from GUEST"
"2019-08-22 13:30:42,601 - hetero_ne_arbiter.py[line:108] - INFO: Get guest_gradient from GUEST"
"2019-08-22 13:30:42,745 - hetero_ne_arbiter.py[line:126] - INFO: host gradients number: 256"
"2019-08-22 13:30:42,745 - hetero_ne_arbiter.py[line:127] - INFO: guest gradients number: 256"
"2019-08-22 13:30:42,757 - hetero_ne_arbiter.py[line:138] - INFO: Remote host_optim_gradient to Host"
"2019-08-22 13:30:42,775 - hetero_ne_arbiter.py[line:149] - INFO: Remote guest_optim_gradient to Guest"
"2019-08-22 13:30:43,078 - hetero_ne_arbiter.py[line:164] - INFO: Get loss from guest: 2.399226636796235"
"2019-08-22 13:30:43,078 - hetero_ne_arbiter.py[line:93] - INFO: batch: 17"
"2019-08-22 13:30:49,203 - hetero_ne_arbiter.py[line:101] - INFO: Get host_gradient from GUEST"
"2019-08-22 13:30:49,706 - hetero_ne_arbiter.py[line:108] - INFO: Get guest_gradient from GUEST"
"2019-08-22 13:30:49,877 - hetero_ne_arbiter.py[line:126] - INFO: host gradients number: 88"
"2019-08-22 13:30:49,877 - hetero_ne_arbiter.py[line:127] - INFO: guest gradients number: 88"
"2019-08-22 13:30:49,911 - hetero_ne_arbiter.py[line:138] - INFO: Remote host_optim_gradient to Host"
"2019-08-22 13:30:50,108 - hetero_ne_arbiter.py[line:149] - INFO: Remote guest_optim_gradient to Guest"
"2019-08-22 13:30:50,310 - hetero_ne_arbiter.py[line:164] - INFO: Get loss from guest: 2.3784464783554173"
"2019-08-22 13:30:50,310 - hetero_ne_arbiter.py[line:171] - INFO: iter loss: 2.2796738947418174"
"2019-08-22 13:30:50,421 - hetero_ne_arbiter.py[line:183] - INFO: Remote is_stop to host: False"
"2019-08-22 13:30:50,783 - hetero_ne_arbiter.py[line:193] - INFO: Remote is_stop to guest: False"
"2019-08-22 13:30:50,783 - hetero_ne_arbiter.py[line:88] - INFO: iter: 1"
"2019-08-22 13:30:50,783 - hetero_ne_arbiter.py[line:93] - INFO: batch: 0"
