"2019-08-22 13:27:14,676 - hetero_ne_host.py[line:42] - INFO: Enter hetero_ne host"
"2019-08-22 13:27:14,676 - hetero_ne_host.py[line:44] - INFO: Host party has 2319 nodes"
"2019-08-22 13:27:14,978 - hetero_ne_host.py[line:47] - INFO: Transform input data to train instance"
"2019-08-22 13:27:14,979 - hetero_ne_host.py[line:54] - INFO: Get Publick key from arbiter:<PaillierPublicKey 35045b5bbb>"
"2019-08-22 13:27:17,793 - hetero_ne_host.py[line:60] - INFO: Get batch_info from guest: {'batch_size': 256, 'batch_num': 18}"
"2019-08-22 13:27:17,793 - hetero_ne_host.py[line:74] - INFO: Start initilize model."
"2019-08-22 13:27:17,794 - hetero_ne_host.py[line:81] - INFO: iter: 0"
"2019-08-22 13:27:17,794 - hetero_ne_host.py[line:84] - INFO: batch:0"
"2019-08-22 13:27:17,895 - hetero_ne_host.py[line:97] - INFO: Get batch_index from Guest"
"2019-08-22 13:27:17,973 - hetero_ne_host.py[line:110] - INFO: batch_data_inst size:256"
"2019-08-22 13:27:28,262 - hetero_ne_host.py[line:125] - INFO: Remote host_forward to guest"
"2019-08-22 13:27:29,770 - hetero_ne_host.py[line:135] - INFO: Get optim_host_gradient from arbiter"
"2019-08-22 13:27:29,881 - hetero_ne_host.py[line:138] - INFO: update_model"
"2019-08-22 13:27:29,987 - hetero_ne_host.py[line:84] - INFO: batch:1"
"2019-08-22 13:27:30,698 - hetero_ne_host.py[line:97] - INFO: Get batch_index from Guest"
"2019-08-22 13:27:30,782 - hetero_ne_host.py[line:110] - INFO: batch_data_inst size:256"
"2019-08-22 13:27:40,334 - hetero_ne_host.py[line:125] - INFO: Remote host_forward to guest"
"2019-08-22 13:27:41,741 - hetero_ne_host.py[line:135] - INFO: Get optim_host_gradient from arbiter"
"2019-08-22 13:27:41,831 - hetero_ne_host.py[line:138] - INFO: update_model"
"2019-08-22 13:27:41,949 - hetero_ne_host.py[line:84] - INFO: batch:2"
"2019-08-22 13:27:42,563 - hetero_ne_host.py[line:97] - INFO: Get batch_index from Guest"
"2019-08-22 13:27:42,640 - hetero_ne_host.py[line:110] - INFO: batch_data_inst size:256"
"2019-08-22 13:27:51,974 - hetero_ne_host.py[line:125] - INFO: Remote host_forward to guest"
"2019-08-22 13:27:53,381 - hetero_ne_host.py[line:135] - INFO: Get optim_host_gradient from arbiter"
"2019-08-22 13:27:53,485 - hetero_ne_host.py[line:138] - INFO: update_model"
"2019-08-22 13:27:53,580 - hetero_ne_host.py[line:84] - INFO: batch:3"
"2019-08-22 13:27:53,882 - hetero_ne_host.py[line:97] - INFO: Get batch_index from Guest"
"2019-08-22 13:27:54,166 - hetero_ne_host.py[line:110] - INFO: batch_data_inst size:256"
"2019-08-22 13:28:03,861 - hetero_ne_host.py[line:125] - INFO: Remote host_forward to guest"
"2019-08-22 13:28:05,673 - hetero_ne_host.py[line:135] - INFO: Get optim_host_gradient from arbiter"
"2019-08-22 13:28:05,744 - hetero_ne_host.py[line:138] - INFO: update_model"
"2019-08-22 13:28:05,829 - hetero_ne_host.py[line:84] - INFO: batch:4"
"2019-08-22 13:28:06,350 - hetero_ne_host.py[line:97] - INFO: Get batch_index from Guest"
"2019-08-22 13:28:06,657 - hetero_ne_host.py[line:110] - INFO: batch_data_inst size:256"
"2019-08-22 13:28:16,176 - hetero_ne_host.py[line:125] - INFO: Remote host_forward to guest"
"2019-08-22 13:28:17,683 - hetero_ne_host.py[line:135] - INFO: Get optim_host_gradient from arbiter"
"2019-08-22 13:28:17,848 - hetero_ne_host.py[line:138] - INFO: update_model"
"2019-08-22 13:28:18,179 - hetero_ne_host.py[line:84] - INFO: batch:5"
"2019-08-22 13:28:19,585 - hetero_ne_host.py[line:97] - INFO: Get batch_index from Guest"
"2019-08-22 13:28:19,680 - hetero_ne_host.py[line:110] - INFO: batch_data_inst size:256"
"2019-08-22 13:28:29,660 - hetero_ne_host.py[line:125] - INFO: Remote host_forward to guest"
"2019-08-22 13:28:31,168 - hetero_ne_host.py[line:135] - INFO: Get optim_host_gradient from arbiter"
"2019-08-22 13:28:31,256 - hetero_ne_host.py[line:138] - INFO: update_model"
"2019-08-22 13:28:31,333 - hetero_ne_host.py[line:84] - INFO: batch:6"
"2019-08-22 13:28:31,735 - hetero_ne_host.py[line:97] - INFO: Get batch_index from Guest"
"2019-08-22 13:28:31,881 - hetero_ne_host.py[line:110] - INFO: batch_data_inst size:256"
"2019-08-22 13:28:42,110 - hetero_ne_host.py[line:125] - INFO: Remote host_forward to guest"
"2019-08-22 13:28:43,617 - hetero_ne_host.py[line:135] - INFO: Get optim_host_gradient from arbiter"
"2019-08-22 13:28:43,732 - hetero_ne_host.py[line:138] - INFO: update_model"
"2019-08-22 13:28:43,828 - hetero_ne_host.py[line:84] - INFO: batch:7"
"2019-08-22 13:28:44,130 - hetero_ne_host.py[line:97] - INFO: Get batch_index from Guest"
"2019-08-22 13:28:44,425 - hetero_ne_host.py[line:110] - INFO: batch_data_inst size:256"
"2019-08-22 13:28:53,857 - hetero_ne_host.py[line:125] - INFO: Remote host_forward to guest"
"2019-08-22 13:28:55,364 - hetero_ne_host.py[line:135] - INFO: Get optim_host_gradient from arbiter"
"2019-08-22 13:28:55,491 - hetero_ne_host.py[line:138] - INFO: update_model"
"2019-08-22 13:28:55,602 - hetero_ne_host.py[line:84] - INFO: batch:8"
"2019-08-22 13:28:56,106 - hetero_ne_host.py[line:97] - INFO: Get batch_index from Guest"
"2019-08-22 13:28:56,190 - hetero_ne_host.py[line:110] - INFO: batch_data_inst size:256"
"2019-08-22 13:29:05,469 - hetero_ne_host.py[line:125] - INFO: Remote host_forward to guest"
"2019-08-22 13:29:06,875 - hetero_ne_host.py[line:135] - INFO: Get optim_host_gradient from arbiter"
"2019-08-22 13:29:06,988 - hetero_ne_host.py[line:138] - INFO: update_model"
"2019-08-22 13:29:07,078 - hetero_ne_host.py[line:84] - INFO: batch:9"
"2019-08-22 13:29:07,481 - hetero_ne_host.py[line:97] - INFO: Get batch_index from Guest"
"2019-08-22 13:29:07,641 - hetero_ne_host.py[line:110] - INFO: batch_data_inst size:256"
"2019-08-22 13:29:17,100 - hetero_ne_host.py[line:125] - INFO: Remote host_forward to guest"
"2019-08-22 13:29:18,507 - hetero_ne_host.py[line:135] - INFO: Get optim_host_gradient from arbiter"
"2019-08-22 13:29:18,646 - hetero_ne_host.py[line:138] - INFO: update_model"
"2019-08-22 13:29:18,759 - hetero_ne_host.py[line:84] - INFO: batch:10"
"2019-08-22 13:29:19,262 - hetero_ne_host.py[line:97] - INFO: Get batch_index from Guest"
"2019-08-22 13:29:19,323 - hetero_ne_host.py[line:110] - INFO: batch_data_inst size:256"
"2019-08-22 13:29:29,010 - hetero_ne_host.py[line:125] - INFO: Remote host_forward to guest"
"2019-08-22 13:29:30,517 - hetero_ne_host.py[line:135] - INFO: Get optim_host_gradient from arbiter"
"2019-08-22 13:29:30,657 - hetero_ne_host.py[line:138] - INFO: update_model"
"2019-08-22 13:29:30,747 - hetero_ne_host.py[line:84] - INFO: batch:11"
"2019-08-22 13:29:31,250 - hetero_ne_host.py[line:97] - INFO: Get batch_index from Guest"
"2019-08-22 13:29:31,334 - hetero_ne_host.py[line:110] - INFO: batch_data_inst size:256"
"2019-08-22 13:29:40,191 - hetero_ne_host.py[line:125] - INFO: Remote host_forward to guest"
"2019-08-22 13:29:42,201 - hetero_ne_host.py[line:135] - INFO: Get optim_host_gradient from arbiter"
"2019-08-22 13:29:42,333 - hetero_ne_host.py[line:138] - INFO: update_model"
"2019-08-22 13:29:42,443 - hetero_ne_host.py[line:84] - INFO: batch:12"
"2019-08-22 13:29:43,046 - hetero_ne_host.py[line:97] - INFO: Get batch_index from Guest"
"2019-08-22 13:29:43,097 - hetero_ne_host.py[line:110] - INFO: batch_data_inst size:256"
"2019-08-22 13:29:52,220 - hetero_ne_host.py[line:125] - INFO: Remote host_forward to guest"
"2019-08-22 13:29:53,727 - hetero_ne_host.py[line:135] - INFO: Get optim_host_gradient from arbiter"
"2019-08-22 13:29:53,889 - hetero_ne_host.py[line:138] - INFO: update_model"
"2019-08-22 13:29:53,989 - hetero_ne_host.py[line:84] - INFO: batch:13"
"2019-08-22 13:29:54,492 - hetero_ne_host.py[line:97] - INFO: Get batch_index from Guest"
"2019-08-22 13:29:54,577 - hetero_ne_host.py[line:110] - INFO: batch_data_inst size:256"
"2019-08-22 13:30:04,129 - hetero_ne_host.py[line:125] - INFO: Remote host_forward to guest"
"2019-08-22 13:30:05,736 - hetero_ne_host.py[line:135] - INFO: Get optim_host_gradient from arbiter"
"2019-08-22 13:30:05,842 - hetero_ne_host.py[line:138] - INFO: update_model"
"2019-08-22 13:30:05,922 - hetero_ne_host.py[line:84] - INFO: batch:14"
"2019-08-22 13:30:06,526 - hetero_ne_host.py[line:97] - INFO: Get batch_index from Guest"
"2019-08-22 13:30:06,590 - hetero_ne_host.py[line:110] - INFO: batch_data_inst size:256"
"2019-08-22 13:30:15,690 - hetero_ne_host.py[line:125] - INFO: Remote host_forward to guest"
"2019-08-22 13:30:17,297 - hetero_ne_host.py[line:135] - INFO: Get optim_host_gradient from arbiter"
"2019-08-22 13:30:17,444 - hetero_ne_host.py[line:138] - INFO: update_model"
"2019-08-22 13:30:17,570 - hetero_ne_host.py[line:84] - INFO: batch:15"
"2019-08-22 13:30:18,075 - hetero_ne_host.py[line:97] - INFO: Get batch_index from Guest"
"2019-08-22 13:30:18,176 - hetero_ne_host.py[line:110] - INFO: batch_data_inst size:256"
"2019-08-22 13:30:27,502 - hetero_ne_host.py[line:125] - INFO: Remote host_forward to guest"
"2019-08-22 13:30:28,909 - hetero_ne_host.py[line:135] - INFO: Get optim_host_gradient from arbiter"
"2019-08-22 13:30:29,044 - hetero_ne_host.py[line:138] - INFO: update_model"
"2019-08-22 13:30:29,154 - hetero_ne_host.py[line:84] - INFO: batch:16"
"2019-08-22 13:30:29,757 - hetero_ne_host.py[line:97] - INFO: Get batch_index from Guest"
"2019-08-22 13:30:29,815 - hetero_ne_host.py[line:110] - INFO: batch_data_inst size:256"
"2019-08-22 13:30:40,341 - hetero_ne_host.py[line:125] - INFO: Remote host_forward to guest"
"2019-08-22 13:30:42,753 - hetero_ne_host.py[line:135] - INFO: Get optim_host_gradient from arbiter"
"2019-08-22 13:30:42,929 - hetero_ne_host.py[line:138] - INFO: update_model"
"2019-08-22 13:30:42,999 - hetero_ne_host.py[line:84] - INFO: batch:17"
"2019-08-22 13:30:43,602 - hetero_ne_host.py[line:97] - INFO: Get batch_index from Guest"
"2019-08-22 13:30:43,704 - hetero_ne_host.py[line:110] - INFO: batch_data_inst size:88"
"2019-08-22 13:30:48,293 - hetero_ne_host.py[line:125] - INFO: Remote host_forward to guest"
"2019-08-22 13:30:49,900 - hetero_ne_host.py[line:135] - INFO: Get optim_host_gradient from arbiter"
"2019-08-22 13:30:50,177 - hetero_ne_host.py[line:138] - INFO: update_model"
"2019-08-22 13:30:50,451 - hetero_ne_host.py[line:155] - INFO: Get is_stop flag from arbiter:[False]"
"2019-08-22 13:30:50,451 - hetero_ne_host.py[line:159] - INFO: Get stop signal from arbiter, model is converged, iter:1"
"2019-08-22 13:31:38,612 - hetero_ne_host.py[line:167] - INFO: Reach max iter 10, train mode finish!"
