"2019-08-22 13:27:14,471 - hetero_ne_guest.py[line:63] - INFO: samples number:4440"
"2019-08-22 13:27:14,471 - hetero_ne_guest.py[line:64] - INFO: Enter hetero_ne_guest fit"
"2019-08-22 13:27:14,471 - hetero_ne_guest.py[line:66] - INFO: Guest party has 2358 nodes"
"2019-08-22 13:27:14,761 - hetero_ne_guest.py[line:69] - INFO: Transform input data to train instance"
"2019-08-22 13:27:14,769 - hetero_ne_guest.py[line:76] - INFO: Get public_key from arbiter:<PaillierPublicKey 35045b5bbb>"
"2019-08-22 13:27:14,769 - hetero_ne_guest.py[line:79] - INFO: Generate mini-batch from input data"
"2019-08-22 13:27:17,737 - hetero_ne_guest.py[line:83] - INFO: samples number:4440"
"2019-08-22 13:27:17,737 - hetero_ne_guest.py[line:89] - INFO: batch_info:{'batch_size': 256, 'batch_num': 18}"
"2019-08-22 13:27:17,768 - hetero_ne_guest.py[line:95] - INFO: Remote batch_info to Host"
"2019-08-22 13:27:17,803 - hetero_ne_guest.py[line:102] - INFO: Remote batch_info to Arbiter"
"2019-08-22 13:27:17,803 - hetero_ne_guest.py[line:109] - INFO: Start initialize model."
"2019-08-22 13:27:17,804 - hetero_ne_guest.py[line:111] - INFO: Embedding shape=(2358, 10)"
"2019-08-22 13:27:17,804 - hetero_ne_guest.py[line:118] - INFO: iter:0"
"2019-08-22 13:27:17,804 - hetero_ne_guest.py[line:125] - INFO: batch:0"
"2019-08-22 13:27:17,804 - hetero_ne_guest.py[line:129] - INFO: remote mini-batch index to Host"
"2019-08-22 13:27:28,327 - hetero_ne_guest.py[line:161] - INFO: Get host_forward from host"
"2019-08-22 13:27:28,842 - hetero_ne_guest.py[line:181] - INFO: Remote host_gradient to arbiter"
"2019-08-22 13:27:29,472 - hetero_ne_guest.py[line:197] - INFO: Remote guest_gradient to arbiter"
"2019-08-22 13:27:29,775 - hetero_ne_guest.py[line:206] - INFO: Get optim_guest_gradient from arbiter"
"2019-08-22 13:27:29,775 - hetero_ne_guest.py[line:209] - INFO: update node embedding"
"2019-08-22 13:27:30,004 - hetero_ne_guest.py[line:228] - INFO: Remote loss to arbiter"
"2019-08-22 13:27:30,373 - hetero_ne_guest.py[line:125] - INFO: batch:1"
"2019-08-22 13:27:30,374 - hetero_ne_guest.py[line:129] - INFO: remote mini-batch index to Host"
"2019-08-22 13:27:40,411 - hetero_ne_guest.py[line:161] - INFO: Get host_forward from host"
"2019-08-22 13:27:40,876 - hetero_ne_guest.py[line:181] - INFO: Remote host_gradient to arbiter"
"2019-08-22 13:27:41,405 - hetero_ne_guest.py[line:197] - INFO: Remote guest_gradient to arbiter"
"2019-08-22 13:27:41,708 - hetero_ne_guest.py[line:206] - INFO: Get optim_guest_gradient from arbiter"
"2019-08-22 13:27:41,708 - hetero_ne_guest.py[line:209] - INFO: update node embedding"
"2019-08-22 13:27:41,949 - hetero_ne_guest.py[line:228] - INFO: Remote loss to arbiter"
"2019-08-22 13:27:42,462 - hetero_ne_guest.py[line:125] - INFO: batch:2"
"2019-08-22 13:27:42,462 - hetero_ne_guest.py[line:129] - INFO: remote mini-batch index to Host"
"2019-08-22 13:27:52,052 - hetero_ne_guest.py[line:161] - INFO: Get host_forward from host"
"2019-08-22 13:27:52,546 - hetero_ne_guest.py[line:181] - INFO: Remote host_gradient to arbiter"
"2019-08-22 13:27:53,060 - hetero_ne_guest.py[line:197] - INFO: Remote guest_gradient to arbiter"
"2019-08-22 13:27:53,363 - hetero_ne_guest.py[line:206] - INFO: Get optim_guest_gradient from arbiter"
"2019-08-22 13:27:53,363 - hetero_ne_guest.py[line:209] - INFO: update node embedding"
"2019-08-22 13:27:53,567 - hetero_ne_guest.py[line:228] - INFO: Remote loss to arbiter"
"2019-08-22 13:27:53,793 - hetero_ne_guest.py[line:125] - INFO: batch:3"
"2019-08-22 13:27:53,794 - hetero_ne_guest.py[line:129] - INFO: remote mini-batch index to Host"
"2019-08-22 13:28:04,273 - hetero_ne_guest.py[line:161] - INFO: Get host_forward from host"
"2019-08-22 13:28:04,792 - hetero_ne_guest.py[line:181] - INFO: Remote host_gradient to arbiter"
"2019-08-22 13:28:05,430 - hetero_ne_guest.py[line:197] - INFO: Remote guest_gradient to arbiter"
"2019-08-22 13:28:05,733 - hetero_ne_guest.py[line:206] - INFO: Get optim_guest_gradient from arbiter"
"2019-08-22 13:28:05,733 - hetero_ne_guest.py[line:209] - INFO: update node embedding"
"2019-08-22 13:28:05,924 - hetero_ne_guest.py[line:228] - INFO: Remote loss to arbiter"
"2019-08-22 13:28:06,193 - hetero_ne_guest.py[line:125] - INFO: batch:4"
"2019-08-22 13:28:06,193 - hetero_ne_guest.py[line:129] - INFO: remote mini-batch index to Host"
"2019-08-22 13:28:16,177 - hetero_ne_guest.py[line:161] - INFO: Get host_forward from host"
"2019-08-22 13:28:16,802 - hetero_ne_guest.py[line:181] - INFO: Remote host_gradient to arbiter"
"2019-08-22 13:28:17,472 - hetero_ne_guest.py[line:197] - INFO: Remote guest_gradient to arbiter"
"2019-08-22 13:28:17,775 - hetero_ne_guest.py[line:206] - INFO: Get optim_guest_gradient from arbiter"
"2019-08-22 13:28:17,775 - hetero_ne_guest.py[line:209] - INFO: update node embedding"
"2019-08-22 13:28:18,325 - hetero_ne_guest.py[line:228] - INFO: Remote loss to arbiter"
"2019-08-22 13:28:19,568 - hetero_ne_guest.py[line:125] - INFO: batch:5"
"2019-08-22 13:28:19,568 - hetero_ne_guest.py[line:129] - INFO: remote mini-batch index to Host"
"2019-08-22 13:28:29,746 - hetero_ne_guest.py[line:161] - INFO: Get host_forward from host"
"2019-08-22 13:28:30,258 - hetero_ne_guest.py[line:181] - INFO: Remote host_gradient to arbiter"
"2019-08-22 13:28:30,837 - hetero_ne_guest.py[line:197] - INFO: Remote guest_gradient to arbiter"
"2019-08-22 13:28:31,139 - hetero_ne_guest.py[line:206] - INFO: Get optim_guest_gradient from arbiter"
"2019-08-22 13:28:31,139 - hetero_ne_guest.py[line:209] - INFO: update node embedding"
"2019-08-22 13:28:31,344 - hetero_ne_guest.py[line:228] - INFO: Remote loss to arbiter"
"2019-08-22 13:28:31,637 - hetero_ne_guest.py[line:125] - INFO: batch:6"
"2019-08-22 13:28:31,637 - hetero_ne_guest.py[line:129] - INFO: remote mini-batch index to Host"
"2019-08-22 13:28:42,121 - hetero_ne_guest.py[line:161] - INFO: Get host_forward from host"
"2019-08-22 13:28:42,692 - hetero_ne_guest.py[line:181] - INFO: Remote host_gradient to arbiter"
"2019-08-22 13:28:43,251 - hetero_ne_guest.py[line:197] - INFO: Remote guest_gradient to arbiter"
"2019-08-22 13:28:43,654 - hetero_ne_guest.py[line:206] - INFO: Get optim_guest_gradient from arbiter"
"2019-08-22 13:28:43,654 - hetero_ne_guest.py[line:209] - INFO: update node embedding"
"2019-08-22 13:28:43,828 - hetero_ne_guest.py[line:228] - INFO: Remote loss to arbiter"
"2019-08-22 13:28:44,102 - hetero_ne_guest.py[line:125] - INFO: batch:7"
"2019-08-22 13:28:44,102 - hetero_ne_guest.py[line:129] - INFO: remote mini-batch index to Host"
"2019-08-22 13:28:53,940 - hetero_ne_guest.py[line:161] - INFO: Get host_forward from host"
"2019-08-22 13:28:54,473 - hetero_ne_guest.py[line:181] - INFO: Remote host_gradient to arbiter"
"2019-08-22 13:28:55,047 - hetero_ne_guest.py[line:197] - INFO: Remote guest_gradient to arbiter"
"2019-08-22 13:28:55,349 - hetero_ne_guest.py[line:206] - INFO: Get optim_guest_gradient from arbiter"
"2019-08-22 13:28:55,349 - hetero_ne_guest.py[line:209] - INFO: update node embedding"
"2019-08-22 13:28:55,580 - hetero_ne_guest.py[line:228] - INFO: Remote loss to arbiter"
"2019-08-22 13:28:56,072 - hetero_ne_guest.py[line:125] - INFO: batch:8"
"2019-08-22 13:28:56,072 - hetero_ne_guest.py[line:129] - INFO: remote mini-batch index to Host"
"2019-08-22 13:29:05,498 - hetero_ne_guest.py[line:161] - INFO: Get host_forward from host"
"2019-08-22 13:29:06,110 - hetero_ne_guest.py[line:181] - INFO: Remote host_gradient to arbiter"
"2019-08-22 13:29:06,584 - hetero_ne_guest.py[line:197] - INFO: Remote guest_gradient to arbiter"
"2019-08-22 13:29:06,887 - hetero_ne_guest.py[line:206] - INFO: Get optim_guest_gradient from arbiter"
"2019-08-22 13:29:06,887 - hetero_ne_guest.py[line:209] - INFO: update node embedding"
"2019-08-22 13:29:07,088 - hetero_ne_guest.py[line:228] - INFO: Remote loss to arbiter"
"2019-08-22 13:29:07,380 - hetero_ne_guest.py[line:125] - INFO: batch:9"
"2019-08-22 13:29:07,380 - hetero_ne_guest.py[line:129] - INFO: remote mini-batch index to Host"
"2019-08-22 13:29:17,117 - hetero_ne_guest.py[line:161] - INFO: Get host_forward from host"
"2019-08-22 13:29:17,661 - hetero_ne_guest.py[line:181] - INFO: Remote host_gradient to arbiter"
"2019-08-22 13:29:18,200 - hetero_ne_guest.py[line:197] - INFO: Remote guest_gradient to arbiter"
"2019-08-22 13:29:18,502 - hetero_ne_guest.py[line:206] - INFO: Get optim_guest_gradient from arbiter"
"2019-08-22 13:29:18,503 - hetero_ne_guest.py[line:209] - INFO: update node embedding"
"2019-08-22 13:29:18,781 - hetero_ne_guest.py[line:228] - INFO: Remote loss to arbiter"
"2019-08-22 13:29:19,203 - hetero_ne_guest.py[line:125] - INFO: batch:10"
"2019-08-22 13:29:19,203 - hetero_ne_guest.py[line:129] - INFO: remote mini-batch index to Host"
"2019-08-22 13:29:29,100 - hetero_ne_guest.py[line:161] - INFO: Get host_forward from host"
"2019-08-22 13:29:29,689 - hetero_ne_guest.py[line:181] - INFO: Remote host_gradient to arbiter"
"2019-08-22 13:29:30,221 - hetero_ne_guest.py[line:197] - INFO: Remote guest_gradient to arbiter"
"2019-08-22 13:29:30,523 - hetero_ne_guest.py[line:206] - INFO: Get optim_guest_gradient from arbiter"
"2019-08-22 13:29:30,524 - hetero_ne_guest.py[line:209] - INFO: update node embedding"
"2019-08-22 13:29:30,769 - hetero_ne_guest.py[line:228] - INFO: Remote loss to arbiter"
"2019-08-22 13:29:31,191 - hetero_ne_guest.py[line:125] - INFO: batch:11"
"2019-08-22 13:29:31,192 - hetero_ne_guest.py[line:129] - INFO: remote mini-batch index to Host"
"2019-08-22 13:29:40,723 - hetero_ne_guest.py[line:161] - INFO: Get host_forward from host"
"2019-08-22 13:29:41,288 - hetero_ne_guest.py[line:181] - INFO: Remote host_gradient to arbiter"
"2019-08-22 13:29:41,887 - hetero_ne_guest.py[line:197] - INFO: Remote guest_gradient to arbiter"
"2019-08-22 13:29:42,190 - hetero_ne_guest.py[line:206] - INFO: Get optim_guest_gradient from arbiter"
"2019-08-22 13:29:42,190 - hetero_ne_guest.py[line:209] - INFO: update node embedding"
"2019-08-22 13:29:42,423 - hetero_ne_guest.py[line:228] - INFO: Remote loss to arbiter"
"2019-08-22 13:29:42,937 - hetero_ne_guest.py[line:125] - INFO: batch:12"
"2019-08-22 13:29:42,937 - hetero_ne_guest.py[line:129] - INFO: remote mini-batch index to Host"
"2019-08-22 13:29:52,295 - hetero_ne_guest.py[line:161] - INFO: Get host_forward from host"
"2019-08-22 13:29:52,887 - hetero_ne_guest.py[line:181] - INFO: Remote host_gradient to arbiter"
"2019-08-22 13:29:53,456 - hetero_ne_guest.py[line:197] - INFO: Remote guest_gradient to arbiter"
"2019-08-22 13:29:53,758 - hetero_ne_guest.py[line:206] - INFO: Get optim_guest_gradient from arbiter"
"2019-08-22 13:29:53,758 - hetero_ne_guest.py[line:209] - INFO: update node embedding"
"2019-08-22 13:29:53,989 - hetero_ne_guest.py[line:228] - INFO: Remote loss to arbiter"
"2019-08-22 13:29:54,479 - hetero_ne_guest.py[line:125] - INFO: batch:13"
"2019-08-22 13:29:54,480 - hetero_ne_guest.py[line:129] - INFO: remote mini-batch index to Host"
"2019-08-22 13:30:04,125 - hetero_ne_guest.py[line:161] - INFO: Get host_forward from host"
"2019-08-22 13:30:04,735 - hetero_ne_guest.py[line:181] - INFO: Remote host_gradient to arbiter"
"2019-08-22 13:30:05,448 - hetero_ne_guest.py[line:197] - INFO: Remote guest_gradient to arbiter"
"2019-08-22 13:30:05,751 - hetero_ne_guest.py[line:206] - INFO: Get optim_guest_gradient from arbiter"
"2019-08-22 13:30:05,752 - hetero_ne_guest.py[line:209] - INFO: update node embedding"
"2019-08-22 13:30:05,944 - hetero_ne_guest.py[line:228] - INFO: Remote loss to arbiter"
"2019-08-22 13:30:06,462 - hetero_ne_guest.py[line:125] - INFO: batch:14"
"2019-08-22 13:30:06,463 - hetero_ne_guest.py[line:129] - INFO: remote mini-batch index to Host"
"2019-08-22 13:30:15,769 - hetero_ne_guest.py[line:161] - INFO: Get host_forward from host"
"2019-08-22 13:30:16,462 - hetero_ne_guest.py[line:181] - INFO: Remote host_gradient to arbiter"
"2019-08-22 13:30:16,987 - hetero_ne_guest.py[line:197] - INFO: Remote guest_gradient to arbiter"
"2019-08-22 13:30:17,290 - hetero_ne_guest.py[line:206] - INFO: Get optim_guest_gradient from arbiter"
"2019-08-22 13:30:17,290 - hetero_ne_guest.py[line:209] - INFO: update node embedding"
"2019-08-22 13:30:17,577 - hetero_ne_guest.py[line:228] - INFO: Remote loss to arbiter"
"2019-08-22 13:30:18,055 - hetero_ne_guest.py[line:125] - INFO: batch:15"
"2019-08-22 13:30:18,056 - hetero_ne_guest.py[line:129] - INFO: remote mini-batch index to Host"
"2019-08-22 13:30:27,514 - hetero_ne_guest.py[line:161] - INFO: Get host_forward from host"
"2019-08-22 13:30:28,097 - hetero_ne_guest.py[line:181] - INFO: Remote host_gradient to arbiter"
"2019-08-22 13:30:28,621 - hetero_ne_guest.py[line:197] - INFO: Remote guest_gradient to arbiter"
"2019-08-22 13:30:28,923 - hetero_ne_guest.py[line:206] - INFO: Get optim_guest_gradient from arbiter"
"2019-08-22 13:30:28,923 - hetero_ne_guest.py[line:209] - INFO: update node embedding"
"2019-08-22 13:30:29,176 - hetero_ne_guest.py[line:228] - INFO: Remote loss to arbiter"
"2019-08-22 13:30:29,699 - hetero_ne_guest.py[line:125] - INFO: batch:16"
"2019-08-22 13:30:29,699 - hetero_ne_guest.py[line:129] - INFO: remote mini-batch index to Host"
"2019-08-22 13:30:40,370 - hetero_ne_guest.py[line:161] - INFO: Get host_forward from host"
"2019-08-22 13:30:41,340 - hetero_ne_guest.py[line:181] - INFO: Remote host_gradient to arbiter"
"2019-08-22 13:30:42,536 - hetero_ne_guest.py[line:197] - INFO: Remote guest_gradient to arbiter"
"2019-08-22 13:30:42,838 - hetero_ne_guest.py[line:206] - INFO: Get optim_guest_gradient from arbiter"
"2019-08-22 13:30:42,838 - hetero_ne_guest.py[line:209] - INFO: update node embedding"
"2019-08-22 13:30:43,031 - hetero_ne_guest.py[line:228] - INFO: Remote loss to arbiter"
"2019-08-22 13:30:43,497 - hetero_ne_guest.py[line:125] - INFO: batch:17"
"2019-08-22 13:30:43,497 - hetero_ne_guest.py[line:129] - INFO: remote mini-batch index to Host"
"2019-08-22 13:30:48,338 - hetero_ne_guest.py[line:161] - INFO: Get host_forward from host"
"2019-08-22 13:30:49,165 - hetero_ne_guest.py[line:181] - INFO: Remote host_gradient to arbiter"
"2019-08-22 13:30:49,697 - hetero_ne_guest.py[line:197] - INFO: Remote guest_gradient to arbiter"
"2019-08-22 13:30:50,109 - hetero_ne_guest.py[line:206] - INFO: Get optim_guest_gradient from arbiter"
"2019-08-22 13:30:50,109 - hetero_ne_guest.py[line:209] - INFO: update node embedding"
"2019-08-22 13:30:50,275 - hetero_ne_guest.py[line:228] - INFO: Remote loss to arbiter"
"2019-08-22 13:30:50,887 - hetero_ne_guest.py[line:249] - INFO: Get is_stop flag from arbiter:False"
"2019-08-22 13:30:50,887 - hetero_ne_guest.py[line:118] - INFO: iter:1"
"2019-08-22 13:30:50,888 - hetero_ne_guest.py[line:125] - INFO: batch:0"
