"2019-08-22 13:27:12,777 - workflow.py[line:862] - DEBUG: The job id is hetero_network_embedding_example_standalone_20190822132707"
"2019-08-22 13:27:12,786 - workflow.py[line:864] - DEBUG: Finish eggroll and federation init"
"2019-08-22 13:27:12,786 - workflow.py[line:818] - DEBUG: finish init pipeline"
"2019-08-22 13:27:12,786 - workflow.py[line:909] - INFO: 4440 samples in host"
"2019-08-22 13:27:12,799 - workflow.py[line:210] - DEBUG: Enter host network embedding function"
"2019-08-22 13:27:12,799 - workflow.py[line:211] - DEBUG: Start intersection before network embedding"
"2019-08-22 13:27:12,799 - workflow.py[line:315] - INFO: need_intersect: true!"
"2019-08-22 13:27:12,799 - workflow.py[line:319] - INFO: Start intersection!"
"2019-08-22 13:27:12,832 - workflow.py[line:862] - DEBUG: The job id is hetero_network_embedding_example_standalone_20190822132707"
"2019-08-22 13:27:12,834 - workflow.py[line:864] - DEBUG: Finish eggroll and federation init"
"2019-08-22 13:27:12,834 - workflow.py[line:818] - DEBUG: finish init pipeline"
"2019-08-22 13:27:12,834 - workflow.py[line:214] - INFO: arbiter"
"2019-08-22 13:27:12,896 - workflow.py[line:862] - DEBUG: The job id is hetero_network_embedding_example_standalone_20190822132707"
"2019-08-22 13:27:12,898 - workflow.py[line:864] - DEBUG: Finish eggroll and federation init"
"2019-08-22 13:27:12,898 - workflow.py[line:818] - DEBUG: finish init pipeline"
"2019-08-22 13:27:12,899 - workflow.py[line:909] - INFO: 4440 samples in guest"
"2019-08-22 13:27:12,904 - workflow.py[line:210] - DEBUG: Enter guest network embedding function"
"2019-08-22 13:27:12,904 - workflow.py[line:211] - DEBUG: Start intersection before network embedding"
"2019-08-22 13:27:12,904 - workflow.py[line:315] - INFO: need_intersect: true!"
"2019-08-22 13:27:12,904 - workflow.py[line:319] - INFO: Start intersection!"
"2019-08-22 13:27:14,470 - workflow.py[line:330] - INFO: finish intersection!"
"2019-08-22 13:27:14,470 - workflow.py[line:214] - INFO: guest"
"2019-08-22 13:27:14,676 - workflow.py[line:330] - INFO: finish intersection!"
"2019-08-22 13:27:14,676 - workflow.py[line:214] - INFO: host"
"2019-08-22 13:31:38,612 - workflow.py[line:914] - INFO: Network_embedding_finish"
