"2019-08-22 08:20:50,155 - hetero_ne_guest.py[line:62] - INFO: samples number:4440"
"2019-08-22 08:20:50,155 - hetero_ne_guest.py[line:63] - INFO: Enter hetero_ne_guest fit"
"2019-08-22 08:20:50,155 - hetero_ne_guest.py[line:65] - INFO: Guest party has 2358 nodes"
"2019-08-22 08:20:50,675 - hetero_ne_guest.py[line:68] - INFO: Transform input data to train instance"
"2019-08-22 08:20:50,677 - hetero_ne_guest.py[line:75] - INFO: Get public_key from arbiter:<PaillierPublicKey 1101726aca>"
"2019-08-22 08:20:50,677 - hetero_ne_guest.py[line:78] - INFO: Generate mini-batch from input data"
"2019-08-22 08:21:01,814 - hetero_ne_guest.py[line:82] - INFO: samples number:4440"
"2019-08-22 08:21:01,814 - hetero_ne_guest.py[line:88] - INFO: batch_info:{'batch_size': 256, 'batch_num': 18}"
"2019-08-22 08:21:01,931 - hetero_ne_guest.py[line:94] - INFO: Remote batch_info to Host"
"2019-08-22 08:21:02,212 - hetero_ne_guest.py[line:101] - INFO: Remote batch_info to Arbiter"
"2019-08-22 08:21:02,212 - hetero_ne_guest.py[line:108] - INFO: Start initialize model."
"2019-08-22 08:21:02,212 - hetero_ne_guest.py[line:110] - INFO: Embedding shape=(2358, 10)"
"2019-08-22 08:21:02,213 - hetero_ne_guest.py[line:117] - INFO: iter:0"
"2019-08-22 08:21:02,213 - hetero_ne_guest.py[line:124] - INFO: batch:0"
"2019-08-22 08:21:02,213 - hetero_ne_guest.py[line:128] - INFO: remote mini-batch index to Host"
"2019-08-22 08:21:10,365 - hetero_ne_guest.py[line:160] - INFO: Get host_forward from host"
"2019-08-22 08:21:11,875 - hetero_ne_guest.py[line:180] - INFO: Remote host_gradient to arbiter"
"2019-08-22 08:21:14,287 - hetero_ne_guest.py[line:196] - INFO: Remote guest_gradient to arbiter"
"2019-08-22 08:21:15,091 - hetero_ne_guest.py[line:205] - INFO: Get optim_guest_gradient from arbiter"
"2019-08-22 08:21:15,091 - hetero_ne_guest.py[line:208] - INFO: update node embedding"
