"2019-08-22 08:20:36,954 - workflow.py[line:862] - DEBUG: The job id is hetero_network_embedding_example_standalone_20190822082032"
"2019-08-22 08:20:36,954 - workflow.py[line:862] - DEBUG: The job id is hetero_network_embedding_example_standalone_20190822082032"
"2019-08-22 08:20:36,954 - workflow.py[line:862] - DEBUG: The job id is hetero_network_embedding_example_standalone_20190822082032"
"2019-08-22 08:20:36,956 - workflow.py[line:864] - DEBUG: Finish eggroll and federation init"
"2019-08-22 08:20:36,956 - workflow.py[line:864] - DEBUG: Finish eggroll and federation init"
"2019-08-22 08:20:36,956 - workflow.py[line:818] - DEBUG: finish init pipeline"
"2019-08-22 08:20:36,956 - workflow.py[line:818] - DEBUG: finish init pipeline"
"2019-08-22 08:20:36,956 - workflow.py[line:864] - DEBUG: Finish eggroll and federation init"
"2019-08-22 08:20:36,956 - workflow.py[line:818] - DEBUG: finish init pipeline"
"2019-08-22 08:20:36,956 - workflow.py[line:214] - INFO: arbiter"
"2019-08-22 08:20:36,958 - workflow.py[line:909] - INFO: 4440 samples in guest"
"2019-08-22 08:20:36,958 - workflow.py[line:909] - INFO: 4440 samples in host"
"2019-08-22 08:20:36,962 - workflow.py[line:210] - DEBUG: Enter guest network embedding function"
"2019-08-22 08:20:36,962 - workflow.py[line:211] - DEBUG: Start intersection before network embedding"
"2019-08-22 08:20:36,963 - workflow.py[line:315] - INFO: need_intersect: true!"
"2019-08-22 08:20:36,963 - workflow.py[line:210] - DEBUG: Enter host network embedding function"
"2019-08-22 08:20:36,963 - workflow.py[line:211] - DEBUG: Start intersection before network embedding"
"2019-08-22 08:20:36,963 - workflow.py[line:315] - INFO: need_intersect: true!"
"2019-08-22 08:20:36,963 - workflow.py[line:319] - INFO: Start intersection!"
"2019-08-22 08:20:36,963 - workflow.py[line:319] - INFO: Start intersection!"
"2019-08-22 08:20:50,153 - workflow.py[line:330] - INFO: finish intersection!"
"2019-08-22 08:20:50,153 - workflow.py[line:214] - INFO: guest"
"2019-08-22 08:20:50,386 - workflow.py[line:330] - INFO: finish intersection!"
"2019-08-22 08:20:50,386 - workflow.py[line:214] - INFO: host"
