"2019-08-22 07:44:50,739 - workflow.py[line:862] - DEBUG: The job id is hetero_network_embedding_example_standalone_20190822074445"
"2019-08-22 07:44:50,742 - workflow.py[line:864] - DEBUG: Finish eggroll and federation init"
"2019-08-22 07:44:50,743 - workflow.py[line:818] - DEBUG: finish init pipeline"
"2019-08-22 07:44:50,745 - workflow.py[line:909] - INFO: 4440 samples in guest"
"2019-08-22 07:44:50,751 - workflow.py[line:210] - DEBUG: Enter guest network embedding function"
"2019-08-22 07:44:50,751 - workflow.py[line:211] - DEBUG: Start intersection before network embedding"
"2019-08-22 07:44:50,752 - workflow.py[line:315] - INFO: need_intersect: true!"
"2019-08-22 07:44:50,753 - workflow.py[line:319] - INFO: Start intersection!"
"2019-08-22 07:44:50,942 - workflow.py[line:862] - DEBUG: The job id is hetero_network_embedding_example_standalone_20190822074445"
"2019-08-22 07:44:50,944 - workflow.py[line:864] - DEBUG: Finish eggroll and federation init"
"2019-08-22 07:44:50,944 - workflow.py[line:818] - DEBUG: finish init pipeline"
"2019-08-22 07:44:50,946 - workflow.py[line:909] - INFO: 4440 samples in host"
"2019-08-22 07:44:50,951 - workflow.py[line:210] - DEBUG: Enter host network embedding function"
"2019-08-22 07:44:50,951 - workflow.py[line:211] - DEBUG: Start intersection before network embedding"
"2019-08-22 07:44:50,951 - workflow.py[line:315] - INFO: need_intersect: true!"
"2019-08-22 07:44:50,951 - workflow.py[line:319] - INFO: Start intersection!"
"2019-08-22 07:44:51,242 - workflow.py[line:862] - DEBUG: The job id is hetero_network_embedding_example_standalone_20190822074445"
"2019-08-22 07:44:51,244 - workflow.py[line:864] - DEBUG: Finish eggroll and federation init"
"2019-08-22 07:44:51,244 - workflow.py[line:818] - DEBUG: finish init pipeline"
"2019-08-22 07:44:51,244 - workflow.py[line:214] - INFO: arbiter"
"2019-08-22 07:45:03,431 - workflow.py[line:330] - INFO: finish intersection!"
"2019-08-22 07:45:03,431 - workflow.py[line:214] - INFO: guest"
"2019-08-22 07:45:03,629 - workflow.py[line:330] - INFO: finish intersection!"
"2019-08-22 07:45:03,629 - workflow.py[line:214] - INFO: host"
