"2019-08-10 09:10:48,733 - log_utils.py[line:104] - INFO: id:host_0_0, value: (0, 111, 1)"
"2019-08-10 09:10:48,734 - log_utils.py[line:104] - INFO: id:host_0_2, value: (0, 585, 1)"
"2019-08-10 09:10:48,734 - log_utils.py[line:104] - INFO: id:host_0_4, value: (0, 784, 1)"
"2019-08-10 09:10:48,734 - log_utils.py[line:104] - INFO: id:host_0_5, value: (0, 514, 1)"
"2019-08-10 09:10:48,734 - log_utils.py[line:104] - INFO: id:host_0_6, value: (0, 323, 1)"
"2019-08-10 09:10:48,734 - log_utils.py[line:104] - INFO: id:host_0_7, value: (0, 514, 1)"
"2019-08-10 09:10:48,734 - log_utils.py[line:104] - INFO: id:host_0_9, value: (0, 111, 1)"
"2019-08-10 09:10:48,734 - log_utils.py[line:104] - INFO: id:host_1_0, value: (1, 1937, 1)"
"2019-08-10 09:10:48,734 - log_utils.py[line:104] - INFO: id:host_1_2, value: (1, 1937, 1)"
"2019-08-10 09:10:48,735 - log_utils.py[line:104] - INFO: id:host_1_4, value: (1, 1937, 1)"
"2019-08-10 09:10:48,735 - log_utils.py[line:104] - INFO: id:host_1_5, value: (1, 1937, 1)"
"2019-08-10 09:10:48,735 - neighbors_sampling.py[line:132] - INFO: The number of local positive pairs: 18113"
"2019-08-10 09:10:48,735 - neighbors_sampling.py[line:135] - INFO: Negative samples num: 5"
"2019-08-10 09:10:48,746 - log_utils.py[line:104] - INFO: id:guest_0_0, value: (0, 954, 1)"
"2019-08-10 09:10:48,746 - log_utils.py[line:104] - INFO: id:guest_0_1, value: (0, 379, 1)"
"2019-08-10 09:10:48,746 - log_utils.py[line:104] - INFO: id:guest_0_2, value: (0, 954, 1)"
"2019-08-10 09:10:48,747 - log_utils.py[line:104] - INFO: id:guest_0_3, value: (0, 379, 1)"
"2019-08-10 09:10:48,747 - log_utils.py[line:104] - INFO: id:guest_0_4, value: (0, 954, 1)"
"2019-08-10 09:10:48,747 - log_utils.py[line:104] - INFO: id:guest_0_5, value: (0, 954, 1)"
"2019-08-10 09:10:48,747 - log_utils.py[line:104] - INFO: id:guest_0_6, value: (0, 379, 1)"
"2019-08-10 09:10:48,747 - log_utils.py[line:104] - INFO: id:guest_0_7, value: (0, 678, 1)"
"2019-08-10 09:10:48,747 - log_utils.py[line:104] - INFO: id:guest_0_8, value: (0, 44, 1)"
"2019-08-10 09:10:48,747 - log_utils.py[line:104] - INFO: id:guest_0_9, value: (0, 678, 1)"
"2019-08-10 09:10:48,747 - log_utils.py[line:104] - INFO: id:guest_1_0, value: (1, 732, 1)"
"2019-08-10 09:10:48,748 - neighbors_sampling.py[line:132] - INFO: The number of local positive pairs: 18446"
"2019-08-10 09:10:48,748 - neighbors_sampling.py[line:135] - INFO: Negative samples num: 5"
"2019-08-10 09:10:54,771 - log_utils.py[line:104] - INFO: id:host_0_0_negative_0, value: (0, 265, -1)"
"2019-08-10 09:10:54,771 - log_utils.py[line:104] - INFO: id:host_0_0_negative_1, value: (0, 266, -1)"
"2019-08-10 09:10:54,771 - log_utils.py[line:104] - INFO: id:host_0_0_negative_2, value: (0, 2062, -1)"
"2019-08-10 09:10:54,771 - log_utils.py[line:104] - INFO: id:host_0_0_negative_3, value: (0, 2036, -1)"
"2019-08-10 09:10:54,771 - log_utils.py[line:104] - INFO: id:host_0_0_negative_4, value: (0, 2022, -1)"
"2019-08-10 09:10:54,771 - log_utils.py[line:104] - INFO: id:host_0_2_negative_0, value: (0, 1419, -1)"
"2019-08-10 09:10:54,771 - log_utils.py[line:104] - INFO: id:host_0_2_negative_1, value: (0, 1031, -1)"
"2019-08-10 09:10:54,771 - log_utils.py[line:104] - INFO: id:host_0_2_negative_2, value: (0, 920, -1)"
"2019-08-10 09:10:54,771 - log_utils.py[line:104] - INFO: id:host_0_2_negative_3, value: (0, 235, -1)"
"2019-08-10 09:10:54,771 - log_utils.py[line:104] - INFO: id:host_0_2_negative_4, value: (0, 457, -1)"
"2019-08-10 09:10:54,772 - log_utils.py[line:104] - INFO: id:host_0_4_negative_0, value: (0, 3216, -1)"
"2019-08-10 09:10:54,772 - neighbors_sampling.py[line:104] - INFO: distribution len: 2319, max:(390, 0.0053644794497539165)"
"2019-08-10 09:10:54,773 - neighbors_sampling.py[line:137] - INFO: The number of local negative pairs: 90565"
"2019-08-10 09:10:54,783 - log_utils.py[line:104] - INFO: id:guest_0_0_negative_0, value: (0, 1285, -1)"
"2019-08-10 09:10:54,783 - log_utils.py[line:104] - INFO: id:guest_0_0_negative_1, value: (0, 3302, -1)"
"2019-08-10 09:10:54,783 - log_utils.py[line:104] - INFO: id:guest_0_0_negative_2, value: (0, 1902, -1)"
"2019-08-10 09:10:54,783 - log_utils.py[line:104] - INFO: id:guest_0_0_negative_3, value: (0, 1228, -1)"
"2019-08-10 09:10:54,784 - log_utils.py[line:104] - INFO: id:guest_0_0_negative_4, value: (0, 2698, -1)"
"2019-08-10 09:10:54,784 - log_utils.py[line:104] - INFO: id:guest_0_1_negative_0, value: (0, 1747, -1)"
"2019-08-10 09:10:54,784 - log_utils.py[line:104] - INFO: id:guest_0_1_negative_1, value: (0, 2887, -1)"
"2019-08-10 09:10:54,784 - log_utils.py[line:104] - INFO: id:guest_0_1_negative_2, value: (0, 1047, -1)"
"2019-08-10 09:10:54,784 - log_utils.py[line:104] - INFO: id:guest_0_1_negative_3, value: (0, 3185, -1)"
"2019-08-10 09:10:54,784 - log_utils.py[line:104] - INFO: id:guest_0_1_negative_4, value: (0, 1584, -1)"
"2019-08-10 09:10:54,784 - log_utils.py[line:104] - INFO: id:guest_0_2_negative_0, value: (0, 3099, -1)"
"2019-08-10 09:10:54,786 - neighbors_sampling.py[line:104] - INFO: distribution len: 2358, max:(390, 0.004777391792522355)"
"2019-08-10 09:10:54,786 - neighbors_sampling.py[line:137] - INFO: The number of local negative pairs: 92230"
"2019-08-10 09:10:56,125 - neighbors_sampling.py[line:141] - INFO: The number of total local pairs: 108678"
"2019-08-10 09:10:56,128 - neighbors_sampling.py[line:141] - INFO: The number of total local pairs: 110676"
"2019-08-10 09:11:21,300 - neighbors_sampling.py[line:283] - INFO: Generate the distributed host samples for guest"
"2019-08-10 09:11:21,411 - neighbors_sampling.py[line:246] - INFO: Generate the distributed host samples for host"
"2019-08-10 09:11:21,512 - neighbors_sampling.py[line:250] - INFO: Get numbers from guest"
"2019-08-10 09:11:21,513 - neighbors_sampling.py[line:290] - INFO: Remote numbers to host"
"2019-08-10 09:11:21,733 - neighbors_sampling.py[line:198] - INFO: bridge_instances count:244"
"2019-08-10 09:11:22,962 - neighbors_sampling.py[line:206] - INFO: sample_ids_instances count:244"
"2019-08-10 09:11:22,967 - neighbors_sampling.py[line:254] - INFO: distributed_instances count:740"
"2019-08-10 09:11:22,981 - neighbors_sampling.py[line:261] - INFO: Remote generated distributed samples' id to guest"
"2019-08-10 09:11:22,982 - neighbors_sampling.py[line:283] - INFO: Generate the distributed guest samples for host"
"2019-08-10 09:11:23,025 - neighbors_sampling.py[line:295] - INFO: Get generated distributed samples' id from host"
"2019-08-10 09:11:23,181 - neighbors_sampling.py[line:290] - INFO: Remote numbers to guest"
"2019-08-10 09:11:23,470 - neighbors_sampling.py[line:300] - INFO: The number of host distributed_instances:740"
"2019-08-10 09:11:23,471 - neighbors_sampling.py[line:246] - INFO: Generate the distributed guest samples for guest"
"2019-08-10 09:11:23,472 - neighbors_sampling.py[line:250] - INFO: Get numbers from host"
"2019-08-10 09:11:23,641 - neighbors_sampling.py[line:198] - INFO: bridge_instances count:244"
"2019-08-10 09:11:24,656 - neighbors_sampling.py[line:206] - INFO: sample_ids_instances count:244"
"2019-08-10 09:11:24,662 - neighbors_sampling.py[line:254] - INFO: distributed_instances count:740"
"2019-08-10 09:11:24,731 - neighbors_sampling.py[line:261] - INFO: Remote generated distributed samples' id to host"
"2019-08-10 09:11:24,789 - neighbors_sampling.py[line:295] - INFO: Get generated distributed samples' id from guest"
"2019-08-10 09:11:25,207 - neighbors_sampling.py[line:300] - INFO: The number of guest distributed_instances:740"
"2019-08-10 09:11:28,900 - neighbors_sampling.py[line:333] - INFO: Remote the distributed negative instances id to guest from host"
"2019-08-10 09:11:28,900 - neighbors_sampling.py[line:334] - INFO: Distributed negative instances count: 3700"
"2019-08-10 09:11:28,901 - log_utils.py[line:104] - INFO: id:host_25_0_0_negative_0, value: 357"
"2019-08-10 09:11:28,901 - log_utils.py[line:104] - INFO: id:host_25_0_0_negative_1, value: 357"
"2019-08-10 09:11:28,901 - log_utils.py[line:104] - INFO: id:host_25_0_0_negative_2, value: 357"
"2019-08-10 09:11:28,901 - log_utils.py[line:104] - INFO: id:host_25_0_0_negative_3, value: 357"
"2019-08-10 09:11:28,901 - log_utils.py[line:104] - INFO: id:host_25_0_0_negative_4, value: 357"
"2019-08-10 09:11:28,901 - log_utils.py[line:104] - INFO: id:host_35_0_0_negative_0, value: 92"
"2019-08-10 09:11:28,901 - log_utils.py[line:104] - INFO: id:host_35_0_0_negative_1, value: 92"
"2019-08-10 09:11:28,901 - log_utils.py[line:104] - INFO: id:host_35_0_0_negative_2, value: 92"
"2019-08-10 09:11:28,902 - log_utils.py[line:104] - INFO: id:host_35_0_0_negative_3, value: 92"
"2019-08-10 09:11:28,902 - log_utils.py[line:104] - INFO: id:host_35_0_0_negative_4, value: 92"
"2019-08-10 09:11:28,902 - log_utils.py[line:104] - INFO: id:host_40_0_0_negative_0, value: 849"
"2019-08-10 09:11:28,952 - neighbors_sampling.py[line:355] - INFO: Get distributed nagative samples from host"
"2019-08-10 09:11:28,952 - neighbors_sampling.py[line:357] - INFO: id:host_25_0_0_negative_0"
"2019-08-10 09:11:28,952 - neighbors_sampling.py[line:357] - INFO: id:host_25_0_0_negative_1"
"2019-08-10 09:11:28,952 - neighbors_sampling.py[line:357] - INFO: id:host_25_0_0_negative_2"
"2019-08-10 09:11:28,952 - neighbors_sampling.py[line:357] - INFO: id:host_25_0_0_negative_3"
"2019-08-10 09:11:28,952 - neighbors_sampling.py[line:357] - INFO: id:host_25_0_0_negative_4"
"2019-08-10 09:11:28,952 - neighbors_sampling.py[line:357] - INFO: id:host_35_0_0_negative_0"
"2019-08-10 09:11:28,952 - neighbors_sampling.py[line:357] - INFO: id:host_35_0_0_negative_1"
"2019-08-10 09:11:28,952 - neighbors_sampling.py[line:357] - INFO: id:host_35_0_0_negative_2"
"2019-08-10 09:11:28,952 - neighbors_sampling.py[line:357] - INFO: id:host_35_0_0_negative_3"
"2019-08-10 09:11:28,953 - neighbors_sampling.py[line:357] - INFO: id:host_35_0_0_negative_4"
"2019-08-10 09:12:19,299 - log_utils.py[line:104] - INFO: id:host_25_0_0_negative_0, value: (1918, -1)"
"2019-08-10 09:12:19,299 - log_utils.py[line:104] - INFO: id:host_25_0_0_negative_1, value: (877, -1)"
"2019-08-10 09:12:19,299 - log_utils.py[line:104] - INFO: id:host_25_0_0_negative_2, value: (1285, -1)"
"2019-08-10 09:12:19,299 - log_utils.py[line:104] - INFO: id:host_25_0_0_negative_3, value: (754, -1)"
"2019-08-10 09:12:19,299 - log_utils.py[line:104] - INFO: id:host_25_0_0_negative_4, value: (1106, -1)"
"2019-08-10 09:12:19,299 - log_utils.py[line:104] - INFO: id:host_35_0_0_negative_0, value: (874, -1)"
"2019-08-10 09:12:23,030 - neighbors_sampling.py[line:333] - INFO: Remote the distributed negative instances id to host from guest"
"2019-08-10 09:12:23,030 - neighbors_sampling.py[line:334] - INFO: Distributed negative instances count: 3700"
"2019-08-10 09:12:23,031 - log_utils.py[line:104] - INFO: id:guest_25_0_0_negative_0, value: 683"
"2019-08-10 09:12:23,031 - log_utils.py[line:104] - INFO: id:guest_25_0_0_negative_1, value: 683"
"2019-08-10 09:12:23,031 - log_utils.py[line:104] - INFO: id:guest_25_0_0_negative_2, value: 683"
"2019-08-10 09:12:23,031 - log_utils.py[line:104] - INFO: id:guest_25_0_0_negative_3, value: 683"
"2019-08-10 09:12:23,031 - log_utils.py[line:104] - INFO: id:guest_25_0_0_negative_4, value: 683"
"2019-08-10 09:12:23,031 - log_utils.py[line:104] - INFO: id:guest_35_0_0_negative_0, value: 500"
"2019-08-10 09:12:23,031 - log_utils.py[line:104] - INFO: id:guest_35_0_0_negative_1, value: 500"
"2019-08-10 09:12:23,031 - log_utils.py[line:104] - INFO: id:guest_35_0_0_negative_2, value: 500"
"2019-08-10 09:12:23,032 - log_utils.py[line:104] - INFO: id:guest_35_0_0_negative_3, value: 500"
"2019-08-10 09:12:23,032 - log_utils.py[line:104] - INFO: id:guest_35_0_0_negative_4, value: 500"
"2019-08-10 09:12:23,032 - log_utils.py[line:104] - INFO: id:guest_40_0_0_negative_0, value: 480"
"2019-08-10 09:12:23,037 - neighbors_sampling.py[line:355] - INFO: Get distributed nagative samples from guest"
"2019-08-10 09:12:23,037 - neighbors_sampling.py[line:357] - INFO: id:guest_25_0_0_negative_0"
"2019-08-10 09:12:23,037 - neighbors_sampling.py[line:357] - INFO: id:guest_25_0_0_negative_1"
"2019-08-10 09:12:23,038 - neighbors_sampling.py[line:357] - INFO: id:guest_25_0_0_negative_2"
"2019-08-10 09:12:23,038 - neighbors_sampling.py[line:357] - INFO: id:guest_25_0_0_negative_3"
"2019-08-10 09:12:23,038 - neighbors_sampling.py[line:357] - INFO: id:guest_25_0_0_negative_4"
"2019-08-10 09:12:23,038 - neighbors_sampling.py[line:357] - INFO: id:guest_35_0_0_negative_0"
"2019-08-10 09:12:23,038 - neighbors_sampling.py[line:357] - INFO: id:guest_35_0_0_negative_1"
"2019-08-10 09:12:23,038 - neighbors_sampling.py[line:357] - INFO: id:guest_35_0_0_negative_2"
"2019-08-10 09:12:23,038 - neighbors_sampling.py[line:357] - INFO: id:guest_35_0_0_negative_3"
"2019-08-10 09:12:23,038 - neighbors_sampling.py[line:357] - INFO: id:guest_35_0_0_negative_4"
"2019-08-10 09:13:21,066 - log_utils.py[line:104] - INFO: id:guest_25_0_0_negative_0, value: (2974, -1)"
"2019-08-10 09:13:21,066 - log_utils.py[line:104] - INFO: id:guest_25_0_0_negative_1, value: (1516, -1)"
"2019-08-10 09:13:21,066 - log_utils.py[line:104] - INFO: id:guest_25_0_0_negative_2, value: (1736, -1)"
"2019-08-10 09:13:21,066 - log_utils.py[line:104] - INFO: id:guest_25_0_0_negative_3, value: (1273, -1)"
"2019-08-10 09:13:21,066 - log_utils.py[line:104] - INFO: id:guest_25_0_0_negative_4, value: (1007, -1)"
"2019-08-10 09:13:21,066 - log_utils.py[line:104] - INFO: id:guest_35_0_0_negative_0, value: (490, -1)"
