"2019-08-10 09:10:44,341 - workflow.py[line:852] - DEBUG: The job id is neighbors_sampling_example_standalone_20190810091039"
"2019-08-10 09:10:44,341 - workflow.py[line:852] - DEBUG: The job id is neighbors_sampling_example_standalone_20190810091039"
"2019-08-10 09:10:44,343 - workflow.py[line:854] - DEBUG: Finish eggroll and federation init"
"2019-08-10 09:10:44,343 - workflow.py[line:854] - DEBUG: Finish eggroll and federation init"
"2019-08-10 09:10:44,343 - workflow.py[line:808] - DEBUG: finish init pipeline"
"2019-08-10 09:10:44,343 - workflow.py[line:808] - DEBUG: finish init pipeline"
"2019-08-10 09:10:44,343 - workflow.py[line:889] - DEBUG: In running function, enter neighbors sampling"
"2019-08-10 09:10:44,343 - workflow.py[line:889] - DEBUG: In running function, enter neighbors sampling"
"2019-08-10 09:10:44,343 - workflow.py[line:893] - DEBUG: [Neighbors sampling]Input table:citeseer_guest_neighbors_sampling_neighbors_sampling_example_standalone_20190810091039, input namespace:example_data_namespace"
"2019-08-10 09:10:44,343 - workflow.py[line:893] - DEBUG: [Neighbors sampling]Input table:citeseer_host_neighbors_sampling_neighbors_sampling_example_standalone_20190810091039, input namespace:example_data_namespace"
"2019-08-10 09:10:44,343 - workflow.py[line:783] - DEBUG: mode is fit"
"2019-08-10 09:10:44,343 - workflow.py[line:783] - DEBUG: mode is fit"
"2019-08-10 09:10:45,743 - workflow.py[line:899] - INFO: Obtain adjlist for each node for host!"
"2019-08-10 09:10:45,744 - workflow.py[line:901] - INFO: Enter the procedure of local neighbors sampling:"
"2019-08-10 09:10:45,752 - workflow.py[line:899] - INFO: Obtain adjlist for each node for guest!"
"2019-08-10 09:10:45,752 - workflow.py[line:901] - INFO: Enter the procedure of local neighbors sampling:"
"2019-08-10 09:11:01,614 - workflow.py[line:907] - INFO: Local sampling samples count for guest is 110676"
"2019-08-10 09:11:01,614 - workflow.py[line:907] - INFO: Local sampling samples count for host is 108678"
"2019-08-10 09:11:01,614 - workflow.py[line:908] - INFO: Local sampling results for guest saved in namespace: neighbors_samples/local_samples, name: guest"
"2019-08-10 09:11:01,614 - workflow.py[line:908] - INFO: Local sampling results for host saved in namespace: neighbors_samples/local_samples, name: host"
"2019-08-10 09:11:01,614 - workflow.py[line:911] - INFO: Enter the procedure of distributed neighbors sampling:"
"2019-08-10 09:11:01,614 - workflow.py[line:911] - INFO: Enter the procedure of distributed neighbors sampling:"
"2019-08-10 09:11:01,614 - workflow.py[line:912] - INFO: Alignment nodes from two parties:"
"2019-08-10 09:11:01,614 - workflow.py[line:912] - INFO: Alignment nodes from two parties:"
"2019-08-10 09:11:01,614 - workflow.py[line:305] - INFO: need_intersect: true!"
"2019-08-10 09:11:01,614 - workflow.py[line:305] - INFO: need_intersect: true!"
"2019-08-10 09:11:01,615 - workflow.py[line:309] - INFO: Start intersection!"
"2019-08-10 09:11:01,615 - workflow.py[line:309] - INFO: Start intersection!"
"2019-08-10 09:11:12,245 - workflow.py[line:320] - INFO: finish intersection!"
"2019-08-10 09:11:12,256 - workflow.py[line:915] - INFO: The number of common nodes: 1413"
"2019-08-10 09:11:12,533 - workflow.py[line:320] - INFO: finish intersection!"
"2019-08-10 09:11:12,542 - workflow.py[line:915] - INFO: The number of common nodes: 1413"
"2019-08-10 09:11:12,982 - workflow.py[line:305] - INFO: need_intersect: true!"
"2019-08-10 09:11:12,982 - workflow.py[line:309] - INFO: Start intersection!"
"2019-08-10 09:11:13,177 - workflow.py[line:305] - INFO: need_intersect: true!"
"2019-08-10 09:11:13,178 - workflow.py[line:309] - INFO: Start intersection!"
"2019-08-10 09:11:21,288 - workflow.py[line:320] - INFO: finish intersection!"
"2019-08-10 09:11:21,299 - workflow.py[line:920] - INFO: The number of bridge nodes: 244"
"2019-08-10 09:11:21,299 - log_utils.py[line:102] - INFO: id: 25, value: [683]"
"2019-08-10 09:11:21,299 - log_utils.py[line:102] - INFO: id: 35, value: [500]"
"2019-08-10 09:11:21,300 - log_utils.py[line:102] - INFO: id: 40, value: [480, 177, 148]"
"2019-08-10 09:11:21,300 - log_utils.py[line:102] - INFO: id: 57, value: [1536]"
"2019-08-10 09:11:21,300 - log_utils.py[line:102] - INFO: id: 86, value: [626]"
"2019-08-10 09:11:21,300 - log_utils.py[line:102] - INFO: id: 96, value: [997]"
"2019-08-10 09:11:21,400 - workflow.py[line:320] - INFO: finish intersection!"
"2019-08-10 09:11:21,410 - workflow.py[line:920] - INFO: The number of bridge nodes: 244"
"2019-08-10 09:11:21,410 - log_utils.py[line:102] - INFO: id: 25, value: [357]"
"2019-08-10 09:11:21,410 - log_utils.py[line:102] - INFO: id: 35, value: [92]"
"2019-08-10 09:11:21,410 - log_utils.py[line:102] - INFO: id: 40, value: [849]"
"2019-08-10 09:11:21,410 - log_utils.py[line:102] - INFO: id: 57, value: [1981]"
"2019-08-10 09:11:21,410 - log_utils.py[line:102] - INFO: id: 86, value: [585]"
"2019-08-10 09:11:21,411 - log_utils.py[line:102] - INFO: id: 96, value: [913]"
"2019-08-10 09:12:24,344 - workflow.py[line:935] - INFO: Distributed sampling target results for host saved in namespace: neighbors_samples/distributed_samples/guest, name: target"
"2019-08-10 09:12:25,288 - workflow.py[line:943] - INFO: Distributed sampling anchor results for guest saved in namespace: neighbors_samples/distributed_samples/guest, name: anchor"
"2019-08-10 09:13:21,985 - workflow.py[line:935] - INFO: Distributed sampling target results for guest saved in namespace: neighbors_samples/distributed_samples/host, name: target"
"2019-08-10 09:13:22,697 - workflow.py[line:943] - INFO: Distributed sampling anchor results for host saved in namespace: neighbors_samples/distributed_samples/host, name: anchor"
"2019-08-10 09:13:22,697 - workflow.py[line:946] - INFO: Neighbors_sampling_finish"
