"2019-08-24 04:42:24,886 - workflow.py[line:863] - DEBUG: The job id is hetero_network_embedding_example_standalone_20190824044216"
"2019-08-24 04:42:24,886 - workflow.py[line:863] - DEBUG: The job id is hetero_network_embedding_example_standalone_20190824044216"
"2019-08-24 04:42:24,886 - workflow.py[line:863] - DEBUG: The job id is hetero_network_embedding_example_standalone_20190824044216"
"2019-08-24 04:42:24,930 - workflow.py[line:865] - DEBUG: Finish eggroll and federation init"
"2019-08-24 04:42:24,930 - workflow.py[line:865] - DEBUG: Finish eggroll and federation init"
"2019-08-24 04:42:24,930 - workflow.py[line:865] - DEBUG: Finish eggroll and federation init"
"2019-08-24 04:42:24,930 - workflow.py[line:819] - DEBUG: finish init pipeline"
"2019-08-24 04:42:24,930 - workflow.py[line:819] - DEBUG: finish init pipeline"
"2019-08-24 04:42:24,930 - workflow.py[line:819] - DEBUG: finish init pipeline"
"2019-08-24 04:42:24,930 - workflow.py[line:214] - INFO: arbiter"
"2019-08-24 04:42:24,930 - workflow.py[line:215] - INFO: max iter: 20"
"2019-08-24 04:42:25,030 - workflow.py[line:910] - INFO: 4440 samples in guest"
"2019-08-24 04:42:25,066 - workflow.py[line:910] - INFO: 4440 samples in host"
"2019-08-24 04:42:25,146 - workflow.py[line:210] - DEBUG: Enter guest network embedding function"
"2019-08-24 04:42:25,146 - workflow.py[line:210] - DEBUG: Enter host network embedding function"
"2019-08-24 04:42:25,146 - workflow.py[line:211] - DEBUG: Start intersection before network embedding"
"2019-08-24 04:42:25,146 - workflow.py[line:211] - DEBUG: Start intersection before network embedding"
"2019-08-24 04:42:25,146 - workflow.py[line:316] - INFO: need_intersect: true!"
"2019-08-24 04:42:25,146 - workflow.py[line:316] - INFO: need_intersect: true!"
"2019-08-24 04:42:25,147 - workflow.py[line:320] - INFO: Start intersection!"
"2019-08-24 04:42:25,147 - workflow.py[line:320] - INFO: Start intersection!"
"2019-08-24 04:42:27,822 - workflow.py[line:331] - INFO: finish intersection!"
"2019-08-24 04:42:27,822 - workflow.py[line:214] - INFO: host"
"2019-08-24 04:42:27,822 - workflow.py[line:215] - INFO: max iter: 20"
"2019-08-24 04:42:27,932 - workflow.py[line:331] - INFO: finish intersection!"
"2019-08-24 04:42:27,932 - workflow.py[line:214] - INFO: guest"
"2019-08-24 04:42:27,932 - workflow.py[line:215] - INFO: max iter: 20"
"2019-08-24 05:50:28,289 - workflow.py[line:915] - DEBUG: arbiter"
"2019-08-24 05:50:28,289 - workflow.py[line:916] - INFO: Network_embedding_finish"
"2019-08-24 05:51:54,225 - workflow.py[line:915] - DEBUG: host"
"2019-08-24 05:51:54,225 - workflow.py[line:916] - INFO: Network_embedding_finish"
"2019-08-24 05:51:56,245 - workflow.py[line:915] - DEBUG: guest"
"2019-08-24 05:51:56,245 - workflow.py[line:916] - INFO: Network_embedding_finish"
