"2019-08-22 06:43:46,000 - workflow.py[line:861] - DEBUG: The job id is hetero_network_embedding_example_standalone_20190822064341"
"2019-08-22 06:43:46,002 - workflow.py[line:863] - DEBUG: Finish eggroll and federation init"
"2019-08-22 06:43:46,002 - workflow.py[line:817] - DEBUG: finish init pipeline"
"2019-08-22 06:43:46,004 - workflow.py[line:907] - INFO: 4440 samples in guest"
"2019-08-22 06:43:46,009 - workflow.py[line:209] - DEBUG: Enter guest network embedding function"
"2019-08-22 06:43:46,009 - workflow.py[line:210] - DEBUG: Start intersection before network embedding"
"2019-08-22 06:43:46,009 - workflow.py[line:314] - INFO: need_intersect: true!"
"2019-08-22 06:43:46,010 - workflow.py[line:318] - INFO: Start intersection!"
"2019-08-22 06:43:46,018 - workflow.py[line:861] - DEBUG: The job id is hetero_network_embedding_example_standalone_20190822064341"
"2019-08-22 06:43:46,020 - workflow.py[line:863] - DEBUG: Finish eggroll and federation init"
"2019-08-22 06:43:46,020 - workflow.py[line:817] - DEBUG: finish init pipeline"
"2019-08-22 06:43:46,043 - workflow.py[line:861] - DEBUG: The job id is hetero_network_embedding_example_standalone_20190822064341"
"2019-08-22 06:43:46,045 - workflow.py[line:863] - DEBUG: Finish eggroll and federation init"
"2019-08-22 06:43:46,046 - workflow.py[line:817] - DEBUG: finish init pipeline"
"2019-08-22 06:43:46,048 - workflow.py[line:907] - INFO: 4440 samples in host"
"2019-08-22 06:43:46,053 - workflow.py[line:209] - DEBUG: Enter host network embedding function"
"2019-08-22 06:43:46,055 - workflow.py[line:210] - DEBUG: Start intersection before network embedding"
"2019-08-22 06:43:46,055 - workflow.py[line:314] - INFO: need_intersect: true!"
"2019-08-22 06:43:46,056 - workflow.py[line:318] - INFO: Start intersection!"
"2019-08-22 06:43:59,709 - workflow.py[line:329] - INFO: finish intersection!"
"2019-08-22 06:43:59,721 - workflow.py[line:329] - INFO: finish intersection!"
