"2019-08-23 09:08:30,251 - data_overview.py[line:90] - WARNING: destroy Dtable error,:'NoneType' object has no attribute 'destroy', but this can be ignored sometimes"
"2019-08-23 09:08:30,252 - data_overview.py[line:90] - WARNING: destroy Dtable error,:'NoneType' object has no attribute 'destroy', but this can be ignored sometimes"
"2019-08-23 09:08:30,990 - data_overview.py[line:90] - WARNING: destroy Dtable error,:'NoneType' object has no attribute 'destroy', but this can be ignored sometimes"
"2019-08-23 09:08:30,991 - data_overview.py[line:90] - WARNING: destroy Dtable error,:'NoneType' object has no attribute 'destroy', but this can be ignored sometimes"
"2019-08-23 09:08:33,483 - data_overview.py[line:90] - WARNING: destroy Dtable error,:[Errno 2] No such file or directory: '0', but this can be ignored sometimes"
"2019-08-23 09:08:42,123 - data_overview.py[line:90] - WARNING: destroy Dtable error,:'NoneType' object has no attribute 'destroy', but this can be ignored sometimes"
"2019-08-23 09:08:42,123 - data_overview.py[line:90] - WARNING: destroy Dtable error,:'NoneType' object has no attribute 'destroy', but this can be ignored sometimes"
"2019-08-23 09:08:42,684 - data_overview.py[line:90] - WARNING: destroy Dtable error,:'NoneType' object has no attribute 'destroy', but this can be ignored sometimes"
"2019-08-23 09:08:42,684 - data_overview.py[line:90] - WARNING: destroy Dtable error,:'NoneType' object has no attribute 'destroy', but this can be ignored sometimes"
"2019-08-23 09:08:54,216 - data_overview.py[line:90] - WARNING: destroy Dtable error,:'NoneType' object has no attribute 'destroy', but this can be ignored sometimes"
"2019-08-23 09:08:54,216 - data_overview.py[line:90] - WARNING: destroy Dtable error,:'NoneType' object has no attribute 'destroy', but this can be ignored sometimes"
"2019-08-23 09:08:54,220 - data_overview.py[line:90] - WARNING: destroy Dtable error,:'NoneType' object has no attribute 'destroy', but this can be ignored sometimes"
"2019-08-23 09:08:54,220 - data_overview.py[line:90] - WARNING: destroy Dtable error,:'NoneType' object has no attribute 'destroy', but this can be ignored sometimes"
"2019-08-23 09:09:05,772 - data_overview.py[line:90] - WARNING: destroy Dtable error,:'NoneType' object has no attribute 'destroy', but this can be ignored sometimes"
"2019-08-23 09:09:05,773 - data_overview.py[line:90] - WARNING: destroy Dtable error,:'NoneType' object has no attribute 'destroy', but this can be ignored sometimes"
"2019-08-23 09:09:05,783 - data_overview.py[line:90] - WARNING: destroy Dtable error,:'NoneType' object has no attribute 'destroy', but this can be ignored sometimes"
"2019-08-23 09:09:05,784 - data_overview.py[line:90] - WARNING: destroy Dtable error,:'NoneType' object has no attribute 'destroy', but this can be ignored sometimes"
"2019-08-23 09:09:08,434 - data_overview.py[line:90] - WARNING: destroy Dtable error,:[Errno 2] No such file or directory: '/fate/data/IN_MEMORY/hetero_network_embedding_example_standalone_20190823090811/a8a1d07c-c585-11e9-994a-0242ac110002', but this can be ignored sometimes"
"2019-08-23 09:09:16,962 - data_overview.py[line:90] - WARNING: destroy Dtable error,:'NoneType' object has no attribute 'destroy', but this can be ignored sometimes"
"2019-08-23 09:09:16,962 - data_overview.py[line:90] - WARNING: destroy Dtable error,:'NoneType' object has no attribute 'destroy', but this can be ignored sometimes"
"2019-08-23 09:09:17,537 - data_overview.py[line:90] - WARNING: destroy Dtable error,:'NoneType' object has no attribute 'destroy', but this can be ignored sometimes"
"2019-08-23 09:09:17,538 - data_overview.py[line:90] - WARNING: destroy Dtable error,:'NoneType' object has no attribute 'destroy', but this can be ignored sometimes"
"2019-08-23 09:09:19,832 - data_overview.py[line:90] - WARNING: destroy Dtable error,:[Errno 2] No such file or directory: 'data.mdb', but this can be ignored sometimes"
"2019-08-23 09:09:28,478 - data_overview.py[line:90] - WARNING: destroy Dtable error,:'NoneType' object has no attribute 'destroy', but this can be ignored sometimes"
"2019-08-23 09:09:28,479 - data_overview.py[line:90] - WARNING: destroy Dtable error,:'NoneType' object has no attribute 'destroy', but this can be ignored sometimes"
"2019-08-23 09:09:28,559 - data_overview.py[line:90] - WARNING: destroy Dtable error,:'NoneType' object has no attribute 'destroy', but this can be ignored sometimes"
"2019-08-23 09:09:28,559 - data_overview.py[line:90] - WARNING: destroy Dtable error,:'NoneType' object has no attribute 'destroy', but this can be ignored sometimes"
"2019-08-23 09:09:40,478 - data_overview.py[line:90] - WARNING: destroy Dtable error,:'NoneType' object has no attribute 'destroy', but this can be ignored sometimes"
"2019-08-23 09:09:40,478 - data_overview.py[line:90] - WARNING: destroy Dtable error,:'NoneType' object has no attribute 'destroy', but this can be ignored sometimes"
"2019-08-23 09:09:40,690 - data_overview.py[line:90] - WARNING: destroy Dtable error,:'NoneType' object has no attribute 'destroy', but this can be ignored sometimes"
"2019-08-23 09:09:40,691 - data_overview.py[line:90] - WARNING: destroy Dtable error,:'NoneType' object has no attribute 'destroy', but this can be ignored sometimes"
"2019-08-23 09:09:52,050 - data_overview.py[line:90] - WARNING: destroy Dtable error,:'NoneType' object has no attribute 'destroy', but this can be ignored sometimes"
"2019-08-23 09:09:52,050 - data_overview.py[line:90] - WARNING: destroy Dtable error,:'NoneType' object has no attribute 'destroy', but this can be ignored sometimes"
"2019-08-23 09:09:52,183 - data_overview.py[line:90] - WARNING: destroy Dtable error,:'NoneType' object has no attribute 'destroy', but this can be ignored sometimes"
"2019-08-23 09:09:52,183 - data_overview.py[line:90] - WARNING: destroy Dtable error,:'NoneType' object has no attribute 'destroy', but this can be ignored sometimes"
"2019-08-23 09:09:54,896 - data_overview.py[line:90] - WARNING: destroy Dtable error,:[Errno 2] No such file or directory: '/fate/data/IN_MEMORY/hetero_network_embedding_example_standalone_20190823090811/c442e06e-c585-11e9-994a-0242ac110002', but this can be ignored sometimes"
"2019-08-23 09:10:03,602 - data_overview.py[line:90] - WARNING: destroy Dtable error,:'NoneType' object has no attribute 'destroy', but this can be ignored sometimes"
"2019-08-23 09:10:03,602 - data_overview.py[line:90] - WARNING: destroy Dtable error,:'NoneType' object has no attribute 'destroy', but this can be ignored sometimes"
"2019-08-23 09:10:04,140 - data_overview.py[line:90] - WARNING: destroy Dtable error,:'NoneType' object has no attribute 'destroy', but this can be ignored sometimes"
"2019-08-23 09:10:04,140 - data_overview.py[line:90] - WARNING: destroy Dtable error,:'NoneType' object has no attribute 'destroy', but this can be ignored sometimes"
"2019-08-23 09:10:15,924 - data_overview.py[line:90] - WARNING: destroy Dtable error,:'NoneType' object has no attribute 'destroy', but this can be ignored sometimes"
"2019-08-23 09:10:15,924 - data_overview.py[line:90] - WARNING: destroy Dtable error,:'NoneType' object has no attribute 'destroy', but this can be ignored sometimes"
"2019-08-23 09:10:16,381 - data_overview.py[line:90] - WARNING: destroy Dtable error,:'NoneType' object has no attribute 'destroy', but this can be ignored sometimes"
"2019-08-23 09:10:16,381 - data_overview.py[line:90] - WARNING: destroy Dtable error,:'NoneType' object has no attribute 'destroy', but this can be ignored sometimes"
"2019-08-23 09:10:19,308 - data_overview.py[line:90] - WARNING: destroy Dtable error,:[Errno 2] No such file or directory: 'lock.mdb', but this can be ignored sometimes"
"2019-08-23 09:10:27,962 - data_overview.py[line:90] - WARNING: destroy Dtable error,:'NoneType' object has no attribute 'destroy', but this can be ignored sometimes"
"2019-08-23 09:10:27,962 - data_overview.py[line:90] - WARNING: destroy Dtable error,:'NoneType' object has no attribute 'destroy', but this can be ignored sometimes"
"2019-08-23 09:10:28,328 - data_overview.py[line:90] - WARNING: destroy Dtable error,:'NoneType' object has no attribute 'destroy', but this can be ignored sometimes"
"2019-08-23 09:10:28,328 - data_overview.py[line:90] - WARNING: destroy Dtable error,:'NoneType' object has no attribute 'destroy', but this can be ignored sometimes"
"2019-08-23 09:10:40,415 - data_overview.py[line:90] - WARNING: destroy Dtable error,:'NoneType' object has no attribute 'destroy', but this can be ignored sometimes"
"2019-08-23 09:10:40,415 - data_overview.py[line:90] - WARNING: destroy Dtable error,:'NoneType' object has no attribute 'destroy', but this can be ignored sometimes"
"2019-08-23 09:10:40,421 - data_overview.py[line:90] - WARNING: destroy Dtable error,:'NoneType' object has no attribute 'destroy', but this can be ignored sometimes"
"2019-08-23 09:10:40,421 - data_overview.py[line:90] - WARNING: destroy Dtable error,:'NoneType' object has no attribute 'destroy', but this can be ignored sometimes"
"2019-08-23 09:10:52,450 - data_overview.py[line:90] - WARNING: destroy Dtable error,:'NoneType' object has no attribute 'destroy', but this can be ignored sometimes"
"2019-08-23 09:10:52,451 - data_overview.py[line:90] - WARNING: destroy Dtable error,:'NoneType' object has no attribute 'destroy', but this can be ignored sometimes"
"2019-08-23 09:10:53,009 - data_overview.py[line:90] - WARNING: destroy Dtable error,:'NoneType' object has no attribute 'destroy', but this can be ignored sometimes"
"2019-08-23 09:10:53,009 - data_overview.py[line:90] - WARNING: destroy Dtable error,:'NoneType' object has no attribute 'destroy', but this can be ignored sometimes"
"2019-08-23 09:10:55,996 - data_overview.py[line:90] - WARNING: destroy Dtable error,:/fate/data/IN_MEMORY/hetero_network_embedding_example_standalone_20190823090811/e84d9df0-c585-11e9-994a-0242ac110002/0: No such file or directory, but this can be ignored sometimes"
"2019-08-23 09:11:05,044 - data_overview.py[line:90] - WARNING: destroy Dtable error,:'NoneType' object has no attribute 'destroy', but this can be ignored sometimes"
"2019-08-23 09:11:05,045 - data_overview.py[line:90] - WARNING: destroy Dtable error,:'NoneType' object has no attribute 'destroy', but this can be ignored sometimes"
"2019-08-23 09:11:05,049 - data_overview.py[line:90] - WARNING: destroy Dtable error,:'NoneType' object has no attribute 'destroy', but this can be ignored sometimes"
"2019-08-23 09:11:05,049 - data_overview.py[line:90] - WARNING: destroy Dtable error,:'NoneType' object has no attribute 'destroy', but this can be ignored sometimes"
"2019-08-23 09:11:17,208 - data_overview.py[line:90] - WARNING: destroy Dtable error,:'NoneType' object has no attribute 'destroy', but this can be ignored sometimes"
"2019-08-23 09:11:17,208 - data_overview.py[line:90] - WARNING: destroy Dtable error,:'NoneType' object has no attribute 'destroy', but this can be ignored sometimes"
"2019-08-23 09:11:17,214 - data_overview.py[line:90] - WARNING: destroy Dtable error,:'NoneType' object has no attribute 'destroy', but this can be ignored sometimes"
"2019-08-23 09:11:17,214 - data_overview.py[line:90] - WARNING: destroy Dtable error,:'NoneType' object has no attribute 'destroy', but this can be ignored sometimes"
"2019-08-23 09:11:29,487 - data_overview.py[line:90] - WARNING: destroy Dtable error,:'NoneType' object has no attribute 'destroy', but this can be ignored sometimes"
"2019-08-23 09:11:29,487 - data_overview.py[line:90] - WARNING: destroy Dtable error,:'NoneType' object has no attribute 'destroy', but this can be ignored sometimes"
"2019-08-23 09:11:29,495 - data_overview.py[line:90] - WARNING: destroy Dtable error,:'NoneType' object has no attribute 'destroy', but this can be ignored sometimes"
"2019-08-23 09:11:29,495 - data_overview.py[line:90] - WARNING: destroy Dtable error,:'NoneType' object has no attribute 'destroy', but this can be ignored sometimes"
"2019-08-23 09:11:32,716 - data_overview.py[line:90] - WARNING: destroy Dtable error,:[Errno 2] No such file or directory: '/fate/data/IN_MEMORY/hetero_network_embedding_example_standalone_20190823090811/fe6968da-c585-11e9-994a-0242ac110002', but this can be ignored sometimes"
"2019-08-23 09:11:41,534 - data_overview.py[line:90] - WARNING: destroy Dtable error,:'NoneType' object has no attribute 'destroy', but this can be ignored sometimes"
"2019-08-23 09:11:41,534 - data_overview.py[line:90] - WARNING: destroy Dtable error,:'NoneType' object has no attribute 'destroy', but this can be ignored sometimes"
"2019-08-23 09:11:41,538 - data_overview.py[line:90] - WARNING: destroy Dtable error,:'NoneType' object has no attribute 'destroy', but this can be ignored sometimes"
"2019-08-23 09:11:41,538 - data_overview.py[line:90] - WARNING: destroy Dtable error,:'NoneType' object has no attribute 'destroy', but this can be ignored sometimes"
"2019-08-23 09:11:44,791 - data_overview.py[line:90] - WARNING: destroy Dtable error,:[Errno 2] No such file or directory: '0', but this can be ignored sometimes"
"2019-08-23 09:11:47,874 - data_overview.py[line:90] - WARNING: destroy Dtable error,:'NoneType' object has no attribute 'destroy', but this can be ignored sometimes"
"2019-08-23 09:11:47,874 - data_overview.py[line:90] - WARNING: destroy Dtable error,:'NoneType' object has no attribute 'destroy', but this can be ignored sometimes"
"2019-08-23 09:11:48,056 - data_overview.py[line:90] - WARNING: destroy Dtable error,:'NoneType' object has no attribute 'destroy', but this can be ignored sometimes"
"2019-08-23 09:11:48,056 - data_overview.py[line:90] - WARNING: destroy Dtable error,:'NoneType' object has no attribute 'destroy', but this can be ignored sometimes"
