"2019-08-23 09:08:17,208 - federation.py[line:124] - DEBUG: [REMOTE] Sent hetero_network_embedding_example_standalone_20190823090811-HeteroNETransferVariable.paillier_pubkey-HeteroNETransferVariable.paillier_pubkey.0-arbiter-10000-host-9999"
"2019-08-23 09:08:17,277 - federation.py[line:124] - DEBUG: [REMOTE] Sent hetero_network_embedding_example_standalone_20190823090811-HeteroNETransferVariable.paillier_pubkey-HeteroNETransferVariable.paillier_pubkey.0-arbiter-10000-guest-10000"
"2019-08-23 09:08:17,277 - federation.py[line:145] - DEBUG: [GET] arbiter 10000 getting remote object HeteroNETransferVariable.batch_info.0 from guest [10000]"
"2019-08-23 09:08:17,662 - federation.py[line:145] - DEBUG: [GET] guest 10000 getting remote object RawIntersectTransferVariable.send_ids_host.embedding0 from host [9999]"
"2019-08-23 09:08:17,688 - federation.py[line:124] - DEBUG: [REMOTE] Sent hetero_network_embedding_example_standalone_20190823090811-RawIntersectTransferVariable.send_ids_host-RawIntersectTransferVariable.send_ids_host.embedding0-host-9999-guest-10000"
"2019-08-23 09:08:17,688 - federation.py[line:145] - DEBUG: [GET] host 9999 getting remote object RawIntersectTransferVariable.intersect_ids_guest.embedding0 from guest [10000]"
"2019-08-23 09:08:17,763 - federation.py[line:46] - DEBUG: [GET] Got hetero_network_embedding_example_standalone_20190823090811-RawIntersectTransferVariable.send_ids_host-RawIntersectTransferVariable.send_ids_host.embedding0-host-9999-guest-10000 type Table"
"2019-08-23 09:08:17,900 - federation.py[line:124] - DEBUG: [REMOTE] Sent hetero_network_embedding_example_standalone_20190823090811-RawIntersectTransferVariable.intersect_ids_guest-RawIntersectTransferVariable.intersect_ids_guest.embedding0-guest-10000-host-9999"
"2019-08-23 09:08:17,991 - federation.py[line:46] - DEBUG: [GET] Got hetero_network_embedding_example_standalone_20190823090811-RawIntersectTransferVariable.intersect_ids_guest-RawIntersectTransferVariable.intersect_ids_guest.embedding0-guest-10000-host-9999 type Table"
"2019-08-23 09:08:18,714 - federation.py[line:145] - DEBUG: [GET] guest 10000 getting remote object HeteroNETransferVariable.paillier_pubkey.0 from arbiter [10000]"
"2019-08-23 09:08:18,715 - federation.py[line:46] - DEBUG: [GET] Got hetero_network_embedding_example_standalone_20190823090811-HeteroNETransferVariable.paillier_pubkey-HeteroNETransferVariable.paillier_pubkey.0-arbiter-10000-guest-10000 type Object"
"2019-08-23 09:08:18,996 - federation.py[line:145] - DEBUG: [GET] host 9999 getting remote object HeteroNETransferVariable.paillier_pubkey.0 from arbiter [10000]"
"2019-08-23 09:08:18,997 - federation.py[line:46] - DEBUG: [GET] Got hetero_network_embedding_example_standalone_20190823090811-HeteroNETransferVariable.paillier_pubkey-HeteroNETransferVariable.paillier_pubkey.0-arbiter-10000-host-9999 type Object"
"2019-08-23 09:08:18,998 - federation.py[line:145] - DEBUG: [GET] host 9999 getting remote object HeteroNETransferVariable.batch_info.0 from guest [10000]"
"2019-08-23 09:08:21,957 - federation.py[line:124] - DEBUG: [REMOTE] Sent hetero_network_embedding_example_standalone_20190823090811-HeteroNETransferVariable.batch_info-HeteroNETransferVariable.batch_info.0-guest-10000-host-9999"
"2019-08-23 09:08:22,010 - federation.py[line:124] - DEBUG: [REMOTE] Sent hetero_network_embedding_example_standalone_20190823090811-HeteroNETransferVariable.batch_info-HeteroNETransferVariable.batch_info.0-guest-10000-arbiter-10000"
"2019-08-23 09:08:22,010 - federation.py[line:46] - DEBUG: [GET] Got hetero_network_embedding_example_standalone_20190823090811-HeteroNETransferVariable.batch_info-HeteroNETransferVariable.batch_info.0-guest-10000-host-9999 type Object"
"2019-08-23 09:08:22,012 - federation.py[line:145] - DEBUG: [GET] host 9999 getting remote object HeteroNETransferVariable.batch_data_index.0.0.0 from guest [10000]"
"2019-08-23 09:08:22,039 - federation.py[line:124] - DEBUG: [REMOTE] Sent hetero_network_embedding_example_standalone_20190823090811-HeteroNETransferVariable.batch_data_index-HeteroNETransferVariable.batch_data_index.0.0.0-guest-10000-host-9999"
"2019-08-23 09:08:22,097 - federation.py[line:46] - DEBUG: [GET] Got hetero_network_embedding_example_standalone_20190823090811-HeteroNETransferVariable.batch_info-HeteroNETransferVariable.batch_info.0-guest-10000-arbiter-10000 type Object"
"2019-08-23 09:08:22,098 - federation.py[line:145] - DEBUG: [GET] arbiter 10000 getting remote object HeteroNETransferVariable.host_gradient.0.0.0 from guest [10000]"
"2019-08-23 09:08:22,113 - federation.py[line:46] - DEBUG: [GET] Got hetero_network_embedding_example_standalone_20190823090811-HeteroNETransferVariable.batch_data_index-HeteroNETransferVariable.batch_data_index.0.0.0-guest-10000-host-9999 type Table"
"2019-08-23 09:08:30,994 - federation.py[line:145] - DEBUG: [GET] guest 10000 getting remote object HeteroNETransferVariable.host_forward_dict.0.0.0 from host [9999]"
"2019-08-23 09:08:31,597 - federation.py[line:46] - DEBUG: [GET] Got hetero_network_embedding_example_standalone_20190823090811-HeteroNETransferVariable.host_forward_dict-HeteroNETransferVariable.host_forward_dict.0.0.0-host-9999-guest-10000 type Table"
"2019-08-23 09:08:31,598 - federation.py[line:124] - DEBUG: [REMOTE] Sent hetero_network_embedding_example_standalone_20190823090811-HeteroNETransferVariable.host_forward_dict-HeteroNETransferVariable.host_forward_dict.0.0.0-host-9999-guest-10000"
"2019-08-23 09:08:31,599 - federation.py[line:145] - DEBUG: [GET] host 9999 getting remote object HeteroNETransferVariable.host_optim_gradient.0.0.0 from arbiter [10000]"
"2019-08-23 09:08:32,155 - federation.py[line:124] - DEBUG: [REMOTE] Sent hetero_network_embedding_example_standalone_20190823090811-HeteroNETransferVariable.host_gradient-HeteroNETransferVariable.host_gradient.0.0.0-guest-10000-arbiter-10000"
"2019-08-23 09:08:32,234 - federation.py[line:46] - DEBUG: [GET] Got hetero_network_embedding_example_standalone_20190823090811-HeteroNETransferVariable.host_gradient-HeteroNETransferVariable.host_gradient.0.0.0-guest-10000-arbiter-10000 type Table"
"2019-08-23 09:08:32,235 - federation.py[line:145] - DEBUG: [GET] arbiter 10000 getting remote object HeteroNETransferVariable.guest_gradient.0.0.0 from guest [10000]"
"2019-08-23 09:08:32,993 - federation.py[line:124] - DEBUG: [REMOTE] Sent hetero_network_embedding_example_standalone_20190823090811-HeteroNETransferVariable.guest_gradient-HeteroNETransferVariable.guest_gradient.0.0.0-guest-10000-arbiter-10000"
"2019-08-23 09:08:32,994 - federation.py[line:145] - DEBUG: [GET] guest 10000 getting remote object HeteroNETransferVariable.guest_optim_gradient.0.0.0 from arbiter [10000]"
"2019-08-23 09:08:33,039 - federation.py[line:46] - DEBUG: [GET] Got hetero_network_embedding_example_standalone_20190823090811-HeteroNETransferVariable.guest_gradient-HeteroNETransferVariable.guest_gradient.0.0.0-guest-10000-arbiter-10000 type Table"
"2019-08-23 09:08:33,237 - federation.py[line:124] - DEBUG: [REMOTE] Sent hetero_network_embedding_example_standalone_20190823090811-HeteroNETransferVariable.host_optim_gradient-HeteroNETransferVariable.host_optim_gradient.0.0.0-arbiter-10000-host-9999"
"2019-08-23 09:08:33,255 - federation.py[line:124] - DEBUG: [REMOTE] Sent hetero_network_embedding_example_standalone_20190823090811-HeteroNETransferVariable.guest_optim_gradient-HeteroNETransferVariable.guest_optim_gradient.0.0.0-arbiter-10000-guest-10000"
"2019-08-23 09:08:33,256 - federation.py[line:145] - DEBUG: [GET] arbiter 10000 getting remote object HeteroNETransferVariable.loss.0.0.0 from guest [10000]"
"2019-08-23 09:08:33,295 - federation.py[line:46] - DEBUG: [GET] Got hetero_network_embedding_example_standalone_20190823090811-HeteroNETransferVariable.guest_optim_gradient-HeteroNETransferVariable.guest_optim_gradient.0.0.0-arbiter-10000-guest-10000 type Table"
"2019-08-23 09:08:33,306 - federation.py[line:46] - DEBUG: [GET] Got hetero_network_embedding_example_standalone_20190823090811-HeteroNETransferVariable.host_optim_gradient-HeteroNETransferVariable.host_optim_gradient.0.0.0-arbiter-10000-host-9999 type Table"
"2019-08-23 09:08:33,457 - federation.py[line:46] - DEBUG: [GET] Got hetero_network_embedding_example_standalone_20190823090811-HeteroNETransferVariable.loss-HeteroNETransferVariable.loss.0.0.0-guest-10000-arbiter-10000 type Object"
"2019-08-23 09:08:33,458 - federation.py[line:145] - DEBUG: [GET] arbiter 10000 getting remote object HeteroNETransferVariable.host_gradient.0.0.1 from guest [10000]"
"2019-08-23 09:08:33,466 - federation.py[line:124] - DEBUG: [REMOTE] Sent hetero_network_embedding_example_standalone_20190823090811-HeteroNETransferVariable.loss-HeteroNETransferVariable.loss.0.0.0-guest-10000-arbiter-10000"
"2019-08-23 09:08:33,484 - federation.py[line:145] - DEBUG: [GET] host 9999 getting remote object HeteroNETransferVariable.batch_data_index.0.0.1 from guest [10000]"
"2019-08-23 09:08:34,068 - federation.py[line:124] - DEBUG: [REMOTE] Sent hetero_network_embedding_example_standalone_20190823090811-HeteroNETransferVariable.batch_data_index-HeteroNETransferVariable.batch_data_index.0.0.1-guest-10000-host-9999"
"2019-08-23 09:08:34,087 - federation.py[line:46] - DEBUG: [GET] Got hetero_network_embedding_example_standalone_20190823090811-HeteroNETransferVariable.batch_data_index-HeteroNETransferVariable.batch_data_index.0.0.1-guest-10000-host-9999 type Table"
"2019-08-23 09:08:42,743 - federation.py[line:145] - DEBUG: [GET] guest 10000 getting remote object HeteroNETransferVariable.host_forward_dict.0.0.1 from host [9999]"
"2019-08-23 09:08:43,281 - federation.py[line:124] - DEBUG: [REMOTE] Sent hetero_network_embedding_example_standalone_20190823090811-HeteroNETransferVariable.host_forward_dict-HeteroNETransferVariable.host_forward_dict.0.0.1-host-9999-guest-10000"
"2019-08-23 09:08:43,282 - federation.py[line:145] - DEBUG: [GET] host 9999 getting remote object HeteroNETransferVariable.host_optim_gradient.0.0.1 from arbiter [10000]"
"2019-08-23 09:08:43,346 - federation.py[line:46] - DEBUG: [GET] Got hetero_network_embedding_example_standalone_20190823090811-HeteroNETransferVariable.host_forward_dict-HeteroNETransferVariable.host_forward_dict.0.0.1-host-9999-guest-10000 type Table"
"2019-08-23 09:08:43,838 - federation.py[line:124] - DEBUG: [REMOTE] Sent hetero_network_embedding_example_standalone_20190823090811-HeteroNETransferVariable.host_gradient-HeteroNETransferVariable.host_gradient.0.0.1-guest-10000-arbiter-10000"
"2019-08-23 09:08:43,897 - federation.py[line:46] - DEBUG: [GET] Got hetero_network_embedding_example_standalone_20190823090811-HeteroNETransferVariable.host_gradient-HeteroNETransferVariable.host_gradient.0.0.1-guest-10000-arbiter-10000 type Table"
"2019-08-23 09:08:43,898 - federation.py[line:145] - DEBUG: [GET] arbiter 10000 getting remote object HeteroNETransferVariable.guest_gradient.0.0.1 from guest [10000]"
"2019-08-23 09:08:44,903 - federation.py[line:46] - DEBUG: [GET] Got hetero_network_embedding_example_standalone_20190823090811-HeteroNETransferVariable.guest_gradient-HeteroNETransferVariable.guest_gradient.0.0.1-guest-10000-arbiter-10000 type Table"
"2019-08-23 09:08:44,909 - federation.py[line:124] - DEBUG: [REMOTE] Sent hetero_network_embedding_example_standalone_20190823090811-HeteroNETransferVariable.guest_gradient-HeteroNETransferVariable.guest_gradient.0.0.1-guest-10000-arbiter-10000"
"2019-08-23 09:08:44,910 - federation.py[line:145] - DEBUG: [GET] guest 10000 getting remote object HeteroNETransferVariable.guest_optim_gradient.0.0.1 from arbiter [10000]"
"2019-08-23 09:08:45,280 - federation.py[line:124] - DEBUG: [REMOTE] Sent hetero_network_embedding_example_standalone_20190823090811-HeteroNETransferVariable.host_optim_gradient-HeteroNETransferVariable.host_optim_gradient.0.0.1-arbiter-10000-host-9999"
"2019-08-23 09:08:45,291 - federation.py[line:46] - DEBUG: [GET] Got hetero_network_embedding_example_standalone_20190823090811-HeteroNETransferVariable.host_optim_gradient-HeteroNETransferVariable.host_optim_gradient.0.0.1-arbiter-10000-host-9999 type Table"
"2019-08-23 09:08:45,297 - federation.py[line:124] - DEBUG: [REMOTE] Sent hetero_network_embedding_example_standalone_20190823090811-HeteroNETransferVariable.guest_optim_gradient-HeteroNETransferVariable.guest_optim_gradient.0.0.1-arbiter-10000-guest-10000"
"2019-08-23 09:08:45,297 - federation.py[line:145] - DEBUG: [GET] arbiter 10000 getting remote object HeteroNETransferVariable.loss.0.0.1 from guest [10000]"
"2019-08-23 09:08:45,312 - federation.py[line:46] - DEBUG: [GET] Got hetero_network_embedding_example_standalone_20190823090811-HeteroNETransferVariable.guest_optim_gradient-HeteroNETransferVariable.guest_optim_gradient.0.0.1-arbiter-10000-guest-10000 type Table"
"2019-08-23 09:08:45,517 - federation.py[line:145] - DEBUG: [GET] host 9999 getting remote object HeteroNETransferVariable.batch_data_index.0.0.2 from guest [10000]"
"2019-08-23 09:08:45,542 - federation.py[line:124] - DEBUG: [REMOTE] Sent hetero_network_embedding_example_standalone_20190823090811-HeteroNETransferVariable.loss-HeteroNETransferVariable.loss.0.0.1-guest-10000-arbiter-10000"
"2019-08-23 09:08:45,599 - federation.py[line:46] - DEBUG: [GET] Got hetero_network_embedding_example_standalone_20190823090811-HeteroNETransferVariable.loss-HeteroNETransferVariable.loss.0.0.1-guest-10000-arbiter-10000 type Object"
"2019-08-23 09:08:45,600 - federation.py[line:145] - DEBUG: [GET] arbiter 10000 getting remote object HeteroNETransferVariable.host_gradient.0.0.2 from guest [10000]"
"2019-08-23 09:08:46,174 - federation.py[line:124] - DEBUG: [REMOTE] Sent hetero_network_embedding_example_standalone_20190823090811-HeteroNETransferVariable.batch_data_index-HeteroNETransferVariable.batch_data_index.0.0.2-guest-10000-host-9999"
"2019-08-23 09:08:46,220 - federation.py[line:46] - DEBUG: [GET] Got hetero_network_embedding_example_standalone_20190823090811-HeteroNETransferVariable.batch_data_index-HeteroNETransferVariable.batch_data_index.0.0.2-guest-10000-host-9999 type Table"
"2019-08-23 09:08:55,258 - federation.py[line:145] - DEBUG: [GET] guest 10000 getting remote object HeteroNETransferVariable.host_forward_dict.0.0.2 from host [9999]"
"2019-08-23 09:08:55,285 - federation.py[line:124] - DEBUG: [REMOTE] Sent hetero_network_embedding_example_standalone_20190823090811-HeteroNETransferVariable.host_forward_dict-HeteroNETransferVariable.host_forward_dict.0.0.2-host-9999-guest-10000"
"2019-08-23 09:08:55,286 - federation.py[line:145] - DEBUG: [GET] host 9999 getting remote object HeteroNETransferVariable.host_optim_gradient.0.0.2 from arbiter [10000]"
"2019-08-23 09:08:55,359 - federation.py[line:46] - DEBUG: [GET] Got hetero_network_embedding_example_standalone_20190823090811-HeteroNETransferVariable.host_forward_dict-HeteroNETransferVariable.host_forward_dict.0.0.2-host-9999-guest-10000 type Table"
"2019-08-23 09:08:55,904 - federation.py[line:124] - DEBUG: [REMOTE] Sent hetero_network_embedding_example_standalone_20190823090811-HeteroNETransferVariable.host_gradient-HeteroNETransferVariable.host_gradient.0.0.2-guest-10000-arbiter-10000"
"2019-08-23 09:08:55,941 - federation.py[line:46] - DEBUG: [GET] Got hetero_network_embedding_example_standalone_20190823090811-HeteroNETransferVariable.host_gradient-HeteroNETransferVariable.host_gradient.0.0.2-guest-10000-arbiter-10000 type Table"
"2019-08-23 09:08:55,941 - federation.py[line:145] - DEBUG: [GET] arbiter 10000 getting remote object HeteroNETransferVariable.guest_gradient.0.0.2 from guest [10000]"
"2019-08-23 09:08:56,544 - federation.py[line:46] - DEBUG: [GET] Got hetero_network_embedding_example_standalone_20190823090811-HeteroNETransferVariable.guest_gradient-HeteroNETransferVariable.guest_gradient.0.0.2-guest-10000-arbiter-10000 type Table"
"2019-08-23 09:08:56,545 - federation.py[line:124] - DEBUG: [REMOTE] Sent hetero_network_embedding_example_standalone_20190823090811-HeteroNETransferVariable.guest_gradient-HeteroNETransferVariable.guest_gradient.0.0.2-guest-10000-arbiter-10000"
"2019-08-23 09:08:56,545 - federation.py[line:145] - DEBUG: [GET] guest 10000 getting remote object HeteroNETransferVariable.guest_optim_gradient.0.0.2 from arbiter [10000]"
"2019-08-23 09:08:56,992 - federation.py[line:46] - DEBUG: [GET] Got hetero_network_embedding_example_standalone_20190823090811-HeteroNETransferVariable.host_optim_gradient-HeteroNETransferVariable.host_optim_gradient.0.0.2-arbiter-10000-host-9999 type Table"
"2019-08-23 09:08:56,997 - federation.py[line:124] - DEBUG: [REMOTE] Sent hetero_network_embedding_example_standalone_20190823090811-HeteroNETransferVariable.host_optim_gradient-HeteroNETransferVariable.host_optim_gradient.0.0.2-arbiter-10000-host-9999"
"2019-08-23 09:08:57,014 - federation.py[line:124] - DEBUG: [REMOTE] Sent hetero_network_embedding_example_standalone_20190823090811-HeteroNETransferVariable.guest_optim_gradient-HeteroNETransferVariable.guest_optim_gradient.0.0.2-arbiter-10000-guest-10000"
"2019-08-23 09:08:57,014 - federation.py[line:145] - DEBUG: [GET] arbiter 10000 getting remote object HeteroNETransferVariable.loss.0.0.2 from guest [10000]"
"2019-08-23 09:08:57,048 - federation.py[line:46] - DEBUG: [GET] Got hetero_network_embedding_example_standalone_20190823090811-HeteroNETransferVariable.guest_optim_gradient-HeteroNETransferVariable.guest_optim_gradient.0.0.2-arbiter-10000-guest-10000 type Table"
"2019-08-23 09:08:57,168 - federation.py[line:145] - DEBUG: [GET] host 9999 getting remote object HeteroNETransferVariable.batch_data_index.0.0.3 from guest [10000]"
"2019-08-23 09:08:57,234 - federation.py[line:124] - DEBUG: [REMOTE] Sent hetero_network_embedding_example_standalone_20190823090811-HeteroNETransferVariable.loss-HeteroNETransferVariable.loss.0.0.2-guest-10000-arbiter-10000"
"2019-08-23 09:08:57,316 - federation.py[line:46] - DEBUG: [GET] Got hetero_network_embedding_example_standalone_20190823090811-HeteroNETransferVariable.loss-HeteroNETransferVariable.loss.0.0.2-guest-10000-arbiter-10000 type Object"
"2019-08-23 09:08:57,317 - federation.py[line:145] - DEBUG: [GET] arbiter 10000 getting remote object HeteroNETransferVariable.host_gradient.0.0.3 from guest [10000]"
"2019-08-23 09:08:57,713 - federation.py[line:124] - DEBUG: [REMOTE] Sent hetero_network_embedding_example_standalone_20190823090811-HeteroNETransferVariable.batch_data_index-HeteroNETransferVariable.batch_data_index.0.0.3-guest-10000-host-9999"
"2019-08-23 09:08:57,771 - federation.py[line:46] - DEBUG: [GET] Got hetero_network_embedding_example_standalone_20190823090811-HeteroNETransferVariable.batch_data_index-HeteroNETransferVariable.batch_data_index.0.0.3-guest-10000-host-9999 type Table"
"2019-08-23 09:09:06,503 - federation.py[line:145] - DEBUG: [GET] guest 10000 getting remote object HeteroNETransferVariable.host_forward_dict.0.0.3 from host [9999]"
"2019-08-23 09:09:06,525 - federation.py[line:124] - DEBUG: [REMOTE] Sent hetero_network_embedding_example_standalone_20190823090811-HeteroNETransferVariable.host_forward_dict-HeteroNETransferVariable.host_forward_dict.0.0.3-host-9999-guest-10000"
"2019-08-23 09:09:06,525 - federation.py[line:145] - DEBUG: [GET] host 9999 getting remote object HeteroNETransferVariable.host_optim_gradient.0.0.3 from arbiter [10000]"
"2019-08-23 09:09:06,604 - federation.py[line:46] - DEBUG: [GET] Got hetero_network_embedding_example_standalone_20190823090811-HeteroNETransferVariable.host_forward_dict-HeteroNETransferVariable.host_forward_dict.0.0.3-host-9999-guest-10000 type Table"
"2019-08-23 09:09:07,300 - federation.py[line:124] - DEBUG: [REMOTE] Sent hetero_network_embedding_example_standalone_20190823090811-HeteroNETransferVariable.host_gradient-HeteroNETransferVariable.host_gradient.0.0.3-guest-10000-arbiter-10000"
"2019-08-23 09:09:07,359 - federation.py[line:46] - DEBUG: [GET] Got hetero_network_embedding_example_standalone_20190823090811-HeteroNETransferVariable.host_gradient-HeteroNETransferVariable.host_gradient.0.0.3-guest-10000-arbiter-10000 type Table"
"2019-08-23 09:09:07,360 - federation.py[line:145] - DEBUG: [GET] arbiter 10000 getting remote object HeteroNETransferVariable.guest_gradient.0.0.3 from guest [10000]"
"2019-08-23 09:09:07,878 - federation.py[line:124] - DEBUG: [REMOTE] Sent hetero_network_embedding_example_standalone_20190823090811-HeteroNETransferVariable.guest_gradient-HeteroNETransferVariable.guest_gradient.0.0.3-guest-10000-arbiter-10000"
"2019-08-23 09:09:07,878 - federation.py[line:145] - DEBUG: [GET] guest 10000 getting remote object HeteroNETransferVariable.guest_optim_gradient.0.0.3 from arbiter [10000]"
"2019-08-23 09:09:07,962 - federation.py[line:46] - DEBUG: [GET] Got hetero_network_embedding_example_standalone_20190823090811-HeteroNETransferVariable.guest_gradient-HeteroNETransferVariable.guest_gradient.0.0.3-guest-10000-arbiter-10000 type Table"
"2019-08-23 09:09:08,148 - federation.py[line:124] - DEBUG: [REMOTE] Sent hetero_network_embedding_example_standalone_20190823090811-HeteroNETransferVariable.host_optim_gradient-HeteroNETransferVariable.host_optim_gradient.0.0.3-arbiter-10000-host-9999"
"2019-08-23 09:09:08,165 - federation.py[line:124] - DEBUG: [REMOTE] Sent hetero_network_embedding_example_standalone_20190823090811-HeteroNETransferVariable.guest_optim_gradient-HeteroNETransferVariable.guest_optim_gradient.0.0.3-arbiter-10000-guest-10000"
"2019-08-23 09:09:08,165 - federation.py[line:145] - DEBUG: [GET] arbiter 10000 getting remote object HeteroNETransferVariable.loss.0.0.3 from guest [10000]"
"2019-08-23 09:09:08,180 - federation.py[line:46] - DEBUG: [GET] Got hetero_network_embedding_example_standalone_20190823090811-HeteroNETransferVariable.guest_optim_gradient-HeteroNETransferVariable.guest_optim_gradient.0.0.3-arbiter-10000-guest-10000 type Table"
"2019-08-23 09:09:08,233 - federation.py[line:46] - DEBUG: [GET] Got hetero_network_embedding_example_standalone_20190823090811-HeteroNETransferVariable.host_optim_gradient-HeteroNETransferVariable.host_optim_gradient.0.0.3-arbiter-10000-host-9999 type Table"
"2019-08-23 09:09:08,411 - federation.py[line:124] - DEBUG: [REMOTE] Sent hetero_network_embedding_example_standalone_20190823090811-HeteroNETransferVariable.loss-HeteroNETransferVariable.loss.0.0.3-guest-10000-arbiter-10000"
"2019-08-23 09:09:08,434 - federation.py[line:145] - DEBUG: [GET] host 9999 getting remote object HeteroNETransferVariable.batch_data_index.0.0.4 from guest [10000]"
"2019-08-23 09:09:08,467 - federation.py[line:46] - DEBUG: [GET] Got hetero_network_embedding_example_standalone_20190823090811-HeteroNETransferVariable.loss-HeteroNETransferVariable.loss.0.0.3-guest-10000-arbiter-10000 type Object"
"2019-08-23 09:09:08,468 - federation.py[line:145] - DEBUG: [GET] arbiter 10000 getting remote object HeteroNETransferVariable.host_gradient.0.0.4 from guest [10000]"
"2019-08-23 09:09:08,879 - federation.py[line:124] - DEBUG: [REMOTE] Sent hetero_network_embedding_example_standalone_20190823090811-HeteroNETransferVariable.batch_data_index-HeteroNETransferVariable.batch_data_index.0.0.4-guest-10000-host-9999"
"2019-08-23 09:09:08,936 - federation.py[line:46] - DEBUG: [GET] Got hetero_network_embedding_example_standalone_20190823090811-HeteroNETransferVariable.batch_data_index-HeteroNETransferVariable.batch_data_index.0.0.4-guest-10000-host-9999 type Table"
"2019-08-23 09:09:17,837 - federation.py[line:124] - DEBUG: [REMOTE] Sent hetero_network_embedding_example_standalone_20190823090811-HeteroNETransferVariable.host_forward_dict-HeteroNETransferVariable.host_forward_dict.0.0.4-host-9999-guest-10000"
"2019-08-23 09:09:17,837 - federation.py[line:145] - DEBUG: [GET] host 9999 getting remote object HeteroNETransferVariable.host_optim_gradient.0.0.4 from arbiter [10000]"
"2019-08-23 09:09:18,168 - federation.py[line:145] - DEBUG: [GET] guest 10000 getting remote object HeteroNETransferVariable.host_forward_dict.0.0.4 from host [9999]"
"2019-08-23 09:09:18,168 - federation.py[line:46] - DEBUG: [GET] Got hetero_network_embedding_example_standalone_20190823090811-HeteroNETransferVariable.host_forward_dict-HeteroNETransferVariable.host_forward_dict.0.0.4-host-9999-guest-10000 type Table"
"2019-08-23 09:09:18,719 - federation.py[line:124] - DEBUG: [REMOTE] Sent hetero_network_embedding_example_standalone_20190823090811-HeteroNETransferVariable.host_gradient-HeteroNETransferVariable.host_gradient.0.0.4-guest-10000-arbiter-10000"
"2019-08-23 09:09:18,806 - federation.py[line:46] - DEBUG: [GET] Got hetero_network_embedding_example_standalone_20190823090811-HeteroNETransferVariable.host_gradient-HeteroNETransferVariable.host_gradient.0.0.4-guest-10000-arbiter-10000 type Table"
"2019-08-23 09:09:18,807 - federation.py[line:145] - DEBUG: [GET] arbiter 10000 getting remote object HeteroNETransferVariable.guest_gradient.0.0.4 from guest [10000]"
"2019-08-23 09:09:19,387 - federation.py[line:124] - DEBUG: [REMOTE] Sent hetero_network_embedding_example_standalone_20190823090811-HeteroNETransferVariable.guest_gradient-HeteroNETransferVariable.guest_gradient.0.0.4-guest-10000-arbiter-10000"
"2019-08-23 09:09:19,388 - federation.py[line:145] - DEBUG: [GET] guest 10000 getting remote object HeteroNETransferVariable.guest_optim_gradient.0.0.4 from arbiter [10000]"
"2019-08-23 09:09:19,409 - federation.py[line:46] - DEBUG: [GET] Got hetero_network_embedding_example_standalone_20190823090811-HeteroNETransferVariable.guest_gradient-HeteroNETransferVariable.guest_gradient.0.0.4-guest-10000-arbiter-10000 type Table"
"2019-08-23 09:09:19,563 - federation.py[line:124] - DEBUG: [REMOTE] Sent hetero_network_embedding_example_standalone_20190823090811-HeteroNETransferVariable.host_optim_gradient-HeteroNETransferVariable.host_optim_gradient.0.0.4-arbiter-10000-host-9999"
"2019-08-23 09:09:19,577 - federation.py[line:124] - DEBUG: [REMOTE] Sent hetero_network_embedding_example_standalone_20190823090811-HeteroNETransferVariable.guest_optim_gradient-HeteroNETransferVariable.guest_optim_gradient.0.0.4-arbiter-10000-guest-10000"
"2019-08-23 09:09:19,578 - federation.py[line:145] - DEBUG: [GET] arbiter 10000 getting remote object HeteroNETransferVariable.loss.0.0.4 from guest [10000]"
"2019-08-23 09:09:19,589 - federation.py[line:46] - DEBUG: [GET] Got hetero_network_embedding_example_standalone_20190823090811-HeteroNETransferVariable.guest_optim_gradient-HeteroNETransferVariable.guest_optim_gradient.0.0.4-arbiter-10000-guest-10000 type Table"
"2019-08-23 09:09:19,644 - federation.py[line:46] - DEBUG: [GET] Got hetero_network_embedding_example_standalone_20190823090811-HeteroNETransferVariable.host_optim_gradient-HeteroNETransferVariable.host_optim_gradient.0.0.4-arbiter-10000-host-9999 type Table"
"2019-08-23 09:09:19,777 - federation.py[line:124] - DEBUG: [REMOTE] Sent hetero_network_embedding_example_standalone_20190823090811-HeteroNETransferVariable.loss-HeteroNETransferVariable.loss.0.0.4-guest-10000-arbiter-10000"
"2019-08-23 09:09:19,779 - federation.py[line:46] - DEBUG: [GET] Got hetero_network_embedding_example_standalone_20190823090811-HeteroNETransferVariable.loss-HeteroNETransferVariable.loss.0.0.4-guest-10000-arbiter-10000 type Object"
"2019-08-23 09:09:19,780 - federation.py[line:145] - DEBUG: [GET] arbiter 10000 getting remote object HeteroNETransferVariable.host_gradient.0.0.5 from guest [10000]"
"2019-08-23 09:09:19,832 - federation.py[line:145] - DEBUG: [GET] host 9999 getting remote object HeteroNETransferVariable.batch_data_index.0.0.5 from guest [10000]"
"2019-08-23 09:09:20,358 - federation.py[line:124] - DEBUG: [REMOTE] Sent hetero_network_embedding_example_standalone_20190823090811-HeteroNETransferVariable.batch_data_index-HeteroNETransferVariable.batch_data_index.0.0.5-guest-10000-host-9999"
"2019-08-23 09:09:20,435 - federation.py[line:46] - DEBUG: [GET] Got hetero_network_embedding_example_standalone_20190823090811-HeteroNETransferVariable.batch_data_index-HeteroNETransferVariable.batch_data_index.0.0.5-guest-10000-host-9999 type Table"
"2019-08-23 09:09:29,387 - federation.py[line:145] - DEBUG: [GET] guest 10000 getting remote object HeteroNETransferVariable.host_forward_dict.0.0.5 from host [9999]"
"2019-08-23 09:09:29,458 - federation.py[line:124] - DEBUG: [REMOTE] Sent hetero_network_embedding_example_standalone_20190823090811-HeteroNETransferVariable.host_forward_dict-HeteroNETransferVariable.host_forward_dict.0.0.5-host-9999-guest-10000"
"2019-08-23 09:09:29,458 - federation.py[line:145] - DEBUG: [GET] host 9999 getting remote object HeteroNETransferVariable.host_optim_gradient.0.0.5 from arbiter [10000]"
"2019-08-23 09:09:29,489 - federation.py[line:46] - DEBUG: [GET] Got hetero_network_embedding_example_standalone_20190823090811-HeteroNETransferVariable.host_forward_dict-HeteroNETransferVariable.host_forward_dict.0.0.5-host-9999-guest-10000 type Table"
"2019-08-23 09:09:30,018 - federation.py[line:46] - DEBUG: [GET] Got hetero_network_embedding_example_standalone_20190823090811-HeteroNETransferVariable.host_gradient-HeteroNETransferVariable.host_gradient.0.0.5-guest-10000-arbiter-10000 type Table"
"2019-08-23 09:09:30,018 - federation.py[line:145] - DEBUG: [GET] arbiter 10000 getting remote object HeteroNETransferVariable.guest_gradient.0.0.5 from guest [10000]"
"2019-08-23 09:09:30,023 - federation.py[line:124] - DEBUG: [REMOTE] Sent hetero_network_embedding_example_standalone_20190823090811-HeteroNETransferVariable.host_gradient-HeteroNETransferVariable.host_gradient.0.0.5-guest-10000-arbiter-10000"
"2019-08-23 09:09:30,885 - federation.py[line:124] - DEBUG: [REMOTE] Sent hetero_network_embedding_example_standalone_20190823090811-HeteroNETransferVariable.guest_gradient-HeteroNETransferVariable.guest_gradient.0.0.5-guest-10000-arbiter-10000"
"2019-08-23 09:09:30,886 - federation.py[line:145] - DEBUG: [GET] guest 10000 getting remote object HeteroNETransferVariable.guest_optim_gradient.0.0.5 from arbiter [10000]"
"2019-08-23 09:09:30,922 - federation.py[line:46] - DEBUG: [GET] Got hetero_network_embedding_example_standalone_20190823090811-HeteroNETransferVariable.guest_gradient-HeteroNETransferVariable.guest_gradient.0.0.5-guest-10000-arbiter-10000 type Table"
"2019-08-23 09:09:31,141 - federation.py[line:124] - DEBUG: [REMOTE] Sent hetero_network_embedding_example_standalone_20190823090811-HeteroNETransferVariable.host_optim_gradient-HeteroNETransferVariable.host_optim_gradient.0.0.5-arbiter-10000-host-9999"
"2019-08-23 09:09:31,163 - federation.py[line:124] - DEBUG: [REMOTE] Sent hetero_network_embedding_example_standalone_20190823090811-HeteroNETransferVariable.guest_optim_gradient-HeteroNETransferVariable.guest_optim_gradient.0.0.5-arbiter-10000-guest-10000"
"2019-08-23 09:09:31,164 - federation.py[line:145] - DEBUG: [GET] arbiter 10000 getting remote object HeteroNETransferVariable.loss.0.0.5 from guest [10000]"
"2019-08-23 09:09:31,165 - federation.py[line:46] - DEBUG: [GET] Got hetero_network_embedding_example_standalone_20190823090811-HeteroNETransferVariable.host_optim_gradient-HeteroNETransferVariable.host_optim_gradient.0.0.5-arbiter-10000-host-9999 type Table"
"2019-08-23 09:09:31,188 - federation.py[line:46] - DEBUG: [GET] Got hetero_network_embedding_example_standalone_20190823090811-HeteroNETransferVariable.guest_optim_gradient-HeteroNETransferVariable.guest_optim_gradient.0.0.5-arbiter-10000-guest-10000 type Table"
"2019-08-23 09:09:31,633 - federation.py[line:145] - DEBUG: [GET] host 9999 getting remote object HeteroNETransferVariable.batch_data_index.0.0.6 from guest [10000]"
"2019-08-23 09:09:31,638 - federation.py[line:124] - DEBUG: [REMOTE] Sent hetero_network_embedding_example_standalone_20190823090811-HeteroNETransferVariable.loss-HeteroNETransferVariable.loss.0.0.5-guest-10000-arbiter-10000"
"2019-08-23 09:09:31,666 - federation.py[line:46] - DEBUG: [GET] Got hetero_network_embedding_example_standalone_20190823090811-HeteroNETransferVariable.loss-HeteroNETransferVariable.loss.0.0.5-guest-10000-arbiter-10000 type Object"
"2019-08-23 09:09:31,667 - federation.py[line:145] - DEBUG: [GET] arbiter 10000 getting remote object HeteroNETransferVariable.host_gradient.0.0.6 from guest [10000]"
"2019-08-23 09:09:32,256 - federation.py[line:124] - DEBUG: [REMOTE] Sent hetero_network_embedding_example_standalone_20190823090811-HeteroNETransferVariable.batch_data_index-HeteroNETransferVariable.batch_data_index.0.0.6-guest-10000-host-9999"
"2019-08-23 09:09:32,336 - federation.py[line:46] - DEBUG: [GET] Got hetero_network_embedding_example_standalone_20190823090811-HeteroNETransferVariable.batch_data_index-HeteroNETransferVariable.batch_data_index.0.0.6-guest-10000-host-9999 type Table"
"2019-08-23 09:09:41,572 - federation.py[line:145] - DEBUG: [GET] guest 10000 getting remote object HeteroNETransferVariable.host_forward_dict.0.0.6 from host [9999]"
"2019-08-23 09:09:41,639 - federation.py[line:124] - DEBUG: [REMOTE] Sent hetero_network_embedding_example_standalone_20190823090811-HeteroNETransferVariable.host_forward_dict-HeteroNETransferVariable.host_forward_dict.0.0.6-host-9999-guest-10000"
"2019-08-23 09:09:41,639 - federation.py[line:145] - DEBUG: [GET] host 9999 getting remote object HeteroNETransferVariable.host_optim_gradient.0.0.6 from arbiter [10000]"
"2019-08-23 09:09:41,672 - federation.py[line:46] - DEBUG: [GET] Got hetero_network_embedding_example_standalone_20190823090811-HeteroNETransferVariable.host_forward_dict-HeteroNETransferVariable.host_forward_dict.0.0.6-host-9999-guest-10000 type Table"
"2019-08-23 09:09:42,207 - federation.py[line:124] - DEBUG: [REMOTE] Sent hetero_network_embedding_example_standalone_20190823090811-HeteroNETransferVariable.host_gradient-HeteroNETransferVariable.host_gradient.0.0.6-guest-10000-arbiter-10000"
"2019-08-23 09:09:42,229 - federation.py[line:46] - DEBUG: [GET] Got hetero_network_embedding_example_standalone_20190823090811-HeteroNETransferVariable.host_gradient-HeteroNETransferVariable.host_gradient.0.0.6-guest-10000-arbiter-10000 type Table"
"2019-08-23 09:09:42,229 - federation.py[line:145] - DEBUG: [GET] arbiter 10000 getting remote object HeteroNETransferVariable.guest_gradient.0.0.6 from guest [10000]"
"2019-08-23 09:09:42,978 - federation.py[line:124] - DEBUG: [REMOTE] Sent hetero_network_embedding_example_standalone_20190823090811-HeteroNETransferVariable.guest_gradient-HeteroNETransferVariable.guest_gradient.0.0.6-guest-10000-arbiter-10000"
"2019-08-23 09:09:42,978 - federation.py[line:145] - DEBUG: [GET] guest 10000 getting remote object HeteroNETransferVariable.guest_optim_gradient.0.0.6 from arbiter [10000]"
"2019-08-23 09:09:43,033 - federation.py[line:46] - DEBUG: [GET] Got hetero_network_embedding_example_standalone_20190823090811-HeteroNETransferVariable.guest_gradient-HeteroNETransferVariable.guest_gradient.0.0.6-guest-10000-arbiter-10000 type Table"
"2019-08-23 09:09:43,214 - federation.py[line:124] - DEBUG: [REMOTE] Sent hetero_network_embedding_example_standalone_20190823090811-HeteroNETransferVariable.host_optim_gradient-HeteroNETransferVariable.host_optim_gradient.0.0.6-arbiter-10000-host-9999"
"2019-08-23 09:09:43,231 - federation.py[line:124] - DEBUG: [REMOTE] Sent hetero_network_embedding_example_standalone_20190823090811-HeteroNETransferVariable.guest_optim_gradient-HeteroNETransferVariable.guest_optim_gradient.0.0.6-arbiter-10000-guest-10000"
"2019-08-23 09:09:43,231 - federation.py[line:145] - DEBUG: [GET] arbiter 10000 getting remote object HeteroNETransferVariable.loss.0.0.6 from guest [10000]"
"2019-08-23 09:09:43,246 - federation.py[line:46] - DEBUG: [GET] Got hetero_network_embedding_example_standalone_20190823090811-HeteroNETransferVariable.host_optim_gradient-HeteroNETransferVariable.host_optim_gradient.0.0.6-arbiter-10000-host-9999 type Table"
"2019-08-23 09:09:43,280 - federation.py[line:46] - DEBUG: [GET] Got hetero_network_embedding_example_standalone_20190823090811-HeteroNETransferVariable.guest_optim_gradient-HeteroNETransferVariable.guest_optim_gradient.0.0.6-arbiter-10000-guest-10000 type Table"
"2019-08-23 09:09:43,466 - federation.py[line:145] - DEBUG: [GET] host 9999 getting remote object HeteroNETransferVariable.batch_data_index.0.0.7 from guest [10000]"
"2019-08-23 09:09:43,488 - federation.py[line:124] - DEBUG: [REMOTE] Sent hetero_network_embedding_example_standalone_20190823090811-HeteroNETransferVariable.loss-HeteroNETransferVariable.loss.0.0.6-guest-10000-arbiter-10000"
"2019-08-23 09:09:43,532 - federation.py[line:46] - DEBUG: [GET] Got hetero_network_embedding_example_standalone_20190823090811-HeteroNETransferVariable.loss-HeteroNETransferVariable.loss.0.0.6-guest-10000-arbiter-10000 type Object"
"2019-08-23 09:09:43,533 - federation.py[line:145] - DEBUG: [GET] arbiter 10000 getting remote object HeteroNETransferVariable.host_gradient.0.0.7 from guest [10000]"
"2019-08-23 09:09:43,996 - federation.py[line:124] - DEBUG: [REMOTE] Sent hetero_network_embedding_example_standalone_20190823090811-HeteroNETransferVariable.batch_data_index-HeteroNETransferVariable.batch_data_index.0.0.7-guest-10000-host-9999"
"2019-08-23 09:09:44,069 - federation.py[line:46] - DEBUG: [GET] Got hetero_network_embedding_example_standalone_20190823090811-HeteroNETransferVariable.batch_data_index-HeteroNETransferVariable.batch_data_index.0.0.7-guest-10000-host-9999 type Table"
"2019-08-23 09:09:52,964 - federation.py[line:145] - DEBUG: [GET] guest 10000 getting remote object HeteroNETransferVariable.host_forward_dict.0.0.7 from host [9999]"
"2019-08-23 09:09:52,987 - federation.py[line:124] - DEBUG: [REMOTE] Sent hetero_network_embedding_example_standalone_20190823090811-HeteroNETransferVariable.host_forward_dict-HeteroNETransferVariable.host_forward_dict.0.0.7-host-9999-guest-10000"
"2019-08-23 09:09:52,988 - federation.py[line:145] - DEBUG: [GET] host 9999 getting remote object HeteroNETransferVariable.host_optim_gradient.0.0.7 from arbiter [10000]"
"2019-08-23 09:09:53,066 - federation.py[line:46] - DEBUG: [GET] Got hetero_network_embedding_example_standalone_20190823090811-HeteroNETransferVariable.host_forward_dict-HeteroNETransferVariable.host_forward_dict.0.0.7-host-9999-guest-10000 type Table"
"2019-08-23 09:09:53,633 - federation.py[line:124] - DEBUG: [REMOTE] Sent hetero_network_embedding_example_standalone_20190823090811-HeteroNETransferVariable.host_gradient-HeteroNETransferVariable.host_gradient.0.0.7-guest-10000-arbiter-10000"
"2019-08-23 09:09:53,675 - federation.py[line:46] - DEBUG: [GET] Got hetero_network_embedding_example_standalone_20190823090811-HeteroNETransferVariable.host_gradient-HeteroNETransferVariable.host_gradient.0.0.7-guest-10000-arbiter-10000 type Table"
"2019-08-23 09:09:53,675 - federation.py[line:145] - DEBUG: [GET] arbiter 10000 getting remote object HeteroNETransferVariable.guest_gradient.0.0.7 from guest [10000]"
"2019-08-23 09:09:54,391 - federation.py[line:124] - DEBUG: [REMOTE] Sent hetero_network_embedding_example_standalone_20190823090811-HeteroNETransferVariable.guest_gradient-HeteroNETransferVariable.guest_gradient.0.0.7-guest-10000-arbiter-10000"
"2019-08-23 09:09:54,392 - federation.py[line:145] - DEBUG: [GET] guest 10000 getting remote object HeteroNETransferVariable.guest_optim_gradient.0.0.7 from arbiter [10000]"
"2019-08-23 09:09:54,479 - federation.py[line:46] - DEBUG: [GET] Got hetero_network_embedding_example_standalone_20190823090811-HeteroNETransferVariable.guest_gradient-HeteroNETransferVariable.guest_gradient.0.0.7-guest-10000-arbiter-10000 type Table"
"2019-08-23 09:09:54,658 - federation.py[line:124] - DEBUG: [REMOTE] Sent hetero_network_embedding_example_standalone_20190823090811-HeteroNETransferVariable.host_optim_gradient-HeteroNETransferVariable.host_optim_gradient.0.0.7-arbiter-10000-host-9999"
"2019-08-23 09:09:54,669 - federation.py[line:124] - DEBUG: [REMOTE] Sent hetero_network_embedding_example_standalone_20190823090811-HeteroNETransferVariable.guest_optim_gradient-HeteroNETransferVariable.guest_optim_gradient.0.0.7-arbiter-10000-guest-10000"
"2019-08-23 09:09:54,669 - federation.py[line:145] - DEBUG: [GET] arbiter 10000 getting remote object HeteroNETransferVariable.loss.0.0.7 from guest [10000]"
"2019-08-23 09:09:54,693 - federation.py[line:46] - DEBUG: [GET] Got hetero_network_embedding_example_standalone_20190823090811-HeteroNETransferVariable.guest_optim_gradient-HeteroNETransferVariable.guest_optim_gradient.0.0.7-arbiter-10000-guest-10000 type Table"
"2019-08-23 09:09:54,695 - federation.py[line:46] - DEBUG: [GET] Got hetero_network_embedding_example_standalone_20190823090811-HeteroNETransferVariable.host_optim_gradient-HeteroNETransferVariable.host_optim_gradient.0.0.7-arbiter-10000-host-9999 type Table"
"2019-08-23 09:09:54,870 - federation.py[line:46] - DEBUG: [GET] Got hetero_network_embedding_example_standalone_20190823090811-HeteroNETransferVariable.loss-HeteroNETransferVariable.loss.0.0.7-guest-10000-arbiter-10000 type Object"
"2019-08-23 09:09:54,871 - federation.py[line:145] - DEBUG: [GET] arbiter 10000 getting remote object HeteroNETransferVariable.host_gradient.0.0.8 from guest [10000]"
"2019-08-23 09:09:54,876 - federation.py[line:124] - DEBUG: [REMOTE] Sent hetero_network_embedding_example_standalone_20190823090811-HeteroNETransferVariable.loss-HeteroNETransferVariable.loss.0.0.7-guest-10000-arbiter-10000"
"2019-08-23 09:09:54,896 - federation.py[line:145] - DEBUG: [GET] host 9999 getting remote object HeteroNETransferVariable.batch_data_index.0.0.8 from guest [10000]"
"2019-08-23 09:09:55,478 - federation.py[line:124] - DEBUG: [REMOTE] Sent hetero_network_embedding_example_standalone_20190823090811-HeteroNETransferVariable.batch_data_index-HeteroNETransferVariable.batch_data_index.0.0.8-guest-10000-host-9999"
"2019-08-23 09:09:55,499 - federation.py[line:46] - DEBUG: [GET] Got hetero_network_embedding_example_standalone_20190823090811-HeteroNETransferVariable.batch_data_index-HeteroNETransferVariable.batch_data_index.0.0.8-guest-10000-host-9999 type Table"
"2019-08-23 09:10:04,859 - federation.py[line:145] - DEBUG: [GET] guest 10000 getting remote object HeteroNETransferVariable.host_forward_dict.0.0.8 from host [9999]"
"2019-08-23 09:10:05,262 - federation.py[line:46] - DEBUG: [GET] Got hetero_network_embedding_example_standalone_20190823090811-HeteroNETransferVariable.host_forward_dict-HeteroNETransferVariable.host_forward_dict.0.0.8-host-9999-guest-10000 type Table"
"2019-08-23 09:10:05,263 - federation.py[line:124] - DEBUG: [REMOTE] Sent hetero_network_embedding_example_standalone_20190823090811-HeteroNETransferVariable.host_forward_dict-HeteroNETransferVariable.host_forward_dict.0.0.8-host-9999-guest-10000"
"2019-08-23 09:10:05,263 - federation.py[line:145] - DEBUG: [GET] host 9999 getting remote object HeteroNETransferVariable.host_optim_gradient.0.0.8 from arbiter [10000]"
"2019-08-23 09:10:05,809 - federation.py[line:124] - DEBUG: [REMOTE] Sent hetero_network_embedding_example_standalone_20190823090811-HeteroNETransferVariable.host_gradient-HeteroNETransferVariable.host_gradient.0.0.8-guest-10000-arbiter-10000"
"2019-08-23 09:10:05,815 - federation.py[line:46] - DEBUG: [GET] Got hetero_network_embedding_example_standalone_20190823090811-HeteroNETransferVariable.host_gradient-HeteroNETransferVariable.host_gradient.0.0.8-guest-10000-arbiter-10000 type Table"
"2019-08-23 09:10:05,816 - federation.py[line:145] - DEBUG: [GET] arbiter 10000 getting remote object HeteroNETransferVariable.guest_gradient.0.0.8 from guest [10000]"
"2019-08-23 09:10:06,584 - federation.py[line:124] - DEBUG: [REMOTE] Sent hetero_network_embedding_example_standalone_20190823090811-HeteroNETransferVariable.guest_gradient-HeteroNETransferVariable.guest_gradient.0.0.8-guest-10000-arbiter-10000"
"2019-08-23 09:10:06,584 - federation.py[line:145] - DEBUG: [GET] guest 10000 getting remote object HeteroNETransferVariable.guest_optim_gradient.0.0.8 from arbiter [10000]"
"2019-08-23 09:10:06,620 - federation.py[line:46] - DEBUG: [GET] Got hetero_network_embedding_example_standalone_20190823090811-HeteroNETransferVariable.guest_gradient-HeteroNETransferVariable.guest_gradient.0.0.8-guest-10000-arbiter-10000 type Table"
"2019-08-23 09:10:06,795 - federation.py[line:124] - DEBUG: [REMOTE] Sent hetero_network_embedding_example_standalone_20190823090811-HeteroNETransferVariable.host_optim_gradient-HeteroNETransferVariable.host_optim_gradient.0.0.8-arbiter-10000-host-9999"
"2019-08-23 09:10:06,809 - federation.py[line:124] - DEBUG: [REMOTE] Sent hetero_network_embedding_example_standalone_20190823090811-HeteroNETransferVariable.guest_optim_gradient-HeteroNETransferVariable.guest_optim_gradient.0.0.8-arbiter-10000-guest-10000"
"2019-08-23 09:10:06,809 - federation.py[line:145] - DEBUG: [GET] arbiter 10000 getting remote object HeteroNETransferVariable.loss.0.0.8 from guest [10000]"
"2019-08-23 09:10:06,870 - federation.py[line:46] - DEBUG: [GET] Got hetero_network_embedding_example_standalone_20190823090811-HeteroNETransferVariable.host_optim_gradient-HeteroNETransferVariable.host_optim_gradient.0.0.8-arbiter-10000-host-9999 type Table"
"2019-08-23 09:10:06,886 - federation.py[line:46] - DEBUG: [GET] Got hetero_network_embedding_example_standalone_20190823090811-HeteroNETransferVariable.guest_optim_gradient-HeteroNETransferVariable.guest_optim_gradient.0.0.8-arbiter-10000-guest-10000 type Table"
"2019-08-23 09:10:07,142 - federation.py[line:145] - DEBUG: [GET] host 9999 getting remote object HeteroNETransferVariable.batch_data_index.0.0.9 from guest [10000]"
"2019-08-23 09:10:07,163 - federation.py[line:124] - DEBUG: [REMOTE] Sent hetero_network_embedding_example_standalone_20190823090811-HeteroNETransferVariable.loss-HeteroNETransferVariable.loss.0.0.8-guest-10000-arbiter-10000"
"2019-08-23 09:10:07,211 - federation.py[line:46] - DEBUG: [GET] Got hetero_network_embedding_example_standalone_20190823090811-HeteroNETransferVariable.loss-HeteroNETransferVariable.loss.0.0.8-guest-10000-arbiter-10000 type Object"
"2019-08-23 09:10:07,212 - federation.py[line:145] - DEBUG: [GET] arbiter 10000 getting remote object HeteroNETransferVariable.host_gradient.0.0.9 from guest [10000]"
"2019-08-23 09:10:07,695 - federation.py[line:124] - DEBUG: [REMOTE] Sent hetero_network_embedding_example_standalone_20190823090811-HeteroNETransferVariable.batch_data_index-HeteroNETransferVariable.batch_data_index.0.0.9-guest-10000-host-9999"
"2019-08-23 09:10:07,744 - federation.py[line:46] - DEBUG: [GET] Got hetero_network_embedding_example_standalone_20190823090811-HeteroNETransferVariable.batch_data_index-HeteroNETransferVariable.batch_data_index.0.0.9-guest-10000-host-9999 type Table"
"2019-08-23 09:10:17,006 - federation.py[line:145] - DEBUG: [GET] guest 10000 getting remote object HeteroNETransferVariable.host_forward_dict.0.0.9 from host [9999]"
"2019-08-23 09:10:17,510 - federation.py[line:46] - DEBUG: [GET] Got hetero_network_embedding_example_standalone_20190823090811-HeteroNETransferVariable.host_forward_dict-HeteroNETransferVariable.host_forward_dict.0.0.9-host-9999-guest-10000 type Table"
"2019-08-23 09:10:17,525 - federation.py[line:124] - DEBUG: [REMOTE] Sent hetero_network_embedding_example_standalone_20190823090811-HeteroNETransferVariable.host_forward_dict-HeteroNETransferVariable.host_forward_dict.0.0.9-host-9999-guest-10000"
"2019-08-23 09:10:17,526 - federation.py[line:145] - DEBUG: [GET] host 9999 getting remote object HeteroNETransferVariable.host_optim_gradient.0.0.9 from arbiter [10000]"
"2019-08-23 09:10:18,072 - federation.py[line:46] - DEBUG: [GET] Got hetero_network_embedding_example_standalone_20190823090811-HeteroNETransferVariable.host_gradient-HeteroNETransferVariable.host_gradient.0.0.9-guest-10000-arbiter-10000 type Table"
"2019-08-23 09:10:18,073 - federation.py[line:145] - DEBUG: [GET] arbiter 10000 getting remote object HeteroNETransferVariable.guest_gradient.0.0.9 from guest [10000]"
"2019-08-23 09:10:18,075 - federation.py[line:124] - DEBUG: [REMOTE] Sent hetero_network_embedding_example_standalone_20190823090811-HeteroNETransferVariable.host_gradient-HeteroNETransferVariable.host_gradient.0.0.9-guest-10000-arbiter-10000"
"2019-08-23 09:10:18,801 - federation.py[line:124] - DEBUG: [REMOTE] Sent hetero_network_embedding_example_standalone_20190823090811-HeteroNETransferVariable.guest_gradient-HeteroNETransferVariable.guest_gradient.0.0.9-guest-10000-arbiter-10000"
"2019-08-23 09:10:18,802 - federation.py[line:145] - DEBUG: [GET] guest 10000 getting remote object HeteroNETransferVariable.guest_optim_gradient.0.0.9 from arbiter [10000]"
"2019-08-23 09:10:18,877 - federation.py[line:46] - DEBUG: [GET] Got hetero_network_embedding_example_standalone_20190823090811-HeteroNETransferVariable.guest_gradient-HeteroNETransferVariable.guest_gradient.0.0.9-guest-10000-arbiter-10000 type Table"
"2019-08-23 09:10:19,057 - federation.py[line:124] - DEBUG: [REMOTE] Sent hetero_network_embedding_example_standalone_20190823090811-HeteroNETransferVariable.host_optim_gradient-HeteroNETransferVariable.host_optim_gradient.0.0.9-arbiter-10000-host-9999"
"2019-08-23 09:10:19,068 - federation.py[line:124] - DEBUG: [REMOTE] Sent hetero_network_embedding_example_standalone_20190823090811-HeteroNETransferVariable.guest_optim_gradient-HeteroNETransferVariable.guest_optim_gradient.0.0.9-arbiter-10000-guest-10000"
"2019-08-23 09:10:19,069 - federation.py[line:145] - DEBUG: [GET] arbiter 10000 getting remote object HeteroNETransferVariable.loss.0.0.9 from guest [10000]"
"2019-08-23 09:10:19,104 - federation.py[line:46] - DEBUG: [GET] Got hetero_network_embedding_example_standalone_20190823090811-HeteroNETransferVariable.guest_optim_gradient-HeteroNETransferVariable.guest_optim_gradient.0.0.9-arbiter-10000-guest-10000 type Table"
"2019-08-23 09:10:19,131 - federation.py[line:46] - DEBUG: [GET] Got hetero_network_embedding_example_standalone_20190823090811-HeteroNETransferVariable.host_optim_gradient-HeteroNETransferVariable.host_optim_gradient.0.0.9-arbiter-10000-host-9999 type Table"
"2019-08-23 09:10:19,270 - federation.py[line:46] - DEBUG: [GET] Got hetero_network_embedding_example_standalone_20190823090811-HeteroNETransferVariable.loss-HeteroNETransferVariable.loss.0.0.9-guest-10000-arbiter-10000 type Object"
"2019-08-23 09:10:19,271 - federation.py[line:145] - DEBUG: [GET] arbiter 10000 getting remote object HeteroNETransferVariable.host_gradient.0.0.10 from guest [10000]"
"2019-08-23 09:10:19,275 - federation.py[line:124] - DEBUG: [REMOTE] Sent hetero_network_embedding_example_standalone_20190823090811-HeteroNETransferVariable.loss-HeteroNETransferVariable.loss.0.0.9-guest-10000-arbiter-10000"
"2019-08-23 09:10:19,308 - federation.py[line:145] - DEBUG: [GET] host 9999 getting remote object HeteroNETransferVariable.batch_data_index.0.0.10 from guest [10000]"
"2019-08-23 09:10:19,838 - federation.py[line:124] - DEBUG: [REMOTE] Sent hetero_network_embedding_example_standalone_20190823090811-HeteroNETransferVariable.batch_data_index-HeteroNETransferVariable.batch_data_index.0.0.10-guest-10000-host-9999"
"2019-08-23 09:10:19,911 - federation.py[line:46] - DEBUG: [GET] Got hetero_network_embedding_example_standalone_20190823090811-HeteroNETransferVariable.batch_data_index-HeteroNETransferVariable.batch_data_index.0.0.10-guest-10000-host-9999 type Table"
"2019-08-23 09:10:29,058 - federation.py[line:124] - DEBUG: [REMOTE] Sent hetero_network_embedding_example_standalone_20190823090811-HeteroNETransferVariable.host_forward_dict-HeteroNETransferVariable.host_forward_dict.0.0.10-host-9999-guest-10000"
"2019-08-23 09:10:29,059 - federation.py[line:145] - DEBUG: [GET] host 9999 getting remote object HeteroNETransferVariable.host_optim_gradient.0.0.10 from arbiter [10000]"
"2019-08-23 09:10:29,443 - federation.py[line:145] - DEBUG: [GET] guest 10000 getting remote object HeteroNETransferVariable.host_forward_dict.0.0.10 from host [9999]"
"2019-08-23 09:10:29,445 - federation.py[line:46] - DEBUG: [GET] Got hetero_network_embedding_example_standalone_20190823090811-HeteroNETransferVariable.host_forward_dict-HeteroNETransferVariable.host_forward_dict.0.0.10-host-9999-guest-10000 type Table"
"2019-08-23 09:10:30,034 - federation.py[line:124] - DEBUG: [REMOTE] Sent hetero_network_embedding_example_standalone_20190823090811-HeteroNETransferVariable.host_gradient-HeteroNETransferVariable.host_gradient.0.0.10-guest-10000-arbiter-10000"
"2019-08-23 09:10:30,114 - federation.py[line:46] - DEBUG: [GET] Got hetero_network_embedding_example_standalone_20190823090811-HeteroNETransferVariable.host_gradient-HeteroNETransferVariable.host_gradient.0.0.10-guest-10000-arbiter-10000 type Table"
"2019-08-23 09:10:30,115 - federation.py[line:145] - DEBUG: [GET] arbiter 10000 getting remote object HeteroNETransferVariable.guest_gradient.0.0.10 from guest [10000]"
"2019-08-23 09:10:30,850 - federation.py[line:124] - DEBUG: [REMOTE] Sent hetero_network_embedding_example_standalone_20190823090811-HeteroNETransferVariable.guest_gradient-HeteroNETransferVariable.guest_gradient.0.0.10-guest-10000-arbiter-10000"
"2019-08-23 09:10:30,850 - federation.py[line:145] - DEBUG: [GET] guest 10000 getting remote object HeteroNETransferVariable.guest_optim_gradient.0.0.10 from arbiter [10000]"
"2019-08-23 09:10:30,918 - federation.py[line:46] - DEBUG: [GET] Got hetero_network_embedding_example_standalone_20190823090811-HeteroNETransferVariable.guest_gradient-HeteroNETransferVariable.guest_gradient.0.0.10-guest-10000-arbiter-10000 type Table"
"2019-08-23 09:10:31,067 - federation.py[line:46] - DEBUG: [GET] Got hetero_network_embedding_example_standalone_20190823090811-HeteroNETransferVariable.host_optim_gradient-HeteroNETransferVariable.host_optim_gradient.0.0.10-arbiter-10000-host-9999 type Table"
"2019-08-23 09:10:31,072 - federation.py[line:124] - DEBUG: [REMOTE] Sent hetero_network_embedding_example_standalone_20190823090811-HeteroNETransferVariable.host_optim_gradient-HeteroNETransferVariable.host_optim_gradient.0.0.10-arbiter-10000-host-9999"
"2019-08-23 09:10:31,097 - federation.py[line:124] - DEBUG: [REMOTE] Sent hetero_network_embedding_example_standalone_20190823090811-HeteroNETransferVariable.guest_optim_gradient-HeteroNETransferVariable.guest_optim_gradient.0.0.10-arbiter-10000-guest-10000"
"2019-08-23 09:10:31,097 - federation.py[line:145] - DEBUG: [GET] arbiter 10000 getting remote object HeteroNETransferVariable.loss.0.0.10 from guest [10000]"
"2019-08-23 09:10:31,152 - federation.py[line:46] - DEBUG: [GET] Got hetero_network_embedding_example_standalone_20190823090811-HeteroNETransferVariable.guest_optim_gradient-HeteroNETransferVariable.guest_optim_gradient.0.0.10-arbiter-10000-guest-10000 type Table"
"2019-08-23 09:10:31,255 - federation.py[line:145] - DEBUG: [GET] host 9999 getting remote object HeteroNETransferVariable.batch_data_index.0.0.11 from guest [10000]"
"2019-08-23 09:10:31,570 - federation.py[line:124] - DEBUG: [REMOTE] Sent hetero_network_embedding_example_standalone_20190823090811-HeteroNETransferVariable.loss-HeteroNETransferVariable.loss.0.0.10-guest-10000-arbiter-10000"
"2019-08-23 09:10:31,600 - federation.py[line:46] - DEBUG: [GET] Got hetero_network_embedding_example_standalone_20190823090811-HeteroNETransferVariable.loss-HeteroNETransferVariable.loss.0.0.10-guest-10000-arbiter-10000 type Object"
"2019-08-23 09:10:31,601 - federation.py[line:145] - DEBUG: [GET] arbiter 10000 getting remote object HeteroNETransferVariable.host_gradient.0.0.11 from guest [10000]"
"2019-08-23 09:10:31,794 - federation.py[line:124] - DEBUG: [REMOTE] Sent hetero_network_embedding_example_standalone_20190823090811-HeteroNETransferVariable.batch_data_index-HeteroNETransferVariable.batch_data_index.0.0.11-guest-10000-host-9999"
"2019-08-23 09:10:31,858 - federation.py[line:46] - DEBUG: [GET] Got hetero_network_embedding_example_standalone_20190823090811-HeteroNETransferVariable.batch_data_index-HeteroNETransferVariable.batch_data_index.0.0.11-guest-10000-host-9999 type Table"
"2019-08-23 09:10:41,266 - federation.py[line:145] - DEBUG: [GET] guest 10000 getting remote object HeteroNETransferVariable.host_forward_dict.0.0.11 from host [9999]"
"2019-08-23 09:10:41,277 - federation.py[line:124] - DEBUG: [REMOTE] Sent hetero_network_embedding_example_standalone_20190823090811-HeteroNETransferVariable.host_forward_dict-HeteroNETransferVariable.host_forward_dict.0.0.11-host-9999-guest-10000"
"2019-08-23 09:10:41,277 - federation.py[line:145] - DEBUG: [GET] host 9999 getting remote object HeteroNETransferVariable.host_optim_gradient.0.0.11 from arbiter [10000]"
"2019-08-23 09:10:41,367 - federation.py[line:46] - DEBUG: [GET] Got hetero_network_embedding_example_standalone_20190823090811-HeteroNETransferVariable.host_forward_dict-HeteroNETransferVariable.host_forward_dict.0.0.11-host-9999-guest-10000 type Table"
"2019-08-23 09:10:42,092 - federation.py[line:124] - DEBUG: [REMOTE] Sent hetero_network_embedding_example_standalone_20190823090811-HeteroNETransferVariable.host_gradient-HeteroNETransferVariable.host_gradient.0.0.11-guest-10000-arbiter-10000"
"2019-08-23 09:10:42,155 - federation.py[line:46] - DEBUG: [GET] Got hetero_network_embedding_example_standalone_20190823090811-HeteroNETransferVariable.host_gradient-HeteroNETransferVariable.host_gradient.0.0.11-guest-10000-arbiter-10000 type Table"
"2019-08-23 09:10:42,155 - federation.py[line:145] - DEBUG: [GET] arbiter 10000 getting remote object HeteroNETransferVariable.guest_gradient.0.0.11 from guest [10000]"
"2019-08-23 09:10:42,684 - federation.py[line:124] - DEBUG: [REMOTE] Sent hetero_network_embedding_example_standalone_20190823090811-HeteroNETransferVariable.guest_gradient-HeteroNETransferVariable.guest_gradient.0.0.11-guest-10000-arbiter-10000"
"2019-08-23 09:10:42,685 - federation.py[line:145] - DEBUG: [GET] guest 10000 getting remote object HeteroNETransferVariable.guest_optim_gradient.0.0.11 from arbiter [10000]"
"2019-08-23 09:10:42,758 - federation.py[line:46] - DEBUG: [GET] Got hetero_network_embedding_example_standalone_20190823090811-HeteroNETransferVariable.guest_gradient-HeteroNETransferVariable.guest_gradient.0.0.11-guest-10000-arbiter-10000 type Table"
"2019-08-23 09:10:42,973 - federation.py[line:124] - DEBUG: [REMOTE] Sent hetero_network_embedding_example_standalone_20190823090811-HeteroNETransferVariable.host_optim_gradient-HeteroNETransferVariable.host_optim_gradient.0.0.11-arbiter-10000-host-9999"
"2019-08-23 09:10:42,990 - federation.py[line:46] - DEBUG: [GET] Got hetero_network_embedding_example_standalone_20190823090811-HeteroNETransferVariable.host_optim_gradient-HeteroNETransferVariable.host_optim_gradient.0.0.11-arbiter-10000-host-9999 type Table"
"2019-08-23 09:10:43,008 - federation.py[line:124] - DEBUG: [REMOTE] Sent hetero_network_embedding_example_standalone_20190823090811-HeteroNETransferVariable.guest_optim_gradient-HeteroNETransferVariable.guest_optim_gradient.0.0.11-arbiter-10000-guest-10000"
"2019-08-23 09:10:43,008 - federation.py[line:145] - DEBUG: [GET] arbiter 10000 getting remote object HeteroNETransferVariable.loss.0.0.11 from guest [10000]"
"2019-08-23 09:10:43,086 - federation.py[line:46] - DEBUG: [GET] Got hetero_network_embedding_example_standalone_20190823090811-HeteroNETransferVariable.guest_optim_gradient-HeteroNETransferVariable.guest_optim_gradient.0.0.11-arbiter-10000-guest-10000 type Table"
"2019-08-23 09:10:43,561 - federation.py[line:145] - DEBUG: [GET] host 9999 getting remote object HeteroNETransferVariable.batch_data_index.0.0.12 from guest [10000]"
"2019-08-23 09:10:43,627 - federation.py[line:124] - DEBUG: [REMOTE] Sent hetero_network_embedding_example_standalone_20190823090811-HeteroNETransferVariable.loss-HeteroNETransferVariable.loss.0.0.11-guest-10000-arbiter-10000"
"2019-08-23 09:10:43,711 - federation.py[line:46] - DEBUG: [GET] Got hetero_network_embedding_example_standalone_20190823090811-HeteroNETransferVariable.loss-HeteroNETransferVariable.loss.0.0.11-guest-10000-arbiter-10000 type Object"
"2019-08-23 09:10:43,712 - federation.py[line:145] - DEBUG: [GET] arbiter 10000 getting remote object HeteroNETransferVariable.host_gradient.0.0.12 from guest [10000]"
"2019-08-23 09:10:43,919 - federation.py[line:124] - DEBUG: [REMOTE] Sent hetero_network_embedding_example_standalone_20190823090811-HeteroNETransferVariable.batch_data_index-HeteroNETransferVariable.batch_data_index.0.0.12-guest-10000-host-9999"
"2019-08-23 09:10:43,963 - federation.py[line:46] - DEBUG: [GET] Got hetero_network_embedding_example_standalone_20190823090811-HeteroNETransferVariable.batch_data_index-HeteroNETransferVariable.batch_data_index.0.0.12-guest-10000-host-9999 type Table"
"2019-08-23 09:10:53,958 - federation.py[line:124] - DEBUG: [REMOTE] Sent hetero_network_embedding_example_standalone_20190823090811-HeteroNETransferVariable.host_forward_dict-HeteroNETransferVariable.host_forward_dict.0.0.12-host-9999-guest-10000"
"2019-08-23 09:10:53,958 - federation.py[line:145] - DEBUG: [GET] host 9999 getting remote object HeteroNETransferVariable.host_optim_gradient.0.0.12 from arbiter [10000]"
"2019-08-23 09:10:54,022 - federation.py[line:145] - DEBUG: [GET] guest 10000 getting remote object HeteroNETransferVariable.host_forward_dict.0.0.12 from host [9999]"
"2019-08-23 09:10:54,022 - federation.py[line:46] - DEBUG: [GET] Got hetero_network_embedding_example_standalone_20190823090811-HeteroNETransferVariable.host_forward_dict-HeteroNETransferVariable.host_forward_dict.0.0.12-host-9999-guest-10000 type Table"
"2019-08-23 09:10:54,629 - federation.py[line:124] - DEBUG: [REMOTE] Sent hetero_network_embedding_example_standalone_20190823090811-HeteroNETransferVariable.host_gradient-HeteroNETransferVariable.host_gradient.0.0.12-guest-10000-arbiter-10000"
"2019-08-23 09:10:54,694 - federation.py[line:46] - DEBUG: [GET] Got hetero_network_embedding_example_standalone_20190823090811-HeteroNETransferVariable.host_gradient-HeteroNETransferVariable.host_gradient.0.0.12-guest-10000-arbiter-10000 type Table"
"2019-08-23 09:10:54,695 - federation.py[line:145] - DEBUG: [GET] arbiter 10000 getting remote object HeteroNETransferVariable.guest_gradient.0.0.12 from guest [10000]"
"2019-08-23 09:10:55,467 - federation.py[line:124] - DEBUG: [REMOTE] Sent hetero_network_embedding_example_standalone_20190823090811-HeteroNETransferVariable.guest_gradient-HeteroNETransferVariable.guest_gradient.0.0.12-guest-10000-arbiter-10000"
"2019-08-23 09:10:55,467 - federation.py[line:145] - DEBUG: [GET] guest 10000 getting remote object HeteroNETransferVariable.guest_optim_gradient.0.0.12 from arbiter [10000]"
"2019-08-23 09:10:55,498 - federation.py[line:46] - DEBUG: [GET] Got hetero_network_embedding_example_standalone_20190823090811-HeteroNETransferVariable.guest_gradient-HeteroNETransferVariable.guest_gradient.0.0.12-guest-10000-arbiter-10000 type Table"
"2019-08-23 09:10:55,706 - federation.py[line:124] - DEBUG: [REMOTE] Sent hetero_network_embedding_example_standalone_20190823090811-HeteroNETransferVariable.host_optim_gradient-HeteroNETransferVariable.host_optim_gradient.0.0.12-arbiter-10000-host-9999"
"2019-08-23 09:10:55,740 - federation.py[line:124] - DEBUG: [REMOTE] Sent hetero_network_embedding_example_standalone_20190823090811-HeteroNETransferVariable.guest_optim_gradient-HeteroNETransferVariable.guest_optim_gradient.0.0.12-arbiter-10000-guest-10000"
"2019-08-23 09:10:55,741 - federation.py[line:145] - DEBUG: [GET] arbiter 10000 getting remote object HeteroNETransferVariable.loss.0.0.12 from guest [10000]"
"2019-08-23 09:10:55,767 - federation.py[line:46] - DEBUG: [GET] Got hetero_network_embedding_example_standalone_20190823090811-HeteroNETransferVariable.host_optim_gradient-HeteroNETransferVariable.host_optim_gradient.0.0.12-arbiter-10000-host-9999 type Table"
"2019-08-23 09:10:55,769 - federation.py[line:46] - DEBUG: [GET] Got hetero_network_embedding_example_standalone_20190823090811-HeteroNETransferVariable.guest_optim_gradient-HeteroNETransferVariable.guest_optim_gradient.0.0.12-arbiter-10000-guest-10000 type Table"
"2019-08-23 09:10:55,995 - federation.py[line:124] - DEBUG: [REMOTE] Sent hetero_network_embedding_example_standalone_20190823090811-HeteroNETransferVariable.loss-HeteroNETransferVariable.loss.0.0.12-guest-10000-arbiter-10000"
"2019-08-23 09:10:55,996 - federation.py[line:145] - DEBUG: [GET] host 9999 getting remote object HeteroNETransferVariable.batch_data_index.0.0.13 from guest [10000]"
"2019-08-23 09:10:56,042 - federation.py[line:46] - DEBUG: [GET] Got hetero_network_embedding_example_standalone_20190823090811-HeteroNETransferVariable.loss-HeteroNETransferVariable.loss.0.0.12-guest-10000-arbiter-10000 type Object"
"2019-08-23 09:10:56,043 - federation.py[line:145] - DEBUG: [GET] arbiter 10000 getting remote object HeteroNETransferVariable.host_gradient.0.0.13 from guest [10000]"
"2019-08-23 09:10:56,488 - federation.py[line:124] - DEBUG: [REMOTE] Sent hetero_network_embedding_example_standalone_20190823090811-HeteroNETransferVariable.batch_data_index-HeteroNETransferVariable.batch_data_index.0.0.13-guest-10000-host-9999"
"2019-08-23 09:10:56,498 - federation.py[line:46] - DEBUG: [GET] Got hetero_network_embedding_example_standalone_20190823090811-HeteroNETransferVariable.batch_data_index-HeteroNETransferVariable.batch_data_index.0.0.13-guest-10000-host-9999 type Table"
"2019-08-23 09:11:06,053 - federation.py[line:145] - DEBUG: [GET] guest 10000 getting remote object HeteroNETransferVariable.host_forward_dict.0.0.13 from host [9999]"
"2019-08-23 09:11:06,064 - federation.py[line:124] - DEBUG: [REMOTE] Sent hetero_network_embedding_example_standalone_20190823090811-HeteroNETransferVariable.host_forward_dict-HeteroNETransferVariable.host_forward_dict.0.0.13-host-9999-guest-10000"
"2019-08-23 09:11:06,064 - federation.py[line:145] - DEBUG: [GET] host 9999 getting remote object HeteroNETransferVariable.host_optim_gradient.0.0.13 from arbiter [10000]"
"2019-08-23 09:11:06,154 - federation.py[line:46] - DEBUG: [GET] Got hetero_network_embedding_example_standalone_20190823090811-HeteroNETransferVariable.host_forward_dict-HeteroNETransferVariable.host_forward_dict.0.0.13-host-9999-guest-10000 type Table"
"2019-08-23 09:11:06,689 - federation.py[line:124] - DEBUG: [REMOTE] Sent hetero_network_embedding_example_standalone_20190823090811-HeteroNETransferVariable.host_gradient-HeteroNETransferVariable.host_gradient.0.0.13-guest-10000-arbiter-10000"
"2019-08-23 09:11:06,699 - federation.py[line:46] - DEBUG: [GET] Got hetero_network_embedding_example_standalone_20190823090811-HeteroNETransferVariable.host_gradient-HeteroNETransferVariable.host_gradient.0.0.13-guest-10000-arbiter-10000 type Table"
"2019-08-23 09:11:06,699 - federation.py[line:145] - DEBUG: [GET] arbiter 10000 getting remote object HeteroNETransferVariable.guest_gradient.0.0.13 from guest [10000]"
"2019-08-23 09:11:07,492 - federation.py[line:124] - DEBUG: [REMOTE] Sent hetero_network_embedding_example_standalone_20190823090811-HeteroNETransferVariable.guest_gradient-HeteroNETransferVariable.guest_gradient.0.0.13-guest-10000-arbiter-10000"
"2019-08-23 09:11:07,492 - federation.py[line:145] - DEBUG: [GET] guest 10000 getting remote object HeteroNETransferVariable.guest_optim_gradient.0.0.13 from arbiter [10000]"
"2019-08-23 09:11:07,503 - federation.py[line:46] - DEBUG: [GET] Got hetero_network_embedding_example_standalone_20190823090811-HeteroNETransferVariable.guest_gradient-HeteroNETransferVariable.guest_gradient.0.0.13-guest-10000-arbiter-10000 type Table"
"2019-08-23 09:11:07,721 - federation.py[line:124] - DEBUG: [REMOTE] Sent hetero_network_embedding_example_standalone_20190823090811-HeteroNETransferVariable.host_optim_gradient-HeteroNETransferVariable.host_optim_gradient.0.0.13-arbiter-10000-host-9999"
"2019-08-23 09:11:07,733 - federation.py[line:124] - DEBUG: [REMOTE] Sent hetero_network_embedding_example_standalone_20190823090811-HeteroNETransferVariable.guest_optim_gradient-HeteroNETransferVariable.guest_optim_gradient.0.0.13-arbiter-10000-guest-10000"
"2019-08-23 09:11:07,733 - federation.py[line:145] - DEBUG: [GET] arbiter 10000 getting remote object HeteroNETransferVariable.loss.0.0.13 from guest [10000]"
"2019-08-23 09:11:07,772 - federation.py[line:46] - DEBUG: [GET] Got hetero_network_embedding_example_standalone_20190823090811-HeteroNETransferVariable.host_optim_gradient-HeteroNETransferVariable.host_optim_gradient.0.0.13-arbiter-10000-host-9999 type Table"
"2019-08-23 09:11:07,794 - federation.py[line:46] - DEBUG: [GET] Got hetero_network_embedding_example_standalone_20190823090811-HeteroNETransferVariable.guest_optim_gradient-HeteroNETransferVariable.guest_optim_gradient.0.0.13-arbiter-10000-guest-10000 type Table"
"2019-08-23 09:11:08,009 - federation.py[line:145] - DEBUG: [GET] host 9999 getting remote object HeteroNETransferVariable.batch_data_index.0.0.14 from guest [10000]"
"2019-08-23 09:11:08,030 - federation.py[line:124] - DEBUG: [REMOTE] Sent hetero_network_embedding_example_standalone_20190823090811-HeteroNETransferVariable.loss-HeteroNETransferVariable.loss.0.0.13-guest-10000-arbiter-10000"
"2019-08-23 09:11:08,035 - federation.py[line:46] - DEBUG: [GET] Got hetero_network_embedding_example_standalone_20190823090811-HeteroNETransferVariable.loss-HeteroNETransferVariable.loss.0.0.13-guest-10000-arbiter-10000 type Object"
"2019-08-23 09:11:08,035 - federation.py[line:145] - DEBUG: [GET] arbiter 10000 getting remote object HeteroNETransferVariable.host_gradient.0.0.14 from guest [10000]"
"2019-08-23 09:11:08,620 - federation.py[line:124] - DEBUG: [REMOTE] Sent hetero_network_embedding_example_standalone_20190823090811-HeteroNETransferVariable.batch_data_index-HeteroNETransferVariable.batch_data_index.0.0.14-guest-10000-host-9999"
"2019-08-23 09:11:08,711 - federation.py[line:46] - DEBUG: [GET] Got hetero_network_embedding_example_standalone_20190823090811-HeteroNETransferVariable.batch_data_index-HeteroNETransferVariable.batch_data_index.0.0.14-guest-10000-host-9999 type Table"
"2019-08-23 09:11:18,203 - federation.py[line:145] - DEBUG: [GET] guest 10000 getting remote object HeteroNETransferVariable.host_forward_dict.0.0.14 from host [9999]"
"2019-08-23 09:11:18,239 - federation.py[line:124] - DEBUG: [REMOTE] Sent hetero_network_embedding_example_standalone_20190823090811-HeteroNETransferVariable.host_forward_dict-HeteroNETransferVariable.host_forward_dict.0.0.14-host-9999-guest-10000"
"2019-08-23 09:11:18,239 - federation.py[line:145] - DEBUG: [GET] host 9999 getting remote object HeteroNETransferVariable.host_optim_gradient.0.0.14 from arbiter [10000]"
"2019-08-23 09:11:18,304 - federation.py[line:46] - DEBUG: [GET] Got hetero_network_embedding_example_standalone_20190823090811-HeteroNETransferVariable.host_forward_dict-HeteroNETransferVariable.host_forward_dict.0.0.14-host-9999-guest-10000 type Table"
"2019-08-23 09:11:18,938 - federation.py[line:124] - DEBUG: [REMOTE] Sent hetero_network_embedding_example_standalone_20190823090811-HeteroNETransferVariable.host_gradient-HeteroNETransferVariable.host_gradient.0.0.14-guest-10000-arbiter-10000"
"2019-08-23 09:11:18,984 - federation.py[line:46] - DEBUG: [GET] Got hetero_network_embedding_example_standalone_20190823090811-HeteroNETransferVariable.host_gradient-HeteroNETransferVariable.host_gradient.0.0.14-guest-10000-arbiter-10000 type Table"
"2019-08-23 09:11:19,046 - federation.py[line:145] - DEBUG: [GET] arbiter 10000 getting remote object HeteroNETransferVariable.guest_gradient.0.0.14 from guest [10000]"
"2019-08-23 09:11:19,922 - federation.py[line:124] - DEBUG: [REMOTE] Sent hetero_network_embedding_example_standalone_20190823090811-HeteroNETransferVariable.guest_gradient-HeteroNETransferVariable.guest_gradient.0.0.14-guest-10000-arbiter-10000"
"2019-08-23 09:11:19,922 - federation.py[line:145] - DEBUG: [GET] guest 10000 getting remote object HeteroNETransferVariable.guest_optim_gradient.0.0.14 from arbiter [10000]"
"2019-08-23 09:11:19,949 - federation.py[line:46] - DEBUG: [GET] Got hetero_network_embedding_example_standalone_20190823090811-HeteroNETransferVariable.guest_gradient-HeteroNETransferVariable.guest_gradient.0.0.14-guest-10000-arbiter-10000 type Table"
"2019-08-23 09:11:20,274 - federation.py[line:124] - DEBUG: [REMOTE] Sent hetero_network_embedding_example_standalone_20190823090811-HeteroNETransferVariable.host_optim_gradient-HeteroNETransferVariable.host_optim_gradient.0.0.14-arbiter-10000-host-9999"
"2019-08-23 09:11:20,349 - federation.py[line:46] - DEBUG: [GET] Got hetero_network_embedding_example_standalone_20190823090811-HeteroNETransferVariable.host_optim_gradient-HeteroNETransferVariable.host_optim_gradient.0.0.14-arbiter-10000-host-9999 type Table"
"2019-08-23 09:11:20,449 - federation.py[line:124] - DEBUG: [REMOTE] Sent hetero_network_embedding_example_standalone_20190823090811-HeteroNETransferVariable.guest_optim_gradient-HeteroNETransferVariable.guest_optim_gradient.0.0.14-arbiter-10000-guest-10000"
"2019-08-23 09:11:20,450 - federation.py[line:145] - DEBUG: [GET] arbiter 10000 getting remote object HeteroNETransferVariable.loss.0.0.14 from guest [10000]"
"2019-08-23 09:11:20,525 - federation.py[line:46] - DEBUG: [GET] Got hetero_network_embedding_example_standalone_20190823090811-HeteroNETransferVariable.guest_optim_gradient-HeteroNETransferVariable.guest_optim_gradient.0.0.14-arbiter-10000-guest-10000 type Table"
"2019-08-23 09:11:20,607 - federation.py[line:145] - DEBUG: [GET] host 9999 getting remote object HeteroNETransferVariable.batch_data_index.0.0.15 from guest [10000]"
"2019-08-23 09:11:20,770 - federation.py[line:124] - DEBUG: [REMOTE] Sent hetero_network_embedding_example_standalone_20190823090811-HeteroNETransferVariable.loss-HeteroNETransferVariable.loss.0.0.14-guest-10000-arbiter-10000"
"2019-08-23 09:11:20,852 - federation.py[line:46] - DEBUG: [GET] Got hetero_network_embedding_example_standalone_20190823090811-HeteroNETransferVariable.loss-HeteroNETransferVariable.loss.0.0.14-guest-10000-arbiter-10000 type Object"
"2019-08-23 09:11:20,853 - federation.py[line:145] - DEBUG: [GET] arbiter 10000 getting remote object HeteroNETransferVariable.host_gradient.0.0.15 from guest [10000]"
"2019-08-23 09:11:21,073 - federation.py[line:124] - DEBUG: [REMOTE] Sent hetero_network_embedding_example_standalone_20190823090811-HeteroNETransferVariable.batch_data_index-HeteroNETransferVariable.batch_data_index.0.0.15-guest-10000-host-9999"
"2019-08-23 09:11:21,110 - federation.py[line:46] - DEBUG: [GET] Got hetero_network_embedding_example_standalone_20190823090811-HeteroNETransferVariable.batch_data_index-HeteroNETransferVariable.batch_data_index.0.0.15-guest-10000-host-9999 type Table"
"2019-08-23 09:11:30,687 - federation.py[line:145] - DEBUG: [GET] guest 10000 getting remote object HeteroNETransferVariable.host_forward_dict.0.0.15 from host [9999]"
"2019-08-23 09:11:30,709 - federation.py[line:124] - DEBUG: [REMOTE] Sent hetero_network_embedding_example_standalone_20190823090811-HeteroNETransferVariable.host_forward_dict-HeteroNETransferVariable.host_forward_dict.0.0.15-host-9999-guest-10000"
"2019-08-23 09:11:30,709 - federation.py[line:145] - DEBUG: [GET] host 9999 getting remote object HeteroNETransferVariable.host_optim_gradient.0.0.15 from arbiter [10000]"
"2019-08-23 09:11:30,788 - federation.py[line:46] - DEBUG: [GET] Got hetero_network_embedding_example_standalone_20190823090811-HeteroNETransferVariable.host_forward_dict-HeteroNETransferVariable.host_forward_dict.0.0.15-host-9999-guest-10000 type Table"
"2019-08-23 09:11:31,361 - federation.py[line:124] - DEBUG: [REMOTE] Sent hetero_network_embedding_example_standalone_20190823090811-HeteroNETransferVariable.host_gradient-HeteroNETransferVariable.host_gradient.0.0.15-guest-10000-arbiter-10000"
"2019-08-23 09:11:31,396 - federation.py[line:46] - DEBUG: [GET] Got hetero_network_embedding_example_standalone_20190823090811-HeteroNETransferVariable.host_gradient-HeteroNETransferVariable.host_gradient.0.0.15-guest-10000-arbiter-10000 type Table"
"2019-08-23 09:11:31,397 - federation.py[line:145] - DEBUG: [GET] arbiter 10000 getting remote object HeteroNETransferVariable.guest_gradient.0.0.15 from guest [10000]"
"2019-08-23 09:11:32,163 - federation.py[line:124] - DEBUG: [REMOTE] Sent hetero_network_embedding_example_standalone_20190823090811-HeteroNETransferVariable.guest_gradient-HeteroNETransferVariable.guest_gradient.0.0.15-guest-10000-arbiter-10000"
"2019-08-23 09:11:32,163 - federation.py[line:145] - DEBUG: [GET] guest 10000 getting remote object HeteroNETransferVariable.guest_optim_gradient.0.0.15 from arbiter [10000]"
"2019-08-23 09:11:32,200 - federation.py[line:46] - DEBUG: [GET] Got hetero_network_embedding_example_standalone_20190823090811-HeteroNETransferVariable.guest_gradient-HeteroNETransferVariable.guest_gradient.0.0.15-guest-10000-arbiter-10000 type Table"
"2019-08-23 09:11:32,387 - federation.py[line:124] - DEBUG: [REMOTE] Sent hetero_network_embedding_example_standalone_20190823090811-HeteroNETransferVariable.host_optim_gradient-HeteroNETransferVariable.host_optim_gradient.0.0.15-arbiter-10000-host-9999"
"2019-08-23 09:11:32,403 - federation.py[line:124] - DEBUG: [REMOTE] Sent hetero_network_embedding_example_standalone_20190823090811-HeteroNETransferVariable.guest_optim_gradient-HeteroNETransferVariable.guest_optim_gradient.0.0.15-arbiter-10000-guest-10000"
"2019-08-23 09:11:32,404 - federation.py[line:145] - DEBUG: [GET] arbiter 10000 getting remote object HeteroNETransferVariable.loss.0.0.15 from guest [10000]"
"2019-08-23 09:11:32,416 - federation.py[line:46] - DEBUG: [GET] Got hetero_network_embedding_example_standalone_20190823090811-HeteroNETransferVariable.host_optim_gradient-HeteroNETransferVariable.host_optim_gradient.0.0.15-arbiter-10000-host-9999 type Table"
"2019-08-23 09:11:32,465 - federation.py[line:46] - DEBUG: [GET] Got hetero_network_embedding_example_standalone_20190823090811-HeteroNETransferVariable.guest_optim_gradient-HeteroNETransferVariable.guest_optim_gradient.0.0.15-arbiter-10000-guest-10000 type Table"
"2019-08-23 09:11:32,694 - federation.py[line:124] - DEBUG: [REMOTE] Sent hetero_network_embedding_example_standalone_20190823090811-HeteroNETransferVariable.loss-HeteroNETransferVariable.loss.0.0.15-guest-10000-arbiter-10000"
"2019-08-23 09:11:32,705 - federation.py[line:46] - DEBUG: [GET] Got hetero_network_embedding_example_standalone_20190823090811-HeteroNETransferVariable.loss-HeteroNETransferVariable.loss.0.0.15-guest-10000-arbiter-10000 type Object"
"2019-08-23 09:11:32,706 - federation.py[line:145] - DEBUG: [GET] arbiter 10000 getting remote object HeteroNETransferVariable.host_gradient.0.0.16 from guest [10000]"
"2019-08-23 09:11:32,706 - federation.py[line:145] - DEBUG: [GET] host 9999 getting remote object HeteroNETransferVariable.batch_data_index.0.0.16 from guest [10000]"
"2019-08-23 09:11:33,325 - federation.py[line:124] - DEBUG: [REMOTE] Sent hetero_network_embedding_example_standalone_20190823090811-HeteroNETransferVariable.batch_data_index-HeteroNETransferVariable.batch_data_index.0.0.16-guest-10000-host-9999"
"2019-08-23 09:11:33,409 - federation.py[line:46] - DEBUG: [GET] Got hetero_network_embedding_example_standalone_20190823090811-HeteroNETransferVariable.batch_data_index-HeteroNETransferVariable.batch_data_index.0.0.16-guest-10000-host-9999 type Table"
"2019-08-23 09:11:42,507 - federation.py[line:145] - DEBUG: [GET] guest 10000 getting remote object HeteroNETransferVariable.host_forward_dict.0.0.16 from host [9999]"
"2019-08-23 09:11:42,525 - federation.py[line:124] - DEBUG: [REMOTE] Sent hetero_network_embedding_example_standalone_20190823090811-HeteroNETransferVariable.host_forward_dict-HeteroNETransferVariable.host_forward_dict.0.0.16-host-9999-guest-10000"
"2019-08-23 09:11:42,525 - federation.py[line:145] - DEBUG: [GET] host 9999 getting remote object HeteroNETransferVariable.host_optim_gradient.0.0.16 from arbiter [10000]"
"2019-08-23 09:11:42,609 - federation.py[line:46] - DEBUG: [GET] Got hetero_network_embedding_example_standalone_20190823090811-HeteroNETransferVariable.host_forward_dict-HeteroNETransferVariable.host_forward_dict.0.0.16-host-9999-guest-10000 type Table"
"2019-08-23 09:11:43,206 - federation.py[line:124] - DEBUG: [REMOTE] Sent hetero_network_embedding_example_standalone_20190823090811-HeteroNETransferVariable.host_gradient-HeteroNETransferVariable.host_gradient.0.0.16-guest-10000-arbiter-10000"
"2019-08-23 09:11:43,256 - federation.py[line:46] - DEBUG: [GET] Got hetero_network_embedding_example_standalone_20190823090811-HeteroNETransferVariable.host_gradient-HeteroNETransferVariable.host_gradient.0.0.16-guest-10000-arbiter-10000 type Table"
"2019-08-23 09:11:43,257 - federation.py[line:145] - DEBUG: [GET] arbiter 10000 getting remote object HeteroNETransferVariable.guest_gradient.0.0.16 from guest [10000]"
"2019-08-23 09:11:44,005 - federation.py[line:124] - DEBUG: [REMOTE] Sent hetero_network_embedding_example_standalone_20190823090811-HeteroNETransferVariable.guest_gradient-HeteroNETransferVariable.guest_gradient.0.0.16-guest-10000-arbiter-10000"
"2019-08-23 09:11:44,006 - federation.py[line:145] - DEBUG: [GET] guest 10000 getting remote object HeteroNETransferVariable.guest_optim_gradient.0.0.16 from arbiter [10000]"
"2019-08-23 09:11:44,060 - federation.py[line:46] - DEBUG: [GET] Got hetero_network_embedding_example_standalone_20190823090811-HeteroNETransferVariable.guest_gradient-HeteroNETransferVariable.guest_gradient.0.0.16-guest-10000-arbiter-10000 type Table"
"2019-08-23 09:11:44,261 - federation.py[line:124] - DEBUG: [REMOTE] Sent hetero_network_embedding_example_standalone_20190823090811-HeteroNETransferVariable.host_optim_gradient-HeteroNETransferVariable.host_optim_gradient.0.0.16-arbiter-10000-host-9999"
"2019-08-23 09:11:44,283 - federation.py[line:124] - DEBUG: [REMOTE] Sent hetero_network_embedding_example_standalone_20190823090811-HeteroNETransferVariable.guest_optim_gradient-HeteroNETransferVariable.guest_optim_gradient.0.0.16-arbiter-10000-guest-10000"
"2019-08-23 09:11:44,284 - federation.py[line:145] - DEBUG: [GET] arbiter 10000 getting remote object HeteroNETransferVariable.loss.0.0.16 from guest [10000]"
"2019-08-23 09:11:44,308 - federation.py[line:46] - DEBUG: [GET] Got hetero_network_embedding_example_standalone_20190823090811-HeteroNETransferVariable.guest_optim_gradient-HeteroNETransferVariable.guest_optim_gradient.0.0.16-arbiter-10000-guest-10000 type Table"
"2019-08-23 09:11:44,333 - federation.py[line:46] - DEBUG: [GET] Got hetero_network_embedding_example_standalone_20190823090811-HeteroNETransferVariable.host_optim_gradient-HeteroNETransferVariable.host_optim_gradient.0.0.16-arbiter-10000-host-9999 type Table"
"2019-08-23 09:11:44,539 - federation.py[line:124] - DEBUG: [REMOTE] Sent hetero_network_embedding_example_standalone_20190823090811-HeteroNETransferVariable.loss-HeteroNETransferVariable.loss.0.0.16-guest-10000-arbiter-10000"
"2019-08-23 09:11:44,585 - federation.py[line:46] - DEBUG: [GET] Got hetero_network_embedding_example_standalone_20190823090811-HeteroNETransferVariable.loss-HeteroNETransferVariable.loss.0.0.16-guest-10000-arbiter-10000 type Object"
"2019-08-23 09:11:44,586 - federation.py[line:145] - DEBUG: [GET] arbiter 10000 getting remote object HeteroNETransferVariable.host_gradient.0.0.17 from guest [10000]"
"2019-08-23 09:11:44,791 - federation.py[line:145] - DEBUG: [GET] host 9999 getting remote object HeteroNETransferVariable.batch_data_index.0.0.17 from guest [10000]"
"2019-08-23 09:11:44,940 - federation.py[line:124] - DEBUG: [REMOTE] Sent hetero_network_embedding_example_standalone_20190823090811-HeteroNETransferVariable.batch_data_index-HeteroNETransferVariable.batch_data_index.0.0.17-guest-10000-host-9999"
"2019-08-23 09:11:44,992 - federation.py[line:46] - DEBUG: [GET] Got hetero_network_embedding_example_standalone_20190823090811-HeteroNETransferVariable.batch_data_index-HeteroNETransferVariable.batch_data_index.0.0.17-guest-10000-host-9999 type Table"
"2019-08-23 09:11:48,724 - federation.py[line:145] - DEBUG: [GET] guest 10000 getting remote object HeteroNETransferVariable.host_forward_dict.0.0.17 from host [9999]"
"2019-08-23 09:11:48,747 - federation.py[line:124] - DEBUG: [REMOTE] Sent hetero_network_embedding_example_standalone_20190823090811-HeteroNETransferVariable.host_forward_dict-HeteroNETransferVariable.host_forward_dict.0.0.17-host-9999-guest-10000"
"2019-08-23 09:11:48,748 - federation.py[line:145] - DEBUG: [GET] host 9999 getting remote object HeteroNETransferVariable.host_optim_gradient.0.0.17 from arbiter [10000]"
"2019-08-23 09:11:48,825 - federation.py[line:46] - DEBUG: [GET] Got hetero_network_embedding_example_standalone_20190823090811-HeteroNETransferVariable.host_forward_dict-HeteroNETransferVariable.host_forward_dict.0.0.17-host-9999-guest-10000 type Table"
"2019-08-23 09:11:49,705 - federation.py[line:124] - DEBUG: [REMOTE] Sent hetero_network_embedding_example_standalone_20190823090811-HeteroNETransferVariable.host_gradient-HeteroNETransferVariable.host_gradient.0.0.17-guest-10000-arbiter-10000"
"2019-08-23 09:11:49,708 - federation.py[line:46] - DEBUG: [GET] Got hetero_network_embedding_example_standalone_20190823090811-HeteroNETransferVariable.host_gradient-HeteroNETransferVariable.host_gradient.0.0.17-guest-10000-arbiter-10000 type Table"
"2019-08-23 09:11:49,709 - federation.py[line:145] - DEBUG: [GET] arbiter 10000 getting remote object HeteroNETransferVariable.guest_gradient.0.0.17 from guest [10000]"
"2019-08-23 09:11:50,132 - federation.py[line:124] - DEBUG: [REMOTE] Sent hetero_network_embedding_example_standalone_20190823090811-HeteroNETransferVariable.guest_gradient-HeteroNETransferVariable.guest_gradient.0.0.17-guest-10000-arbiter-10000"
"2019-08-23 09:11:50,132 - federation.py[line:145] - DEBUG: [GET] guest 10000 getting remote object HeteroNETransferVariable.guest_optim_gradient.0.0.17 from arbiter [10000]"
"2019-08-23 09:11:50,211 - federation.py[line:46] - DEBUG: [GET] Got hetero_network_embedding_example_standalone_20190823090811-HeteroNETransferVariable.guest_gradient-HeteroNETransferVariable.guest_gradient.0.0.17-guest-10000-arbiter-10000 type Table"
"2019-08-23 09:11:50,451 - federation.py[line:124] - DEBUG: [REMOTE] Sent hetero_network_embedding_example_standalone_20190823090811-HeteroNETransferVariable.host_optim_gradient-HeteroNETransferVariable.host_optim_gradient.0.0.17-arbiter-10000-host-9999"
"2019-08-23 09:11:50,455 - federation.py[line:46] - DEBUG: [GET] Got hetero_network_embedding_example_standalone_20190823090811-HeteroNETransferVariable.host_optim_gradient-HeteroNETransferVariable.host_optim_gradient.0.0.17-arbiter-10000-host-9999 type Table"
"2019-08-23 09:11:50,480 - federation.py[line:124] - DEBUG: [REMOTE] Sent hetero_network_embedding_example_standalone_20190823090811-HeteroNETransferVariable.guest_optim_gradient-HeteroNETransferVariable.guest_optim_gradient.0.0.17-arbiter-10000-guest-10000"
"2019-08-23 09:11:50,481 - federation.py[line:145] - DEBUG: [GET] arbiter 10000 getting remote object HeteroNETransferVariable.loss.0.0.17 from guest [10000]"
"2019-08-23 09:11:50,534 - federation.py[line:46] - DEBUG: [GET] Got hetero_network_embedding_example_standalone_20190823090811-HeteroNETransferVariable.guest_optim_gradient-HeteroNETransferVariable.guest_optim_gradient.0.0.17-arbiter-10000-guest-10000 type Table"
"2019-08-23 09:11:50,617 - federation.py[line:145] - DEBUG: [GET] host 9999 getting remote object HeteroNETransferVariable.is_stopped.0.0 from arbiter [10000]"
"2019-08-23 09:11:50,728 - federation.py[line:124] - DEBUG: [REMOTE] Sent hetero_network_embedding_example_standalone_20190823090811-HeteroNETransferVariable.loss-HeteroNETransferVariable.loss.0.0.17-guest-10000-arbiter-10000"
"2019-08-23 09:11:50,783 - federation.py[line:46] - DEBUG: [GET] Got hetero_network_embedding_example_standalone_20190823090811-HeteroNETransferVariable.loss-HeteroNETransferVariable.loss.0.0.17-guest-10000-arbiter-10000 type Object"
"2019-08-23 09:11:51,094 - federation.py[line:124] - DEBUG: [REMOTE] Sent hetero_network_embedding_example_standalone_20190823090811-HeteroNETransferVariable.is_stopped-HeteroNETransferVariable.is_stopped.0.0-arbiter-10000-host-9999"
"2019-08-23 09:11:51,120 - federation.py[line:46] - DEBUG: [GET] Got hetero_network_embedding_example_standalone_20190823090811-HeteroNETransferVariable.is_stopped-HeteroNETransferVariable.is_stopped.0.0-arbiter-10000-host-9999 type Object"
"2019-08-23 09:11:51,129 - federation.py[line:124] - DEBUG: [REMOTE] Sent hetero_network_embedding_example_standalone_20190823090811-HeteroNETransferVariable.is_stopped-HeteroNETransferVariable.is_stopped.0.0-arbiter-10000-guest-10000"
"2019-08-23 09:11:51,129 - federation.py[line:145] - DEBUG: [GET] arbiter 10000 getting remote object HeteroNETransferVariable.host_gradient.0.1.0 from guest [10000]"
"2019-08-23 09:11:51,482 - federation.py[line:145] - DEBUG: [GET] guest 10000 getting remote object HeteroNETransferVariable.is_stopped.0.0 from arbiter [10000]"
"2019-08-23 09:11:51,482 - federation.py[line:46] - DEBUG: [GET] Got hetero_network_embedding_example_standalone_20190823090811-HeteroNETransferVariable.is_stopped-HeteroNETransferVariable.is_stopped.0.0-arbiter-10000-guest-10000 type Object"
"2019-08-23 09:12:00,817 - federation.py[line:145] - DEBUG: [GET] guest 10000 getting remote object HeteroNETransferVariable.host_forward_dict.0.1.0 from host [9999]"
