"2019-08-23 09:08:17,090 - hetero_ne_arbiter.py[line:54] - INFO: Enter hetero_ne_arbiter fit"
"2019-08-23 09:08:17,111 - hetero_ne_arbiter.py[line:61] - INFO: public_key: <PaillierPublicKey 191c557cd3>"
"2019-08-23 09:08:17,208 - hetero_ne_arbiter.py[line:69] - INFO: remote publick_key to host"
"2019-08-23 09:08:17,277 - hetero_ne_arbiter.py[line:76] - INFO: remote public_key to guest"
"2019-08-23 09:08:22,098 - hetero_ne_arbiter.py[line:81] - INFO: Get batch_info from guest: {'batch_size': 256, 'batch_num': 18}"
"2019-08-23 09:08:22,098 - hetero_ne_arbiter.py[line:88] - INFO: iter: 0"
"2019-08-23 09:08:22,098 - hetero_ne_arbiter.py[line:93] - INFO: batch: 0"
"2019-08-23 09:08:32,235 - hetero_ne_arbiter.py[line:101] - INFO: Get host_gradient from GUEST"
"2019-08-23 09:08:33,039 - hetero_ne_arbiter.py[line:108] - INFO: Get guest_gradient from GUEST"
"2019-08-23 09:08:33,220 - hetero_ne_arbiter.py[line:126] - INFO: host gradients number: 256"
"2019-08-23 09:08:33,220 - hetero_ne_arbiter.py[line:127] - INFO: guest gradients number: 256"
"2019-08-23 09:08:33,237 - hetero_ne_arbiter.py[line:138] - INFO: Remote host_optim_gradient to Host"
"2019-08-23 09:08:33,256 - hetero_ne_arbiter.py[line:149] - INFO: Remote guest_optim_gradient to Guest"
"2019-08-23 09:08:33,458 - hetero_ne_arbiter.py[line:164] - INFO: Get loss from guest: 0.298656044185343"
"2019-08-23 09:08:33,458 - hetero_ne_arbiter.py[line:93] - INFO: batch: 1"
"2019-08-23 09:08:43,898 - hetero_ne_arbiter.py[line:101] - INFO: Get host_gradient from GUEST"
"2019-08-23 09:08:44,903 - hetero_ne_arbiter.py[line:108] - INFO: Get guest_gradient from GUEST"
"2019-08-23 09:08:45,262 - hetero_ne_arbiter.py[line:126] - INFO: host gradients number: 256"
"2019-08-23 09:08:45,262 - hetero_ne_arbiter.py[line:127] - INFO: guest gradients number: 256"
"2019-08-23 09:08:45,280 - hetero_ne_arbiter.py[line:138] - INFO: Remote host_optim_gradient to Host"
"2019-08-23 09:08:45,297 - hetero_ne_arbiter.py[line:149] - INFO: Remote guest_optim_gradient to Guest"
"2019-08-23 09:08:45,599 - hetero_ne_arbiter.py[line:164] - INFO: Get loss from guest: 0.28258983851772723"
"2019-08-23 09:08:45,599 - hetero_ne_arbiter.py[line:93] - INFO: batch: 2"
"2019-08-23 09:08:55,941 - hetero_ne_arbiter.py[line:101] - INFO: Get host_gradient from GUEST"
"2019-08-23 09:08:56,545 - hetero_ne_arbiter.py[line:108] - INFO: Get guest_gradient from GUEST"
"2019-08-23 09:08:56,980 - hetero_ne_arbiter.py[line:126] - INFO: host gradients number: 256"
"2019-08-23 09:08:56,980 - hetero_ne_arbiter.py[line:127] - INFO: guest gradients number: 256"
"2019-08-23 09:08:56,997 - hetero_ne_arbiter.py[line:138] - INFO: Remote host_optim_gradient to Host"
"2019-08-23 09:08:57,014 - hetero_ne_arbiter.py[line:149] - INFO: Remote guest_optim_gradient to Guest"
"2019-08-23 09:08:57,317 - hetero_ne_arbiter.py[line:164] - INFO: Get loss from guest: 0.515055127675657"
"2019-08-23 09:08:57,317 - hetero_ne_arbiter.py[line:93] - INFO: batch: 3"
"2019-08-23 09:09:07,359 - hetero_ne_arbiter.py[line:101] - INFO: Get host_gradient from GUEST"
"2019-08-23 09:09:07,963 - hetero_ne_arbiter.py[line:108] - INFO: Get guest_gradient from GUEST"
"2019-08-23 09:09:08,132 - hetero_ne_arbiter.py[line:126] - INFO: host gradients number: 256"
"2019-08-23 09:09:08,132 - hetero_ne_arbiter.py[line:127] - INFO: guest gradients number: 256"
"2019-08-23 09:09:08,149 - hetero_ne_arbiter.py[line:138] - INFO: Remote host_optim_gradient to Host"
"2019-08-23 09:09:08,165 - hetero_ne_arbiter.py[line:149] - INFO: Remote guest_optim_gradient to Guest"
"2019-08-23 09:09:08,467 - hetero_ne_arbiter.py[line:164] - INFO: Get loss from guest: 2.8393221281348673"
"2019-08-23 09:09:08,467 - hetero_ne_arbiter.py[line:93] - INFO: batch: 4"
"2019-08-23 09:09:18,806 - hetero_ne_arbiter.py[line:101] - INFO: Get host_gradient from GUEST"
"2019-08-23 09:09:19,410 - hetero_ne_arbiter.py[line:108] - INFO: Get guest_gradient from GUEST"
"2019-08-23 09:09:19,544 - hetero_ne_arbiter.py[line:126] - INFO: host gradients number: 256"
"2019-08-23 09:09:19,545 - hetero_ne_arbiter.py[line:127] - INFO: guest gradients number: 256"
"2019-08-23 09:09:19,564 - hetero_ne_arbiter.py[line:138] - INFO: Remote host_optim_gradient to Host"
"2019-08-23 09:09:19,578 - hetero_ne_arbiter.py[line:149] - INFO: Remote guest_optim_gradient to Guest"
"2019-08-23 09:09:19,779 - hetero_ne_arbiter.py[line:164] - INFO: Get loss from guest: 2.6528110142616503"
"2019-08-23 09:09:19,779 - hetero_ne_arbiter.py[line:93] - INFO: batch: 5"
"2019-08-23 09:09:30,018 - hetero_ne_arbiter.py[line:101] - INFO: Get host_gradient from GUEST"
"2019-08-23 09:09:30,922 - hetero_ne_arbiter.py[line:108] - INFO: Get guest_gradient from GUEST"
"2019-08-23 09:09:31,119 - hetero_ne_arbiter.py[line:126] - INFO: host gradients number: 256"
"2019-08-23 09:09:31,119 - hetero_ne_arbiter.py[line:127] - INFO: guest gradients number: 256"
"2019-08-23 09:09:31,141 - hetero_ne_arbiter.py[line:138] - INFO: Remote host_optim_gradient to Host"
"2019-08-23 09:09:31,163 - hetero_ne_arbiter.py[line:149] - INFO: Remote guest_optim_gradient to Guest"
"2019-08-23 09:09:31,667 - hetero_ne_arbiter.py[line:164] - INFO: Get loss from guest: 2.7193436157533646"
"2019-08-23 09:09:31,667 - hetero_ne_arbiter.py[line:93] - INFO: batch: 6"
"2019-08-23 09:09:42,229 - hetero_ne_arbiter.py[line:101] - INFO: Get host_gradient from GUEST"
"2019-08-23 09:09:43,033 - hetero_ne_arbiter.py[line:108] - INFO: Get guest_gradient from GUEST"
"2019-08-23 09:09:43,197 - hetero_ne_arbiter.py[line:126] - INFO: host gradients number: 256"
"2019-08-23 09:09:43,198 - hetero_ne_arbiter.py[line:127] - INFO: guest gradients number: 256"
"2019-08-23 09:09:43,214 - hetero_ne_arbiter.py[line:138] - INFO: Remote host_optim_gradient to Host"
"2019-08-23 09:09:43,231 - hetero_ne_arbiter.py[line:149] - INFO: Remote guest_optim_gradient to Guest"
"2019-08-23 09:09:43,533 - hetero_ne_arbiter.py[line:164] - INFO: Get loss from guest: 2.73016823201433"
"2019-08-23 09:09:43,533 - hetero_ne_arbiter.py[line:93] - INFO: batch: 7"
"2019-08-23 09:09:53,675 - hetero_ne_arbiter.py[line:101] - INFO: Get host_gradient from GUEST"
"2019-08-23 09:09:54,479 - hetero_ne_arbiter.py[line:108] - INFO: Get guest_gradient from GUEST"
"2019-08-23 09:09:54,646 - hetero_ne_arbiter.py[line:126] - INFO: host gradients number: 256"
"2019-08-23 09:09:54,646 - hetero_ne_arbiter.py[line:127] - INFO: guest gradients number: 256"
"2019-08-23 09:09:54,658 - hetero_ne_arbiter.py[line:138] - INFO: Remote host_optim_gradient to Host"
"2019-08-23 09:09:54,669 - hetero_ne_arbiter.py[line:149] - INFO: Remote guest_optim_gradient to Guest"
"2019-08-23 09:09:54,871 - hetero_ne_arbiter.py[line:164] - INFO: Get loss from guest: 2.8319543324911622"
"2019-08-23 09:09:54,871 - hetero_ne_arbiter.py[line:93] - INFO: batch: 8"
"2019-08-23 09:10:05,816 - hetero_ne_arbiter.py[line:101] - INFO: Get host_gradient from GUEST"
"2019-08-23 09:10:06,620 - hetero_ne_arbiter.py[line:108] - INFO: Get guest_gradient from GUEST"
"2019-08-23 09:10:06,773 - hetero_ne_arbiter.py[line:126] - INFO: host gradients number: 256"
"2019-08-23 09:10:06,774 - hetero_ne_arbiter.py[line:127] - INFO: guest gradients number: 256"
"2019-08-23 09:10:06,795 - hetero_ne_arbiter.py[line:138] - INFO: Remote host_optim_gradient to Host"
"2019-08-23 09:10:06,809 - hetero_ne_arbiter.py[line:149] - INFO: Remote guest_optim_gradient to Guest"
"2019-08-23 09:10:07,212 - hetero_ne_arbiter.py[line:164] - INFO: Get loss from guest: 2.7478009781582764"
"2019-08-23 09:10:07,212 - hetero_ne_arbiter.py[line:93] - INFO: batch: 9"
"2019-08-23 09:10:18,073 - hetero_ne_arbiter.py[line:101] - INFO: Get host_gradient from GUEST"
"2019-08-23 09:10:18,877 - hetero_ne_arbiter.py[line:108] - INFO: Get guest_gradient from GUEST"
"2019-08-23 09:10:19,045 - hetero_ne_arbiter.py[line:126] - INFO: host gradients number: 256"
"2019-08-23 09:10:19,045 - hetero_ne_arbiter.py[line:127] - INFO: guest gradients number: 256"
"2019-08-23 09:10:19,057 - hetero_ne_arbiter.py[line:138] - INFO: Remote host_optim_gradient to Host"
"2019-08-23 09:10:19,068 - hetero_ne_arbiter.py[line:149] - INFO: Remote guest_optim_gradient to Guest"
"2019-08-23 09:10:19,270 - hetero_ne_arbiter.py[line:164] - INFO: Get loss from guest: 2.6976977281257826"
"2019-08-23 09:10:19,270 - hetero_ne_arbiter.py[line:93] - INFO: batch: 10"
"2019-08-23 09:10:30,114 - hetero_ne_arbiter.py[line:101] - INFO: Get host_gradient from GUEST"
"2019-08-23 09:10:30,919 - hetero_ne_arbiter.py[line:108] - INFO: Get guest_gradient from GUEST"
"2019-08-23 09:10:31,057 - hetero_ne_arbiter.py[line:126] - INFO: host gradients number: 256"
"2019-08-23 09:10:31,057 - hetero_ne_arbiter.py[line:127] - INFO: guest gradients number: 256"
"2019-08-23 09:10:31,072 - hetero_ne_arbiter.py[line:138] - INFO: Remote host_optim_gradient to Host"
"2019-08-23 09:10:31,097 - hetero_ne_arbiter.py[line:149] - INFO: Remote guest_optim_gradient to Guest"
"2019-08-23 09:10:31,601 - hetero_ne_arbiter.py[line:164] - INFO: Get loss from guest: 2.6981112657789246"
"2019-08-23 09:10:31,601 - hetero_ne_arbiter.py[line:93] - INFO: batch: 11"
"2019-08-23 09:10:42,155 - hetero_ne_arbiter.py[line:101] - INFO: Get host_gradient from GUEST"
"2019-08-23 09:10:42,758 - hetero_ne_arbiter.py[line:108] - INFO: Get guest_gradient from GUEST"
"2019-08-23 09:10:42,951 - hetero_ne_arbiter.py[line:126] - INFO: host gradients number: 256"
"2019-08-23 09:10:42,952 - hetero_ne_arbiter.py[line:127] - INFO: guest gradients number: 256"
"2019-08-23 09:10:42,973 - hetero_ne_arbiter.py[line:138] - INFO: Remote host_optim_gradient to Host"
"2019-08-23 09:10:43,008 - hetero_ne_arbiter.py[line:149] - INFO: Remote guest_optim_gradient to Guest"
"2019-08-23 09:10:43,711 - hetero_ne_arbiter.py[line:164] - INFO: Get loss from guest: 2.743351676349578"
"2019-08-23 09:10:43,711 - hetero_ne_arbiter.py[line:93] - INFO: batch: 12"
"2019-08-23 09:10:54,694 - hetero_ne_arbiter.py[line:101] - INFO: Get host_gradient from GUEST"
"2019-08-23 09:10:55,498 - hetero_ne_arbiter.py[line:108] - INFO: Get guest_gradient from GUEST"
"2019-08-23 09:10:55,684 - hetero_ne_arbiter.py[line:126] - INFO: host gradients number: 256"
"2019-08-23 09:10:55,685 - hetero_ne_arbiter.py[line:127] - INFO: guest gradients number: 256"
"2019-08-23 09:10:55,706 - hetero_ne_arbiter.py[line:138] - INFO: Remote host_optim_gradient to Host"
"2019-08-23 09:10:55,741 - hetero_ne_arbiter.py[line:149] - INFO: Remote guest_optim_gradient to Guest"
"2019-08-23 09:10:56,043 - hetero_ne_arbiter.py[line:164] - INFO: Get loss from guest: 2.6097504933404565"
"2019-08-23 09:10:56,043 - hetero_ne_arbiter.py[line:93] - INFO: batch: 13"
"2019-08-23 09:11:06,699 - hetero_ne_arbiter.py[line:101] - INFO: Get host_gradient from GUEST"
"2019-08-23 09:11:07,503 - hetero_ne_arbiter.py[line:108] - INFO: Get guest_gradient from GUEST"
"2019-08-23 09:11:07,703 - hetero_ne_arbiter.py[line:126] - INFO: host gradients number: 256"
"2019-08-23 09:11:07,704 - hetero_ne_arbiter.py[line:127] - INFO: guest gradients number: 256"
"2019-08-23 09:11:07,721 - hetero_ne_arbiter.py[line:138] - INFO: Remote host_optim_gradient to Host"
"2019-08-23 09:11:07,733 - hetero_ne_arbiter.py[line:149] - INFO: Remote guest_optim_gradient to Guest"
"2019-08-23 09:11:08,035 - hetero_ne_arbiter.py[line:164] - INFO: Get loss from guest: 2.557868420448626"
"2019-08-23 09:11:08,035 - hetero_ne_arbiter.py[line:93] - INFO: batch: 14"
"2019-08-23 09:11:18,985 - hetero_ne_arbiter.py[line:101] - INFO: Get host_gradient from GUEST"
"2019-08-23 09:11:19,950 - hetero_ne_arbiter.py[line:108] - INFO: Get guest_gradient from GUEST"
"2019-08-23 09:11:20,253 - hetero_ne_arbiter.py[line:126] - INFO: host gradients number: 256"
"2019-08-23 09:11:20,253 - hetero_ne_arbiter.py[line:127] - INFO: guest gradients number: 256"
"2019-08-23 09:11:20,275 - hetero_ne_arbiter.py[line:138] - INFO: Remote host_optim_gradient to Host"
"2019-08-23 09:11:20,450 - hetero_ne_arbiter.py[line:149] - INFO: Remote guest_optim_gradient to Guest"
"2019-08-23 09:11:20,852 - hetero_ne_arbiter.py[line:164] - INFO: Get loss from guest: 2.6951048162105025"
"2019-08-23 09:11:20,852 - hetero_ne_arbiter.py[line:93] - INFO: batch: 15"
"2019-08-23 09:11:31,396 - hetero_ne_arbiter.py[line:101] - INFO: Get host_gradient from GUEST"
"2019-08-23 09:11:32,200 - hetero_ne_arbiter.py[line:108] - INFO: Get guest_gradient from GUEST"
"2019-08-23 09:11:32,366 - hetero_ne_arbiter.py[line:126] - INFO: host gradients number: 256"
"2019-08-23 09:11:32,366 - hetero_ne_arbiter.py[line:127] - INFO: guest gradients number: 256"
"2019-08-23 09:11:32,387 - hetero_ne_arbiter.py[line:138] - INFO: Remote host_optim_gradient to Host"
"2019-08-23 09:11:32,403 - hetero_ne_arbiter.py[line:149] - INFO: Remote guest_optim_gradient to Guest"
"2019-08-23 09:11:32,705 - hetero_ne_arbiter.py[line:164] - INFO: Get loss from guest: 2.6284189930612687"
"2019-08-23 09:11:32,706 - hetero_ne_arbiter.py[line:93] - INFO: batch: 16"
"2019-08-23 09:11:43,257 - hetero_ne_arbiter.py[line:101] - INFO: Get host_gradient from GUEST"
"2019-08-23 09:11:44,061 - hetero_ne_arbiter.py[line:108] - INFO: Get guest_gradient from GUEST"
"2019-08-23 09:11:44,239 - hetero_ne_arbiter.py[line:126] - INFO: host gradients number: 256"
"2019-08-23 09:11:44,240 - hetero_ne_arbiter.py[line:127] - INFO: guest gradients number: 256"
"2019-08-23 09:11:44,261 - hetero_ne_arbiter.py[line:138] - INFO: Remote host_optim_gradient to Host"
"2019-08-23 09:11:44,283 - hetero_ne_arbiter.py[line:149] - INFO: Remote guest_optim_gradient to Guest"
"2019-08-23 09:11:44,586 - hetero_ne_arbiter.py[line:164] - INFO: Get loss from guest: 2.7206935504741017"
"2019-08-23 09:11:44,586 - hetero_ne_arbiter.py[line:93] - INFO: batch: 17"
"2019-08-23 09:11:49,709 - hetero_ne_arbiter.py[line:101] - INFO: Get host_gradient from GUEST"
"2019-08-23 09:11:50,212 - hetero_ne_arbiter.py[line:108] - INFO: Get guest_gradient from GUEST"
"2019-08-23 09:11:50,436 - hetero_ne_arbiter.py[line:126] - INFO: host gradients number: 88"
"2019-08-23 09:11:50,436 - hetero_ne_arbiter.py[line:127] - INFO: guest gradients number: 88"
"2019-08-23 09:11:50,451 - hetero_ne_arbiter.py[line:138] - INFO: Remote host_optim_gradient to Host"
"2019-08-23 09:11:50,481 - hetero_ne_arbiter.py[line:149] - INFO: Remote guest_optim_gradient to Guest"
"2019-08-23 09:11:50,783 - hetero_ne_arbiter.py[line:164] - INFO: Get loss from guest: 2.2584690344896345"
"2019-08-23 09:11:50,783 - hetero_ne_arbiter.py[line:171] - INFO: iter loss: 2.290398182748403"
"2019-08-23 09:11:51,094 - hetero_ne_arbiter.py[line:183] - INFO: Remote is_stop to host: False"
"2019-08-23 09:11:51,129 - hetero_ne_arbiter.py[line:193] - INFO: Remote is_stop to guest: False"
"2019-08-23 09:11:51,129 - hetero_ne_arbiter.py[line:88] - INFO: iter: 1"
"2019-08-23 09:11:51,129 - hetero_ne_arbiter.py[line:93] - INFO: batch: 0"
