"2019-08-23 09:08:18,703 - hetero_ne_host.py[line:42] - INFO: Enter hetero_ne host"
"2019-08-23 09:08:18,703 - hetero_ne_host.py[line:44] - INFO: Host party has 2319 nodes"
"2019-08-23 09:08:18,996 - hetero_ne_host.py[line:47] - INFO: Transform input data to train instance"
"2019-08-23 09:08:18,997 - hetero_ne_host.py[line:54] - INFO: Get Publick key from arbiter:<PaillierPublicKey 191c557cd3>"
"2019-08-23 09:08:22,011 - hetero_ne_host.py[line:60] - INFO: Get batch_info from guest: {'batch_size': 256, 'batch_num': 18}"
"2019-08-23 09:08:22,011 - hetero_ne_host.py[line:74] - INFO: Start initilize model."
"2019-08-23 09:08:22,011 - hetero_ne_host.py[line:81] - INFO: iter: 0"
"2019-08-23 09:08:22,012 - hetero_ne_host.py[line:84] - INFO: batch:0"
"2019-08-23 09:08:22,113 - hetero_ne_host.py[line:97] - INFO: Get batch_index from Guest"
"2019-08-23 09:08:22,399 - hetero_ne_host.py[line:110] - INFO: batch_data_inst size:256"
"2019-08-23 09:08:31,598 - hetero_ne_host.py[line:125] - INFO: Remote host_forward to guest"
"2019-08-23 09:08:33,306 - hetero_ne_host.py[line:135] - INFO: Get optim_host_gradient from arbiter"
"2019-08-23 09:08:33,416 - hetero_ne_host.py[line:138] - INFO: update_model"
"2019-08-23 09:08:33,483 - hetero_ne_host.py[line:84] - INFO: batch:1"
"2019-08-23 09:08:34,087 - hetero_ne_host.py[line:97] - INFO: Get batch_index from Guest"
"2019-08-23 09:08:34,158 - hetero_ne_host.py[line:110] - INFO: batch_data_inst size:256"
"2019-08-23 09:08:43,282 - hetero_ne_host.py[line:125] - INFO: Remote host_forward to guest"
"2019-08-23 09:08:45,291 - hetero_ne_host.py[line:135] - INFO: Get optim_host_gradient from arbiter"
"2019-08-23 09:08:45,427 - hetero_ne_host.py[line:138] - INFO: update_model"
"2019-08-23 09:08:45,516 - hetero_ne_host.py[line:84] - INFO: batch:2"
"2019-08-23 09:08:46,220 - hetero_ne_host.py[line:97] - INFO: Get batch_index from Guest"
"2019-08-23 09:08:46,265 - hetero_ne_host.py[line:110] - INFO: batch_data_inst size:256"
"2019-08-23 09:08:55,285 - hetero_ne_host.py[line:125] - INFO: Remote host_forward to guest"
"2019-08-23 09:08:56,993 - hetero_ne_host.py[line:135] - INFO: Get optim_host_gradient from arbiter"
"2019-08-23 09:08:57,088 - hetero_ne_host.py[line:138] - INFO: update_model"
"2019-08-23 09:08:57,167 - hetero_ne_host.py[line:84] - INFO: batch:3"
"2019-08-23 09:08:57,771 - hetero_ne_host.py[line:97] - INFO: Get batch_index from Guest"
"2019-08-23 09:08:57,827 - hetero_ne_host.py[line:110] - INFO: batch_data_inst size:256"
"2019-08-23 09:09:06,525 - hetero_ne_host.py[line:125] - INFO: Remote host_forward to guest"
"2019-08-23 09:09:08,233 - hetero_ne_host.py[line:135] - INFO: Get optim_host_gradient from arbiter"
"2019-08-23 09:09:08,333 - hetero_ne_host.py[line:138] - INFO: update_model"
"2019-08-23 09:09:08,434 - hetero_ne_host.py[line:84] - INFO: batch:4"
"2019-08-23 09:09:08,937 - hetero_ne_host.py[line:97] - INFO: Get batch_index from Guest"
"2019-08-23 09:09:09,000 - hetero_ne_host.py[line:110] - INFO: batch_data_inst size:256"
"2019-08-23 09:09:17,837 - hetero_ne_host.py[line:125] - INFO: Remote host_forward to guest"
"2019-08-23 09:09:19,644 - hetero_ne_host.py[line:135] - INFO: Get optim_host_gradient from arbiter"
"2019-08-23 09:09:19,743 - hetero_ne_host.py[line:138] - INFO: update_model"
"2019-08-23 09:09:19,832 - hetero_ne_host.py[line:84] - INFO: batch:5"
"2019-08-23 09:09:20,435 - hetero_ne_host.py[line:97] - INFO: Get batch_index from Guest"
"2019-08-23 09:09:20,537 - hetero_ne_host.py[line:110] - INFO: batch_data_inst size:256"
"2019-08-23 09:09:29,458 - hetero_ne_host.py[line:125] - INFO: Remote host_forward to guest"
"2019-08-23 09:09:31,166 - hetero_ne_host.py[line:135] - INFO: Get optim_host_gradient from arbiter"
"2019-08-23 09:09:31,563 - hetero_ne_host.py[line:138] - INFO: update_model"
"2019-08-23 09:09:31,633 - hetero_ne_host.py[line:84] - INFO: batch:6"
"2019-08-23 09:09:32,337 - hetero_ne_host.py[line:97] - INFO: Get batch_index from Guest"
"2019-08-23 09:09:32,465 - hetero_ne_host.py[line:110] - INFO: batch_data_inst size:256"
"2019-08-23 09:09:41,639 - hetero_ne_host.py[line:125] - INFO: Remote host_forward to guest"
"2019-08-23 09:09:43,247 - hetero_ne_host.py[line:135] - INFO: Get optim_host_gradient from arbiter"
"2019-08-23 09:09:43,377 - hetero_ne_host.py[line:138] - INFO: update_model"
"2019-08-23 09:09:43,466 - hetero_ne_host.py[line:84] - INFO: batch:7"
"2019-08-23 09:09:44,069 - hetero_ne_host.py[line:97] - INFO: Get batch_index from Guest"
"2019-08-23 09:09:44,174 - hetero_ne_host.py[line:110] - INFO: batch_data_inst size:256"
"2019-08-23 09:09:52,988 - hetero_ne_host.py[line:125] - INFO: Remote host_forward to guest"
"2019-08-23 09:09:54,695 - hetero_ne_host.py[line:135] - INFO: Get optim_host_gradient from arbiter"
"2019-08-23 09:09:54,802 - hetero_ne_host.py[line:138] - INFO: update_model"
"2019-08-23 09:09:54,896 - hetero_ne_host.py[line:84] - INFO: batch:8"
"2019-08-23 09:09:55,499 - hetero_ne_host.py[line:97] - INFO: Get batch_index from Guest"
"2019-08-23 09:09:55,561 - hetero_ne_host.py[line:110] - INFO: batch_data_inst size:256"
"2019-08-23 09:10:05,263 - hetero_ne_host.py[line:125] - INFO: Remote host_forward to guest"
"2019-08-23 09:10:06,871 - hetero_ne_host.py[line:135] - INFO: Get optim_host_gradient from arbiter"
"2019-08-23 09:10:07,054 - hetero_ne_host.py[line:138] - INFO: update_model"
"2019-08-23 09:10:07,141 - hetero_ne_host.py[line:84] - INFO: batch:9"
"2019-08-23 09:10:07,745 - hetero_ne_host.py[line:97] - INFO: Get batch_index from Guest"
"2019-08-23 09:10:07,808 - hetero_ne_host.py[line:110] - INFO: batch_data_inst size:256"
"2019-08-23 09:10:17,525 - hetero_ne_host.py[line:125] - INFO: Remote host_forward to guest"
"2019-08-23 09:10:19,132 - hetero_ne_host.py[line:135] - INFO: Get optim_host_gradient from arbiter"
"2019-08-23 09:10:19,218 - hetero_ne_host.py[line:138] - INFO: update_model"
"2019-08-23 09:10:19,308 - hetero_ne_host.py[line:84] - INFO: batch:10"
"2019-08-23 09:10:19,911 - hetero_ne_host.py[line:97] - INFO: Get batch_index from Guest"
"2019-08-23 09:10:20,012 - hetero_ne_host.py[line:110] - INFO: batch_data_inst size:256"
"2019-08-23 09:10:29,058 - hetero_ne_host.py[line:125] - INFO: Remote host_forward to guest"
"2019-08-23 09:10:31,067 - hetero_ne_host.py[line:135] - INFO: Get optim_host_gradient from arbiter"
"2019-08-23 09:10:31,141 - hetero_ne_host.py[line:138] - INFO: update_model"
"2019-08-23 09:10:31,255 - hetero_ne_host.py[line:84] - INFO: batch:11"
"2019-08-23 09:10:31,858 - hetero_ne_host.py[line:97] - INFO: Get batch_index from Guest"
"2019-08-23 09:10:32,188 - hetero_ne_host.py[line:110] - INFO: batch_data_inst size:256"
"2019-08-23 09:10:41,277 - hetero_ne_host.py[line:125] - INFO: Remote host_forward to guest"
"2019-08-23 09:10:42,991 - hetero_ne_host.py[line:135] - INFO: Get optim_host_gradient from arbiter"
"2019-08-23 09:10:43,108 - hetero_ne_host.py[line:138] - INFO: update_model"
"2019-08-23 09:10:43,561 - hetero_ne_host.py[line:84] - INFO: batch:12"
"2019-08-23 09:10:43,963 - hetero_ne_host.py[line:97] - INFO: Get batch_index from Guest"
"2019-08-23 09:10:44,211 - hetero_ne_host.py[line:110] - INFO: batch_data_inst size:256"
"2019-08-23 09:10:53,958 - hetero_ne_host.py[line:125] - INFO: Remote host_forward to guest"
"2019-08-23 09:10:55,767 - hetero_ne_host.py[line:135] - INFO: Get optim_host_gradient from arbiter"
"2019-08-23 09:10:55,871 - hetero_ne_host.py[line:138] - INFO: update_model"
"2019-08-23 09:10:55,995 - hetero_ne_host.py[line:84] - INFO: batch:13"
"2019-08-23 09:10:56,498 - hetero_ne_host.py[line:97] - INFO: Get batch_index from Guest"
"2019-08-23 09:10:56,676 - hetero_ne_host.py[line:110] - INFO: batch_data_inst size:256"
"2019-08-23 09:11:06,064 - hetero_ne_host.py[line:125] - INFO: Remote host_forward to guest"
"2019-08-23 09:11:07,772 - hetero_ne_host.py[line:135] - INFO: Get optim_host_gradient from arbiter"
"2019-08-23 09:11:07,907 - hetero_ne_host.py[line:138] - INFO: update_model"
"2019-08-23 09:11:08,008 - hetero_ne_host.py[line:84] - INFO: batch:14"
"2019-08-23 09:11:08,712 - hetero_ne_host.py[line:97] - INFO: Get batch_index from Guest"
"2019-08-23 09:11:09,066 - hetero_ne_host.py[line:110] - INFO: batch_data_inst size:256"
"2019-08-23 09:11:18,239 - hetero_ne_host.py[line:125] - INFO: Remote host_forward to guest"
"2019-08-23 09:11:20,350 - hetero_ne_host.py[line:135] - INFO: Get optim_host_gradient from arbiter"
"2019-08-23 09:11:20,494 - hetero_ne_host.py[line:138] - INFO: update_model"
"2019-08-23 09:11:20,607 - hetero_ne_host.py[line:84] - INFO: batch:15"
"2019-08-23 09:11:21,111 - hetero_ne_host.py[line:97] - INFO: Get batch_index from Guest"
"2019-08-23 09:11:21,449 - hetero_ne_host.py[line:110] - INFO: batch_data_inst size:256"
"2019-08-23 09:11:30,709 - hetero_ne_host.py[line:125] - INFO: Remote host_forward to guest"
"2019-08-23 09:11:32,417 - hetero_ne_host.py[line:135] - INFO: Get optim_host_gradient from arbiter"
"2019-08-23 09:11:32,594 - hetero_ne_host.py[line:138] - INFO: update_model"
"2019-08-23 09:11:32,706 - hetero_ne_host.py[line:84] - INFO: batch:16"
"2019-08-23 09:11:33,410 - hetero_ne_host.py[line:97] - INFO: Get batch_index from Guest"
"2019-08-23 09:11:33,496 - hetero_ne_host.py[line:110] - INFO: batch_data_inst size:256"
"2019-08-23 09:11:42,525 - hetero_ne_host.py[line:125] - INFO: Remote host_forward to guest"
"2019-08-23 09:11:44,334 - hetero_ne_host.py[line:135] - INFO: Get optim_host_gradient from arbiter"
"2019-08-23 09:11:44,451 - hetero_ne_host.py[line:138] - INFO: update_model"
"2019-08-23 09:11:44,791 - hetero_ne_host.py[line:84] - INFO: batch:17"
"2019-08-23 09:11:44,993 - hetero_ne_host.py[line:97] - INFO: Get batch_index from Guest"
"2019-08-23 09:11:45,084 - hetero_ne_host.py[line:110] - INFO: batch_data_inst size:88"
"2019-08-23 09:11:48,747 - hetero_ne_host.py[line:125] - INFO: Remote host_forward to guest"
"2019-08-23 09:11:50,455 - hetero_ne_host.py[line:135] - INFO: Get optim_host_gradient from arbiter"
"2019-08-23 09:11:50,520 - hetero_ne_host.py[line:138] - INFO: update_model"
"2019-08-23 09:11:51,122 - hetero_ne_host.py[line:155] - INFO: Get is_stop flag from arbiter:[False]"
"2019-08-23 09:11:51,122 - hetero_ne_host.py[line:159] - INFO: Get stop signal from arbiter, model is converged, iter:1"
"2019-08-23 09:12:39,860 - hetero_ne_host.py[line:167] - INFO: Reach max iter 20, network embedding finish!"
