"2019-08-23 09:08:18,437 - hetero_ne_guest.py[line:63] - INFO: samples number:4440"
"2019-08-23 09:08:18,437 - hetero_ne_guest.py[line:64] - INFO: Enter hetero_ne_guest fit"
"2019-08-23 09:08:18,437 - hetero_ne_guest.py[line:66] - INFO: Guest party has 2358 nodes"
"2019-08-23 09:08:18,714 - hetero_ne_guest.py[line:69] - INFO: Transform input data to train instance"
"2019-08-23 09:08:18,715 - hetero_ne_guest.py[line:76] - INFO: Get public_key from arbiter:<PaillierPublicKey 191c557cd3>"
"2019-08-23 09:08:18,715 - hetero_ne_guest.py[line:79] - INFO: Generate mini-batch from input data"
"2019-08-23 09:08:21,916 - hetero_ne_guest.py[line:83] - INFO: samples number:4440"
"2019-08-23 09:08:21,916 - hetero_ne_guest.py[line:89] - INFO: batch_info:{'batch_size': 256, 'batch_num': 18}"
"2019-08-23 09:08:21,957 - hetero_ne_guest.py[line:95] - INFO: Remote batch_info to Host"
"2019-08-23 09:08:22,010 - hetero_ne_guest.py[line:102] - INFO: Remote batch_info to Arbiter"
"2019-08-23 09:08:22,010 - hetero_ne_guest.py[line:109] - INFO: Start initialize model."
"2019-08-23 09:08:22,011 - hetero_ne_guest.py[line:111] - INFO: Embedding shape=(2358, 10)"
"2019-08-23 09:08:22,011 - hetero_ne_guest.py[line:118] - INFO: iter:0"
"2019-08-23 09:08:22,011 - hetero_ne_guest.py[line:125] - INFO: batch:0"
"2019-08-23 09:08:22,011 - hetero_ne_guest.py[line:129] - INFO: remote mini-batch index to Host"
"2019-08-23 09:08:31,598 - hetero_ne_guest.py[line:161] - INFO: Get host_forward from host"
"2019-08-23 09:08:32,156 - hetero_ne_guest.py[line:181] - INFO: Remote host_gradient to arbiter"
"2019-08-23 09:08:32,993 - hetero_ne_guest.py[line:197] - INFO: Remote guest_gradient to arbiter"
"2019-08-23 09:08:33,295 - hetero_ne_guest.py[line:206] - INFO: Get optim_guest_gradient from arbiter"
"2019-08-23 09:08:33,295 - hetero_ne_guest.py[line:209] - INFO: update node embedding"
"2019-08-23 09:08:33,467 - hetero_ne_guest.py[line:228] - INFO: Remote loss to arbiter"
"2019-08-23 09:08:34,054 - hetero_ne_guest.py[line:125] - INFO: batch:1"
"2019-08-23 09:08:34,054 - hetero_ne_guest.py[line:129] - INFO: remote mini-batch index to Host"
"2019-08-23 09:08:43,346 - hetero_ne_guest.py[line:161] - INFO: Get host_forward from host"
"2019-08-23 09:08:43,838 - hetero_ne_guest.py[line:181] - INFO: Remote host_gradient to arbiter"
"2019-08-23 09:08:44,909 - hetero_ne_guest.py[line:197] - INFO: Remote guest_gradient to arbiter"
"2019-08-23 09:08:45,312 - hetero_ne_guest.py[line:206] - INFO: Get optim_guest_gradient from arbiter"
"2019-08-23 09:08:45,312 - hetero_ne_guest.py[line:209] - INFO: update node embedding"
"2019-08-23 09:08:45,543 - hetero_ne_guest.py[line:228] - INFO: Remote loss to arbiter"
"2019-08-23 09:08:45,846 - hetero_ne_guest.py[line:125] - INFO: batch:2"
"2019-08-23 09:08:45,846 - hetero_ne_guest.py[line:129] - INFO: remote mini-batch index to Host"
"2019-08-23 09:08:55,359 - hetero_ne_guest.py[line:161] - INFO: Get host_forward from host"
"2019-08-23 09:08:55,905 - hetero_ne_guest.py[line:181] - INFO: Remote host_gradient to arbiter"
"2019-08-23 09:08:56,545 - hetero_ne_guest.py[line:197] - INFO: Remote guest_gradient to arbiter"
"2019-08-23 09:08:57,048 - hetero_ne_guest.py[line:206] - INFO: Get optim_guest_gradient from arbiter"
"2019-08-23 09:08:57,048 - hetero_ne_guest.py[line:209] - INFO: update node embedding"
"2019-08-23 09:08:57,234 - hetero_ne_guest.py[line:228] - INFO: Remote loss to arbiter"
"2019-08-23 09:08:57,702 - hetero_ne_guest.py[line:125] - INFO: batch:3"
"2019-08-23 09:08:57,702 - hetero_ne_guest.py[line:129] - INFO: remote mini-batch index to Host"
"2019-08-23 09:09:06,605 - hetero_ne_guest.py[line:161] - INFO: Get host_forward from host"
"2019-08-23 09:09:07,300 - hetero_ne_guest.py[line:181] - INFO: Remote host_gradient to arbiter"
"2019-08-23 09:09:07,878 - hetero_ne_guest.py[line:197] - INFO: Remote guest_gradient to arbiter"
"2019-08-23 09:09:08,180 - hetero_ne_guest.py[line:206] - INFO: Get optim_guest_gradient from arbiter"
"2019-08-23 09:09:08,180 - hetero_ne_guest.py[line:209] - INFO: update node embedding"
"2019-08-23 09:09:08,411 - hetero_ne_guest.py[line:228] - INFO: Remote loss to arbiter"
"2019-08-23 09:09:08,868 - hetero_ne_guest.py[line:125] - INFO: batch:4"
"2019-08-23 09:09:08,868 - hetero_ne_guest.py[line:129] - INFO: remote mini-batch index to Host"
"2019-08-23 09:09:18,169 - hetero_ne_guest.py[line:161] - INFO: Get host_forward from host"
"2019-08-23 09:09:18,719 - hetero_ne_guest.py[line:181] - INFO: Remote host_gradient to arbiter"
"2019-08-23 09:09:19,387 - hetero_ne_guest.py[line:197] - INFO: Remote guest_gradient to arbiter"
"2019-08-23 09:09:19,589 - hetero_ne_guest.py[line:206] - INFO: Get optim_guest_gradient from arbiter"
"2019-08-23 09:09:19,589 - hetero_ne_guest.py[line:209] - INFO: update node embedding"
"2019-08-23 09:09:19,778 - hetero_ne_guest.py[line:228] - INFO: Remote loss to arbiter"
"2019-08-23 09:09:20,340 - hetero_ne_guest.py[line:125] - INFO: batch:5"
"2019-08-23 09:09:20,340 - hetero_ne_guest.py[line:129] - INFO: remote mini-batch index to Host"
"2019-08-23 09:09:29,489 - hetero_ne_guest.py[line:161] - INFO: Get host_forward from host"
"2019-08-23 09:09:30,023 - hetero_ne_guest.py[line:181] - INFO: Remote host_gradient to arbiter"
"2019-08-23 09:09:30,886 - hetero_ne_guest.py[line:197] - INFO: Remote guest_gradient to arbiter"
"2019-08-23 09:09:31,189 - hetero_ne_guest.py[line:206] - INFO: Get optim_guest_gradient from arbiter"
"2019-08-23 09:09:31,189 - hetero_ne_guest.py[line:209] - INFO: update node embedding"
"2019-08-23 09:09:31,638 - hetero_ne_guest.py[line:228] - INFO: Remote loss to arbiter"
"2019-08-23 09:09:31,922 - hetero_ne_guest.py[line:125] - INFO: batch:6"
"2019-08-23 09:09:31,922 - hetero_ne_guest.py[line:129] - INFO: remote mini-batch index to Host"
"2019-08-23 09:09:41,673 - hetero_ne_guest.py[line:161] - INFO: Get host_forward from host"
"2019-08-23 09:09:42,207 - hetero_ne_guest.py[line:181] - INFO: Remote host_gradient to arbiter"
"2019-08-23 09:09:42,978 - hetero_ne_guest.py[line:197] - INFO: Remote guest_gradient to arbiter"
"2019-08-23 09:09:43,280 - hetero_ne_guest.py[line:206] - INFO: Get optim_guest_gradient from arbiter"
"2019-08-23 09:09:43,280 - hetero_ne_guest.py[line:209] - INFO: update node embedding"
"2019-08-23 09:09:43,488 - hetero_ne_guest.py[line:228] - INFO: Remote loss to arbiter"
"2019-08-23 09:09:43,984 - hetero_ne_guest.py[line:125] - INFO: batch:7"
"2019-08-23 09:09:43,984 - hetero_ne_guest.py[line:129] - INFO: remote mini-batch index to Host"
"2019-08-23 09:09:53,066 - hetero_ne_guest.py[line:161] - INFO: Get host_forward from host"
"2019-08-23 09:09:53,633 - hetero_ne_guest.py[line:181] - INFO: Remote host_gradient to arbiter"
"2019-08-23 09:09:54,391 - hetero_ne_guest.py[line:197] - INFO: Remote guest_gradient to arbiter"
"2019-08-23 09:09:54,694 - hetero_ne_guest.py[line:206] - INFO: Get optim_guest_gradient from arbiter"
"2019-08-23 09:09:54,694 - hetero_ne_guest.py[line:209] - INFO: update node embedding"
"2019-08-23 09:09:54,876 - hetero_ne_guest.py[line:228] - INFO: Remote loss to arbiter"
"2019-08-23 09:09:55,442 - hetero_ne_guest.py[line:125] - INFO: batch:8"
"2019-08-23 09:09:55,442 - hetero_ne_guest.py[line:129] - INFO: remote mini-batch index to Host"
"2019-08-23 09:10:05,262 - hetero_ne_guest.py[line:161] - INFO: Get host_forward from host"
"2019-08-23 09:10:05,809 - hetero_ne_guest.py[line:181] - INFO: Remote host_gradient to arbiter"
"2019-08-23 09:10:06,584 - hetero_ne_guest.py[line:197] - INFO: Remote guest_gradient to arbiter"
"2019-08-23 09:10:06,886 - hetero_ne_guest.py[line:206] - INFO: Get optim_guest_gradient from arbiter"
"2019-08-23 09:10:06,887 - hetero_ne_guest.py[line:209] - INFO: update node embedding"
"2019-08-23 09:10:07,163 - hetero_ne_guest.py[line:228] - INFO: Remote loss to arbiter"
"2019-08-23 09:10:07,683 - hetero_ne_guest.py[line:125] - INFO: batch:9"
"2019-08-23 09:10:07,683 - hetero_ne_guest.py[line:129] - INFO: remote mini-batch index to Host"
"2019-08-23 09:10:17,510 - hetero_ne_guest.py[line:161] - INFO: Get host_forward from host"
"2019-08-23 09:10:18,075 - hetero_ne_guest.py[line:181] - INFO: Remote host_gradient to arbiter"
"2019-08-23 09:10:18,802 - hetero_ne_guest.py[line:197] - INFO: Remote guest_gradient to arbiter"
"2019-08-23 09:10:19,104 - hetero_ne_guest.py[line:206] - INFO: Get optim_guest_gradient from arbiter"
"2019-08-23 09:10:19,104 - hetero_ne_guest.py[line:209] - INFO: update node embedding"
"2019-08-23 09:10:19,275 - hetero_ne_guest.py[line:228] - INFO: Remote loss to arbiter"
"2019-08-23 09:10:19,828 - hetero_ne_guest.py[line:125] - INFO: batch:10"
"2019-08-23 09:10:19,828 - hetero_ne_guest.py[line:129] - INFO: remote mini-batch index to Host"
"2019-08-23 09:10:29,445 - hetero_ne_guest.py[line:161] - INFO: Get host_forward from host"
"2019-08-23 09:10:30,035 - hetero_ne_guest.py[line:181] - INFO: Remote host_gradient to arbiter"
"2019-08-23 09:10:30,850 - hetero_ne_guest.py[line:197] - INFO: Remote guest_gradient to arbiter"
"2019-08-23 09:10:31,152 - hetero_ne_guest.py[line:206] - INFO: Get optim_guest_gradient from arbiter"
"2019-08-23 09:10:31,153 - hetero_ne_guest.py[line:209] - INFO: update node embedding"
"2019-08-23 09:10:31,571 - hetero_ne_guest.py[line:228] - INFO: Remote loss to arbiter"
"2019-08-23 09:10:31,775 - hetero_ne_guest.py[line:125] - INFO: batch:11"
"2019-08-23 09:10:31,775 - hetero_ne_guest.py[line:129] - INFO: remote mini-batch index to Host"
"2019-08-23 09:10:41,368 - hetero_ne_guest.py[line:161] - INFO: Get host_forward from host"
"2019-08-23 09:10:42,092 - hetero_ne_guest.py[line:181] - INFO: Remote host_gradient to arbiter"
"2019-08-23 09:10:42,684 - hetero_ne_guest.py[line:197] - INFO: Remote guest_gradient to arbiter"
"2019-08-23 09:10:43,087 - hetero_ne_guest.py[line:206] - INFO: Get optim_guest_gradient from arbiter"
"2019-08-23 09:10:43,087 - hetero_ne_guest.py[line:209] - INFO: update node embedding"
"2019-08-23 09:10:43,627 - hetero_ne_guest.py[line:228] - INFO: Remote loss to arbiter"
"2019-08-23 09:10:43,897 - hetero_ne_guest.py[line:125] - INFO: batch:12"
"2019-08-23 09:10:43,897 - hetero_ne_guest.py[line:129] - INFO: remote mini-batch index to Host"
"2019-08-23 09:10:54,022 - hetero_ne_guest.py[line:161] - INFO: Get host_forward from host"
"2019-08-23 09:10:54,630 - hetero_ne_guest.py[line:181] - INFO: Remote host_gradient to arbiter"
"2019-08-23 09:10:55,467 - hetero_ne_guest.py[line:197] - INFO: Remote guest_gradient to arbiter"
"2019-08-23 09:10:55,769 - hetero_ne_guest.py[line:206] - INFO: Get optim_guest_gradient from arbiter"
"2019-08-23 09:10:55,769 - hetero_ne_guest.py[line:209] - INFO: update node embedding"
"2019-08-23 09:10:55,995 - hetero_ne_guest.py[line:228] - INFO: Remote loss to arbiter"
"2019-08-23 09:10:56,467 - hetero_ne_guest.py[line:125] - INFO: batch:13"
"2019-08-23 09:10:56,467 - hetero_ne_guest.py[line:129] - INFO: remote mini-batch index to Host"
"2019-08-23 09:11:06,154 - hetero_ne_guest.py[line:161] - INFO: Get host_forward from host"
"2019-08-23 09:11:06,689 - hetero_ne_guest.py[line:181] - INFO: Remote host_gradient to arbiter"
"2019-08-23 09:11:07,492 - hetero_ne_guest.py[line:197] - INFO: Remote guest_gradient to arbiter"
"2019-08-23 09:11:07,794 - hetero_ne_guest.py[line:206] - INFO: Get optim_guest_gradient from arbiter"
"2019-08-23 09:11:07,794 - hetero_ne_guest.py[line:209] - INFO: update node embedding"
"2019-08-23 09:11:08,030 - hetero_ne_guest.py[line:228] - INFO: Remote loss to arbiter"
"2019-08-23 09:11:08,610 - hetero_ne_guest.py[line:125] - INFO: batch:14"
"2019-08-23 09:11:08,610 - hetero_ne_guest.py[line:129] - INFO: remote mini-batch index to Host"
"2019-08-23 09:11:18,305 - hetero_ne_guest.py[line:161] - INFO: Get host_forward from host"
"2019-08-23 09:11:18,939 - hetero_ne_guest.py[line:181] - INFO: Remote host_gradient to arbiter"
"2019-08-23 09:11:19,922 - hetero_ne_guest.py[line:197] - INFO: Remote guest_gradient to arbiter"
"2019-08-23 09:11:20,526 - hetero_ne_guest.py[line:206] - INFO: Get optim_guest_gradient from arbiter"
"2019-08-23 09:11:20,526 - hetero_ne_guest.py[line:209] - INFO: update node embedding"
"2019-08-23 09:11:20,770 - hetero_ne_guest.py[line:228] - INFO: Remote loss to arbiter"
"2019-08-23 09:11:21,051 - hetero_ne_guest.py[line:125] - INFO: batch:15"
"2019-08-23 09:11:21,051 - hetero_ne_guest.py[line:129] - INFO: remote mini-batch index to Host"
"2019-08-23 09:11:30,788 - hetero_ne_guest.py[line:161] - INFO: Get host_forward from host"
"2019-08-23 09:11:31,362 - hetero_ne_guest.py[line:181] - INFO: Remote host_gradient to arbiter"
"2019-08-23 09:11:32,163 - hetero_ne_guest.py[line:197] - INFO: Remote guest_gradient to arbiter"
"2019-08-23 09:11:32,466 - hetero_ne_guest.py[line:206] - INFO: Get optim_guest_gradient from arbiter"
"2019-08-23 09:11:32,466 - hetero_ne_guest.py[line:209] - INFO: update node embedding"
"2019-08-23 09:11:32,694 - hetero_ne_guest.py[line:228] - INFO: Remote loss to arbiter"
"2019-08-23 09:11:33,313 - hetero_ne_guest.py[line:125] - INFO: batch:16"
"2019-08-23 09:11:33,313 - hetero_ne_guest.py[line:129] - INFO: remote mini-batch index to Host"
"2019-08-23 09:11:42,609 - hetero_ne_guest.py[line:161] - INFO: Get host_forward from host"
"2019-08-23 09:11:43,206 - hetero_ne_guest.py[line:181] - INFO: Remote host_gradient to arbiter"
"2019-08-23 09:11:44,006 - hetero_ne_guest.py[line:197] - INFO: Remote guest_gradient to arbiter"
"2019-08-23 09:11:44,308 - hetero_ne_guest.py[line:206] - INFO: Get optim_guest_gradient from arbiter"
"2019-08-23 09:11:44,308 - hetero_ne_guest.py[line:209] - INFO: update node embedding"
"2019-08-23 09:11:44,539 - hetero_ne_guest.py[line:228] - INFO: Remote loss to arbiter"
"2019-08-23 09:11:44,929 - hetero_ne_guest.py[line:125] - INFO: batch:17"
"2019-08-23 09:11:44,929 - hetero_ne_guest.py[line:129] - INFO: remote mini-batch index to Host"
"2019-08-23 09:11:48,826 - hetero_ne_guest.py[line:161] - INFO: Get host_forward from host"
"2019-08-23 09:11:49,706 - hetero_ne_guest.py[line:181] - INFO: Remote host_gradient to arbiter"
"2019-08-23 09:11:50,132 - hetero_ne_guest.py[line:197] - INFO: Remote guest_gradient to arbiter"
"2019-08-23 09:11:50,535 - hetero_ne_guest.py[line:206] - INFO: Get optim_guest_gradient from arbiter"
"2019-08-23 09:11:50,535 - hetero_ne_guest.py[line:209] - INFO: update node embedding"
"2019-08-23 09:11:50,728 - hetero_ne_guest.py[line:228] - INFO: Remote loss to arbiter"
"2019-08-23 09:11:51,483 - hetero_ne_guest.py[line:249] - INFO: Get is_stop flag from arbiter:False"
"2019-08-23 09:11:51,483 - hetero_ne_guest.py[line:118] - INFO: iter:1"
"2019-08-23 09:11:51,483 - hetero_ne_guest.py[line:125] - INFO: batch:0"
