"2019-08-23 09:08:17,087 - workflow.py[line:863] - DEBUG: The job id is hetero_network_embedding_example_standalone_20190823090811"
"2019-08-23 09:08:17,089 - workflow.py[line:865] - DEBUG: Finish eggroll and federation init"
"2019-08-23 09:08:17,090 - workflow.py[line:819] - DEBUG: finish init pipeline"
"2019-08-23 09:08:17,090 - workflow.py[line:214] - INFO: arbiter"
"2019-08-23 09:08:17,090 - workflow.py[line:215] - INFO: max iter: 20"
"2019-08-23 09:08:17,109 - workflow.py[line:863] - DEBUG: The job id is hetero_network_embedding_example_standalone_20190823090811"
"2019-08-23 09:08:17,111 - workflow.py[line:865] - DEBUG: Finish eggroll and federation init"
"2019-08-23 09:08:17,111 - workflow.py[line:819] - DEBUG: finish init pipeline"
"2019-08-23 09:08:17,112 - workflow.py[line:910] - INFO: 4440 samples in host"
"2019-08-23 09:08:17,117 - workflow.py[line:210] - DEBUG: Enter host network embedding function"
"2019-08-23 09:08:17,117 - workflow.py[line:211] - DEBUG: Start intersection before network embedding"
"2019-08-23 09:08:17,117 - workflow.py[line:316] - INFO: need_intersect: true!"
"2019-08-23 09:08:17,117 - workflow.py[line:320] - INFO: Start intersection!"
"2019-08-23 09:08:17,189 - workflow.py[line:863] - DEBUG: The job id is hetero_network_embedding_example_standalone_20190823090811"
"2019-08-23 09:08:17,191 - workflow.py[line:865] - DEBUG: Finish eggroll and federation init"
"2019-08-23 09:08:17,191 - workflow.py[line:819] - DEBUG: finish init pipeline"
"2019-08-23 09:08:17,192 - workflow.py[line:910] - INFO: 4440 samples in guest"
"2019-08-23 09:08:17,196 - workflow.py[line:210] - DEBUG: Enter guest network embedding function"
"2019-08-23 09:08:17,197 - workflow.py[line:211] - DEBUG: Start intersection before network embedding"
"2019-08-23 09:08:17,197 - workflow.py[line:316] - INFO: need_intersect: true!"
"2019-08-23 09:08:17,197 - workflow.py[line:320] - INFO: Start intersection!"
"2019-08-23 09:08:18,436 - workflow.py[line:331] - INFO: finish intersection!"
"2019-08-23 09:08:18,437 - workflow.py[line:214] - INFO: guest"
"2019-08-23 09:08:18,437 - workflow.py[line:215] - INFO: max iter: 20"
"2019-08-23 09:08:18,702 - workflow.py[line:331] - INFO: finish intersection!"
"2019-08-23 09:08:18,702 - workflow.py[line:214] - INFO: host"
"2019-08-23 09:08:18,702 - workflow.py[line:215] - INFO: max iter: 20"
"2019-08-23 09:12:39,861 - workflow.py[line:915] - INFO: Network_embedding_finish"
