"2019-08-22 03:32:49,255 - log_utils.py[line:104] - INFO: id:host_0_0, value: (0, 111, 1)"
"2019-08-22 03:32:49,255 - log_utils.py[line:104] - INFO: id:host_0_2, value: (0, 691, 1)"
"2019-08-22 03:32:49,255 - log_utils.py[line:104] - INFO: id:host_0_3, value: (0, 935, 1)"
"2019-08-22 03:32:49,255 - log_utils.py[line:104] - INFO: id:host_0_4, value: (0, 979, 1)"
"2019-08-22 03:32:49,255 - log_utils.py[line:104] - INFO: id:host_0_5, value: (0, 691, 1)"
"2019-08-22 03:32:49,255 - log_utils.py[line:104] - INFO: id:host_0_6, value: (0, 1009, 1)"
"2019-08-22 03:32:49,255 - log_utils.py[line:104] - INFO: id:host_0_7, value: (0, 691, 1)"
"2019-08-22 03:32:49,256 - log_utils.py[line:104] - INFO: id:host_0_8, value: (0, 1009, 1)"
"2019-08-22 03:32:49,256 - log_utils.py[line:104] - INFO: id:host_0_9, value: (0, 631, 1)"
"2019-08-22 03:32:49,256 - log_utils.py[line:104] - INFO: id:host_1_0, value: (1, 1937, 1)"
"2019-08-22 03:32:49,256 - log_utils.py[line:104] - INFO: id:host_1_2, value: (1, 153, 1)"
"2019-08-22 03:32:49,256 - neighbors_sampling.py[line:132] - INFO: The number of local positive pairs: 18271"
"2019-08-22 03:32:49,256 - neighbors_sampling.py[line:135] - INFO: Negative samples num: 5"
"2019-08-22 03:32:50,597 - log_utils.py[line:104] - INFO: id:guest_0_0, value: (0, 954, 1)"
"2019-08-22 03:32:50,597 - log_utils.py[line:104] - INFO: id:guest_0_2, value: (0, 954, 1)"
"2019-08-22 03:32:50,598 - log_utils.py[line:104] - INFO: id:guest_0_4, value: (0, 954, 1)"
"2019-08-22 03:32:50,598 - log_utils.py[line:104] - INFO: id:guest_0_5, value: (0, 99, 1)"
"2019-08-22 03:32:50,598 - log_utils.py[line:104] - INFO: id:guest_0_7, value: (0, 99, 1)"
"2019-08-22 03:32:50,598 - log_utils.py[line:104] - INFO: id:guest_0_9, value: (0, 99, 1)"
"2019-08-22 03:32:50,598 - log_utils.py[line:104] - INFO: id:guest_1_0, value: (1, 732, 1)"
"2019-08-22 03:32:50,598 - log_utils.py[line:104] - INFO: id:guest_1_1, value: (1, 284, 1)"
"2019-08-22 03:32:50,598 - log_utils.py[line:104] - INFO: id:guest_1_2, value: (1, 732, 1)"
"2019-08-22 03:32:50,598 - log_utils.py[line:104] - INFO: id:guest_1_3, value: (1, 876, 1)"
"2019-08-22 03:32:50,598 - log_utils.py[line:104] - INFO: id:guest_1_4, value: (1, 992, 1)"
"2019-08-22 03:32:50,599 - neighbors_sampling.py[line:132] - INFO: The number of local positive pairs: 18467"
"2019-08-22 03:32:50,599 - neighbors_sampling.py[line:135] - INFO: Negative samples num: 5"
"2019-08-22 03:32:56,227 - log_utils.py[line:104] - INFO: id:host_0_0_negative_0, value: (0, 965, -1)"
"2019-08-22 03:32:56,227 - log_utils.py[line:104] - INFO: id:host_0_0_negative_1, value: (0, 2355, -1)"
"2019-08-22 03:32:56,227 - log_utils.py[line:104] - INFO: id:host_0_0_negative_2, value: (0, 1568, -1)"
"2019-08-22 03:32:56,227 - log_utils.py[line:104] - INFO: id:host_0_0_negative_3, value: (0, 828, -1)"
"2019-08-22 03:32:56,227 - log_utils.py[line:104] - INFO: id:host_0_0_negative_4, value: (0, 2133, -1)"
"2019-08-22 03:32:56,227 - log_utils.py[line:104] - INFO: id:host_0_2_negative_0, value: (0, 564, -1)"
"2019-08-22 03:32:56,228 - log_utils.py[line:104] - INFO: id:host_0_2_negative_1, value: (0, 507, -1)"
"2019-08-22 03:32:56,228 - log_utils.py[line:104] - INFO: id:host_0_2_negative_2, value: (0, 2066, -1)"
"2019-08-22 03:32:56,228 - log_utils.py[line:104] - INFO: id:host_0_2_negative_3, value: (0, 2947, -1)"
"2019-08-22 03:32:56,228 - log_utils.py[line:104] - INFO: id:host_0_2_negative_4, value: (0, 637, -1)"
"2019-08-22 03:32:56,228 - log_utils.py[line:104] - INFO: id:host_0_3_negative_0, value: (0, 1034, -1)"
"2019-08-22 03:32:56,229 - neighbors_sampling.py[line:104] - INFO: distribution len: 2319, max:(390, 0.0053644794497539165)"
"2019-08-22 03:32:56,229 - neighbors_sampling.py[line:137] - INFO: The number of local negative pairs: 91355"
"2019-08-22 03:32:56,704 - log_utils.py[line:104] - INFO: id:guest_0_0_negative_0, value: (0, 1630, -1)"
"2019-08-22 03:32:56,705 - log_utils.py[line:104] - INFO: id:guest_0_0_negative_1, value: (0, 890, -1)"
"2019-08-22 03:32:56,705 - log_utils.py[line:104] - INFO: id:guest_0_0_negative_2, value: (0, 1860, -1)"
"2019-08-22 03:32:56,705 - log_utils.py[line:104] - INFO: id:guest_0_0_negative_3, value: (0, 1690, -1)"
"2019-08-22 03:32:56,705 - log_utils.py[line:104] - INFO: id:guest_0_0_negative_4, value: (0, 1322, -1)"
"2019-08-22 03:32:56,705 - log_utils.py[line:104] - INFO: id:guest_0_2_negative_0, value: (0, 569, -1)"
"2019-08-22 03:32:56,705 - log_utils.py[line:104] - INFO: id:guest_0_2_negative_1, value: (0, 1043, -1)"
"2019-08-22 03:32:56,705 - log_utils.py[line:104] - INFO: id:guest_0_2_negative_2, value: (0, 308, -1)"
"2019-08-22 03:32:56,705 - log_utils.py[line:104] - INFO: id:guest_0_2_negative_3, value: (0, 2094, -1)"
"2019-08-22 03:32:56,705 - log_utils.py[line:104] - INFO: id:guest_0_2_negative_4, value: (0, 701, -1)"
"2019-08-22 03:32:56,705 - log_utils.py[line:104] - INFO: id:guest_0_4_negative_0, value: (0, 1229, -1)"
"2019-08-22 03:32:56,706 - neighbors_sampling.py[line:104] - INFO: distribution len: 2358, max:(390, 0.004777391792522355)"
"2019-08-22 03:32:56,710 - neighbors_sampling.py[line:137] - INFO: The number of local negative pairs: 92335"
"2019-08-22 03:32:57,536 - neighbors_sampling.py[line:141] - INFO: The number of total local pairs: 109626"
"2019-08-22 03:32:57,831 - neighbors_sampling.py[line:141] - INFO: The number of total local pairs: 110802"
"2019-08-22 03:33:23,601 - neighbors_sampling.py[line:283] - INFO: Generate the distributed host samples for guest"
"2019-08-22 03:33:23,669 - neighbors_sampling.py[line:246] - INFO: Generate the distributed host samples for host"
"2019-08-22 03:33:23,761 - neighbors_sampling.py[line:290] - INFO: Remote numbers to host"
"2019-08-22 03:33:23,773 - neighbors_sampling.py[line:250] - INFO: Get numbers from guest"
"2019-08-22 03:33:24,376 - neighbors_sampling.py[line:198] - INFO: bridge_instances count:244"
"2019-08-22 03:33:25,421 - neighbors_sampling.py[line:206] - INFO: sample_ids_instances count:244"
"2019-08-22 03:33:25,426 - neighbors_sampling.py[line:254] - INFO: distributed_instances count:740"
"2019-08-22 03:33:25,500 - neighbors_sampling.py[line:261] - INFO: Remote generated distributed samples' id to guest"
"2019-08-22 03:33:25,501 - neighbors_sampling.py[line:283] - INFO: Generate the distributed guest samples for host"
"2019-08-22 03:33:25,571 - neighbors_sampling.py[line:295] - INFO: Get generated distributed samples' id from host"
"2019-08-22 03:33:25,886 - neighbors_sampling.py[line:290] - INFO: Remote numbers to guest"
"2019-08-22 03:33:26,002 - neighbors_sampling.py[line:300] - INFO: The number of host distributed_instances:740"
"2019-08-22 03:33:26,003 - neighbors_sampling.py[line:246] - INFO: Generate the distributed guest samples for guest"
"2019-08-22 03:33:26,003 - neighbors_sampling.py[line:250] - INFO: Get numbers from host"
"2019-08-22 03:33:26,256 - neighbors_sampling.py[line:198] - INFO: bridge_instances count:244"
"2019-08-22 03:33:27,477 - neighbors_sampling.py[line:206] - INFO: sample_ids_instances count:244"
"2019-08-22 03:33:27,483 - neighbors_sampling.py[line:254] - INFO: distributed_instances count:740"
"2019-08-22 03:33:27,540 - neighbors_sampling.py[line:261] - INFO: Remote generated distributed samples' id to host"
"2019-08-22 03:33:27,595 - neighbors_sampling.py[line:295] - INFO: Get generated distributed samples' id from guest"
"2019-08-22 03:33:27,967 - neighbors_sampling.py[line:300] - INFO: The number of guest distributed_instances:740"
"2019-08-22 03:33:32,104 - neighbors_sampling.py[line:333] - INFO: Remote the distributed negative instances id to guest from host"
"2019-08-22 03:33:32,104 - neighbors_sampling.py[line:334] - INFO: Distributed negative instances count: 3700"
"2019-08-22 03:33:32,105 - log_utils.py[line:104] - INFO: id:host_25_0_0_negative_0, value: 357"
"2019-08-22 03:33:32,105 - log_utils.py[line:104] - INFO: id:host_25_0_0_negative_1, value: 357"
"2019-08-22 03:33:32,105 - log_utils.py[line:104] - INFO: id:host_25_0_0_negative_2, value: 357"
"2019-08-22 03:33:32,105 - log_utils.py[line:104] - INFO: id:host_25_0_0_negative_3, value: 357"
"2019-08-22 03:33:32,105 - log_utils.py[line:104] - INFO: id:host_25_0_0_negative_4, value: 357"
"2019-08-22 03:33:32,105 - log_utils.py[line:104] - INFO: id:host_35_0_0_negative_0, value: 92"
"2019-08-22 03:33:32,105 - log_utils.py[line:104] - INFO: id:host_35_0_0_negative_1, value: 92"
"2019-08-22 03:33:32,105 - log_utils.py[line:104] - INFO: id:host_35_0_0_negative_2, value: 92"
"2019-08-22 03:33:32,105 - log_utils.py[line:104] - INFO: id:host_35_0_0_negative_3, value: 92"
"2019-08-22 03:33:32,105 - log_utils.py[line:104] - INFO: id:host_35_0_0_negative_4, value: 92"
"2019-08-22 03:33:32,106 - log_utils.py[line:104] - INFO: id:host_40_0_0_negative_0, value: 849"
"2019-08-22 03:33:32,162 - neighbors_sampling.py[line:355] - INFO: Get distributed nagative samples from host"
"2019-08-22 03:33:32,162 - neighbors_sampling.py[line:357] - INFO: id:host_25_0_0_negative_0"
"2019-08-22 03:33:32,162 - neighbors_sampling.py[line:357] - INFO: id:host_25_0_0_negative_1"
"2019-08-22 03:33:32,163 - neighbors_sampling.py[line:357] - INFO: id:host_25_0_0_negative_2"
"2019-08-22 03:33:32,163 - neighbors_sampling.py[line:357] - INFO: id:host_25_0_0_negative_3"
"2019-08-22 03:33:32,163 - neighbors_sampling.py[line:357] - INFO: id:host_25_0_0_negative_4"
"2019-08-22 03:33:32,163 - neighbors_sampling.py[line:357] - INFO: id:host_35_0_0_negative_0"
"2019-08-22 03:33:32,163 - neighbors_sampling.py[line:357] - INFO: id:host_35_0_0_negative_1"
"2019-08-22 03:33:32,163 - neighbors_sampling.py[line:357] - INFO: id:host_35_0_0_negative_2"
"2019-08-22 03:33:32,163 - neighbors_sampling.py[line:357] - INFO: id:host_35_0_0_negative_3"
"2019-08-22 03:33:32,163 - neighbors_sampling.py[line:357] - INFO: id:host_35_0_0_negative_4"
"2019-08-22 03:34:31,889 - log_utils.py[line:104] - INFO: id:host_25_0_0_negative_0, value: (2404, -1)"
"2019-08-22 03:34:31,890 - log_utils.py[line:104] - INFO: id:host_25_0_0_negative_1, value: (157, -1)"
"2019-08-22 03:34:31,890 - log_utils.py[line:104] - INFO: id:host_25_0_0_negative_2, value: (743, -1)"
"2019-08-22 03:34:31,890 - log_utils.py[line:104] - INFO: id:host_25_0_0_negative_3, value: (2510, -1)"
"2019-08-22 03:34:31,890 - log_utils.py[line:104] - INFO: id:host_25_0_0_negative_4, value: (661, -1)"
"2019-08-22 03:34:31,890 - log_utils.py[line:104] - INFO: id:host_35_0_0_negative_0, value: (446, -1)"
"2019-08-22 03:34:35,619 - neighbors_sampling.py[line:333] - INFO: Remote the distributed negative instances id to host from guest"
"2019-08-22 03:34:35,619 - neighbors_sampling.py[line:334] - INFO: Distributed negative instances count: 3700"
"2019-08-22 03:34:35,619 - log_utils.py[line:104] - INFO: id:guest_25_0_0_negative_0, value: 683"
"2019-08-22 03:34:35,619 - log_utils.py[line:104] - INFO: id:guest_25_0_0_negative_1, value: 683"
"2019-08-22 03:34:35,619 - log_utils.py[line:104] - INFO: id:guest_25_0_0_negative_2, value: 683"
"2019-08-22 03:34:35,620 - log_utils.py[line:104] - INFO: id:guest_25_0_0_negative_3, value: 683"
"2019-08-22 03:34:35,620 - log_utils.py[line:104] - INFO: id:guest_25_0_0_negative_4, value: 683"
"2019-08-22 03:34:35,620 - log_utils.py[line:104] - INFO: id:guest_35_0_0_negative_0, value: 500"
"2019-08-22 03:34:35,620 - log_utils.py[line:104] - INFO: id:guest_35_0_0_negative_1, value: 500"
"2019-08-22 03:34:35,620 - log_utils.py[line:104] - INFO: id:guest_35_0_0_negative_2, value: 500"
"2019-08-22 03:34:35,620 - log_utils.py[line:104] - INFO: id:guest_35_0_0_negative_3, value: 500"
"2019-08-22 03:34:35,620 - log_utils.py[line:104] - INFO: id:guest_35_0_0_negative_4, value: 500"
"2019-08-22 03:34:35,620 - log_utils.py[line:104] - INFO: id:guest_40_0_0_negative_0, value: 480"
"2019-08-22 03:34:35,660 - neighbors_sampling.py[line:355] - INFO: Get distributed nagative samples from guest"
"2019-08-22 03:34:35,660 - neighbors_sampling.py[line:357] - INFO: id:guest_25_0_0_negative_0"
"2019-08-22 03:34:35,660 - neighbors_sampling.py[line:357] - INFO: id:guest_25_0_0_negative_1"
"2019-08-22 03:34:35,661 - neighbors_sampling.py[line:357] - INFO: id:guest_25_0_0_negative_2"
"2019-08-22 03:34:35,661 - neighbors_sampling.py[line:357] - INFO: id:guest_25_0_0_negative_3"
"2019-08-22 03:34:35,661 - neighbors_sampling.py[line:357] - INFO: id:guest_25_0_0_negative_4"
"2019-08-22 03:34:35,661 - neighbors_sampling.py[line:357] - INFO: id:guest_35_0_0_negative_0"
"2019-08-22 03:34:35,661 - neighbors_sampling.py[line:357] - INFO: id:guest_35_0_0_negative_1"
"2019-08-22 03:34:35,661 - neighbors_sampling.py[line:357] - INFO: id:guest_35_0_0_negative_2"
"2019-08-22 03:34:35,661 - neighbors_sampling.py[line:357] - INFO: id:guest_35_0_0_negative_3"
"2019-08-22 03:34:35,661 - neighbors_sampling.py[line:357] - INFO: id:guest_35_0_0_negative_4"
"2019-08-22 03:35:41,315 - log_utils.py[line:104] - INFO: id:guest_25_0_0_negative_0, value: (801, -1)"
"2019-08-22 03:35:41,315 - log_utils.py[line:104] - INFO: id:guest_25_0_0_negative_1, value: (1731, -1)"
"2019-08-22 03:35:41,315 - log_utils.py[line:104] - INFO: id:guest_25_0_0_negative_2, value: (1684, -1)"
"2019-08-22 03:35:41,315 - log_utils.py[line:104] - INFO: id:guest_25_0_0_negative_3, value: (914, -1)"
"2019-08-22 03:35:41,315 - log_utils.py[line:104] - INFO: id:guest_25_0_0_negative_4, value: (2120, -1)"
"2019-08-22 03:35:41,315 - log_utils.py[line:104] - INFO: id:guest_35_0_0_negative_0, value: (777, -1)"
