"2019-08-22 03:32:09,860 - workflow.py[line:861] - DEBUG: The job id is neighbors_sampling_example_standalone_20190822033205"
"2019-08-22 03:32:09,860 - workflow.py[line:861] - DEBUG: The job id is neighbors_sampling_example_standalone_20190822033205"
"2019-08-22 03:32:09,862 - workflow.py[line:863] - DEBUG: Finish eggroll and federation init"
"2019-08-22 03:32:09,862 - workflow.py[line:817] - DEBUG: finish init pipeline"
"2019-08-22 03:32:09,862 - workflow.py[line:911] - DEBUG: In running function, enter neighbors sampling"
"2019-08-22 03:32:09,862 - workflow.py[line:915] - DEBUG: [Neighbors sampling]Input table:citeseer_guest_neighbors_sampling_neighbors_sampling_example_standalone_20190822033205, input namespace:example_data_namespace"
"2019-08-22 03:32:09,862 - workflow.py[line:863] - DEBUG: Finish eggroll and federation init"
"2019-08-22 03:32:09,862 - workflow.py[line:792] - DEBUG: mode is fit"
"2019-08-22 03:32:09,862 - workflow.py[line:817] - DEBUG: finish init pipeline"
"2019-08-22 03:32:09,863 - workflow.py[line:911] - DEBUG: In running function, enter neighbors sampling"
"2019-08-22 03:32:09,863 - workflow.py[line:915] - DEBUG: [Neighbors sampling]Input table:citeseer_host_neighbors_sampling_neighbors_sampling_example_standalone_20190822033205, input namespace:example_data_namespace"
"2019-08-22 03:32:09,863 - workflow.py[line:792] - DEBUG: mode is fit"
"2019-08-22 03:32:11,526 - workflow.py[line:921] - INFO: Obtain adjlist for each node for host!"
"2019-08-22 03:32:11,526 - workflow.py[line:922] - INFO: There are 2319 nodes in host"
"2019-08-22 03:32:11,526 - workflow.py[line:925] - INFO: Map node to id:"
"2019-08-22 03:32:11,531 - workflow.py[line:921] - INFO: Obtain adjlist for each node for guest!"
"2019-08-22 03:32:11,531 - workflow.py[line:922] - INFO: There are 2358 nodes in guest"
"2019-08-22 03:32:11,531 - workflow.py[line:925] - INFO: Map node to id:"
"2019-08-22 03:32:46,773 - log_utils.py[line:104] - INFO: id:0, value: 0"
"2019-08-22 03:32:46,774 - log_utils.py[line:104] - INFO: id:1, value: 1"
"2019-08-22 03:32:46,774 - log_utils.py[line:104] - INFO: id:5, value: 2"
"2019-08-22 03:32:46,774 - log_utils.py[line:104] - INFO: id:6, value: 3"
"2019-08-22 03:32:46,774 - log_utils.py[line:104] - INFO: id:7, value: 4"
"2019-08-22 03:32:46,774 - log_utils.py[line:104] - INFO: id:8, value: 5"
"2019-08-22 03:32:46,774 - workflow.py[line:936] - INFO: Enter the procedure of local neighbors sampling:"
"2019-08-22 03:32:47,484 - log_utils.py[line:104] - INFO: id:0, value: 0"
"2019-08-22 03:32:47,485 - log_utils.py[line:104] - INFO: id:1, value: 1"
"2019-08-22 03:32:47,485 - log_utils.py[line:104] - INFO: id:2, value: 2"
"2019-08-22 03:32:47,485 - log_utils.py[line:104] - INFO: id:3, value: 3"
"2019-08-22 03:32:47,485 - log_utils.py[line:104] - INFO: id:4, value: 4"
"2019-08-22 03:32:47,485 - log_utils.py[line:104] - INFO: id:5, value: 5"
"2019-08-22 03:32:47,485 - workflow.py[line:936] - INFO: Enter the procedure of local neighbors sampling:"
"2019-08-22 03:33:02,610 - workflow.py[line:942] - INFO: Local sampling samples count for host is 109626"
"2019-08-22 03:33:02,610 - workflow.py[line:943] - INFO: Local sampling results for host saved in namespace: neighbors_samples/local_samples, name: host"
"2019-08-22 03:33:02,610 - workflow.py[line:946] - INFO: Enter the procedure of distributed neighbors sampling:"
"2019-08-22 03:33:02,611 - workflow.py[line:947] - INFO: Alignment nodes from two parties:"
"2019-08-22 03:33:02,611 - workflow.py[line:314] - INFO: need_intersect: true!"
"2019-08-22 03:33:02,611 - workflow.py[line:318] - INFO: Start intersection!"
"2019-08-22 03:33:03,109 - workflow.py[line:942] - INFO: Local sampling samples count for guest is 110802"
"2019-08-22 03:33:03,109 - workflow.py[line:943] - INFO: Local sampling results for guest saved in namespace: neighbors_samples/local_samples, name: guest"
"2019-08-22 03:33:03,109 - workflow.py[line:946] - INFO: Enter the procedure of distributed neighbors sampling:"
"2019-08-22 03:33:03,109 - workflow.py[line:947] - INFO: Alignment nodes from two parties:"
"2019-08-22 03:33:03,109 - workflow.py[line:314] - INFO: need_intersect: true!"
"2019-08-22 03:33:03,110 - workflow.py[line:318] - INFO: Start intersection!"
"2019-08-22 03:33:14,663 - workflow.py[line:329] - INFO: finish intersection!"
"2019-08-22 03:33:14,672 - workflow.py[line:950] - INFO: The number of common nodes: 1413"
"2019-08-22 03:33:14,730 - workflow.py[line:329] - INFO: finish intersection!"
"2019-08-22 03:33:14,740 - workflow.py[line:950] - INFO: The number of common nodes: 1413"
"2019-08-22 03:33:15,574 - workflow.py[line:314] - INFO: need_intersect: true!"
"2019-08-22 03:33:15,574 - workflow.py[line:318] - INFO: Start intersection!"
"2019-08-22 03:33:15,608 - workflow.py[line:314] - INFO: need_intersect: true!"
"2019-08-22 03:33:15,609 - workflow.py[line:318] - INFO: Start intersection!"
"2019-08-22 03:33:23,588 - workflow.py[line:329] - INFO: finish intersection!"
"2019-08-22 03:33:23,599 - workflow.py[line:955] - INFO: The number of bridge nodes: 244"
"2019-08-22 03:33:23,600 - log_utils.py[line:102] - INFO: id: 25, value: [683]"
"2019-08-22 03:33:23,600 - log_utils.py[line:102] - INFO: id: 35, value: [500]"
"2019-08-22 03:33:23,600 - log_utils.py[line:102] - INFO: id: 40, value: [480, 177, 148]"
"2019-08-22 03:33:23,600 - log_utils.py[line:102] - INFO: id: 57, value: [1536]"
"2019-08-22 03:33:23,601 - log_utils.py[line:102] - INFO: id: 86, value: [626]"
"2019-08-22 03:33:23,601 - log_utils.py[line:102] - INFO: id: 96, value: [997]"
"2019-08-22 03:33:23,656 - workflow.py[line:329] - INFO: finish intersection!"
"2019-08-22 03:33:23,668 - workflow.py[line:955] - INFO: The number of bridge nodes: 244"
"2019-08-22 03:33:23,668 - log_utils.py[line:102] - INFO: id: 25, value: [357]"
"2019-08-22 03:33:23,668 - log_utils.py[line:102] - INFO: id: 35, value: [92]"
"2019-08-22 03:33:23,668 - log_utils.py[line:102] - INFO: id: 40, value: [849]"
"2019-08-22 03:33:23,669 - log_utils.py[line:102] - INFO: id: 57, value: [1981]"
"2019-08-22 03:33:23,669 - log_utils.py[line:102] - INFO: id: 86, value: [585]"
"2019-08-22 03:33:23,669 - log_utils.py[line:102] - INFO: id: 96, value: [913]"
"2019-08-22 03:34:37,042 - workflow.py[line:970] - INFO: Distributed sampling target results for host saved in namespace: neighbors_samples/distributed_samples/guest, name: target"
"2019-08-22 03:34:37,598 - workflow.py[line:978] - INFO: Distributed sampling anchor results for guest saved in namespace: neighbors_samples/distributed_samples/guest, name: anchor"
"2019-08-22 03:35:42,345 - workflow.py[line:970] - INFO: Distributed sampling target results for guest saved in namespace: neighbors_samples/distributed_samples/host, name: target"
"2019-08-22 03:35:42,835 - workflow.py[line:978] - INFO: Distributed sampling anchor results for host saved in namespace: neighbors_samples/distributed_samples/host, name: anchor"
"2019-08-22 03:35:42,836 - workflow.py[line:981] - INFO: Neighbors_sampling_finish"
