"2019-08-24 11:58:52,886 - hetero_ne_host.py[line:47] - INFO: Enter hetero_ne host"
"2019-08-24 11:58:52,886 - hetero_ne_host.py[line:49] - INFO: Host party has 2319 nodes"
"2019-08-24 11:58:53,174 - hetero_ne_host.py[line:52] - INFO: Transform input data to train instance"
"2019-08-24 11:58:53,175 - hetero_ne_host.py[line:59] - INFO: Get Publick key from arbiter:<PaillierPublicKey 9928152a93>"
"2019-08-24 11:58:53,175 - hetero_ne_host.py[line:64] - INFO: Generate mini-batch for local instances in guest"
"2019-08-24 11:59:15,216 - hetero_ne_host.py[line:72] - INFO: Get batch_info from guest: {'batch_size': 1024, 'batch_num': 5}"
"2019-08-24 11:59:15,216 - hetero_ne_host.py[line:86] - INFO: Start initilize model."
"2019-08-24 11:59:15,216 - hetero_ne_host.py[line:93] - INFO: iter: 0"
"2019-08-24 11:59:15,216 - hetero_ne_host.py[line:99] - INFO: Horizontally learning"
"2019-08-24 11:59:15,222 - hetero_ne_host.py[line:102] - INFO: Local batch data count:1024"
"2019-08-24 11:59:20,627 - hetero_ne_host.py[line:115] - INFO: gradient count:1024"
"2019-08-24 11:59:20,633 - hetero_ne_host.py[line:102] - INFO: Local batch data count:1024"
"2019-08-24 11:59:26,943 - hetero_ne_host.py[line:115] - INFO: gradient count:1024"
"2019-08-24 11:59:26,949 - hetero_ne_host.py[line:102] - INFO: Local batch data count:1024"
"2019-08-24 11:59:33,787 - hetero_ne_host.py[line:115] - INFO: gradient count:1024"
"2019-08-24 11:59:33,793 - hetero_ne_host.py[line:102] - INFO: Local batch data count:1024"
"2019-08-24 11:59:39,583 - hetero_ne_host.py[line:115] - INFO: gradient count:1024"
"2019-08-24 11:59:39,589 - hetero_ne_host.py[line:102] - INFO: Local batch data count:1024"
"2019-08-24 11:59:49,596 - hetero_ne_host.py[line:115] - INFO: gradient count:1024"
"2019-08-24 11:59:49,600 - hetero_ne_host.py[line:102] - INFO: Local batch data count:1024"
"2019-08-24 11:59:56,206 - hetero_ne_host.py[line:115] - INFO: gradient count:1024"
"2019-08-24 11:59:56,211 - hetero_ne_host.py[line:102] - INFO: Local batch data count:1024"
"2019-08-24 12:00:01,749 - hetero_ne_host.py[line:115] - INFO: gradient count:1024"
"2019-08-24 12:00:01,753 - hetero_ne_host.py[line:102] - INFO: Local batch data count:1024"
"2019-08-24 12:00:07,950 - hetero_ne_host.py[line:115] - INFO: gradient count:1024"
"2019-08-24 12:00:07,955 - hetero_ne_host.py[line:102] - INFO: Local batch data count:1024"
"2019-08-24 12:00:13,942 - hetero_ne_host.py[line:115] - INFO: gradient count:1024"
"2019-08-24 12:00:13,948 - hetero_ne_host.py[line:102] - INFO: Local batch data count:1024"
"2019-08-24 12:00:19,920 - hetero_ne_host.py[line:115] - INFO: gradient count:1024"
"2019-08-24 12:00:19,925 - hetero_ne_host.py[line:102] - INFO: Local batch data count:1024"
"2019-08-24 12:00:27,510 - hetero_ne_host.py[line:115] - INFO: gradient count:1024"
"2019-08-24 12:00:27,514 - hetero_ne_host.py[line:102] - INFO: Local batch data count:1024"
"2019-08-24 12:00:34,337 - hetero_ne_host.py[line:115] - INFO: gradient count:1024"
"2019-08-24 12:00:34,341 - hetero_ne_host.py[line:102] - INFO: Local batch data count:1024"
"2019-08-24 12:00:41,378 - hetero_ne_host.py[line:115] - INFO: gradient count:1024"
"2019-08-24 12:00:41,382 - hetero_ne_host.py[line:102] - INFO: Local batch data count:1024"
"2019-08-24 12:00:48,021 - hetero_ne_host.py[line:115] - INFO: gradient count:1024"
"2019-08-24 12:00:48,026 - hetero_ne_host.py[line:102] - INFO: Local batch data count:1024"
"2019-08-24 12:00:54,643 - hetero_ne_host.py[line:115] - INFO: gradient count:1024"
"2019-08-24 12:00:54,648 - hetero_ne_host.py[line:102] - INFO: Local batch data count:1024"
"2019-08-24 12:01:01,524 - hetero_ne_host.py[line:115] - INFO: gradient count:1024"
"2019-08-24 12:01:01,530 - hetero_ne_host.py[line:102] - INFO: Local batch data count:1024"
"2019-08-24 12:01:07,858 - hetero_ne_host.py[line:115] - INFO: gradient count:1024"
"2019-08-24 12:01:07,863 - hetero_ne_host.py[line:102] - INFO: Local batch data count:1024"
"2019-08-24 12:01:14,431 - hetero_ne_host.py[line:115] - INFO: gradient count:1024"
"2019-08-24 12:01:14,436 - hetero_ne_host.py[line:102] - INFO: Local batch data count:1024"
"2019-08-24 12:01:21,023 - hetero_ne_host.py[line:115] - INFO: gradient count:1024"
"2019-08-24 12:01:21,029 - hetero_ne_host.py[line:102] - INFO: Local batch data count:638"
"2019-08-24 12:01:26,833 - hetero_ne_host.py[line:115] - INFO: gradient count:638"
"2019-08-24 12:01:27,617 - hetero_ne_host.py[line:139] - INFO: Iter 0, Local loss: 1.523308633922871"
"2019-08-24 12:01:27,617 - hetero_ne_host.py[line:146] - INFO: batch:0"
"2019-08-24 12:01:27,719 - hetero_ne_host.py[line:159] - INFO: Get batch_index from Guest"
"2019-08-24 12:01:27,899 - hetero_ne_host.py[line:172] - INFO: batch_data_inst size:1024"
"2019-08-24 12:01:44,745 - hetero_ne_host.py[line:187] - INFO: Remote host_forward to guest"
"2019-08-24 12:01:48,360 - hetero_ne_host.py[line:197] - INFO: Get optim_host_gradient from arbiter"
"2019-08-24 12:01:48,664 - hetero_ne_host.py[line:200] - INFO: update_model"
"2019-08-24 12:01:48,785 - hetero_ne_host.py[line:146] - INFO: batch:1"
"2019-08-24 12:01:49,188 - hetero_ne_host.py[line:159] - INFO: Get batch_index from Guest"
"2019-08-24 12:01:49,546 - hetero_ne_host.py[line:172] - INFO: batch_data_inst size:1024"
"2019-08-24 12:02:06,602 - hetero_ne_host.py[line:187] - INFO: Remote host_forward to guest"
"2019-08-24 12:02:09,213 - hetero_ne_host.py[line:197] - INFO: Get optim_host_gradient from arbiter"
"2019-08-24 12:02:09,453 - hetero_ne_host.py[line:200] - INFO: update_model"
"2019-08-24 12:02:09,631 - hetero_ne_host.py[line:146] - INFO: batch:2"
"2019-08-24 12:02:10,235 - hetero_ne_host.py[line:159] - INFO: Get batch_index from Guest"
"2019-08-24 12:02:10,527 - hetero_ne_host.py[line:172] - INFO: batch_data_inst size:1024"
"2019-08-24 12:02:28,245 - hetero_ne_host.py[line:187] - INFO: Remote host_forward to guest"
"2019-08-24 12:02:30,656 - hetero_ne_host.py[line:197] - INFO: Get optim_host_gradient from arbiter"
"2019-08-24 12:02:30,889 - hetero_ne_host.py[line:200] - INFO: update_model"
"2019-08-24 12:02:31,061 - hetero_ne_host.py[line:146] - INFO: batch:3"
"2019-08-24 12:02:31,364 - hetero_ne_host.py[line:159] - INFO: Get batch_index from Guest"
"2019-08-24 12:02:31,709 - hetero_ne_host.py[line:172] - INFO: batch_data_inst size:1024"
"2019-08-24 12:02:49,029 - hetero_ne_host.py[line:187] - INFO: Remote host_forward to guest"
"2019-08-24 12:02:51,440 - hetero_ne_host.py[line:197] - INFO: Get optim_host_gradient from arbiter"
"2019-08-24 12:02:51,618 - hetero_ne_host.py[line:200] - INFO: update_model"
"2019-08-24 12:02:51,795 - hetero_ne_host.py[line:146] - INFO: batch:4"
"2019-08-24 12:02:52,399 - hetero_ne_host.py[line:159] - INFO: Get batch_index from Guest"
"2019-08-24 12:02:52,519 - hetero_ne_host.py[line:172] - INFO: batch_data_inst size:344"
"2019-08-24 12:02:58,986 - hetero_ne_host.py[line:187] - INFO: Remote host_forward to guest"
"2019-08-24 12:03:00,894 - hetero_ne_host.py[line:197] - INFO: Get optim_host_gradient from arbiter"
"2019-08-24 12:03:01,194 - hetero_ne_host.py[line:200] - INFO: update_model"
"2019-08-24 12:03:02,293 - hetero_ne_host.py[line:244] - INFO: Get is_stop flag from arbiter:False"
"2019-08-24 12:03:02,293 - hetero_ne_host.py[line:93] - INFO: iter: 1"
"2019-08-24 12:03:02,293 - hetero_ne_host.py[line:99] - INFO: Horizontally learning"
"2019-08-24 12:03:02,298 - hetero_ne_host.py[line:102] - INFO: Local batch data count:1024"
"2019-08-24 12:03:07,980 - hetero_ne_host.py[line:115] - INFO: gradient count:1024"
"2019-08-24 12:03:07,985 - hetero_ne_host.py[line:102] - INFO: Local batch data count:1024"
"2019-08-24 12:03:12,990 - hetero_ne_host.py[line:115] - INFO: gradient count:1024"
"2019-08-24 12:03:12,995 - hetero_ne_host.py[line:102] - INFO: Local batch data count:1024"
"2019-08-24 12:03:18,543 - hetero_ne_host.py[line:115] - INFO: gradient count:1024"
"2019-08-24 12:03:18,548 - hetero_ne_host.py[line:102] - INFO: Local batch data count:1024"
"2019-08-24 12:03:23,890 - hetero_ne_host.py[line:115] - INFO: gradient count:1024"
"2019-08-24 12:03:23,895 - hetero_ne_host.py[line:102] - INFO: Local batch data count:1024"
"2019-08-24 12:03:29,379 - hetero_ne_host.py[line:115] - INFO: gradient count:1024"
"2019-08-24 12:03:29,384 - hetero_ne_host.py[line:102] - INFO: Local batch data count:1024"
"2019-08-24 12:03:34,393 - hetero_ne_host.py[line:115] - INFO: gradient count:1024"
"2019-08-24 12:03:34,397 - hetero_ne_host.py[line:102] - INFO: Local batch data count:1024"
"2019-08-24 12:03:40,119 - hetero_ne_host.py[line:115] - INFO: gradient count:1024"
"2019-08-24 12:03:40,124 - hetero_ne_host.py[line:102] - INFO: Local batch data count:1024"
"2019-08-24 12:03:46,012 - hetero_ne_host.py[line:115] - INFO: gradient count:1024"
"2019-08-24 12:03:46,016 - hetero_ne_host.py[line:102] - INFO: Local batch data count:1024"
"2019-08-24 12:03:52,565 - hetero_ne_host.py[line:115] - INFO: gradient count:1024"
"2019-08-24 12:03:52,571 - hetero_ne_host.py[line:102] - INFO: Local batch data count:1024"
"2019-08-24 12:03:58,715 - hetero_ne_host.py[line:115] - INFO: gradient count:1024"
"2019-08-24 12:03:58,720 - hetero_ne_host.py[line:102] - INFO: Local batch data count:1024"
"2019-08-24 12:04:04,912 - hetero_ne_host.py[line:115] - INFO: gradient count:1024"
"2019-08-24 12:04:04,917 - hetero_ne_host.py[line:102] - INFO: Local batch data count:1024"
"2019-08-24 12:04:11,766 - hetero_ne_host.py[line:115] - INFO: gradient count:1024"
"2019-08-24 12:04:11,770 - hetero_ne_host.py[line:102] - INFO: Local batch data count:1024"
"2019-08-24 12:04:18,408 - hetero_ne_host.py[line:115] - INFO: gradient count:1024"
"2019-08-24 12:04:18,412 - hetero_ne_host.py[line:102] - INFO: Local batch data count:1024"
"2019-08-24 12:04:24,784 - hetero_ne_host.py[line:115] - INFO: gradient count:1024"
"2019-08-24 12:04:24,789 - hetero_ne_host.py[line:102] - INFO: Local batch data count:1024"
"2019-08-24 12:04:31,205 - hetero_ne_host.py[line:115] - INFO: gradient count:1024"
"2019-08-24 12:04:31,209 - hetero_ne_host.py[line:102] - INFO: Local batch data count:1024"
"2019-08-24 12:04:36,898 - hetero_ne_host.py[line:115] - INFO: gradient count:1024"
"2019-08-24 12:04:36,902 - hetero_ne_host.py[line:102] - INFO: Local batch data count:1024"
"2019-08-24 12:04:43,095 - hetero_ne_host.py[line:115] - INFO: gradient count:1024"
"2019-08-24 12:04:43,100 - hetero_ne_host.py[line:102] - INFO: Local batch data count:1024"
"2019-08-24 12:04:49,297 - hetero_ne_host.py[line:115] - INFO: gradient count:1024"
"2019-08-24 12:04:49,302 - hetero_ne_host.py[line:102] - INFO: Local batch data count:1024"
"2019-08-24 12:04:55,792 - hetero_ne_host.py[line:115] - INFO: gradient count:1024"
"2019-08-24 12:04:55,797 - hetero_ne_host.py[line:102] - INFO: Local batch data count:638"
"2019-08-24 12:05:03,378 - hetero_ne_host.py[line:115] - INFO: gradient count:638"
"2019-08-24 12:05:04,000 - hetero_ne_host.py[line:139] - INFO: Iter 1, Local loss: 1.4950381730785391"
"2019-08-24 12:05:04,000 - hetero_ne_host.py[line:146] - INFO: batch:0"
"2019-08-24 12:05:04,001 - hetero_ne_host.py[line:172] - INFO: batch_data_inst size:1024"
"2019-08-24 12:05:23,937 - hetero_ne_host.py[line:187] - INFO: Remote host_forward to guest"
"2019-08-24 12:05:26,147 - hetero_ne_host.py[line:197] - INFO: Get optim_host_gradient from arbiter"
"2019-08-24 12:05:26,389 - hetero_ne_host.py[line:200] - INFO: update_model"
"2019-08-24 12:05:26,516 - hetero_ne_host.py[line:146] - INFO: batch:1"
"2019-08-24 12:05:26,517 - hetero_ne_host.py[line:172] - INFO: batch_data_inst size:1024"
"2019-08-24 12:05:43,348 - hetero_ne_host.py[line:187] - INFO: Remote host_forward to guest"
"2019-08-24 12:05:46,562 - hetero_ne_host.py[line:197] - INFO: Get optim_host_gradient from arbiter"
"2019-08-24 12:05:46,981 - hetero_ne_host.py[line:200] - INFO: update_model"
"2019-08-24 12:05:47,120 - hetero_ne_host.py[line:146] - INFO: batch:2"
"2019-08-24 12:05:47,120 - hetero_ne_host.py[line:172] - INFO: batch_data_inst size:1024"
"2019-08-24 12:06:05,825 - hetero_ne_host.py[line:187] - INFO: Remote host_forward to guest"
"2019-08-24 12:06:08,141 - hetero_ne_host.py[line:197] - INFO: Get optim_host_gradient from arbiter"
"2019-08-24 12:06:08,409 - hetero_ne_host.py[line:200] - INFO: update_model"
"2019-08-24 12:06:08,611 - hetero_ne_host.py[line:146] - INFO: batch:3"
"2019-08-24 12:06:08,611 - hetero_ne_host.py[line:172] - INFO: batch_data_inst size:1024"
"2019-08-24 12:06:27,856 - hetero_ne_host.py[line:187] - INFO: Remote host_forward to guest"
"2019-08-24 12:06:30,473 - hetero_ne_host.py[line:197] - INFO: Get optim_host_gradient from arbiter"
"2019-08-24 12:06:30,641 - hetero_ne_host.py[line:200] - INFO: update_model"
"2019-08-24 12:06:30,769 - hetero_ne_host.py[line:146] - INFO: batch:4"
"2019-08-24 12:06:30,775 - hetero_ne_host.py[line:172] - INFO: batch_data_inst size:344"
"2019-08-24 12:06:38,229 - hetero_ne_host.py[line:187] - INFO: Remote host_forward to guest"
"2019-08-24 12:06:40,841 - hetero_ne_host.py[line:197] - INFO: Get optim_host_gradient from arbiter"
"2019-08-24 12:06:40,997 - hetero_ne_host.py[line:200] - INFO: update_model"
"2019-08-24 12:06:42,574 - hetero_ne_host.py[line:244] - INFO: Get is_stop flag from arbiter:False"
"2019-08-24 12:06:42,574 - hetero_ne_host.py[line:93] - INFO: iter: 2"
"2019-08-24 12:06:42,574 - hetero_ne_host.py[line:99] - INFO: Horizontally learning"
"2019-08-24 12:06:42,580 - hetero_ne_host.py[line:102] - INFO: Local batch data count:1024"
"2019-08-24 12:06:50,002 - hetero_ne_host.py[line:115] - INFO: gradient count:1024"
"2019-08-24 12:06:50,018 - hetero_ne_host.py[line:102] - INFO: Local batch data count:1024"
"2019-08-24 12:06:55,825 - hetero_ne_host.py[line:115] - INFO: gradient count:1024"
"2019-08-24 12:06:55,830 - hetero_ne_host.py[line:102] - INFO: Local batch data count:1024"
"2019-08-24 12:07:01,129 - hetero_ne_host.py[line:115] - INFO: gradient count:1024"
"2019-08-24 12:07:01,134 - hetero_ne_host.py[line:102] - INFO: Local batch data count:1024"
"2019-08-24 12:07:06,772 - hetero_ne_host.py[line:115] - INFO: gradient count:1024"
"2019-08-24 12:07:06,778 - hetero_ne_host.py[line:102] - INFO: Local batch data count:1024"
"2019-08-24 12:07:13,283 - hetero_ne_host.py[line:115] - INFO: gradient count:1024"
"2019-08-24 12:07:13,288 - hetero_ne_host.py[line:102] - INFO: Local batch data count:1024"
"2019-08-24 12:07:19,711 - hetero_ne_host.py[line:115] - INFO: gradient count:1024"
"2019-08-24 12:07:19,716 - hetero_ne_host.py[line:102] - INFO: Local batch data count:1024"
"2019-08-24 12:07:27,906 - hetero_ne_host.py[line:115] - INFO: gradient count:1024"
"2019-08-24 12:07:27,912 - hetero_ne_host.py[line:102] - INFO: Local batch data count:1024"
"2019-08-24 12:07:35,179 - hetero_ne_host.py[line:115] - INFO: gradient count:1024"
"2019-08-24 12:07:35,184 - hetero_ne_host.py[line:102] - INFO: Local batch data count:1024"
"2019-08-24 12:07:42,082 - hetero_ne_host.py[line:115] - INFO: gradient count:1024"
"2019-08-24 12:07:42,086 - hetero_ne_host.py[line:102] - INFO: Local batch data count:1024"
"2019-08-24 12:07:49,552 - hetero_ne_host.py[line:115] - INFO: gradient count:1024"
"2019-08-24 12:07:49,556 - hetero_ne_host.py[line:102] - INFO: Local batch data count:1024"
"2019-08-24 12:07:55,412 - hetero_ne_host.py[line:115] - INFO: gradient count:1024"
"2019-08-24 12:07:55,418 - hetero_ne_host.py[line:102] - INFO: Local batch data count:1024"
"2019-08-24 12:08:01,359 - hetero_ne_host.py[line:115] - INFO: gradient count:1024"
"2019-08-24 12:08:01,364 - hetero_ne_host.py[line:102] - INFO: Local batch data count:1024"
"2019-08-24 12:08:06,860 - hetero_ne_host.py[line:115] - INFO: gradient count:1024"
"2019-08-24 12:08:06,865 - hetero_ne_host.py[line:102] - INFO: Local batch data count:1024"
"2019-08-24 12:08:12,885 - hetero_ne_host.py[line:115] - INFO: gradient count:1024"
"2019-08-24 12:08:12,889 - hetero_ne_host.py[line:102] - INFO: Local batch data count:1024"
"2019-08-24 12:08:19,896 - hetero_ne_host.py[line:115] - INFO: gradient count:1024"
"2019-08-24 12:08:20,022 - hetero_ne_host.py[line:102] - INFO: Local batch data count:1024"
"2019-08-24 12:08:26,392 - hetero_ne_host.py[line:115] - INFO: gradient count:1024"
"2019-08-24 12:08:26,396 - hetero_ne_host.py[line:102] - INFO: Local batch data count:1024"
"2019-08-24 12:08:32,911 - hetero_ne_host.py[line:115] - INFO: gradient count:1024"
"2019-08-24 12:08:32,917 - hetero_ne_host.py[line:102] - INFO: Local batch data count:1024"
"2019-08-24 12:08:39,074 - hetero_ne_host.py[line:115] - INFO: gradient count:1024"
"2019-08-24 12:08:39,079 - hetero_ne_host.py[line:102] - INFO: Local batch data count:1024"
"2019-08-24 12:08:45,940 - hetero_ne_host.py[line:115] - INFO: gradient count:1024"
"2019-08-24 12:08:45,946 - hetero_ne_host.py[line:102] - INFO: Local batch data count:638"
"2019-08-24 12:08:52,616 - hetero_ne_host.py[line:115] - INFO: gradient count:638"
"2019-08-24 12:08:53,249 - hetero_ne_host.py[line:139] - INFO: Iter 2, Local loss: 1.481705359691725"
"2019-08-24 12:08:53,250 - hetero_ne_host.py[line:146] - INFO: batch:0"
"2019-08-24 12:08:53,250 - hetero_ne_host.py[line:172] - INFO: batch_data_inst size:1024"
"2019-08-24 12:09:13,770 - hetero_ne_host.py[line:187] - INFO: Remote host_forward to guest"
"2019-08-24 12:09:16,395 - hetero_ne_host.py[line:197] - INFO: Get optim_host_gradient from arbiter"
"2019-08-24 12:09:16,781 - hetero_ne_host.py[line:200] - INFO: update_model"
"2019-08-24 12:09:16,937 - hetero_ne_host.py[line:146] - INFO: batch:1"
"2019-08-24 12:09:16,937 - hetero_ne_host.py[line:172] - INFO: batch_data_inst size:1024"
"2019-08-24 12:09:34,559 - hetero_ne_host.py[line:187] - INFO: Remote host_forward to guest"
"2019-08-24 12:09:36,887 - hetero_ne_host.py[line:197] - INFO: Get optim_host_gradient from arbiter"
"2019-08-24 12:09:37,192 - hetero_ne_host.py[line:200] - INFO: update_model"
"2019-08-24 12:09:37,344 - hetero_ne_host.py[line:146] - INFO: batch:2"
"2019-08-24 12:09:37,345 - hetero_ne_host.py[line:172] - INFO: batch_data_inst size:1024"
"2019-08-24 12:09:54,794 - hetero_ne_host.py[line:187] - INFO: Remote host_forward to guest"
"2019-08-24 12:09:57,605 - hetero_ne_host.py[line:197] - INFO: Get optim_host_gradient from arbiter"
"2019-08-24 12:09:57,757 - hetero_ne_host.py[line:200] - INFO: update_model"
"2019-08-24 12:09:58,038 - hetero_ne_host.py[line:146] - INFO: batch:3"
"2019-08-24 12:09:58,038 - hetero_ne_host.py[line:172] - INFO: batch_data_inst size:1024"
"2019-08-24 12:10:16,333 - hetero_ne_host.py[line:187] - INFO: Remote host_forward to guest"
"2019-08-24 12:10:18,944 - hetero_ne_host.py[line:197] - INFO: Get optim_host_gradient from arbiter"
"2019-08-24 12:10:19,076 - hetero_ne_host.py[line:200] - INFO: update_model"
"2019-08-24 12:10:19,222 - hetero_ne_host.py[line:146] - INFO: batch:4"
"2019-08-24 12:10:19,223 - hetero_ne_host.py[line:172] - INFO: batch_data_inst size:344"
"2019-08-24 12:10:27,059 - hetero_ne_host.py[line:187] - INFO: Remote host_forward to guest"
"2019-08-24 12:10:29,279 - hetero_ne_host.py[line:197] - INFO: Get optim_host_gradient from arbiter"
"2019-08-24 12:10:29,420 - hetero_ne_host.py[line:200] - INFO: update_model"
"2019-08-24 12:10:30,916 - hetero_ne_host.py[line:244] - INFO: Get is_stop flag from arbiter:False"
"2019-08-24 12:10:30,916 - hetero_ne_host.py[line:93] - INFO: iter: 3"
"2019-08-24 12:10:30,916 - hetero_ne_host.py[line:99] - INFO: Horizontally learning"
"2019-08-24 12:10:30,922 - hetero_ne_host.py[line:102] - INFO: Local batch data count:1024"
"2019-08-24 12:10:36,608 - hetero_ne_host.py[line:115] - INFO: gradient count:1024"
"2019-08-24 12:10:36,615 - hetero_ne_host.py[line:102] - INFO: Local batch data count:1024"
"2019-08-24 12:10:42,531 - hetero_ne_host.py[line:115] - INFO: gradient count:1024"
"2019-08-24 12:10:42,536 - hetero_ne_host.py[line:102] - INFO: Local batch data count:1024"
"2019-08-24 12:10:48,130 - hetero_ne_host.py[line:115] - INFO: gradient count:1024"
"2019-08-24 12:10:48,135 - hetero_ne_host.py[line:102] - INFO: Local batch data count:1024"
"2019-08-24 12:10:53,337 - hetero_ne_host.py[line:115] - INFO: gradient count:1024"
"2019-08-24 12:10:53,342 - hetero_ne_host.py[line:102] - INFO: Local batch data count:1024"
"2019-08-24 12:10:58,722 - hetero_ne_host.py[line:115] - INFO: gradient count:1024"
"2019-08-24 12:10:58,727 - hetero_ne_host.py[line:102] - INFO: Local batch data count:1024"
"2019-08-24 12:11:04,393 - hetero_ne_host.py[line:115] - INFO: gradient count:1024"
"2019-08-24 12:11:04,398 - hetero_ne_host.py[line:102] - INFO: Local batch data count:1024"
"2019-08-24 12:11:11,601 - hetero_ne_host.py[line:115] - INFO: gradient count:1024"
"2019-08-24 12:11:11,607 - hetero_ne_host.py[line:102] - INFO: Local batch data count:1024"
"2019-08-24 12:11:18,589 - hetero_ne_host.py[line:115] - INFO: gradient count:1024"
"2019-08-24 12:11:18,594 - hetero_ne_host.py[line:102] - INFO: Local batch data count:1024"
"2019-08-24 12:11:25,000 - hetero_ne_host.py[line:115] - INFO: gradient count:1024"
"2019-08-24 12:11:25,006 - hetero_ne_host.py[line:102] - INFO: Local batch data count:1024"
"2019-08-24 12:11:31,078 - hetero_ne_host.py[line:115] - INFO: gradient count:1024"
"2019-08-24 12:11:31,083 - hetero_ne_host.py[line:102] - INFO: Local batch data count:1024"
"2019-08-24 12:11:38,278 - hetero_ne_host.py[line:115] - INFO: gradient count:1024"
"2019-08-24 12:11:38,283 - hetero_ne_host.py[line:102] - INFO: Local batch data count:1024"
"2019-08-24 12:11:45,352 - hetero_ne_host.py[line:115] - INFO: gradient count:1024"
"2019-08-24 12:11:45,357 - hetero_ne_host.py[line:102] - INFO: Local batch data count:1024"
"2019-08-24 12:11:52,623 - hetero_ne_host.py[line:115] - INFO: gradient count:1024"
"2019-08-24 12:11:52,627 - hetero_ne_host.py[line:102] - INFO: Local batch data count:1024"
"2019-08-24 12:12:00,001 - hetero_ne_host.py[line:115] - INFO: gradient count:1024"
"2019-08-24 12:12:00,007 - hetero_ne_host.py[line:102] - INFO: Local batch data count:1024"
"2019-08-24 12:12:07,302 - hetero_ne_host.py[line:115] - INFO: gradient count:1024"
"2019-08-24 12:12:07,307 - hetero_ne_host.py[line:102] - INFO: Local batch data count:1024"
"2019-08-24 12:12:14,645 - hetero_ne_host.py[line:115] - INFO: gradient count:1024"
"2019-08-24 12:12:14,650 - hetero_ne_host.py[line:102] - INFO: Local batch data count:1024"
"2019-08-24 12:12:21,435 - hetero_ne_host.py[line:115] - INFO: gradient count:1024"
"2019-08-24 12:12:21,440 - hetero_ne_host.py[line:102] - INFO: Local batch data count:1024"
"2019-08-24 12:12:29,403 - hetero_ne_host.py[line:115] - INFO: gradient count:1024"
"2019-08-24 12:12:29,408 - hetero_ne_host.py[line:102] - INFO: Local batch data count:1024"
"2019-08-24 12:12:36,867 - hetero_ne_host.py[line:115] - INFO: gradient count:1024"
"2019-08-24 12:12:36,871 - hetero_ne_host.py[line:102] - INFO: Local batch data count:638"
"2019-08-24 12:12:44,142 - hetero_ne_host.py[line:115] - INFO: gradient count:638"
"2019-08-24 12:12:45,392 - hetero_ne_host.py[line:139] - INFO: Iter 3, Local loss: 1.4702582201591419"
"2019-08-24 12:12:45,392 - hetero_ne_host.py[line:146] - INFO: batch:0"
"2019-08-24 12:12:45,393 - hetero_ne_host.py[line:172] - INFO: batch_data_inst size:1024"
"2019-08-24 12:13:02,884 - hetero_ne_host.py[line:187] - INFO: Remote host_forward to guest"
"2019-08-24 12:13:06,613 - hetero_ne_host.py[line:197] - INFO: Get optim_host_gradient from arbiter"
"2019-08-24 12:13:06,793 - hetero_ne_host.py[line:200] - INFO: update_model"
"2019-08-24 12:13:06,971 - hetero_ne_host.py[line:146] - INFO: batch:1"
"2019-08-24 12:13:06,972 - hetero_ne_host.py[line:172] - INFO: batch_data_inst size:1024"
"2019-08-24 12:13:24,487 - hetero_ne_host.py[line:187] - INFO: Remote host_forward to guest"
"2019-08-24 12:13:28,304 - hetero_ne_host.py[line:197] - INFO: Get optim_host_gradient from arbiter"
"2019-08-24 12:13:28,482 - hetero_ne_host.py[line:200] - INFO: update_model"
"2019-08-24 12:13:28,616 - hetero_ne_host.py[line:146] - INFO: batch:2"
"2019-08-24 12:13:28,617 - hetero_ne_host.py[line:172] - INFO: batch_data_inst size:1024"
"2019-08-24 12:13:45,280 - hetero_ne_host.py[line:187] - INFO: Remote host_forward to guest"
"2019-08-24 12:13:48,503 - hetero_ne_host.py[line:197] - INFO: Get optim_host_gradient from arbiter"
"2019-08-24 12:13:48,784 - hetero_ne_host.py[line:200] - INFO: update_model"
"2019-08-24 12:13:48,922 - hetero_ne_host.py[line:146] - INFO: batch:3"
"2019-08-24 12:13:48,923 - hetero_ne_host.py[line:172] - INFO: batch_data_inst size:1024"
"2019-08-24 12:14:05,988 - hetero_ne_host.py[line:187] - INFO: Remote host_forward to guest"
"2019-08-24 12:14:09,302 - hetero_ne_host.py[line:197] - INFO: Get optim_host_gradient from arbiter"
"2019-08-24 12:14:09,536 - hetero_ne_host.py[line:200] - INFO: update_model"
"2019-08-24 12:14:09,666 - hetero_ne_host.py[line:146] - INFO: batch:4"
"2019-08-24 12:14:09,666 - hetero_ne_host.py[line:172] - INFO: batch_data_inst size:344"
"2019-08-24 12:14:16,489 - hetero_ne_host.py[line:187] - INFO: Remote host_forward to guest"
"2019-08-24 12:14:19,001 - hetero_ne_host.py[line:197] - INFO: Get optim_host_gradient from arbiter"
"2019-08-24 12:14:19,147 - hetero_ne_host.py[line:200] - INFO: update_model"
"2019-08-24 12:14:20,655 - hetero_ne_host.py[line:244] - INFO: Get is_stop flag from arbiter:False"
"2019-08-24 12:14:20,655 - hetero_ne_host.py[line:93] - INFO: iter: 4"
"2019-08-24 12:14:20,656 - hetero_ne_host.py[line:99] - INFO: Horizontally learning"
"2019-08-24 12:14:20,662 - hetero_ne_host.py[line:102] - INFO: Local batch data count:1024"
"2019-08-24 12:14:26,285 - hetero_ne_host.py[line:115] - INFO: gradient count:1024"
"2019-08-24 12:14:26,291 - hetero_ne_host.py[line:102] - INFO: Local batch data count:1024"
"2019-08-24 12:14:32,088 - hetero_ne_host.py[line:115] - INFO: gradient count:1024"
"2019-08-24 12:14:32,093 - hetero_ne_host.py[line:102] - INFO: Local batch data count:1024"
"2019-08-24 12:14:38,550 - hetero_ne_host.py[line:115] - INFO: gradient count:1024"
"2019-08-24 12:14:38,555 - hetero_ne_host.py[line:102] - INFO: Local batch data count:1024"
"2019-08-24 12:14:44,520 - hetero_ne_host.py[line:115] - INFO: gradient count:1024"
"2019-08-24 12:14:44,526 - hetero_ne_host.py[line:102] - INFO: Local batch data count:1024"
"2019-08-24 12:14:49,632 - hetero_ne_host.py[line:115] - INFO: gradient count:1024"
"2019-08-24 12:14:49,637 - hetero_ne_host.py[line:102] - INFO: Local batch data count:1024"
"2019-08-24 12:14:55,586 - hetero_ne_host.py[line:115] - INFO: gradient count:1024"
"2019-08-24 12:14:55,592 - hetero_ne_host.py[line:102] - INFO: Local batch data count:1024"
"2019-08-24 12:15:01,548 - hetero_ne_host.py[line:115] - INFO: gradient count:1024"
"2019-08-24 12:15:01,553 - hetero_ne_host.py[line:102] - INFO: Local batch data count:1024"
"2019-08-24 12:15:08,160 - hetero_ne_host.py[line:115] - INFO: gradient count:1024"
"2019-08-24 12:15:08,165 - hetero_ne_host.py[line:102] - INFO: Local batch data count:1024"
"2019-08-24 12:15:15,234 - hetero_ne_host.py[line:115] - INFO: gradient count:1024"
"2019-08-24 12:15:15,240 - hetero_ne_host.py[line:102] - INFO: Local batch data count:1024"
"2019-08-24 12:15:21,780 - hetero_ne_host.py[line:115] - INFO: gradient count:1024"
"2019-08-24 12:15:21,785 - hetero_ne_host.py[line:102] - INFO: Local batch data count:1024"
"2019-08-24 12:15:27,889 - hetero_ne_host.py[line:115] - INFO: gradient count:1024"
"2019-08-24 12:15:27,895 - hetero_ne_host.py[line:102] - INFO: Local batch data count:1024"
"2019-08-24 12:15:34,409 - hetero_ne_host.py[line:115] - INFO: gradient count:1024"
"2019-08-24 12:15:34,414 - hetero_ne_host.py[line:102] - INFO: Local batch data count:1024"
"2019-08-24 12:15:40,404 - hetero_ne_host.py[line:115] - INFO: gradient count:1024"
"2019-08-24 12:15:40,410 - hetero_ne_host.py[line:102] - INFO: Local batch data count:1024"
"2019-08-24 12:15:47,950 - hetero_ne_host.py[line:115] - INFO: gradient count:1024"
"2019-08-24 12:15:47,955 - hetero_ne_host.py[line:102] - INFO: Local batch data count:1024"
"2019-08-24 12:15:54,650 - hetero_ne_host.py[line:115] - INFO: gradient count:1024"
"2019-08-24 12:15:54,655 - hetero_ne_host.py[line:102] - INFO: Local batch data count:1024"
"2019-08-24 12:16:01,500 - hetero_ne_host.py[line:115] - INFO: gradient count:1024"
"2019-08-24 12:16:01,505 - hetero_ne_host.py[line:102] - INFO: Local batch data count:1024"
"2019-08-24 12:16:08,130 - hetero_ne_host.py[line:115] - INFO: gradient count:1024"
"2019-08-24 12:16:08,135 - hetero_ne_host.py[line:102] - INFO: Local batch data count:1024"
"2019-08-24 12:16:14,967 - hetero_ne_host.py[line:115] - INFO: gradient count:1024"
"2019-08-24 12:16:14,974 - hetero_ne_host.py[line:102] - INFO: Local batch data count:1024"
"2019-08-24 12:16:22,336 - hetero_ne_host.py[line:115] - INFO: gradient count:1024"
"2019-08-24 12:16:22,341 - hetero_ne_host.py[line:102] - INFO: Local batch data count:638"
"2019-08-24 12:16:28,271 - hetero_ne_host.py[line:115] - INFO: gradient count:638"
"2019-08-24 12:16:28,892 - hetero_ne_host.py[line:139] - INFO: Iter 4, Local loss: 1.4602666816547478"
"2019-08-24 12:16:28,892 - hetero_ne_host.py[line:146] - INFO: batch:0"
"2019-08-24 12:16:28,893 - hetero_ne_host.py[line:172] - INFO: batch_data_inst size:1024"
"2019-08-24 12:16:47,163 - hetero_ne_host.py[line:187] - INFO: Remote host_forward to guest"
"2019-08-24 12:16:50,376 - hetero_ne_host.py[line:197] - INFO: Get optim_host_gradient from arbiter"
"2019-08-24 12:16:50,562 - hetero_ne_host.py[line:200] - INFO: update_model"
"2019-08-24 12:16:50,740 - hetero_ne_host.py[line:146] - INFO: batch:1"
"2019-08-24 12:16:50,741 - hetero_ne_host.py[line:172] - INFO: batch_data_inst size:1024"
"2019-08-24 12:17:09,142 - hetero_ne_host.py[line:187] - INFO: Remote host_forward to guest"
"2019-08-24 12:17:11,955 - hetero_ne_host.py[line:197] - INFO: Get optim_host_gradient from arbiter"
"2019-08-24 12:17:12,120 - hetero_ne_host.py[line:200] - INFO: update_model"
"2019-08-24 12:17:12,384 - hetero_ne_host.py[line:146] - INFO: batch:2"
"2019-08-24 12:17:12,385 - hetero_ne_host.py[line:172] - INFO: batch_data_inst size:1024"
"2019-08-24 12:17:30,362 - hetero_ne_host.py[line:187] - INFO: Remote host_forward to guest"
"2019-08-24 12:17:33,885 - hetero_ne_host.py[line:197] - INFO: Get optim_host_gradient from arbiter"
"2019-08-24 12:17:34,213 - hetero_ne_host.py[line:200] - INFO: update_model"
"2019-08-24 12:17:34,382 - hetero_ne_host.py[line:146] - INFO: batch:3"
"2019-08-24 12:17:34,382 - hetero_ne_host.py[line:172] - INFO: batch_data_inst size:1024"
"2019-08-24 12:17:52,103 - hetero_ne_host.py[line:187] - INFO: Remote host_forward to guest"
"2019-08-24 12:17:54,517 - hetero_ne_host.py[line:197] - INFO: Get optim_host_gradient from arbiter"
"2019-08-24 12:17:55,015 - hetero_ne_host.py[line:200] - INFO: update_model"
"2019-08-24 12:17:55,171 - hetero_ne_host.py[line:146] - INFO: batch:4"
"2019-08-24 12:17:55,172 - hetero_ne_host.py[line:172] - INFO: batch_data_inst size:344"
"2019-08-24 12:18:01,859 - hetero_ne_host.py[line:187] - INFO: Remote host_forward to guest"
"2019-08-24 12:18:05,984 - hetero_ne_host.py[line:197] - INFO: Get optim_host_gradient from arbiter"
"2019-08-24 12:18:06,129 - hetero_ne_host.py[line:200] - INFO: update_model"
"2019-08-24 12:18:07,825 - hetero_ne_host.py[line:244] - INFO: Get is_stop flag from arbiter:False"
"2019-08-24 12:18:07,825 - hetero_ne_host.py[line:93] - INFO: iter: 5"
"2019-08-24 12:18:07,825 - hetero_ne_host.py[line:99] - INFO: Horizontally learning"
"2019-08-24 12:18:07,849 - hetero_ne_host.py[line:102] - INFO: Local batch data count:1024"
"2019-08-24 12:18:13,685 - hetero_ne_host.py[line:115] - INFO: gradient count:1024"
"2019-08-24 12:18:13,691 - hetero_ne_host.py[line:102] - INFO: Local batch data count:1024"
"2019-08-24 12:18:18,855 - hetero_ne_host.py[line:115] - INFO: gradient count:1024"
"2019-08-24 12:18:18,860 - hetero_ne_host.py[line:102] - INFO: Local batch data count:1024"
"2019-08-24 12:18:24,374 - hetero_ne_host.py[line:115] - INFO: gradient count:1024"
"2019-08-24 12:18:24,379 - hetero_ne_host.py[line:102] - INFO: Local batch data count:1024"
"2019-08-24 12:18:29,512 - hetero_ne_host.py[line:115] - INFO: gradient count:1024"
"2019-08-24 12:18:29,517 - hetero_ne_host.py[line:102] - INFO: Local batch data count:1024"
"2019-08-24 12:18:35,477 - hetero_ne_host.py[line:115] - INFO: gradient count:1024"
"2019-08-24 12:18:35,482 - hetero_ne_host.py[line:102] - INFO: Local batch data count:1024"
"2019-08-24 12:18:41,106 - hetero_ne_host.py[line:115] - INFO: gradient count:1024"
"2019-08-24 12:18:41,110 - hetero_ne_host.py[line:102] - INFO: Local batch data count:1024"
"2019-08-24 12:18:47,448 - hetero_ne_host.py[line:115] - INFO: gradient count:1024"
"2019-08-24 12:18:47,453 - hetero_ne_host.py[line:102] - INFO: Local batch data count:1024"
"2019-08-24 12:18:54,224 - hetero_ne_host.py[line:115] - INFO: gradient count:1024"
"2019-08-24 12:18:54,229 - hetero_ne_host.py[line:102] - INFO: Local batch data count:1024"
"2019-08-24 12:19:01,459 - hetero_ne_host.py[line:115] - INFO: gradient count:1024"
"2019-08-24 12:19:01,464 - hetero_ne_host.py[line:102] - INFO: Local batch data count:1024"
"2019-08-24 12:19:08,957 - hetero_ne_host.py[line:115] - INFO: gradient count:1024"
"2019-08-24 12:19:08,962 - hetero_ne_host.py[line:102] - INFO: Local batch data count:1024"
"2019-08-24 12:19:15,618 - hetero_ne_host.py[line:115] - INFO: gradient count:1024"
"2019-08-24 12:19:15,622 - hetero_ne_host.py[line:102] - INFO: Local batch data count:1024"
"2019-08-24 12:19:22,572 - hetero_ne_host.py[line:115] - INFO: gradient count:1024"
"2019-08-24 12:19:22,577 - hetero_ne_host.py[line:102] - INFO: Local batch data count:1024"
"2019-08-24 12:19:29,168 - hetero_ne_host.py[line:115] - INFO: gradient count:1024"
"2019-08-24 12:19:29,172 - hetero_ne_host.py[line:102] - INFO: Local batch data count:1024"
"2019-08-24 12:19:36,243 - hetero_ne_host.py[line:115] - INFO: gradient count:1024"
"2019-08-24 12:19:36,247 - hetero_ne_host.py[line:102] - INFO: Local batch data count:1024"
"2019-08-24 12:19:43,531 - hetero_ne_host.py[line:115] - INFO: gradient count:1024"
"2019-08-24 12:19:43,535 - hetero_ne_host.py[line:102] - INFO: Local batch data count:1024"
"2019-08-24 12:19:50,620 - hetero_ne_host.py[line:115] - INFO: gradient count:1024"
"2019-08-24 12:19:50,624 - hetero_ne_host.py[line:102] - INFO: Local batch data count:1024"
"2019-08-24 12:19:56,964 - hetero_ne_host.py[line:115] - INFO: gradient count:1024"
"2019-08-24 12:19:56,969 - hetero_ne_host.py[line:102] - INFO: Local batch data count:1024"
"2019-08-24 12:20:02,904 - hetero_ne_host.py[line:115] - INFO: gradient count:1024"
"2019-08-24 12:20:02,909 - hetero_ne_host.py[line:102] - INFO: Local batch data count:1024"
"2019-08-24 12:20:09,070 - hetero_ne_host.py[line:115] - INFO: gradient count:1024"
"2019-08-24 12:20:09,075 - hetero_ne_host.py[line:102] - INFO: Local batch data count:638"
"2019-08-24 12:20:16,264 - hetero_ne_host.py[line:115] - INFO: gradient count:638"
"2019-08-24 12:20:17,252 - hetero_ne_host.py[line:139] - INFO: Iter 5, Local loss: 1.451417733409424"
"2019-08-24 12:20:17,252 - hetero_ne_host.py[line:146] - INFO: batch:0"
"2019-08-24 12:20:17,253 - hetero_ne_host.py[line:172] - INFO: batch_data_inst size:1024"
"2019-08-24 12:20:34,477 - hetero_ne_host.py[line:187] - INFO: Remote host_forward to guest"
"2019-08-24 12:20:38,103 - hetero_ne_host.py[line:197] - INFO: Get optim_host_gradient from arbiter"
"2019-08-24 12:20:38,395 - hetero_ne_host.py[line:200] - INFO: update_model"
"2019-08-24 12:20:38,544 - hetero_ne_host.py[line:146] - INFO: batch:1"
"2019-08-24 12:20:38,545 - hetero_ne_host.py[line:172] - INFO: batch_data_inst size:1024"
"2019-08-24 12:20:55,203 - hetero_ne_host.py[line:187] - INFO: Remote host_forward to guest"
"2019-08-24 12:20:58,621 - hetero_ne_host.py[line:197] - INFO: Get optim_host_gradient from arbiter"
"2019-08-24 12:20:58,842 - hetero_ne_host.py[line:200] - INFO: update_model"
"2019-08-24 12:20:59,036 - hetero_ne_host.py[line:146] - INFO: batch:2"
"2019-08-24 12:20:59,040 - hetero_ne_host.py[line:172] - INFO: batch_data_inst size:1024"
"2019-08-24 12:21:16,999 - hetero_ne_host.py[line:187] - INFO: Remote host_forward to guest"
"2019-08-24 12:21:19,511 - hetero_ne_host.py[line:197] - INFO: Get optim_host_gradient from arbiter"
"2019-08-24 12:21:19,756 - hetero_ne_host.py[line:200] - INFO: update_model"
"2019-08-24 12:21:19,894 - hetero_ne_host.py[line:146] - INFO: batch:3"
"2019-08-24 12:21:19,895 - hetero_ne_host.py[line:172] - INFO: batch_data_inst size:1024"
"2019-08-24 12:21:37,816 - hetero_ne_host.py[line:187] - INFO: Remote host_forward to guest"
"2019-08-24 12:21:40,535 - hetero_ne_host.py[line:197] - INFO: Get optim_host_gradient from arbiter"
"2019-08-24 12:21:40,932 - hetero_ne_host.py[line:200] - INFO: update_model"
"2019-08-24 12:21:41,068 - hetero_ne_host.py[line:146] - INFO: batch:4"
"2019-08-24 12:21:41,069 - hetero_ne_host.py[line:172] - INFO: batch_data_inst size:344"
"2019-08-24 12:21:48,544 - hetero_ne_host.py[line:187] - INFO: Remote host_forward to guest"
"2019-08-24 12:21:50,956 - hetero_ne_host.py[line:197] - INFO: Get optim_host_gradient from arbiter"
"2019-08-24 12:21:51,114 - hetero_ne_host.py[line:200] - INFO: update_model"
"2019-08-24 12:21:52,346 - hetero_ne_host.py[line:244] - INFO: Get is_stop flag from arbiter:False"
"2019-08-24 12:21:52,346 - hetero_ne_host.py[line:93] - INFO: iter: 6"
"2019-08-24 12:21:52,346 - hetero_ne_host.py[line:99] - INFO: Horizontally learning"
"2019-08-24 12:21:52,352 - hetero_ne_host.py[line:102] - INFO: Local batch data count:1024"
"2019-08-24 12:21:57,582 - hetero_ne_host.py[line:115] - INFO: gradient count:1024"
"2019-08-24 12:21:57,587 - hetero_ne_host.py[line:102] - INFO: Local batch data count:1024"
"2019-08-24 12:22:03,442 - hetero_ne_host.py[line:115] - INFO: gradient count:1024"
"2019-08-24 12:22:03,446 - hetero_ne_host.py[line:102] - INFO: Local batch data count:1024"
"2019-08-24 12:22:08,657 - hetero_ne_host.py[line:115] - INFO: gradient count:1024"
"2019-08-24 12:22:08,662 - hetero_ne_host.py[line:102] - INFO: Local batch data count:1024"
"2019-08-24 12:22:14,089 - hetero_ne_host.py[line:115] - INFO: gradient count:1024"
"2019-08-24 12:22:14,093 - hetero_ne_host.py[line:102] - INFO: Local batch data count:1024"
"2019-08-24 12:22:19,366 - hetero_ne_host.py[line:115] - INFO: gradient count:1024"
"2019-08-24 12:22:19,370 - hetero_ne_host.py[line:102] - INFO: Local batch data count:1024"
"2019-08-24 12:22:24,511 - hetero_ne_host.py[line:115] - INFO: gradient count:1024"
"2019-08-24 12:22:24,516 - hetero_ne_host.py[line:102] - INFO: Local batch data count:1024"
"2019-08-24 12:22:31,442 - hetero_ne_host.py[line:115] - INFO: gradient count:1024"
"2019-08-24 12:22:31,447 - hetero_ne_host.py[line:102] - INFO: Local batch data count:1024"
"2019-08-24 12:22:38,789 - hetero_ne_host.py[line:115] - INFO: gradient count:1024"
"2019-08-24 12:22:38,793 - hetero_ne_host.py[line:102] - INFO: Local batch data count:1024"
"2019-08-24 12:22:46,234 - hetero_ne_host.py[line:115] - INFO: gradient count:1024"
"2019-08-24 12:22:46,238 - hetero_ne_host.py[line:102] - INFO: Local batch data count:1024"
"2019-08-24 12:22:52,553 - hetero_ne_host.py[line:115] - INFO: gradient count:1024"
"2019-08-24 12:22:52,558 - hetero_ne_host.py[line:102] - INFO: Local batch data count:1024"
"2019-08-24 12:22:59,210 - hetero_ne_host.py[line:115] - INFO: gradient count:1024"
"2019-08-24 12:22:59,214 - hetero_ne_host.py[line:102] - INFO: Local batch data count:1024"
"2019-08-24 12:23:05,434 - hetero_ne_host.py[line:115] - INFO: gradient count:1024"
"2019-08-24 12:23:05,438 - hetero_ne_host.py[line:102] - INFO: Local batch data count:1024"
"2019-08-24 12:23:13,926 - hetero_ne_host.py[line:115] - INFO: gradient count:1024"
"2019-08-24 12:23:13,931 - hetero_ne_host.py[line:102] - INFO: Local batch data count:1024"
"2019-08-24 12:23:22,038 - hetero_ne_host.py[line:115] - INFO: gradient count:1024"
"2019-08-24 12:23:22,044 - hetero_ne_host.py[line:102] - INFO: Local batch data count:1024"
"2019-08-24 12:23:27,857 - hetero_ne_host.py[line:115] - INFO: gradient count:1024"
"2019-08-24 12:23:27,862 - hetero_ne_host.py[line:102] - INFO: Local batch data count:1024"
"2019-08-24 12:23:35,513 - hetero_ne_host.py[line:115] - INFO: gradient count:1024"
"2019-08-24 12:23:35,518 - hetero_ne_host.py[line:102] - INFO: Local batch data count:1024"
"2019-08-24 12:23:40,940 - hetero_ne_host.py[line:115] - INFO: gradient count:1024"
"2019-08-24 12:23:40,945 - hetero_ne_host.py[line:102] - INFO: Local batch data count:1024"
"2019-08-24 12:23:47,174 - hetero_ne_host.py[line:115] - INFO: gradient count:1024"
"2019-08-24 12:23:47,180 - hetero_ne_host.py[line:102] - INFO: Local batch data count:1024"
"2019-08-24 12:23:55,619 - hetero_ne_host.py[line:115] - INFO: gradient count:1024"
"2019-08-24 12:23:55,624 - hetero_ne_host.py[line:102] - INFO: Local batch data count:638"
"2019-08-24 12:24:01,000 - hetero_ne_host.py[line:115] - INFO: gradient count:638"
"2019-08-24 12:24:02,547 - hetero_ne_host.py[line:139] - INFO: Iter 6, Local loss: 1.443482224452564"
"2019-08-24 12:24:02,548 - hetero_ne_host.py[line:146] - INFO: batch:0"
"2019-08-24 12:24:02,548 - hetero_ne_host.py[line:172] - INFO: batch_data_inst size:1024"
"2019-08-24 12:24:21,014 - hetero_ne_host.py[line:187] - INFO: Remote host_forward to guest"
"2019-08-24 12:24:23,626 - hetero_ne_host.py[line:197] - INFO: Get optim_host_gradient from arbiter"
"2019-08-24 12:24:23,962 - hetero_ne_host.py[line:200] - INFO: update_model"
"2019-08-24 12:24:24,105 - hetero_ne_host.py[line:146] - INFO: batch:1"
"2019-08-24 12:24:24,106 - hetero_ne_host.py[line:172] - INFO: batch_data_inst size:1024"
"2019-08-24 12:24:41,181 - hetero_ne_host.py[line:187] - INFO: Remote host_forward to guest"
"2019-08-24 12:24:45,298 - hetero_ne_host.py[line:197] - INFO: Get optim_host_gradient from arbiter"
"2019-08-24 12:24:45,503 - hetero_ne_host.py[line:200] - INFO: update_model"
"2019-08-24 12:24:45,802 - hetero_ne_host.py[line:146] - INFO: batch:2"
"2019-08-24 12:24:45,802 - hetero_ne_host.py[line:172] - INFO: batch_data_inst size:1024"
"2019-08-24 12:25:03,439 - hetero_ne_host.py[line:187] - INFO: Remote host_forward to guest"
"2019-08-24 12:25:06,252 - hetero_ne_host.py[line:197] - INFO: Get optim_host_gradient from arbiter"
"2019-08-24 12:25:06,613 - hetero_ne_host.py[line:200] - INFO: update_model"
"2019-08-24 12:25:06,776 - hetero_ne_host.py[line:146] - INFO: batch:3"
"2019-08-24 12:25:06,777 - hetero_ne_host.py[line:172] - INFO: batch_data_inst size:1024"
"2019-08-24 12:25:24,889 - hetero_ne_host.py[line:187] - INFO: Remote host_forward to guest"
"2019-08-24 12:25:26,899 - hetero_ne_host.py[line:197] - INFO: Get optim_host_gradient from arbiter"
"2019-08-24 12:25:27,365 - hetero_ne_host.py[line:200] - INFO: update_model"
"2019-08-24 12:25:27,519 - hetero_ne_host.py[line:146] - INFO: batch:4"
"2019-08-24 12:25:27,520 - hetero_ne_host.py[line:172] - INFO: batch_data_inst size:344"
"2019-08-24 12:25:33,910 - hetero_ne_host.py[line:187] - INFO: Remote host_forward to guest"
"2019-08-24 12:25:36,824 - hetero_ne_host.py[line:197] - INFO: Get optim_host_gradient from arbiter"
"2019-08-24 12:25:36,989 - hetero_ne_host.py[line:200] - INFO: update_model"
"2019-08-24 12:25:38,415 - hetero_ne_host.py[line:244] - INFO: Get is_stop flag from arbiter:False"
"2019-08-24 12:25:38,415 - hetero_ne_host.py[line:93] - INFO: iter: 7"
"2019-08-24 12:25:38,415 - hetero_ne_host.py[line:99] - INFO: Horizontally learning"
"2019-08-24 12:25:38,421 - hetero_ne_host.py[line:102] - INFO: Local batch data count:1024"
"2019-08-24 12:25:43,721 - hetero_ne_host.py[line:115] - INFO: gradient count:1024"
"2019-08-24 12:25:43,726 - hetero_ne_host.py[line:102] - INFO: Local batch data count:1024"
"2019-08-24 12:25:49,688 - hetero_ne_host.py[line:115] - INFO: gradient count:1024"
"2019-08-24 12:25:49,693 - hetero_ne_host.py[line:102] - INFO: Local batch data count:1024"
"2019-08-24 12:25:55,401 - hetero_ne_host.py[line:115] - INFO: gradient count:1024"
"2019-08-24 12:25:55,405 - hetero_ne_host.py[line:102] - INFO: Local batch data count:1024"
"2019-08-24 12:26:00,180 - hetero_ne_host.py[line:115] - INFO: gradient count:1024"
"2019-08-24 12:26:00,184 - hetero_ne_host.py[line:102] - INFO: Local batch data count:1024"
"2019-08-24 12:26:05,364 - hetero_ne_host.py[line:115] - INFO: gradient count:1024"
"2019-08-24 12:26:05,369 - hetero_ne_host.py[line:102] - INFO: Local batch data count:1024"
"2019-08-24 12:26:10,356 - hetero_ne_host.py[line:115] - INFO: gradient count:1024"
"2019-08-24 12:26:10,360 - hetero_ne_host.py[line:102] - INFO: Local batch data count:1024"
"2019-08-24 12:26:15,826 - hetero_ne_host.py[line:115] - INFO: gradient count:1024"
"2019-08-24 12:26:15,830 - hetero_ne_host.py[line:102] - INFO: Local batch data count:1024"
"2019-08-24 12:26:22,067 - hetero_ne_host.py[line:115] - INFO: gradient count:1024"
"2019-08-24 12:26:22,071 - hetero_ne_host.py[line:102] - INFO: Local batch data count:1024"
"2019-08-24 12:26:28,546 - hetero_ne_host.py[line:115] - INFO: gradient count:1024"
"2019-08-24 12:26:28,550 - hetero_ne_host.py[line:102] - INFO: Local batch data count:1024"
"2019-08-24 12:26:35,629 - hetero_ne_host.py[line:115] - INFO: gradient count:1024"
"2019-08-24 12:26:35,633 - hetero_ne_host.py[line:102] - INFO: Local batch data count:1024"
"2019-08-24 12:26:42,691 - hetero_ne_host.py[line:115] - INFO: gradient count:1024"
"2019-08-24 12:26:42,696 - hetero_ne_host.py[line:102] - INFO: Local batch data count:1024"
"2019-08-24 12:26:49,478 - hetero_ne_host.py[line:115] - INFO: gradient count:1024"
"2019-08-24 12:26:49,483 - hetero_ne_host.py[line:102] - INFO: Local batch data count:1024"
"2019-08-24 12:26:56,243 - hetero_ne_host.py[line:115] - INFO: gradient count:1024"
"2019-08-24 12:26:56,248 - hetero_ne_host.py[line:102] - INFO: Local batch data count:1024"
"2019-08-24 12:27:02,781 - hetero_ne_host.py[line:115] - INFO: gradient count:1024"
"2019-08-24 12:27:02,786 - hetero_ne_host.py[line:102] - INFO: Local batch data count:1024"
"2019-08-24 12:27:10,310 - hetero_ne_host.py[line:115] - INFO: gradient count:1024"
"2019-08-24 12:27:10,315 - hetero_ne_host.py[line:102] - INFO: Local batch data count:1024"
"2019-08-24 12:27:16,690 - hetero_ne_host.py[line:115] - INFO: gradient count:1024"
"2019-08-24 12:27:16,695 - hetero_ne_host.py[line:102] - INFO: Local batch data count:1024"
"2019-08-24 12:27:23,188 - hetero_ne_host.py[line:115] - INFO: gradient count:1024"
"2019-08-24 12:27:23,193 - hetero_ne_host.py[line:102] - INFO: Local batch data count:1024"
"2019-08-24 12:27:29,553 - hetero_ne_host.py[line:115] - INFO: gradient count:1024"
"2019-08-24 12:27:29,558 - hetero_ne_host.py[line:102] - INFO: Local batch data count:1024"
"2019-08-24 12:27:35,921 - hetero_ne_host.py[line:115] - INFO: gradient count:1024"
"2019-08-24 12:27:35,925 - hetero_ne_host.py[line:102] - INFO: Local batch data count:638"
"2019-08-24 12:27:41,947 - hetero_ne_host.py[line:115] - INFO: gradient count:638"
"2019-08-24 12:27:42,786 - hetero_ne_host.py[line:139] - INFO: Iter 7, Local loss: 1.4362910829478017"
"2019-08-24 12:27:42,786 - hetero_ne_host.py[line:146] - INFO: batch:0"
"2019-08-24 12:27:42,787 - hetero_ne_host.py[line:172] - INFO: batch_data_inst size:1024"
"2019-08-24 12:27:59,369 - hetero_ne_host.py[line:187] - INFO: Remote host_forward to guest"
"2019-08-24 12:28:02,786 - hetero_ne_host.py[line:197] - INFO: Get optim_host_gradient from arbiter"
"2019-08-24 12:28:02,982 - hetero_ne_host.py[line:200] - INFO: update_model"
"2019-08-24 12:28:03,149 - hetero_ne_host.py[line:146] - INFO: batch:1"
"2019-08-24 12:28:03,150 - hetero_ne_host.py[line:172] - INFO: batch_data_inst size:1024"
"2019-08-24 12:28:19,801 - hetero_ne_host.py[line:187] - INFO: Remote host_forward to guest"
"2019-08-24 12:28:23,017 - hetero_ne_host.py[line:197] - INFO: Get optim_host_gradient from arbiter"
"2019-08-24 12:28:23,331 - hetero_ne_host.py[line:200] - INFO: update_model"
"2019-08-24 12:28:23,451 - hetero_ne_host.py[line:146] - INFO: batch:2"
"2019-08-24 12:28:23,452 - hetero_ne_host.py[line:172] - INFO: batch_data_inst size:1024"
"2019-08-24 12:28:40,379 - hetero_ne_host.py[line:187] - INFO: Remote host_forward to guest"
"2019-08-24 12:28:43,594 - hetero_ne_host.py[line:197] - INFO: Get optim_host_gradient from arbiter"
"2019-08-24 12:28:43,782 - hetero_ne_host.py[line:200] - INFO: update_model"
"2019-08-24 12:28:44,013 - hetero_ne_host.py[line:146] - INFO: batch:3"
"2019-08-24 12:28:44,014 - hetero_ne_host.py[line:172] - INFO: batch_data_inst size:1024"
"2019-08-24 12:29:01,668 - hetero_ne_host.py[line:187] - INFO: Remote host_forward to guest"
"2019-08-24 12:29:04,480 - hetero_ne_host.py[line:197] - INFO: Get optim_host_gradient from arbiter"
"2019-08-24 12:29:04,637 - hetero_ne_host.py[line:200] - INFO: update_model"
"2019-08-24 12:29:05,122 - hetero_ne_host.py[line:146] - INFO: batch:4"
"2019-08-24 12:29:05,123 - hetero_ne_host.py[line:172] - INFO: batch_data_inst size:344"
"2019-08-24 12:29:12,123 - hetero_ne_host.py[line:187] - INFO: Remote host_forward to guest"
"2019-08-24 12:29:14,033 - hetero_ne_host.py[line:197] - INFO: Get optim_host_gradient from arbiter"
"2019-08-24 12:29:14,160 - hetero_ne_host.py[line:200] - INFO: update_model"
"2019-08-24 12:29:15,981 - hetero_ne_host.py[line:244] - INFO: Get is_stop flag from arbiter:False"
"2019-08-24 12:29:15,981 - hetero_ne_host.py[line:93] - INFO: iter: 8"
"2019-08-24 12:29:15,981 - hetero_ne_host.py[line:99] - INFO: Horizontally learning"
"2019-08-24 12:29:15,987 - hetero_ne_host.py[line:102] - INFO: Local batch data count:1024"
"2019-08-24 12:29:21,713 - hetero_ne_host.py[line:115] - INFO: gradient count:1024"
"2019-08-24 12:29:21,718 - hetero_ne_host.py[line:102] - INFO: Local batch data count:1024"
"2019-08-24 12:29:26,652 - hetero_ne_host.py[line:115] - INFO: gradient count:1024"
"2019-08-24 12:29:26,656 - hetero_ne_host.py[line:102] - INFO: Local batch data count:1024"
"2019-08-24 12:29:31,704 - hetero_ne_host.py[line:115] - INFO: gradient count:1024"
"2019-08-24 12:29:31,709 - hetero_ne_host.py[line:102] - INFO: Local batch data count:1024"
"2019-08-24 12:29:36,925 - hetero_ne_host.py[line:115] - INFO: gradient count:1024"
"2019-08-24 12:29:36,929 - hetero_ne_host.py[line:102] - INFO: Local batch data count:1024"
"2019-08-24 12:29:42,150 - hetero_ne_host.py[line:115] - INFO: gradient count:1024"
"2019-08-24 12:29:42,154 - hetero_ne_host.py[line:102] - INFO: Local batch data count:1024"
"2019-08-24 12:29:47,601 - hetero_ne_host.py[line:115] - INFO: gradient count:1024"
"2019-08-24 12:29:47,606 - hetero_ne_host.py[line:102] - INFO: Local batch data count:1024"
"2019-08-24 12:29:54,797 - hetero_ne_host.py[line:115] - INFO: gradient count:1024"
"2019-08-24 12:29:54,801 - hetero_ne_host.py[line:102] - INFO: Local batch data count:1024"
"2019-08-24 12:30:02,319 - hetero_ne_host.py[line:115] - INFO: gradient count:1024"
"2019-08-24 12:30:02,324 - hetero_ne_host.py[line:102] - INFO: Local batch data count:1024"
"2019-08-24 12:30:09,437 - hetero_ne_host.py[line:115] - INFO: gradient count:1024"
"2019-08-24 12:30:09,441 - hetero_ne_host.py[line:102] - INFO: Local batch data count:1024"
"2019-08-24 12:30:16,871 - hetero_ne_host.py[line:115] - INFO: gradient count:1024"
"2019-08-24 12:30:16,876 - hetero_ne_host.py[line:102] - INFO: Local batch data count:1024"
"2019-08-24 12:30:21,956 - hetero_ne_host.py[line:115] - INFO: gradient count:1024"
"2019-08-24 12:30:21,961 - hetero_ne_host.py[line:102] - INFO: Local batch data count:1024"
"2019-08-24 12:30:29,077 - hetero_ne_host.py[line:115] - INFO: gradient count:1024"
"2019-08-24 12:30:29,081 - hetero_ne_host.py[line:102] - INFO: Local batch data count:1024"
"2019-08-24 12:30:35,441 - hetero_ne_host.py[line:115] - INFO: gradient count:1024"
"2019-08-24 12:30:35,445 - hetero_ne_host.py[line:102] - INFO: Local batch data count:1024"
"2019-08-24 12:30:41,810 - hetero_ne_host.py[line:115] - INFO: gradient count:1024"
"2019-08-24 12:30:41,816 - hetero_ne_host.py[line:102] - INFO: Local batch data count:1024"
"2019-08-24 12:30:48,805 - hetero_ne_host.py[line:115] - INFO: gradient count:1024"
"2019-08-24 12:30:48,810 - hetero_ne_host.py[line:102] - INFO: Local batch data count:1024"
"2019-08-24 12:30:54,742 - hetero_ne_host.py[line:115] - INFO: gradient count:1024"
"2019-08-24 12:30:54,746 - hetero_ne_host.py[line:102] - INFO: Local batch data count:1024"
"2019-08-24 12:31:01,870 - hetero_ne_host.py[line:115] - INFO: gradient count:1024"
"2019-08-24 12:31:01,875 - hetero_ne_host.py[line:102] - INFO: Local batch data count:1024"
"2019-08-24 12:31:08,047 - hetero_ne_host.py[line:115] - INFO: gradient count:1024"
"2019-08-24 12:31:08,052 - hetero_ne_host.py[line:102] - INFO: Local batch data count:1024"
"2019-08-24 12:31:15,049 - hetero_ne_host.py[line:115] - INFO: gradient count:1024"
"2019-08-24 12:31:15,053 - hetero_ne_host.py[line:102] - INFO: Local batch data count:638"
"2019-08-24 12:31:21,519 - hetero_ne_host.py[line:115] - INFO: gradient count:638"
"2019-08-24 12:31:23,040 - hetero_ne_host.py[line:139] - INFO: Iter 8, Local loss: 1.429718109266968"
"2019-08-24 12:31:23,040 - hetero_ne_host.py[line:146] - INFO: batch:0"
"2019-08-24 12:31:23,041 - hetero_ne_host.py[line:172] - INFO: batch_data_inst size:1024"
"2019-08-24 12:31:40,511 - hetero_ne_host.py[line:187] - INFO: Remote host_forward to guest"
"2019-08-24 12:31:43,123 - hetero_ne_host.py[line:197] - INFO: Get optim_host_gradient from arbiter"
"2019-08-24 12:31:43,426 - hetero_ne_host.py[line:200] - INFO: update_model"
"2019-08-24 12:31:43,544 - hetero_ne_host.py[line:146] - INFO: batch:1"
"2019-08-24 12:31:43,544 - hetero_ne_host.py[line:172] - INFO: batch_data_inst size:1024"
"2019-08-24 12:32:00,418 - hetero_ne_host.py[line:187] - INFO: Remote host_forward to guest"
"2019-08-24 12:32:03,332 - hetero_ne_host.py[line:197] - INFO: Get optim_host_gradient from arbiter"
"2019-08-24 12:32:03,571 - hetero_ne_host.py[line:200] - INFO: update_model"
"2019-08-24 12:32:03,695 - hetero_ne_host.py[line:146] - INFO: batch:2"
"2019-08-24 12:32:03,695 - hetero_ne_host.py[line:172] - INFO: batch_data_inst size:1024"
"2019-08-24 12:32:20,687 - hetero_ne_host.py[line:187] - INFO: Remote host_forward to guest"
"2019-08-24 12:32:24,002 - hetero_ne_host.py[line:197] - INFO: Get optim_host_gradient from arbiter"
"2019-08-24 12:32:24,176 - hetero_ne_host.py[line:200] - INFO: update_model"
"2019-08-24 12:32:24,384 - hetero_ne_host.py[line:146] - INFO: batch:3"
"2019-08-24 12:32:24,385 - hetero_ne_host.py[line:172] - INFO: batch_data_inst size:1024"
"2019-08-24 12:32:41,664 - hetero_ne_host.py[line:187] - INFO: Remote host_forward to guest"
"2019-08-24 12:32:44,979 - hetero_ne_host.py[line:197] - INFO: Get optim_host_gradient from arbiter"
"2019-08-24 12:32:45,128 - hetero_ne_host.py[line:200] - INFO: update_model"
"2019-08-24 12:32:45,428 - hetero_ne_host.py[line:146] - INFO: batch:4"
"2019-08-24 12:32:45,429 - hetero_ne_host.py[line:172] - INFO: batch_data_inst size:344"
"2019-08-24 12:32:51,716 - hetero_ne_host.py[line:187] - INFO: Remote host_forward to guest"
"2019-08-24 12:32:54,327 - hetero_ne_host.py[line:197] - INFO: Get optim_host_gradient from arbiter"
"2019-08-24 12:32:54,723 - hetero_ne_host.py[line:200] - INFO: update_model"
"2019-08-24 12:32:56,258 - hetero_ne_host.py[line:244] - INFO: Get is_stop flag from arbiter:False"
"2019-08-24 12:32:56,258 - hetero_ne_host.py[line:93] - INFO: iter: 9"
"2019-08-24 12:32:56,258 - hetero_ne_host.py[line:99] - INFO: Horizontally learning"
"2019-08-24 12:32:56,264 - hetero_ne_host.py[line:102] - INFO: Local batch data count:1024"
"2019-08-24 12:33:01,782 - hetero_ne_host.py[line:115] - INFO: gradient count:1024"
"2019-08-24 12:33:01,788 - hetero_ne_host.py[line:102] - INFO: Local batch data count:1024"
"2019-08-24 12:33:06,890 - hetero_ne_host.py[line:115] - INFO: gradient count:1024"
"2019-08-24 12:33:06,895 - hetero_ne_host.py[line:102] - INFO: Local batch data count:1024"
"2019-08-24 12:33:11,545 - hetero_ne_host.py[line:115] - INFO: gradient count:1024"
"2019-08-24 12:33:11,550 - hetero_ne_host.py[line:102] - INFO: Local batch data count:1024"
"2019-08-24 12:33:17,191 - hetero_ne_host.py[line:115] - INFO: gradient count:1024"
"2019-08-24 12:33:17,196 - hetero_ne_host.py[line:102] - INFO: Local batch data count:1024"
"2019-08-24 12:33:22,050 - hetero_ne_host.py[line:115] - INFO: gradient count:1024"
"2019-08-24 12:33:22,055 - hetero_ne_host.py[line:102] - INFO: Local batch data count:1024"
"2019-08-24 12:33:27,326 - hetero_ne_host.py[line:115] - INFO: gradient count:1024"
"2019-08-24 12:33:27,330 - hetero_ne_host.py[line:102] - INFO: Local batch data count:1024"
"2019-08-24 12:33:35,052 - hetero_ne_host.py[line:115] - INFO: gradient count:1024"
"2019-08-24 12:33:35,056 - hetero_ne_host.py[line:102] - INFO: Local batch data count:1024"
"2019-08-24 12:33:40,466 - hetero_ne_host.py[line:115] - INFO: gradient count:1024"
"2019-08-24 12:33:40,471 - hetero_ne_host.py[line:102] - INFO: Local batch data count:1024"
"2019-08-24 12:33:46,119 - hetero_ne_host.py[line:115] - INFO: gradient count:1024"
"2019-08-24 12:33:46,123 - hetero_ne_host.py[line:102] - INFO: Local batch data count:1024"
"2019-08-24 12:33:53,080 - hetero_ne_host.py[line:115] - INFO: gradient count:1024"
"2019-08-24 12:33:53,085 - hetero_ne_host.py[line:102] - INFO: Local batch data count:1024"
"2019-08-24 12:34:01,159 - hetero_ne_host.py[line:115] - INFO: gradient count:1024"
"2019-08-24 12:34:01,164 - hetero_ne_host.py[line:102] - INFO: Local batch data count:1024"
"2019-08-24 12:34:07,865 - hetero_ne_host.py[line:115] - INFO: gradient count:1024"
"2019-08-24 12:34:07,870 - hetero_ne_host.py[line:102] - INFO: Local batch data count:1024"
"2019-08-24 12:34:13,822 - hetero_ne_host.py[line:115] - INFO: gradient count:1024"
"2019-08-24 12:34:13,827 - hetero_ne_host.py[line:102] - INFO: Local batch data count:1024"
"2019-08-24 12:34:20,548 - hetero_ne_host.py[line:115] - INFO: gradient count:1024"
"2019-08-24 12:34:20,553 - hetero_ne_host.py[line:102] - INFO: Local batch data count:1024"
"2019-08-24 12:34:27,396 - hetero_ne_host.py[line:115] - INFO: gradient count:1024"
"2019-08-24 12:34:27,401 - hetero_ne_host.py[line:102] - INFO: Local batch data count:1024"
"2019-08-24 12:34:33,064 - hetero_ne_host.py[line:115] - INFO: gradient count:1024"
"2019-08-24 12:34:33,069 - hetero_ne_host.py[line:102] - INFO: Local batch data count:1024"
"2019-08-24 12:34:39,394 - hetero_ne_host.py[line:115] - INFO: gradient count:1024"
"2019-08-24 12:34:39,399 - hetero_ne_host.py[line:102] - INFO: Local batch data count:1024"
"2019-08-24 12:34:46,054 - hetero_ne_host.py[line:115] - INFO: gradient count:1024"
"2019-08-24 12:34:46,059 - hetero_ne_host.py[line:102] - INFO: Local batch data count:1024"
"2019-08-24 12:34:52,286 - hetero_ne_host.py[line:115] - INFO: gradient count:1024"
"2019-08-24 12:34:52,292 - hetero_ne_host.py[line:102] - INFO: Local batch data count:638"
"2019-08-24 12:34:59,268 - hetero_ne_host.py[line:115] - INFO: gradient count:638"
"2019-08-24 12:34:59,887 - hetero_ne_host.py[line:139] - INFO: Iter 9, Local loss: 1.4236676866979754"
"2019-08-24 12:34:59,887 - hetero_ne_host.py[line:146] - INFO: batch:0"
"2019-08-24 12:34:59,887 - hetero_ne_host.py[line:172] - INFO: batch_data_inst size:1024"
"2019-08-24 12:35:17,025 - hetero_ne_host.py[line:187] - INFO: Remote host_forward to guest"
"2019-08-24 12:35:19,537 - hetero_ne_host.py[line:197] - INFO: Get optim_host_gradient from arbiter"
"2019-08-24 12:35:19,650 - hetero_ne_host.py[line:200] - INFO: update_model"
"2019-08-24 12:35:19,790 - hetero_ne_host.py[line:146] - INFO: batch:1"
"2019-08-24 12:35:19,791 - hetero_ne_host.py[line:172] - INFO: batch_data_inst size:1024"
"2019-08-24 12:35:36,628 - hetero_ne_host.py[line:187] - INFO: Remote host_forward to guest"
"2019-08-24 12:35:41,247 - hetero_ne_host.py[line:197] - INFO: Get optim_host_gradient from arbiter"
"2019-08-24 12:35:41,420 - hetero_ne_host.py[line:200] - INFO: update_model"
"2019-08-24 12:35:41,567 - hetero_ne_host.py[line:146] - INFO: batch:2"
"2019-08-24 12:35:41,568 - hetero_ne_host.py[line:172] - INFO: batch_data_inst size:1024"
"2019-08-24 12:35:58,458 - hetero_ne_host.py[line:187] - INFO: Remote host_forward to guest"
"2019-08-24 12:36:01,772 - hetero_ne_host.py[line:197] - INFO: Get optim_host_gradient from arbiter"
"2019-08-24 12:36:01,933 - hetero_ne_host.py[line:200] - INFO: update_model"
"2019-08-24 12:36:02,078 - hetero_ne_host.py[line:146] - INFO: batch:3"
"2019-08-24 12:36:02,078 - hetero_ne_host.py[line:172] - INFO: batch_data_inst size:1024"
"2019-08-24 12:36:20,014 - hetero_ne_host.py[line:187] - INFO: Remote host_forward to guest"
"2019-08-24 12:36:22,324 - hetero_ne_host.py[line:197] - INFO: Get optim_host_gradient from arbiter"
"2019-08-24 12:36:22,498 - hetero_ne_host.py[line:200] - INFO: update_model"
"2019-08-24 12:36:22,753 - hetero_ne_host.py[line:146] - INFO: batch:4"
"2019-08-24 12:36:22,754 - hetero_ne_host.py[line:172] - INFO: batch_data_inst size:344"
"2019-08-24 12:36:29,529 - hetero_ne_host.py[line:187] - INFO: Remote host_forward to guest"
"2019-08-24 12:36:31,639 - hetero_ne_host.py[line:197] - INFO: Get optim_host_gradient from arbiter"
"2019-08-24 12:36:31,766 - hetero_ne_host.py[line:200] - INFO: update_model"
"2019-08-24 12:36:33,205 - hetero_ne_host.py[line:244] - INFO: Get is_stop flag from arbiter:False"
"2019-08-24 12:36:33,205 - hetero_ne_host.py[line:250] - INFO: Reach max iter 10, train mode finish!"
"2019-08-24 12:38:12,088 - hetero_ne_host.py[line:256] - INFO: Reach max iter 10, train model finish!"
