"2019-08-24 11:58:52,677 - hetero_ne_guest.py[line:68] - INFO: samples number:4440"
"2019-08-24 11:58:52,678 - hetero_ne_guest.py[line:69] - INFO: Enter hetero_ne_guest fit"
"2019-08-24 11:58:52,678 - hetero_ne_guest.py[line:71] - INFO: Guest party has 2358 nodes"
"2019-08-24 11:58:52,907 - hetero_ne_guest.py[line:74] - INFO: Transform input data to train instance"
"2019-08-24 11:58:52,908 - hetero_ne_guest.py[line:81] - INFO: Get public_key from arbiter:<PaillierPublicKey 9928152a93>"
"2019-08-24 11:58:52,908 - hetero_ne_guest.py[line:85] - INFO: Generate mini-batch from input data"
"2019-08-24 11:58:54,632 - hetero_ne_guest.py[line:89] - INFO: samples number:4440"
"2019-08-24 11:58:54,632 - hetero_ne_guest.py[line:97] - INFO: Generate mini-batch for local instances in guest"
"2019-08-24 11:59:15,108 - hetero_ne_guest.py[line:104] - INFO: batch_info:{'batch_size': 1024, 'batch_num': 5}"
"2019-08-24 11:59:15,145 - hetero_ne_guest.py[line:110] - INFO: Remote batch_info to Host"
"2019-08-24 11:59:15,180 - hetero_ne_guest.py[line:117] - INFO: Remote batch_info to Arbiter"
"2019-08-24 11:59:15,180 - hetero_ne_guest.py[line:124] - INFO: Start initialize model."
"2019-08-24 11:59:15,180 - hetero_ne_guest.py[line:126] - INFO: Embedding shape=(2358, 5)"
"2019-08-24 11:59:15,181 - hetero_ne_guest.py[line:133] - INFO: iter:0"
"2019-08-24 11:59:15,187 - hetero_ne_guest.py[line:142] - INFO: Local batch data count:1024"
"2019-08-24 11:59:20,662 - hetero_ne_guest.py[line:155] - INFO: gradient count:1024"
"2019-08-24 11:59:20,667 - hetero_ne_guest.py[line:142] - INFO: Local batch data count:1024"
"2019-08-24 11:59:26,973 - hetero_ne_guest.py[line:155] - INFO: gradient count:1024"
"2019-08-24 11:59:26,977 - hetero_ne_guest.py[line:142] - INFO: Local batch data count:1024"
"2019-08-24 11:59:33,769 - hetero_ne_guest.py[line:155] - INFO: gradient count:1024"
"2019-08-24 11:59:33,774 - hetero_ne_guest.py[line:142] - INFO: Local batch data count:1024"
"2019-08-24 11:59:39,583 - hetero_ne_guest.py[line:155] - INFO: gradient count:1024"
"2019-08-24 11:59:39,589 - hetero_ne_guest.py[line:142] - INFO: Local batch data count:1024"
"2019-08-24 11:59:48,421 - hetero_ne_guest.py[line:155] - INFO: gradient count:1024"
"2019-08-24 11:59:48,426 - hetero_ne_guest.py[line:142] - INFO: Local batch data count:1024"
"2019-08-24 11:59:56,218 - hetero_ne_guest.py[line:155] - INFO: gradient count:1024"
"2019-08-24 11:59:56,224 - hetero_ne_guest.py[line:142] - INFO: Local batch data count:1024"
"2019-08-24 12:00:01,744 - hetero_ne_guest.py[line:155] - INFO: gradient count:1024"
"2019-08-24 12:00:01,749 - hetero_ne_guest.py[line:142] - INFO: Local batch data count:1024"
"2019-08-24 12:00:07,318 - hetero_ne_guest.py[line:155] - INFO: gradient count:1024"
"2019-08-24 12:00:07,323 - hetero_ne_guest.py[line:142] - INFO: Local batch data count:1024"
"2019-08-24 12:00:13,944 - hetero_ne_guest.py[line:155] - INFO: gradient count:1024"
"2019-08-24 12:00:13,951 - hetero_ne_guest.py[line:142] - INFO: Local batch data count:1024"
"2019-08-24 12:00:19,934 - hetero_ne_guest.py[line:155] - INFO: gradient count:1024"
"2019-08-24 12:00:19,939 - hetero_ne_guest.py[line:142] - INFO: Local batch data count:1024"
"2019-08-24 12:00:27,566 - hetero_ne_guest.py[line:155] - INFO: gradient count:1024"
"2019-08-24 12:00:27,570 - hetero_ne_guest.py[line:142] - INFO: Local batch data count:1024"
"2019-08-24 12:00:34,388 - hetero_ne_guest.py[line:155] - INFO: gradient count:1024"
"2019-08-24 12:00:34,392 - hetero_ne_guest.py[line:142] - INFO: Local batch data count:1024"
"2019-08-24 12:00:41,387 - hetero_ne_guest.py[line:155] - INFO: gradient count:1024"
"2019-08-24 12:00:41,391 - hetero_ne_guest.py[line:142] - INFO: Local batch data count:1024"
"2019-08-24 12:00:48,032 - hetero_ne_guest.py[line:155] - INFO: gradient count:1024"
"2019-08-24 12:00:48,037 - hetero_ne_guest.py[line:142] - INFO: Local batch data count:1024"
"2019-08-24 12:00:54,653 - hetero_ne_guest.py[line:155] - INFO: gradient count:1024"
"2019-08-24 12:00:54,658 - hetero_ne_guest.py[line:142] - INFO: Local batch data count:1024"
"2019-08-24 12:01:01,522 - hetero_ne_guest.py[line:155] - INFO: gradient count:1024"
"2019-08-24 12:01:01,528 - hetero_ne_guest.py[line:142] - INFO: Local batch data count:1024"
"2019-08-24 12:01:07,866 - hetero_ne_guest.py[line:155] - INFO: gradient count:1024"
"2019-08-24 12:01:07,870 - hetero_ne_guest.py[line:142] - INFO: Local batch data count:1024"
"2019-08-24 12:01:14,409 - hetero_ne_guest.py[line:155] - INFO: gradient count:1024"
"2019-08-24 12:01:14,415 - hetero_ne_guest.py[line:142] - INFO: Local batch data count:1024"
"2019-08-24 12:01:21,031 - hetero_ne_guest.py[line:155] - INFO: gradient count:1024"
"2019-08-24 12:01:21,037 - hetero_ne_guest.py[line:142] - INFO: Local batch data count:680"
"2019-08-24 12:01:26,833 - hetero_ne_guest.py[line:155] - INFO: gradient count:680"
"2019-08-24 12:01:27,609 - hetero_ne_guest.py[line:179] - INFO: Iter 0, Local loss: 1.482259299894447"
"2019-08-24 12:01:27,609 - hetero_ne_guest.py[line:190] - INFO: batch:0"
"2019-08-24 12:01:27,610 - hetero_ne_guest.py[line:194] - INFO: remote mini-batch index to Host"
"2019-08-24 12:01:45,101 - hetero_ne_guest.py[line:226] - INFO: Get host_forward from host"
"2019-08-24 12:01:45,978 - hetero_ne_guest.py[line:246] - INFO: Remote host_gradient to arbiter"
"2019-08-24 12:01:47,879 - hetero_ne_guest.py[line:262] - INFO: Remote guest_gradient to arbiter"
"2019-08-24 12:01:48,382 - hetero_ne_guest.py[line:271] - INFO: Get optim_guest_gradient from arbiter"
"2019-08-24 12:01:48,383 - hetero_ne_guest.py[line:274] - INFO: update node embedding"
"2019-08-24 12:01:48,803 - hetero_ne_guest.py[line:293] - INFO: Remote loss to arbiter"
"2019-08-24 12:01:49,077 - hetero_ne_guest.py[line:190] - INFO: batch:1"
"2019-08-24 12:01:49,077 - hetero_ne_guest.py[line:194] - INFO: remote mini-batch index to Host"
"2019-08-24 12:02:06,685 - hetero_ne_guest.py[line:226] - INFO: Get host_forward from host"
"2019-08-24 12:02:07,587 - hetero_ne_guest.py[line:246] - INFO: Remote host_gradient to arbiter"
"2019-08-24 12:02:08,463 - hetero_ne_guest.py[line:262] - INFO: Remote guest_gradient to arbiter"
"2019-08-24 12:02:09,168 - hetero_ne_guest.py[line:271] - INFO: Get optim_guest_gradient from arbiter"
"2019-08-24 12:02:09,168 - hetero_ne_guest.py[line:274] - INFO: update node embedding"
"2019-08-24 12:02:09,631 - hetero_ne_guest.py[line:293] - INFO: Remote loss to arbiter"
"2019-08-24 12:02:10,144 - hetero_ne_guest.py[line:190] - INFO: batch:2"
"2019-08-24 12:02:10,144 - hetero_ne_guest.py[line:194] - INFO: remote mini-batch index to Host"
"2019-08-24 12:02:28,278 - hetero_ne_guest.py[line:226] - INFO: Get host_forward from host"
"2019-08-24 12:02:29,221 - hetero_ne_guest.py[line:246] - INFO: Remote host_gradient to arbiter"
"2019-08-24 12:02:30,086 - hetero_ne_guest.py[line:262] - INFO: Remote guest_gradient to arbiter"
"2019-08-24 12:02:30,696 - hetero_ne_guest.py[line:271] - INFO: Get optim_guest_gradient from arbiter"
"2019-08-24 12:02:30,696 - hetero_ne_guest.py[line:274] - INFO: update node embedding"
"2019-08-24 12:02:31,061 - hetero_ne_guest.py[line:293] - INFO: Remote loss to arbiter"
"2019-08-24 12:02:31,272 - hetero_ne_guest.py[line:190] - INFO: batch:3"
"2019-08-24 12:02:31,272 - hetero_ne_guest.py[line:194] - INFO: remote mini-batch index to Host"
"2019-08-24 12:02:49,056 - hetero_ne_guest.py[line:226] - INFO: Get host_forward from host"
"2019-08-24 12:02:50,104 - hetero_ne_guest.py[line:246] - INFO: Remote host_gradient to arbiter"
"2019-08-24 12:02:50,863 - hetero_ne_guest.py[line:262] - INFO: Remote guest_gradient to arbiter"
"2019-08-24 12:02:51,466 - hetero_ne_guest.py[line:271] - INFO: Get optim_guest_gradient from arbiter"
"2019-08-24 12:02:51,466 - hetero_ne_guest.py[line:274] - INFO: update node embedding"
"2019-08-24 12:02:51,829 - hetero_ne_guest.py[line:293] - INFO: Remote loss to arbiter"
"2019-08-24 12:02:52,294 - hetero_ne_guest.py[line:190] - INFO: batch:4"
"2019-08-24 12:02:52,294 - hetero_ne_guest.py[line:194] - INFO: remote mini-batch index to Host"
"2019-08-24 12:02:59,073 - hetero_ne_guest.py[line:226] - INFO: Get host_forward from host"
"2019-08-24 12:02:59,872 - hetero_ne_guest.py[line:246] - INFO: Remote host_gradient to arbiter"
"2019-08-24 12:03:00,594 - hetero_ne_guest.py[line:262] - INFO: Remote guest_gradient to arbiter"
"2019-08-24 12:03:00,897 - hetero_ne_guest.py[line:271] - INFO: Get optim_guest_gradient from arbiter"
"2019-08-24 12:03:00,897 - hetero_ne_guest.py[line:274] - INFO: update node embedding"
"2019-08-24 12:03:01,286 - hetero_ne_guest.py[line:293] - INFO: Remote loss to arbiter"
"2019-08-24 12:03:02,404 - hetero_ne_guest.py[line:337] - INFO: Get is_stop flag from arbiter:False"
"2019-08-24 12:03:02,404 - hetero_ne_guest.py[line:133] - INFO: iter:1"
"2019-08-24 12:03:02,408 - hetero_ne_guest.py[line:142] - INFO: Local batch data count:1024"
"2019-08-24 12:03:08,015 - hetero_ne_guest.py[line:155] - INFO: gradient count:1024"
"2019-08-24 12:03:08,021 - hetero_ne_guest.py[line:142] - INFO: Local batch data count:1024"
"2019-08-24 12:03:12,997 - hetero_ne_guest.py[line:155] - INFO: gradient count:1024"
"2019-08-24 12:03:13,001 - hetero_ne_guest.py[line:142] - INFO: Local batch data count:1024"
"2019-08-24 12:03:18,552 - hetero_ne_guest.py[line:155] - INFO: gradient count:1024"
"2019-08-24 12:03:18,557 - hetero_ne_guest.py[line:142] - INFO: Local batch data count:1024"
"2019-08-24 12:03:23,936 - hetero_ne_guest.py[line:155] - INFO: gradient count:1024"
"2019-08-24 12:03:23,940 - hetero_ne_guest.py[line:142] - INFO: Local batch data count:1024"
"2019-08-24 12:03:29,392 - hetero_ne_guest.py[line:155] - INFO: gradient count:1024"
"2019-08-24 12:03:29,396 - hetero_ne_guest.py[line:142] - INFO: Local batch data count:1024"
"2019-08-24 12:03:34,409 - hetero_ne_guest.py[line:155] - INFO: gradient count:1024"
"2019-08-24 12:03:34,413 - hetero_ne_guest.py[line:142] - INFO: Local batch data count:1024"
"2019-08-24 12:03:40,131 - hetero_ne_guest.py[line:155] - INFO: gradient count:1024"
"2019-08-24 12:03:40,135 - hetero_ne_guest.py[line:142] - INFO: Local batch data count:1024"
"2019-08-24 12:03:46,028 - hetero_ne_guest.py[line:155] - INFO: gradient count:1024"
"2019-08-24 12:03:46,033 - hetero_ne_guest.py[line:142] - INFO: Local batch data count:1024"
"2019-08-24 12:03:52,548 - hetero_ne_guest.py[line:155] - INFO: gradient count:1024"
"2019-08-24 12:03:52,553 - hetero_ne_guest.py[line:142] - INFO: Local batch data count:1024"
"2019-08-24 12:03:58,719 - hetero_ne_guest.py[line:155] - INFO: gradient count:1024"
"2019-08-24 12:03:58,724 - hetero_ne_guest.py[line:142] - INFO: Local batch data count:1024"
"2019-08-24 12:04:04,901 - hetero_ne_guest.py[line:155] - INFO: gradient count:1024"
"2019-08-24 12:04:04,906 - hetero_ne_guest.py[line:142] - INFO: Local batch data count:1024"
"2019-08-24 12:04:11,788 - hetero_ne_guest.py[line:155] - INFO: gradient count:1024"
"2019-08-24 12:04:11,793 - hetero_ne_guest.py[line:142] - INFO: Local batch data count:1024"
"2019-08-24 12:04:18,473 - hetero_ne_guest.py[line:155] - INFO: gradient count:1024"
"2019-08-24 12:04:18,479 - hetero_ne_guest.py[line:142] - INFO: Local batch data count:1024"
"2019-08-24 12:04:24,795 - hetero_ne_guest.py[line:155] - INFO: gradient count:1024"
"2019-08-24 12:04:24,799 - hetero_ne_guest.py[line:142] - INFO: Local batch data count:1024"
"2019-08-24 12:04:30,868 - hetero_ne_guest.py[line:155] - INFO: gradient count:1024"
"2019-08-24 12:04:30,872 - hetero_ne_guest.py[line:142] - INFO: Local batch data count:1024"
"2019-08-24 12:04:36,929 - hetero_ne_guest.py[line:155] - INFO: gradient count:1024"
"2019-08-24 12:04:36,933 - hetero_ne_guest.py[line:142] - INFO: Local batch data count:1024"
"2019-08-24 12:04:43,124 - hetero_ne_guest.py[line:155] - INFO: gradient count:1024"
"2019-08-24 12:04:43,128 - hetero_ne_guest.py[line:142] - INFO: Local batch data count:1024"
"2019-08-24 12:04:49,482 - hetero_ne_guest.py[line:155] - INFO: gradient count:1024"
"2019-08-24 12:04:49,486 - hetero_ne_guest.py[line:142] - INFO: Local batch data count:1024"
"2019-08-24 12:04:55,795 - hetero_ne_guest.py[line:155] - INFO: gradient count:1024"
"2019-08-24 12:04:55,800 - hetero_ne_guest.py[line:142] - INFO: Local batch data count:680"
"2019-08-24 12:05:03,376 - hetero_ne_guest.py[line:155] - INFO: gradient count:680"
"2019-08-24 12:05:04,034 - hetero_ne_guest.py[line:179] - INFO: Iter 1, Local loss: 1.4629020311877283"
"2019-08-24 12:05:04,034 - hetero_ne_guest.py[line:190] - INFO: batch:0"
"2019-08-24 12:05:24,006 - hetero_ne_guest.py[line:226] - INFO: Get host_forward from host"
"2019-08-24 12:05:24,909 - hetero_ne_guest.py[line:246] - INFO: Remote host_gradient to arbiter"
"2019-08-24 12:05:25,772 - hetero_ne_guest.py[line:262] - INFO: Remote guest_gradient to arbiter"
"2019-08-24 12:05:26,175 - hetero_ne_guest.py[line:271] - INFO: Get optim_guest_gradient from arbiter"
"2019-08-24 12:05:26,175 - hetero_ne_guest.py[line:274] - INFO: update node embedding"
"2019-08-24 12:05:26,521 - hetero_ne_guest.py[line:293] - INFO: Remote loss to arbiter"
"2019-08-24 12:05:27,229 - hetero_ne_guest.py[line:190] - INFO: batch:1"
"2019-08-24 12:05:44,177 - hetero_ne_guest.py[line:226] - INFO: Get host_forward from host"
"2019-08-24 12:05:45,355 - hetero_ne_guest.py[line:246] - INFO: Remote host_gradient to arbiter"
"2019-08-24 12:05:46,182 - hetero_ne_guest.py[line:262] - INFO: Remote guest_gradient to arbiter"
"2019-08-24 12:05:46,585 - hetero_ne_guest.py[line:271] - INFO: Get optim_guest_gradient from arbiter"
"2019-08-24 12:05:46,585 - hetero_ne_guest.py[line:274] - INFO: update node embedding"
"2019-08-24 12:05:47,124 - hetero_ne_guest.py[line:293] - INFO: Remote loss to arbiter"
"2019-08-24 12:05:47,725 - hetero_ne_guest.py[line:190] - INFO: batch:2"
"2019-08-24 12:06:05,913 - hetero_ne_guest.py[line:226] - INFO: Get host_forward from host"
"2019-08-24 12:06:06,754 - hetero_ne_guest.py[line:246] - INFO: Remote host_gradient to arbiter"
"2019-08-24 12:06:07,601 - hetero_ne_guest.py[line:262] - INFO: Remote guest_gradient to arbiter"
"2019-08-24 12:06:08,204 - hetero_ne_guest.py[line:271] - INFO: Get optim_guest_gradient from arbiter"
"2019-08-24 12:06:08,206 - hetero_ne_guest.py[line:274] - INFO: update node embedding"
"2019-08-24 12:06:08,611 - hetero_ne_guest.py[line:293] - INFO: Remote loss to arbiter"
"2019-08-24 12:06:09,184 - hetero_ne_guest.py[line:190] - INFO: batch:3"
"2019-08-24 12:06:27,936 - hetero_ne_guest.py[line:226] - INFO: Get host_forward from host"
"2019-08-24 12:06:29,112 - hetero_ne_guest.py[line:246] - INFO: Remote host_gradient to arbiter"
"2019-08-24 12:06:29,864 - hetero_ne_guest.py[line:262] - INFO: Remote guest_gradient to arbiter"
"2019-08-24 12:06:30,468 - hetero_ne_guest.py[line:271] - INFO: Get optim_guest_gradient from arbiter"
"2019-08-24 12:06:30,468 - hetero_ne_guest.py[line:274] - INFO: update node embedding"
"2019-08-24 12:06:30,769 - hetero_ne_guest.py[line:293] - INFO: Remote loss to arbiter"
"2019-08-24 12:06:31,344 - hetero_ne_guest.py[line:190] - INFO: batch:4"
"2019-08-24 12:06:38,991 - hetero_ne_guest.py[line:226] - INFO: Get host_forward from host"
"2019-08-24 12:06:39,598 - hetero_ne_guest.py[line:246] - INFO: Remote host_gradient to arbiter"
"2019-08-24 12:06:40,484 - hetero_ne_guest.py[line:262] - INFO: Remote guest_gradient to arbiter"
"2019-08-24 12:06:40,887 - hetero_ne_guest.py[line:271] - INFO: Get optim_guest_gradient from arbiter"
"2019-08-24 12:06:40,887 - hetero_ne_guest.py[line:274] - INFO: update node embedding"
"2019-08-24 12:06:41,155 - hetero_ne_guest.py[line:293] - INFO: Remote loss to arbiter"
"2019-08-24 12:06:42,610 - hetero_ne_guest.py[line:337] - INFO: Get is_stop flag from arbiter:False"
"2019-08-24 12:06:42,610 - hetero_ne_guest.py[line:133] - INFO: iter:2"
"2019-08-24 12:06:42,617 - hetero_ne_guest.py[line:142] - INFO: Local batch data count:1024"
"2019-08-24 12:06:49,986 - hetero_ne_guest.py[line:155] - INFO: gradient count:1024"
"2019-08-24 12:06:49,992 - hetero_ne_guest.py[line:142] - INFO: Local batch data count:1024"
"2019-08-24 12:06:55,846 - hetero_ne_guest.py[line:155] - INFO: gradient count:1024"
"2019-08-24 12:06:55,851 - hetero_ne_guest.py[line:142] - INFO: Local batch data count:1024"
"2019-08-24 12:07:01,141 - hetero_ne_guest.py[line:155] - INFO: gradient count:1024"
"2019-08-24 12:07:01,145 - hetero_ne_guest.py[line:142] - INFO: Local batch data count:1024"
"2019-08-24 12:07:06,853 - hetero_ne_guest.py[line:155] - INFO: gradient count:1024"
"2019-08-24 12:07:06,858 - hetero_ne_guest.py[line:142] - INFO: Local batch data count:1024"
"2019-08-24 12:07:13,299 - hetero_ne_guest.py[line:155] - INFO: gradient count:1024"
"2019-08-24 12:07:13,304 - hetero_ne_guest.py[line:142] - INFO: Local batch data count:1024"
"2019-08-24 12:07:19,707 - hetero_ne_guest.py[line:155] - INFO: gradient count:1024"
"2019-08-24 12:07:19,711 - hetero_ne_guest.py[line:142] - INFO: Local batch data count:1024"
"2019-08-24 12:07:27,956 - hetero_ne_guest.py[line:155] - INFO: gradient count:1024"
"2019-08-24 12:07:27,961 - hetero_ne_guest.py[line:142] - INFO: Local batch data count:1024"
"2019-08-24 12:07:35,162 - hetero_ne_guest.py[line:155] - INFO: gradient count:1024"
"2019-08-24 12:07:35,167 - hetero_ne_guest.py[line:142] - INFO: Local batch data count:1024"
"2019-08-24 12:07:42,096 - hetero_ne_guest.py[line:155] - INFO: gradient count:1024"
"2019-08-24 12:07:42,100 - hetero_ne_guest.py[line:142] - INFO: Local batch data count:1024"
"2019-08-24 12:07:49,581 - hetero_ne_guest.py[line:155] - INFO: gradient count:1024"
"2019-08-24 12:07:49,585 - hetero_ne_guest.py[line:142] - INFO: Local batch data count:1024"
"2019-08-24 12:07:56,054 - hetero_ne_guest.py[line:155] - INFO: gradient count:1024"
"2019-08-24 12:07:56,068 - hetero_ne_guest.py[line:142] - INFO: Local batch data count:1024"
"2019-08-24 12:08:02,086 - hetero_ne_guest.py[line:155] - INFO: gradient count:1024"
"2019-08-24 12:08:02,091 - hetero_ne_guest.py[line:142] - INFO: Local batch data count:1024"
"2019-08-24 12:08:07,600 - hetero_ne_guest.py[line:155] - INFO: gradient count:1024"
"2019-08-24 12:08:07,604 - hetero_ne_guest.py[line:142] - INFO: Local batch data count:1024"
"2019-08-24 12:08:13,440 - hetero_ne_guest.py[line:155] - INFO: gradient count:1024"
"2019-08-24 12:08:13,459 - hetero_ne_guest.py[line:142] - INFO: Local batch data count:1024"
"2019-08-24 12:08:19,899 - hetero_ne_guest.py[line:155] - INFO: gradient count:1024"
"2019-08-24 12:08:20,022 - hetero_ne_guest.py[line:142] - INFO: Local batch data count:1024"
"2019-08-24 12:08:26,696 - hetero_ne_guest.py[line:155] - INFO: gradient count:1024"
"2019-08-24 12:08:26,700 - hetero_ne_guest.py[line:142] - INFO: Local batch data count:1024"
"2019-08-24 12:08:33,100 - hetero_ne_guest.py[line:155] - INFO: gradient count:1024"
"2019-08-24 12:08:33,105 - hetero_ne_guest.py[line:142] - INFO: Local batch data count:1024"
"2019-08-24 12:08:39,070 - hetero_ne_guest.py[line:155] - INFO: gradient count:1024"
"2019-08-24 12:08:39,075 - hetero_ne_guest.py[line:142] - INFO: Local batch data count:1024"
"2019-08-24 12:08:46,017 - hetero_ne_guest.py[line:155] - INFO: gradient count:1024"
"2019-08-24 12:08:46,022 - hetero_ne_guest.py[line:142] - INFO: Local batch data count:680"
"2019-08-24 12:08:52,627 - hetero_ne_guest.py[line:155] - INFO: gradient count:680"
"2019-08-24 12:08:53,272 - hetero_ne_guest.py[line:179] - INFO: Iter 2, Local loss: 1.4520188753604881"
"2019-08-24 12:08:53,273 - hetero_ne_guest.py[line:190] - INFO: batch:0"
"2019-08-24 12:09:13,773 - hetero_ne_guest.py[line:226] - INFO: Get host_forward from host"
"2019-08-24 12:09:15,073 - hetero_ne_guest.py[line:246] - INFO: Remote host_gradient to arbiter"
"2019-08-24 12:09:16,012 - hetero_ne_guest.py[line:262] - INFO: Remote guest_gradient to arbiter"
"2019-08-24 12:09:16,415 - hetero_ne_guest.py[line:271] - INFO: Get optim_guest_gradient from arbiter"
"2019-08-24 12:09:16,415 - hetero_ne_guest.py[line:274] - INFO: update node embedding"
"2019-08-24 12:09:16,945 - hetero_ne_guest.py[line:293] - INFO: Remote loss to arbiter"
"2019-08-24 12:09:17,227 - hetero_ne_guest.py[line:190] - INFO: batch:1"
"2019-08-24 12:09:34,646 - hetero_ne_guest.py[line:226] - INFO: Get host_forward from host"
"2019-08-24 12:09:35,676 - hetero_ne_guest.py[line:246] - INFO: Remote host_gradient to arbiter"
"2019-08-24 12:09:36,484 - hetero_ne_guest.py[line:262] - INFO: Remote guest_gradient to arbiter"
"2019-08-24 12:09:36,887 - hetero_ne_guest.py[line:271] - INFO: Get optim_guest_gradient from arbiter"
"2019-08-24 12:09:36,887 - hetero_ne_guest.py[line:274] - INFO: update node embedding"
"2019-08-24 12:09:37,344 - hetero_ne_guest.py[line:293] - INFO: Remote loss to arbiter"
"2019-08-24 12:09:37,894 - hetero_ne_guest.py[line:190] - INFO: batch:2"
"2019-08-24 12:09:55,360 - hetero_ne_guest.py[line:226] - INFO: Get host_forward from host"
"2019-08-24 12:09:56,270 - hetero_ne_guest.py[line:246] - INFO: Remote host_gradient to arbiter"
"2019-08-24 12:09:57,046 - hetero_ne_guest.py[line:262] - INFO: Remote guest_gradient to arbiter"
"2019-08-24 12:09:57,649 - hetero_ne_guest.py[line:271] - INFO: Get optim_guest_gradient from arbiter"
"2019-08-24 12:09:57,649 - hetero_ne_guest.py[line:274] - INFO: update node embedding"
"2019-08-24 12:09:58,183 - hetero_ne_guest.py[line:293] - INFO: Remote loss to arbiter"
"2019-08-24 12:09:58,491 - hetero_ne_guest.py[line:190] - INFO: batch:3"
"2019-08-24 12:10:16,756 - hetero_ne_guest.py[line:226] - INFO: Get host_forward from host"
"2019-08-24 12:10:17,631 - hetero_ne_guest.py[line:246] - INFO: Remote host_gradient to arbiter"
"2019-08-24 12:10:18,516 - hetero_ne_guest.py[line:262] - INFO: Remote guest_gradient to arbiter"
"2019-08-24 12:10:19,019 - hetero_ne_guest.py[line:271] - INFO: Get optim_guest_gradient from arbiter"
"2019-08-24 12:10:19,019 - hetero_ne_guest.py[line:274] - INFO: update node embedding"
"2019-08-24 12:10:19,495 - hetero_ne_guest.py[line:293] - INFO: Remote loss to arbiter"
"2019-08-24 12:10:19,754 - hetero_ne_guest.py[line:190] - INFO: batch:4"
"2019-08-24 12:10:27,581 - hetero_ne_guest.py[line:226] - INFO: Get host_forward from host"
"2019-08-24 12:10:28,233 - hetero_ne_guest.py[line:246] - INFO: Remote host_gradient to arbiter"
"2019-08-24 12:10:28,939 - hetero_ne_guest.py[line:262] - INFO: Remote guest_gradient to arbiter"
"2019-08-24 12:10:29,342 - hetero_ne_guest.py[line:271] - INFO: Get optim_guest_gradient from arbiter"
"2019-08-24 12:10:29,342 - hetero_ne_guest.py[line:274] - INFO: update node embedding"
"2019-08-24 12:10:29,556 - hetero_ne_guest.py[line:293] - INFO: Remote loss to arbiter"
"2019-08-24 12:10:30,947 - hetero_ne_guest.py[line:337] - INFO: Get is_stop flag from arbiter:False"
"2019-08-24 12:10:30,947 - hetero_ne_guest.py[line:133] - INFO: iter:3"
"2019-08-24 12:10:30,954 - hetero_ne_guest.py[line:142] - INFO: Local batch data count:1024"
"2019-08-24 12:10:36,287 - hetero_ne_guest.py[line:155] - INFO: gradient count:1024"
"2019-08-24 12:10:36,292 - hetero_ne_guest.py[line:142] - INFO: Local batch data count:1024"
"2019-08-24 12:10:42,150 - hetero_ne_guest.py[line:155] - INFO: gradient count:1024"
"2019-08-24 12:10:42,154 - hetero_ne_guest.py[line:142] - INFO: Local batch data count:1024"
"2019-08-24 12:10:47,746 - hetero_ne_guest.py[line:155] - INFO: gradient count:1024"
"2019-08-24 12:10:47,751 - hetero_ne_guest.py[line:142] - INFO: Local batch data count:1024"
"2019-08-24 12:10:53,161 - hetero_ne_guest.py[line:155] - INFO: gradient count:1024"
"2019-08-24 12:10:53,165 - hetero_ne_guest.py[line:142] - INFO: Local batch data count:1024"
"2019-08-24 12:10:58,765 - hetero_ne_guest.py[line:155] - INFO: gradient count:1024"
"2019-08-24 12:10:58,770 - hetero_ne_guest.py[line:142] - INFO: Local batch data count:1024"
"2019-08-24 12:11:04,559 - hetero_ne_guest.py[line:155] - INFO: gradient count:1024"
"2019-08-24 12:11:04,565 - hetero_ne_guest.py[line:142] - INFO: Local batch data count:1024"
"2019-08-24 12:11:11,573 - hetero_ne_guest.py[line:155] - INFO: gradient count:1024"
"2019-08-24 12:11:11,578 - hetero_ne_guest.py[line:142] - INFO: Local batch data count:1024"
"2019-08-24 12:11:18,591 - hetero_ne_guest.py[line:155] - INFO: gradient count:1024"
"2019-08-24 12:11:18,597 - hetero_ne_guest.py[line:142] - INFO: Local batch data count:1024"
"2019-08-24 12:11:25,000 - hetero_ne_guest.py[line:155] - INFO: gradient count:1024"
"2019-08-24 12:11:25,006 - hetero_ne_guest.py[line:142] - INFO: Local batch data count:1024"
"2019-08-24 12:11:31,152 - hetero_ne_guest.py[line:155] - INFO: gradient count:1024"
"2019-08-24 12:11:31,157 - hetero_ne_guest.py[line:142] - INFO: Local batch data count:1024"
"2019-08-24 12:11:38,099 - hetero_ne_guest.py[line:155] - INFO: gradient count:1024"
"2019-08-24 12:11:38,106 - hetero_ne_guest.py[line:142] - INFO: Local batch data count:1024"
"2019-08-24 12:11:44,979 - hetero_ne_guest.py[line:155] - INFO: gradient count:1024"
"2019-08-24 12:11:44,984 - hetero_ne_guest.py[line:142] - INFO: Local batch data count:1024"
"2019-08-24 12:11:52,170 - hetero_ne_guest.py[line:155] - INFO: gradient count:1024"
"2019-08-24 12:11:52,175 - hetero_ne_guest.py[line:142] - INFO: Local batch data count:1024"
"2019-08-24 12:11:59,027 - hetero_ne_guest.py[line:155] - INFO: gradient count:1024"
"2019-08-24 12:11:59,032 - hetero_ne_guest.py[line:142] - INFO: Local batch data count:1024"
"2019-08-24 12:12:05,971 - hetero_ne_guest.py[line:155] - INFO: gradient count:1024"
"2019-08-24 12:12:05,976 - hetero_ne_guest.py[line:142] - INFO: Local batch data count:1024"
"2019-08-24 12:12:13,635 - hetero_ne_guest.py[line:155] - INFO: gradient count:1024"
"2019-08-24 12:12:13,640 - hetero_ne_guest.py[line:142] - INFO: Local batch data count:1024"
"2019-08-24 12:12:20,674 - hetero_ne_guest.py[line:155] - INFO: gradient count:1024"
"2019-08-24 12:12:20,679 - hetero_ne_guest.py[line:142] - INFO: Local batch data count:1024"
"2019-08-24 12:12:28,725 - hetero_ne_guest.py[line:155] - INFO: gradient count:1024"
"2019-08-24 12:12:28,731 - hetero_ne_guest.py[line:142] - INFO: Local batch data count:1024"
"2019-08-24 12:12:36,386 - hetero_ne_guest.py[line:155] - INFO: gradient count:1024"
"2019-08-24 12:12:36,391 - hetero_ne_guest.py[line:142] - INFO: Local batch data count:680"
"2019-08-24 12:12:43,585 - hetero_ne_guest.py[line:155] - INFO: gradient count:680"
"2019-08-24 12:12:45,713 - hetero_ne_guest.py[line:179] - INFO: Iter 3, Local loss: 1.44333168994908"
"2019-08-24 12:12:45,713 - hetero_ne_guest.py[line:190] - INFO: batch:0"
"2019-08-24 12:13:03,881 - hetero_ne_guest.py[line:226] - INFO: Get host_forward from host"
"2019-08-24 12:13:05,240 - hetero_ne_guest.py[line:246] - INFO: Remote host_gradient to arbiter"
"2019-08-24 12:13:06,094 - hetero_ne_guest.py[line:262] - INFO: Remote guest_gradient to arbiter"
"2019-08-24 12:13:06,597 - hetero_ne_guest.py[line:271] - INFO: Get optim_guest_gradient from arbiter"
"2019-08-24 12:13:06,597 - hetero_ne_guest.py[line:274] - INFO: update node embedding"
"2019-08-24 12:13:06,949 - hetero_ne_guest.py[line:293] - INFO: Remote loss to arbiter"
"2019-08-24 12:13:08,158 - hetero_ne_guest.py[line:190] - INFO: batch:1"
"2019-08-24 12:13:26,143 - hetero_ne_guest.py[line:226] - INFO: Get host_forward from host"
"2019-08-24 12:13:26,987 - hetero_ne_guest.py[line:246] - INFO: Remote host_gradient to arbiter"
"2019-08-24 12:13:27,942 - hetero_ne_guest.py[line:262] - INFO: Remote guest_gradient to arbiter"
"2019-08-24 12:13:28,345 - hetero_ne_guest.py[line:271] - INFO: Get optim_guest_gradient from arbiter"
"2019-08-24 12:13:28,345 - hetero_ne_guest.py[line:274] - INFO: update node embedding"
"2019-08-24 12:13:28,623 - hetero_ne_guest.py[line:293] - INFO: Remote loss to arbiter"
"2019-08-24 12:13:29,266 - hetero_ne_guest.py[line:190] - INFO: batch:2"
"2019-08-24 12:13:46,115 - hetero_ne_guest.py[line:226] - INFO: Get host_forward from host"
"2019-08-24 12:13:47,216 - hetero_ne_guest.py[line:246] - INFO: Remote host_gradient to arbiter"
"2019-08-24 12:13:48,003 - hetero_ne_guest.py[line:262] - INFO: Remote guest_gradient to arbiter"
"2019-08-24 12:13:48,606 - hetero_ne_guest.py[line:271] - INFO: Get optim_guest_gradient from arbiter"
"2019-08-24 12:13:48,606 - hetero_ne_guest.py[line:274] - INFO: update node embedding"
"2019-08-24 12:13:48,930 - hetero_ne_guest.py[line:293] - INFO: Remote loss to arbiter"
"2019-08-24 12:13:49,550 - hetero_ne_guest.py[line:190] - INFO: batch:3"
"2019-08-24 12:14:06,886 - hetero_ne_guest.py[line:226] - INFO: Get host_forward from host"
"2019-08-24 12:14:07,946 - hetero_ne_guest.py[line:246] - INFO: Remote host_gradient to arbiter"
"2019-08-24 12:14:08,704 - hetero_ne_guest.py[line:262] - INFO: Remote guest_gradient to arbiter"
"2019-08-24 12:14:09,308 - hetero_ne_guest.py[line:271] - INFO: Get optim_guest_gradient from arbiter"
"2019-08-24 12:14:09,308 - hetero_ne_guest.py[line:274] - INFO: update node embedding"
"2019-08-24 12:14:09,670 - hetero_ne_guest.py[line:293] - INFO: Remote loss to arbiter"
"2019-08-24 12:14:10,311 - hetero_ne_guest.py[line:190] - INFO: batch:4"
"2019-08-24 12:14:17,284 - hetero_ne_guest.py[line:226] - INFO: Get host_forward from host"
"2019-08-24 12:14:17,957 - hetero_ne_guest.py[line:246] - INFO: Remote host_gradient to arbiter"
"2019-08-24 12:14:18,750 - hetero_ne_guest.py[line:262] - INFO: Remote guest_gradient to arbiter"
"2019-08-24 12:14:19,053 - hetero_ne_guest.py[line:271] - INFO: Get optim_guest_gradient from arbiter"
"2019-08-24 12:14:19,053 - hetero_ne_guest.py[line:274] - INFO: update node embedding"
"2019-08-24 12:14:19,597 - hetero_ne_guest.py[line:293] - INFO: Remote loss to arbiter"
"2019-08-24 12:14:20,712 - hetero_ne_guest.py[line:337] - INFO: Get is_stop flag from arbiter:False"
"2019-08-24 12:14:20,712 - hetero_ne_guest.py[line:133] - INFO: iter:4"
"2019-08-24 12:14:20,718 - hetero_ne_guest.py[line:142] - INFO: Local batch data count:1024"
"2019-08-24 12:14:26,270 - hetero_ne_guest.py[line:155] - INFO: gradient count:1024"
"2019-08-24 12:14:26,275 - hetero_ne_guest.py[line:142] - INFO: Local batch data count:1024"
"2019-08-24 12:14:32,190 - hetero_ne_guest.py[line:155] - INFO: gradient count:1024"
"2019-08-24 12:14:32,195 - hetero_ne_guest.py[line:142] - INFO: Local batch data count:1024"
"2019-08-24 12:14:38,613 - hetero_ne_guest.py[line:155] - INFO: gradient count:1024"
"2019-08-24 12:14:38,618 - hetero_ne_guest.py[line:142] - INFO: Local batch data count:1024"
"2019-08-24 12:14:44,529 - hetero_ne_guest.py[line:155] - INFO: gradient count:1024"
"2019-08-24 12:14:44,534 - hetero_ne_guest.py[line:142] - INFO: Local batch data count:1024"
"2019-08-24 12:14:49,640 - hetero_ne_guest.py[line:155] - INFO: gradient count:1024"
"2019-08-24 12:14:49,644 - hetero_ne_guest.py[line:142] - INFO: Local batch data count:1024"
"2019-08-24 12:14:55,568 - hetero_ne_guest.py[line:155] - INFO: gradient count:1024"
"2019-08-24 12:14:55,573 - hetero_ne_guest.py[line:142] - INFO: Local batch data count:1024"
"2019-08-24 12:15:01,595 - hetero_ne_guest.py[line:155] - INFO: gradient count:1024"
"2019-08-24 12:15:01,600 - hetero_ne_guest.py[line:142] - INFO: Local batch data count:1024"
"2019-08-24 12:15:08,204 - hetero_ne_guest.py[line:155] - INFO: gradient count:1024"
"2019-08-24 12:15:08,208 - hetero_ne_guest.py[line:142] - INFO: Local batch data count:1024"
"2019-08-24 12:15:15,193 - hetero_ne_guest.py[line:155] - INFO: gradient count:1024"
"2019-08-24 12:15:15,197 - hetero_ne_guest.py[line:142] - INFO: Local batch data count:1024"
"2019-08-24 12:15:21,777 - hetero_ne_guest.py[line:155] - INFO: gradient count:1024"
"2019-08-24 12:15:21,782 - hetero_ne_guest.py[line:142] - INFO: Local batch data count:1024"
"2019-08-24 12:15:27,887 - hetero_ne_guest.py[line:155] - INFO: gradient count:1024"
"2019-08-24 12:15:27,893 - hetero_ne_guest.py[line:142] - INFO: Local batch data count:1024"
"2019-08-24 12:15:34,419 - hetero_ne_guest.py[line:155] - INFO: gradient count:1024"
"2019-08-24 12:15:34,424 - hetero_ne_guest.py[line:142] - INFO: Local batch data count:1024"
"2019-08-24 12:15:40,401 - hetero_ne_guest.py[line:155] - INFO: gradient count:1024"
"2019-08-24 12:15:40,407 - hetero_ne_guest.py[line:142] - INFO: Local batch data count:1024"
"2019-08-24 12:15:47,833 - hetero_ne_guest.py[line:155] - INFO: gradient count:1024"
"2019-08-24 12:15:47,838 - hetero_ne_guest.py[line:142] - INFO: Local batch data count:1024"
"2019-08-24 12:15:54,648 - hetero_ne_guest.py[line:155] - INFO: gradient count:1024"
"2019-08-24 12:15:54,653 - hetero_ne_guest.py[line:142] - INFO: Local batch data count:1024"
"2019-08-24 12:16:01,491 - hetero_ne_guest.py[line:155] - INFO: gradient count:1024"
"2019-08-24 12:16:01,496 - hetero_ne_guest.py[line:142] - INFO: Local batch data count:1024"
"2019-08-24 12:16:08,147 - hetero_ne_guest.py[line:155] - INFO: gradient count:1024"
"2019-08-24 12:16:08,152 - hetero_ne_guest.py[line:142] - INFO: Local batch data count:1024"
"2019-08-24 12:16:14,828 - hetero_ne_guest.py[line:155] - INFO: gradient count:1024"
"2019-08-24 12:16:14,833 - hetero_ne_guest.py[line:142] - INFO: Local batch data count:1024"
"2019-08-24 12:16:22,222 - hetero_ne_guest.py[line:155] - INFO: gradient count:1024"
"2019-08-24 12:16:22,227 - hetero_ne_guest.py[line:142] - INFO: Local batch data count:680"
"2019-08-24 12:16:28,281 - hetero_ne_guest.py[line:155] - INFO: gradient count:680"
"2019-08-24 12:16:28,918 - hetero_ne_guest.py[line:179] - INFO: Iter 4, Local loss: 1.4362719713261352"
"2019-08-24 12:16:28,918 - hetero_ne_guest.py[line:190] - INFO: batch:0"
"2019-08-24 12:16:47,232 - hetero_ne_guest.py[line:226] - INFO: Get host_forward from host"
"2019-08-24 12:16:48,289 - hetero_ne_guest.py[line:246] - INFO: Remote host_gradient to arbiter"
"2019-08-24 12:16:49,908 - hetero_ne_guest.py[line:262] - INFO: Remote guest_gradient to arbiter"
"2019-08-24 12:16:50,411 - hetero_ne_guest.py[line:271] - INFO: Get optim_guest_gradient from arbiter"
"2019-08-24 12:16:50,411 - hetero_ne_guest.py[line:274] - INFO: update node embedding"
"2019-08-24 12:16:50,751 - hetero_ne_guest.py[line:293] - INFO: Remote loss to arbiter"
"2019-08-24 12:16:51,472 - hetero_ne_guest.py[line:190] - INFO: batch:1"
"2019-08-24 12:17:09,645 - hetero_ne_guest.py[line:226] - INFO: Get host_forward from host"
"2019-08-24 12:17:10,589 - hetero_ne_guest.py[line:246] - INFO: Remote host_gradient to arbiter"
"2019-08-24 12:17:11,385 - hetero_ne_guest.py[line:262] - INFO: Remote guest_gradient to arbiter"
"2019-08-24 12:17:11,989 - hetero_ne_guest.py[line:271] - INFO: Get optim_guest_gradient from arbiter"
"2019-08-24 12:17:11,989 - hetero_ne_guest.py[line:274] - INFO: update node embedding"
"2019-08-24 12:17:12,418 - hetero_ne_guest.py[line:293] - INFO: Remote loss to arbiter"
"2019-08-24 12:17:12,874 - hetero_ne_guest.py[line:190] - INFO: batch:2"
"2019-08-24 12:17:31,561 - hetero_ne_guest.py[line:226] - INFO: Get host_forward from host"
"2019-08-24 12:17:32,475 - hetero_ne_guest.py[line:246] - INFO: Remote host_gradient to arbiter"
"2019-08-24 12:17:33,326 - hetero_ne_guest.py[line:262] - INFO: Remote guest_gradient to arbiter"
"2019-08-24 12:17:33,829 - hetero_ne_guest.py[line:271] - INFO: Get optim_guest_gradient from arbiter"
"2019-08-24 12:17:33,829 - hetero_ne_guest.py[line:274] - INFO: update node embedding"
"2019-08-24 12:17:34,362 - hetero_ne_guest.py[line:293] - INFO: Remote loss to arbiter"
"2019-08-24 12:17:34,787 - hetero_ne_guest.py[line:190] - INFO: batch:3"
"2019-08-24 12:17:52,178 - hetero_ne_guest.py[line:226] - INFO: Get host_forward from host"
"2019-08-24 12:17:53,140 - hetero_ne_guest.py[line:246] - INFO: Remote host_gradient to arbiter"
"2019-08-24 12:17:54,077 - hetero_ne_guest.py[line:262] - INFO: Remote guest_gradient to arbiter"
"2019-08-24 12:17:54,580 - hetero_ne_guest.py[line:271] - INFO: Get optim_guest_gradient from arbiter"
"2019-08-24 12:17:54,580 - hetero_ne_guest.py[line:274] - INFO: update node embedding"
"2019-08-24 12:17:55,193 - hetero_ne_guest.py[line:293] - INFO: Remote loss to arbiter"
"2019-08-24 12:17:55,765 - hetero_ne_guest.py[line:190] - INFO: batch:4"
"2019-08-24 12:18:03,762 - hetero_ne_guest.py[line:226] - INFO: Get host_forward from host"
"2019-08-24 12:18:04,584 - hetero_ne_guest.py[line:246] - INFO: Remote host_gradient to arbiter"
"2019-08-24 12:18:05,636 - hetero_ne_guest.py[line:262] - INFO: Remote guest_gradient to arbiter"
"2019-08-24 12:18:05,939 - hetero_ne_guest.py[line:271] - INFO: Get optim_guest_gradient from arbiter"
"2019-08-24 12:18:05,939 - hetero_ne_guest.py[line:274] - INFO: update node embedding"
"2019-08-24 12:18:06,139 - hetero_ne_guest.py[line:293] - INFO: Remote loss to arbiter"
"2019-08-24 12:18:07,771 - hetero_ne_guest.py[line:337] - INFO: Get is_stop flag from arbiter:False"
"2019-08-24 12:18:07,771 - hetero_ne_guest.py[line:133] - INFO: iter:5"
"2019-08-24 12:18:07,780 - hetero_ne_guest.py[line:142] - INFO: Local batch data count:1024"
"2019-08-24 12:18:13,684 - hetero_ne_guest.py[line:155] - INFO: gradient count:1024"
"2019-08-24 12:18:13,690 - hetero_ne_guest.py[line:142] - INFO: Local batch data count:1024"
"2019-08-24 12:18:18,851 - hetero_ne_guest.py[line:155] - INFO: gradient count:1024"
"2019-08-24 12:18:18,856 - hetero_ne_guest.py[line:142] - INFO: Local batch data count:1024"
"2019-08-24 12:18:24,408 - hetero_ne_guest.py[line:155] - INFO: gradient count:1024"
"2019-08-24 12:18:24,413 - hetero_ne_guest.py[line:142] - INFO: Local batch data count:1024"
"2019-08-24 12:18:29,530 - hetero_ne_guest.py[line:155] - INFO: gradient count:1024"
"2019-08-24 12:18:29,535 - hetero_ne_guest.py[line:142] - INFO: Local batch data count:1024"
"2019-08-24 12:18:35,480 - hetero_ne_guest.py[line:155] - INFO: gradient count:1024"
"2019-08-24 12:18:35,486 - hetero_ne_guest.py[line:142] - INFO: Local batch data count:1024"
"2019-08-24 12:18:41,096 - hetero_ne_guest.py[line:155] - INFO: gradient count:1024"
"2019-08-24 12:18:41,101 - hetero_ne_guest.py[line:142] - INFO: Local batch data count:1024"
"2019-08-24 12:18:47,454 - hetero_ne_guest.py[line:155] - INFO: gradient count:1024"
"2019-08-24 12:18:47,459 - hetero_ne_guest.py[line:142] - INFO: Local batch data count:1024"
"2019-08-24 12:18:54,228 - hetero_ne_guest.py[line:155] - INFO: gradient count:1024"
"2019-08-24 12:18:54,232 - hetero_ne_guest.py[line:142] - INFO: Local batch data count:1024"
"2019-08-24 12:19:01,562 - hetero_ne_guest.py[line:155] - INFO: gradient count:1024"
"2019-08-24 12:19:01,567 - hetero_ne_guest.py[line:142] - INFO: Local batch data count:1024"
"2019-08-24 12:19:09,362 - hetero_ne_guest.py[line:155] - INFO: gradient count:1024"
"2019-08-24 12:19:09,367 - hetero_ne_guest.py[line:142] - INFO: Local batch data count:1024"
"2019-08-24 12:19:15,966 - hetero_ne_guest.py[line:155] - INFO: gradient count:1024"
"2019-08-24 12:19:15,970 - hetero_ne_guest.py[line:142] - INFO: Local batch data count:1024"
"2019-08-24 12:19:22,978 - hetero_ne_guest.py[line:155] - INFO: gradient count:1024"
"2019-08-24 12:19:22,985 - hetero_ne_guest.py[line:142] - INFO: Local batch data count:1024"
"2019-08-24 12:19:29,545 - hetero_ne_guest.py[line:155] - INFO: gradient count:1024"
"2019-08-24 12:19:29,551 - hetero_ne_guest.py[line:142] - INFO: Local batch data count:1024"
"2019-08-24 12:19:36,654 - hetero_ne_guest.py[line:155] - INFO: gradient count:1024"
"2019-08-24 12:19:36,658 - hetero_ne_guest.py[line:142] - INFO: Local batch data count:1024"
"2019-08-24 12:19:43,882 - hetero_ne_guest.py[line:155] - INFO: gradient count:1024"
"2019-08-24 12:19:43,887 - hetero_ne_guest.py[line:142] - INFO: Local batch data count:1024"
"2019-08-24 12:19:51,063 - hetero_ne_guest.py[line:155] - INFO: gradient count:1024"
"2019-08-24 12:19:51,069 - hetero_ne_guest.py[line:142] - INFO: Local batch data count:1024"
"2019-08-24 12:19:57,454 - hetero_ne_guest.py[line:155] - INFO: gradient count:1024"
"2019-08-24 12:19:57,459 - hetero_ne_guest.py[line:142] - INFO: Local batch data count:1024"
"2019-08-24 12:20:03,560 - hetero_ne_guest.py[line:155] - INFO: gradient count:1024"
"2019-08-24 12:20:03,564 - hetero_ne_guest.py[line:142] - INFO: Local batch data count:1024"
"2019-08-24 12:20:09,803 - hetero_ne_guest.py[line:155] - INFO: gradient count:1024"
"2019-08-24 12:20:09,808 - hetero_ne_guest.py[line:142] - INFO: Local batch data count:680"
"2019-08-24 12:20:16,843 - hetero_ne_guest.py[line:155] - INFO: gradient count:680"
"2019-08-24 12:20:17,261 - hetero_ne_guest.py[line:179] - INFO: Iter 5, Local loss: 1.4304435493955296"
"2019-08-24 12:20:17,261 - hetero_ne_guest.py[line:190] - INFO: batch:0"
"2019-08-24 12:20:35,102 - hetero_ne_guest.py[line:226] - INFO: Get host_forward from host"
"2019-08-24 12:20:36,210 - hetero_ne_guest.py[line:246] - INFO: Remote host_gradient to arbiter"
"2019-08-24 12:20:37,640 - hetero_ne_guest.py[line:262] - INFO: Remote guest_gradient to arbiter"
"2019-08-24 12:20:38,148 - hetero_ne_guest.py[line:271] - INFO: Get optim_guest_gradient from arbiter"
"2019-08-24 12:20:38,148 - hetero_ne_guest.py[line:274] - INFO: update node embedding"
"2019-08-24 12:20:38,540 - hetero_ne_guest.py[line:293] - INFO: Remote loss to arbiter"
"2019-08-24 12:20:38,901 - hetero_ne_guest.py[line:190] - INFO: batch:1"
"2019-08-24 12:20:56,259 - hetero_ne_guest.py[line:226] - INFO: Get host_forward from host"
"2019-08-24 12:20:57,342 - hetero_ne_guest.py[line:246] - INFO: Remote host_gradient to arbiter"
"2019-08-24 12:20:58,200 - hetero_ne_guest.py[line:262] - INFO: Remote guest_gradient to arbiter"
"2019-08-24 12:20:58,603 - hetero_ne_guest.py[line:271] - INFO: Get optim_guest_gradient from arbiter"
"2019-08-24 12:20:58,603 - hetero_ne_guest.py[line:274] - INFO: update node embedding"
"2019-08-24 12:20:59,045 - hetero_ne_guest.py[line:293] - INFO: Remote loss to arbiter"
"2019-08-24 12:20:59,635 - hetero_ne_guest.py[line:190] - INFO: batch:2"
"2019-08-24 12:21:17,452 - hetero_ne_guest.py[line:226] - INFO: Get host_forward from host"
"2019-08-24 12:21:18,344 - hetero_ne_guest.py[line:246] - INFO: Remote host_gradient to arbiter"
"2019-08-24 12:21:19,173 - hetero_ne_guest.py[line:262] - INFO: Remote guest_gradient to arbiter"
"2019-08-24 12:21:19,475 - hetero_ne_guest.py[line:271] - INFO: Get optim_guest_gradient from arbiter"
"2019-08-24 12:21:19,475 - hetero_ne_guest.py[line:274] - INFO: update node embedding"
"2019-08-24 12:21:19,886 - hetero_ne_guest.py[line:293] - INFO: Remote loss to arbiter"
"2019-08-24 12:21:20,456 - hetero_ne_guest.py[line:190] - INFO: batch:3"
"2019-08-24 12:21:38,217 - hetero_ne_guest.py[line:226] - INFO: Get host_forward from host"
"2019-08-24 12:21:39,429 - hetero_ne_guest.py[line:246] - INFO: Remote host_gradient to arbiter"
"2019-08-24 12:21:40,190 - hetero_ne_guest.py[line:262] - INFO: Remote guest_gradient to arbiter"
"2019-08-24 12:21:40,493 - hetero_ne_guest.py[line:271] - INFO: Get optim_guest_gradient from arbiter"
"2019-08-24 12:21:40,493 - hetero_ne_guest.py[line:274] - INFO: update node embedding"
"2019-08-24 12:21:41,060 - hetero_ne_guest.py[line:293] - INFO: Remote loss to arbiter"
"2019-08-24 12:21:41,609 - hetero_ne_guest.py[line:190] - INFO: batch:4"
"2019-08-24 12:21:48,913 - hetero_ne_guest.py[line:226] - INFO: Get host_forward from host"
"2019-08-24 12:21:49,585 - hetero_ne_guest.py[line:246] - INFO: Remote host_gradient to arbiter"
"2019-08-24 12:21:50,653 - hetero_ne_guest.py[line:262] - INFO: Remote guest_gradient to arbiter"
"2019-08-24 12:21:50,956 - hetero_ne_guest.py[line:271] - INFO: Get optim_guest_gradient from arbiter"
"2019-08-24 12:21:50,956 - hetero_ne_guest.py[line:274] - INFO: update node embedding"
"2019-08-24 12:21:51,199 - hetero_ne_guest.py[line:293] - INFO: Remote loss to arbiter"
"2019-08-24 12:21:52,353 - hetero_ne_guest.py[line:337] - INFO: Get is_stop flag from arbiter:False"
"2019-08-24 12:21:52,353 - hetero_ne_guest.py[line:133] - INFO: iter:6"
"2019-08-24 12:21:52,359 - hetero_ne_guest.py[line:142] - INFO: Local batch data count:1024"
"2019-08-24 12:21:58,013 - hetero_ne_guest.py[line:155] - INFO: gradient count:1024"
"2019-08-24 12:21:58,019 - hetero_ne_guest.py[line:142] - INFO: Local batch data count:1024"
"2019-08-24 12:22:03,775 - hetero_ne_guest.py[line:155] - INFO: gradient count:1024"
"2019-08-24 12:22:03,780 - hetero_ne_guest.py[line:142] - INFO: Local batch data count:1024"
"2019-08-24 12:22:09,018 - hetero_ne_guest.py[line:155] - INFO: gradient count:1024"
"2019-08-24 12:22:09,023 - hetero_ne_guest.py[line:142] - INFO: Local batch data count:1024"
"2019-08-24 12:22:14,452 - hetero_ne_guest.py[line:155] - INFO: gradient count:1024"
"2019-08-24 12:22:14,457 - hetero_ne_guest.py[line:142] - INFO: Local batch data count:1024"
"2019-08-24 12:22:20,168 - hetero_ne_guest.py[line:155] - INFO: gradient count:1024"
"2019-08-24 12:22:20,173 - hetero_ne_guest.py[line:142] - INFO: Local batch data count:1024"
"2019-08-24 12:22:25,763 - hetero_ne_guest.py[line:155] - INFO: gradient count:1024"
"2019-08-24 12:22:25,768 - hetero_ne_guest.py[line:142] - INFO: Local batch data count:1024"
"2019-08-24 12:22:33,585 - hetero_ne_guest.py[line:155] - INFO: gradient count:1024"
"2019-08-24 12:22:33,590 - hetero_ne_guest.py[line:142] - INFO: Local batch data count:1024"
"2019-08-24 12:22:39,844 - hetero_ne_guest.py[line:155] - INFO: gradient count:1024"
"2019-08-24 12:22:39,848 - hetero_ne_guest.py[line:142] - INFO: Local batch data count:1024"
"2019-08-24 12:22:47,030 - hetero_ne_guest.py[line:155] - INFO: gradient count:1024"
"2019-08-24 12:22:47,034 - hetero_ne_guest.py[line:142] - INFO: Local batch data count:1024"
"2019-08-24 12:22:52,886 - hetero_ne_guest.py[line:155] - INFO: gradient count:1024"
"2019-08-24 12:22:52,891 - hetero_ne_guest.py[line:142] - INFO: Local batch data count:1024"
"2019-08-24 12:22:59,677 - hetero_ne_guest.py[line:155] - INFO: gradient count:1024"
"2019-08-24 12:22:59,682 - hetero_ne_guest.py[line:142] - INFO: Local batch data count:1024"
"2019-08-24 12:23:05,899 - hetero_ne_guest.py[line:155] - INFO: gradient count:1024"
"2019-08-24 12:23:05,904 - hetero_ne_guest.py[line:142] - INFO: Local batch data count:1024"
"2019-08-24 12:23:14,942 - hetero_ne_guest.py[line:155] - INFO: gradient count:1024"
"2019-08-24 12:23:14,947 - hetero_ne_guest.py[line:142] - INFO: Local batch data count:1024"
"2019-08-24 12:23:22,724 - hetero_ne_guest.py[line:155] - INFO: gradient count:1024"
"2019-08-24 12:23:22,741 - hetero_ne_guest.py[line:142] - INFO: Local batch data count:1024"
"2019-08-24 12:23:27,912 - hetero_ne_guest.py[line:155] - INFO: gradient count:1024"
"2019-08-24 12:23:27,916 - hetero_ne_guest.py[line:142] - INFO: Local batch data count:1024"
"2019-08-24 12:23:35,845 - hetero_ne_guest.py[line:155] - INFO: gradient count:1024"
"2019-08-24 12:23:35,850 - hetero_ne_guest.py[line:142] - INFO: Local batch data count:1024"
"2019-08-24 12:23:42,356 - hetero_ne_guest.py[line:155] - INFO: gradient count:1024"
"2019-08-24 12:23:42,360 - hetero_ne_guest.py[line:142] - INFO: Local batch data count:1024"
"2019-08-24 12:23:48,646 - hetero_ne_guest.py[line:155] - INFO: gradient count:1024"
"2019-08-24 12:23:48,651 - hetero_ne_guest.py[line:142] - INFO: Local batch data count:1024"
"2019-08-24 12:23:56,079 - hetero_ne_guest.py[line:155] - INFO: gradient count:1024"
"2019-08-24 12:23:56,084 - hetero_ne_guest.py[line:142] - INFO: Local batch data count:680"
"2019-08-24 12:24:02,030 - hetero_ne_guest.py[line:155] - INFO: gradient count:680"
"2019-08-24 12:24:02,531 - hetero_ne_guest.py[line:179] - INFO: Iter 6, Local loss: 1.425563962400464"
"2019-08-24 12:24:02,531 - hetero_ne_guest.py[line:190] - INFO: batch:0"
"2019-08-24 12:24:21,038 - hetero_ne_guest.py[line:226] - INFO: Get host_forward from host"
"2019-08-24 12:24:22,212 - hetero_ne_guest.py[line:246] - INFO: Remote host_gradient to arbiter"
"2019-08-24 12:24:23,364 - hetero_ne_guest.py[line:262] - INFO: Remote guest_gradient to arbiter"
"2019-08-24 12:24:23,667 - hetero_ne_guest.py[line:271] - INFO: Get optim_guest_gradient from arbiter"
"2019-08-24 12:24:23,667 - hetero_ne_guest.py[line:274] - INFO: update node embedding"
"2019-08-24 12:24:24,123 - hetero_ne_guest.py[line:293] - INFO: Remote loss to arbiter"
"2019-08-24 12:24:26,003 - hetero_ne_guest.py[line:190] - INFO: batch:1"
"2019-08-24 12:24:43,052 - hetero_ne_guest.py[line:226] - INFO: Get host_forward from host"
"2019-08-24 12:24:43,970 - hetero_ne_guest.py[line:246] - INFO: Remote host_gradient to arbiter"
"2019-08-24 12:24:44,691 - hetero_ne_guest.py[line:262] - INFO: Remote guest_gradient to arbiter"
"2019-08-24 12:24:45,294 - hetero_ne_guest.py[line:271] - INFO: Get optim_guest_gradient from arbiter"
"2019-08-24 12:24:45,295 - hetero_ne_guest.py[line:274] - INFO: update node embedding"
"2019-08-24 12:24:45,824 - hetero_ne_guest.py[line:293] - INFO: Remote loss to arbiter"
"2019-08-24 12:24:46,266 - hetero_ne_guest.py[line:190] - INFO: batch:2"
"2019-08-24 12:25:04,229 - hetero_ne_guest.py[line:226] - INFO: Get host_forward from host"
"2019-08-24 12:25:05,132 - hetero_ne_guest.py[line:246] - INFO: Remote host_gradient to arbiter"
"2019-08-24 12:25:05,946 - hetero_ne_guest.py[line:262] - INFO: Remote guest_gradient to arbiter"
"2019-08-24 12:25:06,248 - hetero_ne_guest.py[line:271] - INFO: Get optim_guest_gradient from arbiter"
"2019-08-24 12:25:06,248 - hetero_ne_guest.py[line:274] - INFO: update node embedding"
"2019-08-24 12:25:06,776 - hetero_ne_guest.py[line:293] - INFO: Remote loss to arbiter"
"2019-08-24 12:25:07,348 - hetero_ne_guest.py[line:190] - INFO: batch:3"
"2019-08-24 12:25:24,954 - hetero_ne_guest.py[line:226] - INFO: Get host_forward from host"
"2019-08-24 12:25:25,793 - hetero_ne_guest.py[line:246] - INFO: Remote host_gradient to arbiter"
"2019-08-24 12:25:26,542 - hetero_ne_guest.py[line:262] - INFO: Remote guest_gradient to arbiter"
"2019-08-24 12:25:26,945 - hetero_ne_guest.py[line:271] - INFO: Get optim_guest_gradient from arbiter"
"2019-08-24 12:25:26,945 - hetero_ne_guest.py[line:274] - INFO: update node embedding"
"2019-08-24 12:25:27,535 - hetero_ne_guest.py[line:293] - INFO: Remote loss to arbiter"
"2019-08-24 12:25:28,098 - hetero_ne_guest.py[line:190] - INFO: batch:4"
"2019-08-24 12:25:35,099 - hetero_ne_guest.py[line:226] - INFO: Get host_forward from host"
"2019-08-24 12:25:35,777 - hetero_ne_guest.py[line:246] - INFO: Remote host_gradient to arbiter"
"2019-08-24 12:25:36,515 - hetero_ne_guest.py[line:262] - INFO: Remote guest_gradient to arbiter"
"2019-08-24 12:25:36,818 - hetero_ne_guest.py[line:271] - INFO: Get optim_guest_gradient from arbiter"
"2019-08-24 12:25:36,818 - hetero_ne_guest.py[line:274] - INFO: update node embedding"
"2019-08-24 12:25:37,056 - hetero_ne_guest.py[line:293] - INFO: Remote loss to arbiter"
"2019-08-24 12:25:38,356 - hetero_ne_guest.py[line:337] - INFO: Get is_stop flag from arbiter:False"
"2019-08-24 12:25:38,356 - hetero_ne_guest.py[line:133] - INFO: iter:7"
"2019-08-24 12:25:38,362 - hetero_ne_guest.py[line:142] - INFO: Local batch data count:1024"
"2019-08-24 12:25:43,729 - hetero_ne_guest.py[line:155] - INFO: gradient count:1024"
"2019-08-24 12:25:43,734 - hetero_ne_guest.py[line:142] - INFO: Local batch data count:1024"
"2019-08-24 12:25:49,923 - hetero_ne_guest.py[line:155] - INFO: gradient count:1024"
"2019-08-24 12:25:49,928 - hetero_ne_guest.py[line:142] - INFO: Local batch data count:1024"
"2019-08-24 12:25:55,894 - hetero_ne_guest.py[line:155] - INFO: gradient count:1024"
"2019-08-24 12:25:55,898 - hetero_ne_guest.py[line:142] - INFO: Local batch data count:1024"
"2019-08-24 12:26:01,186 - hetero_ne_guest.py[line:155] - INFO: gradient count:1024"
"2019-08-24 12:26:01,191 - hetero_ne_guest.py[line:142] - INFO: Local batch data count:1024"
"2019-08-24 12:26:06,232 - hetero_ne_guest.py[line:155] - INFO: gradient count:1024"
"2019-08-24 12:26:06,237 - hetero_ne_guest.py[line:142] - INFO: Local batch data count:1024"
"2019-08-24 12:26:11,590 - hetero_ne_guest.py[line:155] - INFO: gradient count:1024"
"2019-08-24 12:26:11,595 - hetero_ne_guest.py[line:142] - INFO: Local batch data count:1024"
"2019-08-24 12:26:17,186 - hetero_ne_guest.py[line:155] - INFO: gradient count:1024"
"2019-08-24 12:26:17,190 - hetero_ne_guest.py[line:142] - INFO: Local batch data count:1024"
"2019-08-24 12:26:22,447 - hetero_ne_guest.py[line:155] - INFO: gradient count:1024"
"2019-08-24 12:26:22,451 - hetero_ne_guest.py[line:142] - INFO: Local batch data count:1024"
"2019-08-24 12:26:28,794 - hetero_ne_guest.py[line:155] - INFO: gradient count:1024"
"2019-08-24 12:26:28,798 - hetero_ne_guest.py[line:142] - INFO: Local batch data count:1024"
"2019-08-24 12:26:35,739 - hetero_ne_guest.py[line:155] - INFO: gradient count:1024"
"2019-08-24 12:26:35,744 - hetero_ne_guest.py[line:142] - INFO: Local batch data count:1024"
"2019-08-24 12:26:42,835 - hetero_ne_guest.py[line:155] - INFO: gradient count:1024"
"2019-08-24 12:26:42,839 - hetero_ne_guest.py[line:142] - INFO: Local batch data count:1024"
"2019-08-24 12:26:49,524 - hetero_ne_guest.py[line:155] - INFO: gradient count:1024"
"2019-08-24 12:26:49,529 - hetero_ne_guest.py[line:142] - INFO: Local batch data count:1024"
"2019-08-24 12:26:56,329 - hetero_ne_guest.py[line:155] - INFO: gradient count:1024"
"2019-08-24 12:26:56,334 - hetero_ne_guest.py[line:142] - INFO: Local batch data count:1024"
"2019-08-24 12:27:02,775 - hetero_ne_guest.py[line:155] - INFO: gradient count:1024"
"2019-08-24 12:27:02,780 - hetero_ne_guest.py[line:142] - INFO: Local batch data count:1024"
"2019-08-24 12:27:10,279 - hetero_ne_guest.py[line:155] - INFO: gradient count:1024"
"2019-08-24 12:27:10,284 - hetero_ne_guest.py[line:142] - INFO: Local batch data count:1024"
"2019-08-24 12:27:16,686 - hetero_ne_guest.py[line:155] - INFO: gradient count:1024"
"2019-08-24 12:27:16,692 - hetero_ne_guest.py[line:142] - INFO: Local batch data count:1024"
"2019-08-24 12:27:23,207 - hetero_ne_guest.py[line:155] - INFO: gradient count:1024"
"2019-08-24 12:27:23,212 - hetero_ne_guest.py[line:142] - INFO: Local batch data count:1024"
"2019-08-24 12:27:29,655 - hetero_ne_guest.py[line:155] - INFO: gradient count:1024"
"2019-08-24 12:27:29,659 - hetero_ne_guest.py[line:142] - INFO: Local batch data count:1024"
"2019-08-24 12:27:36,142 - hetero_ne_guest.py[line:155] - INFO: gradient count:1024"
"2019-08-24 12:27:36,146 - hetero_ne_guest.py[line:142] - INFO: Local batch data count:680"
"2019-08-24 12:27:42,306 - hetero_ne_guest.py[line:155] - INFO: gradient count:680"
"2019-08-24 12:27:42,818 - hetero_ne_guest.py[line:179] - INFO: Iter 7, Local loss: 1.4214282319221332"
"2019-08-24 12:27:42,818 - hetero_ne_guest.py[line:190] - INFO: batch:0"
"2019-08-24 12:27:59,999 - hetero_ne_guest.py[line:226] - INFO: Get host_forward from host"
"2019-08-24 12:28:00,873 - hetero_ne_guest.py[line:246] - INFO: Remote host_gradient to arbiter"
"2019-08-24 12:28:01,773 - hetero_ne_guest.py[line:262] - INFO: Remote guest_gradient to arbiter"
"2019-08-24 12:28:02,980 - hetero_ne_guest.py[line:271] - INFO: Get optim_guest_gradient from arbiter"
"2019-08-24 12:28:02,980 - hetero_ne_guest.py[line:274] - INFO: update node embedding"
"2019-08-24 12:28:03,284 - hetero_ne_guest.py[line:293] - INFO: Remote loss to arbiter"
"2019-08-24 12:28:03,796 - hetero_ne_guest.py[line:190] - INFO: batch:1"
"2019-08-24 12:28:20,672 - hetero_ne_guest.py[line:226] - INFO: Get host_forward from host"
"2019-08-24 12:28:21,729 - hetero_ne_guest.py[line:246] - INFO: Remote host_gradient to arbiter"
"2019-08-24 12:28:22,550 - hetero_ne_guest.py[line:262] - INFO: Remote guest_gradient to arbiter"
"2019-08-24 12:28:23,053 - hetero_ne_guest.py[line:271] - INFO: Get optim_guest_gradient from arbiter"
"2019-08-24 12:28:23,053 - hetero_ne_guest.py[line:274] - INFO: update node embedding"
"2019-08-24 12:28:23,451 - hetero_ne_guest.py[line:293] - INFO: Remote loss to arbiter"
"2019-08-24 12:28:24,169 - hetero_ne_guest.py[line:190] - INFO: batch:2"
"2019-08-24 12:28:41,168 - hetero_ne_guest.py[line:226] - INFO: Get host_forward from host"
"2019-08-24 12:28:42,116 - hetero_ne_guest.py[line:246] - INFO: Remote host_gradient to arbiter"
"2019-08-24 12:28:42,995 - hetero_ne_guest.py[line:262] - INFO: Remote guest_gradient to arbiter"
"2019-08-24 12:28:43,598 - hetero_ne_guest.py[line:271] - INFO: Get optim_guest_gradient from arbiter"
"2019-08-24 12:28:43,598 - hetero_ne_guest.py[line:274] - INFO: update node embedding"
"2019-08-24 12:28:43,993 - hetero_ne_guest.py[line:293] - INFO: Remote loss to arbiter"
"2019-08-24 12:28:44,490 - hetero_ne_guest.py[line:190] - INFO: batch:3"
"2019-08-24 12:29:02,023 - hetero_ne_guest.py[line:226] - INFO: Get host_forward from host"
"2019-08-24 12:29:03,041 - hetero_ne_guest.py[line:246] - INFO: Remote host_gradient to arbiter"
"2019-08-24 12:29:03,983 - hetero_ne_guest.py[line:262] - INFO: Remote guest_gradient to arbiter"
"2019-08-24 12:29:04,487 - hetero_ne_guest.py[line:271] - INFO: Get optim_guest_gradient from arbiter"
"2019-08-24 12:29:04,487 - hetero_ne_guest.py[line:274] - INFO: update node embedding"
"2019-08-24 12:29:05,134 - hetero_ne_guest.py[line:293] - INFO: Remote loss to arbiter"
"2019-08-24 12:29:05,590 - hetero_ne_guest.py[line:190] - INFO: batch:4"
"2019-08-24 12:29:12,394 - hetero_ne_guest.py[line:226] - INFO: Get host_forward from host"
"2019-08-24 12:29:12,974 - hetero_ne_guest.py[line:246] - INFO: Remote host_gradient to arbiter"
"2019-08-24 12:29:13,756 - hetero_ne_guest.py[line:262] - INFO: Remote guest_gradient to arbiter"
"2019-08-24 12:29:14,058 - hetero_ne_guest.py[line:271] - INFO: Get optim_guest_gradient from arbiter"
"2019-08-24 12:29:14,058 - hetero_ne_guest.py[line:274] - INFO: update node embedding"
"2019-08-24 12:29:14,419 - hetero_ne_guest.py[line:293] - INFO: Remote loss to arbiter"
"2019-08-24 12:29:16,049 - hetero_ne_guest.py[line:337] - INFO: Get is_stop flag from arbiter:False"
"2019-08-24 12:29:16,049 - hetero_ne_guest.py[line:133] - INFO: iter:8"
"2019-08-24 12:29:16,055 - hetero_ne_guest.py[line:142] - INFO: Local batch data count:1024"
"2019-08-24 12:29:21,963 - hetero_ne_guest.py[line:155] - INFO: gradient count:1024"
"2019-08-24 12:29:21,968 - hetero_ne_guest.py[line:142] - INFO: Local batch data count:1024"
"2019-08-24 12:29:27,097 - hetero_ne_guest.py[line:155] - INFO: gradient count:1024"
"2019-08-24 12:29:27,102 - hetero_ne_guest.py[line:142] - INFO: Local batch data count:1024"
"2019-08-24 12:29:32,142 - hetero_ne_guest.py[line:155] - INFO: gradient count:1024"
"2019-08-24 12:29:32,146 - hetero_ne_guest.py[line:142] - INFO: Local batch data count:1024"
"2019-08-24 12:29:37,352 - hetero_ne_guest.py[line:155] - INFO: gradient count:1024"
"2019-08-24 12:29:37,357 - hetero_ne_guest.py[line:142] - INFO: Local batch data count:1024"
"2019-08-24 12:29:42,500 - hetero_ne_guest.py[line:155] - INFO: gradient count:1024"
"2019-08-24 12:29:42,507 - hetero_ne_guest.py[line:142] - INFO: Local batch data count:1024"
"2019-08-24 12:29:47,950 - hetero_ne_guest.py[line:155] - INFO: gradient count:1024"
"2019-08-24 12:29:47,954 - hetero_ne_guest.py[line:142] - INFO: Local batch data count:1024"
"2019-08-24 12:29:55,000 - hetero_ne_guest.py[line:155] - INFO: gradient count:1024"
"2019-08-24 12:29:55,006 - hetero_ne_guest.py[line:142] - INFO: Local batch data count:1024"
"2019-08-24 12:30:02,544 - hetero_ne_guest.py[line:155] - INFO: gradient count:1024"
"2019-08-24 12:30:02,548 - hetero_ne_guest.py[line:142] - INFO: Local batch data count:1024"
"2019-08-24 12:30:09,814 - hetero_ne_guest.py[line:155] - INFO: gradient count:1024"
"2019-08-24 12:30:09,818 - hetero_ne_guest.py[line:142] - INFO: Local batch data count:1024"
"2019-08-24 12:30:17,439 - hetero_ne_guest.py[line:155] - INFO: gradient count:1024"
"2019-08-24 12:30:17,444 - hetero_ne_guest.py[line:142] - INFO: Local batch data count:1024"
"2019-08-24 12:30:23,286 - hetero_ne_guest.py[line:155] - INFO: gradient count:1024"
"2019-08-24 12:30:23,291 - hetero_ne_guest.py[line:142] - INFO: Local batch data count:1024"
"2019-08-24 12:30:30,130 - hetero_ne_guest.py[line:155] - INFO: gradient count:1024"
"2019-08-24 12:30:30,134 - hetero_ne_guest.py[line:142] - INFO: Local batch data count:1024"
"2019-08-24 12:30:35,791 - hetero_ne_guest.py[line:155] - INFO: gradient count:1024"
"2019-08-24 12:30:35,796 - hetero_ne_guest.py[line:142] - INFO: Local batch data count:1024"
"2019-08-24 12:30:42,649 - hetero_ne_guest.py[line:155] - INFO: gradient count:1024"
"2019-08-24 12:30:42,654 - hetero_ne_guest.py[line:142] - INFO: Local batch data count:1024"
"2019-08-24 12:30:49,744 - hetero_ne_guest.py[line:155] - INFO: gradient count:1024"
"2019-08-24 12:30:49,749 - hetero_ne_guest.py[line:142] - INFO: Local batch data count:1024"
"2019-08-24 12:30:55,579 - hetero_ne_guest.py[line:155] - INFO: gradient count:1024"
"2019-08-24 12:30:55,583 - hetero_ne_guest.py[line:142] - INFO: Local batch data count:1024"
"2019-08-24 12:31:02,688 - hetero_ne_guest.py[line:155] - INFO: gradient count:1024"
"2019-08-24 12:31:02,692 - hetero_ne_guest.py[line:142] - INFO: Local batch data count:1024"
"2019-08-24 12:31:09,249 - hetero_ne_guest.py[line:155] - INFO: gradient count:1024"
"2019-08-24 12:31:09,254 - hetero_ne_guest.py[line:142] - INFO: Local batch data count:1024"
"2019-08-24 12:31:16,258 - hetero_ne_guest.py[line:155] - INFO: gradient count:1024"
"2019-08-24 12:31:16,263 - hetero_ne_guest.py[line:142] - INFO: Local batch data count:680"
"2019-08-24 12:31:22,619 - hetero_ne_guest.py[line:155] - INFO: gradient count:680"
"2019-08-24 12:31:23,003 - hetero_ne_guest.py[line:179] - INFO: Iter 8, Local loss: 1.417885387925491"
"2019-08-24 12:31:23,003 - hetero_ne_guest.py[line:190] - INFO: batch:0"
"2019-08-24 12:31:40,595 - hetero_ne_guest.py[line:226] - INFO: Get host_forward from host"
"2019-08-24 12:31:41,862 - hetero_ne_guest.py[line:246] - INFO: Remote host_gradient to arbiter"
"2019-08-24 12:31:42,719 - hetero_ne_guest.py[line:262] - INFO: Remote guest_gradient to arbiter"
"2019-08-24 12:31:43,122 - hetero_ne_guest.py[line:271] - INFO: Get optim_guest_gradient from arbiter"
"2019-08-24 12:31:43,122 - hetero_ne_guest.py[line:274] - INFO: update node embedding"
"2019-08-24 12:31:43,544 - hetero_ne_guest.py[line:293] - INFO: Remote loss to arbiter"
"2019-08-24 12:31:44,171 - hetero_ne_guest.py[line:190] - INFO: batch:1"
"2019-08-24 12:32:01,032 - hetero_ne_guest.py[line:226] - INFO: Get host_forward from host"
"2019-08-24 12:32:01,986 - hetero_ne_guest.py[line:246] - INFO: Remote host_gradient to arbiter"
"2019-08-24 12:32:02,787 - hetero_ne_guest.py[line:262] - INFO: Remote guest_gradient to arbiter"
"2019-08-24 12:32:03,290 - hetero_ne_guest.py[line:271] - INFO: Get optim_guest_gradient from arbiter"
"2019-08-24 12:32:03,290 - hetero_ne_guest.py[line:274] - INFO: update node embedding"
"2019-08-24 12:32:03,686 - hetero_ne_guest.py[line:293] - INFO: Remote loss to arbiter"
"2019-08-24 12:32:04,211 - hetero_ne_guest.py[line:190] - INFO: batch:2"
"2019-08-24 12:32:21,914 - hetero_ne_guest.py[line:226] - INFO: Get host_forward from host"
"2019-08-24 12:32:22,673 - hetero_ne_guest.py[line:246] - INFO: Remote host_gradient to arbiter"
"2019-08-24 12:32:23,429 - hetero_ne_guest.py[line:262] - INFO: Remote guest_gradient to arbiter"
"2019-08-24 12:32:24,032 - hetero_ne_guest.py[line:271] - INFO: Get optim_guest_gradient from arbiter"
"2019-08-24 12:32:24,032 - hetero_ne_guest.py[line:274] - INFO: update node embedding"
"2019-08-24 12:32:24,384 - hetero_ne_guest.py[line:293] - INFO: Remote loss to arbiter"
"2019-08-24 12:32:24,937 - hetero_ne_guest.py[line:190] - INFO: batch:3"
"2019-08-24 12:32:42,318 - hetero_ne_guest.py[line:226] - INFO: Get host_forward from host"
"2019-08-24 12:32:43,350 - hetero_ne_guest.py[line:246] - INFO: Remote host_gradient to arbiter"
"2019-08-24 12:32:44,582 - hetero_ne_guest.py[line:262] - INFO: Remote guest_gradient to arbiter"
"2019-08-24 12:32:44,986 - hetero_ne_guest.py[line:271] - INFO: Get optim_guest_gradient from arbiter"
"2019-08-24 12:32:44,986 - hetero_ne_guest.py[line:274] - INFO: update node embedding"
"2019-08-24 12:32:45,444 - hetero_ne_guest.py[line:293] - INFO: Remote loss to arbiter"
"2019-08-24 12:32:46,021 - hetero_ne_guest.py[line:190] - INFO: batch:4"
"2019-08-24 12:32:52,621 - hetero_ne_guest.py[line:226] - INFO: Get host_forward from host"
"2019-08-24 12:32:53,194 - hetero_ne_guest.py[line:246] - INFO: Remote host_gradient to arbiter"
"2019-08-24 12:32:54,087 - hetero_ne_guest.py[line:262] - INFO: Remote guest_gradient to arbiter"
"2019-08-24 12:32:54,389 - hetero_ne_guest.py[line:271] - INFO: Get optim_guest_gradient from arbiter"
"2019-08-24 12:32:54,389 - hetero_ne_guest.py[line:274] - INFO: update node embedding"
"2019-08-24 12:32:55,149 - hetero_ne_guest.py[line:293] - INFO: Remote loss to arbiter"
"2019-08-24 12:32:56,292 - hetero_ne_guest.py[line:337] - INFO: Get is_stop flag from arbiter:False"
"2019-08-24 12:32:56,292 - hetero_ne_guest.py[line:133] - INFO: iter:9"
"2019-08-24 12:32:56,298 - hetero_ne_guest.py[line:142] - INFO: Local batch data count:1024"
"2019-08-24 12:33:01,781 - hetero_ne_guest.py[line:155] - INFO: gradient count:1024"
"2019-08-24 12:33:01,787 - hetero_ne_guest.py[line:142] - INFO: Local batch data count:1024"
"2019-08-24 12:33:06,891 - hetero_ne_guest.py[line:155] - INFO: gradient count:1024"
"2019-08-24 12:33:06,897 - hetero_ne_guest.py[line:142] - INFO: Local batch data count:1024"
"2019-08-24 12:33:11,551 - hetero_ne_guest.py[line:155] - INFO: gradient count:1024"
"2019-08-24 12:33:11,555 - hetero_ne_guest.py[line:142] - INFO: Local batch data count:1024"
"2019-08-24 12:33:17,170 - hetero_ne_guest.py[line:155] - INFO: gradient count:1024"
"2019-08-24 12:33:17,175 - hetero_ne_guest.py[line:142] - INFO: Local batch data count:1024"
"2019-08-24 12:33:21,952 - hetero_ne_guest.py[line:155] - INFO: gradient count:1024"
"2019-08-24 12:33:21,957 - hetero_ne_guest.py[line:142] - INFO: Local batch data count:1024"
"2019-08-24 12:33:27,343 - hetero_ne_guest.py[line:155] - INFO: gradient count:1024"
"2019-08-24 12:33:27,349 - hetero_ne_guest.py[line:142] - INFO: Local batch data count:1024"
"2019-08-24 12:33:35,082 - hetero_ne_guest.py[line:155] - INFO: gradient count:1024"
"2019-08-24 12:33:35,087 - hetero_ne_guest.py[line:142] - INFO: Local batch data count:1024"
"2019-08-24 12:33:40,476 - hetero_ne_guest.py[line:155] - INFO: gradient count:1024"
"2019-08-24 12:33:40,481 - hetero_ne_guest.py[line:142] - INFO: Local batch data count:1024"
"2019-08-24 12:33:46,137 - hetero_ne_guest.py[line:155] - INFO: gradient count:1024"
"2019-08-24 12:33:46,142 - hetero_ne_guest.py[line:142] - INFO: Local batch data count:1024"
"2019-08-24 12:33:53,164 - hetero_ne_guest.py[line:155] - INFO: gradient count:1024"
"2019-08-24 12:33:53,170 - hetero_ne_guest.py[line:142] - INFO: Local batch data count:1024"
"2019-08-24 12:34:01,610 - hetero_ne_guest.py[line:155] - INFO: gradient count:1024"
"2019-08-24 12:34:01,615 - hetero_ne_guest.py[line:142] - INFO: Local batch data count:1024"
"2019-08-24 12:34:07,892 - hetero_ne_guest.py[line:155] - INFO: gradient count:1024"
"2019-08-24 12:34:07,897 - hetero_ne_guest.py[line:142] - INFO: Local batch data count:1024"
"2019-08-24 12:34:13,826 - hetero_ne_guest.py[line:155] - INFO: gradient count:1024"
"2019-08-24 12:34:13,831 - hetero_ne_guest.py[line:142] - INFO: Local batch data count:1024"
"2019-08-24 12:34:20,493 - hetero_ne_guest.py[line:155] - INFO: gradient count:1024"
"2019-08-24 12:34:20,498 - hetero_ne_guest.py[line:142] - INFO: Local batch data count:1024"
"2019-08-24 12:34:27,034 - hetero_ne_guest.py[line:155] - INFO: gradient count:1024"
"2019-08-24 12:34:27,039 - hetero_ne_guest.py[line:142] - INFO: Local batch data count:1024"
"2019-08-24 12:34:32,658 - hetero_ne_guest.py[line:155] - INFO: gradient count:1024"
"2019-08-24 12:34:32,663 - hetero_ne_guest.py[line:142] - INFO: Local batch data count:1024"
"2019-08-24 12:34:39,003 - hetero_ne_guest.py[line:155] - INFO: gradient count:1024"
"2019-08-24 12:34:39,007 - hetero_ne_guest.py[line:142] - INFO: Local batch data count:1024"
"2019-08-24 12:34:45,658 - hetero_ne_guest.py[line:155] - INFO: gradient count:1024"
"2019-08-24 12:34:45,662 - hetero_ne_guest.py[line:142] - INFO: Local batch data count:1024"
"2019-08-24 12:34:51,934 - hetero_ne_guest.py[line:155] - INFO: gradient count:1024"
"2019-08-24 12:34:51,938 - hetero_ne_guest.py[line:142] - INFO: Local batch data count:680"
"2019-08-24 12:34:59,189 - hetero_ne_guest.py[line:155] - INFO: gradient count:680"
"2019-08-24 12:34:59,843 - hetero_ne_guest.py[line:179] - INFO: Iter 9, Local loss: 1.414822712557185"
"2019-08-24 12:34:59,843 - hetero_ne_guest.py[line:190] - INFO: batch:0"
"2019-08-24 12:35:17,373 - hetero_ne_guest.py[line:226] - INFO: Get host_forward from host"
"2019-08-24 12:35:18,201 - hetero_ne_guest.py[line:246] - INFO: Remote host_gradient to arbiter"
"2019-08-24 12:35:19,023 - hetero_ne_guest.py[line:262] - INFO: Remote guest_gradient to arbiter"
"2019-08-24 12:35:19,627 - hetero_ne_guest.py[line:271] - INFO: Get optim_guest_gradient from arbiter"
"2019-08-24 12:35:19,627 - hetero_ne_guest.py[line:274] - INFO: update node embedding"
"2019-08-24 12:35:20,248 - hetero_ne_guest.py[line:293] - INFO: Remote loss to arbiter"
"2019-08-24 12:35:21,930 - hetero_ne_guest.py[line:190] - INFO: batch:1"
"2019-08-24 12:35:39,044 - hetero_ne_guest.py[line:226] - INFO: Get host_forward from host"
"2019-08-24 12:35:39,923 - hetero_ne_guest.py[line:246] - INFO: Remote host_gradient to arbiter"
"2019-08-24 12:35:40,821 - hetero_ne_guest.py[line:262] - INFO: Remote guest_gradient to arbiter"
"2019-08-24 12:35:41,425 - hetero_ne_guest.py[line:271] - INFO: Get optim_guest_gradient from arbiter"
"2019-08-24 12:35:41,425 - hetero_ne_guest.py[line:274] - INFO: update node embedding"
"2019-08-24 12:35:41,700 - hetero_ne_guest.py[line:293] - INFO: Remote loss to arbiter"
"2019-08-24 12:35:42,357 - hetero_ne_guest.py[line:190] - INFO: batch:2"
"2019-08-24 12:35:59,498 - hetero_ne_guest.py[line:226] - INFO: Get host_forward from host"
"2019-08-24 12:36:00,337 - hetero_ne_guest.py[line:246] - INFO: Remote host_gradient to arbiter"
"2019-08-24 12:36:01,200 - hetero_ne_guest.py[line:262] - INFO: Remote guest_gradient to arbiter"
"2019-08-24 12:36:01,803 - hetero_ne_guest.py[line:271] - INFO: Get optim_guest_gradient from arbiter"
"2019-08-24 12:36:01,803 - hetero_ne_guest.py[line:274] - INFO: update node embedding"
"2019-08-24 12:36:02,078 - hetero_ne_guest.py[line:293] - INFO: Remote loss to arbiter"
"2019-08-24 12:36:02,632 - hetero_ne_guest.py[line:190] - INFO: batch:3"
"2019-08-24 12:36:20,107 - hetero_ne_guest.py[line:226] - INFO: Get host_forward from host"
"2019-08-24 12:36:20,911 - hetero_ne_guest.py[line:246] - INFO: Remote host_gradient to arbiter"
"2019-08-24 12:36:21,932 - hetero_ne_guest.py[line:262] - INFO: Remote guest_gradient to arbiter"
"2019-08-24 12:36:22,334 - hetero_ne_guest.py[line:271] - INFO: Get optim_guest_gradient from arbiter"
"2019-08-24 12:36:22,335 - hetero_ne_guest.py[line:274] - INFO: update node embedding"
"2019-08-24 12:36:22,763 - hetero_ne_guest.py[line:293] - INFO: Remote loss to arbiter"
"2019-08-24 12:36:23,325 - hetero_ne_guest.py[line:190] - INFO: batch:4"
"2019-08-24 12:36:29,981 - hetero_ne_guest.py[line:226] - INFO: Get host_forward from host"
"2019-08-24 12:36:30,588 - hetero_ne_guest.py[line:246] - INFO: Remote host_gradient to arbiter"
"2019-08-24 12:36:31,358 - hetero_ne_guest.py[line:262] - INFO: Remote guest_gradient to arbiter"
"2019-08-24 12:36:31,661 - hetero_ne_guest.py[line:271] - INFO: Get optim_guest_gradient from arbiter"
"2019-08-24 12:36:31,661 - hetero_ne_guest.py[line:274] - INFO: update node embedding"
"2019-08-24 12:36:32,072 - hetero_ne_guest.py[line:293] - INFO: Remote loss to arbiter"
"2019-08-24 12:36:33,216 - hetero_ne_guest.py[line:337] - INFO: Get is_stop flag from arbiter:False"
"2019-08-24 12:38:13,264 - hetero_ne_guest.py[line:349] - INFO: Reach max iter 10, train model finish!"
