"2019-08-24 11:58:51,237 - hetero_ne_arbiter.py[line:54] - INFO: Enter hetero_ne_arbiter fit"
"2019-08-24 11:58:51,249 - hetero_ne_arbiter.py[line:61] - INFO: public_key: <PaillierPublicKey 9928152a93>"
"2019-08-24 11:58:51,462 - hetero_ne_arbiter.py[line:69] - INFO: remote publick_key to host"
"2019-08-24 11:58:51,727 - hetero_ne_arbiter.py[line:76] - INFO: remote public_key to guest"
"2019-08-24 11:59:15,230 - hetero_ne_arbiter.py[line:81] - INFO: Get batch_info from guest: {'batch_size': 1024, 'batch_num': 5}"
"2019-08-24 11:59:15,230 - hetero_ne_arbiter.py[line:88] - INFO: iter: 0"
"2019-08-24 12:01:27,540 - hetero_ne_arbiter.py[line:129] - INFO: Iter 0, horizontally learning finish"
"2019-08-24 12:01:27,540 - hetero_ne_arbiter.py[line:137] - INFO: batch: 0"
"2019-08-24 12:01:46,012 - hetero_ne_arbiter.py[line:145] - INFO: Get host_gradient from GUEST"
"2019-08-24 12:01:47,922 - hetero_ne_arbiter.py[line:152] - INFO: Get guest_gradient from GUEST"
"2019-08-24 12:01:48,286 - hetero_ne_arbiter.py[line:170] - INFO: host gradients number: 1024"
"2019-08-24 12:01:48,287 - hetero_ne_arbiter.py[line:171] - INFO: guest gradients number: 1024"
"2019-08-24 12:01:48,310 - hetero_ne_arbiter.py[line:182] - INFO: Remote host_optim_gradient to Host"
"2019-08-24 12:01:48,336 - hetero_ne_arbiter.py[line:193] - INFO: Remote guest_optim_gradient to Guest"
"2019-08-24 12:01:48,839 - hetero_ne_arbiter.py[line:208] - INFO: Get loss from guest: 0.647324520587012"
"2019-08-24 12:01:48,839 - hetero_ne_arbiter.py[line:137] - INFO: batch: 1"
"2019-08-24 12:02:07,606 - hetero_ne_arbiter.py[line:145] - INFO: Get host_gradient from GUEST"
"2019-08-24 12:02:08,516 - hetero_ne_arbiter.py[line:152] - INFO: Get guest_gradient from GUEST"
"2019-08-24 12:02:09,138 - hetero_ne_arbiter.py[line:170] - INFO: host gradients number: 1024"
"2019-08-24 12:02:09,139 - hetero_ne_arbiter.py[line:171] - INFO: guest gradients number: 1024"
"2019-08-24 12:02:09,151 - hetero_ne_arbiter.py[line:182] - INFO: Remote host_optim_gradient to Host"
"2019-08-24 12:02:09,168 - hetero_ne_arbiter.py[line:193] - INFO: Remote guest_optim_gradient to Guest"
"2019-08-24 12:02:09,672 - hetero_ne_arbiter.py[line:208] - INFO: Get loss from guest: 1.6023189577869672"
"2019-08-24 12:02:09,672 - hetero_ne_arbiter.py[line:137] - INFO: batch: 2"
"2019-08-24 12:02:29,248 - hetero_ne_arbiter.py[line:145] - INFO: Get host_gradient from GUEST"
"2019-08-24 12:02:30,153 - hetero_ne_arbiter.py[line:152] - INFO: Get guest_gradient from GUEST"
"2019-08-24 12:02:30,562 - hetero_ne_arbiter.py[line:170] - INFO: host gradients number: 1024"
"2019-08-24 12:02:30,563 - hetero_ne_arbiter.py[line:171] - INFO: guest gradients number: 1024"
"2019-08-24 12:02:30,597 - hetero_ne_arbiter.py[line:182] - INFO: Remote host_optim_gradient to Host"
"2019-08-24 12:02:30,619 - hetero_ne_arbiter.py[line:193] - INFO: Remote guest_optim_gradient to Guest"
"2019-08-24 12:02:31,126 - hetero_ne_arbiter.py[line:208] - INFO: Get loss from guest: 1.5125912052237298"
"2019-08-24 12:02:31,127 - hetero_ne_arbiter.py[line:137] - INFO: batch: 3"
"2019-08-24 12:02:50,198 - hetero_ne_arbiter.py[line:145] - INFO: Get host_gradient from GUEST"
"2019-08-24 12:02:50,901 - hetero_ne_arbiter.py[line:152] - INFO: Get guest_gradient from GUEST"
"2019-08-24 12:02:51,395 - hetero_ne_arbiter.py[line:170] - INFO: host gradients number: 1024"
"2019-08-24 12:02:51,395 - hetero_ne_arbiter.py[line:171] - INFO: guest gradients number: 1024"
"2019-08-24 12:02:51,410 - hetero_ne_arbiter.py[line:182] - INFO: Remote host_optim_gradient to Host"
"2019-08-24 12:02:51,421 - hetero_ne_arbiter.py[line:193] - INFO: Remote guest_optim_gradient to Guest"
"2019-08-24 12:02:51,824 - hetero_ne_arbiter.py[line:208] - INFO: Get loss from guest: 1.5571523533055796"
"2019-08-24 12:02:51,824 - hetero_ne_arbiter.py[line:137] - INFO: batch: 4"
"2019-08-24 12:02:59,956 - hetero_ne_arbiter.py[line:145] - INFO: Get host_gradient from GUEST"
"2019-08-24 12:03:00,659 - hetero_ne_arbiter.py[line:152] - INFO: Get guest_gradient from GUEST"
"2019-08-24 12:03:00,828 - hetero_ne_arbiter.py[line:170] - INFO: host gradients number: 344"
"2019-08-24 12:03:00,828 - hetero_ne_arbiter.py[line:171] - INFO: guest gradients number: 344"
"2019-08-24 12:03:00,850 - hetero_ne_arbiter.py[line:182] - INFO: Remote host_optim_gradient to Host"
"2019-08-24 12:03:00,885 - hetero_ne_arbiter.py[line:193] - INFO: Remote guest_optim_gradient to Guest"
"2019-08-24 12:03:01,287 - hetero_ne_arbiter.py[line:208] - INFO: Get loss from guest: 1.6145855157452864"
"2019-08-24 12:03:01,287 - hetero_ne_arbiter.py[line:215] - INFO: iter loss: 1.386794510529715"
"2019-08-24 12:03:02,283 - hetero_ne_arbiter.py[line:268] - INFO: Remote is_stop to host: False"
"2019-08-24 12:03:02,326 - hetero_ne_arbiter.py[line:278] - INFO: Remote is_stop to guest: False"
"2019-08-24 12:03:02,327 - hetero_ne_arbiter.py[line:88] - INFO: iter: 1"
"2019-08-24 12:05:03,889 - hetero_ne_arbiter.py[line:129] - INFO: Iter 1, horizontally learning finish"
"2019-08-24 12:05:03,889 - hetero_ne_arbiter.py[line:137] - INFO: batch: 0"
"2019-08-24 12:05:24,981 - hetero_ne_arbiter.py[line:145] - INFO: Get host_gradient from GUEST"
"2019-08-24 12:05:25,786 - hetero_ne_arbiter.py[line:152] - INFO: Get guest_gradient from GUEST"
"2019-08-24 12:05:26,046 - hetero_ne_arbiter.py[line:170] - INFO: host gradients number: 1024"
"2019-08-24 12:05:26,046 - hetero_ne_arbiter.py[line:171] - INFO: guest gradients number: 1024"
"2019-08-24 12:05:26,078 - hetero_ne_arbiter.py[line:182] - INFO: Remote host_optim_gradient to Host"
"2019-08-24 12:05:26,100 - hetero_ne_arbiter.py[line:193] - INFO: Remote guest_optim_gradient to Guest"
"2019-08-24 12:05:26,603 - hetero_ne_arbiter.py[line:208] - INFO: Get loss from guest: 0.6381594254627238"
"2019-08-24 12:05:26,603 - hetero_ne_arbiter.py[line:137] - INFO: batch: 1"
"2019-08-24 12:05:45,373 - hetero_ne_arbiter.py[line:145] - INFO: Get host_gradient from GUEST"
"2019-08-24 12:05:46,277 - hetero_ne_arbiter.py[line:152] - INFO: Get guest_gradient from GUEST"
"2019-08-24 12:05:46,511 - hetero_ne_arbiter.py[line:170] - INFO: host gradients number: 1024"
"2019-08-24 12:05:46,512 - hetero_ne_arbiter.py[line:171] - INFO: guest gradients number: 1024"
"2019-08-24 12:05:46,543 - hetero_ne_arbiter.py[line:182] - INFO: Remote host_optim_gradient to Host"
"2019-08-24 12:05:46,566 - hetero_ne_arbiter.py[line:193] - INFO: Remote guest_optim_gradient to Guest"
"2019-08-24 12:05:47,169 - hetero_ne_arbiter.py[line:208] - INFO: Get loss from guest: 1.4282770753414835"
"2019-08-24 12:05:47,169 - hetero_ne_arbiter.py[line:137] - INFO: batch: 2"
"2019-08-24 12:06:06,840 - hetero_ne_arbiter.py[line:145] - INFO: Get host_gradient from GUEST"
"2019-08-24 12:06:07,645 - hetero_ne_arbiter.py[line:152] - INFO: Get guest_gradient from GUEST"
"2019-08-24 12:06:08,063 - hetero_ne_arbiter.py[line:170] - INFO: host gradients number: 1024"
"2019-08-24 12:06:08,064 - hetero_ne_arbiter.py[line:171] - INFO: guest gradients number: 1024"
"2019-08-24 12:06:08,086 - hetero_ne_arbiter.py[line:182] - INFO: Remote host_optim_gradient to Host"
"2019-08-24 12:06:08,115 - hetero_ne_arbiter.py[line:193] - INFO: Remote guest_optim_gradient to Guest"
"2019-08-24 12:06:08,617 - hetero_ne_arbiter.py[line:208] - INFO: Get loss from guest: 1.3655299859230465"
"2019-08-24 12:06:08,618 - hetero_ne_arbiter.py[line:137] - INFO: batch: 3"
"2019-08-24 12:06:29,207 - hetero_ne_arbiter.py[line:145] - INFO: Get host_gradient from GUEST"
"2019-08-24 12:06:29,910 - hetero_ne_arbiter.py[line:152] - INFO: Get guest_gradient from GUEST"
"2019-08-24 12:06:30,417 - hetero_ne_arbiter.py[line:170] - INFO: host gradients number: 1024"
"2019-08-24 12:06:30,417 - hetero_ne_arbiter.py[line:171] - INFO: guest gradients number: 1024"
"2019-08-24 12:06:30,426 - hetero_ne_arbiter.py[line:182] - INFO: Remote host_optim_gradient to Host"
"2019-08-24 12:06:30,434 - hetero_ne_arbiter.py[line:193] - INFO: Remote guest_optim_gradient to Guest"
"2019-08-24 12:06:30,888 - hetero_ne_arbiter.py[line:208] - INFO: Get loss from guest: 1.4752772472590978"
"2019-08-24 12:06:30,888 - hetero_ne_arbiter.py[line:137] - INFO: batch: 4"
"2019-08-24 12:06:39,638 - hetero_ne_arbiter.py[line:145] - INFO: Get host_gradient from GUEST"
"2019-08-24 12:06:40,542 - hetero_ne_arbiter.py[line:152] - INFO: Get guest_gradient from GUEST"
"2019-08-24 12:06:40,746 - hetero_ne_arbiter.py[line:170] - INFO: host gradients number: 344"
"2019-08-24 12:06:40,746 - hetero_ne_arbiter.py[line:171] - INFO: guest gradients number: 344"
"2019-08-24 12:06:40,768 - hetero_ne_arbiter.py[line:182] - INFO: Remote host_optim_gradient to Host"
"2019-08-24 12:06:40,799 - hetero_ne_arbiter.py[line:193] - INFO: Remote guest_optim_gradient to Guest"
"2019-08-24 12:06:41,203 - hetero_ne_arbiter.py[line:208] - INFO: Get loss from guest: 1.3865544408362664"
"2019-08-24 12:06:41,203 - hetero_ne_arbiter.py[line:215] - INFO: iter loss: 1.2587596349645236"
"2019-08-24 12:06:42,519 - hetero_ne_arbiter.py[line:268] - INFO: Remote is_stop to host: False"
"2019-08-24 12:06:42,575 - hetero_ne_arbiter.py[line:278] - INFO: Remote is_stop to guest: False"
"2019-08-24 12:06:42,575 - hetero_ne_arbiter.py[line:88] - INFO: iter: 2"
"2019-08-24 12:08:53,103 - hetero_ne_arbiter.py[line:129] - INFO: Iter 2, horizontally learning finish"
"2019-08-24 12:08:53,103 - hetero_ne_arbiter.py[line:137] - INFO: batch: 0"
"2019-08-24 12:09:15,089 - hetero_ne_arbiter.py[line:145] - INFO: Get host_gradient from GUEST"
"2019-08-24 12:09:16,095 - hetero_ne_arbiter.py[line:152] - INFO: Get guest_gradient from GUEST"
"2019-08-24 12:09:16,336 - hetero_ne_arbiter.py[line:170] - INFO: host gradients number: 1024"
"2019-08-24 12:09:16,337 - hetero_ne_arbiter.py[line:171] - INFO: guest gradients number: 1024"
"2019-08-24 12:09:16,352 - hetero_ne_arbiter.py[line:182] - INFO: Remote host_optim_gradient to Host"
"2019-08-24 12:09:16,368 - hetero_ne_arbiter.py[line:193] - INFO: Remote guest_optim_gradient to Guest"
"2019-08-24 12:09:16,972 - hetero_ne_arbiter.py[line:208] - INFO: Get loss from guest: 0.6376617528616378"
"2019-08-24 12:09:16,972 - hetero_ne_arbiter.py[line:137] - INFO: batch: 1"
"2019-08-24 12:09:35,740 - hetero_ne_arbiter.py[line:145] - INFO: Get host_gradient from GUEST"
"2019-08-24 12:09:36,544 - hetero_ne_arbiter.py[line:152] - INFO: Get guest_gradient from GUEST"
"2019-08-24 12:09:36,793 - hetero_ne_arbiter.py[line:170] - INFO: host gradients number: 1024"
"2019-08-24 12:09:36,793 - hetero_ne_arbiter.py[line:171] - INFO: guest gradients number: 1024"
"2019-08-24 12:09:36,815 - hetero_ne_arbiter.py[line:182] - INFO: Remote host_optim_gradient to Host"
"2019-08-24 12:09:36,837 - hetero_ne_arbiter.py[line:193] - INFO: Remote guest_optim_gradient to Guest"
"2019-08-24 12:09:37,340 - hetero_ne_arbiter.py[line:208] - INFO: Get loss from guest: 1.292211555668314"
"2019-08-24 12:09:37,340 - hetero_ne_arbiter.py[line:137] - INFO: batch: 2"
"2019-08-24 12:09:56,350 - hetero_ne_arbiter.py[line:145] - INFO: Get host_gradient from GUEST"
"2019-08-24 12:09:57,053 - hetero_ne_arbiter.py[line:152] - INFO: Get guest_gradient from GUEST"
"2019-08-24 12:09:57,589 - hetero_ne_arbiter.py[line:170] - INFO: host gradients number: 1024"
"2019-08-24 12:09:57,590 - hetero_ne_arbiter.py[line:171] - INFO: guest gradients number: 1024"
"2019-08-24 12:09:57,604 - hetero_ne_arbiter.py[line:182] - INFO: Remote host_optim_gradient to Host"
"2019-08-24 12:09:57,615 - hetero_ne_arbiter.py[line:193] - INFO: Remote guest_optim_gradient to Guest"
"2019-08-24 12:09:58,219 - hetero_ne_arbiter.py[line:208] - INFO: Get loss from guest: 1.2562892537871668"
"2019-08-24 12:09:58,219 - hetero_ne_arbiter.py[line:137] - INFO: batch: 3"
"2019-08-24 12:10:17,629 - hetero_ne_arbiter.py[line:145] - INFO: Get host_gradient from GUEST"
"2019-08-24 12:10:18,534 - hetero_ne_arbiter.py[line:152] - INFO: Get guest_gradient from GUEST"
"2019-08-24 12:10:18,933 - hetero_ne_arbiter.py[line:170] - INFO: host gradients number: 1024"
"2019-08-24 12:10:18,933 - hetero_ne_arbiter.py[line:171] - INFO: guest gradients number: 1024"
"2019-08-24 12:10:18,944 - hetero_ne_arbiter.py[line:182] - INFO: Remote host_optim_gradient to Host"
"2019-08-24 12:10:18,952 - hetero_ne_arbiter.py[line:193] - INFO: Remote guest_optim_gradient to Guest"
"2019-08-24 12:10:19,557 - hetero_ne_arbiter.py[line:208] - INFO: Get loss from guest: 1.4041044755925607"
"2019-08-24 12:10:19,557 - hetero_ne_arbiter.py[line:137] - INFO: batch: 4"
"2019-08-24 12:10:28,298 - hetero_ne_arbiter.py[line:145] - INFO: Get host_gradient from GUEST"
"2019-08-24 12:10:29,002 - hetero_ne_arbiter.py[line:152] - INFO: Get guest_gradient from GUEST"
"2019-08-24 12:10:29,232 - hetero_ne_arbiter.py[line:170] - INFO: host gradients number: 344"
"2019-08-24 12:10:29,233 - hetero_ne_arbiter.py[line:171] - INFO: guest gradients number: 344"
"2019-08-24 12:10:29,249 - hetero_ne_arbiter.py[line:182] - INFO: Remote host_optim_gradient to Host"
"2019-08-24 12:10:29,265 - hetero_ne_arbiter.py[line:193] - INFO: Remote guest_optim_gradient to Guest"
"2019-08-24 12:10:29,567 - hetero_ne_arbiter.py[line:208] - INFO: Get loss from guest: 1.214325284021828"
"2019-08-24 12:10:29,567 - hetero_ne_arbiter.py[line:215] - INFO: iter loss: 1.1609184643863015"
"2019-08-24 12:10:30,837 - hetero_ne_arbiter.py[line:268] - INFO: Remote is_stop to host: False"
"2019-08-24 12:10:30,863 - hetero_ne_arbiter.py[line:278] - INFO: Remote is_stop to guest: False"
"2019-08-24 12:10:30,863 - hetero_ne_arbiter.py[line:88] - INFO: iter: 3"
"2019-08-24 12:12:45,604 - hetero_ne_arbiter.py[line:129] - INFO: Iter 3, horizontally learning finish"
"2019-08-24 12:12:45,604 - hetero_ne_arbiter.py[line:137] - INFO: batch: 0"
"2019-08-24 12:13:05,332 - hetero_ne_arbiter.py[line:145] - INFO: Get host_gradient from GUEST"
"2019-08-24 12:13:06,135 - hetero_ne_arbiter.py[line:152] - INFO: Get guest_gradient from GUEST"
"2019-08-24 12:13:06,546 - hetero_ne_arbiter.py[line:170] - INFO: host gradients number: 1024"
"2019-08-24 12:13:06,546 - hetero_ne_arbiter.py[line:171] - INFO: guest gradients number: 1024"
"2019-08-24 12:13:06,557 - hetero_ne_arbiter.py[line:182] - INFO: Remote host_optim_gradient to Host"
"2019-08-24 12:13:06,572 - hetero_ne_arbiter.py[line:193] - INFO: Remote guest_optim_gradient to Guest"
"2019-08-24 12:13:06,975 - hetero_ne_arbiter.py[line:208] - INFO: Get loss from guest: 0.6427839102047378"
"2019-08-24 12:13:06,975 - hetero_ne_arbiter.py[line:137] - INFO: batch: 1"
"2019-08-24 12:13:27,079 - hetero_ne_arbiter.py[line:145] - INFO: Get host_gradient from GUEST"
"2019-08-24 12:13:27,983 - hetero_ne_arbiter.py[line:152] - INFO: Get guest_gradient from GUEST"
"2019-08-24 12:13:28,258 - hetero_ne_arbiter.py[line:170] - INFO: host gradients number: 1024"
"2019-08-24 12:13:28,258 - hetero_ne_arbiter.py[line:171] - INFO: guest gradients number: 1024"
"2019-08-24 12:13:28,283 - hetero_ne_arbiter.py[line:182] - INFO: Remote host_optim_gradient to Host"
"2019-08-24 12:13:28,302 - hetero_ne_arbiter.py[line:193] - INFO: Remote guest_optim_gradient to Guest"
"2019-08-24 12:13:28,704 - hetero_ne_arbiter.py[line:208] - INFO: Get loss from guest: 1.183342389974825"
"2019-08-24 12:13:28,704 - hetero_ne_arbiter.py[line:137] - INFO: batch: 2"
"2019-08-24 12:13:47,283 - hetero_ne_arbiter.py[line:145] - INFO: Get host_gradient from GUEST"
"2019-08-24 12:13:48,088 - hetero_ne_arbiter.py[line:152] - INFO: Get guest_gradient from GUEST"
"2019-08-24 12:13:48,459 - hetero_ne_arbiter.py[line:170] - INFO: host gradients number: 1024"
"2019-08-24 12:13:48,460 - hetero_ne_arbiter.py[line:171] - INFO: guest gradients number: 1024"
"2019-08-24 12:13:48,493 - hetero_ne_arbiter.py[line:182] - INFO: Remote host_optim_gradient to Host"
"2019-08-24 12:13:48,525 - hetero_ne_arbiter.py[line:193] - INFO: Remote guest_optim_gradient to Guest"
"2019-08-24 12:13:48,928 - hetero_ne_arbiter.py[line:208] - INFO: Get loss from guest: 1.1721428401707028"
"2019-08-24 12:13:48,928 - hetero_ne_arbiter.py[line:137] - INFO: batch: 3"
"2019-08-24 12:14:08,001 - hetero_ne_arbiter.py[line:145] - INFO: Get host_gradient from GUEST"
"2019-08-24 12:14:08,704 - hetero_ne_arbiter.py[line:152] - INFO: Get guest_gradient from GUEST"
"2019-08-24 12:14:09,250 - hetero_ne_arbiter.py[line:170] - INFO: host gradients number: 1024"
"2019-08-24 12:14:09,251 - hetero_ne_arbiter.py[line:171] - INFO: guest gradients number: 1024"
"2019-08-24 12:14:09,278 - hetero_ne_arbiter.py[line:182] - INFO: Remote host_optim_gradient to Host"
"2019-08-24 12:14:09,292 - hetero_ne_arbiter.py[line:193] - INFO: Remote guest_optim_gradient to Guest"
"2019-08-24 12:14:09,695 - hetero_ne_arbiter.py[line:208] - INFO: Get loss from guest: 1.3414185173945536"
"2019-08-24 12:14:09,695 - hetero_ne_arbiter.py[line:137] - INFO: batch: 4"
"2019-08-24 12:14:17,951 - hetero_ne_arbiter.py[line:145] - INFO: Get host_gradient from GUEST"
"2019-08-24 12:14:18,755 - hetero_ne_arbiter.py[line:152] - INFO: Get guest_gradient from GUEST"
"2019-08-24 12:14:18,902 - hetero_ne_arbiter.py[line:170] - INFO: host gradients number: 344"
"2019-08-24 12:14:18,904 - hetero_ne_arbiter.py[line:171] - INFO: guest gradients number: 344"
"2019-08-24 12:14:18,931 - hetero_ne_arbiter.py[line:182] - INFO: Remote host_optim_gradient to Host"
"2019-08-24 12:14:18,992 - hetero_ne_arbiter.py[line:193] - INFO: Remote guest_optim_gradient to Guest"
"2019-08-24 12:14:19,596 - hetero_ne_arbiter.py[line:208] - INFO: Get loss from guest: 1.081186042111681"
"2019-08-24 12:14:19,596 - hetero_ne_arbiter.py[line:215] - INFO: iter loss: 1.0841747399713"
"2019-08-24 12:14:20,590 - hetero_ne_arbiter.py[line:268] - INFO: Remote is_stop to host: False"
"2019-08-24 12:14:20,667 - hetero_ne_arbiter.py[line:278] - INFO: Remote is_stop to guest: False"
"2019-08-24 12:14:20,667 - hetero_ne_arbiter.py[line:88] - INFO: iter: 4"
"2019-08-24 12:16:28,824 - hetero_ne_arbiter.py[line:129] - INFO: Iter 4, horizontally learning finish"
"2019-08-24 12:16:28,824 - hetero_ne_arbiter.py[line:137] - INFO: batch: 0"
"2019-08-24 12:16:48,291 - hetero_ne_arbiter.py[line:145] - INFO: Get host_gradient from GUEST"
"2019-08-24 12:16:49,898 - hetero_ne_arbiter.py[line:152] - INFO: Get guest_gradient from GUEST"
"2019-08-24 12:16:50,328 - hetero_ne_arbiter.py[line:170] - INFO: host gradients number: 1024"
"2019-08-24 12:16:50,329 - hetero_ne_arbiter.py[line:171] - INFO: guest gradients number: 1024"
"2019-08-24 12:16:50,343 - hetero_ne_arbiter.py[line:182] - INFO: Remote host_optim_gradient to Host"
"2019-08-24 12:16:50,354 - hetero_ne_arbiter.py[line:193] - INFO: Remote guest_optim_gradient to Guest"
"2019-08-24 12:16:50,757 - hetero_ne_arbiter.py[line:208] - INFO: Get loss from guest: 0.6514681236525295"
"2019-08-24 12:16:50,757 - hetero_ne_arbiter.py[line:137] - INFO: batch: 1"
"2019-08-24 12:17:10,632 - hetero_ne_arbiter.py[line:145] - INFO: Get host_gradient from GUEST"
"2019-08-24 12:17:11,436 - hetero_ne_arbiter.py[line:152] - INFO: Get guest_gradient from GUEST"
"2019-08-24 12:17:11,911 - hetero_ne_arbiter.py[line:170] - INFO: host gradients number: 1024"
"2019-08-24 12:17:11,912 - hetero_ne_arbiter.py[line:171] - INFO: guest gradients number: 1024"
"2019-08-24 12:17:11,925 - hetero_ne_arbiter.py[line:182] - INFO: Remote host_optim_gradient to Host"
"2019-08-24 12:17:11,936 - hetero_ne_arbiter.py[line:193] - INFO: Remote guest_optim_gradient to Guest"
"2019-08-24 12:17:12,440 - hetero_ne_arbiter.py[line:208] - INFO: Get loss from guest: 1.0945950871666537"
"2019-08-24 12:17:12,440 - hetero_ne_arbiter.py[line:137] - INFO: batch: 2"
"2019-08-24 12:17:32,528 - hetero_ne_arbiter.py[line:145] - INFO: Get host_gradient from GUEST"
"2019-08-24 12:17:33,332 - hetero_ne_arbiter.py[line:152] - INFO: Get guest_gradient from GUEST"
"2019-08-24 12:17:33,784 - hetero_ne_arbiter.py[line:170] - INFO: host gradients number: 1024"
"2019-08-24 12:17:33,785 - hetero_ne_arbiter.py[line:171] - INFO: guest gradients number: 1024"
"2019-08-24 12:17:33,818 - hetero_ne_arbiter.py[line:182] - INFO: Remote host_optim_gradient to Host"
"2019-08-24 12:17:33,840 - hetero_ne_arbiter.py[line:193] - INFO: Remote guest_optim_gradient to Guest"
"2019-08-24 12:17:34,443 - hetero_ne_arbiter.py[line:208] - INFO: Get loss from guest: 1.1053193330967919"
"2019-08-24 12:17:34,443 - hetero_ne_arbiter.py[line:137] - INFO: batch: 3"
"2019-08-24 12:17:53,221 - hetero_ne_arbiter.py[line:145] - INFO: Get host_gradient from GUEST"
"2019-08-24 12:17:54,128 - hetero_ne_arbiter.py[line:152] - INFO: Get guest_gradient from GUEST"
"2019-08-24 12:17:54,443 - hetero_ne_arbiter.py[line:170] - INFO: host gradients number: 1024"
"2019-08-24 12:17:54,443 - hetero_ne_arbiter.py[line:171] - INFO: guest gradients number: 1024"
"2019-08-24 12:17:54,483 - hetero_ne_arbiter.py[line:182] - INFO: Remote host_optim_gradient to Host"
"2019-08-24 12:17:54,516 - hetero_ne_arbiter.py[line:193] - INFO: Remote guest_optim_gradient to Guest"
"2019-08-24 12:17:55,219 - hetero_ne_arbiter.py[line:208] - INFO: Get loss from guest: 1.2856177026982865"
"2019-08-24 12:17:55,219 - hetero_ne_arbiter.py[line:137] - INFO: batch: 4"
"2019-08-24 12:18:04,675 - hetero_ne_arbiter.py[line:145] - INFO: Get host_gradient from GUEST"
"2019-08-24 12:18:05,682 - hetero_ne_arbiter.py[line:152] - INFO: Get guest_gradient from GUEST"
"2019-08-24 12:18:05,886 - hetero_ne_arbiter.py[line:170] - INFO: host gradients number: 344"
"2019-08-24 12:18:05,886 - hetero_ne_arbiter.py[line:171] - INFO: guest gradients number: 344"
"2019-08-24 12:18:05,901 - hetero_ne_arbiter.py[line:182] - INFO: Remote host_optim_gradient to Host"
"2019-08-24 12:18:05,914 - hetero_ne_arbiter.py[line:193] - INFO: Remote guest_optim_gradient to Guest"
"2019-08-24 12:18:06,217 - hetero_ne_arbiter.py[line:208] - INFO: Get loss from guest: 0.9762976325264356"
"2019-08-24 12:18:06,217 - hetero_ne_arbiter.py[line:215] - INFO: iter loss: 1.0226595758281394"
"2019-08-24 12:18:07,695 - hetero_ne_arbiter.py[line:268] - INFO: Remote is_stop to host: False"
"2019-08-24 12:18:07,759 - hetero_ne_arbiter.py[line:278] - INFO: Remote is_stop to guest: False"
"2019-08-24 12:18:07,759 - hetero_ne_arbiter.py[line:88] - INFO: iter: 5"
"2019-08-24 12:20:17,200 - hetero_ne_arbiter.py[line:129] - INFO: Iter 5, horizontally learning finish"
"2019-08-24 12:20:17,200 - hetero_ne_arbiter.py[line:137] - INFO: batch: 0"
"2019-08-24 12:20:36,210 - hetero_ne_arbiter.py[line:145] - INFO: Get host_gradient from GUEST"
"2019-08-24 12:20:37,717 - hetero_ne_arbiter.py[line:152] - INFO: Get guest_gradient from GUEST"
"2019-08-24 12:20:38,065 - hetero_ne_arbiter.py[line:170] - INFO: host gradients number: 1024"
"2019-08-24 12:20:38,066 - hetero_ne_arbiter.py[line:171] - INFO: guest gradients number: 1024"
"2019-08-24 12:20:38,080 - hetero_ne_arbiter.py[line:182] - INFO: Remote host_optim_gradient to Host"
"2019-08-24 12:20:38,096 - hetero_ne_arbiter.py[line:193] - INFO: Remote guest_optim_gradient to Guest"
"2019-08-24 12:20:38,600 - hetero_ne_arbiter.py[line:208] - INFO: Get loss from guest: 0.6621748702037188"
"2019-08-24 12:20:38,600 - hetero_ne_arbiter.py[line:137] - INFO: batch: 1"
"2019-08-24 12:20:57,374 - hetero_ne_arbiter.py[line:145] - INFO: Get host_gradient from GUEST"
"2019-08-24 12:20:58,279 - hetero_ne_arbiter.py[line:152] - INFO: Get guest_gradient from GUEST"
"2019-08-24 12:20:58,557 - hetero_ne_arbiter.py[line:170] - INFO: host gradients number: 1024"
"2019-08-24 12:20:58,558 - hetero_ne_arbiter.py[line:171] - INFO: guest gradients number: 1024"
"2019-08-24 12:20:58,577 - hetero_ne_arbiter.py[line:182] - INFO: Remote host_optim_gradient to Host"
"2019-08-24 12:20:58,596 - hetero_ne_arbiter.py[line:193] - INFO: Remote guest_optim_gradient to Guest"
"2019-08-24 12:20:59,099 - hetero_ne_arbiter.py[line:208] - INFO: Get loss from guest: 1.0210936065438942"
"2019-08-24 12:20:59,099 - hetero_ne_arbiter.py[line:137] - INFO: batch: 2"
"2019-08-24 12:21:18,376 - hetero_ne_arbiter.py[line:145] - INFO: Get host_gradient from GUEST"
"2019-08-24 12:21:19,180 - hetero_ne_arbiter.py[line:152] - INFO: Get guest_gradient from GUEST"
"2019-08-24 12:21:19,431 - hetero_ne_arbiter.py[line:170] - INFO: host gradients number: 1024"
"2019-08-24 12:21:19,431 - hetero_ne_arbiter.py[line:171] - INFO: guest gradients number: 1024"
"2019-08-24 12:21:19,452 - hetero_ne_arbiter.py[line:182] - INFO: Remote host_optim_gradient to Host"
"2019-08-24 12:21:19,475 - hetero_ne_arbiter.py[line:193] - INFO: Remote guest_optim_gradient to Guest"
"2019-08-24 12:21:19,977 - hetero_ne_arbiter.py[line:208] - INFO: Get loss from guest: 1.0508193878984868"
"2019-08-24 12:21:19,977 - hetero_ne_arbiter.py[line:137] - INFO: batch: 3"
"2019-08-24 12:21:39,485 - hetero_ne_arbiter.py[line:145] - INFO: Get host_gradient from GUEST"
"2019-08-24 12:21:40,190 - hetero_ne_arbiter.py[line:152] - INFO: Get guest_gradient from GUEST"
"2019-08-24 12:21:40,455 - hetero_ne_arbiter.py[line:170] - INFO: host gradients number: 1024"
"2019-08-24 12:21:40,455 - hetero_ne_arbiter.py[line:171] - INFO: guest gradients number: 1024"
"2019-08-24 12:21:40,477 - hetero_ne_arbiter.py[line:182] - INFO: Remote host_optim_gradient to Host"
"2019-08-24 12:21:40,499 - hetero_ne_arbiter.py[line:193] - INFO: Remote guest_optim_gradient to Guest"
"2019-08-24 12:21:41,102 - hetero_ne_arbiter.py[line:208] - INFO: Get loss from guest: 1.2355082252873737"
"2019-08-24 12:21:41,102 - hetero_ne_arbiter.py[line:137] - INFO: batch: 4"
"2019-08-24 12:21:49,635 - hetero_ne_arbiter.py[line:145] - INFO: Get host_gradient from GUEST"
"2019-08-24 12:21:50,740 - hetero_ne_arbiter.py[line:152] - INFO: Get guest_gradient from GUEST"
"2019-08-24 12:21:50,895 - hetero_ne_arbiter.py[line:170] - INFO: host gradients number: 344"
"2019-08-24 12:21:50,895 - hetero_ne_arbiter.py[line:171] - INFO: guest gradients number: 344"
"2019-08-24 12:21:50,907 - hetero_ne_arbiter.py[line:182] - INFO: Remote host_optim_gradient to Host"
"2019-08-24 12:21:50,922 - hetero_ne_arbiter.py[line:193] - INFO: Remote guest_optim_gradient to Guest"
"2019-08-24 12:21:51,224 - hetero_ne_arbiter.py[line:208] - INFO: Get loss from guest: 0.8923081480214821"
"2019-08-24 12:21:51,224 - hetero_ne_arbiter.py[line:215] - INFO: iter loss: 0.9723808475909911"
"2019-08-24 12:21:52,275 - hetero_ne_arbiter.py[line:268] - INFO: Remote is_stop to host: False"
"2019-08-24 12:21:52,332 - hetero_ne_arbiter.py[line:278] - INFO: Remote is_stop to guest: False"
"2019-08-24 12:21:52,332 - hetero_ne_arbiter.py[line:88] - INFO: iter: 6"
"2019-08-24 12:24:02,469 - hetero_ne_arbiter.py[line:129] - INFO: Iter 6, horizontally learning finish"
"2019-08-24 12:24:02,469 - hetero_ne_arbiter.py[line:137] - INFO: batch: 0"
"2019-08-24 12:24:22,246 - hetero_ne_arbiter.py[line:145] - INFO: Get host_gradient from GUEST"
"2019-08-24 12:24:23,351 - hetero_ne_arbiter.py[line:152] - INFO: Get guest_gradient from GUEST"
"2019-08-24 12:24:23,557 - hetero_ne_arbiter.py[line:170] - INFO: host gradients number: 1024"
"2019-08-24 12:24:23,558 - hetero_ne_arbiter.py[line:171] - INFO: guest gradients number: 1024"
"2019-08-24 12:24:23,579 - hetero_ne_arbiter.py[line:182] - INFO: Remote host_optim_gradient to Host"
"2019-08-24 12:24:23,601 - hetero_ne_arbiter.py[line:193] - INFO: Remote guest_optim_gradient to Guest"
"2019-08-24 12:24:24,204 - hetero_ne_arbiter.py[line:208] - INFO: Get loss from guest: 0.6737206936826039"
"2019-08-24 12:24:24,205 - hetero_ne_arbiter.py[line:137] - INFO: batch: 1"
"2019-08-24 12:24:43,980 - hetero_ne_arbiter.py[line:145] - INFO: Get host_gradient from GUEST"
"2019-08-24 12:24:44,683 - hetero_ne_arbiter.py[line:152] - INFO: Get guest_gradient from GUEST"
"2019-08-24 12:24:45,225 - hetero_ne_arbiter.py[line:170] - INFO: host gradients number: 1024"
"2019-08-24 12:24:45,226 - hetero_ne_arbiter.py[line:171] - INFO: guest gradients number: 1024"
"2019-08-24 12:24:45,238 - hetero_ne_arbiter.py[line:182] - INFO: Remote host_optim_gradient to Host"
"2019-08-24 12:24:45,249 - hetero_ne_arbiter.py[line:193] - INFO: Remote guest_optim_gradient to Guest"
"2019-08-24 12:24:45,853 - hetero_ne_arbiter.py[line:208] - INFO: Get loss from guest: 0.9593526622237637"
"2019-08-24 12:24:45,853 - hetero_ne_arbiter.py[line:137] - INFO: batch: 2"
"2019-08-24 12:25:05,138 - hetero_ne_arbiter.py[line:145] - INFO: Get host_gradient from GUEST"
"2019-08-24 12:25:05,943 - hetero_ne_arbiter.py[line:152] - INFO: Get guest_gradient from GUEST"
"2019-08-24 12:25:06,191 - hetero_ne_arbiter.py[line:170] - INFO: host gradients number: 1024"
"2019-08-24 12:25:06,192 - hetero_ne_arbiter.py[line:171] - INFO: guest gradients number: 1024"
"2019-08-24 12:25:06,212 - hetero_ne_arbiter.py[line:182] - INFO: Remote host_optim_gradient to Host"
"2019-08-24 12:25:06,247 - hetero_ne_arbiter.py[line:193] - INFO: Remote guest_optim_gradient to Guest"
"2019-08-24 12:25:06,851 - hetero_ne_arbiter.py[line:208] - INFO: Get loss from guest: 1.0053045469957984"
"2019-08-24 12:25:06,851 - hetero_ne_arbiter.py[line:137] - INFO: batch: 3"
"2019-08-24 12:25:25,830 - hetero_ne_arbiter.py[line:145] - INFO: Get host_gradient from GUEST"
"2019-08-24 12:25:26,634 - hetero_ne_arbiter.py[line:152] - INFO: Get guest_gradient from GUEST"
"2019-08-24 12:25:26,888 - hetero_ne_arbiter.py[line:170] - INFO: host gradients number: 1024"
"2019-08-24 12:25:26,888 - hetero_ne_arbiter.py[line:171] - INFO: guest gradients number: 1024"
"2019-08-24 12:25:26,909 - hetero_ne_arbiter.py[line:182] - INFO: Remote host_optim_gradient to Host"
"2019-08-24 12:25:26,923 - hetero_ne_arbiter.py[line:193] - INFO: Remote guest_optim_gradient to Guest"
"2019-08-24 12:25:27,627 - hetero_ne_arbiter.py[line:208] - INFO: Get loss from guest: 1.1901769823052168"
"2019-08-24 12:25:27,627 - hetero_ne_arbiter.py[line:137] - INFO: batch: 4"
"2019-08-24 12:25:35,861 - hetero_ne_arbiter.py[line:145] - INFO: Get host_gradient from GUEST"
"2019-08-24 12:25:36,565 - hetero_ne_arbiter.py[line:152] - INFO: Get guest_gradient from GUEST"
"2019-08-24 12:25:36,732 - hetero_ne_arbiter.py[line:170] - INFO: host gradients number: 344"
"2019-08-24 12:25:36,733 - hetero_ne_arbiter.py[line:171] - INFO: guest gradients number: 344"
"2019-08-24 12:25:36,748 - hetero_ne_arbiter.py[line:182] - INFO: Remote host_optim_gradient to Host"
"2019-08-24 12:25:36,765 - hetero_ne_arbiter.py[line:193] - INFO: Remote guest_optim_gradient to Guest"
"2019-08-24 12:25:37,068 - hetero_ne_arbiter.py[line:208] - INFO: Get loss from guest: 0.8240594933823048"
"2019-08-24 12:25:37,069 - hetero_ne_arbiter.py[line:215] - INFO: iter loss: 0.9305228757179375"
"2019-08-24 12:25:38,298 - hetero_ne_arbiter.py[line:268] - INFO: Remote is_stop to host: False"
"2019-08-24 12:25:38,332 - hetero_ne_arbiter.py[line:278] - INFO: Remote is_stop to guest: False"
"2019-08-24 12:25:38,332 - hetero_ne_arbiter.py[line:88] - INFO: iter: 7"
"2019-08-24 12:27:42,659 - hetero_ne_arbiter.py[line:129] - INFO: Iter 7, horizontally learning finish"
"2019-08-24 12:27:42,660 - hetero_ne_arbiter.py[line:137] - INFO: batch: 0"
"2019-08-24 12:28:00,929 - hetero_ne_arbiter.py[line:145] - INFO: Get host_gradient from GUEST"
"2019-08-24 12:28:01,833 - hetero_ne_arbiter.py[line:152] - INFO: Get guest_gradient from GUEST"
"2019-08-24 12:28:02,715 - hetero_ne_arbiter.py[line:170] - INFO: host gradients number: 1024"
"2019-08-24 12:28:02,716 - hetero_ne_arbiter.py[line:171] - INFO: guest gradients number: 1024"
"2019-08-24 12:28:02,931 - hetero_ne_arbiter.py[line:182] - INFO: Remote host_optim_gradient to Host"
"2019-08-24 12:28:02,959 - hetero_ne_arbiter.py[line:193] - INFO: Remote guest_optim_gradient to Guest"
"2019-08-24 12:28:03,362 - hetero_ne_arbiter.py[line:208] - INFO: Get loss from guest: 0.685211598493909"
"2019-08-24 12:28:03,362 - hetero_ne_arbiter.py[line:137] - INFO: batch: 1"
"2019-08-24 12:28:21,733 - hetero_ne_arbiter.py[line:145] - INFO: Get host_gradient from GUEST"
"2019-08-24 12:28:22,637 - hetero_ne_arbiter.py[line:152] - INFO: Get guest_gradient from GUEST"
"2019-08-24 12:28:22,983 - hetero_ne_arbiter.py[line:170] - INFO: host gradients number: 1024"
"2019-08-24 12:28:22,984 - hetero_ne_arbiter.py[line:171] - INFO: guest gradients number: 1024"
"2019-08-24 12:28:23,005 - hetero_ne_arbiter.py[line:182] - INFO: Remote host_optim_gradient to Host"
"2019-08-24 12:28:23,027 - hetero_ne_arbiter.py[line:193] - INFO: Remote guest_optim_gradient to Guest"
"2019-08-24 12:28:23,530 - hetero_ne_arbiter.py[line:208] - INFO: Get loss from guest: 0.9068131049888685"
"2019-08-24 12:28:23,530 - hetero_ne_arbiter.py[line:137] - INFO: batch: 2"
"2019-08-24 12:28:42,128 - hetero_ne_arbiter.py[line:145] - INFO: Get host_gradient from GUEST"
"2019-08-24 12:28:43,032 - hetero_ne_arbiter.py[line:152] - INFO: Get guest_gradient from GUEST"
"2019-08-24 12:28:43,558 - hetero_ne_arbiter.py[line:170] - INFO: host gradients number: 1024"
"2019-08-24 12:28:43,559 - hetero_ne_arbiter.py[line:171] - INFO: guest gradients number: 1024"
"2019-08-24 12:28:43,572 - hetero_ne_arbiter.py[line:182] - INFO: Remote host_optim_gradient to Host"
"2019-08-24 12:28:43,583 - hetero_ne_arbiter.py[line:193] - INFO: Remote guest_optim_gradient to Guest"
"2019-08-24 12:28:44,087 - hetero_ne_arbiter.py[line:208] - INFO: Get loss from guest: 0.9664838305358742"
"2019-08-24 12:28:44,087 - hetero_ne_arbiter.py[line:137] - INFO: batch: 3"
"2019-08-24 12:29:03,060 - hetero_ne_arbiter.py[line:145] - INFO: Get host_gradient from GUEST"
"2019-08-24 12:29:03,972 - hetero_ne_arbiter.py[line:152] - INFO: Get guest_gradient from GUEST"
"2019-08-24 12:29:04,413 - hetero_ne_arbiter.py[line:170] - INFO: host gradients number: 1024"
"2019-08-24 12:29:04,414 - hetero_ne_arbiter.py[line:171] - INFO: guest gradients number: 1024"
"2019-08-24 12:29:04,423 - hetero_ne_arbiter.py[line:182] - INFO: Remote host_optim_gradient to Host"
"2019-08-24 12:29:04,432 - hetero_ne_arbiter.py[line:193] - INFO: Remote guest_optim_gradient to Guest"
"2019-08-24 12:29:05,136 - hetero_ne_arbiter.py[line:208] - INFO: Get loss from guest: 1.148909937341648"
"2019-08-24 12:29:05,136 - hetero_ne_arbiter.py[line:137] - INFO: batch: 4"
"2019-08-24 12:29:12,968 - hetero_ne_arbiter.py[line:145] - INFO: Get host_gradient from GUEST"
"2019-08-24 12:29:13,772 - hetero_ne_arbiter.py[line:152] - INFO: Get guest_gradient from GUEST"
"2019-08-24 12:29:13,923 - hetero_ne_arbiter.py[line:170] - INFO: host gradients number: 344"
"2019-08-24 12:29:13,924 - hetero_ne_arbiter.py[line:171] - INFO: guest gradients number: 344"
"2019-08-24 12:29:13,945 - hetero_ne_arbiter.py[line:182] - INFO: Remote host_optim_gradient to Host"
"2019-08-24 12:29:13,969 - hetero_ne_arbiter.py[line:193] - INFO: Remote guest_optim_gradient to Guest"
"2019-08-24 12:29:14,472 - hetero_ne_arbiter.py[line:208] - INFO: Get loss from guest: 0.7678395349610861"
"2019-08-24 12:29:14,472 - hetero_ne_arbiter.py[line:215] - INFO: iter loss: 0.8950516012642773"
"2019-08-24 12:29:15,971 - hetero_ne_arbiter.py[line:268] - INFO: Remote is_stop to host: False"
"2019-08-24 12:29:15,991 - hetero_ne_arbiter.py[line:278] - INFO: Remote is_stop to guest: False"
"2019-08-24 12:29:15,991 - hetero_ne_arbiter.py[line:88] - INFO: iter: 8"
"2019-08-24 12:31:22,936 - hetero_ne_arbiter.py[line:129] - INFO: Iter 8, horizontally learning finish"
"2019-08-24 12:31:22,936 - hetero_ne_arbiter.py[line:137] - INFO: batch: 0"
"2019-08-24 12:31:41,930 - hetero_ne_arbiter.py[line:145] - INFO: Get host_gradient from GUEST"
"2019-08-24 12:31:42,735 - hetero_ne_arbiter.py[line:152] - INFO: Get guest_gradient from GUEST"
"2019-08-24 12:31:43,009 - hetero_ne_arbiter.py[line:170] - INFO: host gradients number: 1024"
"2019-08-24 12:31:43,010 - hetero_ne_arbiter.py[line:171] - INFO: guest gradients number: 1024"
"2019-08-24 12:31:43,041 - hetero_ne_arbiter.py[line:182] - INFO: Remote host_optim_gradient to Host"
"2019-08-24 12:31:43,063 - hetero_ne_arbiter.py[line:193] - INFO: Remote guest_optim_gradient to Guest"
"2019-08-24 12:31:43,566 - hetero_ne_arbiter.py[line:208] - INFO: Get loss from guest: 0.6960008818591367"
"2019-08-24 12:31:43,566 - hetero_ne_arbiter.py[line:137] - INFO: batch: 1"
"2019-08-24 12:32:02,033 - hetero_ne_arbiter.py[line:145] - INFO: Get host_gradient from GUEST"
"2019-08-24 12:32:02,837 - hetero_ne_arbiter.py[line:152] - INFO: Get guest_gradient from GUEST"
"2019-08-24 12:32:03,257 - hetero_ne_arbiter.py[line:170] - INFO: host gradients number: 1024"
"2019-08-24 12:32:03,258 - hetero_ne_arbiter.py[line:171] - INFO: guest gradients number: 1024"
"2019-08-24 12:32:03,272 - hetero_ne_arbiter.py[line:182] - INFO: Remote host_optim_gradient to Host"
"2019-08-24 12:32:03,283 - hetero_ne_arbiter.py[line:193] - INFO: Remote guest_optim_gradient to Guest"
"2019-08-24 12:32:03,686 - hetero_ne_arbiter.py[line:208] - INFO: Get loss from guest: 0.8615581189080751"
"2019-08-24 12:32:03,686 - hetero_ne_arbiter.py[line:137] - INFO: batch: 2"
"2019-08-24 12:32:22,749 - hetero_ne_arbiter.py[line:145] - INFO: Get host_gradient from GUEST"
"2019-08-24 12:32:23,453 - hetero_ne_arbiter.py[line:152] - INFO: Get guest_gradient from GUEST"
"2019-08-24 12:32:23,929 - hetero_ne_arbiter.py[line:170] - INFO: host gradients number: 1024"
"2019-08-24 12:32:23,929 - hetero_ne_arbiter.py[line:171] - INFO: guest gradients number: 1024"
"2019-08-24 12:32:23,944 - hetero_ne_arbiter.py[line:182] - INFO: Remote host_optim_gradient to Host"
"2019-08-24 12:32:23,959 - hetero_ne_arbiter.py[line:193] - INFO: Remote guest_optim_gradient to Guest"
"2019-08-24 12:32:24,463 - hetero_ne_arbiter.py[line:208] - INFO: Get loss from guest: 0.9327521140194999"
"2019-08-24 12:32:24,463 - hetero_ne_arbiter.py[line:137] - INFO: batch: 3"
"2019-08-24 12:32:43,431 - hetero_ne_arbiter.py[line:145] - INFO: Get host_gradient from GUEST"
"2019-08-24 12:32:44,637 - hetero_ne_arbiter.py[line:152] - INFO: Get guest_gradient from GUEST"
"2019-08-24 12:32:44,871 - hetero_ne_arbiter.py[line:170] - INFO: host gradients number: 1024"
"2019-08-24 12:32:44,872 - hetero_ne_arbiter.py[line:171] - INFO: guest gradients number: 1024"
"2019-08-24 12:32:44,900 - hetero_ne_arbiter.py[line:182] - INFO: Remote host_optim_gradient to Host"
"2019-08-24 12:32:44,916 - hetero_ne_arbiter.py[line:193] - INFO: Remote guest_optim_gradient to Guest"
"2019-08-24 12:32:45,551 - hetero_ne_arbiter.py[line:208] - INFO: Get loss from guest: 1.1111379788060494"
"2019-08-24 12:32:45,551 - hetero_ne_arbiter.py[line:137] - INFO: batch: 4"
"2019-08-24 12:32:53,280 - hetero_ne_arbiter.py[line:145] - INFO: Get host_gradient from GUEST"
"2019-08-24 12:32:54,084 - hetero_ne_arbiter.py[line:152] - INFO: Get guest_gradient from GUEST"
"2019-08-24 12:32:54,285 - hetero_ne_arbiter.py[line:170] - INFO: host gradients number: 344"
"2019-08-24 12:32:54,285 - hetero_ne_arbiter.py[line:171] - INFO: guest gradients number: 344"
"2019-08-24 12:32:54,307 - hetero_ne_arbiter.py[line:182] - INFO: Remote host_optim_gradient to Host"
"2019-08-24 12:32:54,329 - hetero_ne_arbiter.py[line:193] - INFO: Remote guest_optim_gradient to Guest"
"2019-08-24 12:32:55,234 - hetero_ne_arbiter.py[line:208] - INFO: Get loss from guest: 0.7209250904821719"
"2019-08-24 12:32:55,234 - hetero_ne_arbiter.py[line:215] - INFO: iter loss: 0.8644748368149866"
"2019-08-24 12:32:56,172 - hetero_ne_arbiter.py[line:268] - INFO: Remote is_stop to host: False"
"2019-08-24 12:32:56,205 - hetero_ne_arbiter.py[line:278] - INFO: Remote is_stop to guest: False"
"2019-08-24 12:32:56,205 - hetero_ne_arbiter.py[line:88] - INFO: iter: 9"
"2019-08-24 12:34:59,766 - hetero_ne_arbiter.py[line:129] - INFO: Iter 9, horizontally learning finish"
"2019-08-24 12:34:59,766 - hetero_ne_arbiter.py[line:137] - INFO: batch: 0"
"2019-08-24 12:35:18,243 - hetero_ne_arbiter.py[line:145] - INFO: Get host_gradient from GUEST"
"2019-08-24 12:35:19,047 - hetero_ne_arbiter.py[line:152] - INFO: Get guest_gradient from GUEST"
"2019-08-24 12:35:19,509 - hetero_ne_arbiter.py[line:170] - INFO: host gradients number: 1024"
"2019-08-24 12:35:19,509 - hetero_ne_arbiter.py[line:171] - INFO: guest gradients number: 1024"
"2019-08-24 12:35:19,524 - hetero_ne_arbiter.py[line:182] - INFO: Remote host_optim_gradient to Host"
"2019-08-24 12:35:19,532 - hetero_ne_arbiter.py[line:193] - INFO: Remote guest_optim_gradient to Guest"
"2019-08-24 12:35:20,035 - hetero_ne_arbiter.py[line:208] - INFO: Get loss from guest: 0.7056495465858565"
"2019-08-24 12:35:20,035 - hetero_ne_arbiter.py[line:137] - INFO: batch: 1"
"2019-08-24 12:35:39,998 - hetero_ne_arbiter.py[line:145] - INFO: Get host_gradient from GUEST"
"2019-08-24 12:35:40,902 - hetero_ne_arbiter.py[line:152] - INFO: Get guest_gradient from GUEST"
"2019-08-24 12:35:41,157 - hetero_ne_arbiter.py[line:170] - INFO: host gradients number: 1024"
"2019-08-24 12:35:41,157 - hetero_ne_arbiter.py[line:171] - INFO: guest gradients number: 1024"
"2019-08-24 12:35:41,180 - hetero_ne_arbiter.py[line:182] - INFO: Remote host_optim_gradient to Host"
"2019-08-24 12:35:41,402 - hetero_ne_arbiter.py[line:193] - INFO: Remote guest_optim_gradient to Guest"
"2019-08-24 12:35:41,704 - hetero_ne_arbiter.py[line:208] - INFO: Get loss from guest: 0.822130675489403"
"2019-08-24 12:35:41,704 - hetero_ne_arbiter.py[line:137] - INFO: batch: 2"
"2019-08-24 12:36:00,366 - hetero_ne_arbiter.py[line:145] - INFO: Get host_gradient from GUEST"
"2019-08-24 12:36:01,270 - hetero_ne_arbiter.py[line:152] - INFO: Get guest_gradient from GUEST"
"2019-08-24 12:36:01,756 - hetero_ne_arbiter.py[line:170] - INFO: host gradients number: 1024"
"2019-08-24 12:36:01,756 - hetero_ne_arbiter.py[line:171] - INFO: guest gradients number: 1024"
"2019-08-24 12:36:01,765 - hetero_ne_arbiter.py[line:182] - INFO: Remote host_optim_gradient to Host"
"2019-08-24 12:36:01,780 - hetero_ne_arbiter.py[line:193] - INFO: Remote guest_optim_gradient to Guest"
"2019-08-24 12:36:02,082 - hetero_ne_arbiter.py[line:208] - INFO: Get loss from guest: 0.9029656893042015"
"2019-08-24 12:36:02,082 - hetero_ne_arbiter.py[line:137] - INFO: batch: 3"
"2019-08-24 12:36:20,941 - hetero_ne_arbiter.py[line:145] - INFO: Get host_gradient from GUEST"
"2019-08-24 12:36:21,946 - hetero_ne_arbiter.py[line:152] - INFO: Get guest_gradient from GUEST"
"2019-08-24 12:36:22,248 - hetero_ne_arbiter.py[line:170] - INFO: host gradients number: 1024"
"2019-08-24 12:36:22,248 - hetero_ne_arbiter.py[line:171] - INFO: guest gradients number: 1024"
"2019-08-24 12:36:22,264 - hetero_ne_arbiter.py[line:182] - INFO: Remote host_optim_gradient to Host"
"2019-08-24 12:36:22,281 - hetero_ne_arbiter.py[line:193] - INFO: Remote guest_optim_gradient to Guest"
"2019-08-24 12:36:22,784 - hetero_ne_arbiter.py[line:208] - INFO: Get loss from guest: 1.076399996663089"
"2019-08-24 12:36:22,784 - hetero_ne_arbiter.py[line:137] - INFO: batch: 4"
"2019-08-24 12:36:30,613 - hetero_ne_arbiter.py[line:145] - INFO: Get host_gradient from GUEST"
"2019-08-24 12:36:31,418 - hetero_ne_arbiter.py[line:152] - INFO: Get guest_gradient from GUEST"
"2019-08-24 12:36:31,609 - hetero_ne_arbiter.py[line:170] - INFO: host gradients number: 344"
"2019-08-24 12:36:31,609 - hetero_ne_arbiter.py[line:171] - INFO: guest gradients number: 344"
"2019-08-24 12:36:31,625 - hetero_ne_arbiter.py[line:182] - INFO: Remote host_optim_gradient to Host"
"2019-08-24 12:36:31,643 - hetero_ne_arbiter.py[line:193] - INFO: Remote guest_optim_gradient to Guest"
"2019-08-24 12:36:32,146 - hetero_ne_arbiter.py[line:208] - INFO: Get loss from guest: 0.6812890856526159"
"2019-08-24 12:36:32,146 - hetero_ne_arbiter.py[line:215] - INFO: iter loss: 0.8376869987390332"
"2019-08-24 12:36:33,110 - hetero_ne_arbiter.py[line:268] - INFO: Remote is_stop to host: False"
"2019-08-24 12:36:33,143 - hetero_ne_arbiter.py[line:278] - INFO: Remote is_stop to guest: False"
"2019-08-24 12:36:33,143 - hetero_ne_arbiter.py[line:284] - INFO: Reach max iter 10 or convergence, train model finish!"
