"2019-08-24 11:58:51,091 - workflow.py[line:863] - DEBUG: The job id is hetero_network_embedding_example_standalone_20190824115846"
"2019-08-24 11:58:51,093 - workflow.py[line:865] - DEBUG: Finish eggroll and federation init"
"2019-08-24 11:58:51,093 - workflow.py[line:819] - DEBUG: finish init pipeline"
"2019-08-24 11:58:51,094 - workflow.py[line:912] - INFO: 4440 samples in host"
"2019-08-24 11:58:51,120 - workflow.py[line:210] - DEBUG: Enter host network embedding function"
"2019-08-24 11:58:51,120 - workflow.py[line:211] - DEBUG: Start intersection before network embedding"
"2019-08-24 11:58:51,120 - workflow.py[line:316] - INFO: need_intersect: true!"
"2019-08-24 11:58:51,121 - workflow.py[line:320] - INFO: Start intersection!"
"2019-08-24 11:58:51,177 - workflow.py[line:863] - DEBUG: The job id is hetero_network_embedding_example_standalone_20190824115846"
"2019-08-24 11:58:51,179 - workflow.py[line:865] - DEBUG: Finish eggroll and federation init"
"2019-08-24 11:58:51,179 - workflow.py[line:819] - DEBUG: finish init pipeline"
"2019-08-24 11:58:51,180 - workflow.py[line:912] - INFO: 4440 samples in guest"
"2019-08-24 11:58:51,206 - workflow.py[line:210] - DEBUG: Enter guest network embedding function"
"2019-08-24 11:58:51,206 - workflow.py[line:211] - DEBUG: Start intersection before network embedding"
"2019-08-24 11:58:51,206 - workflow.py[line:316] - INFO: need_intersect: true!"
"2019-08-24 11:58:51,207 - workflow.py[line:320] - INFO: Start intersection!"
"2019-08-24 11:58:51,235 - workflow.py[line:863] - DEBUG: The job id is hetero_network_embedding_example_standalone_20190824115846"
"2019-08-24 11:58:51,237 - workflow.py[line:865] - DEBUG: Finish eggroll and federation init"
"2019-08-24 11:58:51,237 - workflow.py[line:819] - DEBUG: finish init pipeline"
"2019-08-24 11:58:51,237 - workflow.py[line:214] - INFO: arbiter"
"2019-08-24 11:58:51,237 - workflow.py[line:215] - INFO: max iter: 10"
"2019-08-24 11:58:52,677 - workflow.py[line:331] - INFO: finish intersection!"
"2019-08-24 11:58:52,677 - workflow.py[line:214] - INFO: guest"
"2019-08-24 11:58:52,677 - workflow.py[line:215] - INFO: max iter: 10"
"2019-08-24 11:58:52,885 - workflow.py[line:331] - INFO: finish intersection!"
"2019-08-24 11:58:52,885 - workflow.py[line:214] - INFO: host"
"2019-08-24 11:58:52,885 - workflow.py[line:215] - INFO: max iter: 10"
"2019-08-24 12:36:33,143 - workflow.py[line:922] - DEBUG: arbiter"
"2019-08-24 12:36:33,143 - workflow.py[line:923] - INFO: Network_embedding_finish"
"2019-08-24 12:38:12,089 - workflow.py[line:922] - DEBUG: host"
"2019-08-24 12:38:12,089 - workflow.py[line:923] - INFO: Network_embedding_finish"
"2019-08-24 12:38:13,266 - workflow.py[line:922] - DEBUG: guest"
"2019-08-24 12:38:13,266 - workflow.py[line:923] - INFO: Network_embedding_finish"
