"2019-08-22 08:24:18,068 - federation.py[line:124] - DEBUG: [REMOTE] Sent hetero_network_embedding_example_standalone_20190822082413-HeteroNETransferVariable.paillier_pubkey-HeteroNETransferVariable.paillier_pubkey.0-arbiter-10000-host-9999"
"2019-08-22 08:24:18,169 - federation.py[line:124] - DEBUG: [REMOTE] Sent hetero_network_embedding_example_standalone_20190822082413-HeteroNETransferVariable.paillier_pubkey-HeteroNETransferVariable.paillier_pubkey.0-arbiter-10000-guest-10000"
"2019-08-22 08:24:18,169 - federation.py[line:145] - DEBUG: [GET] arbiter 10000 getting remote object HeteroNETransferVariable.batch_info.0 from guest [10000]"
"2019-08-22 08:24:24,202 - federation.py[line:145] - DEBUG: [GET] guest 10000 getting remote object RawIntersectTransferVariable.send_ids_host.embedding0 from host [9999]"
"2019-08-22 08:24:24,246 - federation.py[line:124] - DEBUG: [REMOTE] Sent hetero_network_embedding_example_standalone_20190822082413-RawIntersectTransferVariable.send_ids_host-RawIntersectTransferVariable.send_ids_host.embedding0-host-9999-guest-10000"
"2019-08-22 08:24:24,247 - federation.py[line:145] - DEBUG: [GET] host 9999 getting remote object RawIntersectTransferVariable.intersect_ids_guest.embedding0 from guest [10000]"
"2019-08-22 08:24:24,304 - federation.py[line:46] - DEBUG: [GET] Got hetero_network_embedding_example_standalone_20190822082413-RawIntersectTransferVariable.send_ids_host-RawIntersectTransferVariable.send_ids_host.embedding0-host-9999-guest-10000 type Table"
"2019-08-22 08:24:24,624 - federation.py[line:124] - DEBUG: [REMOTE] Sent hetero_network_embedding_example_standalone_20190822082413-RawIntersectTransferVariable.intersect_ids_guest-RawIntersectTransferVariable.intersect_ids_guest.embedding0-guest-10000-host-9999"
"2019-08-22 08:24:24,649 - federation.py[line:46] - DEBUG: [GET] Got hetero_network_embedding_example_standalone_20190822082413-RawIntersectTransferVariable.intersect_ids_guest-RawIntersectTransferVariable.intersect_ids_guest.embedding0-guest-10000-host-9999 type Table"
"2019-08-22 08:24:31,547 - federation.py[line:145] - DEBUG: [GET] guest 10000 getting remote object HeteroNETransferVariable.paillier_pubkey.0 from arbiter [10000]"
"2019-08-22 08:24:31,548 - federation.py[line:46] - DEBUG: [GET] Got hetero_network_embedding_example_standalone_20190822082413-HeteroNETransferVariable.paillier_pubkey-HeteroNETransferVariable.paillier_pubkey.0-arbiter-10000-guest-10000 type Object"
"2019-08-22 08:24:31,937 - federation.py[line:145] - DEBUG: [GET] host 9999 getting remote object HeteroNETransferVariable.paillier_pubkey.0 from arbiter [10000]"
"2019-08-22 08:24:31,937 - federation.py[line:46] - DEBUG: [GET] Got hetero_network_embedding_example_standalone_20190822082413-HeteroNETransferVariable.paillier_pubkey-HeteroNETransferVariable.paillier_pubkey.0-arbiter-10000-host-9999 type Object"
"2019-08-22 08:24:31,938 - federation.py[line:145] - DEBUG: [GET] host 9999 getting remote object HeteroNETransferVariable.batch_info.0 from guest [10000]"
"2019-08-22 08:24:43,638 - federation.py[line:124] - DEBUG: [REMOTE] Sent hetero_network_embedding_example_standalone_20190822082413-HeteroNETransferVariable.batch_info-HeteroNETransferVariable.batch_info.0-guest-10000-host-9999"
"2019-08-22 08:24:43,670 - federation.py[line:124] - DEBUG: [REMOTE] Sent hetero_network_embedding_example_standalone_20190822082413-HeteroNETransferVariable.batch_info-HeteroNETransferVariable.batch_info.0-guest-10000-arbiter-10000"
"2019-08-22 08:24:43,672 - federation.py[line:46] - DEBUG: [GET] Got hetero_network_embedding_example_standalone_20190822082413-HeteroNETransferVariable.batch_info-HeteroNETransferVariable.batch_info.0-guest-10000-arbiter-10000 type Object"
"2019-08-22 08:24:43,673 - federation.py[line:145] - DEBUG: [GET] arbiter 10000 getting remote object HeteroNETransferVariable.host_gradient.0.0.0 from guest [10000]"
"2019-08-22 08:24:43,687 - federation.py[line:46] - DEBUG: [GET] Got hetero_network_embedding_example_standalone_20190822082413-HeteroNETransferVariable.batch_info-HeteroNETransferVariable.batch_info.0-guest-10000-host-9999 type Object"
"2019-08-22 08:24:43,688 - federation.py[line:145] - DEBUG: [GET] host 9999 getting remote object HeteroNETransferVariable.batch_data_index.0.0.0 from guest [10000]"
"2019-08-22 08:24:43,689 - federation.py[line:46] - DEBUG: [GET] Got hetero_network_embedding_example_standalone_20190822082413-HeteroNETransferVariable.batch_data_index-HeteroNETransferVariable.batch_data_index.0.0.0-guest-10000-host-9999 type Table"
"2019-08-22 08:24:43,693 - federation.py[line:124] - DEBUG: [REMOTE] Sent hetero_network_embedding_example_standalone_20190822082413-HeteroNETransferVariable.batch_data_index-HeteroNETransferVariable.batch_data_index.0.0.0-guest-10000-host-9999"
"2019-08-22 08:24:51,505 - federation.py[line:124] - DEBUG: [REMOTE] Sent hetero_network_embedding_example_standalone_20190822082413-HeteroNETransferVariable.host_forward_dict-HeteroNETransferVariable.host_forward_dict.0.0.0-host-9999-guest-10000"
"2019-08-22 08:24:51,505 - federation.py[line:145] - DEBUG: [GET] host 9999 getting remote object HeteroNETransferVariable.host_optim_gradient.0.0.0 from arbiter [10000]"
"2019-08-22 08:24:51,533 - federation.py[line:145] - DEBUG: [GET] guest 10000 getting remote object HeteroNETransferVariable.host_forward_dict.0.0.0 from host [9999]"
"2019-08-22 08:24:51,534 - federation.py[line:46] - DEBUG: [GET] Got hetero_network_embedding_example_standalone_20190822082413-HeteroNETransferVariable.host_forward_dict-HeteroNETransferVariable.host_forward_dict.0.0.0-host-9999-guest-10000 type Table"
"2019-08-22 08:24:53,279 - federation.py[line:124] - DEBUG: [REMOTE] Sent hetero_network_embedding_example_standalone_20190822082413-HeteroNETransferVariable.host_gradient-HeteroNETransferVariable.host_gradient.0.0.0-guest-10000-arbiter-10000"
"2019-08-22 08:24:53,308 - federation.py[line:46] - DEBUG: [GET] Got hetero_network_embedding_example_standalone_20190822082413-HeteroNETransferVariable.host_gradient-HeteroNETransferVariable.host_gradient.0.0.0-guest-10000-arbiter-10000 type Table"
"2019-08-22 08:24:53,309 - federation.py[line:145] - DEBUG: [GET] arbiter 10000 getting remote object HeteroNETransferVariable.guest_gradient.0.0.0 from guest [10000]"
"2019-08-22 08:24:55,678 - federation.py[line:124] - DEBUG: [REMOTE] Sent hetero_network_embedding_example_standalone_20190822082413-HeteroNETransferVariable.guest_gradient-HeteroNETransferVariable.guest_gradient.0.0.0-guest-10000-arbiter-10000"
"2019-08-22 08:24:55,679 - federation.py[line:145] - DEBUG: [GET] guest 10000 getting remote object HeteroNETransferVariable.guest_optim_gradient.0.0.0 from arbiter [10000]"
"2019-08-22 08:24:55,719 - federation.py[line:46] - DEBUG: [GET] Got hetero_network_embedding_example_standalone_20190822082413-HeteroNETransferVariable.guest_gradient-HeteroNETransferVariable.guest_gradient.0.0.0-guest-10000-arbiter-10000 type Table"
"2019-08-22 08:24:56,403 - federation.py[line:124] - DEBUG: [REMOTE] Sent hetero_network_embedding_example_standalone_20190822082413-HeteroNETransferVariable.host_optim_gradient-HeteroNETransferVariable.host_optim_gradient.0.0.0-arbiter-10000-host-9999"
"2019-08-22 08:24:56,424 - federation.py[line:124] - DEBUG: [REMOTE] Sent hetero_network_embedding_example_standalone_20190822082413-HeteroNETransferVariable.guest_optim_gradient-HeteroNETransferVariable.guest_optim_gradient.0.0.0-arbiter-10000-guest-10000"
"2019-08-22 08:24:56,424 - federation.py[line:145] - DEBUG: [GET] arbiter 10000 getting remote object HeteroNETransferVariable.loss.0.0.0 from guest [10000]"
"2019-08-22 08:24:56,426 - federation.py[line:46] - DEBUG: [GET] Got hetero_network_embedding_example_standalone_20190822082413-HeteroNETransferVariable.host_optim_gradient-HeteroNETransferVariable.host_optim_gradient.0.0.0-arbiter-10000-host-9999 type Table"
"2019-08-22 08:24:56,483 - federation.py[line:46] - DEBUG: [GET] Got hetero_network_embedding_example_standalone_20190822082413-HeteroNETransferVariable.guest_optim_gradient-HeteroNETransferVariable.guest_optim_gradient.0.0.0-arbiter-10000-guest-10000 type Table"
"2019-08-22 08:24:57,822 - federation.py[line:145] - DEBUG: [GET] host 9999 getting remote object HeteroNETransferVariable.batch_data_index.0.0.1 from guest [10000]"
