"2019-08-22 07:05:32,957 - workflow.py[line:862] - DEBUG: The job id is hetero_network_embedding_example_standalone_20190822070528"
"2019-08-22 07:05:32,957 - workflow.py[line:862] - DEBUG: The job id is hetero_network_embedding_example_standalone_20190822070528"
"2019-08-22 07:05:32,959 - workflow.py[line:864] - DEBUG: Finish eggroll and federation init"
"2019-08-22 07:05:32,959 - workflow.py[line:818] - DEBUG: finish init pipeline"
"2019-08-22 07:05:32,959 - workflow.py[line:864] - DEBUG: Finish eggroll and federation init"
"2019-08-22 07:05:32,959 - workflow.py[line:818] - DEBUG: finish init pipeline"
"2019-08-22 07:05:32,961 - workflow.py[line:905] - INFO: 4440 samples in host"
"2019-08-22 07:05:32,961 - workflow.py[line:905] - INFO: 4440 samples in guest"
"2019-08-22 07:05:32,966 - workflow.py[line:210] - DEBUG: Enter host network embedding function"
"2019-08-22 07:05:32,966 - workflow.py[line:211] - DEBUG: Start intersection before network embedding"
"2019-08-22 07:05:32,966 - workflow.py[line:315] - INFO: need_intersect: true!"
"2019-08-22 07:05:32,966 - workflow.py[line:319] - INFO: Start intersection!"
"2019-08-22 07:05:32,967 - workflow.py[line:210] - DEBUG: Enter guest network embedding function"
"2019-08-22 07:05:32,967 - workflow.py[line:211] - DEBUG: Start intersection before network embedding"
"2019-08-22 07:05:32,967 - workflow.py[line:315] - INFO: need_intersect: true!"
"2019-08-22 07:05:32,967 - workflow.py[line:319] - INFO: Start intersection!"
"2019-08-22 07:05:33,132 - workflow.py[line:862] - DEBUG: The job id is hetero_network_embedding_example_standalone_20190822070528"
"2019-08-22 07:05:33,133 - workflow.py[line:864] - DEBUG: Finish eggroll and federation init"
"2019-08-22 07:05:33,134 - workflow.py[line:818] - DEBUG: finish init pipeline"
"2019-08-22 07:05:33,134 - workflow.py[line:214] - INFO: arbiter"
"2019-08-22 07:05:39,679 - workflow.py[line:330] - INFO: finish intersection!"
"2019-08-22 07:05:39,679 - workflow.py[line:214] - INFO: guest"
"2019-08-22 07:05:39,924 - workflow.py[line:330] - INFO: finish intersection!"
"2019-08-22 07:05:39,924 - workflow.py[line:214] - INFO: host"
