"2019-08-22 07:53:42,336 - workflow.py[line:862] - DEBUG: The job id is hetero_network_embedding_example_standalone_20190822075338"
"2019-08-22 07:53:42,338 - workflow.py[line:864] - DEBUG: Finish eggroll and federation init"
"2019-08-22 07:53:42,338 - workflow.py[line:818] - DEBUG: finish init pipeline"
"2019-08-22 07:53:42,340 - workflow.py[line:909] - INFO: 4440 samples in guest"
"2019-08-22 07:53:42,345 - workflow.py[line:210] - DEBUG: Enter guest network embedding function"
"2019-08-22 07:53:42,345 - workflow.py[line:211] - DEBUG: Start intersection before network embedding"
"2019-08-22 07:53:42,345 - workflow.py[line:315] - INFO: need_intersect: true!"
"2019-08-22 07:53:42,346 - workflow.py[line:319] - INFO: Start intersection!"
"2019-08-22 07:53:42,464 - workflow.py[line:862] - DEBUG: The job id is hetero_network_embedding_example_standalone_20190822075338"
"2019-08-22 07:53:42,466 - workflow.py[line:864] - DEBUG: Finish eggroll and federation init"
"2019-08-22 07:53:42,466 - workflow.py[line:818] - DEBUG: finish init pipeline"
"2019-08-22 07:53:42,468 - workflow.py[line:909] - INFO: 4440 samples in host"
"2019-08-22 07:53:42,472 - workflow.py[line:210] - DEBUG: Enter host network embedding function"
"2019-08-22 07:53:42,473 - workflow.py[line:211] - DEBUG: Start intersection before network embedding"
"2019-08-22 07:53:42,473 - workflow.py[line:315] - INFO: need_intersect: true!"
"2019-08-22 07:53:42,473 - workflow.py[line:319] - INFO: Start intersection!"
"2019-08-22 07:53:42,545 - workflow.py[line:862] - DEBUG: The job id is hetero_network_embedding_example_standalone_20190822075338"
"2019-08-22 07:53:42,547 - workflow.py[line:864] - DEBUG: Finish eggroll and federation init"
"2019-08-22 07:53:42,547 - workflow.py[line:818] - DEBUG: finish init pipeline"
"2019-08-22 07:53:42,547 - workflow.py[line:214] - INFO: arbiter"
"2019-08-22 07:53:55,644 - workflow.py[line:330] - INFO: finish intersection!"
"2019-08-22 07:53:55,644 - workflow.py[line:214] - INFO: guest"
"2019-08-22 07:53:55,644 - workflow.py[line:330] - INFO: finish intersection!"
"2019-08-22 07:53:55,645 - workflow.py[line:214] - INFO: host"
