"2019-08-22 03:21:52,945 - log_utils.py[line:104] - INFO: id:host_0_0, value: (0, 691, 1)"
"2019-08-22 03:21:52,945 - log_utils.py[line:104] - INFO: id:host_0_1, value: (0, 1009, 1)"
"2019-08-22 03:21:52,946 - log_utils.py[line:104] - INFO: id:host_0_2, value: (0, 245, 1)"
"2019-08-22 03:21:52,946 - log_utils.py[line:104] - INFO: id:host_0_3, value: (0, 722, 1)"
"2019-08-22 03:21:52,946 - log_utils.py[line:104] - INFO: id:host_0_4, value: (0, 787, 1)"
"2019-08-22 03:21:52,946 - log_utils.py[line:104] - INFO: id:host_0_5, value: (0, 783, 1)"
"2019-08-22 03:21:52,946 - log_utils.py[line:104] - INFO: id:host_0_7, value: (0, 381, 1)"
"2019-08-22 03:21:52,946 - log_utils.py[line:104] - INFO: id:host_0_8, value: (0, 713, 1)"
"2019-08-22 03:21:52,946 - log_utils.py[line:104] - INFO: id:host_0_9, value: (0, 381, 1)"
"2019-08-22 03:21:52,946 - log_utils.py[line:104] - INFO: id:host_1_0, value: (1, 1937, 1)"
"2019-08-22 03:21:52,946 - log_utils.py[line:104] - INFO: id:host_1_2, value: (1, 153, 1)"
"2019-08-22 03:21:52,947 - neighbors_sampling.py[line:132] - INFO: The number of local positive pairs: 18178"
"2019-08-22 03:21:52,947 - neighbors_sampling.py[line:135] - INFO: Negative samples num: 5"
"2019-08-22 03:21:53,691 - log_utils.py[line:104] - INFO: id:guest_0_0, value: (0, 99, 1)"
"2019-08-22 03:21:53,691 - log_utils.py[line:104] - INFO: id:guest_0_2, value: (0, 99, 1)"
"2019-08-22 03:21:53,692 - log_utils.py[line:104] - INFO: id:guest_0_3, value: (0, 931, 1)"
"2019-08-22 03:21:53,692 - log_utils.py[line:104] - INFO: id:guest_0_4, value: (0, 99, 1)"
"2019-08-22 03:21:53,692 - log_utils.py[line:104] - INFO: id:guest_0_5, value: (0, 99, 1)"
"2019-08-22 03:21:53,692 - log_utils.py[line:104] - INFO: id:guest_0_7, value: (0, 954, 1)"
"2019-08-22 03:21:53,692 - log_utils.py[line:104] - INFO: id:guest_0_9, value: (0, 954, 1)"
"2019-08-22 03:21:53,692 - log_utils.py[line:104] - INFO: id:guest_1_0, value: (1, 732, 1)"
"2019-08-22 03:21:53,692 - log_utils.py[line:104] - INFO: id:guest_1_1, value: (1, 266, 1)"
"2019-08-22 03:21:53,692 - log_utils.py[line:104] - INFO: id:guest_1_2, value: (1, 2081, 1)"
"2019-08-22 03:21:53,692 - log_utils.py[line:104] - INFO: id:guest_1_3, value: (1, 266, 1)"
"2019-08-22 03:21:53,693 - neighbors_sampling.py[line:132] - INFO: The number of local positive pairs: 18427"
"2019-08-22 03:21:53,693 - neighbors_sampling.py[line:135] - INFO: Negative samples num: 5"
"2019-08-22 03:21:59,706 - log_utils.py[line:104] - INFO: id:guest_0_0_negative_0, value: (0, 1273, -1)"
"2019-08-22 03:21:59,706 - log_utils.py[line:104] - INFO: id:host_0_0_negative_0, value: (0, 1281, -1)"
"2019-08-22 03:21:59,706 - log_utils.py[line:104] - INFO: id:guest_0_0_negative_1, value: (0, 877, -1)"
"2019-08-22 03:21:59,706 - log_utils.py[line:104] - INFO: id:host_0_0_negative_1, value: (0, 444, -1)"
"2019-08-22 03:21:59,706 - log_utils.py[line:104] - INFO: id:guest_0_0_negative_2, value: (0, 1791, -1)"
"2019-08-22 03:21:59,706 - log_utils.py[line:104] - INFO: id:host_0_0_negative_2, value: (0, 1397, -1)"
"2019-08-22 03:21:59,706 - log_utils.py[line:104] - INFO: id:guest_0_0_negative_3, value: (0, 1003, -1)"
"2019-08-22 03:21:59,706 - log_utils.py[line:104] - INFO: id:host_0_0_negative_3, value: (0, 1784, -1)"
"2019-08-22 03:21:59,706 - log_utils.py[line:104] - INFO: id:guest_0_0_negative_4, value: (0, 1042, -1)"
"2019-08-22 03:21:59,706 - log_utils.py[line:104] - INFO: id:host_0_0_negative_4, value: (0, 793, -1)"
"2019-08-22 03:21:59,706 - log_utils.py[line:104] - INFO: id:guest_0_2_negative_0, value: (0, 1439, -1)"
"2019-08-22 03:21:59,706 - log_utils.py[line:104] - INFO: id:host_0_1_negative_0, value: (0, 1801, -1)"
"2019-08-22 03:21:59,706 - log_utils.py[line:104] - INFO: id:guest_0_2_negative_1, value: (0, 2118, -1)"
"2019-08-22 03:21:59,706 - log_utils.py[line:104] - INFO: id:host_0_1_negative_1, value: (0, 2036, -1)"
"2019-08-22 03:21:59,706 - log_utils.py[line:104] - INFO: id:guest_0_2_negative_2, value: (0, 1281, -1)"
"2019-08-22 03:21:59,707 - log_utils.py[line:104] - INFO: id:host_0_1_negative_2, value: (0, 2384, -1)"
"2019-08-22 03:21:59,707 - log_utils.py[line:104] - INFO: id:guest_0_2_negative_3, value: (0, 469, -1)"
"2019-08-22 03:21:59,707 - log_utils.py[line:104] - INFO: id:host_0_1_negative_3, value: (0, 1680, -1)"
"2019-08-22 03:21:59,707 - log_utils.py[line:104] - INFO: id:guest_0_2_negative_4, value: (0, 2178, -1)"
"2019-08-22 03:21:59,707 - log_utils.py[line:104] - INFO: id:host_0_1_negative_4, value: (0, 1771, -1)"
"2019-08-22 03:21:59,707 - log_utils.py[line:104] - INFO: id:guest_0_3_negative_0, value: (0, 2802, -1)"
"2019-08-22 03:21:59,707 - log_utils.py[line:104] - INFO: id:host_0_2_negative_0, value: (0, 1921, -1)"
"2019-08-22 03:21:59,707 - neighbors_sampling.py[line:104] - INFO: distribution len: 2319, max:(390, 0.0053644794497539165)"
"2019-08-22 03:21:59,707 - neighbors_sampling.py[line:104] - INFO: distribution len: 2358, max:(390, 0.004777391792522355)"
"2019-08-22 03:21:59,708 - neighbors_sampling.py[line:137] - INFO: The number of local negative pairs: 92135"
"2019-08-22 03:21:59,708 - neighbors_sampling.py[line:137] - INFO: The number of local negative pairs: 90890"
"2019-08-22 03:22:00,968 - neighbors_sampling.py[line:141] - INFO: The number of total local pairs: 110562"
"2019-08-22 03:22:00,972 - neighbors_sampling.py[line:141] - INFO: The number of total local pairs: 109068"
"2019-08-22 03:22:27,130 - neighbors_sampling.py[line:283] - INFO: Generate the distributed host samples for guest"
"2019-08-22 03:22:27,350 - neighbors_sampling.py[line:246] - INFO: Generate the distributed host samples for host"
"2019-08-22 03:22:27,426 - neighbors_sampling.py[line:290] - INFO: Remote numbers to host"
"2019-08-22 03:22:27,454 - neighbors_sampling.py[line:250] - INFO: Get numbers from guest"
"2019-08-22 03:22:27,771 - neighbors_sampling.py[line:198] - INFO: bridge_instances count:244"
"2019-08-22 03:22:28,646 - neighbors_sampling.py[line:206] - INFO: sample_ids_instances count:244"
"2019-08-22 03:22:28,651 - neighbors_sampling.py[line:254] - INFO: distributed_instances count:740"
"2019-08-22 03:22:28,734 - neighbors_sampling.py[line:295] - INFO: Get generated distributed samples' id from host"
"2019-08-22 03:22:28,740 - neighbors_sampling.py[line:261] - INFO: Remote generated distributed samples' id to guest"
"2019-08-22 03:22:28,741 - neighbors_sampling.py[line:283] - INFO: Generate the distributed guest samples for host"
"2019-08-22 03:22:29,738 - neighbors_sampling.py[line:290] - INFO: Remote numbers to guest"
"2019-08-22 03:22:29,836 - neighbors_sampling.py[line:300] - INFO: The number of host distributed_instances:740"
"2019-08-22 03:22:29,837 - neighbors_sampling.py[line:246] - INFO: Generate the distributed guest samples for guest"
"2019-08-22 03:22:29,839 - neighbors_sampling.py[line:250] - INFO: Get numbers from host"
"2019-08-22 03:22:30,079 - neighbors_sampling.py[line:198] - INFO: bridge_instances count:244"
"2019-08-22 03:22:31,235 - neighbors_sampling.py[line:206] - INFO: sample_ids_instances count:244"
"2019-08-22 03:22:31,240 - neighbors_sampling.py[line:254] - INFO: distributed_instances count:740"
"2019-08-22 03:22:31,307 - neighbors_sampling.py[line:261] - INFO: Remote generated distributed samples' id to host"
"2019-08-22 03:22:31,346 - neighbors_sampling.py[line:295] - INFO: Get generated distributed samples' id from guest"
"2019-08-22 03:22:31,870 - neighbors_sampling.py[line:300] - INFO: The number of guest distributed_instances:740"
"2019-08-22 03:22:35,596 - neighbors_sampling.py[line:333] - INFO: Remote the distributed negative instances id to guest from host"
"2019-08-22 03:22:35,596 - neighbors_sampling.py[line:334] - INFO: Distributed negative instances count: 3700"
"2019-08-22 03:22:35,597 - log_utils.py[line:104] - INFO: id:host_25_0_0_negative_0, value: 357"
"2019-08-22 03:22:35,597 - log_utils.py[line:104] - INFO: id:host_25_0_0_negative_1, value: 357"
"2019-08-22 03:22:35,597 - log_utils.py[line:104] - INFO: id:host_25_0_0_negative_2, value: 357"
"2019-08-22 03:22:35,597 - log_utils.py[line:104] - INFO: id:host_25_0_0_negative_3, value: 357"
"2019-08-22 03:22:35,597 - log_utils.py[line:104] - INFO: id:host_25_0_0_negative_4, value: 357"
"2019-08-22 03:22:35,597 - log_utils.py[line:104] - INFO: id:host_35_0_0_negative_0, value: 92"
"2019-08-22 03:22:35,597 - log_utils.py[line:104] - INFO: id:host_35_0_0_negative_1, value: 92"
"2019-08-22 03:22:35,597 - log_utils.py[line:104] - INFO: id:host_35_0_0_negative_2, value: 92"
"2019-08-22 03:22:35,598 - log_utils.py[line:104] - INFO: id:host_35_0_0_negative_3, value: 92"
"2019-08-22 03:22:35,598 - log_utils.py[line:104] - INFO: id:host_35_0_0_negative_4, value: 92"
"2019-08-22 03:22:35,598 - log_utils.py[line:104] - INFO: id:host_40_0_0_negative_0, value: 849"
"2019-08-22 03:22:35,626 - neighbors_sampling.py[line:355] - INFO: Get distributed nagative samples from host"
"2019-08-22 03:22:35,627 - neighbors_sampling.py[line:357] - INFO: id:host_25_0_0_negative_0"
"2019-08-22 03:22:35,627 - neighbors_sampling.py[line:357] - INFO: id:host_25_0_0_negative_1"
"2019-08-22 03:22:35,627 - neighbors_sampling.py[line:357] - INFO: id:host_25_0_0_negative_2"
"2019-08-22 03:22:35,627 - neighbors_sampling.py[line:357] - INFO: id:host_25_0_0_negative_3"
"2019-08-22 03:22:35,627 - neighbors_sampling.py[line:357] - INFO: id:host_25_0_0_negative_4"
"2019-08-22 03:22:35,627 - neighbors_sampling.py[line:357] - INFO: id:host_35_0_0_negative_0"
"2019-08-22 03:22:35,627 - neighbors_sampling.py[line:357] - INFO: id:host_35_0_0_negative_1"
"2019-08-22 03:22:35,627 - neighbors_sampling.py[line:357] - INFO: id:host_35_0_0_negative_2"
"2019-08-22 03:22:35,627 - neighbors_sampling.py[line:357] - INFO: id:host_35_0_0_negative_3"
"2019-08-22 03:22:35,627 - neighbors_sampling.py[line:357] - INFO: id:host_35_0_0_negative_4"
"2019-08-22 03:24:15,913 - log_utils.py[line:104] - INFO: id:host_25_0_0_negative_0, value: (2020, -1)"
"2019-08-22 03:24:15,913 - log_utils.py[line:104] - INFO: id:host_25_0_0_negative_1, value: (2357, -1)"
"2019-08-22 03:24:15,913 - log_utils.py[line:104] - INFO: id:host_25_0_0_negative_2, value: (1124, -1)"
"2019-08-22 03:24:15,913 - log_utils.py[line:104] - INFO: id:host_25_0_0_negative_3, value: (1128, -1)"
"2019-08-22 03:24:15,913 - log_utils.py[line:104] - INFO: id:host_25_0_0_negative_4, value: (887, -1)"
"2019-08-22 03:24:15,914 - log_utils.py[line:104] - INFO: id:host_35_0_0_negative_0, value: (720, -1)"
"2019-08-22 03:24:22,226 - neighbors_sampling.py[line:355] - INFO: Get distributed nagative samples from guest"
"2019-08-22 03:24:22,226 - neighbors_sampling.py[line:357] - INFO: id:guest_25_0_0_negative_0"
"2019-08-22 03:24:22,226 - neighbors_sampling.py[line:357] - INFO: id:guest_25_0_0_negative_1"
"2019-08-22 03:24:22,226 - neighbors_sampling.py[line:357] - INFO: id:guest_25_0_0_negative_2"
"2019-08-22 03:24:22,226 - neighbors_sampling.py[line:357] - INFO: id:guest_25_0_0_negative_3"
"2019-08-22 03:24:22,226 - neighbors_sampling.py[line:357] - INFO: id:guest_25_0_0_negative_4"
"2019-08-22 03:24:22,226 - neighbors_sampling.py[line:357] - INFO: id:guest_35_0_0_negative_0"
"2019-08-22 03:24:22,227 - neighbors_sampling.py[line:357] - INFO: id:guest_35_0_0_negative_1"
"2019-08-22 03:24:22,227 - neighbors_sampling.py[line:357] - INFO: id:guest_35_0_0_negative_2"
"2019-08-22 03:24:22,227 - neighbors_sampling.py[line:357] - INFO: id:guest_35_0_0_negative_3"
"2019-08-22 03:24:22,227 - neighbors_sampling.py[line:357] - INFO: id:guest_35_0_0_negative_4"
"2019-08-22 03:24:22,232 - neighbors_sampling.py[line:333] - INFO: Remote the distributed negative instances id to host from guest"
"2019-08-22 03:24:22,232 - neighbors_sampling.py[line:334] - INFO: Distributed negative instances count: 3700"
"2019-08-22 03:24:22,233 - log_utils.py[line:104] - INFO: id:guest_25_0_0_negative_0, value: 683"
"2019-08-22 03:24:22,233 - log_utils.py[line:104] - INFO: id:guest_25_0_0_negative_1, value: 683"
"2019-08-22 03:24:22,233 - log_utils.py[line:104] - INFO: id:guest_25_0_0_negative_2, value: 683"
"2019-08-22 03:24:22,233 - log_utils.py[line:104] - INFO: id:guest_25_0_0_negative_3, value: 683"
"2019-08-22 03:24:22,233 - log_utils.py[line:104] - INFO: id:guest_25_0_0_negative_4, value: 683"
"2019-08-22 03:24:22,233 - log_utils.py[line:104] - INFO: id:guest_35_0_0_negative_0, value: 500"
"2019-08-22 03:24:22,233 - log_utils.py[line:104] - INFO: id:guest_35_0_0_negative_1, value: 500"
"2019-08-22 03:24:22,234 - log_utils.py[line:104] - INFO: id:guest_35_0_0_negative_2, value: 500"
"2019-08-22 03:24:22,234 - log_utils.py[line:104] - INFO: id:guest_35_0_0_negative_3, value: 500"
"2019-08-22 03:24:22,234 - log_utils.py[line:104] - INFO: id:guest_35_0_0_negative_4, value: 500"
"2019-08-22 03:24:22,234 - log_utils.py[line:104] - INFO: id:guest_40_0_0_negative_0, value: 480"
"2019-08-22 03:25:48,065 - log_utils.py[line:104] - INFO: id:guest_25_0_0_negative_0, value: (1631, -1)"
"2019-08-22 03:25:48,065 - log_utils.py[line:104] - INFO: id:guest_25_0_0_negative_1, value: (1735, -1)"
"2019-08-22 03:25:48,065 - log_utils.py[line:104] - INFO: id:guest_25_0_0_negative_2, value: (3128, -1)"
"2019-08-22 03:25:48,065 - log_utils.py[line:104] - INFO: id:guest_25_0_0_negative_3, value: (2418, -1)"
"2019-08-22 03:25:48,066 - log_utils.py[line:104] - INFO: id:guest_25_0_0_negative_4, value: (3002, -1)"
"2019-08-22 03:25:48,066 - log_utils.py[line:104] - INFO: id:guest_35_0_0_negative_0, value: (1236, -1)"
