"2019-08-22 03:21:48,444 - workflow.py[line:861] - DEBUG: The job id is neighbors_sampling_example_standalone_20190822032144"
"2019-08-22 03:21:48,446 - workflow.py[line:863] - DEBUG: Finish eggroll and federation init"
"2019-08-22 03:21:48,446 - workflow.py[line:817] - DEBUG: finish init pipeline"
"2019-08-22 03:21:48,446 - workflow.py[line:911] - DEBUG: In running function, enter neighbors sampling"
"2019-08-22 03:21:48,446 - workflow.py[line:915] - DEBUG: [Neighbors sampling]Input table:citeseer_guest_neighbors_sampling_neighbors_sampling_example_standalone_20190822032144, input namespace:example_data_namespace"
"2019-08-22 03:21:48,446 - workflow.py[line:792] - DEBUG: mode is fit"
"2019-08-22 03:21:48,476 - workflow.py[line:861] - DEBUG: The job id is neighbors_sampling_example_standalone_20190822032144"
"2019-08-22 03:21:48,477 - workflow.py[line:863] - DEBUG: Finish eggroll and federation init"
"2019-08-22 03:21:48,477 - workflow.py[line:817] - DEBUG: finish init pipeline"
"2019-08-22 03:21:48,478 - workflow.py[line:911] - DEBUG: In running function, enter neighbors sampling"
"2019-08-22 03:21:48,478 - workflow.py[line:915] - DEBUG: [Neighbors sampling]Input table:citeseer_host_neighbors_sampling_neighbors_sampling_example_standalone_20190822032144, input namespace:example_data_namespace"
"2019-08-22 03:21:48,478 - workflow.py[line:792] - DEBUG: mode is fit"
"2019-08-22 03:21:49,945 - workflow.py[line:921] - INFO: Obtain adjlist for each node for guest!"
"2019-08-22 03:21:49,946 - workflow.py[line:922] - INFO: There are 2358 nodes in guest"
"2019-08-22 03:21:49,946 - workflow.py[line:925] - INFO: Map node to id:"
"2019-08-22 03:21:49,951 - workflow.py[line:921] - INFO: Obtain adjlist for each node for host!"
"2019-08-22 03:21:49,951 - workflow.py[line:922] - INFO: There are 2319 nodes in host"
"2019-08-22 03:21:49,952 - workflow.py[line:925] - INFO: Map node to id:"
"2019-08-22 03:21:49,993 - workflow.py[line:936] - INFO: Enter the procedure of local neighbors sampling:"
"2019-08-22 03:21:50,004 - workflow.py[line:936] - INFO: Enter the procedure of local neighbors sampling:"
"2019-08-22 03:22:06,710 - workflow.py[line:942] - INFO: Local sampling samples count for host is 109068"
"2019-08-22 03:22:06,710 - workflow.py[line:942] - INFO: Local sampling samples count for guest is 110562"
"2019-08-22 03:22:06,710 - workflow.py[line:943] - INFO: Local sampling results for host saved in namespace: neighbors_samples/local_samples, name: host"
"2019-08-22 03:22:06,710 - workflow.py[line:943] - INFO: Local sampling results for guest saved in namespace: neighbors_samples/local_samples, name: guest"
"2019-08-22 03:22:06,710 - workflow.py[line:946] - INFO: Enter the procedure of distributed neighbors sampling:"
"2019-08-22 03:22:06,710 - workflow.py[line:946] - INFO: Enter the procedure of distributed neighbors sampling:"
"2019-08-22 03:22:06,710 - workflow.py[line:947] - INFO: Alignment nodes from two parties:"
"2019-08-22 03:22:06,710 - workflow.py[line:947] - INFO: Alignment nodes from two parties:"
"2019-08-22 03:22:06,710 - workflow.py[line:314] - INFO: need_intersect: true!"
"2019-08-22 03:22:06,710 - workflow.py[line:314] - INFO: need_intersect: true!"
"2019-08-22 03:22:06,711 - workflow.py[line:318] - INFO: Start intersection!"
"2019-08-22 03:22:06,711 - workflow.py[line:318] - INFO: Start intersection!"
"2019-08-22 03:22:17,338 - workflow.py[line:329] - INFO: finish intersection!"
"2019-08-22 03:22:17,347 - workflow.py[line:950] - INFO: The number of common nodes: 1413"
"2019-08-22 03:22:17,461 - workflow.py[line:329] - INFO: finish intersection!"
"2019-08-22 03:22:17,470 - workflow.py[line:950] - INFO: The number of common nodes: 1413"
"2019-08-22 03:22:18,265 - workflow.py[line:314] - INFO: need_intersect: true!"
"2019-08-22 03:22:18,265 - workflow.py[line:318] - INFO: Start intersection!"
"2019-08-22 03:22:18,442 - workflow.py[line:314] - INFO: need_intersect: true!"
"2019-08-22 03:22:18,442 - workflow.py[line:318] - INFO: Start intersection!"
"2019-08-22 03:22:27,118 - workflow.py[line:329] - INFO: finish intersection!"
"2019-08-22 03:22:27,128 - workflow.py[line:955] - INFO: The number of bridge nodes: 244"
"2019-08-22 03:22:27,129 - log_utils.py[line:102] - INFO: id: 25, value: [683]"
"2019-08-22 03:22:27,129 - log_utils.py[line:102] - INFO: id: 35, value: [500]"
"2019-08-22 03:22:27,129 - log_utils.py[line:102] - INFO: id: 40, value: [480, 177, 148]"
"2019-08-22 03:22:27,129 - log_utils.py[line:102] - INFO: id: 57, value: [1536]"
"2019-08-22 03:22:27,129 - log_utils.py[line:102] - INFO: id: 86, value: [626]"
"2019-08-22 03:22:27,129 - log_utils.py[line:102] - INFO: id: 96, value: [997]"
"2019-08-22 03:22:27,338 - workflow.py[line:329] - INFO: finish intersection!"
"2019-08-22 03:22:27,349 - workflow.py[line:955] - INFO: The number of bridge nodes: 244"
"2019-08-22 03:22:27,349 - log_utils.py[line:102] - INFO: id: 25, value: [357]"
"2019-08-22 03:22:27,349 - log_utils.py[line:102] - INFO: id: 35, value: [92]"
"2019-08-22 03:22:27,350 - log_utils.py[line:102] - INFO: id: 40, value: [849]"
"2019-08-22 03:22:27,350 - log_utils.py[line:102] - INFO: id: 57, value: [1981]"
"2019-08-22 03:22:27,350 - log_utils.py[line:102] - INFO: id: 86, value: [585]"
"2019-08-22 03:22:27,350 - log_utils.py[line:102] - INFO: id: 96, value: [913]"
"2019-08-22 03:24:24,302 - workflow.py[line:970] - INFO: Distributed sampling target results for host saved in namespace: neighbors_samples/distributed_samples/guest, name: target"
"2019-08-22 03:24:25,600 - workflow.py[line:978] - INFO: Distributed sampling anchor results for guest saved in namespace: neighbors_samples/distributed_samples/guest, name: anchor"
"2019-08-22 03:25:49,625 - workflow.py[line:970] - INFO: Distributed sampling target results for guest saved in namespace: neighbors_samples/distributed_samples/host, name: target"
"2019-08-22 03:25:50,343 - workflow.py[line:978] - INFO: Distributed sampling anchor results for host saved in namespace: neighbors_samples/distributed_samples/host, name: anchor"
"2019-08-22 03:25:50,343 - workflow.py[line:981] - INFO: Neighbors_sampling_finish"
